<?xml version="1.0" encoding="utf-8"?>
<TestRun id="5f7ca6e6-ff2f-4eae-8c24-5a01fb353d11" name="ComputerName@ComputerName 2024-05-08 09:40:51" runUser="EUROPE\ComputerName" xmlns="http://microsoft.com/schemas/VisualStudio/TeamTest/2010">
  <Times creation="2024-05-08T09:40:51.0399089+02:00" queuing="2024-05-08T09:40:51.0399095+02:00" start="2024-05-08T09:40:47.5390978+02:00" finish="2024-05-08T09:41:07.4500755+02:00" />
  <TestSettings name="default" id="5de1ccd2-f2b9-46c3-93de-5208cce40d37">
    <Deployment runDeploymentRoot="ComputerName_ComputerName_2024-05-08_09_40_51" />
  </TestSettings>
  <Results>
    <UnitTestResult executionId="a13556fe-9433-4f5f-bf56-910d1b65764b" testId="311df49c-5c55-4c01-e498-9e17ccd7690e" testName="Microsoft.VisualStudio.Services.Agent.Tests.Worker.TestResults.TrxReaderTests.VerifyNoCoverageSourceFilesAndPdbsAreAddedAsRunLevelAttachmentsIfSkipFlagIsSet" computerName="ComputerName" duration="00:00:00.0457440" startTime="2024-05-08T09:40:55.2777875+02:00" endTime="2024-05-08T09:40:55.2777876+02:00" testType="13cdc9d9-ddb5-4fa4-a97d-d965ccfc6d4b" outcome="Passed" testListId="8c84fa94-04c1-424b-9868-57a2d4851a1d" relativeResultsDirectory="a13556fe-9433-4f5f-bf56-910d1b65764b" />
    <UnitTestResult executionId="cf9adb43-22b9-4be7-ad7f-ff731505712d" testId="25188a79-9596-a057-a35c-cd3ab2819699" testName="Test.L0.Worker.Handlers.ProcessHandlerHelperL0.ArgsValidation_Passes(inputArgs: &quot;%%var%%&quot;, envVarValue: &quot;1&quot;)" computerName="ComputerName" duration="00:00:00.0001934" startTime="2024-05-08T09:40:51.1089429+02:00" endTime="2024-05-08T09:40:51.1089431+02:00" testType="13cdc9d9-ddb5-4fa4-a97d-d965ccfc6d4b" outcome="Passed" testListId="8c84fa94-04c1-424b-9868-57a2d4851a1d" relativeResultsDirectory="cf9adb43-22b9-4be7-ad7f-ff731505712d" />
    <UnitTestResult executionId="bfab3781-f7bd-42e8-856c-7333110d113e" testId="85fd67a0-000d-81e3-8852-45c2c6a9b034" testName="Microsoft.VisualStudio.Services.Agent.Tests.Listener.AgentL0.TestConfigureCLI(arg: &quot;remove&quot;, IsConfigured: True, expected: 0)" computerName="ComputerName" duration="00:00:00.0650934" startTime="2024-05-08T09:40:51.6230622+02:00" endTime="2024-05-08T09:40:51.6230623+02:00" testType="13cdc9d9-ddb5-4fa4-a97d-d965ccfc6d4b" outcome="Passed" testListId="8c84fa94-04c1-424b-9868-57a2d4851a1d" relativeResultsDirectory="bfab3781-f7bd-42e8-856c-7333110d113e" />
    <UnitTestResult executionId="cb0e5019-34fa-49ca-8f4a-3aa12aaed582" testId="e1a727d9-02dd-90f4-e055-0243bfaa4e7c" testName="Microsoft.VisualStudio.Services.Agent.Tests.Worker.Results.CTestResultReaderTests.VerifyStackTraceForFailedTest" computerName="ComputerName" duration="00:00:00.0285488" startTime="2024-05-08T09:40:54.0812692+02:00" endTime="2024-05-08T09:40:54.0812693+02:00" testType="13cdc9d9-ddb5-4fa4-a97d-d965ccfc6d4b" outcome="Passed" testListId="8c84fa94-04c1-424b-9868-57a2d4851a1d" relativeResultsDirectory="cb0e5019-34fa-49ca-8f4a-3aa12aaed582" />
    <UnitTestResult executionId="f5811214-8bf1-4b9e-ade7-f8b2e1846a07" testId="3a038b8a-660f-1417-98ef-9c4e2b5005c8" testName="Microsoft.VisualStudio.Services.Agent.Tests.Util.IOUtilL0.DeleteFile_DeletesReadOnlyFile" computerName="ComputerName" duration="00:00:00.0061975" startTime="2024-05-08T09:40:56.4916340+02:00" endTime="2024-05-08T09:40:56.4916341+02:00" testType="13cdc9d9-ddb5-4fa4-a97d-d965ccfc6d4b" outcome="Passed" testListId="8c84fa94-04c1-424b-9868-57a2d4851a1d" relativeResultsDirectory="f5811214-8bf1-4b9e-ade7-f8b2e1846a07" />
    <UnitTestResult executionId="bbfcdf99-e146-4116-b6df-53e407bca4f4" testId="75378ef4-e1d4-e687-b726-0abb76cc6ed2" testName="Microsoft.VisualStudio.Services.Agent.Tests.Worker.TestResults.JunitResultReaderTests.VerifyCompletedTimeWhenTimeIsInvalid" computerName="ComputerName" duration="00:00:00.0068767" startTime="2024-05-08T09:40:55.0582636+02:00" endTime="2024-05-08T09:40:55.0582638+02:00" testType="13cdc9d9-ddb5-4fa4-a97d-d965ccfc6d4b" outcome="Passed" testListId="8c84fa94-04c1-424b-9868-57a2d4851a1d" relativeResultsDirectory="bbfcdf99-e146-4116-b6df-53e407bca4f4" />
    <UnitTestResult executionId="2b0a0731-c5aa-48dd-b39f-b85d85057e83" testId="511bae8f-f87d-7ce1-0d74-6e3e99c5e506" testName="Microsoft.VisualStudio.Services.Agent.Tests.Worker.Release.ReleaseJobExtensionL0.PreapreAsyncShouldInitializeAgentIfSkipArtifactDownloadIsTrueAndReleaseDefinitionIdIsNull" computerName="ComputerName" duration="00:00:00.0437125" startTime="2024-05-08T09:40:53.9707360+02:00" endTime="2024-05-08T09:40:53.9707362+02:00" testType="13cdc9d9-ddb5-4fa4-a97d-d965ccfc6d4b" outcome="Passed" testListId="8c84fa94-04c1-424b-9868-57a2d4851a1d" relativeResultsDirectory="2b0a0731-c5aa-48dd-b39f-b85d85057e83" />
    <UnitTestResult executionId="a22f74fc-c6da-4d1a-b615-5ef1a19d7fbb" testId="73be1a2f-068c-f45c-623a-791da701ffbc" testName="Microsoft.VisualStudio.Services.Agent.Tests.Worker.Results.CTestResultReaderTests.ResultsWithoutMandatoryFieldsAreSkippedCTest" computerName="ComputerName" duration="00:00:00.0580934" startTime="2024-05-08T09:40:54.2067417+02:00" endTime="2024-05-08T09:40:54.2067420+02:00" testType="13cdc9d9-ddb5-4fa4-a97d-d965ccfc6d4b" outcome="Passed" testListId="8c84fa94-04c1-424b-9868-57a2d4851a1d" relativeResultsDirectory="a22f74fc-c6da-4d1a-b615-5ef1a19d7fbb" />
    <UnitTestResult executionId="e97b2a36-f0c1-4c90-a32c-52b27eef50c3" testId="da682938-b128-9673-6b1a-14f7f114832f" testName="Microsoft.VisualStudio.Services.Agent.Tests.Worker.CodeCoverage.CoberturaSummaryReaderTests.VerifyCoberturaCoverageStatisticsForValidSummaryFile" computerName="ComputerName" duration="00:00:00.0622598" startTime="2024-05-08T09:40:53.1792644+02:00" endTime="2024-05-08T09:40:53.1792645+02:00" testType="13cdc9d9-ddb5-4fa4-a97d-d965ccfc6d4b" outcome="Passed" testListId="8c84fa94-04c1-424b-9868-57a2d4851a1d" relativeResultsDirectory="e97b2a36-f0c1-4c90-a32c-52b27eef50c3" />
    <UnitTestResult executionId="f7656a36-838f-4dfd-a6c0-650387de285e" testId="05894846-389a-3f19-9895-712017fdee7b" testName="Microsoft.VisualStudio.Services.Agent.Tests.Listener.AgentL0.TestConfigureCLI(arg: &quot;remove&quot;, IsConfigured: False, expected: 0)" computerName="ComputerName" duration="00:00:00.0187229" startTime="2024-05-08T09:40:51.7302995+02:00" endTime="2024-05-08T09:40:51.7302997+02:00" testType="13cdc9d9-ddb5-4fa4-a97d-d965ccfc6d4b" outcome="Passed" testListId="8c84fa94-04c1-424b-9868-57a2d4851a1d" relativeResultsDirectory="f7656a36-838f-4dfd-a6c0-650387de285e" />
    <UnitTestResult executionId="46551cb8-f770-4fff-94e0-3f5c2e066a60" testId="b3254095-e399-e782-8521-f5588cb5dbff" testName="Microsoft.VisualStudio.Services.Agent.Tests.Listener.PipelineParserL0.CheckoutStep" computerName="ComputerName" duration="00:00:00.0045343" startTime="2024-05-08T09:40:54.3943138+02:00" endTime="2024-05-08T09:40:54.3943138+02:00" testType="13cdc9d9-ddb5-4fa4-a97d-d965ccfc6d4b" outcome="Passed" testListId="8c84fa94-04c1-424b-9868-57a2d4851a1d" relativeResultsDirectory="46551cb8-f770-4fff-94e0-3f5c2e066a60" />
    <UnitTestResult executionId="563c9afb-9c21-49e7-b604-5e878f20b74f" testId="38979ce7-ea12-2e83-8f59-5528d01b2c3a" testName="Microsoft.VisualStudio.Services.Agent.Tests.Worker.Build.BuildJobExtensionL0.CheckMultiRepoWithPathInputToCustomPath" computerName="ComputerName" duration="00:00:00.0873971" startTime="2024-05-08T09:40:54.2200190+02:00" endTime="2024-05-08T09:40:54.2200191+02:00" testType="13cdc9d9-ddb5-4fa4-a97d-d965ccfc6d4b" outcome="Passed" testListId="8c84fa94-04c1-424b-9868-57a2d4851a1d" relativeResultsDirectory="563c9afb-9c21-49e7-b604-5e878f20b74f" />
    <UnitTestResult executionId="c660ab9f-3064-47ea-af7b-bafc17b75c85" testId="2ab54dc2-9067-7595-a0ab-dd132d2eb641" testName="Microsoft.VisualStudio.Services.Agent.Tests.HostContextL0.UrlSecretsAreMasked(input: &quot;https://user:pass@example.com:8080/path\nhttps://u&quot;..., expected: &quot;https://user:***@example.com:8080/path\nhttps://us&quot;...)" computerName="ComputerName" duration="00:00:00.0162029" startTime="2024-05-08T09:40:52.3272093+02:00" endTime="2024-05-08T09:40:52.3272095+02:00" testType="13cdc9d9-ddb5-4fa4-a97d-d965ccfc6d4b" outcome="Passed" testListId="8c84fa94-04c1-424b-9868-57a2d4851a1d" relativeResultsDirectory="c660ab9f-3064-47ea-af7b-bafc17b75c85" />
    <UnitTestResult executionId="eec90581-20bf-48c3-bbb0-96b879fd9c4b" testId="f5736cc7-a23e-4c17-2666-159ac66d66ac" testName="Microsoft.VisualStudio.Services.Agent.Tests.Worker.ExpressionManagerL0.CanceledFunction" computerName="ComputerName" duration="00:00:00.0204669" startTime="2024-05-08T09:40:53.1120176+02:00" endTime="2024-05-08T09:40:53.1120203+02:00" testType="13cdc9d9-ddb5-4fa4-a97d-d965ccfc6d4b" outcome="Passed" testListId="8c84fa94-04c1-424b-9868-57a2d4851a1d" relativeResultsDirectory="eec90581-20bf-48c3-bbb0-96b879fd9c4b" />
    <UnitTestResult executionId="1ced6a9a-ab09-4e05-b6e3-f8d4605dcf3f" testId="4bba233d-13a9-ee40-0c1a-5b9716328b2f" testName="Microsoft.VisualStudio.Services.Agent.Tests.Util.ArgUtilL0.Equal_MatchesReferenceEquality" computerName="ComputerName" duration="00:00:00.0024711" startTime="2024-05-08T09:40:54.9263915+02:00" endTime="2024-05-08T09:40:54.9263916+02:00" testType="13cdc9d9-ddb5-4fa4-a97d-d965ccfc6d4b" outcome="Passed" testListId="8c84fa94-04c1-424b-9868-57a2d4851a1d" relativeResultsDirectory="1ced6a9a-ab09-4e05-b6e3-f8d4605dcf3f" />
    <UnitTestResult executionId="6d9c9c49-a3b5-472e-bd70-c94974ca9354" testId="d9ad0c09-af8c-7d65-3631-85cab3404b72" testName="Microsoft.VisualStudio.Services.Agent.Tests.CommandSettingsL0.GetsFlagAddDeploymentGroupTagsBackCompat" computerName="ComputerName" duration="00:00:00.0231573" startTime="2024-05-08T09:40:51.7923179+02:00" endTime="2024-05-08T09:40:51.7923180+02:00" testType="13cdc9d9-ddb5-4fa4-a97d-d965ccfc6d4b" outcome="Passed" testListId="8c84fa94-04c1-424b-9868-57a2d4851a1d" relativeResultsDirectory="6d9c9c49-a3b5-472e-bd70-c94974ca9354" />
    <UnitTestResult executionId="ea03f6e6-03db-4605-90f9-7ca09ac4acff" testId="75c58202-7455-7227-9d0e-3dedf5ef60ec" testName="Microsoft.VisualStudio.Services.Agent.Tests.Worker.TestResults.NunitResultReaderTests.CheckDurationIsSetToZeroIfNegative" computerName="ComputerName" duration="00:00:00.0342026" startTime="2024-05-08T09:40:53.0091668+02:00" endTime="2024-05-08T09:40:53.0091669+02:00" testType="13cdc9d9-ddb5-4fa4-a97d-d965ccfc6d4b" outcome="Passed" testListId="8c84fa94-04c1-424b-9868-57a2d4851a1d" relativeResultsDirectory="ea03f6e6-03db-4605-90f9-7ca09ac4acff" />
    <UnitTestResult executionId="18fec603-0158-4dad-853e-4023f5bdae62" testId="f3354edd-9300-bccb-877b-beb1e34794ef" testName="Microsoft.VisualStudio.Services.Agent.Tests.Worker.TaskCommandExtensionL0.SetEndpointIdWithoutEndpointKey" computerName="ComputerName" duration="00:00:00.0090246" startTime="2024-05-08T09:40:52.9843304+02:00" endTime="2024-05-08T09:40:52.9843305+02:00" testType="13cdc9d9-ddb5-4fa4-a97d-d965ccfc6d4b" outcome="Passed" testListId="8c84fa94-04c1-424b-9868-57a2d4851a1d" relativeResultsDirectory="18fec603-0158-4dad-853e-4023f5bdae62" />
    <UnitTestResult executionId="ce46397e-cf12-4885-b3eb-a420e3398dd3" testId="2d7f93b9-dd64-3095-f956-6f4fda594685" testName="Microsoft.VisualStudio.Services.Agent.Tests.Worker.TestResults.ParserTests.PublishNUnitResultFile" computerName="ComputerName" duration="00:00:00.0486426" startTime="2024-05-08T09:40:51.2525441+02:00" endTime="2024-05-08T09:40:51.2525442+02:00" testType="13cdc9d9-ddb5-4fa4-a97d-d965ccfc6d4b" outcome="Passed" testListId="8c84fa94-04c1-424b-9868-57a2d4851a1d" relativeResultsDirectory="ce46397e-cf12-4885-b3eb-a420e3398dd3" />
    <UnitTestResult executionId="508a2a0d-c0bc-4fc9-ba13-a3b78a765a2a" testId="2ed5f705-7b36-aa00-7f29-75be7f4f9ed9" testName="Microsoft.VisualStudio.Services.Agent.Tests.Worker.CodeCoverage.CoberturaSummaryReaderTests.VerifyWrongXmlFile" computerName="ComputerName" duration="00:00:00.0380627" startTime="2024-05-08T09:40:53.0917471+02:00" endTime="2024-05-08T09:40:53.0917472+02:00" testType="13cdc9d9-ddb5-4fa4-a97d-d965ccfc6d4b" outcome="Passed" testListId="8c84fa94-04c1-424b-9868-57a2d4851a1d" relativeResultsDirectory="508a2a0d-c0bc-4fc9-ba13-a3b78a765a2a" />
    <UnitTestResult executionId="12978b88-6aaf-45b4-8846-68c0f158c95b" testId="343858b0-c2f5-a8e4-cc8d-4ff792528bf9" testName="Microsoft.VisualStudio.Services.Agent.Tests.Listener.PipelineParserL0.PhaseDeploymentTarget" computerName="ComputerName" duration="00:00:00.0124976" startTime="2024-05-08T09:40:54.4512189+02:00" endTime="2024-05-08T09:40:54.4512192+02:00" testType="13cdc9d9-ddb5-4fa4-a97d-d965ccfc6d4b" outcome="Passed" testListId="8c84fa94-04c1-424b-9868-57a2d4851a1d" relativeResultsDirectory="12978b88-6aaf-45b4-8846-68c0f158c95b" />
    <UnitTestResult executionId="a566222d-789d-474c-8e17-39dbb14be838" testId="892d9ac5-d660-583d-e9d1-43e131e499bc" testName="Microsoft.VisualStudio.Services.Agent.Tests.PipelineCache.MatchingTests.ExcludeSingleFileWithDot" computerName="ComputerName" duration="00:00:00.0113113" startTime="2024-05-08T09:40:53.4182940+02:00" endTime="2024-05-08T09:40:53.4182941+02:00" testType="13cdc9d9-ddb5-4fa4-a97d-d965ccfc6d4b" outcome="Passed" testListId="8c84fa94-04c1-424b-9868-57a2d4851a1d" relativeResultsDirectory="a566222d-789d-474c-8e17-39dbb14be838" />
    <UnitTestResult executionId="19a16347-131f-437b-841f-d8812ebc9c52" testId="5c2be80e-5269-4c60-669f-698802b60b5c" testName="Test.L0.Plugin.TestResultParser.TestRunManagerL0.TestRunManager_PublishMultipleRunsWithExceptions" computerName="ComputerName" duration="00:00:00.0038778" startTime="2024-05-08T09:40:51.4489354+02:00" endTime="2024-05-08T09:40:51.4489355+02:00" testType="13cdc9d9-ddb5-4fa4-a97d-d965ccfc6d4b" outcome="Passed" testListId="8c84fa94-04c1-424b-9868-57a2d4851a1d" relativeResultsDirectory="19a16347-131f-437b-841f-d8812ebc9c52" />
    <UnitTestResult executionId="dab3c96a-7d98-4a9d-a3f1-f2dd4608472d" testId="dd6c7ce1-5f1a-c07d-9d28-d3326234a8be" testName="Microsoft.VisualStudio.Services.Agent.Tests.Worker.VariablesL0.Constructor_DetectsNonadjacentCyclicalReference" computerName="ComputerName" duration="00:00:00.0366529" startTime="2024-05-08T09:40:51.8769279+02:00" endTime="2024-05-08T09:40:51.8769279+02:00" testType="13cdc9d9-ddb5-4fa4-a97d-d965ccfc6d4b" outcome="Passed" testListId="8c84fa94-04c1-424b-9868-57a2d4851a1d" relativeResultsDirectory="dab3c96a-7d98-4a9d-a3f1-f2dd4608472d" />
    <UnitTestResult executionId="6d20052d-ab22-449f-a751-319515456cfb" testId="d59db1ba-f163-ffd1-b520-8ce2bd5f1143" testName="Microsoft.VisualStudio.Services.Agent.Tests.Listener.AgentAutoLogonTestL0.TestAutoLogonConfiguration" computerName="ComputerName" duration="00:00:00.0492038" startTime="2024-05-08T09:40:53.1457402+02:00" endTime="2024-05-08T09:40:53.1457403+02:00" testType="13cdc9d9-ddb5-4fa4-a97d-d965ccfc6d4b" outcome="Passed" testListId="8c84fa94-04c1-424b-9868-57a2d4851a1d" relativeResultsDirectory="6d20052d-ab22-449f-a751-319515456cfb" />
    <UnitTestResult executionId="6db5f17b-9100-47b7-b316-09dc44ab4325" testId="51263710-8e48-d62e-329f-5be9dc02f84f" testName="Microsoft.VisualStudio.Services.Agent.Tests.Worker.Release.TfsVCArtifactL0.TfsVCArtifactShouldCallGetSourceWithCorrectParameter" computerName="ComputerName" duration="00:00:00.0821046" startTime="2024-05-08T09:40:51.1678116+02:00" endTime="2024-05-08T09:40:51.1678117+02:00" testType="13cdc9d9-ddb5-4fa4-a97d-d965ccfc6d4b" outcome="Passed" testListId="8c84fa94-04c1-424b-9868-57a2d4851a1d" relativeResultsDirectory="6db5f17b-9100-47b7-b316-09dc44ab4325" />
    <UnitTestResult executionId="84e5416b-375e-4219-a069-f37fe0c24265" testId="0a598714-9d4f-54ec-205a-faec8a210d15" testName="Microsoft.VisualStudio.Services.Agent.Tests.Worker.Release.FetchEngineL0.ShouldDownloadAllTheFiles" computerName="ComputerName" duration="00:00:00.0162354" startTime="2024-05-08T09:40:55.5973647+02:00" endTime="2024-05-08T09:40:55.5973649+02:00" testType="13cdc9d9-ddb5-4fa4-a97d-d965ccfc6d4b" outcome="Passed" testListId="8c84fa94-04c1-424b-9868-57a2d4851a1d" relativeResultsDirectory="84e5416b-375e-4219-a069-f37fe0c24265" />
    <UnitTestResult executionId="feadb925-0995-4802-a701-29e02e959bb0" testId="775afff1-6997-d9d7-5913-77971140f2a9" testName="Microsoft.VisualStudio.Services.Agent.Tests.Worker.ExpressionManagerL0.SucceededOrFailedFunction" computerName="ComputerName" duration="00:00:00.0472393" startTime="2024-05-08T09:40:53.0621586+02:00" endTime="2024-05-08T09:40:53.0621587+02:00" testType="13cdc9d9-ddb5-4fa4-a97d-d965ccfc6d4b" outcome="Passed" testListId="8c84fa94-04c1-424b-9868-57a2d4851a1d" relativeResultsDirectory="feadb925-0995-4802-a701-29e02e959bb0" />
    <UnitTestResult executionId="09bebf06-3408-40d3-80c4-f5732f362d7b" testId="0136c670-0492-0af0-26e6-d2c416ba4253" testName="Microsoft.VisualStudio.Services.Agent.Tests.Listener.Configuration.ConfigurationManagerL0.CanEnsureConfigure" computerName="ComputerName" duration="00:00:00.2198020" startTime="2024-05-08T09:40:56.5107265+02:00" endTime="2024-05-08T09:40:56.5107266+02:00" testType="13cdc9d9-ddb5-4fa4-a97d-d965ccfc6d4b" outcome="Passed" testListId="8c84fa94-04c1-424b-9868-57a2d4851a1d" relativeResultsDirectory="09bebf06-3408-40d3-80c4-f5732f362d7b" />
    <UnitTestResult executionId="cd0197b1-fb63-4885-9224-73c66b45b03e" testId="36b9ae72-6bca-9341-5337-1f5bb8f9c126" testName="Microsoft.VisualStudio.Services.Agent.Tests.Worker.TestResults.NunitResultReaderTests.CheckDurationIsZeroInNUnit3" computerName="ComputerName" duration="00:00:00.0320435" startTime="2024-05-08T09:40:52.8368102+02:00" endTime="2024-05-08T09:40:52.8368104+02:00" testType="13cdc9d9-ddb5-4fa4-a97d-d965ccfc6d4b" outcome="Passed" testListId="8c84fa94-04c1-424b-9868-57a2d4851a1d" relativeResultsDirectory="cd0197b1-fb63-4885-9224-73c66b45b03e" />
    <UnitTestResult executionId="1d445c2e-361f-47bb-a8c8-8c089c8f2999" testId="e3fd22f9-d251-70b6-f89c-d16ebc03837f" testName="Microsoft.VisualStudio.Services.Agent.Tests.HostContextL0.UrlSecretsAreMasked(input: &quot;ftp://example.com/path&quot;, expected: &quot;ftp://example.com/path&quot;)" computerName="ComputerName" duration="00:00:00.0031030" startTime="2024-05-08T09:40:52.4612440+02:00" endTime="2024-05-08T09:40:52.4612441+02:00" testType="13cdc9d9-ddb5-4fa4-a97d-d965ccfc6d4b" outcome="Passed" testListId="8c84fa94-04c1-424b-9868-57a2d4851a1d" relativeResultsDirectory="1d445c2e-361f-47bb-a8c8-8c089c8f2999" />
    <UnitTestResult executionId="54edf5ae-f344-4d2d-b048-335a4d3c9f36" testId="2160d9de-ad26-4a25-319f-7412c4ec02bb" testName="Microsoft.VisualStudio.Services.Agent.Tests.TestFileContainerProviderL0.TestGettingArtifactItemsWithMinimatchPattern(pttrn: [&quot;**&quot;], count: 7, expectedPaths: [&quot;ArtifactForTest&quot;, &quot;ArtifactForTest/File1.txt&quot;, &quot;ArtifactForTest/Folder1&quot;, &quot;ArtifactForTest/Folder1/File2.txt&quot;, &quot;ArtifactForTest/Folder1/File21.txt&quot;, ...])" computerName="ComputerName" duration="00:00:00.0075488" startTime="2024-05-08T09:40:52.5778308+02:00" endTime="2024-05-08T09:40:52.5778309+02:00" testType="13cdc9d9-ddb5-4fa4-a97d-d965ccfc6d4b" outcome="Passed" testListId="8c84fa94-04c1-424b-9868-57a2d4851a1d" relativeResultsDirectory="54edf5ae-f344-4d2d-b048-335a4d3c9f36" />
    <UnitTestResult executionId="5c675022-f381-4d0b-b432-f8c8a9c88a7e" testId="5e650431-0d07-6e53-2b15-ca6c0745fdb8" testName="Microsoft.VisualStudio.Services.Agent.Tests.Worker.Release.ReleaseJobExtensionL0.GetRootedPathShouldReturnNullIfPathIsNull" computerName="ComputerName" duration="00:00:00.0061919" startTime="2024-05-08T09:40:54.0137213+02:00" endTime="2024-05-08T09:40:54.0137214+02:00" testType="13cdc9d9-ddb5-4fa4-a97d-d965ccfc6d4b" outcome="Passed" testListId="8c84fa94-04c1-424b-9868-57a2d4851a1d" relativeResultsDirectory="5c675022-f381-4d0b-b432-f8c8a9c88a7e" />
    <UnitTestResult executionId="42f733df-1c79-4e1e-ac4e-a0b10815c132" testId="ca5e23be-f508-b42d-05c0-e9dc5f4c69d5" testName="Microsoft.VisualStudio.Services.Agent.Tests.ServiceInterfacesL0.CommonInterfacesSpecifyDefaultImplementation" computerName="ComputerName" duration="00:00:00.0058145" startTime="2024-05-08T09:40:51.4881010+02:00" endTime="2024-05-08T09:40:51.4881012+02:00" testType="13cdc9d9-ddb5-4fa4-a97d-d965ccfc6d4b" outcome="Passed" testListId="8c84fa94-04c1-424b-9868-57a2d4851a1d" relativeResultsDirectory="42f733df-1c79-4e1e-ac4e-a0b10815c132" />
    <UnitTestResult executionId="8fd94deb-6f74-4796-ab4e-4b2e18c4e9bc" testId="8d1b16ea-cd10-c0ec-33c2-921ff41bcfcd" testName="Microsoft.VisualStudio.Services.Agent.Tests.Worker.Build.TrackingManagerL0.MarksTrackingConfigForGarbageCollection" computerName="ComputerName" duration="00:00:00.1367023" startTime="2024-05-08T09:40:54.2022588+02:00" endTime="2024-05-08T09:40:54.2022589+02:00" testType="13cdc9d9-ddb5-4fa4-a97d-d965ccfc6d4b" outcome="Passed" testListId="8c84fa94-04c1-424b-9868-57a2d4851a1d" relativeResultsDirectory="8fd94deb-6f74-4796-ab4e-4b2e18c4e9bc" />
    <UnitTestResult executionId="b5445d60-28be-434d-a485-c99d8c1974cc" testId="bd5e9ce5-7690-7cb7-9796-a670160547af" testName="Microsoft.VisualStudio.Services.Agent.Tests.Worker.Build.BuildDirectoryManagerL0.UpdateDirectory_AllowWorkingDirectoryRepositories" computerName="ComputerName" duration="00:00:00.0175804" startTime="2024-05-08T09:40:51.4264785+02:00" endTime="2024-05-08T09:40:51.4264786+02:00" testType="13cdc9d9-ddb5-4fa4-a97d-d965ccfc6d4b" outcome="Passed" testListId="8c84fa94-04c1-424b-9868-57a2d4851a1d" relativeResultsDirectory="b5445d60-28be-434d-a485-c99d8c1974cc" />
    <UnitTestResult executionId="9dbea4dd-0b5c-49ea-9f81-eb6c4a269589" testId="82c736dc-2682-679b-bd2e-2f3aed8b104c" testName="Test.L0.Worker.Handlers.ProcessHandlerHelperL0.SkipsInvalidEnv" computerName="ComputerName" duration="00:00:00.0001330" startTime="2024-05-08T09:40:51.1516949+02:00" endTime="2024-05-08T09:40:51.1516952+02:00" testType="13cdc9d9-ddb5-4fa4-a97d-d965ccfc6d4b" outcome="Passed" testListId="8c84fa94-04c1-424b-9868-57a2d4851a1d" relativeResultsDirectory="9dbea4dd-0b5c-49ea-9f81-eb6c4a269589" />
    <UnitTestResult executionId="b966d4ba-5a5b-4c9b-83f5-da277f6bbc7a" testId="d2c09644-1c2e-b78d-0087-b1032231944e" testName="Test.L0.Plugin.TestFilePublisher.TestFilePublisherLogPluginL0.TestFilePublisherLogPlugin_DisableForInvalidBuildContext" computerName="ComputerName" duration="00:00:00.0026633" startTime="2024-05-08T09:40:51.2490945+02:00" endTime="2024-05-08T09:40:51.2490946+02:00" testType="13cdc9d9-ddb5-4fa4-a97d-d965ccfc6d4b" outcome="Passed" testListId="8c84fa94-04c1-424b-9868-57a2d4851a1d" relativeResultsDirectory="b966d4ba-5a5b-4c9b-83f5-da277f6bbc7a" />
    <UnitTestResult executionId="5e97e764-e83b-43b8-89e6-818cf71e851b" testId="742ca703-c9c2-05a5-b79c-6264d1815f3f" testName="Microsoft.VisualStudio.Services.Agent.Tests.Worker.Build.GitSourceProviderL0.TestSetGitConfiguration(featureFlagsStatus: True)" computerName="ComputerName" duration="00:00:00.0403334" startTime="2024-05-08T09:40:51.8034952+02:00" endTime="2024-05-08T09:40:51.8034953+02:00" testType="13cdc9d9-ddb5-4fa4-a97d-d965ccfc6d4b" outcome="Passed" testListId="8c84fa94-04c1-424b-9868-57a2d4851a1d" relativeResultsDirectory="5e97e764-e83b-43b8-89e6-818cf71e851b" />
    <UnitTestResult executionId="d5288029-534a-4500-99ef-6e9cef6eac9b" testId="79462b42-50dd-cb49-3233-01dd6be86afd" testName="Microsoft.VisualStudio.Services.Agent.Tests.Worker.JobRunnerL0.DontUpdateWebConsoleLineRateIfJobServerQueueIsNullMSI" computerName="ComputerName" duration="00:00:00.0138762" startTime="2024-05-08T09:40:52.2115011+02:00" endTime="2024-05-08T09:40:52.2115014+02:00" testType="13cdc9d9-ddb5-4fa4-a97d-d965ccfc6d4b" outcome="Passed" testListId="8c84fa94-04c1-424b-9868-57a2d4851a1d" relativeResultsDirectory="d5288029-534a-4500-99ef-6e9cef6eac9b" />
    <UnitTestResult executionId="c2a42c6d-8055-4280-a0d6-61838268df97" testId="40b0733f-a5c0-1f13-2ff6-e6d1c682866f" testName="Test.L0.Worker.Handlers.CmdArgsSanitizerL0.Telemetry_BasicTest(inputArgs: &quot;; &amp; &gt; &lt; |&quot;, expectedRemovedSymbolsCount: 5, expectedRemovedSymbols: [[;, 1], [&amp;, 1], [&gt;, 1], [&lt;, 1], [|, 1]])" computerName="ComputerName" duration="00:00:00.0000399" startTime="2024-05-08T09:40:53.5780638+02:00" endTime="2024-05-08T09:40:53.5780638+02:00" testType="13cdc9d9-ddb5-4fa4-a97d-d965ccfc6d4b" outcome="Passed" testListId="8c84fa94-04c1-424b-9868-57a2d4851a1d" relativeResultsDirectory="c2a42c6d-8055-4280-a0d6-61838268df97" />
    <UnitTestResult executionId="18a0dd6b-7731-4149-ac63-cce1eaa5505b" testId="82d69007-24ca-b3f0-3f84-eb94a94f0951" testName="Microsoft.VisualStudio.Services.Agent.Tests.Worker.TaskCommandExtensionL0.IssueSourceValidationFailedBecauseCorrelationIdWasAbsent" computerName="ComputerName" duration="00:00:00.0103164" startTime="2024-05-08T09:40:52.9966815+02:00" endTime="2024-05-08T09:40:52.9966817+02:00" testType="13cdc9d9-ddb5-4fa4-a97d-d965ccfc6d4b" outcome="Passed" testListId="8c84fa94-04c1-424b-9868-57a2d4851a1d" relativeResultsDirectory="18a0dd6b-7731-4149-ac63-cce1eaa5505b" />
    <UnitTestResult executionId="7a7abf0a-fc0d-4de7-9e07-ddffc71c5167" testId="b13666f2-080d-daa3-80b3-072af429a761" testName="Microsoft.VisualStudio.Services.Agent.Tests.Worker.Build.BuildDirectoryManagerL0.UpdateDirectoryFailOnInvalidPath_AllowWorkingDirectoryRepositories" computerName="ComputerName" duration="00:00:00.0263318" startTime="2024-05-08T09:40:51.5619562+02:00" endTime="2024-05-08T09:40:51.5619564+02:00" testType="13cdc9d9-ddb5-4fa4-a97d-d965ccfc6d4b" outcome="Passed" testListId="8c84fa94-04c1-424b-9868-57a2d4851a1d" relativeResultsDirectory="7a7abf0a-fc0d-4de7-9e07-ddffc71c5167" />
    <UnitTestResult executionId="384909ba-d894-49be-b2c5-265ac848a089" testId="8f9a1412-8e1d-a26d-812c-2a8d7adf2e47" testName="Test.L0.Plugin.TestResultParser.TestRunManagerL0.TestRunManager_PublishTestRun_TotalTestsLessThanActual" computerName="ComputerName" duration="00:00:00.0052654" startTime="2024-05-08T09:40:51.4326448+02:00" endTime="2024-05-08T09:40:51.4326449+02:00" testType="13cdc9d9-ddb5-4fa4-a97d-d965ccfc6d4b" outcome="Passed" testListId="8c84fa94-04c1-424b-9868-57a2d4851a1d" relativeResultsDirectory="384909ba-d894-49be-b2c5-265ac848a089" />
    <UnitTestResult executionId="918753a6-d9a0-40c5-917b-f92bc763237b" testId="01ee7c42-78bf-1491-590d-e5388d38594f" testName="Microsoft.VisualStudio.Services.Agent.Tests.NodeHandlerL0.ThrowExceptionIfUseNodeKnobIsLTSAndLTSNotAvailable" computerName="ComputerName" duration="00:00:00.0088336" startTime="2024-05-08T09:40:52.7648787+02:00" endTime="2024-05-08T09:40:52.7648788+02:00" testType="13cdc9d9-ddb5-4fa4-a97d-d965ccfc6d4b" outcome="Passed" testListId="8c84fa94-04c1-424b-9868-57a2d4851a1d" relativeResultsDirectory="918753a6-d9a0-40c5-917b-f92bc763237b" />
    <UnitTestResult executionId="8450e253-50ef-405b-b62e-9b122ea8d827" testId="917b492e-757a-8a07-8a0d-46f1bc126e74" testName="Test.L0.Plugin.TestFilePublisher.TestFilePublisherLogPluginL0.TestFilePublisherLogPlugin_DisableIfExceptionThrown" computerName="ComputerName" duration="00:00:00.1566334" startTime="2024-05-08T09:40:51.2312222+02:00" endTime="2024-05-08T09:40:51.2312223+02:00" testType="13cdc9d9-ddb5-4fa4-a97d-d965ccfc6d4b" outcome="Passed" testListId="8c84fa94-04c1-424b-9868-57a2d4851a1d" relativeResultsDirectory="8450e253-50ef-405b-b62e-9b122ea8d827" />
    <UnitTestResult executionId="a697c968-f32f-4329-b0e6-fa3d77cb113e" testId="cc4fdcfd-af89-1d3b-7c47-c7556037c82d" testName="Microsoft.VisualStudio.Services.Agent.Tests.Worker.Build.TrackingConfigL0.TrackingConfig_ctor_should_fill_in_fields_correctly" computerName="ComputerName" duration="00:00:00.0308329" startTime="2024-05-08T09:40:52.2250822+02:00" endTime="2024-05-08T09:40:52.2250823+02:00" testType="13cdc9d9-ddb5-4fa4-a97d-d965ccfc6d4b" outcome="Passed" testListId="8c84fa94-04c1-424b-9868-57a2d4851a1d" relativeResultsDirectory="a697c968-f32f-4329-b0e6-fa3d77cb113e" />
    <UnitTestResult executionId="bd7b8b26-2b57-4e35-b476-06a5566c5fc2" testId="e27cc6eb-d6e1-711d-9a0d-20d962f042a9" testName="Microsoft.VisualStudio.Services.Agent.Tests.Worker.TestResults.JunitResultReaderTests.VerifyTestCaseCompletedDate" computerName="ComputerName" duration="00:00:00.0428528" startTime="2024-05-08T09:40:55.2373748+02:00" endTime="2024-05-08T09:40:55.2373749+02:00" testType="13cdc9d9-ddb5-4fa4-a97d-d965ccfc6d4b" outcome="Passed" testListId="8c84fa94-04c1-424b-9868-57a2d4851a1d" relativeResultsDirectory="bd7b8b26-2b57-4e35-b476-06a5566c5fc2" />
    <UnitTestResult executionId="df741d71-46c0-4611-8c99-8a4f91c0324f" testId="558291f8-bd02-470a-1603-213e4fe36aec" testName="Microsoft.VisualStudio.Services.Agent.Tests.PipelineCache.MatchingTests.DetermineFileEnumerationExactFileNameRecursive" computerName="ComputerName" duration="00:00:00.0002597" startTime="2024-05-08T09:40:53.4209409+02:00" endTime="2024-05-08T09:40:53.4209411+02:00" testType="13cdc9d9-ddb5-4fa4-a97d-d965ccfc6d4b" outcome="Passed" testListId="8c84fa94-04c1-424b-9868-57a2d4851a1d" relativeResultsDirectory="df741d71-46c0-4611-8c99-8a4f91c0324f" />
    <UnitTestResult executionId="3b752111-137d-4e92-b0bd-8116ac094f2f" testId="8b1900bb-77f4-8416-19cc-baadc6b6565d" testName="Microsoft.VisualStudio.Services.Agent.Tests.Worker.TaskCommandExtensionL0.SetEndpointUrlParameter" computerName="ComputerName" duration="00:00:00.0187997" startTime="2024-05-08T09:40:52.9993817+02:00" endTime="2024-05-08T09:40:52.9993818+02:00" testType="13cdc9d9-ddb5-4fa4-a97d-d965ccfc6d4b" outcome="Passed" testListId="8c84fa94-04c1-424b-9868-57a2d4851a1d" relativeResultsDirectory="3b752111-137d-4e92-b0bd-8116ac094f2f" />
    <UnitTestResult executionId="b166bbd2-5844-4121-b0a3-47d08c4de997" testId="7b7e10be-fb44-18b5-fef3-53f0aa884c92" testName="Microsoft.VisualStudio.Services.Agent.Tests.Worker.Build.GitSourceProviderL0.GetSourceGitClonePR" computerName="ComputerName" duration="00:00:00.1145447" startTime="2024-05-08T09:40:51.9629475+02:00" endTime="2024-05-08T09:40:51.9629476+02:00" testType="13cdc9d9-ddb5-4fa4-a97d-d965ccfc6d4b" outcome="Passed" testListId="8c84fa94-04c1-424b-9868-57a2d4851a1d" relativeResultsDirectory="b166bbd2-5844-4121-b0a3-47d08c4de997" />
    <UnitTestResult executionId="64c9d0d7-1b96-4c4f-a9e5-717b459c1939" testId="fb5a251b-38fd-8c12-564e-88d1784308fa" testName="Microsoft.VisualStudio.Services.Agent.Tests.TestFileContainerProviderL0.TestGettingArtifactItemsWithMinimatchPattern(pttrn: [&quot;**&quot;, &quot;!**/File2*&quot;], count: 5, expectedPaths: [&quot;ArtifactForTest&quot;, &quot;ArtifactForTest/File1.txt&quot;, &quot;ArtifactForTest/Folder1&quot;, &quot;ArtifactForTest/Folder1/Folder2&quot;, &quot;ArtifactForTest/Folder1/Folder2/File3.txt&quot;])" computerName="ComputerName" duration="00:00:00.0288881" startTime="2024-05-08T09:40:52.4107181+02:00" endTime="2024-05-08T09:40:52.4107181+02:00" testType="13cdc9d9-ddb5-4fa4-a97d-d965ccfc6d4b" outcome="Passed" testListId="8c84fa94-04c1-424b-9868-57a2d4851a1d" relativeResultsDirectory="64c9d0d7-1b96-4c4f-a9e5-717b459c1939" />
    <UnitTestResult executionId="679f1d4e-5d14-4ba0-9f70-3e87cc5d5751" testId="55e0032f-922f-0304-97b9-a2ce56fab20f" testName="Microsoft.VisualStudio.Services.Agent.Tests.Worker.Build.TfsVCSourceProvider_WorkspaceUtilL0.DoesNotMatch_Map_Recursive" computerName="ComputerName" duration="00:00:00.0118787" startTime="2024-05-08T09:40:53.8902664+02:00" endTime="2024-05-08T09:40:53.8902666+02:00" testType="13cdc9d9-ddb5-4fa4-a97d-d965ccfc6d4b" outcome="Passed" testListId="8c84fa94-04c1-424b-9868-57a2d4851a1d" relativeResultsDirectory="679f1d4e-5d14-4ba0-9f70-3e87cc5d5751" />
    <UnitTestResult executionId="831801ff-075a-4989-9256-f1e693053cbd" testId="b72fb091-ac7b-a766-7401-8602967a0f85" testName="Microsoft.VisualStudio.Services.Agent.Tests.CommandSettingsL0.PromptsForWork" computerName="ComputerName" duration="00:00:00.0106519" startTime="2024-05-08T09:40:51.6582806+02:00" endTime="2024-05-08T09:40:51.6582807+02:00" testType="13cdc9d9-ddb5-4fa4-a97d-d965ccfc6d4b" outcome="Passed" testListId="8c84fa94-04c1-424b-9868-57a2d4851a1d" relativeResultsDirectory="831801ff-075a-4989-9256-f1e693053cbd" />
    <UnitTestResult executionId="f511bc07-05f9-4e97-91b1-e35c5d72da48" testId="193bc478-eb30-4a04-df52-80924e2ecea4" testName="Microsoft.VisualStudio.Services.Agent.Tests.CommandSettingsL0.PassesUnattendedToReadValue" computerName="ComputerName" duration="00:00:00.0184016" startTime="2024-05-08T09:40:51.5684558+02:00" endTime="2024-05-08T09:40:51.5684559+02:00" testType="13cdc9d9-ddb5-4fa4-a97d-d965ccfc6d4b" outcome="Passed" testListId="8c84fa94-04c1-424b-9868-57a2d4851a1d" relativeResultsDirectory="f511bc07-05f9-4e97-91b1-e35c5d72da48" />
    <UnitTestResult executionId="7465d904-3852-4cba-b65a-f172658ce5e7" testId="04ccab34-b1d4-e71d-4593-15f6c6fc137f" testName="Microsoft.VisualStudio.Services.Agent.Tests.ExtensionManagerL0.LoadsTypeFromString" computerName="ComputerName" duration="00:00:00.0059697" startTime="2024-05-08T09:40:53.2367202+02:00" endTime="2024-05-08T09:40:53.2367204+02:00" testType="13cdc9d9-ddb5-4fa4-a97d-d965ccfc6d4b" outcome="Passed" testListId="8c84fa94-04c1-424b-9868-57a2d4851a1d" relativeResultsDirectory="7465d904-3852-4cba-b65a-f172658ce5e7" />
    <UnitTestResult executionId="e0b13651-7f75-4c1f-b72f-1a03aecf75c2" testId="9f3d9bff-292e-8d90-1bab-b5c30d55ad90" testName="Microsoft.VisualStudio.Services.Agent.Tests.CommandSettingsL0.GetsFlagVersion" computerName="ComputerName" duration="00:00:00.0051763" startTime="2024-05-08T09:40:51.5850993+02:00" endTime="2024-05-08T09:40:51.5850995+02:00" testType="13cdc9d9-ddb5-4fa4-a97d-d965ccfc6d4b" outcome="Passed" testListId="8c84fa94-04c1-424b-9868-57a2d4851a1d" relativeResultsDirectory="e0b13651-7f75-4c1f-b72f-1a03aecf75c2" />
    <UnitTestResult executionId="a19f906b-0227-4316-8315-621d6d85971d" testId="5cf226f4-18a3-993b-ee19-7846b2457011" testName="Microsoft.VisualStudio.Services.Agent.Tests.Worker.ExecutionContextL0.TranslatePathForStepTarget_should_convert_path_only_for_containers(isCheckout: True, jobTarget: &quot;container&quot;, stepTarget: &quot;host&quot;)" computerName="ComputerName" duration="00:00:00.0248150" startTime="2024-05-08T09:40:53.3971630+02:00" endTime="2024-05-08T09:40:53.3971631+02:00" testType="13cdc9d9-ddb5-4fa4-a97d-d965ccfc6d4b" outcome="Passed" testListId="8c84fa94-04c1-424b-9868-57a2d4851a1d" relativeResultsDirectory="a19f906b-0227-4316-8315-621d6d85971d" />
    <UnitTestResult executionId="6ea2be0b-6f0c-4148-be51-0dff18b1a54c" testId="596eee24-6c29-3187-f9e2-7c5dafa7f03f" testName="Microsoft.VisualStudio.Services.Agent.Tests.Worker.Build.BuildDirectoryManagerL0.CreatesNewConfig" computerName="ComputerName" duration="00:00:00.0503117" startTime="2024-05-08T09:40:51.6135064+02:00" endTime="2024-05-08T09:40:51.6135065+02:00" testType="13cdc9d9-ddb5-4fa4-a97d-d965ccfc6d4b" outcome="Passed" testListId="8c84fa94-04c1-424b-9868-57a2d4851a1d" relativeResultsDirectory="6ea2be0b-6f0c-4148-be51-0dff18b1a54c" />
    <UnitTestResult executionId="d48c6081-ef85-47f8-b7c2-62954232005f" testId="0de7d7e3-794c-13b3-aa3c-550b21a8a76b" testName="Microsoft.VisualStudio.Services.Agent.Tests.CommandSettingsL0.GetsFlagUnattendedFromEnvVar" computerName="ComputerName" duration="00:00:00.0304805" startTime="2024-05-08T09:40:51.8760458+02:00" endTime="2024-05-08T09:40:51.8760465+02:00" testType="13cdc9d9-ddb5-4fa4-a97d-d965ccfc6d4b" outcome="Passed" testListId="8c84fa94-04c1-424b-9868-57a2d4851a1d" relativeResultsDirectory="d48c6081-ef85-47f8-b7c2-62954232005f" />
    <UnitTestResult executionId="485d7acf-f80b-4ce6-99e4-02c301e28fa8" testId="ee8539ad-49e7-ca54-14bc-9a2ebb5b54e3" testName="Microsoft.VisualStudio.Services.Agent.Tests.Worker.Build.TrackingManagerL0.LoadIfExists_FileFormatVersion3_should_ignore_extra_info" computerName="ComputerName" duration="00:00:00.1033358" startTime="2024-05-08T09:40:53.9062640+02:00" endTime="2024-05-08T09:40:53.9062641+02:00" testType="13cdc9d9-ddb5-4fa4-a97d-d965ccfc6d4b" outcome="Passed" testListId="8c84fa94-04c1-424b-9868-57a2d4851a1d" relativeResultsDirectory="485d7acf-f80b-4ce6-99e4-02c301e28fa8" />
    <UnitTestResult executionId="2c7a6806-4e1a-4379-ba83-58204ea01b79" testId="dd380f5c-60bd-42d3-3c4a-eca34ed8b54f" testName="Microsoft.VisualStudio.Services.Agent.Tests.CommandSettingsL0.GetsFlagHelp" computerName="ComputerName" duration="00:00:00.0030575" startTime="2024-05-08T09:40:52.0309071+02:00" endTime="2024-05-08T09:40:52.0309073+02:00" testType="13cdc9d9-ddb5-4fa4-a97d-d965ccfc6d4b" outcome="Passed" testListId="8c84fa94-04c1-424b-9868-57a2d4851a1d" relativeResultsDirectory="2c7a6806-4e1a-4379-ba83-58204ea01b79" />
    <UnitTestResult executionId="86e92355-ff61-4b0a-9ed7-ae59d4b04d6f" testId="970faa73-2e6b-aa08-dc25-fd38ef365c57" testName="Microsoft.VisualStudio.Services.Agent.Tests.Worker.Build.TrackingManagerL0.LoadsTrackingConfig_FileFormatVersion3" computerName="ComputerName" duration="00:00:00.0177226" startTime="2024-05-08T09:40:54.0077744+02:00" endTime="2024-05-08T09:40:54.0077745+02:00" testType="13cdc9d9-ddb5-4fa4-a97d-d965ccfc6d4b" outcome="Passed" testListId="8c84fa94-04c1-424b-9868-57a2d4851a1d" relativeResultsDirectory="86e92355-ff61-4b0a-9ed7-ae59d4b04d6f" />
    <UnitTestResult executionId="a2884aac-7b9a-424f-a6a2-a9ae4a5124fb" testId="2187a1a9-e9b0-1faf-d4ce-6b1c46bdff4b" testName="Microsoft.VisualStudio.Services.Agent.Tests.Worker.VariablesL0.GetEnum_DoesNotThrowWhenNull" computerName="ComputerName" duration="00:00:00.0058500" startTime="2024-05-08T09:40:51.2288999+02:00" endTime="2024-05-08T09:40:51.2289000+02:00" testType="13cdc9d9-ddb5-4fa4-a97d-d965ccfc6d4b" outcome="Passed" testListId="8c84fa94-04c1-424b-9868-57a2d4851a1d" relativeResultsDirectory="a2884aac-7b9a-424f-a6a2-a9ae4a5124fb" />
    <UnitTestResult executionId="66213b65-4ea9-4238-8b62-8568762bc965" testId="732c2c42-47ff-b131-c9ce-cba9360a0162" testName="Microsoft.VisualStudio.Services.Agent.Tests.Worker.TestResults.TestRunPublisherTests.PublishStandardErrorLogWithMultiupleResultsIsSuccessful" computerName="ComputerName" duration="00:00:00.0149386" startTime="2024-05-08T09:40:52.9156290+02:00" endTime="2024-05-08T09:40:52.9156291+02:00" testType="13cdc9d9-ddb5-4fa4-a97d-d965ccfc6d4b" outcome="Passed" testListId="8c84fa94-04c1-424b-9868-57a2d4851a1d" relativeResultsDirectory="66213b65-4ea9-4238-8b62-8568762bc965" />
    <UnitTestResult executionId="38067d28-1017-44f7-b132-a7914b30f844" testId="27afcb2b-d122-61ff-7940-ea9577409ddb" testName="Microsoft.VisualStudio.Services.Agent.Tests.Worker.TestResults.NunitResultReaderTests.PublishNUnit3ResultsWhenThereIsNoBuild" computerName="ComputerName" duration="00:00:00.0649010" startTime="2024-05-08T09:40:52.8038865+02:00" endTime="2024-05-08T09:40:52.8038866+02:00" testType="13cdc9d9-ddb5-4fa4-a97d-d965ccfc6d4b" outcome="Passed" testListId="8c84fa94-04c1-424b-9868-57a2d4851a1d" relativeResultsDirectory="38067d28-1017-44f7-b132-a7914b30f844" />
    <UnitTestResult executionId="7d8001d0-705d-4dc7-ba44-7feecaa7fd7b" testId="12bb8877-345c-637e-5b30-a6f1960bb8c8" testName="Microsoft.VisualStudio.Services.Agent.Tests.Worker.Build.GitSourceProviderL0.GetSourceGitFetchWithLFS" computerName="ComputerName" duration="00:00:00.2416321" startTime="2024-05-08T09:40:51.4749027+02:00" endTime="2024-05-08T09:40:51.4749029+02:00" testType="13cdc9d9-ddb5-4fa4-a97d-d965ccfc6d4b" outcome="Passed" testListId="8c84fa94-04c1-424b-9868-57a2d4851a1d" relativeResultsDirectory="7d8001d0-705d-4dc7-ba44-7feecaa7fd7b" />
    <UnitTestResult executionId="428220da-71c9-4125-9172-4525e330e76d" testId="84261e44-7a9e-b624-b17b-56494047d4a3" testName="Microsoft.VisualStudio.Services.Agent.Tests.Worker.Release.JenkinsArtifactL0.ShouldLogAnIssueIfEndVersionIsInvalidInArtifactDetail" computerName="ComputerName" duration="00:00:00.0143148" startTime="2024-05-08T09:40:52.8400637+02:00" endTime="2024-05-08T09:40:52.8400639+02:00" testType="13cdc9d9-ddb5-4fa4-a97d-d965ccfc6d4b" outcome="Passed" testListId="8c84fa94-04c1-424b-9868-57a2d4851a1d" relativeResultsDirectory="428220da-71c9-4125-9172-4525e330e76d" />
    <UnitTestResult executionId="de19c95a-a067-43e7-a5b6-fe4bd0109613" testId="076ebc4f-ebdf-8959-72bd-c8be26741449" testName="Microsoft.VisualStudio.Services.Agent.Tests.Util.ArgUtilL0.Equal_MatchesObjectEquality" computerName="ComputerName" duration="00:00:00.0031997" startTime="2024-05-08T09:40:54.9498451+02:00" endTime="2024-05-08T09:40:54.9498452+02:00" testType="13cdc9d9-ddb5-4fa4-a97d-d965ccfc6d4b" outcome="Passed" testListId="8c84fa94-04c1-424b-9868-57a2d4851a1d" relativeResultsDirectory="de19c95a-a067-43e7-a5b6-fe4bd0109613" />
    <UnitTestResult executionId="3556de85-fd35-4a4e-b714-615d27b33d59" testId="89431f86-8db5-0206-372b-b89fca66cf1a" testName="Microsoft.VisualStudio.Services.Agent.Tests.LogPluginHost.LogPluginHostL0.LogPluginHost_RunMultiplePlugins" computerName="ComputerName" duration="00:00:01.0858574" startTime="2024-05-08T09:40:56.8398910+02:00" endTime="2024-05-08T09:40:56.8398912+02:00" testType="13cdc9d9-ddb5-4fa4-a97d-d965ccfc6d4b" outcome="Passed" testListId="8c84fa94-04c1-424b-9868-57a2d4851a1d" relativeResultsDirectory="3556de85-fd35-4a4e-b714-615d27b33d59" />
    <UnitTestResult executionId="dee8435d-62ee-4285-a2ad-6cff1d77018a" testId="f082a5fc-33ca-cf07-21bf-38e3475ab34d" testName="Microsoft.VisualStudio.Services.Agent.Tests.Worker.TestResults.JunitResultReaderTests.PublishJUnitKarmaResultFile" computerName="ComputerName" duration="00:00:00.0107839" startTime="2024-05-08T09:40:55.4420711+02:00" endTime="2024-05-08T09:40:55.4420712+02:00" testType="13cdc9d9-ddb5-4fa4-a97d-d965ccfc6d4b" outcome="Passed" testListId="8c84fa94-04c1-424b-9868-57a2d4851a1d" relativeResultsDirectory="dee8435d-62ee-4285-a2ad-6cff1d77018a" />
    <UnitTestResult executionId="a68c6728-827e-45b2-adda-1b015ae5c481" testId="7afee3c4-b1e7-4ea3-8ced-fac198d29497" testName="Test.L0.Worker.PluginInternalUpdateRepositoryPathCommandL0.Execute_should_set_paths_appropriately_for_nonSelf_repo" computerName="ComputerName" duration="00:00:00.0273038" startTime="2024-05-08T09:40:54.0436604+02:00" endTime="2024-05-08T09:40:54.0436605+02:00" testType="13cdc9d9-ddb5-4fa4-a97d-d965ccfc6d4b" outcome="Passed" testListId="8c84fa94-04c1-424b-9868-57a2d4851a1d" relativeResultsDirectory="a68c6728-827e-45b2-adda-1b015ae5c481" />
    <UnitTestResult executionId="448efe1d-d1c2-4dbb-8120-9bfc763e81cb" testId="e7ef87fd-2152-be20-b813-ef9a7c63f804" testName="Microsoft.VisualStudio.Services.Agent.Tests.ProcessInvokerL0.EnableWorkerCommandsByDefault" computerName="ComputerName" duration="00:00:00.5676419" startTime="2024-05-08T09:40:57.1366444+02:00" endTime="2024-05-08T09:40:57.1366446+02:00" testType="13cdc9d9-ddb5-4fa4-a97d-d965ccfc6d4b" outcome="Passed" testListId="8c84fa94-04c1-424b-9868-57a2d4851a1d" relativeResultsDirectory="448efe1d-d1c2-4dbb-8120-9bfc763e81cb" />
    <UnitTestResult executionId="a6b47e3f-7859-4156-8ded-f64fc2e6456b" testId="487bb204-a7df-a0a4-4a1b-2112e3fd678d" testName="Microsoft.VisualStudio.Services.Agent.Tests.Worker.TestResults.TrxReaderTests.ReadResultsDoesNotFailWithoutFinishTime" computerName="ComputerName" duration="00:00:00.0411852" startTime="2024-05-08T09:40:54.8141318+02:00" endTime="2024-05-08T09:40:54.8141320+02:00" testType="13cdc9d9-ddb5-4fa4-a97d-d965ccfc6d4b" outcome="Passed" testListId="8c84fa94-04c1-424b-9868-57a2d4851a1d" relativeResultsDirectory="a6b47e3f-7859-4156-8ded-f64fc2e6456b" />
    <UnitTestResult executionId="116e6291-7d10-47fb-9e1a-28ebfb166e68" testId="5546c02a-4052-810b-e2c5-7de8ffd7fe92" testName="Microsoft.VisualStudio.Services.Agent.Tests.Worker.TaskManagerL0.PreservesTaskZipTaskWhenInSignatureVerification" computerName="ComputerName" duration="00:00:00.0443924" startTime="2024-05-08T09:40:55.8217137+02:00" endTime="2024-05-08T09:40:55.8217139+02:00" testType="13cdc9d9-ddb5-4fa4-a97d-d965ccfc6d4b" outcome="Passed" testListId="8c84fa94-04c1-424b-9868-57a2d4851a1d" relativeResultsDirectory="116e6291-7d10-47fb-9e1a-28ebfb166e68" />
    <UnitTestResult executionId="c972850f-3b87-443d-a01d-c669ea7d03c0" testId="59a86a71-017c-aad9-f381-3b8653c42811" testName="Microsoft.VisualStudio.Services.Agent.Tests.Util.RepositoryUtilL0.GetPrimaryRepository_should_return_correct_value_when_called" computerName="ComputerName" duration="00:00:00.0181903" startTime="2024-05-08T09:40:51.0524631+02:00" endTime="2024-05-08T09:40:51.0524633+02:00" testType="13cdc9d9-ddb5-4fa4-a97d-d965ccfc6d4b" outcome="Passed" testListId="8c84fa94-04c1-424b-9868-57a2d4851a1d" relativeResultsDirectory="c972850f-3b87-443d-a01d-c669ea7d03c0" />
    <UnitTestResult executionId="25a1f7de-ef48-423b-aff7-2ca05471c8de" testId="7561dfc6-4c32-0fb1-a6d5-2674b5da20f6" testName="Microsoft.VisualStudio.Services.Agent.Tests.Worker.WorkerL0.VerifyIfOtherVariablesNotDeactivatesVsoCommands" computerName="ComputerName" duration="00:00:00.0005816" startTime="2024-05-08T09:40:53.6619381+02:00" endTime="2024-05-08T09:40:53.6619383+02:00" testType="13cdc9d9-ddb5-4fa4-a97d-d965ccfc6d4b" outcome="Passed" testListId="8c84fa94-04c1-424b-9868-57a2d4851a1d" relativeResultsDirectory="25a1f7de-ef48-423b-aff7-2ca05471c8de" />
    <UnitTestResult executionId="68c14087-e4a2-407b-854b-81d1a45eaefb" testId="ec482b44-5589-c9d7-affe-0e386fe4c87d" testName="Microsoft.VisualStudio.Services.Agent.Tests.CommandSettingsL0.PromptsForWindowsLogonPassword" computerName="ComputerName" duration="00:00:00.0108570" startTime="2024-05-08T09:40:51.5137806+02:00" endTime="2024-05-08T09:40:51.5137810+02:00" testType="13cdc9d9-ddb5-4fa4-a97d-d965ccfc6d4b" outcome="Passed" testListId="8c84fa94-04c1-424b-9868-57a2d4851a1d" relativeResultsDirectory="68c14087-e4a2-407b-854b-81d1a45eaefb" />
    <UnitTestResult executionId="118ff7ba-03e5-4f48-ba0c-542fe9c51b3a" testId="c8e44992-bc6b-0dc4-3e5d-cca11b6734e1" testName="Microsoft.VisualStudio.Services.Agent.Tests.SecretMaskerL0.IsComplexUrlNotMasked" computerName="ComputerName" duration="00:00:00.0094407" startTime="2024-05-08T09:40:52.7015826+02:00" endTime="2024-05-08T09:40:52.7015827+02:00" testType="13cdc9d9-ddb5-4fa4-a97d-d965ccfc6d4b" outcome="Passed" testListId="8c84fa94-04c1-424b-9868-57a2d4851a1d" relativeResultsDirectory="118ff7ba-03e5-4f48-ba0c-542fe9c51b3a" />
    <UnitTestResult executionId="9be1b8f8-03d3-410a-8cd8-140fc5172b02" testId="cc51274f-94d9-23e5-fad4-f3203861b80b" testName="Microsoft.VisualStudio.Services.Agent.Tests.LocStringsL0.IsNotMissingWorkerLocStrings" computerName="ComputerName" duration="00:00:00.2755352" startTime="2024-05-08T09:40:54.9100028+02:00" endTime="2024-05-08T09:40:54.9100030+02:00" testType="13cdc9d9-ddb5-4fa4-a97d-d965ccfc6d4b" outcome="Passed" testListId="8c84fa94-04c1-424b-9868-57a2d4851a1d" relativeResultsDirectory="9be1b8f8-03d3-410a-8cd8-140fc5172b02" />
    <UnitTestResult executionId="08cdb48f-3de5-4ea8-8b17-a8a55b6b2a53" testId="709abc80-9672-3f61-605c-221e96880a72" testName="Test.L0.Plugin.TestResultParser.TestRunManagerL0.TestRunManager_PublishTestRun_TestSummaryIsNotValid" computerName="ComputerName" duration="00:00:00.0023579" startTime="2024-05-08T09:40:51.4531580+02:00" endTime="2024-05-08T09:40:51.4531581+02:00" testType="13cdc9d9-ddb5-4fa4-a97d-d965ccfc6d4b" outcome="Passed" testListId="8c84fa94-04c1-424b-9868-57a2d4851a1d" relativeResultsDirectory="08cdb48f-3de5-4ea8-8b17-a8a55b6b2a53" />
    <UnitTestResult executionId="d04557f5-b42b-4b6b-8832-c6c05c403bc7" testId="de2daace-81e3-095e-05af-b050daa55cb2" testName="Microsoft.VisualStudio.Services.Agent.Tests.Worker.TestResults.TrxReaderTests.ResultsWithInvalidStartDate" computerName="ComputerName" duration="00:00:00.1040552" startTime="2024-05-08T09:40:55.2332569+02:00" endTime="2024-05-08T09:40:55.2332570+02:00" testType="13cdc9d9-ddb5-4fa4-a97d-d965ccfc6d4b" outcome="Passed" testListId="8c84fa94-04c1-424b-9868-57a2d4851a1d" relativeResultsDirectory="d04557f5-b42b-4b6b-8832-c6c05c403bc7" />
    <UnitTestResult executionId="9bc16da6-8145-4b09-83bf-b1b2304916cc" testId="38525529-dce0-1563-f93e-42da9b3deaf0" testName="Microsoft.VisualStudio.Services.Agent.Tests.SecretMaskerL0.SecretMaskerTests_RemoveEncodedSecrets" computerName="ComputerName" duration="00:00:00.0005406" startTime="2024-05-08T09:40:52.7291460+02:00" endTime="2024-05-08T09:40:52.7291485+02:00" testType="13cdc9d9-ddb5-4fa4-a97d-d965ccfc6d4b" outcome="Passed" testListId="8c84fa94-04c1-424b-9868-57a2d4851a1d" relativeResultsDirectory="9bc16da6-8145-4b09-83bf-b1b2304916cc" />
    <UnitTestResult executionId="efc1af74-c9d6-4951-8c20-ccab8b4eaa9b" testId="0c73261e-66d8-34d7-71d1-935f98337c9b" testName="Microsoft.VisualStudio.Services.Agent.Tests.HostContextExtensionL0.CreateHttpClientHandlerForCertValidationDontSkipCert" computerName="ComputerName" duration="00:00:00.0087642" startTime="2024-05-08T09:40:53.6529670+02:00" endTime="2024-05-08T09:40:53.6529673+02:00" testType="13cdc9d9-ddb5-4fa4-a97d-d965ccfc6d4b" outcome="Passed" testListId="8c84fa94-04c1-424b-9868-57a2d4851a1d" relativeResultsDirectory="efc1af74-c9d6-4951-8c20-ccab8b4eaa9b" />
    <UnitTestResult executionId="91fe8831-168a-4101-b066-1d8effa7d1a1" testId="8a20df39-decd-f273-f100-396910d78c97" testName="Microsoft.VisualStudio.Services.Agent.Tests.Listener.PipelineParserL0.MaxObjectDepth_Mixed" computerName="ComputerName" duration="00:00:00.0081596" startTime="2024-05-08T09:40:54.3372346+02:00" endTime="2024-05-08T09:40:54.3372347+02:00" testType="13cdc9d9-ddb5-4fa4-a97d-d965ccfc6d4b" outcome="Passed" testListId="8c84fa94-04c1-424b-9868-57a2d4851a1d" relativeResultsDirectory="91fe8831-168a-4101-b066-1d8effa7d1a1" />
    <UnitTestResult executionId="969d82e7-07ea-4fa0-a6bf-2da6313f94c1" testId="30dc0b31-1890-c554-b76e-55e02316e51a" testName="Microsoft.VisualStudio.Services.Agent.Tests.Listener.PipelineParserL0.Phase" computerName="ComputerName" duration="00:00:00.0072307" startTime="2024-05-08T09:40:54.4551561+02:00" endTime="2024-05-08T09:40:54.4551562+02:00" testType="13cdc9d9-ddb5-4fa4-a97d-d965ccfc6d4b" outcome="Passed" testListId="8c84fa94-04c1-424b-9868-57a2d4851a1d" relativeResultsDirectory="969d82e7-07ea-4fa0-a6bf-2da6313f94c1" />
    <UnitTestResult executionId="76b8cf39-8a5d-4b7e-85ba-75845a4731f8" testId="cdb68dc0-7e5e-3fe4-47eb-b20adcbbbd74" testName="Microsoft.VisualStudio.Services.Agent.Tests.Worker.TestResults.TrxReaderTests.ReadResultsDoesNotFailWithoutStartTime" computerName="ComputerName" duration="00:00:00.0625909" startTime="2024-05-08T09:40:54.5787855+02:00" endTime="2024-05-08T09:40:54.5787857+02:00" testType="13cdc9d9-ddb5-4fa4-a97d-d965ccfc6d4b" outcome="Passed" testListId="8c84fa94-04c1-424b-9868-57a2d4851a1d" relativeResultsDirectory="76b8cf39-8a5d-4b7e-85ba-75845a4731f8" />
    <UnitTestResult executionId="0e4274e3-8a4c-4bd8-a880-e2f9c2c7d516" testId="aa97661a-46aa-38b7-aa1d-4ad5e2cf6f54" testName="Microsoft.VisualStudio.Services.Agent.Tests.Listener.AgentCapabilitiesProviderTestL0.TestInteractiveSessionCapability" computerName="ComputerName" duration="00:00:00.0257032" startTime="2024-05-08T09:40:53.3959034+02:00" endTime="2024-05-08T09:40:53.3959035+02:00" testType="13cdc9d9-ddb5-4fa4-a97d-d965ccfc6d4b" outcome="Passed" testListId="8c84fa94-04c1-424b-9868-57a2d4851a1d" relativeResultsDirectory="0e4274e3-8a4c-4bd8-a880-e2f9c2c7d516" />
    <UnitTestResult executionId="6871ab58-fe25-4f35-a41c-db645e3f7f84" testId="e77ac467-117f-3926-36da-4f132df0bdb5" testName="Microsoft.VisualStudio.Services.Agent.Tests.Worker.Build.BuildDirectoryManagerL0.RecreatesArtifactsAndTestResultsDirectory" computerName="ComputerName" duration="00:00:00.0872684" startTime="2024-05-08T09:40:51.3605372+02:00" endTime="2024-05-08T09:40:51.3605374+02:00" testType="13cdc9d9-ddb5-4fa4-a97d-d965ccfc6d4b" outcome="Passed" testListId="8c84fa94-04c1-424b-9868-57a2d4851a1d" relativeResultsDirectory="6871ab58-fe25-4f35-a41c-db645e3f7f84" />
    <UnitTestResult executionId="e20349c0-c94c-4de1-97dd-fed5f16731cb" testId="b9d7a949-98bb-f51c-647c-cf359126d5a5" testName="Microsoft.VisualStudio.Services.Agent.Tests.PipelineCache.FingerprintCreatorTests.Fingerprint_ReservedFails" computerName="ComputerName" duration="00:00:00.0108013" startTime="2024-05-08T09:40:53.9029273+02:00" endTime="2024-05-08T09:40:53.9029275+02:00" testType="13cdc9d9-ddb5-4fa4-a97d-d965ccfc6d4b" outcome="Passed" testListId="8c84fa94-04c1-424b-9868-57a2d4851a1d" relativeResultsDirectory="e20349c0-c94c-4de1-97dd-fed5f16731cb" />
    <UnitTestResult executionId="76a232bb-c7c3-4374-8647-7f172c61532a" testId="f7231fb5-3a5b-8672-84ae-ee622e6005bb" testName="Microsoft.VisualStudio.Services.Agent.Tests.Worker.Results.CTestResultReaderTests.VerifyTestRunDurationCTest" computerName="ComputerName" duration="00:00:00.0216979" startTime="2024-05-08T09:40:54.2783474+02:00" endTime="2024-05-08T09:40:54.2783475+02:00" testType="13cdc9d9-ddb5-4fa4-a97d-d965ccfc6d4b" outcome="Passed" testListId="8c84fa94-04c1-424b-9868-57a2d4851a1d" relativeResultsDirectory="76a232bb-c7c3-4374-8647-7f172c61532a" />
    <UnitTestResult executionId="1b6255dc-9ddb-45d4-a2a0-e4aa8f1b968a" testId="59c90193-bf3b-f574-7ae1-e575ede2426c" testName="Test.L0.Worker.Handlers.CmdArgsSanitizerL0.SanitizeTest(inputArgs: &quot;1 ^^; 2&quot;, expectedArgs: &quot;1 ^^_#removed#_ 2&quot;)" computerName="ComputerName" duration="00:00:00.0003009" startTime="2024-05-08T09:40:53.5264425+02:00" endTime="2024-05-08T09:40:53.5264426+02:00" testType="13cdc9d9-ddb5-4fa4-a97d-d965ccfc6d4b" outcome="Passed" testListId="8c84fa94-04c1-424b-9868-57a2d4851a1d" relativeResultsDirectory="1b6255dc-9ddb-45d4-a2a0-e4aa8f1b968a" />
    <UnitTestResult executionId="b98cfc9d-74d5-4ac7-9471-781b40936f91" testId="2bed5334-3510-3821-5ba8-0d76c3ed7bc4" testName="Test.L0.Worker.Handlers.CmdArgsSanitizerL0.SanitizeSkipTest(inputArgs: &quot;1 ^; 2&quot;)" computerName="ComputerName" duration="00:00:00.0000081" startTime="2024-05-08T09:40:53.5694933+02:00" endTime="2024-05-08T09:40:53.5694935+02:00" testType="13cdc9d9-ddb5-4fa4-a97d-d965ccfc6d4b" outcome="Passed" testListId="8c84fa94-04c1-424b-9868-57a2d4851a1d" relativeResultsDirectory="b98cfc9d-74d5-4ac7-9471-781b40936f91" />
    <UnitTestResult executionId="9f151603-e78c-4c7a-a202-0e6eaf5db7b0" testId="3f120e74-0372-a646-4e7e-a2405b389e13" testName="Microsoft.VisualStudio.Services.Agent.Tests.Listener.MessageListenerL0.DeleteSession" computerName="ComputerName" duration="00:00:00.1288337" startTime="2024-05-08T09:40:55.6816123+02:00" endTime="2024-05-08T09:40:55.6816124+02:00" testType="13cdc9d9-ddb5-4fa4-a97d-d965ccfc6d4b" outcome="Passed" testListId="8c84fa94-04c1-424b-9868-57a2d4851a1d" relativeResultsDirectory="9f151603-e78c-4c7a-a202-0e6eaf5db7b0" />
    <UnitTestResult executionId="5d47209b-b0ac-4860-882a-b4641ad84f6b" testId="591c6937-c92a-da12-4dda-b231351457b8" testName="Microsoft.VisualStudio.Services.Agent.Tests.Worker.Build.TrackingManagerL0.UpdatesTopLevelTrackingConfig" computerName="ComputerName" duration="00:00:00.2175892" startTime="2024-05-08T09:40:54.7769593+02:00" endTime="2024-05-08T09:40:54.7769595+02:00" testType="13cdc9d9-ddb5-4fa4-a97d-d965ccfc6d4b" outcome="Passed" testListId="8c84fa94-04c1-424b-9868-57a2d4851a1d" relativeResultsDirectory="5d47209b-b0ac-4860-882a-b4641ad84f6b" />
    <UnitTestResult executionId="ed46ceb5-6244-42b0-b266-e1d6a86815c7" testId="557b0d3e-ef30-b7c6-285d-b73d77337801" testName="Microsoft.VisualStudio.Services.Agent.Tests.Worker.TestResults.JunitResultReaderTests.VerifyBehaviorWhenDefaultDateTimePassed" computerName="ComputerName" duration="00:00:00.0238677" startTime="2024-05-08T09:40:55.5507777+02:00" endTime="2024-05-08T09:40:55.5507778+02:00" testType="13cdc9d9-ddb5-4fa4-a97d-d965ccfc6d4b" outcome="Passed" testListId="8c84fa94-04c1-424b-9868-57a2d4851a1d" relativeResultsDirectory="ed46ceb5-6244-42b0-b266-e1d6a86815c7" />
    <UnitTestResult executionId="b2abfa0b-672b-4bc8-9983-f56b24d98954" testId="91b49766-0b11-a2cc-33db-e13a7bf76a3b" testName="Microsoft.VisualStudio.Services.Agent.Tests.SecretMaskerL0.SecretMaskerTests_RemoveShortSecretsBoundaryValues" computerName="ComputerName" duration="00:00:00.0004456" startTime="2024-05-08T09:40:52.7141659+02:00" endTime="2024-05-08T09:40:52.7141660+02:00" testType="13cdc9d9-ddb5-4fa4-a97d-d965ccfc6d4b" outcome="Passed" testListId="8c84fa94-04c1-424b-9868-57a2d4851a1d" relativeResultsDirectory="b2abfa0b-672b-4bc8-9983-f56b24d98954" />
    <UnitTestResult executionId="97d8ee33-3a16-47a7-811f-ff92d2983443" testId="b8cac327-9767-850a-09d0-a769e7990271" testName="Microsoft.VisualStudio.Services.Agent.Tests.PipelineCache.MatchingTests.DetermineFileEnumerationExact" computerName="ComputerName" duration="00:00:00.0002246" startTime="2024-05-08T09:40:53.1989211+02:00" endTime="2024-05-08T09:40:53.1989213+02:00" testType="13cdc9d9-ddb5-4fa4-a97d-d965ccfc6d4b" outcome="Passed" testListId="8c84fa94-04c1-424b-9868-57a2d4851a1d" relativeResultsDirectory="97d8ee33-3a16-47a7-811f-ff92d2983443" />
    <UnitTestResult executionId="2e4b6c35-dcdf-4a7e-862e-fa6d31e34418" testId="9d96a0e2-bd47-6c50-a277-c20f2062ad92" testName="Microsoft.VisualStudio.Services.Agent.Tests.Worker.VariablesL0.Constructor_DetectsAdjacentCyclicalReference" computerName="ComputerName" duration="00:00:00.0051564" startTime="2024-05-08T09:40:51.2695864+02:00" endTime="2024-05-08T09:40:51.2695865+02:00" testType="13cdc9d9-ddb5-4fa4-a97d-d965ccfc6d4b" outcome="Passed" testListId="8c84fa94-04c1-424b-9868-57a2d4851a1d" relativeResultsDirectory="2e4b6c35-dcdf-4a7e-862e-fa6d31e34418" />
    <UnitTestResult executionId="b0c23703-49db-4265-a730-fc65efda0d89" testId="0c9410a8-5fbb-4f4a-3dae-2de110484119" testName="Microsoft.VisualStudio.Services.Agent.Tests.CommandSettingsL0.PromptsForToken" computerName="ComputerName" duration="00:00:00.0119839" startTime="2024-05-08T09:40:51.5210022+02:00" endTime="2024-05-08T09:40:51.5210023+02:00" testType="13cdc9d9-ddb5-4fa4-a97d-d965ccfc6d4b" outcome="Passed" testListId="8c84fa94-04c1-424b-9868-57a2d4851a1d" relativeResultsDirectory="b0c23703-49db-4265-a730-fc65efda0d89" />
    <UnitTestResult executionId="c1babccb-2189-4a59-b4fa-e9e220810df8" testId="b7f4a808-5d99-4286-97d7-92af9a4890d3" testName="Microsoft.VisualStudio.Services.Agent.Tests.Worker.TestResults.JunitResultReaderTests.ResultsWithoutMandatoryFieldsAreSkipped" computerName="ComputerName" duration="00:00:00.0411298" startTime="2024-05-08T09:40:55.4833672+02:00" endTime="2024-05-08T09:40:55.4833674+02:00" testType="13cdc9d9-ddb5-4fa4-a97d-d965ccfc6d4b" outcome="Passed" testListId="8c84fa94-04c1-424b-9868-57a2d4851a1d" relativeResultsDirectory="c1babccb-2189-4a59-b4fa-e9e220810df8" />
    <UnitTestResult executionId="1c37052e-e388-44ba-82fe-d1a6334391ca" testId="3de89a88-f599-e086-d428-92be26ac3cf2" testName="Microsoft.VisualStudio.Services.Agent.Tests.Plugin.RepositoryPluginL0.RepositoryPlugin_MultiCheckout_UpdatePathForAllRepos" computerName="ComputerName" duration="00:00:00.1894308" startTime="2024-05-08T09:40:51.7552130+02:00" endTime="2024-05-08T09:40:51.7552131+02:00" testType="13cdc9d9-ddb5-4fa4-a97d-d965ccfc6d4b" outcome="Passed" testListId="8c84fa94-04c1-424b-9868-57a2d4851a1d" relativeResultsDirectory="1c37052e-e388-44ba-82fe-d1a6334391ca" />
    <UnitTestResult executionId="3ed3b4f6-c0fa-4764-b437-fed726cd8a24" testId="7320d0d0-aec0-0e2c-dfc8-3fefd791524d" testName="Microsoft.VisualStudio.Services.Agent.Tests.Util.StringUtilL0.DeactivateVsoCommandsFromStringTest(input: &quot;##VsO&quot;, expected: &quot;**vso&quot;)" computerName="ComputerName" duration="00:00:00.0000121" startTime="2024-05-08T09:40:54.3274664+02:00" endTime="2024-05-08T09:40:54.3274665+02:00" testType="13cdc9d9-ddb5-4fa4-a97d-d965ccfc6d4b" outcome="Passed" testListId="8c84fa94-04c1-424b-9868-57a2d4851a1d" relativeResultsDirectory="3ed3b4f6-c0fa-4764-b437-fed726cd8a24" />
    <UnitTestResult executionId="9e2c4208-86ea-4f76-a89c-0cb65a13ca91" testId="eda2f050-4473-24b0-9592-6f2af01fd9be" testName="Microsoft.VisualStudio.Services.Agent.Tests.Listener.AgentL0.TestMachineProvisionerCLICompat" computerName="ComputerName" duration="00:00:00.0457921" startTime="2024-05-08T09:40:55.4610637+02:00" endTime="2024-05-08T09:40:55.4610639+02:00" testType="13cdc9d9-ddb5-4fa4-a97d-d965ccfc6d4b" outcome="Passed" testListId="8c84fa94-04c1-424b-9868-57a2d4851a1d" relativeResultsDirectory="9e2c4208-86ea-4f76-a89c-0cb65a13ca91" />
    <UnitTestResult executionId="2c85bf8a-234b-4a0b-bff8-2ea385a7a1bc" testId="8ad3f1a0-88c9-0afd-727b-9e4bda9360e1" testName="Microsoft.VisualStudio.Services.Agent.Tests.Worker.Telemetry.TelemetryCommandExtensionTests.PublishTelemetryCommandWithSpecialCiProps" computerName="ComputerName" duration="00:00:00.0091781" startTime="2024-05-08T09:40:52.0259367+02:00" endTime="2024-05-08T09:40:52.0259368+02:00" testType="13cdc9d9-ddb5-4fa4-a97d-d965ccfc6d4b" outcome="Passed" testListId="8c84fa94-04c1-424b-9868-57a2d4851a1d" relativeResultsDirectory="2c85bf8a-234b-4a0b-bff8-2ea385a7a1bc" />
    <UnitTestResult executionId="100ae2f5-6498-462d-9b4c-03e9379d6c2a" testId="f6d70230-6398-8e1b-fe8b-3b03025c1516" testName="Microsoft.VisualStudio.Services.Agent.Tests.TestFileContainerProviderL0.TestGettingArtifactItemsWithMinimatchPattern(pttrn: [&quot;**&quot;, &quot;!**/File2.txt&quot;], count: 6, expectedPaths: [&quot;ArtifactForTest&quot;, &quot;ArtifactForTest/File1.txt&quot;, &quot;ArtifactForTest/Folder1&quot;, &quot;ArtifactForTest/Folder1/File21.txt&quot;, &quot;ArtifactForTest/Folder1/Folder2&quot;, ...])" computerName="ComputerName" duration="00:00:00.0056201" startTime="2024-05-08T09:40:52.4506735+02:00" endTime="2024-05-08T09:40:52.4506736+02:00" testType="13cdc9d9-ddb5-4fa4-a97d-d965ccfc6d4b" outcome="Passed" testListId="8c84fa94-04c1-424b-9868-57a2d4851a1d" relativeResultsDirectory="100ae2f5-6498-462d-9b4c-03e9379d6c2a" />
    <UnitTestResult executionId="98f6dcd5-dba2-4b98-8124-77ddab4f56aa" testId="91f1412c-d692-a17d-f721-4f70a228472b" testName="Microsoft.VisualStudio.Services.Agent.Tests.Worker.StepsRunnerL0.AlwaysMeansAlways" computerName="ComputerName" duration="00:00:00.1415617" startTime="2024-05-08T09:40:51.9134934+02:00" endTime="2024-05-08T09:40:51.9134935+02:00" testType="13cdc9d9-ddb5-4fa4-a97d-d965ccfc6d4b" outcome="Passed" testListId="8c84fa94-04c1-424b-9868-57a2d4851a1d" relativeResultsDirectory="98f6dcd5-dba2-4b98-8124-77ddab4f56aa" />
    <UnitTestResult executionId="7b91322c-059e-41d3-a732-f4c43f4dbc57" testId="af2d681d-9dd6-b08b-cd78-3b5da4b8f6b2" testName="Test.L0.Plugin.TestResultParser.TestResultLogPluginL0.TestResultLogPlugin_DisableIfOnPremPipeline" computerName="ComputerName" duration="00:00:00.0021316" startTime="2024-05-08T09:40:51.7908691+02:00" endTime="2024-05-08T09:40:51.7908693+02:00" testType="13cdc9d9-ddb5-4fa4-a97d-d965ccfc6d4b" outcome="Passed" testListId="8c84fa94-04c1-424b-9868-57a2d4851a1d" relativeResultsDirectory="7b91322c-059e-41d3-a732-f4c43f4dbc57" />
    <UnitTestResult executionId="3d5ee14a-dd5b-4ceb-9c2b-1fba4b6ceaf9" testId="483bc69b-d3e9-3089-9d40-9064ac7dbf73" testName="Microsoft.VisualStudio.Services.Agent.Tests.Worker.JobRunnerL0.UpdateWebConsoleLineRateIfJobServerQueueIsNotNull" computerName="ComputerName" duration="00:00:00.0227597" startTime="2024-05-08T09:40:52.1671063+02:00" endTime="2024-05-08T09:40:52.1671065+02:00" testType="13cdc9d9-ddb5-4fa4-a97d-d965ccfc6d4b" outcome="Passed" testListId="8c84fa94-04c1-424b-9868-57a2d4851a1d" relativeResultsDirectory="3d5ee14a-dd5b-4ceb-9c2b-1fba4b6ceaf9" />
    <UnitTestResult executionId="f87973b6-26ec-4029-b172-5b25dab798a9" testId="d9386c61-c18a-ac65-d793-52f7f3c79154" testName="Microsoft.VisualStudio.Services.Agent.Tests.Worker.Build.TrackingManagerL0.MergeTrackingConfig_CheckIfReturnsValidConfigIfBuildOverrideIsFalse" computerName="ComputerName" duration="00:00:00.0034035" startTime="2024-05-08T09:40:54.8032734+02:00" endTime="2024-05-08T09:40:54.8032735+02:00" testType="13cdc9d9-ddb5-4fa4-a97d-d965ccfc6d4b" outcome="Passed" testListId="8c84fa94-04c1-424b-9868-57a2d4851a1d" relativeResultsDirectory="f87973b6-26ec-4029-b172-5b25dab798a9" />
    <UnitTestResult executionId="004833f2-744c-4c52-bd28-2c158b02322b" testId="77cc3f99-fced-b2f3-fa7c-e8ac7402a309" testName="Microsoft.VisualStudio.Services.Agent.Tests.Util.IOUtilL0.DeleteDirectory_DeletesReadOnlyFiles" computerName="ComputerName" duration="00:00:00.0107705" startTime="2024-05-08T09:40:56.4768870+02:00" endTime="2024-05-08T09:40:56.4768880+02:00" testType="13cdc9d9-ddb5-4fa4-a97d-d965ccfc6d4b" outcome="Passed" testListId="8c84fa94-04c1-424b-9868-57a2d4851a1d" relativeResultsDirectory="004833f2-744c-4c52-bd28-2c158b02322b" />
    <UnitTestResult executionId="a87e5298-52b1-4b5a-8711-ac33770965f2" testId="286e2e1d-bd8b-8bd0-2f7b-f25ce5ac8be3" testName="Microsoft.VisualStudio.Services.Agent.Tests.Listener.AgentL0.TestExecuteCommandForRunAsService(args: [&quot;run&quot;], configureAsService: True, expectedTimes: Once)" computerName="ComputerName" duration="00:00:00.0796338" startTime="2024-05-08T09:40:51.5665613+02:00" endTime="2024-05-08T09:40:51.5665614+02:00" testType="13cdc9d9-ddb5-4fa4-a97d-d965ccfc6d4b" outcome="Passed" testListId="8c84fa94-04c1-424b-9868-57a2d4851a1d" relativeResultsDirectory="a87e5298-52b1-4b5a-8711-ac33770965f2" />
    <UnitTestResult executionId="b77dd37b-51dc-464c-a79e-503bd53ad3c9" testId="17ab09f3-fcb1-5d35-c344-9c5b553a2e92" testName="Test.L0.Plugin.TestFilePublisher.TestFilePublisherL0.TestFilePublisher_PublishTestFiles" computerName="ComputerName" duration="00:00:00.0179143" startTime="2024-05-08T09:40:55.6563175+02:00" endTime="2024-05-08T09:40:55.6563176+02:00" testType="13cdc9d9-ddb5-4fa4-a97d-d965ccfc6d4b" outcome="Passed" testListId="8c84fa94-04c1-424b-9868-57a2d4851a1d" relativeResultsDirectory="b77dd37b-51dc-464c-a79e-503bd53ad3c9" />
    <UnitTestResult executionId="f123a925-fd59-4ddb-b58c-f4b9528d4091" testId="751303bd-bbad-64f7-1ab0-a034a0ac3751" testName="Test.L0.Plugin.TestResultParser.EnumerableExtensionL0.ListShouldBeBatchedForAnEmptyList" computerName="ComputerName" duration="00:00:00.0113951" startTime="2024-05-08T09:40:54.3774068+02:00" endTime="2024-05-08T09:40:54.3774069+02:00" testType="13cdc9d9-ddb5-4fa4-a97d-d965ccfc6d4b" outcome="Passed" testListId="8c84fa94-04c1-424b-9868-57a2d4851a1d" relativeResultsDirectory="f123a925-fd59-4ddb-b58c-f4b9528d4091" />
    <UnitTestResult executionId="6c88e9aa-b778-4c2f-8a03-33d9d4ca699a" testId="f24fafc0-e865-1526-e68f-08cba4f8ae29" testName="Microsoft.VisualStudio.Services.Agent.Tests.Worker.Build.TfsVCSourceProvider_WorkspaceUtilL0.DoesNotMatch_MappingType" computerName="ComputerName" duration="00:00:00.0167975" startTime="2024-05-08T09:40:53.9009552+02:00" endTime="2024-05-08T09:40:53.9009554+02:00" testType="13cdc9d9-ddb5-4fa4-a97d-d965ccfc6d4b" outcome="Passed" testListId="8c84fa94-04c1-424b-9868-57a2d4851a1d" relativeResultsDirectory="6c88e9aa-b778-4c2f-8a03-33d9d4ca699a" />
    <UnitTestResult executionId="664e85e0-5db9-448e-b1c6-0ffedc7ff877" testId="76e3b351-3082-21f8-e244-14beb29ab9fe" testName="Microsoft.VisualStudio.Services.Agent.Tests.Util.IOUtilL0.DeleteFile_DeletesWithRetry_IOException" computerName="ComputerName" duration="00:00:03.0430253" startTime="2024-05-08T09:41:04.8048748+02:00" endTime="2024-05-08T09:41:04.8048756+02:00" testType="13cdc9d9-ddb5-4fa4-a97d-d965ccfc6d4b" outcome="Passed" testListId="8c84fa94-04c1-424b-9868-57a2d4851a1d" relativeResultsDirectory="664e85e0-5db9-448e-b1c6-0ffedc7ff877" />
    <UnitTestResult executionId="b585e54e-6ef8-4ecd-83a5-12a9fba28f33" testId="2702f22e-e3b6-3a5e-8d76-db0ff7e52005" testName="Microsoft.VisualStudio.Services.Agent.Tests.HostContextL0.UrlSecretsAreMasked(input: &quot;http://user:pass@example.com/path&quot;, expected: &quot;http://user:***@example.com/path&quot;)" computerName="ComputerName" duration="00:00:00.0055265" startTime="2024-05-08T09:40:52.4315994+02:00" endTime="2024-05-08T09:40:52.4315996+02:00" testType="13cdc9d9-ddb5-4fa4-a97d-d965ccfc6d4b" outcome="Passed" testListId="8c84fa94-04c1-424b-9868-57a2d4851a1d" relativeResultsDirectory="b585e54e-6ef8-4ecd-83a5-12a9fba28f33" />
    <UnitTestResult executionId="4fe811b6-f950-4f71-8913-a3a6967aeacc" testId="98c38a35-a0f4-eebc-c203-5d6892dc2342" testName="Microsoft.VisualStudio.Services.Agent.Tests.Worker.TestResults.XUnitResultReaderTests.VerifyLastTestCaseEndDateNotGreaterThanTestRunTotalTime" computerName="ComputerName" duration="00:00:00.0321895" startTime="2024-05-08T09:40:52.3376510+02:00" endTime="2024-05-08T09:40:52.3376511+02:00" testType="13cdc9d9-ddb5-4fa4-a97d-d965ccfc6d4b" outcome="Passed" testListId="8c84fa94-04c1-424b-9868-57a2d4851a1d" relativeResultsDirectory="4fe811b6-f950-4f71-8913-a3a6967aeacc" />
    <UnitTestResult executionId="4365349f-34e0-4e29-acc1-e8303cd425a0" testId="6227de3c-b702-aa33-1b20-623d36392e15" testName="Microsoft.VisualStudio.Services.Agent.Tests.Worker.CodeCoverage.CodeCoverageCommandExtensionTests.PublishCCFilesWithOnlyAdditionalFilesInput" computerName="ComputerName" duration="00:00:00.0505736" startTime="2024-05-08T09:40:53.0136955+02:00" endTime="2024-05-08T09:40:53.0136956+02:00" testType="13cdc9d9-ddb5-4fa4-a97d-d965ccfc6d4b" outcome="Passed" testListId="8c84fa94-04c1-424b-9868-57a2d4851a1d" relativeResultsDirectory="4365349f-34e0-4e29-acc1-e8303cd425a0" />
    <UnitTestResult executionId="3b73cf46-6b58-4092-9daa-eff765178c87" testId="38b1b4e2-8f7d-52a0-288d-897fe437ffb4" testName="Microsoft.VisualStudio.Services.Agent.Tests.Worker.StepsRunnerL0.RunNormalStepsContinueOnError" computerName="ComputerName" duration="00:00:00.2224613" startTime="2024-05-08T09:40:51.6759878+02:00" endTime="2024-05-08T09:40:51.6759881+02:00" testType="13cdc9d9-ddb5-4fa4-a97d-d965ccfc6d4b" outcome="Passed" testListId="8c84fa94-04c1-424b-9868-57a2d4851a1d" relativeResultsDirectory="3b73cf46-6b58-4092-9daa-eff765178c87" />
    <UnitTestResult executionId="74e60d83-9223-4c9a-bfe4-e31d3e4afa96" testId="4d0423ae-da1e-2a72-806f-e9bb50cb684c" testName="Microsoft.VisualStudio.Services.Agent.Tests.LocStringsL0.IsLocStringsPrettyPrint" computerName="ComputerName" duration="00:00:00.0704869" startTime="2024-05-08T09:40:54.9806638+02:00" endTime="2024-05-08T09:40:54.9806641+02:00" testType="13cdc9d9-ddb5-4fa4-a97d-d965ccfc6d4b" outcome="Passed" testListId="8c84fa94-04c1-424b-9868-57a2d4851a1d" relativeResultsDirectory="74e60d83-9223-4c9a-bfe4-e31d3e4afa96" />
    <UnitTestResult executionId="e6b48078-3af3-430b-a173-d2c35ed9b3ec" testId="f74f4d1d-4713-9330-9071-ac8ab5006900" testName="Test.L0.Worker.Handlers.CmdArgsSanitizerL0.SanitizeSkipTest(inputArgs: &quot;1 ^; 2 ^&amp;^&amp; 3 ^&lt; ^&gt; ^| ^^&quot;)" computerName="ComputerName" duration="00:00:00.0000085" startTime="2024-05-08T09:40:53.5721929+02:00" endTime="2024-05-08T09:40:53.5721930+02:00" testType="13cdc9d9-ddb5-4fa4-a97d-d965ccfc6d4b" outcome="Passed" testListId="8c84fa94-04c1-424b-9868-57a2d4851a1d" relativeResultsDirectory="e6b48078-3af3-430b-a173-d2c35ed9b3ec" />
    <UnitTestResult executionId="cd9bb690-e04a-49da-9898-3d7d735d8f76" testId="e79e2cf0-23ed-a066-6b07-49451da56c43" testName="Test.L0.Plugin.TestResultParser.LogPreProcessorL0.LogPreProcessorRemovesWarningLines" computerName="ComputerName" duration="00:00:00.0007645" startTime="2024-05-08T09:40:53.4228413+02:00" endTime="2024-05-08T09:40:53.4228416+02:00" testType="13cdc9d9-ddb5-4fa4-a97d-d965ccfc6d4b" outcome="Passed" testListId="8c84fa94-04c1-424b-9868-57a2d4851a1d" relativeResultsDirectory="cd9bb690-e04a-49da-9898-3d7d735d8f76" />
    <UnitTestResult executionId="a46499ce-ee1f-40d8-b774-e31e2885e9f9" testId="c1ffc5d2-6143-fe06-2586-f4ee7dfe4422" testName="Microsoft.VisualStudio.Services.Agent.Tests.Util.StringUtilL0.DeactivateVsoCommandsFromStringTest(input: &quot;##vso[] a&quot;, expected: &quot;**vso[] a&quot;)" computerName="ComputerName" duration="00:00:00.0000150" startTime="2024-05-08T09:40:54.3242232+02:00" endTime="2024-05-08T09:40:54.3242233+02:00" testType="13cdc9d9-ddb5-4fa4-a97d-d965ccfc6d4b" outcome="Passed" testListId="8c84fa94-04c1-424b-9868-57a2d4851a1d" relativeResultsDirectory="a46499ce-ee1f-40d8-b774-e31e2885e9f9" />
    <UnitTestResult executionId="28a7b1a2-802e-40c6-b59b-2e0c44735e1c" testId="45215bee-3e4e-618a-2176-75c6a9e51d0f" testName="Microsoft.VisualStudio.Services.Agent.Tests.CommandSettingsL0.GetsFlagReplace" computerName="ComputerName" duration="00:00:00.0134673" startTime="2024-05-08T09:40:52.3043551+02:00" endTime="2024-05-08T09:40:52.3043552+02:00" testType="13cdc9d9-ddb5-4fa4-a97d-d965ccfc6d4b" outcome="Passed" testListId="8c84fa94-04c1-424b-9868-57a2d4851a1d" relativeResultsDirectory="28a7b1a2-802e-40c6-b59b-2e0c44735e1c" />
    <UnitTestResult executionId="98a5cc99-adc7-481e-a83b-690f0f67de5b" testId="55fe5e66-7a36-ad4f-1c2c-2692cef7ee7e" testName="Microsoft.VisualStudio.Services.Agent.Tests.Worker.VariablesL0.Constructor_ExpandsValueWithPreceedingPrefix" computerName="ComputerName" duration="00:00:00.0251824" startTime="2024-05-08T09:40:51.6256834+02:00" endTime="2024-05-08T09:40:51.6256835+02:00" testType="13cdc9d9-ddb5-4fa4-a97d-d965ccfc6d4b" outcome="Passed" testListId="8c84fa94-04c1-424b-9868-57a2d4851a1d" relativeResultsDirectory="98a5cc99-adc7-481e-a83b-690f0f67de5b" />
    <UnitTestResult executionId="cbaf82ea-ca3c-45a5-8b1d-b985f30245f3" testId="41806247-1907-253a-c28d-832d6c7bae6e" testName="Microsoft.VisualStudio.Services.Agent.Tests.Worker.VariablesL0.Set_CanUpdateASecret" computerName="ComputerName" duration="00:00:00.0253667" startTime="2024-05-08T09:40:51.6669218+02:00" endTime="2024-05-08T09:40:51.6669219+02:00" testType="13cdc9d9-ddb5-4fa4-a97d-d965ccfc6d4b" outcome="Passed" testListId="8c84fa94-04c1-424b-9868-57a2d4851a1d" relativeResultsDirectory="cbaf82ea-ca3c-45a5-8b1d-b985f30245f3" />
    <UnitTestResult executionId="58ea5ecf-86d7-4f67-a67c-348ec082ca41" testId="881f604f-69c2-aea2-5c19-f4c4a7a18cc4" testName="Microsoft.VisualStudio.Services.Agent.Tests.Worker.TestResults.TrxReaderTests.VerifyNoResultsFilesAreAddedAsRunLevelAttachmentsIfSkipFlagIsSet" computerName="ComputerName" duration="00:00:00.0298185" startTime="2024-05-08T09:40:54.9447874+02:00" endTime="2024-05-08T09:40:54.9447876+02:00" testType="13cdc9d9-ddb5-4fa4-a97d-d965ccfc6d4b" outcome="Passed" testListId="8c84fa94-04c1-424b-9868-57a2d4851a1d" relativeResultsDirectory="58ea5ecf-86d7-4f67-a67c-348ec082ca41" />
    <UnitTestResult executionId="876d54be-ddad-4cf9-96da-203ed1e44af8" testId="d280de51-0189-d5ff-b159-9b5d03da042f" testName="Microsoft.VisualStudio.Services.Agent.Tests.Worker.Telemetry.TelemetryCommandExtensionTests.PublishTelemetryWithoutCommandEvent" computerName="ComputerName" duration="00:00:00.0065565" startTime="2024-05-08T09:40:52.1438834+02:00" endTime="2024-05-08T09:40:52.1438835+02:00" testType="13cdc9d9-ddb5-4fa4-a97d-d965ccfc6d4b" outcome="Passed" testListId="8c84fa94-04c1-424b-9868-57a2d4851a1d" relativeResultsDirectory="876d54be-ddad-4cf9-96da-203ed1e44af8" />
    <UnitTestResult executionId="0799c874-a964-4571-992e-65942ec0d93e" testId="d9f1f6a5-b088-d34d-f35a-9f399c453df0" testName="Microsoft.VisualStudio.Services.Agent.Tests.Worker.TaskManagerL0.RetryStreamException" computerName="ComputerName" duration="00:00:00.0270327" startTime="2024-05-08T09:40:55.8552045+02:00" endTime="2024-05-08T09:40:55.8552047+02:00" testType="13cdc9d9-ddb5-4fa4-a97d-d965ccfc6d4b" outcome="Passed" testListId="8c84fa94-04c1-424b-9868-57a2d4851a1d" relativeResultsDirectory="0799c874-a964-4571-992e-65942ec0d93e" />
    <UnitTestResult executionId="9a3b1fbf-af5b-4cf7-8e40-5bac4f6a768a" testId="88560b90-acba-fe69-b65b-2a2842d23232" testName="Microsoft.VisualStudio.Services.Agent.Tests.PipelineCache.IsPathyTests.Fingerprint_IsPath" computerName="ComputerName" duration="00:00:00.0043926" startTime="2024-05-08T09:40:51.1956768+02:00" endTime="2024-05-08T09:40:51.1956770+02:00" testType="13cdc9d9-ddb5-4fa4-a97d-d965ccfc6d4b" outcome="Passed" testListId="8c84fa94-04c1-424b-9868-57a2d4851a1d" relativeResultsDirectory="9a3b1fbf-af5b-4cf7-8e40-5bac4f6a768a" />
    <UnitTestResult executionId="96e34ffc-0564-45c1-86d7-bc7c70dcca53" testId="ce33eb2c-09a8-96d2-e35e-90ea3b4b0250" testName="Microsoft.VisualStudio.Services.Agent.Tests.Util.IOUtilL0.DeleteFile_DeletesFile" computerName="ComputerName" duration="00:00:00.0044886" startTime="2024-05-08T09:41:04.8238176+02:00" endTime="2024-05-08T09:41:04.8238181+02:00" testType="13cdc9d9-ddb5-4fa4-a97d-d965ccfc6d4b" outcome="Passed" testListId="8c84fa94-04c1-424b-9868-57a2d4851a1d" relativeResultsDirectory="96e34ffc-0564-45c1-86d7-bc7c70dcca53" />
    <UnitTestResult executionId="e98bc917-9f8b-4a7d-b490-2f16cffe5d4b" testId="60fe4059-8e9b-7761-a65b-8e8eff085214" testName="Microsoft.VisualStudio.Services.Agent.Tests.CommandSettingsL0.GetsFlagDeploymentAgent" computerName="ComputerName" duration="00:00:00.0076162" startTime="2024-05-08T09:40:51.5515623+02:00" endTime="2024-05-08T09:40:51.5515625+02:00" testType="13cdc9d9-ddb5-4fa4-a97d-d965ccfc6d4b" outcome="Passed" testListId="8c84fa94-04c1-424b-9868-57a2d4851a1d" relativeResultsDirectory="e98bc917-9f8b-4a7d-b490-2f16cffe5d4b" />
    <UnitTestResult executionId="48a9f9ce-0673-4170-9099-7dc64e520515" testId="2c404532-8e05-fb2c-21a8-fb79bad854a1" testName="Test.L0.Plugin.TestResultParser.PipelineTestRunPublisherL0.PipelineTestRunPublisher_PublishTestRun_ValidateTestResults" computerName="ComputerName" duration="00:00:00.0203634" startTime="2024-05-08T09:40:55.1392755+02:00" endTime="2024-05-08T09:40:55.1392757+02:00" testType="13cdc9d9-ddb5-4fa4-a97d-d965ccfc6d4b" outcome="Passed" testListId="8c84fa94-04c1-424b-9868-57a2d4851a1d" relativeResultsDirectory="48a9f9ce-0673-4170-9099-7dc64e520515" />
    <UnitTestResult executionId="817ac7af-de03-43f3-b620-79aca0ef59f9" testId="687ff9aa-a96e-936b-72a0-5a809c9fc9bf" testName="Test.L0.Worker.Handlers.ProcessHandlerHelperL0.NestedVariablesNotExpands" computerName="ComputerName" duration="00:00:00.0001575" startTime="2024-05-08T09:40:51.1492700+02:00" endTime="2024-05-08T09:40:51.1492701+02:00" testType="13cdc9d9-ddb5-4fa4-a97d-d965ccfc6d4b" outcome="Passed" testListId="8c84fa94-04c1-424b-9868-57a2d4851a1d" relativeResultsDirectory="817ac7af-de03-43f3-b620-79aca0ef59f9" />
    <UnitTestResult executionId="281a671e-ee1b-425f-b52c-1af9030a5668" testId="42a4c4e8-24c2-f1d4-ea32-0da0148c4f0c" testName="Microsoft.VisualStudio.Services.Agent.Tests.Worker.StepsRunnerL0.SkipsAfterFailureOnlyBaseOnCondition" computerName="ComputerName" duration="00:00:00.0497390" startTime="2024-05-08T09:40:51.9597521+02:00" endTime="2024-05-08T09:40:51.9597521+02:00" testType="13cdc9d9-ddb5-4fa4-a97d-d965ccfc6d4b" outcome="Passed" testListId="8c84fa94-04c1-424b-9868-57a2d4851a1d" relativeResultsDirectory="281a671e-ee1b-425f-b52c-1af9030a5668" />
    <UnitTestResult executionId="9da7dfe1-ac67-4d0e-9bde-b638a5d9b8bf" testId="3978fb3b-aac2-72dc-9482-3f27324d8e34" testName="Microsoft.VisualStudio.Services.Agent.Tests.Plugin.RepositoryPluginL0.RepositoryPlugin_NoPathInput" computerName="ComputerName" duration="00:00:00.0509884" startTime="2024-05-08T09:40:51.9686424+02:00" endTime="2024-05-08T09:40:51.9686426+02:00" testType="13cdc9d9-ddb5-4fa4-a97d-d965ccfc6d4b" outcome="Passed" testListId="8c84fa94-04c1-424b-9868-57a2d4851a1d" relativeResultsDirectory="9da7dfe1-ac67-4d0e-9bde-b638a5d9b8bf" />
    <UnitTestResult executionId="b2b452bf-1fc9-4f61-8c31-a071091d6241" testId="8d30cb0e-a823-3adb-0740-e4a83a75ba85" testName="Microsoft.VisualStudio.Services.Agent.Tests.Worker.ExecutionContextL0.TranslatePathForStepTarget_should_convert_path_only_for_containers(isCheckout: True, jobTarget: null, stepTarget: &quot;container&quot;)" computerName="ComputerName" duration="00:00:00.0112756" startTime="2024-05-08T09:40:53.5965304+02:00" endTime="2024-05-08T09:40:53.5965305+02:00" testType="13cdc9d9-ddb5-4fa4-a97d-d965ccfc6d4b" outcome="Passed" testListId="8c84fa94-04c1-424b-9868-57a2d4851a1d" relativeResultsDirectory="b2b452bf-1fc9-4f61-8c31-a071091d6241" />
    <UnitTestResult executionId="0df12e5f-9e2b-4774-88ef-6c715ad8d781" testId="97032f68-be27-e093-8288-ee7397717322" testName="Test.L0.Plugin.TestGitCliManager.TestGitCliManagerL0.TestGitLfsFetchLfsConfigDoesNotExist" computerName="ComputerName" duration="00:00:00.0293877" startTime="2024-05-08T09:40:55.0719145+02:00" endTime="2024-05-08T09:40:55.0719171+02:00" testType="13cdc9d9-ddb5-4fa4-a97d-d965ccfc6d4b" outcome="Passed" testListId="8c84fa94-04c1-424b-9868-57a2d4851a1d" relativeResultsDirectory="0df12e5f-9e2b-4774-88ef-6c715ad8d781" />
    <UnitTestResult executionId="81c8775b-d625-445c-89f3-82d64aec6641" testId="1a0a98e8-a3d3-bab6-02ce-c630d5275fb7" testName="Microsoft.VisualStudio.Services.Agent.Tests.Worker.CodeCoverage.CodeCoverageUtilitiesTests.GetPriorityOrderTest" computerName="ComputerName" duration="00:00:00.0002648" startTime="2024-05-08T09:40:53.7652087+02:00" endTime="2024-05-08T09:40:53.7652088+02:00" testType="13cdc9d9-ddb5-4fa4-a97d-d965ccfc6d4b" outcome="Passed" testListId="8c84fa94-04c1-424b-9868-57a2d4851a1d" relativeResultsDirectory="81c8775b-d625-445c-89f3-82d64aec6641" />
    <UnitTestResult executionId="2726ea17-f836-4ca2-b4d9-e08fd210376c" testId="269b2ca8-0e6f-fbef-4ccc-12e38377af08" testName="Microsoft.VisualStudio.Services.Agent.Tests.Listener.Configuration.PromptManagerTestsL0.PromptsAgainWhenEmpty" computerName="ComputerName" duration="00:00:00.0040803" startTime="2024-05-08T09:40:51.4734291+02:00" endTime="2024-05-08T09:40:51.4734292+02:00" testType="13cdc9d9-ddb5-4fa4-a97d-d965ccfc6d4b" outcome="Passed" testListId="8c84fa94-04c1-424b-9868-57a2d4851a1d" relativeResultsDirectory="2726ea17-f836-4ca2-b4d9-e08fd210376c" />
    <UnitTestResult executionId="fb061c5a-7b26-4de0-a19f-a73296e2cf68" testId="6a220b54-8b95-9018-73bb-ba9a08ea3273" testName="Microsoft.VisualStudio.Services.Agent.Tests.Worker.JobExtensionL0.JobExtensionSetupInfo" computerName="ComputerName" duration="00:00:00.1673296" startTime="2024-05-08T09:40:53.8991608+02:00" endTime="2024-05-08T09:40:53.8991609+02:00" testType="13cdc9d9-ddb5-4fa4-a97d-d965ccfc6d4b" outcome="Passed" testListId="8c84fa94-04c1-424b-9868-57a2d4851a1d" relativeResultsDirectory="fb061c5a-7b26-4de0-a19f-a73296e2cf68" />
    <UnitTestResult executionId="5f31be22-973e-48f3-bcc5-40e9254a157e" testId="40b0733f-a5c0-1f13-2ff6-e6d1c682866f" testName="Test.L0.Worker.Handlers.CmdArgsSanitizerL0.Telemetry_BasicTest(inputArgs: &quot;; &amp;&amp;&amp;;; $&quot;, expectedRemovedSymbolsCount: 7, expectedRemovedSymbols: [[;, 3], [&amp;, 3], [$, 1]])" computerName="ComputerName" duration="00:00:00.0021545" startTime="2024-05-08T09:40:53.5772310+02:00" endTime="2024-05-08T09:40:53.5772311+02:00" testType="13cdc9d9-ddb5-4fa4-a97d-d965ccfc6d4b" outcome="Passed" testListId="8c84fa94-04c1-424b-9868-57a2d4851a1d" relativeResultsDirectory="5f31be22-973e-48f3-bcc5-40e9254a157e" />
    <UnitTestResult executionId="2f622dfc-42f7-4dbf-b0ef-a8f2c53b6c1a" testId="4de5a206-613c-b678-eb37-8aefcaa354b9" testName="Microsoft.VisualStudio.Services.Agent.Tests.LoggedSecretMaskerL0.LoggedSecretMasker_Sets_MinSecretLength_To_MaxValue" computerName="ComputerName" duration="00:00:00.0009930" startTime="2024-05-08T09:40:53.9618409+02:00" endTime="2024-05-08T09:40:53.9618410+02:00" testType="13cdc9d9-ddb5-4fa4-a97d-d965ccfc6d4b" outcome="Passed" testListId="8c84fa94-04c1-424b-9868-57a2d4851a1d" relativeResultsDirectory="2f622dfc-42f7-4dbf-b0ef-a8f2c53b6c1a" />
    <UnitTestResult executionId="d70c3596-8c99-4eec-a257-3ef580e50c59" testId="044a880a-47e7-4cd4-dd0d-8da81e203756" testName="Microsoft.VisualStudio.Services.Agent.Tests.Worker.Telemetry.TelemetryCommandExtensionTests.PublishTelemetryWithoutFeature" computerName="ComputerName" duration="00:00:00.0089300" startTime="2024-05-08T09:40:52.0082571+02:00" endTime="2024-05-08T09:40:52.0082573+02:00" testType="13cdc9d9-ddb5-4fa4-a97d-d965ccfc6d4b" outcome="Passed" testListId="8c84fa94-04c1-424b-9868-57a2d4851a1d" relativeResultsDirectory="d70c3596-8c99-4eec-a257-3ef580e50c59" />
    <UnitTestResult executionId="4d3554da-b370-450d-b376-84341bca5be3" testId="5d850277-9428-4b7e-720b-f19605653c7a" testName="Microsoft.VisualStudio.Services.Agent.Tests.Util.RepositoryUtilL0.GetCloneDirectory_REPO_should_throw_on_null" computerName="ComputerName" duration="00:00:00.0046972" startTime="2024-05-08T09:40:51.0033811+02:00" endTime="2024-05-08T09:40:51.0033812+02:00" testType="13cdc9d9-ddb5-4fa4-a97d-d965ccfc6d4b" outcome="Passed" testListId="8c84fa94-04c1-424b-9868-57a2d4851a1d" relativeResultsDirectory="4d3554da-b370-450d-b376-84341bca5be3" />
    <UnitTestResult executionId="22485d98-a4f3-45ba-8add-5c0b77dc4234" testId="42888c43-85a7-f865-53b0-ced340fe2535" testName="Test.L0.Worker.Release.ReleaseDirectoryManagerL0.PrepareArtifactsDirectoryShouldReturnExistingMapIfItExists" computerName="ComputerName" duration="00:00:00.1239269" startTime="2024-05-08T09:40:51.1897141+02:00" endTime="2024-05-08T09:40:51.1897143+02:00" testType="13cdc9d9-ddb5-4fa4-a97d-d965ccfc6d4b" outcome="Passed" testListId="8c84fa94-04c1-424b-9868-57a2d4851a1d" relativeResultsDirectory="22485d98-a4f3-45ba-8add-5c0b77dc4234" />
    <UnitTestResult executionId="6e5775ed-632f-4859-94f8-008077781c5e" testId="bf3eebf7-2346-5d67-2192-aecdd3ed986d" testName="Microsoft.VisualStudio.Services.Agent.Tests.HostContextL0.GetServiceReturnsSingleton" computerName="ComputerName" duration="00:00:00.0142049" startTime="2024-05-08T09:40:52.6992543+02:00" endTime="2024-05-08T09:40:52.6992544+02:00" testType="13cdc9d9-ddb5-4fa4-a97d-d965ccfc6d4b" outcome="Passed" testListId="8c84fa94-04c1-424b-9868-57a2d4851a1d" relativeResultsDirectory="6e5775ed-632f-4859-94f8-008077781c5e" />
    <UnitTestResult executionId="47cda8a8-4670-4ec4-964c-545e71df6dd2" testId="479b1bbb-92d8-2c5a-a778-ef17cc199f65" testName="Test.L0.Worker.Handlers.ProcessHandlerHelperL0.BasicTest" computerName="ComputerName" duration="00:00:00.0001160" startTime="2024-05-08T09:40:51.1638924+02:00" endTime="2024-05-08T09:40:51.1638926+02:00" testType="13cdc9d9-ddb5-4fa4-a97d-d965ccfc6d4b" outcome="Passed" testListId="8c84fa94-04c1-424b-9868-57a2d4851a1d" relativeResultsDirectory="47cda8a8-4670-4ec4-964c-545e71df6dd2" />
    <UnitTestResult executionId="b458989d-d0c9-4941-bcd5-ff8e4fdf43e3" testId="fc7c7d58-96b7-e8fe-bd57-e59538dc337f" testName="Microsoft.VisualStudio.Services.Agent.Tests.CommandSettingsL0.PromptsForProjectName" computerName="ComputerName" duration="00:00:00.0292710" startTime="2024-05-08T09:40:51.6983723+02:00" endTime="2024-05-08T09:40:51.6983724+02:00" testType="13cdc9d9-ddb5-4fa4-a97d-d965ccfc6d4b" outcome="Passed" testListId="8c84fa94-04c1-424b-9868-57a2d4851a1d" relativeResultsDirectory="b458989d-d0c9-4941-bcd5-ff8e4fdf43e3" />
    <UnitTestResult executionId="820ac198-8384-4806-9b3c-c86404ad6560" testId="9e9a3bc4-2bbd-1fe9-67af-a6f9adb5f6e1" testName="Microsoft.VisualStudio.Services.Agent.Tests.PipelineCache.FingerprintCreatorTests.Fingerprint_FileAbsolute" computerName="ComputerName" duration="00:00:00.1296405" startTime="2024-05-08T09:40:53.9837088+02:00" endTime="2024-05-08T09:40:53.9837090+02:00" testType="13cdc9d9-ddb5-4fa4-a97d-d965ccfc6d4b" outcome="Passed" testListId="8c84fa94-04c1-424b-9868-57a2d4851a1d" relativeResultsDirectory="820ac198-8384-4806-9b3c-c86404ad6560" />
    <UnitTestResult executionId="e8964ca7-a073-4a92-9d95-6d4eecaf836f" testId="139be06f-51b7-9492-5b34-f938c290950b" testName="Microsoft.VisualStudio.Services.Agent.Tests.CommandSettingsL0.PromptsForPool" computerName="ComputerName" duration="00:00:00.0119326" startTime="2024-05-08T09:40:52.1797141+02:00" endTime="2024-05-08T09:40:52.1797142+02:00" testType="13cdc9d9-ddb5-4fa4-a97d-d965ccfc6d4b" outcome="Passed" testListId="8c84fa94-04c1-424b-9868-57a2d4851a1d" relativeResultsDirectory="e8964ca7-a073-4a92-9d95-6d4eecaf836f" />
    <UnitTestResult executionId="a5015162-4a95-4c25-8aa8-5c7570c4e304" testId="f3be8586-24e1-0c45-16d0-92f8e4ec41d4" testName="Microsoft.VisualStudio.Services.Agent.Tests.Worker.SetVariableRestrictionsL0.PrependPathAllowed" computerName="ComputerName" duration="00:00:00.0081304" startTime="2024-05-08T09:40:54.0621178+02:00" endTime="2024-05-08T09:40:54.0621179+02:00" testType="13cdc9d9-ddb5-4fa4-a97d-d965ccfc6d4b" outcome="Passed" testListId="8c84fa94-04c1-424b-9868-57a2d4851a1d" relativeResultsDirectory="a5015162-4a95-4c25-8aa8-5c7570c4e304" />
    <UnitTestResult executionId="3a9aa29a-c614-4380-957d-f967ed09afc8" testId="44e647eb-205c-d1f6-abcb-c542b63548af" testName="Microsoft.VisualStudio.Services.Agent.Tests.Worker.Release.TfsGitArtifactL0.TfsGitArtifactShouldCallGetSourceWithCorrectParameter" computerName="ComputerName" duration="00:00:00.0259745" startTime="2024-05-08T09:40:52.6317397+02:00" endTime="2024-05-08T09:40:52.6317398+02:00" testType="13cdc9d9-ddb5-4fa4-a97d-d965ccfc6d4b" outcome="Passed" testListId="8c84fa94-04c1-424b-9868-57a2d4851a1d" relativeResultsDirectory="3a9aa29a-c614-4380-957d-f967ed09afc8" />
    <UnitTestResult executionId="a91f5958-f5cc-4f09-b06d-9d28af928760" testId="54917d47-1d61-0e28-a3d9-0e8cf9bc47e1" testName="Microsoft.VisualStudio.Services.Agent.Tests.Worker.Telemetry.TelemetryCommandExtensionTests.PublishTelemetryCommandWithExceptionFromServer" computerName="ComputerName" duration="00:00:00.0535712" startTime="2024-05-08T09:40:51.9705599+02:00" endTime="2024-05-08T09:40:51.9705601+02:00" testType="13cdc9d9-ddb5-4fa4-a97d-d965ccfc6d4b" outcome="Passed" testListId="8c84fa94-04c1-424b-9868-57a2d4851a1d" relativeResultsDirectory="a91f5958-f5cc-4f09-b06d-9d28af928760" />
    <UnitTestResult executionId="e8006ceb-e4e4-4cfd-80f0-5939896664ab" testId="0403b6bb-ea00-ecd1-a849-799ffa5b4bc4" testName="Microsoft.VisualStudio.Services.Agent.Tests.Worker.JobRunnerL0.DontUploadDiagnosticLogIfEnvironmentVariableMissing" computerName="ComputerName" duration="00:00:00.1121886" startTime="2024-05-08T09:40:51.9162526+02:00" endTime="2024-05-08T09:40:51.9162527+02:00" testType="13cdc9d9-ddb5-4fa4-a97d-d965ccfc6d4b" outcome="Passed" testListId="8c84fa94-04c1-424b-9868-57a2d4851a1d" relativeResultsDirectory="e8006ceb-e4e4-4cfd-80f0-5939896664ab" />
    <UnitTestResult executionId="f36a3712-4c79-476c-bce3-0935b115d5ae" testId="7ff1f793-b19a-fcdd-3a9d-470c9983596b" testName="Microsoft.VisualStudio.Services.Agent.Tests.SecretMaskerL0.SecretMaskerTests_Encoder_UriDataEscape" computerName="ComputerName" duration="00:00:00.0003351" startTime="2024-05-08T09:40:52.6427865+02:00" endTime="2024-05-08T09:40:52.6427865+02:00" testType="13cdc9d9-ddb5-4fa4-a97d-d965ccfc6d4b" outcome="Passed" testListId="8c84fa94-04c1-424b-9868-57a2d4851a1d" relativeResultsDirectory="f36a3712-4c79-476c-bce3-0935b115d5ae" />
    <UnitTestResult executionId="7181739b-dbd9-4f76-8f28-5c084755e4ee" testId="2f5b32b1-1563-7e81-7186-7a5b687bfdd8" testName="Microsoft.VisualStudio.Services.Agent.Tests.Worker.TestResults.JunitResultReaderTests.VerifyTestRunDurationWhenTotalTimeIsInMilliseconds" computerName="ComputerName" duration="00:00:00.0074554" startTime="2024-05-08T09:40:55.3292915+02:00" endTime="2024-05-08T09:40:55.3292916+02:00" testType="13cdc9d9-ddb5-4fa4-a97d-d965ccfc6d4b" outcome="Passed" testListId="8c84fa94-04c1-424b-9868-57a2d4851a1d" relativeResultsDirectory="7181739b-dbd9-4f76-8f28-5c084755e4ee" />
    <UnitTestResult executionId="1c171351-2ffe-479b-8769-7a4717daef06" testId="157aad09-2dd1-f2d2-9424-7ac38f9dfbf7" testName="Test.L0.Worker.Handlers.ProcessHandlerHelperL0.TestWithCloseVars(inputArgs: &quot;%VAR1%%VAR2%%VAR3%&quot;, expectedArgs: &quot;123&quot;)" computerName="ComputerName" duration="00:00:00.0000120" startTime="2024-05-08T09:40:51.1272025+02:00" endTime="2024-05-08T09:40:51.1272027+02:00" testType="13cdc9d9-ddb5-4fa4-a97d-d965ccfc6d4b" outcome="Passed" testListId="8c84fa94-04c1-424b-9868-57a2d4851a1d" relativeResultsDirectory="1c171351-2ffe-479b-8769-7a4717daef06" />
    <UnitTestResult executionId="ecb58463-4de7-454a-8c6d-7b2cefdc5870" testId="4280b5ec-b9b1-e28d-f2e3-4db23f5d007e" testName="Microsoft.VisualStudio.Services.Agent.Tests.KnobL0.SpecificKnobTypeNotPresentTest" computerName="ComputerName" duration="00:00:00.0019211" startTime="2024-05-08T09:40:53.4953580+02:00" endTime="2024-05-08T09:40:53.4953581+02:00" testType="13cdc9d9-ddb5-4fa4-a97d-d965ccfc6d4b" outcome="Passed" testListId="8c84fa94-04c1-424b-9868-57a2d4851a1d" relativeResultsDirectory="ecb58463-4de7-454a-8c6d-7b2cefdc5870" />
    <UnitTestResult executionId="29a16999-9078-4d7c-8f36-c4bdb0f6e198" testId="fc8e7496-3e92-4713-bd98-07f770078206" testName="Microsoft.VisualStudio.Services.Agent.Tests.CommandSettingsL0.PromptsForDeploymentGroupName" computerName="ComputerName" duration="00:00:00.0260878" startTime="2024-05-08T09:40:51.6171118+02:00" endTime="2024-05-08T09:40:51.6171120+02:00" testType="13cdc9d9-ddb5-4fa4-a97d-d965ccfc6d4b" outcome="Passed" testListId="8c84fa94-04c1-424b-9868-57a2d4851a1d" relativeResultsDirectory="29a16999-9078-4d7c-8f36-c4bdb0f6e198" />
    <UnitTestResult executionId="00a0ec27-0eb9-4265-ac30-f182d8f2904f" testId="a02441e4-da29-2551-8803-678c56a07c9f" testName="Microsoft.VisualStudio.Services.Agent.Tests.SecretMaskerL0.IsUserInfoMaskedCorrectly" computerName="ComputerName" duration="00:00:00.0125614" startTime="2024-05-08T09:40:52.7923598+02:00" endTime="2024-05-08T09:40:52.7923600+02:00" testType="13cdc9d9-ddb5-4fa4-a97d-d965ccfc6d4b" outcome="Passed" testListId="8c84fa94-04c1-424b-9868-57a2d4851a1d" relativeResultsDirectory="00a0ec27-0eb9-4265-ac30-f182d8f2904f" />
    <UnitTestResult executionId="3b4c364d-5951-475e-b61a-bbef72714f30" testId="6d4fce48-ab7b-fc1e-1c39-36ab9d9757b1" testName="Microsoft.VisualStudio.Services.Agent.Tests.NodeHandlerL0.UseNodeForNodeHandlerEnvVarNotSet" computerName="ComputerName" duration="00:00:00.0212721" startTime="2024-05-08T09:40:52.4664809+02:00" endTime="2024-05-08T09:40:52.4664810+02:00" testType="13cdc9d9-ddb5-4fa4-a97d-d965ccfc6d4b" outcome="Passed" testListId="8c84fa94-04c1-424b-9868-57a2d4851a1d" relativeResultsDirectory="3b4c364d-5951-475e-b61a-bbef72714f30" />
    <UnitTestResult executionId="2e390572-4ba3-4b7b-91c5-ef11a3b84821" testId="7e427b8e-c5d6-495b-f0f7-dbf979562c0c" testName="Microsoft.VisualStudio.Services.Agent.Tests.CommandSettingsL0.ValidatePasswordCanStartWithDash" computerName="ComputerName" duration="00:00:00.0162818" startTime="2024-05-08T09:40:51.7596246+02:00" endTime="2024-05-08T09:40:51.7596247+02:00" testType="13cdc9d9-ddb5-4fa4-a97d-d965ccfc6d4b" outcome="Passed" testListId="8c84fa94-04c1-424b-9868-57a2d4851a1d" relativeResultsDirectory="2e390572-4ba3-4b7b-91c5-ef11a3b84821" />
    <UnitTestResult executionId="0c4fe843-53d1-464e-adc1-438398a7bedb" testId="edc239ff-8d57-df0d-39e1-27fd324f5c1f" testName="Microsoft.VisualStudio.Services.Agent.Tests.Util.ArgUtilL0.Equal_ThrowsWhenStructsAreNotEqual" computerName="ComputerName" duration="00:00:00.0036972" startTime="2024-05-08T09:40:54.9302598+02:00" endTime="2024-05-08T09:40:54.9302599+02:00" testType="13cdc9d9-ddb5-4fa4-a97d-d965ccfc6d4b" outcome="Passed" testListId="8c84fa94-04c1-424b-9868-57a2d4851a1d" relativeResultsDirectory="0c4fe843-53d1-464e-adc1-438398a7bedb" />
    <UnitTestResult executionId="dd0a776e-8612-49b8-a9ac-675d6bdb5185" testId="48167dfd-39f9-c9a1-f086-a5005282569f" testName="Microsoft.VisualStudio.Services.Agent.Tests.KnobL0.HasAgentKnobs" computerName="ComputerName" duration="00:00:00.0001501" startTime="2024-05-08T09:40:53.4988300+02:00" endTime="2024-05-08T09:40:53.4988302+02:00" testType="13cdc9d9-ddb5-4fa4-a97d-d965ccfc6d4b" outcome="Passed" testListId="8c84fa94-04c1-424b-9868-57a2d4851a1d" relativeResultsDirectory="dd0a776e-8612-49b8-a9ac-675d6bdb5185" />
    <UnitTestResult executionId="1f4b1885-6988-4b3a-a7e3-13401a8b9cc5" testId="4c5cf024-f633-2f66-09b5-bb24536c3835" testName="Microsoft.VisualStudio.Services.Agent.Tests.Worker.Build.TrackingConfigHashAlgorithmL0.ComputeHash_returns_correct_hash" computerName="ComputerName" duration="00:00:00.0051740" startTime="2024-05-08T09:40:52.8001021+02:00" endTime="2024-05-08T09:40:52.8001022+02:00" testType="13cdc9d9-ddb5-4fa4-a97d-d965ccfc6d4b" outcome="Passed" testListId="8c84fa94-04c1-424b-9868-57a2d4851a1d" relativeResultsDirectory="1f4b1885-6988-4b3a-a7e3-13401a8b9cc5" />
    <UnitTestResult executionId="e7a5562d-8078-485f-959d-ebfdc46a47a6" testId="af42aa4a-a3b3-67c4-1313-4812803013f1" testName="Microsoft.VisualStudio.Services.Agent.Tests.Util.StringUtilL0.DeactivateVsoCommandsFromStringTest(input: null, expected: &quot;&quot;)" computerName="ComputerName" duration="00:00:00.0000037" startTime="2024-05-08T09:40:54.3080809+02:00" endTime="2024-05-08T09:40:54.3080810+02:00" testType="13cdc9d9-ddb5-4fa4-a97d-d965ccfc6d4b" outcome="Passed" testListId="8c84fa94-04c1-424b-9868-57a2d4851a1d" relativeResultsDirectory="e7a5562d-8078-485f-959d-ebfdc46a47a6" />
    <UnitTestResult executionId="9b0cf7a3-0f52-45a5-9ee7-70579af5e545" testId="ffbfcf5b-bd5a-cad5-2987-3d33a8f07e99" testName="Microsoft.VisualStudio.Services.Agent.Tests.Worker.TestResults.TrxReaderTests.VerifyReadResultsReturnsCorrectTestStartAndEndDateTime" computerName="ComputerName" duration="00:00:00.0206317" startTime="2024-05-08T09:40:54.2448475+02:00" endTime="2024-05-08T09:40:54.2448476+02:00" testType="13cdc9d9-ddb5-4fa4-a97d-d965ccfc6d4b" outcome="Passed" testListId="8c84fa94-04c1-424b-9868-57a2d4851a1d" relativeResultsDirectory="9b0cf7a3-0f52-45a5-9ee7-70579af5e545" />
    <UnitTestResult executionId="483a7528-9246-4bab-bad9-d6fc16eeeeb5" testId="d5e7e33b-635a-2c2c-e9b0-758fd06b8705" testName="Microsoft.VisualStudio.Services.Agent.Tests.Util.IOUtilL0.DeleteDirectory_DeletesWithRetry_IOException" computerName="ComputerName" duration="00:00:03.0524503" startTime="2024-05-08T09:40:59.5583620+02:00" endTime="2024-05-08T09:40:59.5583626+02:00" testType="13cdc9d9-ddb5-4fa4-a97d-d965ccfc6d4b" outcome="Passed" testListId="8c84fa94-04c1-424b-9868-57a2d4851a1d" relativeResultsDirectory="483a7528-9246-4bab-bad9-d6fc16eeeeb5" />
    <UnitTestResult executionId="b78a013e-a2bd-4ced-b343-43c5099e79b1" testId="4d27080c-1767-7765-b4a5-5b45c617a3b5" testName="Microsoft.VisualStudio.Services.Agent.Tests.Worker.ExecutionContextL0.TranslatePathForStepTarget_should_convert_path_only_for_containers(isCheckout: True, jobTarget: null, stepTarget: &quot;host&quot;)" computerName="ComputerName" duration="00:00:00.0126733" startTime="2024-05-08T09:40:53.4781343+02:00" endTime="2024-05-08T09:40:53.4781343+02:00" testType="13cdc9d9-ddb5-4fa4-a97d-d965ccfc6d4b" outcome="Passed" testListId="8c84fa94-04c1-424b-9868-57a2d4851a1d" relativeResultsDirectory="b78a013e-a2bd-4ced-b343-43c5099e79b1" />
    <UnitTestResult executionId="817d8b65-d5cc-4c92-9abd-6f18f991025d" testId="70fe3028-ec38-fe06-6032-f4410e58160a" testName="Microsoft.VisualStudio.Services.Agent.Tests.Worker.Build.BuildDirectoryManagerL0.DeletesSourcesDirectoryWhenCleanIsSources" computerName="ComputerName" duration="00:00:00.0459411" startTime="2024-05-08T09:40:51.5795849+02:00" endTime="2024-05-08T09:40:51.5795850+02:00" testType="13cdc9d9-ddb5-4fa4-a97d-d965ccfc6d4b" outcome="Passed" testListId="8c84fa94-04c1-424b-9868-57a2d4851a1d" relativeResultsDirectory="817d8b65-d5cc-4c92-9abd-6f18f991025d" />
    <UnitTestResult executionId="4bd91d65-37b1-4d3e-847e-992f79bc821d" testId="f3b4d810-7c36-ca53-da18-2a40c9f4f040" testName="Test.L0.Plugin.TestResultParser.TestRunManagerL0.TestRunManager_PublishTestRun_SummaryDoesnotMatchTestRun" computerName="ComputerName" duration="00:00:00.0049240" startTime="2024-05-08T09:40:51.4587571+02:00" endTime="2024-05-08T09:40:51.4587572+02:00" testType="13cdc9d9-ddb5-4fa4-a97d-d965ccfc6d4b" outcome="Passed" testListId="8c84fa94-04c1-424b-9868-57a2d4851a1d" relativeResultsDirectory="4bd91d65-37b1-4d3e-847e-992f79bc821d" />
    <UnitTestResult executionId="ba8fb7ce-911e-4dfe-b157-6ca4238361dd" testId="3bc2c5f2-fd49-8625-b751-af29ed09e859" testName="Microsoft.VisualStudio.Services.Agent.Tests.Worker.JobRunnerL0.DontUploadDiagnosticLogIfEnvironmentVariableFalse" computerName="ComputerName" duration="00:00:00.0529541" startTime="2024-05-08T09:40:52.0124229+02:00" endTime="2024-05-08T09:40:52.0124230+02:00" testType="13cdc9d9-ddb5-4fa4-a97d-d965ccfc6d4b" outcome="Passed" testListId="8c84fa94-04c1-424b-9868-57a2d4851a1d" relativeResultsDirectory="ba8fb7ce-911e-4dfe-b157-6ca4238361dd" />
    <UnitTestResult executionId="7c4d67ec-1f78-437e-aaa6-f75df122996d" testId="4d3e8b7e-54d4-a2e5-bab6-0c02d3fd9677" testName="Microsoft.VisualStudio.Services.Agent.Tests.Util.StringUtilL0.FormatUsesInvariantCulture" computerName="ComputerName" duration="00:00:00.0032927" startTime="2024-05-08T09:40:54.3935124+02:00" endTime="2024-05-08T09:40:54.3935125+02:00" testType="13cdc9d9-ddb5-4fa4-a97d-d965ccfc6d4b" outcome="Passed" testListId="8c84fa94-04c1-424b-9868-57a2d4851a1d" relativeResultsDirectory="7c4d67ec-1f78-437e-aaa6-f75df122996d" />
    <UnitTestResult executionId="c6741c83-665d-4737-a2f2-eeb97b51d6ed" testId="1c131c97-fe0e-db81-de82-37cd65ebcad6" testName="Test.L0.Plugin.TestResultParser.TestResultLogPluginL0.TestResultLogPlugin_DisableWhenHostTypeNotSet" computerName="ComputerName" duration="00:00:00.0036012" startTime="2024-05-08T09:40:51.7873268+02:00" endTime="2024-05-08T09:40:51.7873268+02:00" testType="13cdc9d9-ddb5-4fa4-a97d-d965ccfc6d4b" outcome="Passed" testListId="8c84fa94-04c1-424b-9868-57a2d4851a1d" relativeResultsDirectory="c6741c83-665d-4737-a2f2-eeb97b51d6ed" />
    <UnitTestResult executionId="2f49ea42-2146-4b17-8b61-19e5b887b444" testId="b8819dd9-61f5-3064-1263-be734998a9e2" testName="Microsoft.VisualStudio.Services.Agent.Tests.CommandSettingsL0.PromptsForAcceptTeeEula" computerName="ComputerName" duration="00:00:00.0414060" startTime="2024-05-08T09:40:51.6094452+02:00" endTime="2024-05-08T09:40:51.6094452+02:00" testType="13cdc9d9-ddb5-4fa4-a97d-d965ccfc6d4b" outcome="Passed" testListId="8c84fa94-04c1-424b-9868-57a2d4851a1d" relativeResultsDirectory="2f49ea42-2146-4b17-8b61-19e5b887b444" />
    <UnitTestResult executionId="77238817-404a-4dcb-ae49-398325b471fb" testId="5f28f1d6-a0b9-088c-5913-892cce790db2" testName="Test.L0.Worker.Handlers.ProcessHandlerHelperL0.ArgsValidation_Failes(inputArgs: &quot;1 &amp; echo 23&quot;, envVarValue: &quot;&quot;)" computerName="ComputerName" duration="00:00:00.0003628" startTime="2024-05-08T09:40:51.0875714+02:00" endTime="2024-05-08T09:40:51.0875716+02:00" testType="13cdc9d9-ddb5-4fa4-a97d-d965ccfc6d4b" outcome="Passed" testListId="8c84fa94-04c1-424b-9868-57a2d4851a1d" relativeResultsDirectory="77238817-404a-4dcb-ae49-398325b471fb" />
    <UnitTestResult executionId="551a9cab-e194-4f5d-bda4-e877bfa08576" testId="432cfc47-2a5f-9173-b2eb-2af874a3e1b4" testName="Microsoft.VisualStudio.Services.Agent.Tests.Worker.TestResults.JunitResultReaderTests.DefaultRunTitleIsHonouredForMultiSuiteRuns" computerName="ComputerName" duration="00:00:00.0080069" startTime="2024-05-08T09:40:55.5590161+02:00" endTime="2024-05-08T09:40:55.5590162+02:00" testType="13cdc9d9-ddb5-4fa4-a97d-d965ccfc6d4b" outcome="Passed" testListId="8c84fa94-04c1-424b-9868-57a2d4851a1d" relativeResultsDirectory="551a9cab-e194-4f5d-bda4-e877bfa08576" />
    <UnitTestResult executionId="83f56783-4326-40e5-b096-62b09c846735" testId="12408c79-3737-c1ed-ad08-a79a0f96be3c" testName="Microsoft.VisualStudio.Services.Agent.Tests.CommandSettingsL0.GetsArgCaseInsensitive" computerName="ComputerName" duration="00:00:00.0315809" startTime="2024-05-08T09:40:51.9974019+02:00" endTime="2024-05-08T09:40:51.9974020+02:00" testType="13cdc9d9-ddb5-4fa4-a97d-d965ccfc6d4b" outcome="Passed" testListId="8c84fa94-04c1-424b-9868-57a2d4851a1d" relativeResultsDirectory="83f56783-4326-40e5-b096-62b09c846735" />
    <UnitTestResult executionId="ef809551-8d42-4825-be25-6ea117bee37d" testId="2c45199b-f9bd-b986-3444-0c0957fea40c" testName="Microsoft.VisualStudio.Services.Agent.Tests.Worker.TestResults.ParserTests.PublishTrxResults" computerName="ComputerName" duration="00:00:00.0976029" startTime="2024-05-08T09:40:51.4515768+02:00" endTime="2024-05-08T09:40:51.4515770+02:00" testType="13cdc9d9-ddb5-4fa4-a97d-d965ccfc6d4b" outcome="Passed" testListId="8c84fa94-04c1-424b-9868-57a2d4851a1d" relativeResultsDirectory="ef809551-8d42-4825-be25-6ea117bee37d" />
    <UnitTestResult executionId="5f30f281-1e82-4883-bc72-7cefbcf360f2" testId="aa74d5aa-7680-2ff3-826c-799f124af5b4" testName="Microsoft.VisualStudio.Services.Agent.Tests.LoggedSecretMaskerL0.LoggedSecretMasker_ShortSecret_Removes_From_Dictionary" computerName="ComputerName" duration="00:00:00.0001192" startTime="2024-05-08T09:40:53.9582359+02:00" endTime="2024-05-08T09:40:53.9582361+02:00" testType="13cdc9d9-ddb5-4fa4-a97d-d965ccfc6d4b" outcome="Passed" testListId="8c84fa94-04c1-424b-9868-57a2d4851a1d" relativeResultsDirectory="5f30f281-1e82-4883-bc72-7cefbcf360f2" />
    <UnitTestResult executionId="7f75d6cb-fdb0-48fc-9499-b08db9072ee0" testId="8e4daf64-5177-83bf-566a-e2124b72e1fc" testName="Microsoft.VisualStudio.Services.Agent.Tests.Worker.Telemetry.TelemetryCommandExtensionTests.PublishTelemetryWithoutArea" computerName="ComputerName" duration="00:00:00.0118381" startTime="2024-05-08T09:40:52.1356289+02:00" endTime="2024-05-08T09:40:52.1356290+02:00" testType="13cdc9d9-ddb5-4fa4-a97d-d965ccfc6d4b" outcome="Passed" testListId="8c84fa94-04c1-424b-9868-57a2d4851a1d" relativeResultsDirectory="7f75d6cb-fdb0-48fc-9499-b08db9072ee0" />
    <UnitTestResult executionId="05345744-01a1-451b-aa4f-728fc92c7540" testId="00bb996b-9d41-5c37-81fb-f68b4e76cd82" testName="Test.L0.Plugin.TestResultParser.TestResultLogPluginL0.TestResultLogPlugin_DisableIfExceptionThrown" computerName="ComputerName" duration="00:00:00.0109245" startTime="2024-05-08T09:40:51.8095003+02:00" endTime="2024-05-08T09:40:51.8095005+02:00" testType="13cdc9d9-ddb5-4fa4-a97d-d965ccfc6d4b" outcome="Passed" testListId="8c84fa94-04c1-424b-9868-57a2d4851a1d" relativeResultsDirectory="05345744-01a1-451b-aa4f-728fc92c7540" />
    <UnitTestResult executionId="f387da4e-9d3a-4af3-9989-31848ee6deb9" testId="7c7cd4bc-d5ba-f27e-75b1-ac1da13738c2" testName="Microsoft.VisualStudio.Services.Agent.Tests.Worker.Build.TrackingManagerL0.LoadsTrackingConfig_FileFormatVersion1_MissingProperty" computerName="ComputerName" duration="00:00:00.0977881" startTime="2024-05-08T09:40:53.9895725+02:00" endTime="2024-05-08T09:40:53.9895726+02:00" testType="13cdc9d9-ddb5-4fa4-a97d-d965ccfc6d4b" outcome="Passed" testListId="8c84fa94-04c1-424b-9868-57a2d4851a1d" relativeResultsDirectory="f387da4e-9d3a-4af3-9989-31848ee6deb9" />
    <UnitTestResult executionId="161227f9-79a8-475f-ba6f-4f7c2fab733c" testId="72a48d86-9238-0281-4b55-565674c52eaf" testName="Microsoft.VisualStudio.Services.Agent.Tests.Worker.SetVariableRestrictionsL0.MiniMatchAllowed" computerName="ComputerName" duration="00:00:00.0291468" startTime="2024-05-08T09:40:54.1839915+02:00" endTime="2024-05-08T09:40:54.1839917+02:00" testType="13cdc9d9-ddb5-4fa4-a97d-d965ccfc6d4b" outcome="Passed" testListId="8c84fa94-04c1-424b-9868-57a2d4851a1d" relativeResultsDirectory="161227f9-79a8-475f-ba6f-4f7c2fab733c" />
    <UnitTestResult executionId="89e0b4c9-2c09-46a6-adb2-fb272f1fa191" testId="be2551ec-2c4c-0e12-6b61-356b7fb71117" testName="Microsoft.VisualStudio.Services.Agent.Tests.Listener.Configuration.PromptManagerTestsL0.FallsBackToDefaultWhenTrimmed" computerName="ComputerName" duration="00:00:00.0055258" startTime="2024-05-08T09:40:51.4695215+02:00" endTime="2024-05-08T09:40:51.4695216+02:00" testType="13cdc9d9-ddb5-4fa4-a97d-d965ccfc6d4b" outcome="Passed" testListId="8c84fa94-04c1-424b-9868-57a2d4851a1d" relativeResultsDirectory="89e0b4c9-2c09-46a6-adb2-fb272f1fa191" />
    <UnitTestResult executionId="ace8a0f0-3c95-41c8-a755-f9b428d859bf" testId="c10eb65d-c232-4d38-75bd-4e897787d971" testName="Microsoft.VisualStudio.Services.Agent.Tests.Listener.AgentAutoLogonTestL0.TestAutoLogonConfigurationForDifferentUser" computerName="ComputerName" duration="00:00:00.0605951" startTime="2024-05-08T09:40:53.0661990+02:00" endTime="2024-05-08T09:40:53.0661991+02:00" testType="13cdc9d9-ddb5-4fa4-a97d-d965ccfc6d4b" outcome="Passed" testListId="8c84fa94-04c1-424b-9868-57a2d4851a1d" relativeResultsDirectory="ace8a0f0-3c95-41c8-a755-f9b428d859bf" />
    <UnitTestResult executionId="fec06e95-8b6b-4390-b490-67d69bc6f936" testId="bb53534a-846e-e39e-b1f0-8d5b7d3b80d9" testName="Microsoft.VisualStudio.Services.Agent.Tests.Worker.Build.BuildDirectoryManagerL0.CreatesNewConfigWhenHashKeyIsDifferent" computerName="ComputerName" duration="00:00:00.0349720" startTime="2024-05-08T09:40:51.5314867+02:00" endTime="2024-05-08T09:40:51.5314868+02:00" testType="13cdc9d9-ddb5-4fa4-a97d-d965ccfc6d4b" outcome="Passed" testListId="8c84fa94-04c1-424b-9868-57a2d4851a1d" relativeResultsDirectory="fec06e95-8b6b-4390-b490-67d69bc6f936" />
    <UnitTestResult executionId="ee4961f7-858d-4911-95c9-44255fff9bc0" testId="7eca1906-6339-f177-6540-a170f3718df4" testName="Microsoft.VisualStudio.Services.Agent.Tests.L0.Util.WindowsProcessUtilL0.Test_GetParentProcess_ViaInterop" computerName="ComputerName" duration="00:00:00.0121148" startTime="2024-05-08T09:40:56.1603689+02:00" endTime="2024-05-08T09:40:56.1650292+02:00" testType="13cdc9d9-ddb5-4fa4-a97d-d965ccfc6d4b" outcome="Passed" testListId="8c84fa94-04c1-424b-9868-57a2d4851a1d" relativeResultsDirectory="ee4961f7-858d-4911-95c9-44255fff9bc0" />
    <UnitTestResult executionId="692cad0f-529a-4801-bcf7-e564468dbeb3" testId="f2827fce-36b7-497b-2fab-99fed83643d0" testName="Microsoft.VisualStudio.Services.Agent.Tests.Util.WhichUtilL0.WhichThrowsWhenRequireAndNotFound" computerName="ComputerName" duration="00:00:00.0395361" startTime="2024-05-08T09:40:51.5244124+02:00" endTime="2024-05-08T09:40:51.5244125+02:00" testType="13cdc9d9-ddb5-4fa4-a97d-d965ccfc6d4b" outcome="Passed" testListId="8c84fa94-04c1-424b-9868-57a2d4851a1d" relativeResultsDirectory="692cad0f-529a-4801-bcf7-e564468dbeb3" />
    <UnitTestResult executionId="a47c91f3-5b4b-4af3-933e-0fc0800b155e" testId="54ab08a7-20b0-cc23-3ac1-6ac699ccd356" testName="Microsoft.VisualStudio.Services.Agent.Tests.Worker.TaskCommandExtensionL0.IssueSourceValidationSuccessed" computerName="ComputerName" duration="00:00:00.0084363" startTime="2024-05-08T09:40:53.0054765+02:00" endTime="2024-05-08T09:40:53.0054767+02:00" testType="13cdc9d9-ddb5-4fa4-a97d-d965ccfc6d4b" outcome="Passed" testListId="8c84fa94-04c1-424b-9868-57a2d4851a1d" relativeResultsDirectory="a47c91f3-5b4b-4af3-933e-0fc0800b155e" />
    <UnitTestResult executionId="44287fe8-f8ee-4c3f-98f3-5c9eb046fedd" testId="672133f4-1ed2-77ac-13c9-85f4ed1c4fa9" testName="Microsoft.VisualStudio.Services.Agent.Tests.Util.RepositoryUtilL0.GetCloneDirectory_STRING_should_return_proper_value_when_called" computerName="ComputerName" duration="00:00:00.0045915" startTime="2024-05-08T09:40:51.0161655+02:00" endTime="2024-05-08T09:40:51.0161658+02:00" testType="13cdc9d9-ddb5-4fa4-a97d-d965ccfc6d4b" outcome="Passed" testListId="8c84fa94-04c1-424b-9868-57a2d4851a1d" relativeResultsDirectory="44287fe8-f8ee-4c3f-98f3-5c9eb046fedd" />
    <UnitTestResult executionId="55735e74-0233-413e-819d-22c17f6f3978" testId="cf61b541-fb11-e210-1801-bc5690d18534" testName="Microsoft.VisualStudio.Services.Agent.Tests.Worker.ExecutionContextL0.SidecarContainers_VerifyNotJobContainers" computerName="ComputerName" duration="00:00:00.0095542" startTime="2024-05-08T09:40:53.6632473+02:00" endTime="2024-05-08T09:40:53.6632474+02:00" testType="13cdc9d9-ddb5-4fa4-a97d-d965ccfc6d4b" outcome="Passed" testListId="8c84fa94-04c1-424b-9868-57a2d4851a1d" relativeResultsDirectory="55735e74-0233-413e-819d-22c17f6f3978" />
    <UnitTestResult executionId="53a5bf5d-463d-4e79-9717-b2545b773178" testId="0af62556-bc01-8941-7d5b-8307e0e0b9fb" testName="Microsoft.VisualStudio.Services.Agent.Tests.Worker.Release.ReleaseJobExtensionL0.PreapreAsyncShouldInitializeAgentIfSkipArtifactDownloadIsTrue" computerName="ComputerName" duration="00:00:00.0541450" startTime="2024-05-08T09:40:54.0061644+02:00" endTime="2024-05-08T09:40:54.0061645+02:00" testType="13cdc9d9-ddb5-4fa4-a97d-d965ccfc6d4b" outcome="Passed" testListId="8c84fa94-04c1-424b-9868-57a2d4851a1d" relativeResultsDirectory="53a5bf5d-463d-4e79-9717-b2545b773178" />
    <UnitTestResult executionId="0d314ced-4601-4a89-8c67-4b9cf7d7a370" testId="e168f995-bdac-4e1e-1ce9-9afb993f5c23" testName="Microsoft.VisualStudio.Services.Agent.Tests.Util.IOUtilL0.DeleteDirectory_DeletesReadOnlyRootDirectory" computerName="ComputerName" duration="00:00:00.0117159" startTime="2024-05-08T09:40:56.4461091+02:00" endTime="2024-05-08T09:40:56.4461093+02:00" testType="13cdc9d9-ddb5-4fa4-a97d-d965ccfc6d4b" outcome="Passed" testListId="8c84fa94-04c1-424b-9868-57a2d4851a1d" relativeResultsDirectory="0d314ced-4601-4a89-8c67-4b9cf7d7a370" />
    <UnitTestResult executionId="30c35209-252d-483d-bcac-fe31fc29caf0" testId="855bbf07-e805-a65c-fc9d-3fcb9dcf3174" testName="Microsoft.VisualStudio.Services.Agent.Tests.CommandSettingsL0.PromptsForDeploymentGroupTags" computerName="ComputerName" duration="00:00:00.0234809" startTime="2024-05-08T09:40:51.6245556+02:00" endTime="2024-05-08T09:40:51.6245557+02:00" testType="13cdc9d9-ddb5-4fa4-a97d-d965ccfc6d4b" outcome="Passed" testListId="8c84fa94-04c1-424b-9868-57a2d4851a1d" relativeResultsDirectory="30c35209-252d-483d-bcac-fe31fc29caf0" />
    <UnitTestResult executionId="3a2cb7ee-135c-41c2-b604-67c4ea72139c" testId="8f6ed6f4-14cf-a89d-ac93-d3fa097bb70e" testName="Microsoft.VisualStudio.Services.Agent.Tests.LoggedSecretMaskerL0.LoggedSecretMasker_ShortSecret_Removes_From_Dictionary_BoundaryValue2" computerName="ComputerName" duration="00:00:00.0001387" startTime="2024-05-08T09:40:53.9401712+02:00" endTime="2024-05-08T09:40:53.9401712+02:00" testType="13cdc9d9-ddb5-4fa4-a97d-d965ccfc6d4b" outcome="Passed" testListId="8c84fa94-04c1-424b-9868-57a2d4851a1d" relativeResultsDirectory="3a2cb7ee-135c-41c2-b604-67c4ea72139c" />
    <UnitTestResult executionId="2d3ffeae-129b-4e2f-a88c-964f18f17cbf" testId="abe203f4-a6be-fad1-da9d-78af186b662b" testName="Microsoft.VisualStudio.Services.Agent.Tests.Worker.TestResults.TestRunPublisherTests.AddResultsWithAttachmentsCallsRightApi" computerName="ComputerName" duration="00:00:00.0360818" startTime="2024-05-08T09:40:52.9401611+02:00" endTime="2024-05-08T09:40:52.9401612+02:00" testType="13cdc9d9-ddb5-4fa4-a97d-d965ccfc6d4b" outcome="Passed" testListId="8c84fa94-04c1-424b-9868-57a2d4851a1d" relativeResultsDirectory="2d3ffeae-129b-4e2f-a88c-964f18f17cbf" />
    <UnitTestResult executionId="65eaf4b7-6736-4959-aa40-742808f8bfd4" testId="4d32f166-6898-4c97-7472-e7db73872325" testName="Microsoft.VisualStudio.Services.Agent.Tests.PipelineCache.FingerprintCreatorTests.Fingerprint_Str" computerName="ComputerName" duration="00:00:00.0123923" startTime="2024-05-08T09:40:53.6020314+02:00" endTime="2024-05-08T09:40:53.6020315+02:00" testType="13cdc9d9-ddb5-4fa4-a97d-d965ccfc6d4b" outcome="Passed" testListId="8c84fa94-04c1-424b-9868-57a2d4851a1d" relativeResultsDirectory="65eaf4b7-6736-4959-aa40-742808f8bfd4" />
    <UnitTestResult executionId="919fba81-cbe6-4e0c-a48c-82116dfb786e" testId="166e59da-36f7-ac30-56fd-f2db7a79de3e" testName="Microsoft.VisualStudio.Services.Agent.Tests.Worker.TestResults.TrxReaderTests.CustomRunTitleIsHonoured" computerName="ComputerName" duration="00:00:00.0230448" startTime="2024-05-08T09:40:55.0746053+02:00" endTime="2024-05-08T09:40:55.0746055+02:00" testType="13cdc9d9-ddb5-4fa4-a97d-d965ccfc6d4b" outcome="Passed" testListId="8c84fa94-04c1-424b-9868-57a2d4851a1d" relativeResultsDirectory="919fba81-cbe6-4e0c-a48c-82116dfb786e" />
    <UnitTestResult executionId="3e0f49ab-c5ae-4bbc-91ae-fcc909dd46c4" testId="c1d5c2d0-9f85-08fd-e951-fdc37565d564" testName="Test.L0.Plugin.TestResultParser.TestRunManagerL0.TestRunManager_PublishTestRun" computerName="ComputerName" duration="00:00:00.0019711" startTime="2024-05-08T09:40:51.4600187+02:00" endTime="2024-05-08T09:40:51.4600188+02:00" testType="13cdc9d9-ddb5-4fa4-a97d-d965ccfc6d4b" outcome="Passed" testListId="8c84fa94-04c1-424b-9868-57a2d4851a1d" relativeResultsDirectory="3e0f49ab-c5ae-4bbc-91ae-fcc909dd46c4" />
    <UnitTestResult executionId="3a5b3951-2a69-48d4-8e2c-f4c4cf6912bc" testId="e3d63c19-16af-6134-355a-33599c5346e5" testName="Microsoft.VisualStudio.Services.Agent.Tests.Worker.TestResults.NunitResultReaderTests.PublishNUnitResultFile" computerName="ComputerName" duration="00:00:00.0072974" startTime="2024-05-08T09:40:52.7335742+02:00" endTime="2024-05-08T09:40:52.7335743+02:00" testType="13cdc9d9-ddb5-4fa4-a97d-d965ccfc6d4b" outcome="Passed" testListId="8c84fa94-04c1-424b-9868-57a2d4851a1d" relativeResultsDirectory="3a5b3951-2a69-48d4-8e2c-f4c4cf6912bc" />
    <UnitTestResult executionId="3baf6e61-0a8b-4107-a6cb-961275fe8436" testId="6dcc72e1-c40e-0da6-ea50-7342e0e3b526" testName="Microsoft.VisualStudio.Services.Agent.Tests.Listener.AgentAutoLogonTestL0.TestAutoLogonUnConfigureForDifferentUser" computerName="ComputerName" duration="00:00:00.2160882" startTime="2024-05-08T09:40:53.0037176+02:00" endTime="2024-05-08T09:40:53.0037177+02:00" testType="13cdc9d9-ddb5-4fa4-a97d-d965ccfc6d4b" outcome="Passed" testListId="8c84fa94-04c1-424b-9868-57a2d4851a1d" relativeResultsDirectory="3baf6e61-0a8b-4107-a6cb-961275fe8436" />
    <UnitTestResult executionId="8fd050e0-92c4-4999-9f29-bc4dc383aadf" testId="9e8c0134-147f-ddad-226d-9a74c839e14c" testName="Microsoft.VisualStudio.Services.Agent.Tests.Worker.Telemetry.TelemetryCommandExtensionTests.PublishTelemetryCommandForInBoxTask" computerName="ComputerName" duration="00:00:00.0633295" startTime="2024-05-08T09:40:52.1231414+02:00" endTime="2024-05-08T09:40:52.1231416+02:00" testType="13cdc9d9-ddb5-4fa4-a97d-d965ccfc6d4b" outcome="Passed" testListId="8c84fa94-04c1-424b-9868-57a2d4851a1d" relativeResultsDirectory="8fd050e0-92c4-4999-9f29-bc4dc383aadf" />
    <UnitTestResult executionId="0051450d-b8fc-407c-a1bf-cd0915517f27" testId="9d437e20-4229-c568-cc2d-f1fd235b7201" testName="Microsoft.VisualStudio.Services.Agent.Tests.Worker.TestResults.TrxReaderTests.ReadsResultsReturnsCorrectValues" computerName="ComputerName" duration="00:00:00.1937219" startTime="2024-05-08T09:40:54.7726899+02:00" endTime="2024-05-08T09:40:54.7726900+02:00" testType="13cdc9d9-ddb5-4fa4-a97d-d965ccfc6d4b" outcome="Passed" testListId="8c84fa94-04c1-424b-9868-57a2d4851a1d" relativeResultsDirectory="0051450d-b8fc-407c-a1bf-cd0915517f27" />
    <UnitTestResult executionId="5f57620b-aea6-42c1-a86b-827ed09be267" testId="4fb60aa8-97f5-8ae2-cc3b-2ed86e3a9a36" testName="Test.L0.Plugin.TestGitCliManager.TestGitCliManagerL0.TestGetInternalGitPaths(gitFeatureFlagStatus: False)" computerName="ComputerName" duration="00:00:00.6089383" startTime="2024-05-08T09:40:55.0354870+02:00" endTime="2024-05-08T09:40:55.0354872+02:00" testType="13cdc9d9-ddb5-4fa4-a97d-d965ccfc6d4b" outcome="Passed" testListId="8c84fa94-04c1-424b-9868-57a2d4851a1d" relativeResultsDirectory="5f57620b-aea6-42c1-a86b-827ed09be267" />
    <UnitTestResult executionId="b16d9d94-a824-449f-863a-6b09aa295930" testId="b23cb770-85ad-bb65-dded-f8417ee937ee" testName="Test.L0.Worker.Handlers.ProcessHandlerHelperTelemetryL0.FoundPrefixesTest(inputArgs: &quot;% % %&quot;, expectedCount: 3)" computerName="ComputerName" duration="00:00:00.0000237" startTime="2024-05-08T09:40:51.4229509+02:00" endTime="2024-05-08T09:40:51.4229512+02:00" testType="13cdc9d9-ddb5-4fa4-a97d-d965ccfc6d4b" outcome="Passed" testListId="8c84fa94-04c1-424b-9868-57a2d4851a1d" relativeResultsDirectory="b16d9d94-a824-449f-863a-6b09aa295930" />
    <UnitTestResult executionId="7054e26c-ebc1-48f2-a13f-051808509423" testId="25099e2e-8a0d-5751-4631-349df3e09adc" testName="Test.L0.Worker.PluginInternalUpdateRepositoryPathCommandL0.Execute_should_set_paths_appropriately_for_self_repo_with_multiple_checkouts" computerName="ComputerName" duration="00:00:00.0067153" startTime="2024-05-08T09:40:54.0888763+02:00" endTime="2024-05-08T09:40:54.0888764+02:00" testType="13cdc9d9-ddb5-4fa4-a97d-d965ccfc6d4b" outcome="Passed" testListId="8c84fa94-04c1-424b-9868-57a2d4851a1d" relativeResultsDirectory="7054e26c-ebc1-48f2-a13f-051808509423" />
    <UnitTestResult executionId="769df613-0986-4fc8-b933-b61fc546cf4b" testId="94e864b4-cb78-717b-dd1a-9b645d28d621" testName="Microsoft.VisualStudio.Services.Agent.Tests.Listener.PipelineParserL0.PhaseQueueTarget" computerName="ComputerName" duration="00:00:00.0320374" startTime="2024-05-08T09:40:54.3889062+02:00" endTime="2024-05-08T09:40:54.3889069+02:00" testType="13cdc9d9-ddb5-4fa4-a97d-d965ccfc6d4b" outcome="Passed" testListId="8c84fa94-04c1-424b-9868-57a2d4851a1d" relativeResultsDirectory="769df613-0986-4fc8-b933-b61fc546cf4b" />
    <UnitTestResult executionId="6a1e0c52-cc35-4e31-ad61-ef72760c8e3f" testId="d7d32eec-fe4f-8e24-a7fa-df379221102e" testName="Microsoft.VisualStudio.Services.Agent.Tests.HostContextExtensionL0.CreateHttpClientHandlerForCertValidationSkipCert" computerName="ComputerName" duration="00:00:00.0178858" startTime="2024-05-08T09:40:53.6313361+02:00" endTime="2024-05-08T09:40:53.6313362+02:00" testType="13cdc9d9-ddb5-4fa4-a97d-d965ccfc6d4b" outcome="Passed" testListId="8c84fa94-04c1-424b-9868-57a2d4851a1d" relativeResultsDirectory="6a1e0c52-cc35-4e31-ad61-ef72760c8e3f" />
    <UnitTestResult executionId="964d2ece-3c14-4962-9aa6-16858820fe3a" testId="ccd19e54-2db9-5d85-6689-22d74e8afc32" testName="Microsoft.VisualStudio.Services.Agent.Tests.Worker.Build.TfsVCSourceProvider_WorkspaceUtilL0.DoesNotMatch_Map_ServerPath" computerName="ComputerName" duration="00:00:00.0398350" startTime="2024-05-08T09:40:53.9044448+02:00" endTime="2024-05-08T09:40:53.9044449+02:00" testType="13cdc9d9-ddb5-4fa4-a97d-d965ccfc6d4b" outcome="Passed" testListId="8c84fa94-04c1-424b-9868-57a2d4851a1d" relativeResultsDirectory="964d2ece-3c14-4962-9aa6-16858820fe3a" />
    <UnitTestResult executionId="621d43db-aa28-4536-8bfc-c5e257e8863e" testId="bb81a9d7-2273-c2c8-1233-a19ec466bd01" testName="Test.L0.Plugin.TestFilePublisher.TestFilePublisherLogPluginL0.TestFilePublisherLogPlugin_DisableIfMavenPresent" computerName="ComputerName" duration="00:00:00.0018984" startTime="2024-05-08T09:40:51.3449871+02:00" endTime="2024-05-08T09:40:51.3449873+02:00" testType="13cdc9d9-ddb5-4fa4-a97d-d965ccfc6d4b" outcome="Passed" testListId="8c84fa94-04c1-424b-9868-57a2d4851a1d" relativeResultsDirectory="621d43db-aa28-4536-8bfc-c5e257e8863e" />
    <UnitTestResult executionId="2e1ed718-b117-4e07-b181-41cbfbc5d2b3" testId="715e7d15-875a-3480-c3c1-bea7058f25ab" testName="Microsoft.VisualStudio.Services.Agent.Tests.SecretMaskerL0.SecretMaskerTests_HandlesEmptyInput" computerName="ComputerName" duration="00:00:00.0002732" startTime="2024-05-08T09:40:52.7115857+02:00" endTime="2024-05-08T09:40:52.7115858+02:00" testType="13cdc9d9-ddb5-4fa4-a97d-d965ccfc6d4b" outcome="Passed" testListId="8c84fa94-04c1-424b-9868-57a2d4851a1d" relativeResultsDirectory="2e1ed718-b117-4e07-b181-41cbfbc5d2b3" />
    <UnitTestResult executionId="ae645bb8-6940-450c-8440-0aa254a0ab8f" testId="133fcf73-a75d-30b6-39ef-ba1a4ac01df6" testName="Test.L0.Plugin.TestResultParser.LogPreProcessorL0.LogPreProcessorRemovesSectionLines" computerName="ComputerName" duration="00:00:00.0002105" startTime="2024-05-08T09:40:53.4241648+02:00" endTime="2024-05-08T09:40:53.4241649+02:00" testType="13cdc9d9-ddb5-4fa4-a97d-d965ccfc6d4b" outcome="Passed" testListId="8c84fa94-04c1-424b-9868-57a2d4851a1d" relativeResultsDirectory="ae645bb8-6940-450c-8440-0aa254a0ab8f" />
    <UnitTestResult executionId="7ab5b626-130c-4f51-a626-ace93603dc28" testId="e6033d31-c26b-f78d-092d-63d03c0c2c1f" testName="Microsoft.VisualStudio.Services.Agent.Tests.CommandSettingsL0.PromptsWhenEmpty" computerName="ComputerName" duration="00:00:00.0427948" startTime="2024-05-08T09:40:51.9581772+02:00" endTime="2024-05-08T09:40:51.9581773+02:00" testType="13cdc9d9-ddb5-4fa4-a97d-d965ccfc6d4b" outcome="Passed" testListId="8c84fa94-04c1-424b-9868-57a2d4851a1d" relativeResultsDirectory="7ab5b626-130c-4f51-a626-ace93603dc28" />
    <UnitTestResult executionId="c2a54d76-bba5-4a23-893c-c0a70236c8c5" testId="666cd8c4-1308-d17c-575d-430f200bde6c" testName="Microsoft.VisualStudio.Services.Agent.Tests.TestFileContainerProviderL0.TestGettingArtifactItemsWithMinimatchPattern(pttrn: [&quot;**&quot;, &quot;!**/Folder1/**&quot;, &quot;!!**/File3.txt&quot;], count: 4, expectedPaths: [&quot;ArtifactForTest&quot;, &quot;ArtifactForTest/File1.txt&quot;, &quot;ArtifactForTest/Folder1&quot;, &quot;ArtifactForTest/Folder1/Folder2/File3.txt&quot;])" computerName="ComputerName" duration="00:00:00.1961887" startTime="2024-05-08T09:40:52.3604835+02:00" endTime="2024-05-08T09:40:52.3604836+02:00" testType="13cdc9d9-ddb5-4fa4-a97d-d965ccfc6d4b" outcome="Passed" testListId="8c84fa94-04c1-424b-9868-57a2d4851a1d" relativeResultsDirectory="c2a54d76-bba5-4a23-893c-c0a70236c8c5" />
    <UnitTestResult executionId="238f741a-d27c-4b37-8541-a05c351a2033" testId="09d86f9e-7811-8541-7acf-0e2c94d209fe" testName="Microsoft.VisualStudio.Services.Agent.Tests.LoggedSecretMaskerL0.LoggedSecretMasker_Skipping_ShortSecrets" computerName="ComputerName" duration="00:00:00.0001989" startTime="2024-05-08T09:40:53.9646736+02:00" endTime="2024-05-08T09:40:53.9646737+02:00" testType="13cdc9d9-ddb5-4fa4-a97d-d965ccfc6d4b" outcome="Passed" testListId="8c84fa94-04c1-424b-9868-57a2d4851a1d" relativeResultsDirectory="238f741a-d27c-4b37-8541-a05c351a2033" />
    <UnitTestResult executionId="34bf41ce-362b-4351-b46d-eed33ecb5621" testId="6017a490-6ddc-b2d1-8662-ef68e4ac2ded" testName="Test.L0.Worker.Handlers.ProcessHandlerHelperL0.ArgsValidation_Failes(inputArgs: &quot;%var%&quot;, envVarValue: &quot;1 &amp; echo 23&quot;)" computerName="ComputerName" duration="00:00:00.1654843" startTime="2024-05-08T09:40:51.0822242+02:00" endTime="2024-05-08T09:40:51.0822242+02:00" testType="13cdc9d9-ddb5-4fa4-a97d-d965ccfc6d4b" outcome="Passed" testListId="8c84fa94-04c1-424b-9868-57a2d4851a1d" relativeResultsDirectory="34bf41ce-362b-4351-b46d-eed33ecb5621" />
    <UnitTestResult executionId="5bdcddc8-854f-46ff-aa24-c962686a5d60" testId="d3033e2a-bfcd-0544-243e-c2821de52e30" testName="Microsoft.VisualStudio.Services.Agent.Tests.PipelineCache.FingerprintCreatorTests.Fingerprint_ExcludeExactMisses" computerName="ComputerName" duration="00:00:00.0723760" startTime="2024-05-08T09:40:53.8919640+02:00" endTime="2024-05-08T09:40:53.8919641+02:00" testType="13cdc9d9-ddb5-4fa4-a97d-d965ccfc6d4b" outcome="Passed" testListId="8c84fa94-04c1-424b-9868-57a2d4851a1d" relativeResultsDirectory="5bdcddc8-854f-46ff-aa24-c962686a5d60" />
    <UnitTestResult executionId="2109f3dc-2ae3-4b1a-9f80-09cc158b5fb9" testId="573b425c-4465-16b9-ad7f-b8fd91fd1427" testName="Microsoft.VisualStudio.Services.Agent.Tests.Worker.TaskCommandExtensionL0.SetEndpointAuthParameter" computerName="ComputerName" duration="00:00:00.0038454" startTime="2024-05-08T09:40:52.9713270+02:00" endTime="2024-05-08T09:40:52.9713271+02:00" testType="13cdc9d9-ddb5-4fa4-a97d-d965ccfc6d4b" outcome="Passed" testListId="8c84fa94-04c1-424b-9868-57a2d4851a1d" relativeResultsDirectory="2109f3dc-2ae3-4b1a-9f80-09cc158b5fb9" />
    <UnitTestResult executionId="5f37d2f0-c1de-48a6-a4b0-ca835990524c" testId="bd5950a8-5551-bd1f-504f-eeeac280b81f" testName="Microsoft.VisualStudio.Services.Agent.Tests.Worker.Release.TfsVCArtifactL0.MissingEndpointShouldThrowException" computerName="ComputerName" duration="00:00:00.1534542" startTime="2024-05-08T09:40:51.0715650+02:00" endTime="2024-05-08T09:40:51.0715651+02:00" testType="13cdc9d9-ddb5-4fa4-a97d-d965ccfc6d4b" outcome="Passed" testListId="8c84fa94-04c1-424b-9868-57a2d4851a1d" relativeResultsDirectory="5f37d2f0-c1de-48a6-a4b0-ca835990524c" />
    <UnitTestResult executionId="f5d6b9f4-cf80-42b1-8ee5-d361c6938f40" testId="09954b44-890e-4a32-1721-05125f9fcf2f" testName="Test.L0.Plugin.TestGitSourceProvider.TestPluginGitSourceProviderL0.TestSetGitConfiguration(featureFlagsStatus: True)" computerName="ComputerName" duration="00:00:00.0091191" startTime="2024-05-08T09:40:52.2430013+02:00" endTime="2024-05-08T09:40:52.2430014+02:00" testType="13cdc9d9-ddb5-4fa4-a97d-d965ccfc6d4b" outcome="Passed" testListId="8c84fa94-04c1-424b-9868-57a2d4851a1d" relativeResultsDirectory="f5d6b9f4-cf80-42b1-8ee5-d361c6938f40" />
    <UnitTestResult executionId="d492132a-8035-447e-9082-4af086b7be8d" testId="d0a556b6-4129-ec70-1c9b-6315d691e025" testName="Microsoft.VisualStudio.Services.Agent.Tests.Worker.StepsRunnerL0.TreatsConditionErrorAsFailure" computerName="ComputerName" duration="00:00:00.0525475" startTime="2024-05-08T09:40:51.7701102+02:00" endTime="2024-05-08T09:40:51.7701103+02:00" testType="13cdc9d9-ddb5-4fa4-a97d-d965ccfc6d4b" outcome="Passed" testListId="8c84fa94-04c1-424b-9868-57a2d4851a1d" relativeResultsDirectory="d492132a-8035-447e-9082-4af086b7be8d" />
    <UnitTestResult executionId="13863906-3140-4060-8fb4-98159c7f963b" testId="fff4547d-6701-f32f-5723-9b3108816082" testName="Microsoft.VisualStudio.Services.Agent.Tests.Worker.TestResults.JunitResultReaderTests.VerifyRunTypeIsSet" computerName="ComputerName" duration="00:00:00.0069721" startTime="2024-05-08T09:40:55.1893450+02:00" endTime="2024-05-08T09:40:55.1893452+02:00" testType="13cdc9d9-ddb5-4fa4-a97d-d965ccfc6d4b" outcome="Passed" testListId="8c84fa94-04c1-424b-9868-57a2d4851a1d" relativeResultsDirectory="13863906-3140-4060-8fb4-98159c7f963b" />
    <UnitTestResult executionId="f9f5298c-8b99-4461-807c-b4f02519d023" testId="045afc0d-b095-905d-a730-58575fb08e2a" testName="Microsoft.VisualStudio.Services.Agent.Tests.CommandSettingsL0.GetsFlagAddDeploymentGroupTags" computerName="ComputerName" duration="00:00:00.0249340" startTime="2024-05-08T09:40:51.7376209+02:00" endTime="2024-05-08T09:40:51.7376210+02:00" testType="13cdc9d9-ddb5-4fa4-a97d-d965ccfc6d4b" outcome="Passed" testListId="8c84fa94-04c1-424b-9868-57a2d4851a1d" relativeResultsDirectory="f9f5298c-8b99-4461-807c-b4f02519d023" />
    <UnitTestResult executionId="80289512-26a8-4579-a9ff-db5cd84be980" testId="6077de72-e789-60ab-8bd6-89648239c981" testName="Microsoft.VisualStudio.Services.Agent.Tests.Util.IOUtilL0.DeleteDirectory_DeletesWithRetry_NonExistenDir" computerName="ComputerName" duration="00:00:00.0071094" startTime="2024-05-08T09:40:56.5055908+02:00" endTime="2024-05-08T09:40:56.5055910+02:00" testType="13cdc9d9-ddb5-4fa4-a97d-d965ccfc6d4b" outcome="Passed" testListId="8c84fa94-04c1-424b-9868-57a2d4851a1d" relativeResultsDirectory="80289512-26a8-4579-a9ff-db5cd84be980" />
    <UnitTestResult executionId="b15448df-c882-42da-9ccd-9f507a438166" testId="61057d89-9898-7225-841f-5a19ec68c256" testName="Microsoft.VisualStudio.Services.Agent.Tests.Worker.CodeCoverage.JacocoSummaryReaderTests.VerifyEmptyXmlFile" computerName="ComputerName" duration="00:00:00.0079671" startTime="2024-05-08T09:40:55.0827631+02:00" endTime="2024-05-08T09:40:55.0827632+02:00" testType="13cdc9d9-ddb5-4fa4-a97d-d965ccfc6d4b" outcome="Passed" testListId="8c84fa94-04c1-424b-9868-57a2d4851a1d" relativeResultsDirectory="b15448df-c882-42da-9ccd-9f507a438166" />
    <UnitTestResult executionId="e6d2816b-837e-4d31-81b2-c919e5ebe1c5" testId="8b49b490-b13d-5345-316e-3291bfe20372" testName="Microsoft.VisualStudio.Services.Agent.Tests.Listener.AgentL0.TestExitsIfUnconfigured" computerName="ComputerName" duration="00:00:00.0153085" startTime="2024-05-08T09:40:51.8987337+02:00" endTime="2024-05-08T09:40:51.8987339+02:00" testType="13cdc9d9-ddb5-4fa4-a97d-d965ccfc6d4b" outcome="Passed" testListId="8c84fa94-04c1-424b-9868-57a2d4851a1d" relativeResultsDirectory="e6d2816b-837e-4d31-81b2-c919e5ebe1c5" />
    <UnitTestResult executionId="4e8e72ec-a419-4351-a724-d8d7a679b5e9" testId="a03ca7a7-3a1a-c40c-556c-d3b9c12dee79" testName="Microsoft.VisualStudio.Services.Agent.Tests.Worker.TestResults.XUnitResultReaderTests.ReadResultsDoesNotFailForBareMinimumXml" computerName="ComputerName" duration="00:00:00.0108977" startTime="2024-05-08T09:40:52.5085475+02:00" endTime="2024-05-08T09:40:52.5085476+02:00" testType="13cdc9d9-ddb5-4fa4-a97d-d965ccfc6d4b" outcome="Passed" testListId="8c84fa94-04c1-424b-9868-57a2d4851a1d" relativeResultsDirectory="4e8e72ec-a419-4351-a724-d8d7a679b5e9" />
    <UnitTestResult executionId="e84d9956-f932-4ca1-8068-a0f44af106b9" testId="49c9ede7-d8aa-afe2-4d45-98d3bb2221b0" testName="Microsoft.VisualStudio.Services.Agent.Tests.NodeHandlerL0.UseNewNodeForNodeHandlerHostContextVarSet" computerName="ComputerName" duration="00:00:00.0216208" startTime="2024-05-08T09:40:52.7910587+02:00" endTime="2024-05-08T09:40:52.7910588+02:00" testType="13cdc9d9-ddb5-4fa4-a97d-d965ccfc6d4b" outcome="Passed" testListId="8c84fa94-04c1-424b-9868-57a2d4851a1d" relativeResultsDirectory="e84d9956-f932-4ca1-8068-a0f44af106b9" />
    <UnitTestResult executionId="045719c7-3b44-4edb-98be-af1b86663619" testId="e3d15d93-bf88-1c5b-61eb-89021d5792e2" testName="Microsoft.VisualStudio.Services.Agent.Tests.Listener.Configuration.PromptManagerTestsL0.FallsBackToDefaultWhenUnattended" computerName="ComputerName" duration="00:00:00.0104306" startTime="2024-05-08T09:40:51.4571337+02:00" endTime="2024-05-08T09:40:51.4571339+02:00" testType="13cdc9d9-ddb5-4fa4-a97d-d965ccfc6d4b" outcome="Passed" testListId="8c84fa94-04c1-424b-9868-57a2d4851a1d" relativeResultsDirectory="045719c7-3b44-4edb-98be-af1b86663619" />
    <UnitTestResult executionId="fc898f6b-e8f2-4ae6-b4cb-d4dba9a4ef72" testId="ea2c4754-f821-f01a-8d76-a6ace413087d" testName="Microsoft.VisualStudio.Services.Agent.Tests.HostContextL0.UrlSecretsAreMasked(input: &quot;https://user:pass@example.com/weird:thing@path&quot;, expected: &quot;https://user:***@example.com/weird:thing@path&quot;)" computerName="ComputerName" duration="00:00:00.0023811" startTime="2024-05-08T09:40:52.3774547+02:00" endTime="2024-05-08T09:40:52.3774548+02:00" testType="13cdc9d9-ddb5-4fa4-a97d-d965ccfc6d4b" outcome="Passed" testListId="8c84fa94-04c1-424b-9868-57a2d4851a1d" relativeResultsDirectory="fc898f6b-e8f2-4ae6-b4cb-d4dba9a4ef72" />
    <UnitTestResult executionId="ff638971-8dc3-4241-a244-959a729e775a" testId="f9c422cf-7d46-9038-ed52-7adfe9720973" testName="Microsoft.VisualStudio.Services.Agent.Tests.Worker.Telemetry.TelemetryCommandExtensionTests.PublishTelemetryCommandForCustomerTask" computerName="ComputerName" duration="00:00:00.0100815" startTime="2024-05-08T09:40:52.0329264+02:00" endTime="2024-05-08T09:40:52.0329266+02:00" testType="13cdc9d9-ddb5-4fa4-a97d-d965ccfc6d4b" outcome="Passed" testListId="8c84fa94-04c1-424b-9868-57a2d4851a1d" relativeResultsDirectory="ff638971-8dc3-4241-a244-959a729e775a" />
    <UnitTestResult executionId="55213533-bb90-4f7a-ad04-7d567663e2ca" testId="eb79a57f-46bc-310a-a2f3-da15224a724f" testName="Test.L0.Plugin.TestFilePublisher.TestFilePublisherLogPluginL0.TestFilePublisherLogPlugin_DisableIfPublishTaskPresent" computerName="ComputerName" duration="00:00:00.0055335" startTime="2024-05-08T09:40:51.3407812+02:00" endTime="2024-05-08T09:40:51.3407813+02:00" testType="13cdc9d9-ddb5-4fa4-a97d-d965ccfc6d4b" outcome="Passed" testListId="8c84fa94-04c1-424b-9868-57a2d4851a1d" relativeResultsDirectory="55213533-bb90-4f7a-ad04-7d567663e2ca" />
    <UnitTestResult executionId="31358ee5-798b-459a-8a71-dd263ab61926" testId="2cde6906-5686-5512-fd6a-75864af095dc" testName="Microsoft.VisualStudio.Services.Agent.Tests.Worker.TestResults.TrxReaderTests.VerifyResultsFilesAreAddedAsRunLevelAttachments" computerName="ComputerName" duration="00:00:00.0332564" startTime="2024-05-08T09:40:54.8824354+02:00" endTime="2024-05-08T09:40:54.8824355+02:00" testType="13cdc9d9-ddb5-4fa4-a97d-d965ccfc6d4b" outcome="Passed" testListId="8c84fa94-04c1-424b-9868-57a2d4851a1d" relativeResultsDirectory="31358ee5-798b-459a-8a71-dd263ab61926" />
    <UnitTestResult executionId="171d60bb-3e25-44a8-8812-bbbec673e182" testId="7a355724-f28d-d625-4ad7-d061e42b8156" testName="Microsoft.VisualStudio.Services.Agent.Tests.Listener.Configuration.PromptManagerTestsL0.Prompts" computerName="ComputerName" duration="00:00:00.0039715" startTime="2024-05-08T09:40:51.4613263+02:00" endTime="2024-05-08T09:40:51.4613265+02:00" testType="13cdc9d9-ddb5-4fa4-a97d-d965ccfc6d4b" outcome="Passed" testListId="8c84fa94-04c1-424b-9868-57a2d4851a1d" relativeResultsDirectory="171d60bb-3e25-44a8-8812-bbbec673e182" />
    <UnitTestResult executionId="65d5a74b-16e6-45af-9421-895ed36247d5" testId="494800b7-94f8-4d3b-8db9-655c59f6c5de" testName="Microsoft.VisualStudio.Services.Agent.Tests.Worker.StepsRunnerL0.RunsAfterFailureBasedOnCondition" computerName="ComputerName" duration="00:00:00.0765147" startTime="2024-05-08T09:40:52.3069089+02:00" endTime="2024-05-08T09:40:52.3069090+02:00" testType="13cdc9d9-ddb5-4fa4-a97d-d965ccfc6d4b" outcome="Passed" testListId="8c84fa94-04c1-424b-9868-57a2d4851a1d" relativeResultsDirectory="65d5a74b-16e6-45af-9421-895ed36247d5" />
    <UnitTestResult executionId="edbec395-59eb-4b0a-bdb7-d0939f268da7" testId="a87cdfb6-dd6a-fd2f-1ac5-c0b5112ec835" testName="Microsoft.VisualStudio.Services.Agent.Tests.NodeHandlerL0.UseNewNodeForNewNodeHandler(nodeVersion: &quot;node20_1&quot;)" computerName="ComputerName" duration="00:00:00.0095055" startTime="2024-05-08T09:40:52.5462206+02:00" endTime="2024-05-08T09:40:52.5462213+02:00" testType="13cdc9d9-ddb5-4fa4-a97d-d965ccfc6d4b" outcome="Passed" testListId="8c84fa94-04c1-424b-9868-57a2d4851a1d" relativeResultsDirectory="edbec395-59eb-4b0a-bdb7-d0939f268da7" />
    <UnitTestResult executionId="a6b64fe4-915f-421e-881b-5c50391dd8bd" testId="74ddd23f-f75e-4ca7-5005-410d811b4e65" testName="Microsoft.VisualStudio.Services.Agent.Tests.Listener.MessageListenerL0.CreatesSession" computerName="ComputerName" duration="00:00:00.0348530" startTime="2024-05-08T09:40:55.5527286+02:00" endTime="2024-05-08T09:40:55.5527287+02:00" testType="13cdc9d9-ddb5-4fa4-a97d-d965ccfc6d4b" outcome="Passed" testListId="8c84fa94-04c1-424b-9868-57a2d4851a1d" relativeResultsDirectory="a6b64fe4-915f-421e-881b-5c50391dd8bd" />
    <UnitTestResult executionId="537d4906-7324-4e21-816e-f280e42fa5af" testId="50c672db-8665-88b8-40d6-8f7801c2e606" testName="Microsoft.VisualStudio.Services.Agent.Tests.Worker.ExecutionContextL0.InitializeJob_should_set_JobSettings" computerName="ComputerName" duration="00:00:00.0050316" startTime="2024-05-08T09:40:53.6928174+02:00" endTime="2024-05-08T09:40:53.6928174+02:00" testType="13cdc9d9-ddb5-4fa4-a97d-d965ccfc6d4b" outcome="Passed" testListId="8c84fa94-04c1-424b-9868-57a2d4851a1d" relativeResultsDirectory="537d4906-7324-4e21-816e-f280e42fa5af" />
    <UnitTestResult executionId="2b89fde5-efe1-4107-9be8-e75d10e06d5a" testId="c2b09fdb-aee7-7097-659a-01ed7ca4daf5" testName="Microsoft.VisualStudio.Services.Agent.Tests.CommandSettingsL0.ValidateCommands" computerName="ComputerName" duration="00:00:00.0072098" startTime="2024-05-08T09:40:51.9731947+02:00" endTime="2024-05-08T09:40:51.9731948+02:00" testType="13cdc9d9-ddb5-4fa4-a97d-d965ccfc6d4b" outcome="Passed" testListId="8c84fa94-04c1-424b-9868-57a2d4851a1d" relativeResultsDirectory="2b89fde5-efe1-4107-9be8-e75d10e06d5a" />
    <UnitTestResult executionId="e4318775-1fe2-4fbe-a767-22d7481e41e8" testId="c9ff9fb8-b24b-8b41-720d-80e589c99b97" testName="Microsoft.VisualStudio.Services.Agent.Tests.Worker.TestResults.JunitResultReaderTests.VerifyDurationAsDiffBetweenMinStartAndMaxCompletedDate" computerName="ComputerName" duration="00:00:00.0292391" startTime="2024-05-08T09:40:55.3257297+02:00" endTime="2024-05-08T09:40:55.3257299+02:00" testType="13cdc9d9-ddb5-4fa4-a97d-d965ccfc6d4b" outcome="Passed" testListId="8c84fa94-04c1-424b-9868-57a2d4851a1d" relativeResultsDirectory="e4318775-1fe2-4fbe-a767-22d7481e41e8" />
    <UnitTestResult executionId="2cb05e1f-85fd-4b63-adb6-f82ebfeed2ee" testId="a891cefe-e178-dea0-b33d-a39ac32a87cb" testName="Microsoft.VisualStudio.Services.Agent.Tests.Worker.CodeCoverage.CodeCoverageCommandExtensionTests.Publish_CoberturaNewIndexFile" computerName="ComputerName" duration="00:00:00.0858568" startTime="2024-05-08T09:40:52.9761895+02:00" endTime="2024-05-08T09:40:52.9761897+02:00" testType="13cdc9d9-ddb5-4fa4-a97d-d965ccfc6d4b" outcome="Passed" testListId="8c84fa94-04c1-424b-9868-57a2d4851a1d" relativeResultsDirectory="2cb05e1f-85fd-4b63-adb6-f82ebfeed2ee" />
    <UnitTestResult executionId="9a865bb5-f42b-485e-9af0-e6065083dcdc" testId="711c46fb-541b-946e-a02f-dff7e79bdd04" testName="Microsoft.VisualStudio.Services.Agent.Tests.Worker.JobExtensionL0.JobExtensioBuildStepsList" computerName="ComputerName" duration="00:00:00.0795438" startTime="2024-05-08T09:40:54.0195676+02:00" endTime="2024-05-08T09:40:54.0195677+02:00" testType="13cdc9d9-ddb5-4fa4-a97d-d965ccfc6d4b" outcome="Passed" testListId="8c84fa94-04c1-424b-9868-57a2d4851a1d" relativeResultsDirectory="9a865bb5-f42b-485e-9af0-e6065083dcdc" />
    <UnitTestResult executionId="f7a61d94-73c6-4c6a-bcad-d8fdce6f4023" testId="c6623f0d-81b6-98ef-476c-443418367343" testName="Test.L0.Worker.Handlers.ProcessHandlerHelperL0.WindowsCaseInsensetiveTest" computerName="ComputerName" duration="00:00:00.0001351" startTime="2024-05-08T09:40:51.1235912+02:00" endTime="2024-05-08T09:40:51.1235913+02:00" testType="13cdc9d9-ddb5-4fa4-a97d-d965ccfc6d4b" outcome="Passed" testListId="8c84fa94-04c1-424b-9868-57a2d4851a1d" relativeResultsDirectory="f7a61d94-73c6-4c6a-bcad-d8fdce6f4023" />
    <UnitTestResult executionId="f6c52ed3-4691-4df8-a1e3-1e3830fc3e08" testId="360a6475-5113-f3d3-e61e-6057d9a5b904" testName="Microsoft.VisualStudio.Services.Agent.Tests.Util.RepositoryUtilL0.HasMultipleCheckouts_should_not_throw" computerName="ComputerName" duration="00:00:00.0028690" startTime="2024-05-08T09:40:51.0056724+02:00" endTime="2024-05-08T09:40:51.0056726+02:00" testType="13cdc9d9-ddb5-4fa4-a97d-d965ccfc6d4b" outcome="Passed" testListId="8c84fa94-04c1-424b-9868-57a2d4851a1d" relativeResultsDirectory="f6c52ed3-4691-4df8-a1e3-1e3830fc3e08" />
    <UnitTestResult executionId="5a8d9005-f2a7-4e29-8921-939d4393782c" testId="d7c53e69-b940-71f8-ae5c-c4e310a70b8c" testName="Microsoft.VisualStudio.Services.Agent.Tests.Worker.ExpressionManagerL0.SucceededFunction" computerName="ComputerName" duration="00:00:00.0296801" startTime="2024-05-08T09:40:53.0849074+02:00" endTime="2024-05-08T09:40:53.0849076+02:00" testType="13cdc9d9-ddb5-4fa4-a97d-d965ccfc6d4b" outcome="Passed" testListId="8c84fa94-04c1-424b-9868-57a2d4851a1d" relativeResultsDirectory="5a8d9005-f2a7-4e29-8921-939d4393782c" />
    <UnitTestResult executionId="c8fd3aff-70f2-496c-9d14-44a04b4b0991" testId="79e92db1-d029-d256-5fd4-f4807b5c3377" testName="Microsoft.VisualStudio.Services.Agent.Tests.Worker.SetVariableRestrictionsL0.EmptyAllowed" computerName="ComputerName" duration="00:00:00.0197071" startTime="2024-05-08T09:40:54.0539754+02:00" endTime="2024-05-08T09:40:54.0539755+02:00" testType="13cdc9d9-ddb5-4fa4-a97d-d965ccfc6d4b" outcome="Passed" testListId="8c84fa94-04c1-424b-9868-57a2d4851a1d" relativeResultsDirectory="c8fd3aff-70f2-496c-9d14-44a04b4b0991" />
    <UnitTestResult executionId="30877099-e016-4f4d-a75f-aa5c182e30e4" testId="714389ee-8975-1c73-c18d-e52c38eccc30" testName="Microsoft.VisualStudio.Services.Agent.Tests.L0.Util.WindowsProcessUtilL0.Test_GetProcessList(useInteropToFindParentProcess: False)" computerName="ComputerName" duration="00:00:01.6686752" startTime="2024-05-08T09:40:56.1187745+02:00" endTime="2024-05-08T09:40:56.1187747+02:00" testType="13cdc9d9-ddb5-4fa4-a97d-d965ccfc6d4b" outcome="Passed" testListId="8c84fa94-04c1-424b-9868-57a2d4851a1d" relativeResultsDirectory="30877099-e016-4f4d-a75f-aa5c182e30e4" />
    <UnitTestResult executionId="3bc481a1-cdda-47be-8a96-15189ad8140a" testId="cb9d015c-699c-020a-59ac-c9fe6d1c6b54" testName="Microsoft.VisualStudio.Services.Agent.Tests.Plugin.RepositoryPluginL0.RepositoryPlugin_PathInputMoveFolder" computerName="ComputerName" duration="00:00:00.1229994" startTime="2024-05-08T09:40:52.3086991+02:00" endTime="2024-05-08T09:40:52.3086992+02:00" testType="13cdc9d9-ddb5-4fa4-a97d-d965ccfc6d4b" outcome="Passed" testListId="8c84fa94-04c1-424b-9868-57a2d4851a1d" relativeResultsDirectory="3bc481a1-cdda-47be-8a96-15189ad8140a" />
    <UnitTestResult executionId="f7ba6df5-d9ae-4517-aaed-eede9a51663f" testId="176dac77-57c4-830c-a11a-db5f35d672a4" testName="Microsoft.VisualStudio.Services.Agent.Tests.Worker.ExecutionContextL0.TranslatePathForStepTarget_should_convert_path_only_for_containers(isCheckout: True, jobTarget: &quot;container&quot;, stepTarget: &quot;container&quot;)" computerName="ComputerName" duration="00:00:00.0051785" startTime="2024-05-08T09:40:53.1832346+02:00" endTime="2024-05-08T09:40:53.1832348+02:00" testType="13cdc9d9-ddb5-4fa4-a97d-d965ccfc6d4b" outcome="Passed" testListId="8c84fa94-04c1-424b-9868-57a2d4851a1d" relativeResultsDirectory="f7ba6df5-d9ae-4517-aaed-eede9a51663f" />
    <UnitTestResult executionId="98072b9f-9cf3-4f14-936b-bdcab18fcbb7" testId="3659c0d9-7d0e-fbf1-0a9b-7c2d28159457" testName="Microsoft.VisualStudio.Services.Agent.Tests.Worker.TestResults.XUnitResultReaderTests.CustomRunTitleIsHonoured" computerName="ComputerName" duration="00:00:00.0153252" startTime="2024-05-08T09:40:52.4191126+02:00" endTime="2024-05-08T09:40:52.4191127+02:00" testType="13cdc9d9-ddb5-4fa4-a97d-d965ccfc6d4b" outcome="Passed" testListId="8c84fa94-04c1-424b-9868-57a2d4851a1d" relativeResultsDirectory="98072b9f-9cf3-4f14-936b-bdcab18fcbb7" />
    <UnitTestResult executionId="19e089e4-d53b-4259-8168-9b5f24581c2a" testId="9adac48f-c71c-4a32-020e-cf60220ed8f5" testName="Microsoft.VisualStudio.Services.Agent.Tests.Util.IOUtilL0.DeleteFile_DeletesWithRetry_NonExistenFile" computerName="ComputerName" duration="00:00:00.0481062" startTime="2024-05-08T09:40:50.9653027+02:00" endTime="2024-05-08T09:40:50.9653322+02:00" testType="13cdc9d9-ddb5-4fa4-a97d-d965ccfc6d4b" outcome="Passed" testListId="8c84fa94-04c1-424b-9868-57a2d4851a1d" relativeResultsDirectory="19e089e4-d53b-4259-8168-9b5f24581c2a" />
    <UnitTestResult executionId="18c7141e-c52f-4c3f-8fba-f9c0d8a9fdcc" testId="6b623ca5-a15e-640a-943b-120bf92bfebf" testName="Microsoft.VisualStudio.Services.Agent.Tests.TestFileContainerProviderL0.TestGettingArtifactItemsWithMinimatchPattern(pttrn: [&quot;**&quot;, &quot;   !**/Folder1/**  &quot;, &quot;!!**/File3.txt&quot;], count: 4, expectedPaths: [&quot;ArtifactForTest&quot;, &quot;ArtifactForTest/File1.txt&quot;, &quot;ArtifactForTest/Folder1&quot;, &quot;ArtifactForTest/Folder1/Folder2/File3.txt&quot;])" computerName="ComputerName" duration="00:00:00.0099433" startTime="2024-05-08T09:40:52.5149667+02:00" endTime="2024-05-08T09:40:52.5149668+02:00" testType="13cdc9d9-ddb5-4fa4-a97d-d965ccfc6d4b" outcome="Passed" testListId="8c84fa94-04c1-424b-9868-57a2d4851a1d" relativeResultsDirectory="18c7141e-c52f-4c3f-8fba-f9c0d8a9fdcc" />
    <UnitTestResult executionId="f784d36c-0076-42be-8fd2-cea399695bbf" testId="23b58a76-0282-fb93-06ee-d3559e0c1e2c" testName="Microsoft.VisualStudio.Services.Agent.Tests.Worker.TestResults.TrxReaderTests.VerifyRunLevelResultsFileAbsentIfSkipFlagIsSet" computerName="ComputerName" duration="00:00:00.0193329" startTime="2024-05-08T09:40:55.0019962+02:00" endTime="2024-05-08T09:40:55.0019963+02:00" testType="13cdc9d9-ddb5-4fa4-a97d-d965ccfc6d4b" outcome="Passed" testListId="8c84fa94-04c1-424b-9868-57a2d4851a1d" relativeResultsDirectory="f784d36c-0076-42be-8fd2-cea399695bbf" />
    <UnitTestResult executionId="0a6bfad2-e108-4d9a-aab7-713786acf468" testId="16435927-29a5-d1e1-76c8-7c9bf15eb04a" testName="Microsoft.VisualStudio.Services.Agent.Tests.Util.ArgUtilL0.Equal_ThrowsWhenActualObjectIsNull" computerName="ComputerName" duration="00:00:00.0030361" startTime="2024-05-08T09:40:54.9514660+02:00" endTime="2024-05-08T09:40:54.9514661+02:00" testType="13cdc9d9-ddb5-4fa4-a97d-d965ccfc6d4b" outcome="Passed" testListId="8c84fa94-04c1-424b-9868-57a2d4851a1d" relativeResultsDirectory="0a6bfad2-e108-4d9a-aab7-713786acf468" />
    <UnitTestResult executionId="9da8e885-ac8c-4da8-9482-760a0ecf93dc" testId="47846aba-1d03-2bb3-edc5-230ded063c9b" testName="Microsoft.VisualStudio.Services.Agent.Tests.Util.IOUtilL0.ValidateExecutePermission_DoesNotExceedFailsafe" computerName="ComputerName" duration="00:00:00.0051994" startTime="2024-05-08T09:41:06.9693726+02:00" endTime="2024-05-08T09:41:06.9693732+02:00" testType="13cdc9d9-ddb5-4fa4-a97d-d965ccfc6d4b" outcome="Passed" testListId="8c84fa94-04c1-424b-9868-57a2d4851a1d" relativeResultsDirectory="9da8e885-ac8c-4da8-9482-760a0ecf93dc" />
    <UnitTestResult executionId="2bfcd735-ce8e-4f13-8695-2d2fc8a60477" testId="99061bae-ce92-6cb0-2154-c30ffb331071" testName="Test.L0.Plugin.TestResultParser.EnumerableExtensionL0.ListShouldBeBatchedIfSizeIsLessThanBatch" computerName="ComputerName" duration="00:00:00.0035217" startTime="2024-05-08T09:40:54.3790930+02:00" endTime="2024-05-08T09:40:54.3790931+02:00" testType="13cdc9d9-ddb5-4fa4-a97d-d965ccfc6d4b" outcome="Passed" testListId="8c84fa94-04c1-424b-9868-57a2d4851a1d" relativeResultsDirectory="2bfcd735-ce8e-4f13-8695-2d2fc8a60477" />
    <UnitTestResult executionId="2a674a10-2be3-4b07-acd6-151dcfea300d" testId="9096d5f6-4c7d-16bf-545f-db6e624c0980" testName="Microsoft.VisualStudio.Services.Agent.Tests.Worker.TestResults.NunitResultReaderTests.PublishNUnit3ResultsShouldConsiderTestCaseAttachmentsMultiple" computerName="ComputerName" duration="00:00:00.0202608" startTime="2024-05-08T09:40:52.9685487+02:00" endTime="2024-05-08T09:40:52.9685488+02:00" testType="13cdc9d9-ddb5-4fa4-a97d-d965ccfc6d4b" outcome="Passed" testListId="8c84fa94-04c1-424b-9868-57a2d4851a1d" relativeResultsDirectory="2a674a10-2be3-4b07-acd6-151dcfea300d" />
    <UnitTestResult executionId="dd53494e-37f4-47b1-ad48-be20f8c681cd" testId="10894bfd-93a6-fd29-4b92-533f16b55256" testName="Microsoft.VisualStudio.Services.Agent.Tests.Worker.WorkerL0.DispatchRunNewJob" computerName="ComputerName" duration="00:00:00.0168420" startTime="2024-05-08T09:40:53.6578555+02:00" endTime="2024-05-08T09:40:53.6578556+02:00" testType="13cdc9d9-ddb5-4fa4-a97d-d965ccfc6d4b" outcome="Passed" testListId="8c84fa94-04c1-424b-9868-57a2d4851a1d" relativeResultsDirectory="dd53494e-37f4-47b1-ad48-be20f8c681cd" />
    <UnitTestResult executionId="9624194e-a488-43a2-9aa6-19a44fb82ec9" testId="67cab95d-e0be-4c19-a8e5-bac1dbe59cf0" testName="Microsoft.VisualStudio.Services.Agent.Tests.Worker.TestResults.TestRunPublisherTests.PublishConsoleLogIsSuccessful" computerName="ComputerName" duration="00:00:00.0146039" startTime="2024-05-08T09:40:52.6727674+02:00" endTime="2024-05-08T09:40:52.6727676+02:00" testType="13cdc9d9-ddb5-4fa4-a97d-d965ccfc6d4b" outcome="Passed" testListId="8c84fa94-04c1-424b-9868-57a2d4851a1d" relativeResultsDirectory="9624194e-a488-43a2-9aa6-19a44fb82ec9" />
    <UnitTestResult executionId="137d7c88-2cf4-4980-99e7-5240a3b6c208" testId="0a2e7275-3d9d-0d18-19ea-9940a375e003" testName="Microsoft.VisualStudio.Services.Agent.Tests.PipelineCaching.TarUtilsL0.UnavailableProcessDependency_ThrowsNiceError" computerName="ComputerName" duration="00:00:00.0215062" startTime="2024-05-08T09:40:52.6310079+02:00" endTime="2024-05-08T09:40:52.6310080+02:00" testType="13cdc9d9-ddb5-4fa4-a97d-d965ccfc6d4b" outcome="Passed" testListId="8c84fa94-04c1-424b-9868-57a2d4851a1d" relativeResultsDirectory="137d7c88-2cf4-4980-99e7-5240a3b6c208" />
    <UnitTestResult executionId="d5fe5bf6-0882-47e2-9d9e-61bf08a91064" testId="e87527c1-8f96-c6ef-bb41-c3eb47e65c5f" testName="Microsoft.VisualStudio.Services.Agent.Tests.Worker.Build.GitSourceProviderL0.GetSourceGitFetchWithClean" computerName="ComputerName" duration="00:00:00.1432479" startTime="2024-05-08T09:40:52.2125005+02:00" endTime="2024-05-08T09:40:52.2125006+02:00" testType="13cdc9d9-ddb5-4fa4-a97d-d965ccfc6d4b" outcome="Passed" testListId="8c84fa94-04c1-424b-9868-57a2d4851a1d" relativeResultsDirectory="d5fe5bf6-0882-47e2-9d9e-61bf08a91064" />
    <UnitTestResult executionId="a1bfa4a3-a102-4a70-b5aa-9962511eead3" testId="858bfeb7-706e-45f4-07af-344f59c5fb65" testName="Test.L0.Worker.Handlers.ProcessHandlerHelperTelemetryL0.FoundPrefixesTest(inputArgs: &quot;%var% %&quot;, expectedCount: 2)" computerName="ComputerName" duration="00:00:00.0002117" startTime="2024-05-08T09:40:51.4192238+02:00" endTime="2024-05-08T09:40:51.4192239+02:00" testType="13cdc9d9-ddb5-4fa4-a97d-d965ccfc6d4b" outcome="Passed" testListId="8c84fa94-04c1-424b-9868-57a2d4851a1d" relativeResultsDirectory="a1bfa4a3-a102-4a70-b5aa-9962511eead3" />
    <UnitTestResult executionId="d7587f29-45e5-4576-a4e1-85b34bab8020" testId="113e7c93-ddc0-8471-9987-f90f8791175a" testName="Microsoft.VisualStudio.Services.Agent.Tests.Worker.TaskCommandExtensionL0.SetEndpointDataParameter" computerName="ComputerName" duration="00:00:00.0059932" startTime="2024-05-08T09:40:52.9467298+02:00" endTime="2024-05-08T09:40:52.9467299+02:00" testType="13cdc9d9-ddb5-4fa4-a97d-d965ccfc6d4b" outcome="Passed" testListId="8c84fa94-04c1-424b-9868-57a2d4851a1d" relativeResultsDirectory="d7587f29-45e5-4576-a4e1-85b34bab8020" />
    <UnitTestResult executionId="d2db2ebf-ab9c-4ec5-b30c-f4b76e9db661" testId="f1166810-f642-5c8e-0b6a-acf932f27ab3" testName="Microsoft.VisualStudio.Services.Agent.Tests.Worker.TestResults.JunitResultReaderTests.CustomRunTitleIsHonoured" computerName="ComputerName" duration="00:00:00.0096374" startTime="2024-05-08T09:40:55.3743645+02:00" endTime="2024-05-08T09:40:55.3743646+02:00" testType="13cdc9d9-ddb5-4fa4-a97d-d965ccfc6d4b" outcome="Passed" testListId="8c84fa94-04c1-424b-9868-57a2d4851a1d" relativeResultsDirectory="d2db2ebf-ab9c-4ec5-b30c-f4b76e9db661" />
    <UnitTestResult executionId="48f2195b-9f3a-4da6-9387-1ecc27cf65b9" testId="ecbc130c-20dc-caa5-1bff-7d91ef165ed0" testName="Microsoft.VisualStudio.Services.Agent.Tests.SecretMaskerL0.IsUserInfoWithEncodedAndEscapedCharactersdInNameMaskedCorrectly" computerName="ComputerName" duration="00:00:00.0106529" startTime="2024-05-08T09:40:52.6405187+02:00" endTime="2024-05-08T09:40:52.6405188+02:00" testType="13cdc9d9-ddb5-4fa4-a97d-d965ccfc6d4b" outcome="Passed" testListId="8c84fa94-04c1-424b-9868-57a2d4851a1d" relativeResultsDirectory="48f2195b-9f3a-4da6-9387-1ecc27cf65b9" />
    <UnitTestResult executionId="b7782172-bfd9-4edb-8ea9-1443b4940ce1" testId="9c55a842-372d-98fe-ece4-498d94fb6dbf" testName="Microsoft.VisualStudio.Services.Agent.Tests.Worker.WorkerL0.VerifyJobRequestMessageVsoCommandsDeactivatedIfVariableCasesHandlesNullValues" computerName="ComputerName" duration="00:00:00.0104552" startTime="2024-05-08T09:40:53.4578634+02:00" endTime="2024-05-08T09:40:53.4578635+02:00" testType="13cdc9d9-ddb5-4fa4-a97d-d965ccfc6d4b" outcome="Passed" testListId="8c84fa94-04c1-424b-9868-57a2d4851a1d" relativeResultsDirectory="b7782172-bfd9-4edb-8ea9-1443b4940ce1" />
    <UnitTestResult executionId="b17b4126-a84a-4c43-a7c0-1e39371433f4" testId="9b2252df-8f9c-da5d-8ad1-4e728208530a" testName="Microsoft.VisualStudio.Services.Agent.Tests.Worker.JobRunnerL0.DontUploadDiagnosticLogIfEnvironmentVariableFalseMSI" computerName="ComputerName" duration="00:00:00.0686943" startTime="2024-05-08T09:40:51.6316946+02:00" endTime="2024-05-08T09:40:51.6316947+02:00" testType="13cdc9d9-ddb5-4fa4-a97d-d965ccfc6d4b" outcome="Passed" testListId="8c84fa94-04c1-424b-9868-57a2d4851a1d" relativeResultsDirectory="b17b4126-a84a-4c43-a7c0-1e39371433f4" />
    <UnitTestResult executionId="2ffeb4a3-9407-40e7-b570-67a724171024" testId="f6073072-c555-3170-b676-fedd5427e6ea" testName="Microsoft.VisualStudio.Services.Agent.Tests.Listener.JobDispatcherL0.DispatcherRenewJobRequestRecoverFromExceptions" computerName="ComputerName" duration="00:00:00.0615890" startTime="2024-05-08T09:40:53.1478912+02:00" endTime="2024-05-08T09:40:53.1478912+02:00" testType="13cdc9d9-ddb5-4fa4-a97d-d965ccfc6d4b" outcome="Passed" testListId="8c84fa94-04c1-424b-9868-57a2d4851a1d" relativeResultsDirectory="2ffeb4a3-9407-40e7-b570-67a724171024" />
    <UnitTestResult executionId="78bb69f8-9287-4ba1-b07c-101a2e5967da" testId="4b620685-de1a-dc68-478c-d301136d1cb6" testName="Microsoft.VisualStudio.Services.Agent.Tests.ProcessInvokerL0.SuccessExitsWithCodeZero" computerName="ComputerName" duration="00:00:00.2962773" startTime="2024-05-08T09:40:55.7253594+02:00" endTime="2024-05-08T09:40:55.7253596+02:00" testType="13cdc9d9-ddb5-4fa4-a97d-d965ccfc6d4b" outcome="Passed" testListId="8c84fa94-04c1-424b-9868-57a2d4851a1d" relativeResultsDirectory="78bb69f8-9287-4ba1-b07c-101a2e5967da" />
    <UnitTestResult executionId="ace476a3-6243-4575-a092-752f8e7ca087" testId="0cc95d41-a4c7-933c-a716-4546a19ef3da" testName="Microsoft.VisualStudio.Services.Agent.Tests.Plugin.RepositoryPluginL0.RepositoryPlugin_CheckoutTask_MergesCheckoutOptions_UnexpectedCheckoutOption" computerName="ComputerName" duration="00:00:00.0468061" startTime="2024-05-08T09:40:52.1613568+02:00" endTime="2024-05-08T09:40:52.1613569+02:00" testType="13cdc9d9-ddb5-4fa4-a97d-d965ccfc6d4b" outcome="Passed" testListId="8c84fa94-04c1-424b-9868-57a2d4851a1d" relativeResultsDirectory="ace476a3-6243-4575-a092-752f8e7ca087" />
    <UnitTestResult executionId="d34d0d72-bd03-4994-983b-901250f8e8d8" testId="14d1abef-a39f-8d08-6fd3-8d86015dc6b6" testName="Microsoft.VisualStudio.Services.Agent.Tests.RegexSecretL0.Equals_ReturnsTrue_WhenPatternsAreEqual" computerName="ComputerName" duration="00:00:00.0006637" startTime="2024-05-08T09:40:51.5356890+02:00" endTime="2024-05-08T09:40:51.5356891+02:00" testType="13cdc9d9-ddb5-4fa4-a97d-d965ccfc6d4b" outcome="Passed" testListId="8c84fa94-04c1-424b-9868-57a2d4851a1d" relativeResultsDirectory="d34d0d72-bd03-4994-983b-901250f8e8d8" />
    <UnitTestResult executionId="440827e0-0dca-49f1-87ec-5eb2f0d769da" testId="9da2037c-e6d5-cb1e-9821-5f08ee9dcf4d" testName="Microsoft.VisualStudio.Services.Agent.Tests.Worker.Results.CTestResultReaderTests.VerifyTestRunTimeIsEmptyIfTimestampIsNotParseable" computerName="ComputerName" duration="00:00:00.0135436" startTime="2024-05-08T09:40:54.1943433+02:00" endTime="2024-05-08T09:40:54.1943434+02:00" testType="13cdc9d9-ddb5-4fa4-a97d-d965ccfc6d4b" outcome="Passed" testListId="8c84fa94-04c1-424b-9868-57a2d4851a1d" relativeResultsDirectory="440827e0-0dca-49f1-87ec-5eb2f0d769da" />
    <UnitTestResult executionId="05fb71c0-1239-42bb-992b-ca6df3a408ac" testId="93258a59-7fb1-9ba5-8f50-7d034d2e21c2" testName="Test.L0.Worker.Handlers.ProcessHandlerHelperTelemetryL0.NotClosedEnv(inputArgs: &quot;%1&quot;, expectedPosition: 0)" computerName="ComputerName" duration="00:00:00.0005380" startTime="2024-05-08T09:40:51.3815564+02:00" endTime="2024-05-08T09:40:51.3815565+02:00" testType="13cdc9d9-ddb5-4fa4-a97d-d965ccfc6d4b" outcome="Passed" testListId="8c84fa94-04c1-424b-9868-57a2d4851a1d" relativeResultsDirectory="05fb71c0-1239-42bb-992b-ca6df3a408ac" />
    <UnitTestResult executionId="b8a0a05c-ee5c-44ef-8b48-a8cf9cc6973a" testId="2011642d-991c-6051-ebc2-13f8c8f7a289" testName="Microsoft.VisualStudio.Services.Agent.Tests.Worker.TestResults.TestRunPublisherTests.SystemInformationFileUploadsWithCorrectAttachmentType" computerName="ComputerName" duration="00:00:00.0145624" startTime="2024-05-08T09:40:52.5791686+02:00" endTime="2024-05-08T09:40:52.5791690+02:00" testType="13cdc9d9-ddb5-4fa4-a97d-d965ccfc6d4b" outcome="Passed" testListId="8c84fa94-04c1-424b-9868-57a2d4851a1d" relativeResultsDirectory="b8a0a05c-ee5c-44ef-8b48-a8cf9cc6973a" />
    <UnitTestResult executionId="6de41106-5a8d-4f79-b1a9-6df85b71ead9" testId="5210fcc2-17b5-23a0-1433-9648561dd0fe" testName="Microsoft.VisualStudio.Services.Agent.Tests.Worker.Build.TrackingManagerL0.LoadsTrackingConfig_FileFormatVersion1_InvalidJson" computerName="ComputerName" duration="00:00:00.1138989" startTime="2024-05-08T09:40:53.8406298+02:00" endTime="2024-05-08T09:40:53.8406300+02:00" testType="13cdc9d9-ddb5-4fa4-a97d-d965ccfc6d4b" outcome="Passed" testListId="8c84fa94-04c1-424b-9868-57a2d4851a1d" relativeResultsDirectory="6de41106-5a8d-4f79-b1a9-6df85b71ead9" />
    <UnitTestResult executionId="1c6e3407-bba9-4a8e-af7b-abd2be740ad2" testId="4271fb94-1b1a-1235-a75a-c55bfb83c2de" testName="Microsoft.VisualStudio.Services.Agent.Tests.Worker.TestResults.XUnitResultReaderTests.ReadResultsReturnsCorrectValues" computerName="ComputerName" duration="00:00:00.1028322" startTime="2024-05-08T09:40:52.8182456+02:00" endTime="2024-05-08T09:40:52.8182457+02:00" testType="13cdc9d9-ddb5-4fa4-a97d-d965ccfc6d4b" outcome="Passed" testListId="8c84fa94-04c1-424b-9868-57a2d4851a1d" relativeResultsDirectory="1c6e3407-bba9-4a8e-af7b-abd2be740ad2" />
    <UnitTestResult executionId="e6fdff90-5fee-44ab-b12d-2d56112bff2b" testId="0c105c1f-3338-d541-d7d1-dc3513c20632" testName="Test.L0.Plugin.TestFilePublisher.TestFilePublisherL0.TestFilePublisher_PublishMultipleFiles" computerName="ComputerName" duration="00:00:00.0427209" startTime="2024-05-08T09:40:55.6382082+02:00" endTime="2024-05-08T09:40:55.6382083+02:00" testType="13cdc9d9-ddb5-4fa4-a97d-d965ccfc6d4b" outcome="Passed" testListId="8c84fa94-04c1-424b-9868-57a2d4851a1d" relativeResultsDirectory="e6fdff90-5fee-44ab-b12d-2d56112bff2b" />
    <UnitTestResult executionId="3d4a2093-2231-4401-8e19-d8cd0305fff9" testId="8773b68a-e8ea-a780-65a9-e580f2b03d35" testName="Microsoft.VisualStudio.Services.Agent.Tests.TestFileContainerProviderL0.TestGettingArtifactItemsWithMinimatchPattern(pttrn: [&quot;**/Folder1/**&quot;, &quot;!**/File3.txt&quot;], count: 3, expectedPaths: [&quot;ArtifactForTest/Folder1/File2.txt&quot;, &quot;ArtifactForTest/Folder1/File21.txt&quot;, &quot;ArtifactForTest/Folder1/Folder2&quot;])" computerName="ComputerName" duration="00:00:00.0077055" startTime="2024-05-08T09:40:52.4724937+02:00" endTime="2024-05-08T09:40:52.4724938+02:00" testType="13cdc9d9-ddb5-4fa4-a97d-d965ccfc6d4b" outcome="Passed" testListId="8c84fa94-04c1-424b-9868-57a2d4851a1d" relativeResultsDirectory="3d4a2093-2231-4401-8e19-d8cd0305fff9" />
    <UnitTestResult executionId="2281d9a3-c680-4617-8be0-61c690646295" testId="dc5b55fd-24d5-5212-555a-a03c84f81af9" testName="Microsoft.VisualStudio.Services.Agent.Tests.Util.WhichUtilL0.UseWhichFindGit" computerName="ComputerName" duration="00:00:00.0051071" startTime="2024-05-08T09:40:51.5153612+02:00" endTime="2024-05-08T09:40:51.5153613+02:00" testType="13cdc9d9-ddb5-4fa4-a97d-d965ccfc6d4b" outcome="Passed" testListId="8c84fa94-04c1-424b-9868-57a2d4851a1d" relativeResultsDirectory="2281d9a3-c680-4617-8be0-61c690646295" />
    <UnitTestResult executionId="689e5c29-b0ef-40af-bbdb-a5667f6dcdaf" testId="031655c1-8e66-e55d-2cca-a71acb642e6e" testName="Microsoft.VisualStudio.Services.Agent.Tests.Util.StringUtilL0.ConvertNullOrEmptryStringToDefaultBool" computerName="ComputerName" duration="00:00:00.0027097" startTime="2024-05-08T09:40:54.3480226+02:00" endTime="2024-05-08T09:40:54.3480228+02:00" testType="13cdc9d9-ddb5-4fa4-a97d-d965ccfc6d4b" outcome="Passed" testListId="8c84fa94-04c1-424b-9868-57a2d4851a1d" relativeResultsDirectory="689e5c29-b0ef-40af-bbdb-a5667f6dcdaf" />
    <UnitTestResult executionId="474dd016-39b7-4943-8269-5a1c03dead6f" testId="03887b87-3ff9-b2e6-bdfc-8f8fdd1d9089" testName="Microsoft.VisualStudio.Services.Agent.Tests.Plugin.RepositoryPluginL0.RepositoryPlugin_UpdatePathEvenCheckoutFail" computerName="ComputerName" duration="00:00:00.0746827" startTime="2024-05-08T09:40:51.5812790+02:00" endTime="2024-05-08T09:40:51.5812790+02:00" testType="13cdc9d9-ddb5-4fa4-a97d-d965ccfc6d4b" outcome="Passed" testListId="8c84fa94-04c1-424b-9868-57a2d4851a1d" relativeResultsDirectory="474dd016-39b7-4943-8269-5a1c03dead6f" />
    <UnitTestResult executionId="843351a9-3725-4454-aff6-ba78a1ba7318" testId="0ff9ac5b-0db1-9bd2-46e0-27988538da6e" testName="Microsoft.VisualStudio.Services.Agent.Tests.Listener.AgentCapabilitiesProviderTestL0.TestGetCapabilities" computerName="ComputerName" duration="00:00:00.0086868" startTime="2024-05-08T09:40:53.4045965+02:00" endTime="2024-05-08T09:40:53.4045967+02:00" testType="13cdc9d9-ddb5-4fa4-a97d-d965ccfc6d4b" outcome="Passed" testListId="8c84fa94-04c1-424b-9868-57a2d4851a1d" relativeResultsDirectory="843351a9-3725-4454-aff6-ba78a1ba7318" />
    <UnitTestResult executionId="609ec881-f362-4ae5-92a8-83086daf4a99" testId="e1af3575-7637-292c-4441-5c3133f0a77b" testName="Microsoft.VisualStudio.Services.Agent.Tests.Worker.Build.TrackingManagerL0.LoadsTrackingConfig_FileFormatVersion1" computerName="ComputerName" duration="00:00:00.0433391" startTime="2024-05-08T09:40:53.8786433+02:00" endTime="2024-05-08T09:40:53.8786462+02:00" testType="13cdc9d9-ddb5-4fa4-a97d-d965ccfc6d4b" outcome="Passed" testListId="8c84fa94-04c1-424b-9868-57a2d4851a1d" relativeResultsDirectory="609ec881-f362-4ae5-92a8-83086daf4a99" />
    <UnitTestResult executionId="7ebdd857-3463-4ac8-9634-7ac7917bd1ac" testId="4564d6ef-8013-b899-ecf1-d4f54af73ee0" testName="Microsoft.VisualStudio.Services.Agent.Tests.Worker.TestResults.XUnitResultReaderTests.VerifyStartDateIsNotEmpty" computerName="ComputerName" duration="00:00:00.0066791" startTime="2024-05-08T09:40:52.4567518+02:00" endTime="2024-05-08T09:40:52.4567519+02:00" testType="13cdc9d9-ddb5-4fa4-a97d-d965ccfc6d4b" outcome="Passed" testListId="8c84fa94-04c1-424b-9868-57a2d4851a1d" relativeResultsDirectory="7ebdd857-3463-4ac8-9634-7ac7917bd1ac" />
    <UnitTestResult executionId="b40353e8-dc17-43aa-b29d-2cd7544785ec" testId="6c022ab1-5f56-e7e3-a8ce-02a0cb3b659f" testName="Microsoft.VisualStudio.Services.Agent.Tests.SecretMaskerL0.SecretMaskerTests_MinLengthSetThroughPropertySetTwice" computerName="ComputerName" duration="00:00:00.0001954" startTime="2024-05-08T09:40:52.7390092+02:00" endTime="2024-05-08T09:40:52.7390094+02:00" testType="13cdc9d9-ddb5-4fa4-a97d-d965ccfc6d4b" outcome="Passed" testListId="8c84fa94-04c1-424b-9868-57a2d4851a1d" relativeResultsDirectory="b40353e8-dc17-43aa-b29d-2cd7544785ec" />
    <UnitTestResult executionId="99ddbb3a-d5c2-4f74-9937-8ccdc6acfe2e" testId="aba2c492-f1fb-a637-6ba9-c0ea79a87984" testName="Microsoft.VisualStudio.Services.Agent.Tests.Worker.WorkerL0.VerifyJobRequestMessageVsoCommandsDeactivated" computerName="ComputerName" duration="00:00:00.0007060" startTime="2024-05-08T09:40:53.6411843+02:00" endTime="2024-05-08T09:40:53.6411844+02:00" testType="13cdc9d9-ddb5-4fa4-a97d-d965ccfc6d4b" outcome="Passed" testListId="8c84fa94-04c1-424b-9868-57a2d4851a1d" relativeResultsDirectory="99ddbb3a-d5c2-4f74-9937-8ccdc6acfe2e" />
    <UnitTestResult executionId="c7f7f226-0f4c-4c74-9b31-30c2825c21a7" testId="ac9676b7-fc56-d1f5-1b6a-24d2560272e9" testName="Microsoft.VisualStudio.Services.Agent.Tests.Worker.TestResults.TestRunPublisherTests.TestImpactFileUploadsWithCorrectAttachmentType" computerName="ComputerName" duration="00:00:00.1863639" startTime="2024-05-08T09:40:52.1596094+02:00" endTime="2024-05-08T09:40:52.1596096+02:00" testType="13cdc9d9-ddb5-4fa4-a97d-d965ccfc6d4b" outcome="Passed" testListId="8c84fa94-04c1-424b-9868-57a2d4851a1d" relativeResultsDirectory="c7f7f226-0f4c-4c74-9b31-30c2825c21a7" />
    <UnitTestResult executionId="cc17d5f5-14b5-4cac-9a26-60692d901328" testId="c8595977-02fa-4305-861c-086df602b22e" testName="Microsoft.VisualStudio.Services.Agent.Tests.Worker.VariablesL0.Set_CanConvertAPublicValueIntoASecretValue" computerName="ComputerName" duration="00:00:00.0046195" startTime="2024-05-08T09:40:51.7580385+02:00" endTime="2024-05-08T09:40:51.7580386+02:00" testType="13cdc9d9-ddb5-4fa4-a97d-d965ccfc6d4b" outcome="Passed" testListId="8c84fa94-04c1-424b-9868-57a2d4851a1d" relativeResultsDirectory="cc17d5f5-14b5-4cac-9a26-60692d901328" />
    <UnitTestResult executionId="822288ca-e01e-4d05-bf58-9b9b2e44d1ac" testId="b19d6c37-9812-7beb-c949-9dee11825a48" testName="Microsoft.VisualStudio.Services.Agent.Tests.Util.RepositoryUtilL0.GetCloneDirectory_STRING_should_throw_on_null" computerName="ComputerName" duration="00:00:00.0031604" startTime="2024-05-08T09:40:51.0114015+02:00" endTime="2024-05-08T09:40:51.0114016+02:00" testType="13cdc9d9-ddb5-4fa4-a97d-d965ccfc6d4b" outcome="Passed" testListId="8c84fa94-04c1-424b-9868-57a2d4851a1d" relativeResultsDirectory="822288ca-e01e-4d05-bf58-9b9b2e44d1ac" />
    <UnitTestResult executionId="ac71f587-f934-4be9-b0f3-df0f912c0fb7" testId="509cfb5a-68f9-9480-515e-6acee38cd03e" testName="Test.L0.Worker.Handlers.ProcessHandlerHelperL0.ArgsValidation_Failes(inputArgs: &quot;1 | whoami&quot;, envVarValue: &quot;&quot;)" computerName="ComputerName" duration="00:00:00.0001952" startTime="2024-05-08T09:40:51.0989143+02:00" endTime="2024-05-08T09:40:51.0989145+02:00" testType="13cdc9d9-ddb5-4fa4-a97d-d965ccfc6d4b" outcome="Passed" testListId="8c84fa94-04c1-424b-9868-57a2d4851a1d" relativeResultsDirectory="ac71f587-f934-4be9-b0f3-df0f912c0fb7" />
    <UnitTestResult executionId="ba682eef-f6a2-4d1a-8c4e-a908742e97ba" testId="739a9e9d-2a46-9408-37c7-e75d0066127d" testName="Microsoft.VisualStudio.Services.Agent.Tests.Worker.VariablesL0.IsReadOnly_ListContainsAllReadOnlyVariables" computerName="ComputerName" duration="00:00:00.0115327" startTime="2024-05-08T09:40:51.6118961+02:00" endTime="2024-05-08T09:40:51.6118962+02:00" testType="13cdc9d9-ddb5-4fa4-a97d-d965ccfc6d4b" outcome="Passed" testListId="8c84fa94-04c1-424b-9868-57a2d4851a1d" relativeResultsDirectory="ba682eef-f6a2-4d1a-8c4e-a908742e97ba" />
    <UnitTestResult executionId="3788bcb4-a6f1-4a5c-b65d-a1e193bc0006" testId="8c281861-d01a-c36d-a3c6-bdf8d61c6de3" testName="Microsoft.VisualStudio.Services.Agent.Tests.Util.IOUtilL0.DeleteDirectory_DeletesReadOnlyDirectories" computerName="ComputerName" duration="00:00:00.0061978" startTime="2024-05-08T09:40:56.4981766+02:00" endTime="2024-05-08T09:40:56.4981768+02:00" testType="13cdc9d9-ddb5-4fa4-a97d-d965ccfc6d4b" outcome="Passed" testListId="8c84fa94-04c1-424b-9868-57a2d4851a1d" relativeResultsDirectory="3788bcb4-a6f1-4a5c-b65d-a1e193bc0006" />
    <UnitTestResult executionId="704d61f2-822e-4bcf-8d98-e68949d74b77" testId="4280c118-fb1c-1830-735c-f59238ae6699" testName="Microsoft.VisualStudio.Services.Agent.Tests.Worker.TestResults.JunitResultReaderTests.PublishNestedJUnitResultsWithEmptyNameAttributeInTestSuite" computerName="ComputerName" duration="00:00:00.0597195" startTime="2024-05-08T09:40:55.0191396+02:00" endTime="2024-05-08T09:40:55.0191398+02:00" testType="13cdc9d9-ddb5-4fa4-a97d-d965ccfc6d4b" outcome="Passed" testListId="8c84fa94-04c1-424b-9868-57a2d4851a1d" relativeResultsDirectory="704d61f2-822e-4bcf-8d98-e68949d74b77" />
    <UnitTestResult executionId="9207dd3a-ce27-4d8e-a08e-b907a8b24107" testId="373eb800-5b5c-0a11-2053-dda0c3bf496c" testName="Microsoft.VisualStudio.Services.Agent.Tests.KnobL0.SpecificKnobTypeByInterfaceRestrictedTest" computerName="ComputerName" duration="00:00:00.0006045" startTime="2024-05-08T09:40:53.4915792+02:00" endTime="2024-05-08T09:40:53.4915793+02:00" testType="13cdc9d9-ddb5-4fa4-a97d-d965ccfc6d4b" outcome="Passed" testListId="8c84fa94-04c1-424b-9868-57a2d4851a1d" relativeResultsDirectory="9207dd3a-ce27-4d8e-a08e-b907a8b24107" />
    <UnitTestResult executionId="32018519-5f8a-4656-b17f-e16820fcb287" testId="b5d70720-0eeb-356b-c4c4-292651017d89" testName="Microsoft.VisualStudio.Services.Agent.Tests.Worker.LoggingCommandL0.CommandParserTest" computerName="ComputerName" duration="00:00:00.0142238" startTime="2024-05-08T09:40:51.2357265+02:00" endTime="2024-05-08T09:40:51.2357267+02:00" testType="13cdc9d9-ddb5-4fa4-a97d-d965ccfc6d4b" outcome="Passed" testListId="8c84fa94-04c1-424b-9868-57a2d4851a1d" relativeResultsDirectory="32018519-5f8a-4656-b17f-e16820fcb287" />
    <UnitTestResult executionId="4d6e53db-9469-4aae-854b-d575c457ef98" testId="c7dc6483-5269-db5c-6122-ec9b97ef2675" testName="Microsoft.VisualStudio.Services.Agent.Tests.CommandSettingsL0.PromptsForAuth" computerName="ComputerName" duration="00:00:00.0732208" startTime="2024-05-08T09:40:51.4627006+02:00" endTime="2024-05-08T09:40:51.4627007+02:00" testType="13cdc9d9-ddb5-4fa4-a97d-d965ccfc6d4b" outcome="Passed" testListId="8c84fa94-04c1-424b-9868-57a2d4851a1d" relativeResultsDirectory="4d6e53db-9469-4aae-854b-d575c457ef98" />
    <UnitTestResult executionId="7933f3e9-b7f8-4cb6-9bc8-fb5732dbb334" testId="958ef3f7-24ff-673b-a4e6-67fc3abce645" testName="Microsoft.VisualStudio.Services.Agent.Tests.Worker.StepsRunnerL0.SetStepTarget" computerName="ComputerName" duration="00:00:00.0378362" startTime="2024-05-08T09:40:51.7156447+02:00" endTime="2024-05-08T09:40:51.7156448+02:00" testType="13cdc9d9-ddb5-4fa4-a97d-d965ccfc6d4b" outcome="Passed" testListId="8c84fa94-04c1-424b-9868-57a2d4851a1d" relativeResultsDirectory="7933f3e9-b7f8-4cb6-9bc8-fb5732dbb334" />
    <UnitTestResult executionId="4a879cad-109c-4d2e-9227-acc1901a8008" testId="289fcbe9-b0de-e5ba-dffe-65fb94e57fff" testName="Microsoft.VisualStudio.Services.Agent.Tests.Worker.TestResults.JunitResultReaderTests.VerifyDurationAsSumOfAssemblyTimeWhenTimestampTagNotAvailable" computerName="ComputerName" duration="00:00:00.0120191" startTime="2024-05-08T09:40:55.5329418+02:00" endTime="2024-05-08T09:40:55.5329422+02:00" testType="13cdc9d9-ddb5-4fa4-a97d-d965ccfc6d4b" outcome="Passed" testListId="8c84fa94-04c1-424b-9868-57a2d4851a1d" relativeResultsDirectory="4a879cad-109c-4d2e-9227-acc1901a8008" />
    <UnitTestResult executionId="3c190774-69e7-43e6-b9c3-39f7c596543d" testId="04f38f42-7b81-bed1-54b1-5d31072f9af1" testName="Microsoft.VisualStudio.Services.Agent.Tests.Listener.AgentAutoLogonTestL0.TestAutoLogonRunOnce" computerName="ComputerName" duration="00:00:00.0676443" startTime="2024-05-08T09:40:53.1049539+02:00" endTime="2024-05-08T09:40:53.1049540+02:00" testType="13cdc9d9-ddb5-4fa4-a97d-d965ccfc6d4b" outcome="Passed" testListId="8c84fa94-04c1-424b-9868-57a2d4851a1d" relativeResultsDirectory="3c190774-69e7-43e6-b9c3-39f7c596543d" />
    <UnitTestResult executionId="9ce7082f-9582-44fd-96b8-f1425517037b" testId="fb823872-a527-fbc5-de19-422549acaac2" testName="Microsoft.VisualStudio.Services.Agent.Tests.HostContextL0.UrlSecretsAreMasked(input: &quot;http://example.com/path&quot;, expected: &quot;http://example.com/path&quot;)" computerName="ComputerName" duration="00:00:00.0024032" startTime="2024-05-08T09:40:52.4594910+02:00" endTime="2024-05-08T09:40:52.4594911+02:00" testType="13cdc9d9-ddb5-4fa4-a97d-d965ccfc6d4b" outcome="Passed" testListId="8c84fa94-04c1-424b-9868-57a2d4851a1d" relativeResultsDirectory="9ce7082f-9582-44fd-96b8-f1425517037b" />
    <UnitTestResult executionId="fd5b9e79-db7d-4a18-8d3c-628b9756194d" testId="cf7fdf47-d29c-e889-7f57-e5ef4fc8ee2a" testName="Microsoft.VisualStudio.Services.Agent.Tests.Plugin.RepositoryPluginL0.RepositoryPlugin_CheckoutTask_MergesCheckoutOptions_FeatureFlagOff" computerName="ComputerName" duration="00:00:00.0303693" startTime="2024-05-08T09:40:51.6085582+02:00" endTime="2024-05-08T09:40:51.6085584+02:00" testType="13cdc9d9-ddb5-4fa4-a97d-d965ccfc6d4b" outcome="Passed" testListId="8c84fa94-04c1-424b-9868-57a2d4851a1d" relativeResultsDirectory="fd5b9e79-db7d-4a18-8d3c-628b9756194d" />
    <UnitTestResult executionId="634dce9e-91b2-40a7-8786-66b1c481c2dd" testId="166177ed-8449-f6d4-d24e-8ff26e0e796a" testName="Test.L0.Plugin.TestResultParser.TestResultLogPluginL0.TestResultLogPlugin_DisableIfNotBuildPipeline" computerName="ComputerName" duration="00:00:00.0024546" startTime="2024-05-08T09:40:51.7814902+02:00" endTime="2024-05-08T09:40:51.7814904+02:00" testType="13cdc9d9-ddb5-4fa4-a97d-d965ccfc6d4b" outcome="Passed" testListId="8c84fa94-04c1-424b-9868-57a2d4851a1d" relativeResultsDirectory="634dce9e-91b2-40a7-8786-66b1c481c2dd" />
    <UnitTestResult executionId="aa320789-a446-421c-8cad-c327ac28514d" testId="b07c4669-e1f8-5a3d-5868-9be01eae1f0b" testName="Microsoft.VisualStudio.Services.Agent.Tests.Worker.CodeCoverage.CodeCoverageUtilitiesTests.CopyFilesWithDirectoryStructureWhenFilesWithDifferentNamesAreGiven" computerName="ComputerName" duration="00:00:00.0107392" startTime="2024-05-08T09:40:53.8209259+02:00" endTime="2024-05-08T09:40:53.8209260+02:00" testType="13cdc9d9-ddb5-4fa4-a97d-d965ccfc6d4b" outcome="Passed" testListId="8c84fa94-04c1-424b-9868-57a2d4851a1d" relativeResultsDirectory="aa320789-a446-421c-8cad-c327ac28514d" />
    <UnitTestResult executionId="1126c8f8-a2ae-4b82-b44a-53536e86a96c" testId="802a2765-f7b2-e74e-ca21-2fa430408bf3" testName="Microsoft.VisualStudio.Services.Agent.Tests.Worker.Build.BuildDirectoryManagerL0.RecreatesBinariesDirectoryWhenCleanIsBinary" computerName="ComputerName" duration="00:00:00.0370907" startTime="2024-05-08T09:40:51.4495695+02:00" endTime="2024-05-08T09:40:51.4495696+02:00" testType="13cdc9d9-ddb5-4fa4-a97d-d965ccfc6d4b" outcome="Passed" testListId="8c84fa94-04c1-424b-9868-57a2d4851a1d" relativeResultsDirectory="1126c8f8-a2ae-4b82-b44a-53536e86a96c" />
    <UnitTestResult executionId="4fb59d29-a7ac-472f-b736-046ad4a19462" testId="ecf09bf2-4037-736f-0fac-8b795e1a71d4" testName="Microsoft.VisualStudio.Services.Agent.Tests.Worker.Results.CTestResultReaderTests.VerifyTestCaseStartDate" computerName="ComputerName" duration="00:00:00.0091094" startTime="2024-05-08T09:40:54.3956317+02:00" endTime="2024-05-08T09:40:54.3956318+02:00" testType="13cdc9d9-ddb5-4fa4-a97d-d965ccfc6d4b" outcome="Passed" testListId="8c84fa94-04c1-424b-9868-57a2d4851a1d" relativeResultsDirectory="4fb59d29-a7ac-472f-b736-046ad4a19462" />
    <UnitTestResult executionId="f5b61d70-5c51-4e15-8f6e-056939c947df" testId="39d8b43e-0bb8-7765-b5bc-f5b02b237365" testName="Microsoft.VisualStudio.Services.Agent.Tests.Listener.PagingLoggerL0.ShipEmptyLog" computerName="ComputerName" duration="00:00:00.0424552" startTime="2024-05-08T09:40:52.9984717+02:00" endTime="2024-05-08T09:40:52.9984718+02:00" testType="13cdc9d9-ddb5-4fa4-a97d-d965ccfc6d4b" outcome="Passed" testListId="8c84fa94-04c1-424b-9868-57a2d4851a1d" relativeResultsDirectory="f5b61d70-5c51-4e15-8f6e-056939c947df" />
    <UnitTestResult executionId="4cc31c0b-391c-4149-af4a-1ff0d5db4807" testId="4a7b98d3-f8bf-604e-60b3-b51800d9cc8e" testName="Microsoft.VisualStudio.Services.Agent.Tests.Worker.TestResults.JunitResultReaderTests.VerifyLastTestCaseEndDateNotGreaterThanTestRunTotalTime" computerName="ComputerName" duration="00:00:00.0074125" startTime="2024-05-08T09:40:55.2398075+02:00" endTime="2024-05-08T09:40:55.2398076+02:00" testType="13cdc9d9-ddb5-4fa4-a97d-d965ccfc6d4b" outcome="Passed" testListId="8c84fa94-04c1-424b-9868-57a2d4851a1d" relativeResultsDirectory="4cc31c0b-391c-4149-af4a-1ff0d5db4807" />
    <UnitTestResult executionId="48444238-bd35-4b89-85d2-002e17687a4f" testId="68e25152-1c90-8404-b5cc-34fe6a58ded1" testName="Test.L0.Plugin.TestFilePublisher.TestFilePublisherL0.TestFilePublisher_WhenPublishedRunsAreNull" computerName="ComputerName" duration="00:00:00.0912878" startTime="2024-05-08T09:40:55.5953092+02:00" endTime="2024-05-08T09:40:55.5953093+02:00" testType="13cdc9d9-ddb5-4fa4-a97d-d965ccfc6d4b" outcome="Passed" testListId="8c84fa94-04c1-424b-9868-57a2d4851a1d" relativeResultsDirectory="48444238-bd35-4b89-85d2-002e17687a4f" />
    <UnitTestResult executionId="ef54ee0c-76ce-4f9b-9144-1d3352f71ef4" testId="7d4ab41d-e587-95c3-9efe-9d1bd0f40e4a" testName="Microsoft.VisualStudio.Services.Agent.Tests.Worker.Build.GitSourceProviderL0.GetSourceGitFetch" computerName="ComputerName" duration="00:00:00.0998263" startTime="2024-05-08T09:40:51.5347647+02:00" endTime="2024-05-08T09:40:51.5347648+02:00" testType="13cdc9d9-ddb5-4fa4-a97d-d965ccfc6d4b" outcome="Passed" testListId="8c84fa94-04c1-424b-9868-57a2d4851a1d" relativeResultsDirectory="ef54ee0c-76ce-4f9b-9144-1d3352f71ef4" />
    <UnitTestResult executionId="8fae296f-0047-4c49-9e38-71f37cda4660" testId="7ea7461f-c21b-e54b-fe18-704ea619dad7" testName="Microsoft.VisualStudio.Services.Agent.Tests.Worker.TestResults.TrxReaderTests.VerifyRunLevelResultsFilePresentByDefault" computerName="ComputerName" duration="00:00:00.0396398" startTime="2024-05-08T09:40:54.9927446+02:00" endTime="2024-05-08T09:40:54.9927447+02:00" testType="13cdc9d9-ddb5-4fa4-a97d-d965ccfc6d4b" outcome="Passed" testListId="8c84fa94-04c1-424b-9868-57a2d4851a1d" relativeResultsDirectory="8fae296f-0047-4c49-9e38-71f37cda4660" />
    <UnitTestResult executionId="24f631dc-98a4-46be-b9f7-9e21be0b5869" testId="a0783af1-07bb-887a-aeef-9cd4b33b6290" testName="Microsoft.VisualStudio.Services.Agent.Tests.Worker.TestResults.XUnitResultReaderTests.VerifyReadResultsReturnsDurationAsSumOfTestCaseTimeWhenAssemblyTimeTagsNotAvailable" computerName="ComputerName" duration="00:00:00.0112104" startTime="2024-05-08T09:40:53.0106558+02:00" endTime="2024-05-08T09:40:53.0106559+02:00" testType="13cdc9d9-ddb5-4fa4-a97d-d965ccfc6d4b" outcome="Passed" testListId="8c84fa94-04c1-424b-9868-57a2d4851a1d" relativeResultsDirectory="24f631dc-98a4-46be-b9f7-9e21be0b5869" />
    <UnitTestResult executionId="13d6e29f-9cef-4d32-af89-1dca3d9cc559" testId="bfa0b77e-1648-be43-fca6-cf332a567178" testName="Microsoft.VisualStudio.Services.Agent.Tests.CommandSettingsL0.GetsCommandWarmup" computerName="ComputerName" duration="00:00:00.0062302" startTime="2024-05-08T09:40:52.0230274+02:00" endTime="2024-05-08T09:40:52.0230275+02:00" testType="13cdc9d9-ddb5-4fa4-a97d-d965ccfc6d4b" outcome="Passed" testListId="8c84fa94-04c1-424b-9868-57a2d4851a1d" relativeResultsDirectory="13d6e29f-9cef-4d32-af89-1dca3d9cc559" />
    <UnitTestResult executionId="91fb9178-545a-48d1-a7a4-75ceb0a32aa0" testId="76083b25-7b36-1463-ff58-1b34f73950c0" testName="Microsoft.VisualStudio.Services.Agent.Tests.Worker.AgentPluginManagerL0.GetTaskPluginsTests" computerName="ComputerName" duration="00:00:00.0109291" startTime="2024-05-08T09:40:52.4899313+02:00" endTime="2024-05-08T09:40:52.4899314+02:00" testType="13cdc9d9-ddb5-4fa4-a97d-d965ccfc6d4b" outcome="Passed" testListId="8c84fa94-04c1-424b-9868-57a2d4851a1d" relativeResultsDirectory="91fb9178-545a-48d1-a7a4-75ceb0a32aa0" />
    <UnitTestResult executionId="ac0003f1-8d6b-4a20-bfcb-8a088ef1d696" testId="5ea7ad57-87ac-f631-1f52-1ddd4adaff54" testName="Microsoft.VisualStudio.Services.Agent.Tests.Listener.JobDispatcherL0.DispatchesJobRequest" computerName="ComputerName" duration="00:00:00.3035803" startTime="2024-05-08T09:40:53.6341696+02:00" endTime="2024-05-08T09:40:53.6341697+02:00" testType="13cdc9d9-ddb5-4fa4-a97d-d965ccfc6d4b" outcome="Passed" testListId="8c84fa94-04c1-424b-9868-57a2d4851a1d" relativeResultsDirectory="ac0003f1-8d6b-4a20-bfcb-8a088ef1d696" />
    <UnitTestResult executionId="ea0c8e34-d4e9-4082-ae34-6b4ff542e2f3" testId="b96a5a5b-655b-e131-ffe7-3dd7b102ce45" testName="Microsoft.VisualStudio.Services.Agent.Tests.Worker.TestResults.JunitResultReaderTests.PublishBasicJUnitResults" computerName="ComputerName" duration="00:00:00.0153485" startTime="2024-05-08T09:40:55.2753411+02:00" endTime="2024-05-08T09:40:55.2753412+02:00" testType="13cdc9d9-ddb5-4fa4-a97d-d965ccfc6d4b" outcome="Passed" testListId="8c84fa94-04c1-424b-9868-57a2d4851a1d" relativeResultsDirectory="ea0c8e34-d4e9-4082-ae34-6b4ff542e2f3" />
    <UnitTestResult executionId="b56cde6b-e1e1-452f-9bdd-a66c668223eb" testId="c21d144d-01ba-0b73-dd46-e78287fde987" testName="Microsoft.VisualStudio.Services.Agent.Tests.Listener.AgentL0.TestInfoArgumentsCLI(arg: &quot;--help&quot;, expected: 0)" computerName="ComputerName" duration="00:00:00.0388838" startTime="2024-05-08T09:40:51.8832500+02:00" endTime="2024-05-08T09:40:51.8832501+02:00" testType="13cdc9d9-ddb5-4fa4-a97d-d965ccfc6d4b" outcome="Passed" testListId="8c84fa94-04c1-424b-9868-57a2d4851a1d" relativeResultsDirectory="b56cde6b-e1e1-452f-9bdd-a66c668223eb" />
    <UnitTestResult executionId="f5a72395-c4d4-43f7-9c74-0e6011c59464" testId="e6d593e5-5399-05c4-927e-57babe41c40e" testName="Microsoft.VisualStudio.Services.Agent.Tests.SecretMaskerL0.SecretMaskerTests_CopyConstructor" computerName="ComputerName" duration="00:00:00.0076476" startTime="2024-05-08T09:40:52.7731913+02:00" endTime="2024-05-08T09:40:52.7731917+02:00" testType="13cdc9d9-ddb5-4fa4-a97d-d965ccfc6d4b" outcome="Passed" testListId="8c84fa94-04c1-424b-9868-57a2d4851a1d" relativeResultsDirectory="f5a72395-c4d4-43f7-9c74-0e6011c59464" />
    <UnitTestResult executionId="a1da9fa4-673b-4d1e-9a0b-8e7d00df7031" testId="7d13dfcd-0a1f-03d9-c8ff-108af9fbc3ea" testName="Microsoft.VisualStudio.Services.Agent.Tests.Worker.JobExtensionL0.JobExtensionSetupInfoMSI" computerName="ComputerName" duration="00:00:00.0779722" startTime="2024-05-08T09:40:53.1805935+02:00" endTime="2024-05-08T09:40:53.1805936+02:00" testType="13cdc9d9-ddb5-4fa4-a97d-d965ccfc6d4b" outcome="Passed" testListId="8c84fa94-04c1-424b-9868-57a2d4851a1d" relativeResultsDirectory="a1da9fa4-673b-4d1e-9a0b-8e7d00df7031" />
    <UnitTestResult executionId="5082acbf-e22f-4e6c-95b3-7b96a95b6b83" testId="d52cc67a-71fc-c620-c6ad-07ad08539632" testName="Microsoft.VisualStudio.Services.Agent.Tests.Listener.AgentL0.TestInfoArgumentsCLI(arg: &quot;--bad-argument&quot;, expected: 1)" computerName="ComputerName" duration="00:00:00.0548523" startTime="2024-05-08T09:40:51.7835201+02:00" endTime="2024-05-08T09:40:51.7835202+02:00" testType="13cdc9d9-ddb5-4fa4-a97d-d965ccfc6d4b" outcome="Passed" testListId="8c84fa94-04c1-424b-9868-57a2d4851a1d" relativeResultsDirectory="5082acbf-e22f-4e6c-95b3-7b96a95b6b83" />
    <UnitTestResult executionId="131f9265-bfdf-4982-a325-7f83ff197bf5" testId="5a641645-2088-f3bf-cea3-2f2ef39ad45b" testName="Microsoft.VisualStudio.Services.Agent.Tests.Worker.Container.DockerUtilL0.RegexParsesDockerPort" computerName="ComputerName" duration="00:00:00.0023550" startTime="2024-05-08T09:40:52.3020517+02:00" endTime="2024-05-08T09:40:52.3020519+02:00" testType="13cdc9d9-ddb5-4fa4-a97d-d965ccfc6d4b" outcome="Passed" testListId="8c84fa94-04c1-424b-9868-57a2d4851a1d" relativeResultsDirectory="131f9265-bfdf-4982-a325-7f83ff197bf5" />
    <UnitTestResult executionId="bf22144a-11c2-4d6f-9715-8b7132507718" testId="7a183519-41d6-3aff-9335-fca507d53f5b" testName="Microsoft.VisualStudio.Services.Agent.Tests.Worker.TestResults.XUnitResultReaderTests.VerifyReadResultsReturnsDurationAsSumOfAssemblyTimeWhenRunDateNotAvailable" computerName="ComputerName" duration="00:00:00.0351106" startTime="2024-05-08T09:40:52.6950361+02:00" endTime="2024-05-08T09:40:52.6950362+02:00" testType="13cdc9d9-ddb5-4fa4-a97d-d965ccfc6d4b" outcome="Passed" testListId="8c84fa94-04c1-424b-9868-57a2d4851a1d" relativeResultsDirectory="bf22144a-11c2-4d6f-9715-8b7132507718" />
    <UnitTestResult executionId="2c4c5760-b8b3-4e7e-8ecb-44f6a5d07159" testId="3b7c31df-af5f-466b-021f-d9e072defa23" testName="Microsoft.VisualStudio.Services.Agent.Tests.Util.RepositoryUtilL0.GetTriggeringRepository_should_return_correct_value_when_called" computerName="ComputerName" duration="00:00:00.0064640" startTime="2024-05-08T09:40:51.0072752+02:00" endTime="2024-05-08T09:40:51.0072753+02:00" testType="13cdc9d9-ddb5-4fa4-a97d-d965ccfc6d4b" outcome="Passed" testListId="8c84fa94-04c1-424b-9868-57a2d4851a1d" relativeResultsDirectory="2c4c5760-b8b3-4e7e-8ecb-44f6a5d07159" />
    <UnitTestResult executionId="26aed9d9-e9cf-4ce1-946a-b49103290dff" testId="995a2bce-2ddb-dbfb-9387-426dd99a460a" testName="Microsoft.VisualStudio.Services.Agent.Tests.LocStringsL0.IsNotMissingListenerLocStrings" computerName="ComputerName" duration="00:00:00.1270399" startTime="2024-05-08T09:40:55.1088604+02:00" endTime="2024-05-08T09:40:55.1088606+02:00" testType="13cdc9d9-ddb5-4fa4-a97d-d965ccfc6d4b" outcome="Passed" testListId="8c84fa94-04c1-424b-9868-57a2d4851a1d" relativeResultsDirectory="26aed9d9-e9cf-4ce1-946a-b49103290dff" />
    <UnitTestResult executionId="899a7e41-a316-4702-a110-aaf552bfc4b6" testId="799a3ad6-8775-a89c-c0fa-0961258ae35e" testName="Microsoft.VisualStudio.Services.Agent.Tests.Util.IOUtilL0.GetDirectoryName_LinuxStyle" computerName="ComputerName" duration="00:00:00.0026599" startTime="2024-05-08T09:41:04.8191197+02:00" endTime="2024-05-08T09:41:04.8191201+02:00" testType="13cdc9d9-ddb5-4fa4-a97d-d965ccfc6d4b" outcome="Passed" testListId="8c84fa94-04c1-424b-9868-57a2d4851a1d" relativeResultsDirectory="899a7e41-a316-4702-a110-aaf552bfc4b6" />
    <UnitTestResult executionId="cb41de2f-ab95-411e-80db-16b01fb82367" testId="f6c72f48-9456-4b88-ed0e-3755ae7d9070" testName="Microsoft.VisualStudio.Services.Agent.Tests.Worker.TaskRunnerL0.GetHandlerContainerTargetPreferNodeDisabledTests" computerName="ComputerName" duration="00:00:00.1170189" startTime="2024-05-08T09:40:53.1018301+02:00" endTime="2024-05-08T09:40:53.1018302+02:00" testType="13cdc9d9-ddb5-4fa4-a97d-d965ccfc6d4b" outcome="Passed" testListId="8c84fa94-04c1-424b-9868-57a2d4851a1d" relativeResultsDirectory="cb41de2f-ab95-411e-80db-16b01fb82367" />
    <UnitTestResult executionId="13703417-6c78-4dfb-a411-9fcacbfbf86d" testId="757d9991-e273-412c-6eb3-b9a73bee0ce7" testName="Microsoft.VisualStudio.Services.Agent.Tests.Worker.TestResults.JunitResultReaderTests.VerifyTestCaseDurationWhenTestCaseTimeIsInMilliseconds" computerName="ComputerName" duration="00:00:00.0123189" startTime="2024-05-08T09:40:55.4089139+02:00" endTime="2024-05-08T09:40:55.4089140+02:00" testType="13cdc9d9-ddb5-4fa4-a97d-d965ccfc6d4b" outcome="Passed" testListId="8c84fa94-04c1-424b-9868-57a2d4851a1d" relativeResultsDirectory="13703417-6c78-4dfb-a411-9fcacbfbf86d" />
    <UnitTestResult executionId="a0be404b-7166-4eb5-bb01-039167a90e26" testId="a3aa3a58-4efd-633f-ea73-54227708176c" testName="Microsoft.VisualStudio.Services.Agent.Tests.PipelineCache.MatchingTests.DoubleAsteriskAsPartOfPathSegment" computerName="ComputerName" duration="00:00:00.0107744" startTime="2024-05-08T09:40:53.2376997+02:00" endTime="2024-05-08T09:40:53.2376997+02:00" testType="13cdc9d9-ddb5-4fa4-a97d-d965ccfc6d4b" outcome="Passed" testListId="8c84fa94-04c1-424b-9868-57a2d4851a1d" relativeResultsDirectory="a0be404b-7166-4eb5-bb01-039167a90e26" />
    <UnitTestResult executionId="fd1807a4-184e-4f8e-8e48-7cb629104eb4" testId="03603fa0-31b8-4ecd-97a0-0575ace7bdb7" testName="Microsoft.VisualStudio.Services.Agent.Tests.CommandSettingsL0.GetsCommandIsRunWithFlag" computerName="ComputerName" duration="00:00:00.1646736" startTime="2024-05-08T09:40:51.3225249+02:00" endTime="2024-05-08T09:40:51.3225249+02:00" testType="13cdc9d9-ddb5-4fa4-a97d-d965ccfc6d4b" outcome="Passed" testListId="8c84fa94-04c1-424b-9868-57a2d4851a1d" relativeResultsDirectory="fd1807a4-184e-4f8e-8e48-7cb629104eb4" />
    <UnitTestResult executionId="f53aacff-1170-489b-989e-58f98b656ddd" testId="fa77511d-61df-97e3-11b0-f30dfc8bdf54" testName="Microsoft.VisualStudio.Services.Agent.Tests.Listener.PagingLoggerL0.CalculateLineNumbers" computerName="ComputerName" duration="00:00:00.3750915" startTime="2024-05-08T09:40:57.1983326+02:00" endTime="2024-05-08T09:40:57.1983330+02:00" testType="13cdc9d9-ddb5-4fa4-a97d-d965ccfc6d4b" outcome="Passed" testListId="8c84fa94-04c1-424b-9868-57a2d4851a1d" relativeResultsDirectory="f53aacff-1170-489b-989e-58f98b656ddd" />
    <UnitTestResult executionId="3c0540a4-b626-4d4f-9bb7-5fc4a72a6214" testId="fcd869d8-990c-d6af-f1f5-6314cdb061d4" testName="Microsoft.VisualStudio.Services.Agent.Tests.Worker.Results.CTestResultReaderTests.PublishBasicCResultsXml" computerName="ComputerName" duration="00:00:00.0102347" startTime="2024-05-08T09:40:54.0514011+02:00" endTime="2024-05-08T09:40:54.0514013+02:00" testType="13cdc9d9-ddb5-4fa4-a97d-d965ccfc6d4b" outcome="Passed" testListId="8c84fa94-04c1-424b-9868-57a2d4851a1d" relativeResultsDirectory="3c0540a4-b626-4d4f-9bb7-5fc4a72a6214" />
    <UnitTestResult executionId="082417a2-7a75-47fe-9d47-dc5197842479" testId="fc1430b0-e60f-ba02-e1ae-bb20d125e9d3" testName="Microsoft.VisualStudio.Services.Agent.Tests.Listener.JobDispatcherL0.DispatcherRenewJobRequest" computerName="ComputerName" duration="00:00:00.0095751" startTime="2024-05-08T09:40:53.6536949+02:00" endTime="2024-05-08T09:40:53.6536950+02:00" testType="13cdc9d9-ddb5-4fa4-a97d-d965ccfc6d4b" outcome="Passed" testListId="8c84fa94-04c1-424b-9868-57a2d4851a1d" relativeResultsDirectory="082417a2-7a75-47fe-9d47-dc5197842479" />
    <UnitTestResult executionId="2401cc21-2d3c-448e-9b59-4b1b566190cf" testId="e5bb23ca-2e1f-e310-696e-c79fd5944d22" testName="Microsoft.VisualStudio.Services.Agent.Tests.HostContextL0.UrlSecretsAreMasked(input: &quot;https://user@example.com:8080/path\nhttps://user2:&quot;..., expected: &quot;https://user@example.com:8080/path\nhttps://user2:&quot;...)" computerName="ComputerName" duration="00:00:00.0155801" startTime="2024-05-08T09:40:52.3758302+02:00" endTime="2024-05-08T09:40:52.3758303+02:00" testType="13cdc9d9-ddb5-4fa4-a97d-d965ccfc6d4b" outcome="Passed" testListId="8c84fa94-04c1-424b-9868-57a2d4851a1d" relativeResultsDirectory="2401cc21-2d3c-448e-9b59-4b1b566190cf" />
    <UnitTestResult executionId="2ab6c561-6628-4837-9e3c-8ddb396495ba" testId="6c0e324b-db2a-5b78-3498-e865b272e0ef" testName="Microsoft.VisualStudio.Services.Agent.Tests.Util.StringUtilL0.DeactivateVsoCommandsFromStringTest(input: &quot;#vso&quot;, expected: &quot;#vso&quot;)" computerName="ComputerName" duration="00:00:00.0004178" startTime="2024-05-08T09:40:54.3012437+02:00" endTime="2024-05-08T09:40:54.3012439+02:00" testType="13cdc9d9-ddb5-4fa4-a97d-d965ccfc6d4b" outcome="Passed" testListId="8c84fa94-04c1-424b-9868-57a2d4851a1d" relativeResultsDirectory="2ab6c561-6628-4837-9e3c-8ddb396495ba" />
    <UnitTestResult executionId="6e3a55f5-f503-4e07-bb4f-0e4c301f36f4" testId="9257a1cd-c049-c678-886c-beda29ce90c7" testName="Microsoft.VisualStudio.Services.Agent.Tests.NodeHandlerL0.UseLTSNodeIfUseNodeKnobIsLTS" computerName="ComputerName" duration="00:00:00.1115675" startTime="2024-05-08T09:40:52.8565508+02:00" endTime="2024-05-08T09:40:52.8565536+02:00" testType="13cdc9d9-ddb5-4fa4-a97d-d965ccfc6d4b" outcome="Passed" testListId="8c84fa94-04c1-424b-9868-57a2d4851a1d" relativeResultsDirectory="6e3a55f5-f503-4e07-bb4f-0e4c301f36f4" />
    <UnitTestResult executionId="c4011e85-6787-46a3-9fd9-258441cb45a0" testId="209d149a-3569-1f3a-f5c8-e653842ad788" testName="Microsoft.VisualStudio.Services.Agent.Tests.Util.StringUtilL0.ConvertNullOrEmptryStringToBool" computerName="ComputerName" duration="00:00:00.0213202" startTime="2024-05-08T09:40:54.3827380+02:00" endTime="2024-05-08T09:40:54.3827381+02:00" testType="13cdc9d9-ddb5-4fa4-a97d-d965ccfc6d4b" outcome="Passed" testListId="8c84fa94-04c1-424b-9868-57a2d4851a1d" relativeResultsDirectory="c4011e85-6787-46a3-9fd9-258441cb45a0" />
    <UnitTestResult executionId="0e7d7865-0e58-434b-b0a0-1666dd8161e6" testId="346fc2e6-7c14-7b36-a0c0-4ea94abd5420" testName="Microsoft.VisualStudio.Services.Agent.Tests.KnobL0.BasicKnobTests" computerName="ComputerName" duration="00:00:00.0171211" startTime="2024-05-08T09:40:53.4862609+02:00" endTime="2024-05-08T09:40:53.4862611+02:00" testType="13cdc9d9-ddb5-4fa4-a97d-d965ccfc6d4b" outcome="Passed" testListId="8c84fa94-04c1-424b-9868-57a2d4851a1d" relativeResultsDirectory="0e7d7865-0e58-434b-b0a0-1666dd8161e6" />
    <UnitTestResult executionId="9fa8da74-a3c2-4616-b8a6-78e48e5542f4" testId="0b42dc6e-db65-3ff9-f8e6-7df5cdb0f09a" testName="Microsoft.VisualStudio.Services.Agent.Tests.LogPluginHost.LogPluginHostL0.LogPluginHost_RunSinglePluginWithEmptyLinesInput" computerName="ComputerName" duration="00:00:01.5381277" startTime="2024-05-08T09:41:00.4571309+02:00" endTime="2024-05-08T09:41:00.4571339+02:00" testType="13cdc9d9-ddb5-4fa4-a97d-d965ccfc6d4b" outcome="Passed" testListId="8c84fa94-04c1-424b-9868-57a2d4851a1d" relativeResultsDirectory="9fa8da74-a3c2-4616-b8a6-78e48e5542f4" />
    <UnitTestResult executionId="b99c2505-5db7-4c1f-ae0a-ab6eb70ec275" testId="9d39b839-86e1-af3d-9992-79659c3621f3" testName="Microsoft.VisualStudio.Services.Agent.Tests.Worker.TestResults.TestRunPublisherTests.EndTestRunWithArchiveCallsRightApi" computerName="ComputerName" duration="00:00:00.1072007" startTime="2024-05-08T09:40:52.8110458+02:00" endTime="2024-05-08T09:40:52.8110460+02:00" testType="13cdc9d9-ddb5-4fa4-a97d-d965ccfc6d4b" outcome="Passed" testListId="8c84fa94-04c1-424b-9868-57a2d4851a1d" relativeResultsDirectory="b99c2505-5db7-4c1f-ae0a-ab6eb70ec275" />
    <UnitTestResult executionId="e4a5a558-f7ac-4946-8443-8519946f5982" testId="0eed2b20-20f2-9080-cb02-a25f73fcf149" testName="Microsoft.VisualStudio.Services.Agent.Tests.NodeHandlerL0.ThrowExceptionIfUseNodeKnobIsUpgradeFilteredNodeFoldersAllNotAvailable" computerName="ComputerName" duration="00:00:00.0109867" startTime="2024-05-08T09:40:52.8847002+02:00" endTime="2024-05-08T09:40:52.8847004+02:00" testType="13cdc9d9-ddb5-4fa4-a97d-d965ccfc6d4b" outcome="Passed" testListId="8c84fa94-04c1-424b-9868-57a2d4851a1d" relativeResultsDirectory="e4a5a558-f7ac-4946-8443-8519946f5982" />
    <UnitTestResult executionId="2f9a2f9e-dfe1-4a72-9d30-4d55e74c2896" testId="7a1a3bab-76f8-75f7-a112-dcce62443ca3" testName="Microsoft.VisualStudio.Services.Agent.Tests.Worker.JobExtensionL0.JobExtensioBuildStepsListMSI" computerName="ComputerName" duration="00:00:00.3886803" startTime="2024-05-08T09:40:53.1172127+02:00" endTime="2024-05-08T09:40:53.1172129+02:00" testType="13cdc9d9-ddb5-4fa4-a97d-d965ccfc6d4b" outcome="Passed" testListId="8c84fa94-04c1-424b-9868-57a2d4851a1d" relativeResultsDirectory="2f9a2f9e-dfe1-4a72-9d30-4d55e74c2896" />
    <UnitTestResult executionId="ae43bd34-ec23-4bd3-ac60-eaaef8585725" testId="3d8d5933-75b7-b161-6b60-f87120284c84" testName="Microsoft.VisualStudio.Services.Agent.Tests.Listener.Configuration.ConfigurationManagerL0.CanEnsureMachineGroupAgentConfigureVSTSScenario" computerName="ComputerName" duration="00:00:00.1553034" startTime="2024-05-08T09:40:56.2906559+02:00" endTime="2024-05-08T09:40:56.2906560+02:00" testType="13cdc9d9-ddb5-4fa4-a97d-d965ccfc6d4b" outcome="Passed" testListId="8c84fa94-04c1-424b-9868-57a2d4851a1d" relativeResultsDirectory="ae43bd34-ec23-4bd3-ac60-eaaef8585725" />
    <UnitTestResult executionId="36621acc-d6e4-4ec1-93b5-e68b1609db37" testId="c9f9f315-7cca-f5d9-3beb-b82957a227e5" testName="Test.L0.Plugin.TestResultParser.TestResultLogPluginL0.TestResultLogPlugin_DisableIfPublishTaskPresent" computerName="ComputerName" duration="00:00:00.0017684" startTime="2024-05-08T09:40:51.7852585+02:00" endTime="2024-05-08T09:40:51.7852586+02:00" testType="13cdc9d9-ddb5-4fa4-a97d-d965ccfc6d4b" outcome="Passed" testListId="8c84fa94-04c1-424b-9868-57a2d4851a1d" relativeResultsDirectory="36621acc-d6e4-4ec1-93b5-e68b1609db37" />
    <UnitTestResult executionId="b084cf42-042d-4cd6-adbb-537f3e09b652" testId="4801ab26-64e0-d130-ff2a-1cd212b913e4" testName="Test.L0.Plugin.TestFilePublisher.TestFilePublisherL0.TestFilePublisher_DontPublishWhenFilesAreNotValid" computerName="ComputerName" duration="00:00:01.2657281" startTime="2024-05-08T09:40:55.2735148+02:00" endTime="2024-05-08T09:40:55.2735150+02:00" testType="13cdc9d9-ddb5-4fa4-a97d-d965ccfc6d4b" outcome="Passed" testListId="8c84fa94-04c1-424b-9868-57a2d4851a1d" relativeResultsDirectory="b084cf42-042d-4cd6-adbb-537f3e09b652" />
    <UnitTestResult executionId="601586ea-4939-4d97-8683-b489062f8850" testId="e208936d-9709-548e-9189-621eebe04eca" testName="Microsoft.VisualStudio.Services.Agent.Tests.Util.RepositoryUtilL0.GuessRepositoryType_should_return_correct_values_when_called" computerName="ComputerName" duration="00:00:00.0025022" startTime="2024-05-08T09:40:51.0300078+02:00" endTime="2024-05-08T09:40:51.0300080+02:00" testType="13cdc9d9-ddb5-4fa4-a97d-d965ccfc6d4b" outcome="Passed" testListId="8c84fa94-04c1-424b-9868-57a2d4851a1d" relativeResultsDirectory="601586ea-4939-4d97-8683-b489062f8850" />
    <UnitTestResult executionId="b372767b-41c7-4edc-a9a5-a5356f4968fb" testId="3ab1bc7b-37a8-f0d4-de15-fb02d15cf0ed" testName="Microsoft.VisualStudio.Services.Agent.Tests.Util.StringUtilL0.DeactivateVsoCommandsFromStringTest(input: &quot; &quot;, expected: &quot; &quot;)" computerName="ComputerName" duration="00:00:00.0000209" startTime="2024-05-08T09:40:54.3032704+02:00" endTime="2024-05-08T09:40:54.3032706+02:00" testType="13cdc9d9-ddb5-4fa4-a97d-d965ccfc6d4b" outcome="Passed" testListId="8c84fa94-04c1-424b-9868-57a2d4851a1d" relativeResultsDirectory="b372767b-41c7-4edc-a9a5-a5356f4968fb" />
    <UnitTestResult executionId="6ffdde83-5f40-4518-9c02-bacc01b5727b" testId="a31e09fd-a570-1be2-b7d0-828366bbffb8" testName="Microsoft.VisualStudio.Services.Agent.Tests.Worker.Build.BuildDirectoryManagerL0.RecreatesBuildDirectoryWhenCleanIsAll" computerName="ComputerName" duration="00:00:00.0456626" startTime="2024-05-08T09:40:51.5065590+02:00" endTime="2024-05-08T09:40:51.5065591+02:00" testType="13cdc9d9-ddb5-4fa4-a97d-d965ccfc6d4b" outcome="Passed" testListId="8c84fa94-04c1-424b-9868-57a2d4851a1d" relativeResultsDirectory="6ffdde83-5f40-4518-9c02-bacc01b5727b" />
    <UnitTestResult executionId="b8c2aa98-7235-4bcb-b67e-2b7d0b69d0ba" testId="03e56dc6-10dc-c5a9-9314-c2bb63a6f4d7" testName="Microsoft.VisualStudio.Services.Agent.Tests.Worker.VariablesL0.IsReadOnly_RespectsUserReadOnlyVariables" computerName="ComputerName" duration="00:00:00.0061450" startTime="2024-05-08T09:40:51.8077883+02:00" endTime="2024-05-08T09:40:51.8077884+02:00" testType="13cdc9d9-ddb5-4fa4-a97d-d965ccfc6d4b" outcome="Passed" testListId="8c84fa94-04c1-424b-9868-57a2d4851a1d" relativeResultsDirectory="b8c2aa98-7235-4bcb-b67e-2b7d0b69d0ba" />
    <UnitTestResult executionId="416fd494-b3c0-4fc9-91d4-cec24512b089" testId="6b65dcc7-00cf-a012-a05e-c802505f0aaf" testName="Microsoft.VisualStudio.Services.Agent.Tests.Worker.Release.GitHubArtifactL0.MissingEndpointShouldThrowException" computerName="ComputerName" duration="00:00:00.0117683" startTime="2024-05-08T09:40:53.4769237+02:00" endTime="2024-05-08T09:40:53.4769238+02:00" testType="13cdc9d9-ddb5-4fa4-a97d-d965ccfc6d4b" outcome="Passed" testListId="8c84fa94-04c1-424b-9868-57a2d4851a1d" relativeResultsDirectory="416fd494-b3c0-4fc9-91d4-cec24512b089" />
    <UnitTestResult executionId="c255fb66-2bc9-49eb-8b69-84b1491f1bfb" testId="e8cce92f-52b4-f6ca-a5a1-680b079c2ef3" testName="Microsoft.VisualStudio.Services.Agent.Tests.ServiceInterfacesL0.AgentInterfacesSpecifyDefaultImplementation" computerName="ComputerName" duration="00:00:00.0009609" startTime="2024-05-08T09:40:51.5024550+02:00" endTime="2024-05-08T09:40:51.5024552+02:00" testType="13cdc9d9-ddb5-4fa4-a97d-d965ccfc6d4b" outcome="Passed" testListId="8c84fa94-04c1-424b-9868-57a2d4851a1d" relativeResultsDirectory="c255fb66-2bc9-49eb-8b69-84b1491f1bfb" />
    <UnitTestResult executionId="2705527e-bd22-4ee9-8187-0e61e92dd135" testId="d3cbc9ea-7e50-2d76-97e4-387fe92d9dbc" testName="Microsoft.VisualStudio.Services.Agent.Tests.Worker.TestResults.TrxReaderTests.ResultsWithoutMandatoryFieldsAreSkipped" computerName="ComputerName" duration="00:00:00.0234435" startTime="2024-05-08T09:40:54.5168202+02:00" endTime="2024-05-08T09:40:54.5168203+02:00" testType="13cdc9d9-ddb5-4fa4-a97d-d965ccfc6d4b" outcome="Passed" testListId="8c84fa94-04c1-424b-9868-57a2d4851a1d" relativeResultsDirectory="2705527e-bd22-4ee9-8187-0e61e92dd135" />
    <UnitTestResult executionId="641bdcc4-6a05-42c0-b0d4-f1d29cda8206" testId="08ed25aa-ae89-81b5-fe60-9780b969e08e" testName="Microsoft.VisualStudio.Services.Agent.Tests.SecretMaskerL0.IsUserInfoWithSpecialCharactersMaskedCorrectly" computerName="ComputerName" duration="00:00:00.0069108" startTime="2024-05-08T09:40:52.7352614+02:00" endTime="2024-05-08T09:40:52.7352615+02:00" testType="13cdc9d9-ddb5-4fa4-a97d-d965ccfc6d4b" outcome="Passed" testListId="8c84fa94-04c1-424b-9868-57a2d4851a1d" relativeResultsDirectory="641bdcc4-6a05-42c0-b0d4-f1d29cda8206" />
    <UnitTestResult executionId="464e9207-55c5-434e-bdcf-f8b714e779e3" testId="10649c52-a5e7-e677-f640-fe478f7e5882" testName="Microsoft.VisualStudio.Services.Agent.Tests.Worker.TestResults.NunitResultReaderTests.VerifyEndDateIsEmptyWhenEndTimeisUnavailablenunit3" computerName="ComputerName" duration="00:00:00.0097965" startTime="2024-05-08T09:40:52.9480549+02:00" endTime="2024-05-08T09:40:52.9480550+02:00" testType="13cdc9d9-ddb5-4fa4-a97d-d965ccfc6d4b" outcome="Passed" testListId="8c84fa94-04c1-424b-9868-57a2d4851a1d" relativeResultsDirectory="464e9207-55c5-434e-bdcf-f8b714e779e3" />
    <UnitTestResult executionId="b8e1c377-b044-4284-93fa-ac22a2c8656b" testId="e991d71c-34ea-b4fa-4c05-8b15462e1c9e" testName="Test.L0.Plugin.TestFilePublisher.TestFilePublisherLogPluginL0.TestFilePublisherLogPlugin_DisableIfNotBuildPipeline" computerName="ComputerName" duration="00:00:00.0019273" startTime="2024-05-08T09:40:51.2616361+02:00" endTime="2024-05-08T09:40:51.2616362+02:00" testType="13cdc9d9-ddb5-4fa4-a97d-d965ccfc6d4b" outcome="Passed" testListId="8c84fa94-04c1-424b-9868-57a2d4851a1d" relativeResultsDirectory="b8e1c377-b044-4284-93fa-ac22a2c8656b" />
    <UnitTestResult executionId="4d30102c-d633-455e-a981-a5e1d39527cc" testId="b723bb11-d4cc-148d-0c25-9d063f5ee72f" testName="Microsoft.VisualStudio.Services.Agent.Tests.Worker.ExecutionContextL0.InitializeJob_LogsWarningsFromVariables" computerName="ComputerName" duration="00:00:00.0196858" startTime="2024-05-08T09:40:53.6328083+02:00" endTime="2024-05-08T09:40:53.6328084+02:00" testType="13cdc9d9-ddb5-4fa4-a97d-d965ccfc6d4b" outcome="Passed" testListId="8c84fa94-04c1-424b-9868-57a2d4851a1d" relativeResultsDirectory="4d30102c-d633-455e-a981-a5e1d39527cc" />
    <UnitTestResult executionId="660bfc7b-241a-43ba-9452-a8578f71272f" testId="f3cf92d0-3045-e682-38d1-b2fbbdefe46b" testName="Microsoft.VisualStudio.Services.Agent.Tests.Plugin.RepositoryPluginL0.RepositoryPlugin_CheckoutTask_MergesCheckoutOptions_CaseInsensitive" computerName="ComputerName" duration="00:00:00.0121478" startTime="2024-05-08T09:40:52.1780526+02:00" endTime="2024-05-08T09:40:52.1780527+02:00" testType="13cdc9d9-ddb5-4fa4-a97d-d965ccfc6d4b" outcome="Passed" testListId="8c84fa94-04c1-424b-9868-57a2d4851a1d" relativeResultsDirectory="660bfc7b-241a-43ba-9452-a8578f71272f" />
    <UnitTestResult executionId="f5d5c73c-307c-4ea5-8aef-a4e190490740" testId="8bf9be24-1d5e-d6a3-509b-f2a6b23146d0" testName="Test.L0.Worker.Handlers.CmdArgsSanitizerL0.Telemetry_ReturnsNull(inputArgs: &quot;123&quot;)" computerName="ComputerName" duration="00:00:00.0000049" startTime="2024-05-08T09:40:53.5897159+02:00" endTime="2024-05-08T09:40:53.5897160+02:00" testType="13cdc9d9-ddb5-4fa4-a97d-d965ccfc6d4b" outcome="Passed" testListId="8c84fa94-04c1-424b-9868-57a2d4851a1d" relativeResultsDirectory="f5d5c73c-307c-4ea5-8aef-a4e190490740" />
    <UnitTestResult executionId="d3b584d2-dabd-48bf-a9c2-cafef0c4b7e0" testId="3ee01169-cb8a-25e3-d2b0-b433f9a5147e" testName="Microsoft.VisualStudio.Services.Agent.Tests.Worker.CodeCoverage.CodeCoverageCommandExtensionTests.PublishCodeCoverageWithNoCCTool" computerName="ComputerName" duration="00:00:00.0365271" startTime="2024-05-08T09:40:52.8198137+02:00" endTime="2024-05-08T09:40:52.8198138+02:00" testType="13cdc9d9-ddb5-4fa4-a97d-d965ccfc6d4b" outcome="Passed" testListId="8c84fa94-04c1-424b-9868-57a2d4851a1d" relativeResultsDirectory="d3b584d2-dabd-48bf-a9c2-cafef0c4b7e0" />
    <UnitTestResult executionId="3f2881da-6c25-44be-bc54-ed87fb28067c" testId="2a9a13ab-265f-9614-e1e1-63e96b8ac8b0" testName="Microsoft.VisualStudio.Services.Agent.Tests.Plugin.RepositoryPluginL0.RepositoryPlugin_NoPathInputMoveBackToDefault" computerName="ComputerName" duration="00:00:00.0804226" startTime="2024-05-08T09:40:51.8436366+02:00" endTime="2024-05-08T09:40:51.8436367+02:00" testType="13cdc9d9-ddb5-4fa4-a97d-d965ccfc6d4b" outcome="Passed" testListId="8c84fa94-04c1-424b-9868-57a2d4851a1d" relativeResultsDirectory="3f2881da-6c25-44be-bc54-ed87fb28067c" />
    <UnitTestResult executionId="62e2afc1-3f6a-4af0-9cf5-b13668d35595" testId="19b0e4d6-d6a6-147b-2b0b-a74c25e78432" testName="Microsoft.VisualStudio.Services.Agent.Tests.Worker.SetVariableRestrictionsL0.NullVariableRestrictions" computerName="ComputerName" duration="00:00:00.0111584" startTime="2024-05-08T09:40:54.0828595+02:00" endTime="2024-05-08T09:40:54.0828596+02:00" testType="13cdc9d9-ddb5-4fa4-a97d-d965ccfc6d4b" outcome="Passed" testListId="8c84fa94-04c1-424b-9868-57a2d4851a1d" relativeResultsDirectory="62e2afc1-3f6a-4af0-9cf5-b13668d35595" />
    <UnitTestResult executionId="2f4c0b36-aabc-40be-b373-9d1eea4bd985" testId="a1d71fc8-66a9-3167-ad62-c020987c74fa" testName="Microsoft.VisualStudio.Services.Agent.Tests.PipelineCache.FingerprintCreatorTests.ParseSingleLineAsNew" computerName="ComputerName" duration="00:00:00.0011090" startTime="2024-05-08T09:40:53.8515987+02:00" endTime="2024-05-08T09:40:53.8515988+02:00" testType="13cdc9d9-ddb5-4fa4-a97d-d965ccfc6d4b" outcome="Passed" testListId="8c84fa94-04c1-424b-9868-57a2d4851a1d" relativeResultsDirectory="2f4c0b36-aabc-40be-b373-9d1eea4bd985" />
    <UnitTestResult executionId="8e1d5003-2d1c-4637-8aec-6239b29d27f8" testId="df60775a-ab6d-18e3-9e82-96aded53f35f" testName="Microsoft.VisualStudio.Services.Agent.Tests.PipelineCache.MatchingTests.AbsoluteAndRelative" computerName="ComputerName" duration="00:00:00.0057909" startTime="2024-05-08T09:40:53.3984941+02:00" endTime="2024-05-08T09:40:53.3984943+02:00" testType="13cdc9d9-ddb5-4fa4-a97d-d965ccfc6d4b" outcome="Passed" testListId="8c84fa94-04c1-424b-9868-57a2d4851a1d" relativeResultsDirectory="8e1d5003-2d1c-4637-8aec-6239b29d27f8" />
    <UnitTestResult executionId="0bf62206-cf49-4724-b52f-b880edc37d0f" testId="dcec420f-aa7b-0a18-c7c1-a83ed476fbab" testName="Microsoft.VisualStudio.Services.Agent.Tests.Util.RepositoryUtilL0.HasMultipleCheckouts_should_return_false_when_not_set_correctly" computerName="ComputerName" duration="00:00:00.0027208" startTime="2024-05-08T09:40:50.9852437+02:00" endTime="2024-05-08T09:40:50.9852439+02:00" testType="13cdc9d9-ddb5-4fa4-a97d-d965ccfc6d4b" outcome="Passed" testListId="8c84fa94-04c1-424b-9868-57a2d4851a1d" relativeResultsDirectory="0bf62206-cf49-4724-b52f-b880edc37d0f" />
    <UnitTestResult executionId="4ad8267b-0080-432d-b45e-082d84abca50" testId="d138ff06-6f66-c54e-f5af-ebf7e7a0e3d4" testName="Test.L0.Plugin.TestResultParser.TestResultLogPluginL0.TestResultLogPlugin_EnableForBuildPipeline" computerName="ComputerName" duration="00:00:00.0144577" startTime="2024-05-08T09:40:51.8001436+02:00" endTime="2024-05-08T09:40:51.8001438+02:00" testType="13cdc9d9-ddb5-4fa4-a97d-d965ccfc6d4b" outcome="Passed" testListId="8c84fa94-04c1-424b-9868-57a2d4851a1d" relativeResultsDirectory="4ad8267b-0080-432d-b45e-082d84abca50" />
    <UnitTestResult executionId="e83ac5e9-5474-4635-9363-1b565ee27f28" testId="7c7d265e-8677-b835-b951-cc8602cae005" testName="Microsoft.VisualStudio.Services.Agent.Tests.Worker.Build.GitSourceProviderL0.GetSourceGitClone" computerName="ComputerName" duration="00:00:00.0928364" startTime="2024-05-08T09:40:51.7633387+02:00" endTime="2024-05-08T09:40:51.7633396+02:00" testType="13cdc9d9-ddb5-4fa4-a97d-d965ccfc6d4b" outcome="Passed" testListId="8c84fa94-04c1-424b-9868-57a2d4851a1d" relativeResultsDirectory="e83ac5e9-5474-4635-9363-1b565ee27f28" />
    <UnitTestResult executionId="584d8edb-d4f5-4ccf-83a0-7fd0c47108ff" testId="e05535c8-e38b-6afd-d989-03abfc9fdef2" testName="Test.L0.Listener.Configuration.NativeWindowsServiceHelperL0.EnsureGetDefaultServiceAccountShouldReturnNetworkServiceAccount" computerName="ComputerName" duration="00:00:00.0233744" startTime="2024-05-08T09:40:51.9043141+02:00" endTime="2024-05-08T09:40:51.9043144+02:00" testType="13cdc9d9-ddb5-4fa4-a97d-d965ccfc6d4b" outcome="Passed" testListId="8c84fa94-04c1-424b-9868-57a2d4851a1d" relativeResultsDirectory="584d8edb-d4f5-4ccf-83a0-7fd0c47108ff" />
    <UnitTestResult executionId="0448ba24-74af-4313-aa2b-a8fcb3977e4e" testId="f1d073e7-9bbb-9bd1-8d7e-7fb9867a74fc" testName="Microsoft.VisualStudio.Services.Agent.Tests.Worker.TestResults.JunitResultReaderTests.VerifyDurationsCalculationsInDifferentCulture" computerName="ComputerName" duration="00:00:00.1095712" startTime="2024-05-08T09:40:55.1821275+02:00" endTime="2024-05-08T09:40:55.1821276+02:00" testType="13cdc9d9-ddb5-4fa4-a97d-d965ccfc6d4b" outcome="Passed" testListId="8c84fa94-04c1-424b-9868-57a2d4851a1d" relativeResultsDirectory="0448ba24-74af-4313-aa2b-a8fcb3977e4e" />
    <UnitTestResult executionId="03f806c9-d3d5-4924-af26-23fa073b8b8d" testId="09ad4a0a-273f-b215-0878-c40e820daf27" testName="Microsoft.VisualStudio.Services.Agent.Tests.Worker.TestResults.XUnitResultReaderTests.VerifyReadResultsReturnsDurationAsDiffBetweenMinStartAndMaxCompletedTime" computerName="ComputerName" duration="00:00:00.0565565" startTime="2024-05-08T09:40:52.6278037+02:00" endTime="2024-05-08T09:40:52.6278039+02:00" testType="13cdc9d9-ddb5-4fa4-a97d-d965ccfc6d4b" outcome="Passed" testListId="8c84fa94-04c1-424b-9868-57a2d4851a1d" relativeResultsDirectory="03f806c9-d3d5-4924-af26-23fa073b8b8d" />
    <UnitTestResult executionId="fc10cdfe-1605-4ae0-8427-e950889cc55f" testId="d3c5a0c0-1034-dbec-1131-7cd3a1ed87dc" testName="Microsoft.VisualStudio.Services.Agent.Tests.Worker.ExpressionManagerL0.VariablesNamedValue" computerName="ComputerName" duration="00:00:00.0458705" startTime="2024-05-08T09:40:53.0680645+02:00" endTime="2024-05-08T09:40:53.0680646+02:00" testType="13cdc9d9-ddb5-4fa4-a97d-d965ccfc6d4b" outcome="Passed" testListId="8c84fa94-04c1-424b-9868-57a2d4851a1d" relativeResultsDirectory="fc10cdfe-1605-4ae0-8427-e950889cc55f" />
    <UnitTestResult executionId="78395d6a-2bb4-4f1e-b8ec-c05b82039a7c" testId="13f69623-5bb7-0d76-a059-74fb72e80d3a" testName="Microsoft.VisualStudio.Services.Agent.Tests.Listener.Configuration.ServiceControlManagerL0.CalculateServiceNameL0" computerName="ComputerName" duration="00:00:00.0067045" startTime="2024-05-08T09:40:53.6014172+02:00" endTime="2024-05-08T09:40:53.6014174+02:00" testType="13cdc9d9-ddb5-4fa4-a97d-d965ccfc6d4b" outcome="Passed" testListId="8c84fa94-04c1-424b-9868-57a2d4851a1d" relativeResultsDirectory="78395d6a-2bb4-4f1e-b8ec-c05b82039a7c" />
    <UnitTestResult executionId="04232c11-266d-4d1d-926d-78309704c245" testId="98ca5869-1ef3-c0d8-d7b1-0acb3f6e01b9" testName="Microsoft.VisualStudio.Services.Agent.Tests.KnobL0.ExperimentalKnobTests" computerName="ComputerName" duration="00:00:00.0001996" startTime="2024-05-08T09:40:53.4933460+02:00" endTime="2024-05-08T09:40:53.4933461+02:00" testType="13cdc9d9-ddb5-4fa4-a97d-d965ccfc6d4b" outcome="Passed" testListId="8c84fa94-04c1-424b-9868-57a2d4851a1d" relativeResultsDirectory="04232c11-266d-4d1d-926d-78309704c245" />
    <UnitTestResult executionId="8e8f0a64-13e4-4552-83e7-348fed7f3045" testId="5d2666ea-12ff-7554-8789-84a606ff75fc" testName="Microsoft.VisualStudio.Services.Agent.Tests.Worker.CodeCoverage.JacocoSummaryReaderTests.VerifyFileDidnotExist" computerName="ComputerName" duration="00:00:00.0115336" startTime="2024-05-08T09:40:55.1423778+02:00" endTime="2024-05-08T09:40:55.1423779+02:00" testType="13cdc9d9-ddb5-4fa4-a97d-d965ccfc6d4b" outcome="Passed" testListId="8c84fa94-04c1-424b-9868-57a2d4851a1d" relativeResultsDirectory="8e8f0a64-13e4-4552-83e7-348fed7f3045" />
    <UnitTestResult executionId="252418ea-32cc-480b-b60f-6bb7a2776dd7" testId="87697eb7-2dca-5742-6849-46a2a7985481" testName="Microsoft.VisualStudio.Services.Agent.Tests.LogPluginHost.LogPluginHostL0.LogPluginHost_ShortCircuitSlowPlugin" computerName="ComputerName" duration="00:00:01.6232994" startTime="2024-05-08T09:41:04.5392545+02:00" endTime="2024-05-08T09:41:04.5392550+02:00" testType="13cdc9d9-ddb5-4fa4-a97d-d965ccfc6d4b" outcome="Passed" testListId="8c84fa94-04c1-424b-9868-57a2d4851a1d" relativeResultsDirectory="252418ea-32cc-480b-b60f-6bb7a2776dd7" />
    <UnitTestResult executionId="0c22ded0-2cfb-4664-89f2-aabce614f85d" testId="4b40e54f-568b-23aa-4e58-3b6e6106602c" testName="Microsoft.VisualStudio.Services.Agent.Tests.Worker.TestResults.NunitResultReaderTests.PublishNUnit3Results" computerName="ComputerName" duration="00:00:00.0131057" startTime="2024-05-08T09:40:52.8166919+02:00" endTime="2024-05-08T09:40:52.8166920+02:00" testType="13cdc9d9-ddb5-4fa4-a97d-d965ccfc6d4b" outcome="Passed" testListId="8c84fa94-04c1-424b-9868-57a2d4851a1d" relativeResultsDirectory="0c22ded0-2cfb-4664-89f2-aabce614f85d" />
    <UnitTestResult executionId="118409ca-472c-4802-a82d-0a82f5337aa8" testId="e0f9842c-c961-bfba-9414-e90275825a27" testName="Test.L0.Worker.Handlers.ProcessHandlerHelperL0.ArgsValidation_Failes(inputArgs: &quot;1 ; whoami&quot;, envVarValue: &quot;&quot;)" computerName="ComputerName" duration="00:00:00.0002192" startTime="2024-05-08T09:40:51.0908995+02:00" endTime="2024-05-08T09:40:51.0908996+02:00" testType="13cdc9d9-ddb5-4fa4-a97d-d965ccfc6d4b" outcome="Passed" testListId="8c84fa94-04c1-424b-9868-57a2d4851a1d" relativeResultsDirectory="118409ca-472c-4802-a82d-0a82f5337aa8" />
    <UnitTestResult executionId="9aaff5d0-e1ce-479d-bc5d-e62db631b737" testId="740014ef-90d3-5ccc-03a7-2f2dc133199a" testName="Test.L0.Plugin.TestResultParser.TestRunManagerL0.TestRunManager_PublishTestRun_TestSummaryWithoutTests" computerName="ComputerName" duration="00:00:00.0253554" startTime="2024-05-08T09:40:51.4472197+02:00" endTime="2024-05-08T09:40:51.4472200+02:00" testType="13cdc9d9-ddb5-4fa4-a97d-d965ccfc6d4b" outcome="Passed" testListId="8c84fa94-04c1-424b-9868-57a2d4851a1d" relativeResultsDirectory="9aaff5d0-e1ce-479d-bc5d-e62db631b737" />
    <UnitTestResult executionId="4a7d8528-ed00-4811-a4ff-d49baf95c64d" testId="f21cc8fb-3afc-d840-fc71-653d72ca920c" testName="Microsoft.VisualStudio.Services.Agent.Tests.Util.IOUtilL0.DeleteDirectory_DoesNotFollowNestLevel2DirectoryReparsePoint" computerName="ComputerName" duration="00:00:00.0968075" startTime="2024-05-08T09:40:59.6555044+02:00" endTime="2024-05-08T09:40:59.6555049+02:00" testType="13cdc9d9-ddb5-4fa4-a97d-d965ccfc6d4b" outcome="Passed" testListId="8c84fa94-04c1-424b-9868-57a2d4851a1d" relativeResultsDirectory="4a7d8528-ed00-4811-a4ff-d49baf95c64d" />
    <UnitTestResult executionId="4229b2e0-37ee-4f45-afff-a20869cee40f" testId="bce0d1ed-ccf1-a5e2-5556-f4bba87a45f6" testName="Microsoft.VisualStudio.Services.Agent.Tests.Worker.ExecutionContextL0.StepTarget_RestrictedCommands_Host" computerName="ComputerName" duration="00:00:00.0268449" startTime="2024-05-08T09:40:53.7567465+02:00" endTime="2024-05-08T09:40:53.7567467+02:00" testType="13cdc9d9-ddb5-4fa4-a97d-d965ccfc6d4b" outcome="Passed" testListId="8c84fa94-04c1-424b-9868-57a2d4851a1d" relativeResultsDirectory="4229b2e0-37ee-4f45-afff-a20869cee40f" />
    <UnitTestResult executionId="78b93e75-3572-4f02-862f-084a384ad4d0" testId="7c105e74-fdd9-8b82-f6d3-869d22edb179" testName="Test.L0.Plugin.TestResultParser.LogPreProcessorL0.LogPreProcessorRemovesCommandLines" computerName="ComputerName" duration="00:00:00.0001130" startTime="2024-05-08T09:40:53.4474430+02:00" endTime="2024-05-08T09:40:53.4474432+02:00" testType="13cdc9d9-ddb5-4fa4-a97d-d965ccfc6d4b" outcome="Passed" testListId="8c84fa94-04c1-424b-9868-57a2d4851a1d" relativeResultsDirectory="78b93e75-3572-4f02-862f-084a384ad4d0" />
    <UnitTestResult executionId="0eeb1804-2867-44de-9725-4d9e4e78fb0b" testId="1706162b-ebd7-4ec5-e9dc-f2246d022dfd" testName="Microsoft.VisualStudio.Services.Agent.Tests.SecretMaskerL0.SecretMaskerTests_ReplacesOverlappingSecrets" computerName="ComputerName" duration="00:00:00.0006707" startTime="2024-05-08T09:40:52.7757757+02:00" endTime="2024-05-08T09:40:52.7757759+02:00" testType="13cdc9d9-ddb5-4fa4-a97d-d965ccfc6d4b" outcome="Passed" testListId="8c84fa94-04c1-424b-9868-57a2d4851a1d" relativeResultsDirectory="0eeb1804-2867-44de-9725-4d9e4e78fb0b" />
    <UnitTestResult executionId="9947d155-1eb5-440f-a4bf-cfebf847c6f9" testId="7a119e0b-a846-293b-165c-9b60b19a40e2" testName="Microsoft.VisualStudio.Services.Agent.Tests.Util.IOUtilL0.DeleteFile_DeletesWithRetry_CancellationRequested" computerName="ComputerName" duration="00:00:02.0097857" startTime="2024-05-08T09:41:06.9504867+02:00" endTime="2024-05-08T09:41:06.9504876+02:00" testType="13cdc9d9-ddb5-4fa4-a97d-d965ccfc6d4b" outcome="Passed" testListId="8c84fa94-04c1-424b-9868-57a2d4851a1d" relativeResultsDirectory="9947d155-1eb5-440f-a4bf-cfebf847c6f9" />
    <UnitTestResult executionId="ef6895d5-0e3a-4294-95c0-fea7e7ee4d7f" testId="45428b9a-2d38-1d95-07e0-92e25f59b5a0" testName="Microsoft.VisualStudio.Services.Agent.Tests.Worker.Build.TrackingManagerL0.LoadsTrackingConfig_FileFormatVersion3_with_repositoryTrackingInfo" computerName="ComputerName" duration="00:00:00.0223729" startTime="2024-05-08T09:40:54.7956000+02:00" endTime="2024-05-08T09:40:54.7956002+02:00" testType="13cdc9d9-ddb5-4fa4-a97d-d965ccfc6d4b" outcome="Passed" testListId="8c84fa94-04c1-424b-9868-57a2d4851a1d" relativeResultsDirectory="ef6895d5-0e3a-4294-95c0-fea7e7ee4d7f" />
    <UnitTestResult executionId="585d9920-71d8-478d-8b96-e244cf1ac1d8" testId="8ca3649a-55a5-5ca7-e3f0-4335d765846e" testName="Microsoft.VisualStudio.Services.Agent.Tests.CommandSettingsL0.GetsCommandConfigure" computerName="ComputerName" duration="00:00:00.0142457" startTime="2024-05-08T09:40:51.6300422+02:00" endTime="2024-05-08T09:40:51.6300424+02:00" testType="13cdc9d9-ddb5-4fa4-a97d-d965ccfc6d4b" outcome="Passed" testListId="8c84fa94-04c1-424b-9868-57a2d4851a1d" relativeResultsDirectory="585d9920-71d8-478d-8b96-e244cf1ac1d8" />
    <UnitTestResult executionId="c2f09d8b-7d3a-4269-a15d-306dd9be1880" testId="05318104-675a-130a-0530-4d83506bb88d" testName="Microsoft.VisualStudio.Services.Agent.Tests.Listener.AgentAutoLogonTestL0.TestAutoLogonUnConfigure" computerName="ComputerName" duration="00:00:00.0659279" startTime="2024-05-08T09:40:53.0404001+02:00" endTime="2024-05-08T09:40:53.0404002+02:00" testType="13cdc9d9-ddb5-4fa4-a97d-d965ccfc6d4b" outcome="Passed" testListId="8c84fa94-04c1-424b-9868-57a2d4851a1d" relativeResultsDirectory="c2f09d8b-7d3a-4269-a15d-306dd9be1880" />
    <UnitTestResult executionId="22b3c6e5-6fe7-4343-a418-03f2cc9f8194" testId="c874d449-cdde-9a69-1fae-0d1670b839cc" testName="Microsoft.VisualStudio.Services.Agent.Tests.NodeHandlerL0.UseNewNodeForNodeHandlerEnvVarSet" computerName="ComputerName" duration="00:00:00.0075183" startTime="2024-05-08T09:40:52.7953750+02:00" endTime="2024-05-08T09:40:52.7953751+02:00" testType="13cdc9d9-ddb5-4fa4-a97d-d965ccfc6d4b" outcome="Passed" testListId="8c84fa94-04c1-424b-9868-57a2d4851a1d" relativeResultsDirectory="22b3c6e5-6fe7-4343-a418-03f2cc9f8194" />
    <UnitTestResult executionId="0f6cab88-c321-4e6e-84d3-2b22951cbf2d" testId="d46b49fc-824c-0018-5894-fc8ea526f194" testName="Microsoft.VisualStudio.Services.Agent.Tests.Worker.TestResults.TrxReaderTests.ReadResultsDoesNotFailWithFinishTimeLessThanStartTime" computerName="ComputerName" duration="00:00:00.0829967" startTime="2024-05-08T09:40:54.4089558+02:00" endTime="2024-05-08T09:40:54.4089560+02:00" testType="13cdc9d9-ddb5-4fa4-a97d-d965ccfc6d4b" outcome="Passed" testListId="8c84fa94-04c1-424b-9868-57a2d4851a1d" relativeResultsDirectory="0f6cab88-c321-4e6e-84d3-2b22951cbf2d" />
    <UnitTestResult executionId="c335f64c-6f4f-4da1-852a-dd1ba2f05cac" testId="12532231-7166-1ced-12f6-d2547b384ffe" testName="Test.L0.Worker.Handlers.ProcessHandlerL0.ProcessHandlerV2_Validation_passes" computerName="ComputerName" duration="00:00:01.1561575" startTime="2024-05-08T09:40:55.3213188+02:00" endTime="2024-05-08T09:40:55.3213189+02:00" testType="13cdc9d9-ddb5-4fa4-a97d-d965ccfc6d4b" outcome="Passed" testListId="8c84fa94-04c1-424b-9868-57a2d4851a1d" relativeResultsDirectory="c335f64c-6f4f-4da1-852a-dd1ba2f05cac" />
    <UnitTestResult executionId="e023f31b-9bc3-450e-8a4c-605c410adc7e" testId="9540d8b2-3477-465d-5f68-ac92bc210a52" testName="Microsoft.VisualStudio.Services.Agent.Tests.LogPluginHost.LogPluginHostL0.LogPluginHost_RunSinglePlugin" computerName="ComputerName" duration="00:00:01.0427006" startTime="2024-05-08T09:41:05.5860426+02:00" endTime="2024-05-08T09:41:05.5860442+02:00" testType="13cdc9d9-ddb5-4fa4-a97d-d965ccfc6d4b" outcome="Passed" testListId="8c84fa94-04c1-424b-9868-57a2d4851a1d" relativeResultsDirectory="e023f31b-9bc3-450e-8a4c-605c410adc7e" />
    <UnitTestResult executionId="bac15654-5a52-4757-9035-bbf3a72d55ac" testId="5de1090a-858d-d61b-86dd-26468ae5d4d9" testName="Microsoft.VisualStudio.Services.Agent.Tests.Worker.VariablesL0.ExpandValues_HandlesConsecutiveMacros" computerName="ComputerName" duration="00:00:00.0065934" startTime="2024-05-08T09:40:51.5885650+02:00" endTime="2024-05-08T09:40:51.5885651+02:00" testType="13cdc9d9-ddb5-4fa4-a97d-d965ccfc6d4b" outcome="Passed" testListId="8c84fa94-04c1-424b-9868-57a2d4851a1d" relativeResultsDirectory="bac15654-5a52-4757-9035-bbf3a72d55ac" />
    <UnitTestResult executionId="f34bf9cc-e7a1-4c66-894c-4c08d36ce167" testId="9f2c7c17-9210-ffe0-332d-4c41473f2716" testName="Microsoft.VisualStudio.Services.Agent.Tests.Worker.VariablesL0.Set_StoresValue" computerName="ComputerName" duration="00:00:00.0027140" startTime="2024-05-08T09:40:51.2599772+02:00" endTime="2024-05-08T09:40:51.2599773+02:00" testType="13cdc9d9-ddb5-4fa4-a97d-d965ccfc6d4b" outcome="Passed" testListId="8c84fa94-04c1-424b-9868-57a2d4851a1d" relativeResultsDirectory="f34bf9cc-e7a1-4c66-894c-4c08d36ce167" />
    <UnitTestResult executionId="a13661f1-9bdc-4fe6-8de9-ea864216b66c" testId="26366759-d80b-b18f-0c46-2502560a073a" testName="Microsoft.VisualStudio.Services.Agent.Tests.SecretMaskerL0.SecretMaskerTests_ReplacesValue" computerName="ComputerName" duration="00:00:00.0002518" startTime="2024-05-08T09:40:52.7938908+02:00" endTime="2024-05-08T09:40:52.7938910+02:00" testType="13cdc9d9-ddb5-4fa4-a97d-d965ccfc6d4b" outcome="Passed" testListId="8c84fa94-04c1-424b-9868-57a2d4851a1d" relativeResultsDirectory="a13661f1-9bdc-4fe6-8de9-ea864216b66c" />
    <UnitTestResult executionId="adfe3509-979a-41dc-8740-706e5143ffd0" testId="4d99e495-2f50-acce-7b49-df8bdd17d522" testName="Microsoft.VisualStudio.Services.Agent.Tests.Listener.AgentL0.TestRunOnceOnlyTakeOneJobMessage" computerName="ComputerName" duration="00:00:02.0611728" startTime="2024-05-08T09:40:57.5225020+02:00" endTime="2024-05-08T09:40:57.5225023+02:00" testType="13cdc9d9-ddb5-4fa4-a97d-d965ccfc6d4b" outcome="Passed" testListId="8c84fa94-04c1-424b-9868-57a2d4851a1d" relativeResultsDirectory="adfe3509-979a-41dc-8740-706e5143ffd0" />
    <UnitTestResult executionId="26eb7201-fc42-4aae-b9c8-d39f6b009583" testId="c3fdde15-21f2-6e82-f24e-8f120d1873e1" testName="Test.L0.Plugin.TestFilePublisher.TestFileFinderL0.TestFileFinder_FindFilesWithEmptyPattern" computerName="ComputerName" duration="00:00:00.0936027" startTime="2024-05-08T09:40:55.5037384+02:00" endTime="2024-05-08T09:40:55.5037389+02:00" testType="13cdc9d9-ddb5-4fa4-a97d-d965ccfc6d4b" outcome="Passed" testListId="8c84fa94-04c1-424b-9868-57a2d4851a1d" relativeResultsDirectory="26eb7201-fc42-4aae-b9c8-d39f6b009583" />
    <UnitTestResult executionId="6fa74a74-ec7c-48da-985e-7845aea6c23e" testId="f8cec02b-55fc-f876-7200-36eb821f7298" testName="Microsoft.VisualStudio.Services.Agent.Tests.Worker.VariablesL0.Get_ReturnsNullIfNotFound" computerName="ComputerName" duration="00:00:00.0128364" startTime="2024-05-08T09:40:51.6799358+02:00" endTime="2024-05-08T09:40:51.6799359+02:00" testType="13cdc9d9-ddb5-4fa4-a97d-d965ccfc6d4b" outcome="Passed" testListId="8c84fa94-04c1-424b-9868-57a2d4851a1d" relativeResultsDirectory="6fa74a74-ec7c-48da-985e-7845aea6c23e" />
    <UnitTestResult executionId="b0410dfb-5b50-4539-b8dd-fd04349486ef" testId="e279befb-29c2-5ab3-4ed2-eff7017a50f1" testName="Microsoft.VisualStudio.Services.Agent.Tests.Worker.Release.JenkinsArtifactL0.JenkinsCommitsShouldLogAnIssueIfBuildIsDeleted" computerName="ComputerName" duration="00:00:00.0108360" startTime="2024-05-08T09:40:52.8857688+02:00" endTime="2024-05-08T09:40:52.8857688+02:00" testType="13cdc9d9-ddb5-4fa4-a97d-d965ccfc6d4b" outcome="Passed" testListId="8c84fa94-04c1-424b-9868-57a2d4851a1d" relativeResultsDirectory="b0410dfb-5b50-4539-b8dd-fd04349486ef" />
    <UnitTestResult executionId="4463947b-2a88-4f8b-a9b8-f47dde37f462" testId="053ac617-b59a-d9c9-5216-66781b43161d" testName="Microsoft.VisualStudio.Services.Agent.Tests.NodeHandlerL0.ThrowExceptionIfUseNodeKnobIsLTSAndFilteredPossibleNodeFoldersEmpty" computerName="ComputerName" duration="00:00:00.0363997" startTime="2024-05-08T09:40:52.5312530+02:00" endTime="2024-05-08T09:40:52.5312531+02:00" testType="13cdc9d9-ddb5-4fa4-a97d-d965ccfc6d4b" outcome="Passed" testListId="8c84fa94-04c1-424b-9868-57a2d4851a1d" relativeResultsDirectory="4463947b-2a88-4f8b-a9b8-f47dde37f462" />
    <UnitTestResult executionId="2b0e5c88-898e-44ec-9920-08bd2d078ea8" testId="25c65d59-8bea-5c0e-dbb5-d7ece8af8df1" testName="Microsoft.VisualStudio.Services.Agent.Tests.Worker.VariablesL0.Scope" computerName="ComputerName" duration="00:00:00.0275002" startTime="2024-05-08T09:40:51.6211836+02:00" endTime="2024-05-08T09:40:51.6211837+02:00" testType="13cdc9d9-ddb5-4fa4-a97d-d965ccfc6d4b" outcome="Passed" testListId="8c84fa94-04c1-424b-9868-57a2d4851a1d" relativeResultsDirectory="2b0e5c88-898e-44ec-9920-08bd2d078ea8" />
    <UnitTestResult executionId="2d902309-84d2-48db-b176-157575239efc" testId="24fa98fc-8495-e613-347e-385e27c049ef" testName="Microsoft.VisualStudio.Services.Agent.Tests.NodeHandlerL0.UseNewNodeForNewNodeHandler(nodeVersion: &quot;node16&quot;)" computerName="ComputerName" duration="00:00:00.0093978" startTime="2024-05-08T09:40:52.5827171+02:00" endTime="2024-05-08T09:40:52.5827172+02:00" testType="13cdc9d9-ddb5-4fa4-a97d-d965ccfc6d4b" outcome="Passed" testListId="8c84fa94-04c1-424b-9868-57a2d4851a1d" relativeResultsDirectory="2d902309-84d2-48db-b176-157575239efc" />
    <UnitTestResult executionId="6eaea3c2-7df8-401e-9106-b3db2d564051" testId="c38ea04c-e31b-1652-e3ea-efbab357c526" testName="Microsoft.VisualStudio.Services.Agent.Tests.Worker.VariablesL0.Unset" computerName="ComputerName" duration="00:00:00.0087528" startTime="2024-05-08T09:40:51.7099602+02:00" endTime="2024-05-08T09:40:51.7099604+02:00" testType="13cdc9d9-ddb5-4fa4-a97d-d965ccfc6d4b" outcome="Passed" testListId="8c84fa94-04c1-424b-9868-57a2d4851a1d" relativeResultsDirectory="6eaea3c2-7df8-401e-9106-b3db2d564051" />
    <UnitTestResult executionId="2b773838-022e-45a4-950b-9bd5d7863244" testId="e2c40b7b-ba22-9725-1979-4108f5f17912" testName="Microsoft.VisualStudio.Services.Agent.Tests.PipelineCache.FingerprintTests.FingerprintEqualityWorks" computerName="ComputerName" duration="00:00:00.0314395" startTime="2024-05-08T09:40:52.9342509+02:00" endTime="2024-05-08T09:40:52.9342510+02:00" testType="13cdc9d9-ddb5-4fa4-a97d-d965ccfc6d4b" outcome="Passed" testListId="8c84fa94-04c1-424b-9868-57a2d4851a1d" relativeResultsDirectory="2b773838-022e-45a4-950b-9bd5d7863244" />
    <UnitTestResult executionId="96bb3fe3-4f9f-4d07-8e96-05b6f63215c9" testId="9ca86ade-bc47-c8b4-a558-a8ec9ff934de" testName="Test.L0.Plugin.TestResultParser.EnumerableExtensionL0.ListShouldBeBatchedAsPerRequestedSize" computerName="ComputerName" duration="00:00:00.0011926" startTime="2024-05-08T09:40:54.3803065+02:00" endTime="2024-05-08T09:40:54.3803066+02:00" testType="13cdc9d9-ddb5-4fa4-a97d-d965ccfc6d4b" outcome="Passed" testListId="8c84fa94-04c1-424b-9868-57a2d4851a1d" relativeResultsDirectory="96bb3fe3-4f9f-4d07-8e96-05b6f63215c9" />
    <UnitTestResult executionId="6686d46b-94c8-4ae9-b7d6-eb83cdc6d335" testId="08e2c69e-47c2-997b-9de6-be96c52044c3" testName="Microsoft.VisualStudio.Services.Agent.Tests.Worker.TaskManagerL0.PreservesTaskZipTaskWhenAlwaysExtractTask" computerName="ComputerName" duration="00:00:00.1098746" startTime="2024-05-08T09:40:55.6733063+02:00" endTime="2024-05-08T09:40:55.6733064+02:00" testType="13cdc9d9-ddb5-4fa4-a97d-d965ccfc6d4b" outcome="Passed" testListId="8c84fa94-04c1-424b-9868-57a2d4851a1d" relativeResultsDirectory="6686d46b-94c8-4ae9-b7d6-eb83cdc6d335" />
    <UnitTestResult executionId="cfce98da-f637-437a-b2d0-59d6e658b478" testId="c45ac9da-8dec-f552-57c6-a8f766b68bea" testName="Microsoft.VisualStudio.Services.Agent.Tests.Util.UrlUtilL0.GetCredentialEmbeddedUrl_UsernameAndPasswordEncoding" computerName="ComputerName" duration="00:00:00.0003070" startTime="2024-05-08T09:40:51.0815609+02:00" endTime="2024-05-08T09:40:51.0815610+02:00" testType="13cdc9d9-ddb5-4fa4-a97d-d965ccfc6d4b" outcome="Passed" testListId="8c84fa94-04c1-424b-9868-57a2d4851a1d" relativeResultsDirectory="cfce98da-f637-437a-b2d0-59d6e658b478" />
    <UnitTestResult executionId="40c0c11d-e64c-48ad-8c2b-864a76c4b12b" testId="a96a57af-3265-732d-fe75-2d7e74accbb2" testName="Microsoft.VisualStudio.Services.Agent.Tests.Plugin.RepositoryPluginL0.RepositoryPlugin_InvalidPathInput_AllowWorkingDirectoryRepositorie" computerName="ComputerName" duration="00:00:00.0390272" startTime="2024-05-08T09:40:52.0014869+02:00" endTime="2024-05-08T09:40:52.0014869+02:00" testType="13cdc9d9-ddb5-4fa4-a97d-d965ccfc6d4b" outcome="Passed" testListId="8c84fa94-04c1-424b-9868-57a2d4851a1d" relativeResultsDirectory="40c0c11d-e64c-48ad-8c2b-864a76c4b12b" />
    <UnitTestResult executionId="486c28d7-1ef5-4388-a984-71159915275b" testId="e4c1012d-9497-3c0a-9380-5ca44934d9f9" testName="Microsoft.VisualStudio.Services.Agent.Tests.Util.StringUtilL0.DeactivateVsoCommandsFromStringTest(input: &quot;&quot;, expected: &quot;&quot;)" computerName="ComputerName" duration="00:00:00.0000037" startTime="2024-05-08T09:40:54.3259718+02:00" endTime="2024-05-08T09:40:54.3259719+02:00" testType="13cdc9d9-ddb5-4fa4-a97d-d965ccfc6d4b" outcome="Passed" testListId="8c84fa94-04c1-424b-9868-57a2d4851a1d" relativeResultsDirectory="486c28d7-1ef5-4388-a984-71159915275b" />
    <UnitTestResult executionId="dcff0f89-a896-4189-86fa-d6bad4d29ae5" testId="f4f00a15-20d5-aead-b666-0d93ac76af91" testName="Microsoft.VisualStudio.Services.Agent.Tests.Worker.TaskManagerL0.RetryNetworkException" computerName="ComputerName" duration="00:00:00.0215596" startTime="2024-05-08T09:40:55.8769259+02:00" endTime="2024-05-08T09:40:55.8769261+02:00" testType="13cdc9d9-ddb5-4fa4-a97d-d965ccfc6d4b" outcome="Passed" testListId="8c84fa94-04c1-424b-9868-57a2d4851a1d" relativeResultsDirectory="dcff0f89-a896-4189-86fa-d6bad4d29ae5" />
    <UnitTestResult executionId="d902e13f-6458-45cd-9c7e-e1127bcb5d78" testId="155bcda6-097c-f711-5f3d-8ec8327a8ad5" testName="Test.L0.Plugin.TestFilePublisher.TestFilePublisherLogPluginL0.TestFilePublisherLogPlugin_DisableWhenHostTypeNotSet" computerName="ComputerName" duration="00:00:00.0026398" startTime="2024-05-08T09:40:51.3584394+02:00" endTime="2024-05-08T09:40:51.3584394+02:00" testType="13cdc9d9-ddb5-4fa4-a97d-d965ccfc6d4b" outcome="Passed" testListId="8c84fa94-04c1-424b-9868-57a2d4851a1d" relativeResultsDirectory="d902e13f-6458-45cd-9c7e-e1127bcb5d78" />
    <UnitTestResult executionId="0bcc7bbb-1a98-4a1b-93ee-c6960c33e13a" testId="95ec1328-e10e-d517-538c-1ec22a51525b" testName="Microsoft.VisualStudio.Services.Agent.Tests.Util.IOUtilL0.Delete_DeletesDirectory" computerName="ComputerName" duration="00:00:00.0048286" startTime="2024-05-08T09:40:56.2523964+02:00" endTime="2024-05-08T09:40:56.2523966+02:00" testType="13cdc9d9-ddb5-4fa4-a97d-d965ccfc6d4b" outcome="Passed" testListId="8c84fa94-04c1-424b-9868-57a2d4851a1d" relativeResultsDirectory="0bcc7bbb-1a98-4a1b-93ee-c6960c33e13a" />
    <UnitTestResult executionId="779fafe6-6fd3-4818-9344-0f930eafc0ab" testId="19d633af-831b-41ca-abc4-d7f5a7b0a91e" testName="Microsoft.VisualStudio.Services.Agent.Tests.Listener.AgentL0.TestRunOnceHandleUpdateMessage" computerName="ComputerName" duration="00:00:00.0131752" startTime="2024-05-08T09:40:57.5681156+02:00" endTime="2024-05-08T09:40:57.5681162+02:00" testType="13cdc9d9-ddb5-4fa4-a97d-d965ccfc6d4b" outcome="Failed" testListId="8c84fa94-04c1-424b-9868-57a2d4851a1d" relativeResultsDirectory="779fafe6-6fd3-4818-9344-0f930eafc0ab">
      <Output>
        <ErrorInfo>
          <Message>System.IO.IOException : The handle is invalid.</Message>
          <StackTrace>   at System.ConsolePal.SetConsoleOutputEncoding(Encoding enc)&#xD;
   at System.Console.set_OutputEncoding(Encoding value)&#xD;
   at Microsoft.VisualStudio.Services.Agent.Terminal.Initialize(IHostContext hostContext) in C:\Users\ComputerName\src\Microsoft.VisualStudio.Services.Agent\Terminal.cs:line 59&#xD;
   at Microsoft.VisualStudio.Services.Agent.Tests.TestHostContext.GetService[T]() in C:\Users\ComputerName\src\Test\L0\TestHostContext.cs:line 149&#xD;
   at Microsoft.VisualStudio.Services.Agent.Listener.Agent.Initialize(IHostContext hostContext) in C:\Users\ComputerName\src\Agent.Listener\Agent.cs:line 41&#xD;
   at Microsoft.VisualStudio.Services.Agent.Tests.Listener.AgentL0.TestRunOnceHandleUpdateMessage() in C:\Users\ComputerName\src\Test\L0\Listener\AgentL0.cs:line 517&#xD;
   at System.Threading.Tasks.Task.&lt;&gt;c.&lt;ThrowAsync&gt;b__128_0(Object state)</StackTrace>
        </ErrorInfo>
      </Output>
    </UnitTestResult>
    <UnitTestResult executionId="5dba02eb-5089-42b6-87c1-ce4fcc2089fd" testId="9fa1070c-0edb-f51c-2bb5-25a8280dc0a4" testName="Microsoft.VisualStudio.Services.Agent.Tests.Worker.TaskCommandExtensionL0.SetEndpointInvalidEndpointId" computerName="ComputerName" duration="00:00:00.0143813" startTime="2024-05-08T09:40:53.0121706+02:00" endTime="2024-05-08T09:40:53.0121732+02:00" testType="13cdc9d9-ddb5-4fa4-a97d-d965ccfc6d4b" outcome="Passed" testListId="8c84fa94-04c1-424b-9868-57a2d4851a1d" relativeResultsDirectory="5dba02eb-5089-42b6-87c1-ce4fcc2089fd" />
    <UnitTestResult executionId="df6ec794-6d4b-4363-860d-4f05107a2129" testId="a8f0bf07-678e-d981-0cbc-1576a7aaac1a" testName="Microsoft.VisualStudio.Services.Agent.Tests.Worker.VariablesL0.ExpandValues_HandlesPreceedingPrefix" computerName="ComputerName" duration="00:00:00.0033240" startTime="2024-05-08T09:40:51.9314970+02:00" endTime="2024-05-08T09:40:51.9314971+02:00" testType="13cdc9d9-ddb5-4fa4-a97d-d965ccfc6d4b" outcome="Passed" testListId="8c84fa94-04c1-424b-9868-57a2d4851a1d" relativeResultsDirectory="df6ec794-6d4b-4363-860d-4f05107a2129" />
    <UnitTestResult executionId="62ccb9f9-29a6-49cb-b6d7-490ae2365cab" testId="defef477-ab74-e16f-8c8f-1e265d3930f1" testName="Microsoft.VisualStudio.Services.Agent.Tests.CommandSettingsL0.GetsFlagDeploymentAgentWithBackCompat" computerName="ComputerName" duration="00:00:00.0043113" startTime="2024-05-08T09:40:51.7487300+02:00" endTime="2024-05-08T09:40:51.7487301+02:00" testType="13cdc9d9-ddb5-4fa4-a97d-d965ccfc6d4b" outcome="Passed" testListId="8c84fa94-04c1-424b-9868-57a2d4851a1d" relativeResultsDirectory="62ccb9f9-29a6-49cb-b6d7-490ae2365cab" />
    <UnitTestResult executionId="ebd2b6c8-9558-444c-9378-ffeef02f0174" testId="d3fffbe4-2c6b-ceb0-aedd-25eaa80dffa4" testName="Microsoft.VisualStudio.Services.Agent.Tests.Worker.Build.TrackingManagerL0.CreatesTrackingConfig" computerName="ComputerName" duration="00:00:00.1210109" startTime="2024-05-08T09:40:54.4144508+02:00" endTime="2024-05-08T09:40:54.4144509+02:00" testType="13cdc9d9-ddb5-4fa4-a97d-d965ccfc6d4b" outcome="Passed" testListId="8c84fa94-04c1-424b-9868-57a2d4851a1d" relativeResultsDirectory="ebd2b6c8-9558-444c-9378-ffeef02f0174" />
    <UnitTestResult executionId="3293b2ed-60fc-41fd-b325-1f3f7df8ce86" testId="9caeea1b-7333-f2b6-c9ee-3fff61b4704b" testName="Microsoft.VisualStudio.Services.Agent.Tests.Worker.CodeCoverage.JacocoSummaryReaderTests.VerifyWrongXmlFile" computerName="ComputerName" duration="00:00:00.0329194" startTime="2024-05-08T09:40:55.1311978+02:00" endTime="2024-05-08T09:40:55.1311981+02:00" testType="13cdc9d9-ddb5-4fa4-a97d-d965ccfc6d4b" outcome="Passed" testListId="8c84fa94-04c1-424b-9868-57a2d4851a1d" relativeResultsDirectory="3293b2ed-60fc-41fd-b325-1f3f7df8ce86" />
    <UnitTestResult executionId="0595f16a-dc70-43df-9c5e-1b6a1bdea9cf" testId="2969ec70-5147-de20-309d-7410ee676376" testName="Microsoft.VisualStudio.Services.Agent.Tests.Util.IOUtilL0.DeleteDirectory_DeletesDirectoryReparsePointsBeforeDirectories" computerName="ComputerName" duration="00:00:00.0819238" startTime="2024-05-08T09:40:59.7454855+02:00" endTime="2024-05-08T09:40:59.7454858+02:00" testType="13cdc9d9-ddb5-4fa4-a97d-d965ccfc6d4b" outcome="Passed" testListId="8c84fa94-04c1-424b-9868-57a2d4851a1d" relativeResultsDirectory="0595f16a-dc70-43df-9c5e-1b6a1bdea9cf" />
    <UnitTestResult executionId="de794582-53ea-4e57-b39c-7af5b1f80128" testId="963cf0ec-6f2c-2324-c723-84c1bd8ae53a" testName="Test.L0.Plugin.TestGitSourceProvider.TestPluginGitSourceProviderL0.TestSetGitConfiguration(featureFlagsStatus: False)" computerName="ComputerName" duration="00:00:00.0542935" startTime="2024-05-08T09:40:52.2265077+02:00" endTime="2024-05-08T09:40:52.2265078+02:00" testType="13cdc9d9-ddb5-4fa4-a97d-d965ccfc6d4b" outcome="Passed" testListId="8c84fa94-04c1-424b-9868-57a2d4851a1d" relativeResultsDirectory="de794582-53ea-4e57-b39c-7af5b1f80128" />
    <UnitTestResult executionId="6f03559f-c457-467f-9d20-bb9f7c536c10" testId="f3055a75-27b3-beff-7ad6-e779eeda6b16" testName="Test.L0.Plugin.TestFilePublisher.TestFilePublisherLogPluginL0.TestFilePublisherLogPlugin_LogExceptionForFailures" computerName="ComputerName" duration="00:00:00.0172170" startTime="2024-05-08T09:40:51.2868839+02:00" endTime="2024-05-08T09:40:51.2868840+02:00" testType="13cdc9d9-ddb5-4fa4-a97d-d965ccfc6d4b" outcome="Passed" testListId="8c84fa94-04c1-424b-9868-57a2d4851a1d" relativeResultsDirectory="6f03559f-c457-467f-9d20-bb9f7c536c10" />
    <UnitTestResult executionId="d47d3b6d-ac11-411e-9896-ff2aa85f2688" testId="60872574-86ee-d43c-4f28-bb0403810895" testName="Microsoft.VisualStudio.Services.Agent.Tests.TestFileContainerProviderL0.TestGettingArtifactItemsWithMinimatchPattern(pttrn: [&quot;ArtifactForTest/File1.txt&quot;], count: 1, expectedPaths: [&quot;ArtifactForTest/File1.txt&quot;])" computerName="ComputerName" duration="00:00:00.0173715" startTime="2024-05-08T09:40:52.5197890+02:00" endTime="2024-05-08T09:40:52.5197891+02:00" testType="13cdc9d9-ddb5-4fa4-a97d-d965ccfc6d4b" outcome="Passed" testListId="8c84fa94-04c1-424b-9868-57a2d4851a1d" relativeResultsDirectory="d47d3b6d-ac11-411e-9896-ff2aa85f2688" />
    <UnitTestResult executionId="de21a04a-bcd1-4082-b8c7-437cbcbfd28e" testId="d2b56df5-3e3d-1cbc-2152-126ecf6ab077" testName="Microsoft.VisualStudio.Services.Agent.Tests.Worker.Build.TfsVCSourceProviderL0.InterpretsRecursive" computerName="ComputerName" duration="00:00:00.0056891" startTime="2024-05-08T09:40:53.8275186+02:00" endTime="2024-05-08T09:40:53.8275188+02:00" testType="13cdc9d9-ddb5-4fa4-a97d-d965ccfc6d4b" outcome="Passed" testListId="8c84fa94-04c1-424b-9868-57a2d4851a1d" relativeResultsDirectory="de21a04a-bcd1-4082-b8c7-437cbcbfd28e" />
    <UnitTestResult executionId="f1707d98-8be7-4844-82c5-df835724c18e" testId="cd3e4cd8-86d2-06ce-fad1-9767fc239845" testName="Microsoft.VisualStudio.Services.Agent.Tests.Worker.TestResults.NunitResultReaderTests.VerifyStartDateIsEmptyWhenStartTimeisUnavailablenunit3" computerName="ComputerName" duration="00:00:00.0472517" startTime="2024-05-08T09:40:53.0649270+02:00" endTime="2024-05-08T09:40:53.0649271+02:00" testType="13cdc9d9-ddb5-4fa4-a97d-d965ccfc6d4b" outcome="Passed" testListId="8c84fa94-04c1-424b-9868-57a2d4851a1d" relativeResultsDirectory="f1707d98-8be7-4844-82c5-df835724c18e" />
    <UnitTestResult executionId="71a96367-5c38-42c3-ad5e-8852e9f23c13" testId="58a13e13-3bda-840a-2350-a8c5e15612cf" testName="Test.L0.Worker.Handlers.CmdArgsSanitizerL0.SanitizeTest(inputArgs: &quot;; &amp; &gt; &lt; |&quot;, expectedArgs: &quot;_#removed#_ _#removed#_ _#removed#_ _#removed#_ _#&quot;...)" computerName="ComputerName" duration="00:00:00.0000206" startTime="2024-05-08T09:40:53.5637879+02:00" endTime="2024-05-08T09:40:53.5637880+02:00" testType="13cdc9d9-ddb5-4fa4-a97d-d965ccfc6d4b" outcome="Passed" testListId="8c84fa94-04c1-424b-9868-57a2d4851a1d" relativeResultsDirectory="71a96367-5c38-42c3-ad5e-8852e9f23c13" />
    <UnitTestResult executionId="42e9409e-3b34-4177-8ee2-2b6d30374e31" testId="10cb6c48-57f7-aa53-dd4d-8f0738a0e60e" testName="Microsoft.VisualStudio.Services.Agent.Tests.Worker.JobRunnerL0.UploadDiganosticLogIfEnvironmentVariableSetMSI" computerName="ComputerName" duration="00:00:00.0643002" startTime="2024-05-08T09:40:51.5731755+02:00" endTime="2024-05-08T09:40:51.5731756+02:00" testType="13cdc9d9-ddb5-4fa4-a97d-d965ccfc6d4b" outcome="Passed" testListId="8c84fa94-04c1-424b-9868-57a2d4851a1d" relativeResultsDirectory="42e9409e-3b34-4177-8ee2-2b6d30374e31" />
    <UnitTestResult executionId="76aaab9b-0345-41d6-baae-1423750b95f7" testId="1aa62662-2667-5fa1-70ae-34271f1c6b0d" testName="Microsoft.VisualStudio.Services.Agent.Tests.Worker.TestResults.NunitResultReaderTests.ResultsWithoutMandatoryFieldsAreSkipped" computerName="ComputerName" duration="00:00:00.0072363" startTime="2024-05-08T09:40:53.1441763+02:00" endTime="2024-05-08T09:40:53.1441764+02:00" testType="13cdc9d9-ddb5-4fa4-a97d-d965ccfc6d4b" outcome="Passed" testListId="8c84fa94-04c1-424b-9868-57a2d4851a1d" relativeResultsDirectory="76aaab9b-0345-41d6-baae-1423750b95f7" />
    <UnitTestResult executionId="1f91812e-6371-482b-b584-a21764d418fb" testId="1e809f7c-d80d-c13f-5b5f-dc09722d4b48" testName="Test.L0.Worker.Handlers.ProcessHandlerHelperL0.ArgsValidation_Passes(inputArgs: &quot;&quot;, envVarValue: &quot;&quot;)" computerName="ComputerName" duration="00:00:00.0001848" startTime="2024-05-08T09:40:51.1187466+02:00" endTime="2024-05-08T09:40:51.1187468+02:00" testType="13cdc9d9-ddb5-4fa4-a97d-d965ccfc6d4b" outcome="Passed" testListId="8c84fa94-04c1-424b-9868-57a2d4851a1d" relativeResultsDirectory="1f91812e-6371-482b-b584-a21764d418fb" />
    <UnitTestResult executionId="a7f8cdbb-9f80-4fc5-bb8e-22cd567a5f36" testId="25d06efa-b1db-0405-02b3-07af04673976" testName="Microsoft.VisualStudio.Services.Agent.Tests.Listener.PagingLoggerL0.CalculateLineNumbersWithoutCloseGroupTag" computerName="ComputerName" duration="00:00:00.5753779" startTime="2024-05-08T09:40:56.8228689+02:00" endTime="2024-05-08T09:40:56.8228694+02:00" testType="13cdc9d9-ddb5-4fa4-a97d-d965ccfc6d4b" outcome="Passed" testListId="8c84fa94-04c1-424b-9868-57a2d4851a1d" relativeResultsDirectory="a7f8cdbb-9f80-4fc5-bb8e-22cd567a5f36" />
    <UnitTestResult executionId="4a8365e8-2e5f-4d54-aacd-f7b79c178b08" testId="313ef4c0-2e4b-1a5f-33c5-ee8a18d23ede" testName="Microsoft.VisualStudio.Services.Agent.Tests.SecretMaskerL0.SecretMaskerTests_ReplacesMultipleAdjacentInstances" computerName="ComputerName" duration="00:00:00.0001726" startTime="2024-05-08T09:40:52.7158497+02:00" endTime="2024-05-08T09:40:52.7158499+02:00" testType="13cdc9d9-ddb5-4fa4-a97d-d965ccfc6d4b" outcome="Passed" testListId="8c84fa94-04c1-424b-9868-57a2d4851a1d" relativeResultsDirectory="4a8365e8-2e5f-4d54-aacd-f7b79c178b08" />
    <UnitTestResult executionId="417eec33-6b7b-48db-8434-f2702c3958fd" testId="40b0733f-a5c0-1f13-2ff6-e6d1c682866f" testName="Test.L0.Worker.Handlers.CmdArgsSanitizerL0.Telemetry_BasicTest(inputArgs: &quot;aA zZ 09;&quot;, expectedRemovedSymbolsCount: 1, expectedRemovedSymbols: [[;, 1]])" computerName="ComputerName" duration="00:00:00.0000927" startTime="2024-05-08T09:40:53.5779379+02:00" endTime="2024-05-08T09:40:53.5779380+02:00" testType="13cdc9d9-ddb5-4fa4-a97d-d965ccfc6d4b" outcome="Passed" testListId="8c84fa94-04c1-424b-9868-57a2d4851a1d" relativeResultsDirectory="417eec33-6b7b-48db-8434-f2702c3958fd" />
    <UnitTestResult executionId="44ee7e20-c24f-46b6-bd5a-c0fb1c7e9ecf" testId="6069f1fb-9fb0-4a18-d93e-19ebe41e3521" testName="Microsoft.VisualStudio.Services.Agent.Tests.Worker.Results.CTestResultReaderTests.VerifyLastTestCaseEndDateNotGreaterThanTestRunTotalTime" computerName="ComputerName" duration="00:00:00.0090008" startTime="2024-05-08T09:40:54.3856930+02:00" endTime="2024-05-08T09:40:54.3856932+02:00" testType="13cdc9d9-ddb5-4fa4-a97d-d965ccfc6d4b" outcome="Passed" testListId="8c84fa94-04c1-424b-9868-57a2d4851a1d" relativeResultsDirectory="44ee7e20-c24f-46b6-bd5a-c0fb1c7e9ecf" />
    <UnitTestResult executionId="98e6111f-75e2-4a6c-9c7d-3972ad39a122" testId="d36fdb8e-daed-cd13-a69e-bb2f2509b62d" testName="Microsoft.VisualStudio.Services.Agent.Tests.Worker.Release.TfsGitArtifactL0.ShouldThrowIfEndpointsDoNotContainTfsGitEndpoint" computerName="ComputerName" duration="00:00:00.0037993" startTime="2024-05-08T09:40:52.6420292+02:00" endTime="2024-05-08T09:40:52.6420293+02:00" testType="13cdc9d9-ddb5-4fa4-a97d-d965ccfc6d4b" outcome="Passed" testListId="8c84fa94-04c1-424b-9868-57a2d4851a1d" relativeResultsDirectory="98e6111f-75e2-4a6c-9c7d-3972ad39a122" />
    <UnitTestResult executionId="ebef7520-e785-44e3-a208-0b32eeacdc90" testId="75aee7c8-a7e7-4909-3f3e-2338e056c053" testName="Microsoft.VisualStudio.Services.Agent.Tests.Util.VssUtilL0.VerifyOverwriteVssConnectionSetting" computerName="ComputerName" duration="00:00:00.0058089" startTime="2024-05-08T09:40:53.1472087+02:00" endTime="2024-05-08T09:40:53.1472088+02:00" testType="13cdc9d9-ddb5-4fa4-a97d-d965ccfc6d4b" outcome="Passed" testListId="8c84fa94-04c1-424b-9868-57a2d4851a1d" relativeResultsDirectory="ebef7520-e785-44e3-a208-0b32eeacdc90" />
    <UnitTestResult executionId="6cf629bd-dea8-408a-ba0e-a2b313be1c1c" testId="2e4a02d7-5c2e-2e40-c0de-cb18b30d11aa" testName="Microsoft.VisualStudio.Services.Agent.Tests.Worker.TestResults.XUnitResultReaderTests.ResultsWithoutMandatoryFieldsAreSkipped" computerName="ComputerName" duration="00:00:00.0194703" startTime="2024-05-08T09:40:52.3729891+02:00" endTime="2024-05-08T09:40:52.3729892+02:00" testType="13cdc9d9-ddb5-4fa4-a97d-d965ccfc6d4b" outcome="Passed" testListId="8c84fa94-04c1-424b-9868-57a2d4851a1d" relativeResultsDirectory="6cf629bd-dea8-408a-ba0e-a2b313be1c1c" />
    <UnitTestResult executionId="da7bc1d9-356a-4da0-b47b-29f6b757b06f" testId="d3fde126-6b21-f905-429e-dcbe21e7b377" testName="Microsoft.VisualStudio.Services.Agent.Tests.Util.ArgUtilL0.Equal_ThrowsWhenObjectsAreNotEqual" computerName="ComputerName" duration="00:00:00.0042106" startTime="2024-05-08T09:40:54.9182944+02:00" endTime="2024-05-08T09:40:54.9182945+02:00" testType="13cdc9d9-ddb5-4fa4-a97d-d965ccfc6d4b" outcome="Passed" testListId="8c84fa94-04c1-424b-9868-57a2d4851a1d" relativeResultsDirectory="da7bc1d9-356a-4da0-b47b-29f6b757b06f" />
    <UnitTestResult executionId="98514b62-37b4-402b-88be-1f6d97d5bf4f" testId="85b077d1-2ff5-7cc4-0b93-6367b885dba0" testName="Test.L0.Plugin.TestFilePublisher.TestFilePublisherL0.TestFilePublisher_DontPublishWhenFileExceptionsAreThrown" computerName="ComputerName" duration="00:00:00.0054701" startTime="2024-05-08T09:40:55.6619705+02:00" endTime="2024-05-08T09:40:55.6619707+02:00" testType="13cdc9d9-ddb5-4fa4-a97d-d965ccfc6d4b" outcome="Passed" testListId="8c84fa94-04c1-424b-9868-57a2d4851a1d" relativeResultsDirectory="98514b62-37b4-402b-88be-1f6d97d5bf4f" />
    <UnitTestResult executionId="79629a66-461e-4b56-9186-28f5f79badb0" testId="2cc86024-f78f-4003-5713-de727cced124" testName="Microsoft.VisualStudio.Services.Agent.Tests.Worker.TestResults.JunitResultReaderTests.Junit_DtdProhibitedXmlShouldReturnNull" computerName="ComputerName" duration="00:00:00.0157916" startTime="2024-05-08T09:40:55.0730602+02:00" endTime="2024-05-08T09:40:55.0730627+02:00" testType="13cdc9d9-ddb5-4fa4-a97d-d965ccfc6d4b" outcome="Passed" testListId="8c84fa94-04c1-424b-9868-57a2d4851a1d" relativeResultsDirectory="79629a66-461e-4b56-9186-28f5f79badb0" />
    <UnitTestResult executionId="e6a3ab33-fcf0-46e4-b1c0-73d179d95428" testId="c4cc050c-dc82-755c-a3b7-c8a72cea9243" testName="Microsoft.VisualStudio.Services.Agent.Tests.Worker.TestResults.XUnitResultReaderTests.VerifyTestCaseStartDate" computerName="ComputerName" duration="00:00:00.0215629" startTime="2024-05-08T09:40:53.0347999+02:00" endTime="2024-05-08T09:40:53.0348000+02:00" testType="13cdc9d9-ddb5-4fa4-a97d-d965ccfc6d4b" outcome="Passed" testListId="8c84fa94-04c1-424b-9868-57a2d4851a1d" relativeResultsDirectory="e6a3ab33-fcf0-46e4-b1c0-73d179d95428" />
    <UnitTestResult executionId="47b00887-77a1-4789-868e-b0ff7c58b207" testId="d74ec0b7-d8d8-ec72-9bf1-7286d7cc1507" testName="Test.L0.Worker.PluginInternalUpdateRepositoryPathCommandL0.Execute_should_throw_appropriately" computerName="ComputerName" duration="00:00:00.0150280" startTime="2024-05-08T09:40:54.0847158+02:00" endTime="2024-05-08T09:40:54.0847159+02:00" testType="13cdc9d9-ddb5-4fa4-a97d-d965ccfc6d4b" outcome="Passed" testListId="8c84fa94-04c1-424b-9868-57a2d4851a1d" relativeResultsDirectory="47b00887-77a1-4789-868e-b0ff7c58b207" />
    <UnitTestResult executionId="70439431-9907-4a3d-8cbe-cd0db08a5c25" testId="a0b99aca-5bd9-80cf-f661-53513b9b303e" testName="Microsoft.VisualStudio.Services.Agent.Tests.HostContextL0.UrlSecretsAreMasked(input: &quot;https://user:pass@example.com/path&quot;, expected: &quot;https://user:***@example.com/path&quot;)" computerName="ComputerName" duration="00:00:00.0015665" startTime="2024-05-08T09:40:52.4756625+02:00" endTime="2024-05-08T09:40:52.4756626+02:00" testType="13cdc9d9-ddb5-4fa4-a97d-d965ccfc6d4b" outcome="Passed" testListId="8c84fa94-04c1-424b-9868-57a2d4851a1d" relativeResultsDirectory="70439431-9907-4a3d-8cbe-cd0db08a5c25" />
    <UnitTestResult executionId="fd3e43fb-283e-4d71-b847-8513a50764d2" testId="9177d70e-4335-49d1-cdf1-38740915363b" testName="Microsoft.VisualStudio.Services.Agent.Tests.Worker.StepsRunnerL0.SetsJobResultCorrectly" computerName="ComputerName" duration="00:00:00.1757424" startTime="2024-05-08T09:40:52.6007842+02:00" endTime="2024-05-08T09:40:52.6007844+02:00" testType="13cdc9d9-ddb5-4fa4-a97d-d965ccfc6d4b" outcome="Passed" testListId="8c84fa94-04c1-424b-9868-57a2d4851a1d" relativeResultsDirectory="fd3e43fb-283e-4d71-b847-8513a50764d2" />
    <UnitTestResult executionId="4b6fccfc-5c33-4c61-9fca-372c11ea8073" testId="d0be4f4b-f4aa-fa19-255a-89ad8fcd3729" testName="Microsoft.VisualStudio.Services.Agent.Tests.Worker.ExpressionManagerL0.FailedFunction" computerName="ComputerName" duration="00:00:00.0301556" startTime="2024-05-08T09:40:53.1065178+02:00" endTime="2024-05-08T09:40:53.1065179+02:00" testType="13cdc9d9-ddb5-4fa4-a97d-d965ccfc6d4b" outcome="Passed" testListId="8c84fa94-04c1-424b-9868-57a2d4851a1d" relativeResultsDirectory="4b6fccfc-5c33-4c61-9fca-372c11ea8073" />
    <UnitTestResult executionId="059f7b03-dd33-446b-bf0a-4cbc5e67aa71" testId="ae87f8f2-b881-5c1c-a18f-c580c69c6433" testName="Microsoft.VisualStudio.Services.Agent.Tests.Worker.TestResults.XUnitResultReaderTests.VerifyTestCaseCompletedDate" computerName="ComputerName" duration="00:00:00.0081772" startTime="2024-05-08T09:40:52.4453586+02:00" endTime="2024-05-08T09:40:52.4453589+02:00" testType="13cdc9d9-ddb5-4fa4-a97d-d965ccfc6d4b" outcome="Passed" testListId="8c84fa94-04c1-424b-9868-57a2d4851a1d" relativeResultsDirectory="059f7b03-dd33-446b-bf0a-4cbc5e67aa71" />
    <UnitTestResult executionId="0d066078-fa32-40b3-a5cb-815e3c76a9ab" testId="0298c3f7-f571-d33b-dc29-7d86124b7fe0" testName="Microsoft.VisualStudio.Services.Agent.Tests.CommandSettingsL0.DeploymentGroupTagsBackCompat" computerName="ComputerName" duration="00:00:00.0145201" startTime="2024-05-08T09:40:52.3164994+02:00" endTime="2024-05-08T09:40:52.3165003+02:00" testType="13cdc9d9-ddb5-4fa4-a97d-d965ccfc6d4b" outcome="Passed" testListId="8c84fa94-04c1-424b-9868-57a2d4851a1d" relativeResultsDirectory="0d066078-fa32-40b3-a5cb-815e3c76a9ab" />
    <UnitTestResult executionId="c1f42174-98bc-4b66-8dfa-015058f02e6a" testId="63d3699c-f8f5-6ccf-03a8-52aa2c41cac1" testName="Microsoft.VisualStudio.Services.Agent.Tests.CommandSettingsL0.GetsCommandRunWithoutRun" computerName="ComputerName" duration="00:00:00.0077118" startTime="2024-05-08T09:40:51.7685540+02:00" endTime="2024-05-08T09:40:51.7685541+02:00" testType="13cdc9d9-ddb5-4fa4-a97d-d965ccfc6d4b" outcome="Passed" testListId="8c84fa94-04c1-424b-9868-57a2d4851a1d" relativeResultsDirectory="c1f42174-98bc-4b66-8dfa-015058f02e6a" />
    <UnitTestResult executionId="b09fa93f-440f-44fd-b71c-5856cf041984" testId="e322a1b9-c248-7fd9-9980-0561a2970106" testName="Microsoft.VisualStudio.Services.Agent.Tests.Worker.TaskManagerL0.LoadsDefinition" computerName="ComputerName" duration="00:00:00.1280701" startTime="2024-05-08T09:40:55.5455353+02:00" endTime="2024-05-08T09:40:55.5455354+02:00" testType="13cdc9d9-ddb5-4fa4-a97d-d965ccfc6d4b" outcome="Passed" testListId="8c84fa94-04c1-424b-9868-57a2d4851a1d" relativeResultsDirectory="b09fa93f-440f-44fd-b71c-5856cf041984" />
    <UnitTestResult executionId="b054752e-fdc8-4e8a-b7f5-c4d2983db31a" testId="bf9de493-afd5-5695-6295-d746dcfaa9cd" testName="Microsoft.VisualStudio.Services.Agent.Tests.CommandSettingsL0.ValidateGoodCommandline" computerName="ComputerName" duration="00:00:00.0573575" startTime="2024-05-08T09:40:52.3124854+02:00" endTime="2024-05-08T09:40:52.3124856+02:00" testType="13cdc9d9-ddb5-4fa4-a97d-d965ccfc6d4b" outcome="Passed" testListId="8c84fa94-04c1-424b-9868-57a2d4851a1d" relativeResultsDirectory="b054752e-fdc8-4e8a-b7f5-c4d2983db31a" />
    <UnitTestResult executionId="d3fd0ca9-ed45-4d07-b43e-e96b0571c46f" testId="197ea55a-d85b-8d25-83f3-c3189d418c54" testName="Microsoft.VisualStudio.Services.Agent.Tests.Worker.JobExtensionL0.JobExtensionManagementScriptStepMSI" computerName="ComputerName" duration="00:00:00.0789049" startTime="2024-05-08T09:40:53.8291005+02:00" endTime="2024-05-08T09:40:53.8291006+02:00" testType="13cdc9d9-ddb5-4fa4-a97d-d965ccfc6d4b" outcome="Passed" testListId="8c84fa94-04c1-424b-9868-57a2d4851a1d" relativeResultsDirectory="d3fd0ca9-ed45-4d07-b43e-e96b0571c46f" />
    <UnitTestResult executionId="f9a5171d-cfe2-4df3-9f4c-b65be3cad2d6" testId="72388809-2454-2ab0-00a9-5d1b00d0d173" testName="Microsoft.VisualStudio.Services.Agent.Tests.Worker.TaskManagerL0.ReplacesMacrosAndPreventsInfiniteRecursion" computerName="ComputerName" duration="00:00:00.0061144" startTime="2024-05-08T09:40:55.8832334+02:00" endTime="2024-05-08T09:40:55.8832336+02:00" testType="13cdc9d9-ddb5-4fa4-a97d-d965ccfc6d4b" outcome="Passed" testListId="8c84fa94-04c1-424b-9868-57a2d4851a1d" relativeResultsDirectory="f9a5171d-cfe2-4df3-9f4c-b65be3cad2d6" />
    <UnitTestResult executionId="fd7143b6-6bd8-4fcb-bce2-aaabea033354" testId="cff59e22-20b2-18ca-a65e-fac7f79354b6" testName="Microsoft.VisualStudio.Services.Agent.Tests.Worker.Build.TrackingConfigL0.TrackingConfig_copy_legacy_ctor_should_fill_in_fields_correctly" computerName="ComputerName" duration="00:00:00.0129959" startTime="2024-05-08T09:40:52.3001419+02:00" endTime="2024-05-08T09:40:52.3001421+02:00" testType="13cdc9d9-ddb5-4fa4-a97d-d965ccfc6d4b" outcome="Passed" testListId="8c84fa94-04c1-424b-9868-57a2d4851a1d" relativeResultsDirectory="fd7143b6-6bd8-4fcb-bce2-aaabea033354" />
    <UnitTestResult executionId="0a3760dc-6c7f-4465-a224-564e4c400aeb" testId="61707ed7-8e66-66a4-b75b-9fbdde682922" testName="Microsoft.VisualStudio.Services.Agent.Tests.Worker.JobExtensionL0.JobExtensionManagementScriptStep" computerName="ComputerName" duration="00:00:00.1112941" startTime="2024-05-08T09:40:53.7593760+02:00" endTime="2024-05-08T09:40:53.7593761+02:00" testType="13cdc9d9-ddb5-4fa4-a97d-d965ccfc6d4b" outcome="Passed" testListId="8c84fa94-04c1-424b-9868-57a2d4851a1d" relativeResultsDirectory="0a3760dc-6c7f-4465-a224-564e4c400aeb" />
    <UnitTestResult executionId="d7993671-dbdb-4cb2-b145-743b7f41bffa" testId="c5a06037-eab6-edac-851c-a30526e41ed7" testName="Test.L0.Plugin.TestResultParser.TestRunManagerL0.TestRunManager_PublishTestRun_TestRunIsNotValid" computerName="ComputerName" duration="00:00:00.0106742" startTime="2024-05-08T09:40:51.4652438+02:00" endTime="2024-05-08T09:40:51.4652439+02:00" testType="13cdc9d9-ddb5-4fa4-a97d-d965ccfc6d4b" outcome="Passed" testListId="8c84fa94-04c1-424b-9868-57a2d4851a1d" relativeResultsDirectory="d7993671-dbdb-4cb2-b145-743b7f41bffa" />
    <UnitTestResult executionId="f9b4afc6-a111-4aba-a132-380dcdcdcdc9" testId="bdc08160-26af-8a03-3d54-f24d85bdb6fa" testName="Microsoft.VisualStudio.Services.Agent.Tests.PipelineCache.FingerprintCreatorTests.Fingerprint_FileRelative" computerName="ComputerName" duration="00:00:00.1981644" startTime="2024-05-08T09:40:53.8499346+02:00" endTime="2024-05-08T09:40:53.8499347+02:00" testType="13cdc9d9-ddb5-4fa4-a97d-d965ccfc6d4b" outcome="Passed" testListId="8c84fa94-04c1-424b-9868-57a2d4851a1d" relativeResultsDirectory="f9b4afc6-a111-4aba-a132-380dcdcdcdc9" />
    <UnitTestResult executionId="9a9bc748-625e-4f5e-ab5a-4490d6e2f6dc" testId="4ba9306c-e5c1-78fa-7557-13deb492fa13" testName="Microsoft.VisualStudio.Services.Agent.Tests.Worker.WorkerL0.VerifyJobRequestMessagePiiDataIsScrubbed" computerName="ComputerName" duration="00:00:00.0046236" startTime="2024-05-08T09:40:53.6920010+02:00" endTime="2024-05-08T09:40:53.6920011+02:00" testType="13cdc9d9-ddb5-4fa4-a97d-d965ccfc6d4b" outcome="Passed" testListId="8c84fa94-04c1-424b-9868-57a2d4851a1d" relativeResultsDirectory="9a9bc748-625e-4f5e-ab5a-4490d6e2f6dc" />
    <UnitTestResult executionId="c8019afc-2d94-4ef3-9eeb-f46d8b6be193" testId="cf0365fa-8d4f-198a-8176-19db21f3fead" testName="Microsoft.VisualStudio.Services.Agent.Tests.SecretMaskerL0.IsUserInfoWithEncodedCharactersdInNameMaskedCorrectly" computerName="ComputerName" duration="00:00:00.0095844" startTime="2024-05-08T09:40:52.6180515+02:00" endTime="2024-05-08T09:40:52.6180516+02:00" testType="13cdc9d9-ddb5-4fa4-a97d-d965ccfc6d4b" outcome="Passed" testListId="8c84fa94-04c1-424b-9868-57a2d4851a1d" relativeResultsDirectory="c8019afc-2d94-4ef3-9eeb-f46d8b6be193" />
    <UnitTestResult executionId="8500b843-614f-4a34-8535-00ccd7519928" testId="4186eeb2-0be9-9bf7-f8cb-ea9d134621df" testName="Test.L0.Listener.Configuration.NativeWindowsServiceHelperL0.EnsureIsManagedServiceAccount_TrueForManagedAccount" computerName="ComputerName" duration="00:00:00.0238840" startTime="2024-05-08T09:40:51.8392240+02:00" endTime="2024-05-08T09:40:51.8392241+02:00" testType="13cdc9d9-ddb5-4fa4-a97d-d965ccfc6d4b" outcome="Passed" testListId="8c84fa94-04c1-424b-9868-57a2d4851a1d" relativeResultsDirectory="8500b843-614f-4a34-8535-00ccd7519928" />
    <UnitTestResult executionId="76d29add-fb7c-44a1-bb9e-5c8fd3347d62" testId="e94ce787-2531-86e8-e50e-7b2ab774bec2" testName="Microsoft.VisualStudio.Services.Agent.Tests.Listener.PipelineParserL0.PowerShellStep" computerName="ComputerName" duration="00:00:00.0047318" startTime="2024-05-08T09:40:54.3417119+02:00" endTime="2024-05-08T09:40:54.3417120+02:00" testType="13cdc9d9-ddb5-4fa4-a97d-d965ccfc6d4b" outcome="Passed" testListId="8c84fa94-04c1-424b-9868-57a2d4851a1d" relativeResultsDirectory="76d29add-fb7c-44a1-bb9e-5c8fd3347d62" />
    <UnitTestResult executionId="ca8b598e-a765-41a7-8dd8-64c827ba19f0" testId="e0c68366-7f2a-9913-521c-ffb1d7e94915" testName="Microsoft.VisualStudio.Services.Agent.Tests.Util.RepositoryUtilL0.GetRepository_should_return_correct_value_when_called" computerName="ComputerName" duration="00:00:00.0204868" startTime="2024-05-08T09:40:51.0012764+02:00" endTime="2024-05-08T09:40:51.0012766+02:00" testType="13cdc9d9-ddb5-4fa4-a97d-d965ccfc6d4b" outcome="Passed" testListId="8c84fa94-04c1-424b-9868-57a2d4851a1d" relativeResultsDirectory="ca8b598e-a765-41a7-8dd8-64c827ba19f0" />
    <UnitTestResult executionId="6f877876-3bb6-42cd-adb9-da321aa4954f" testId="e876492b-c1e6-5df4-2cb4-10c5402e5459" testName="Microsoft.VisualStudio.Services.Agent.Tests.Worker.Results.CTestResultReaderTests.VerifyTestRunTimeIsSetToZeroIfDurationIsNegative" computerName="ComputerName" duration="00:00:00.0351668" startTime="2024-05-08T09:40:54.2612481+02:00" endTime="2024-05-08T09:40:54.2612482+02:00" testType="13cdc9d9-ddb5-4fa4-a97d-d965ccfc6d4b" outcome="Passed" testListId="8c84fa94-04c1-424b-9868-57a2d4851a1d" relativeResultsDirectory="6f877876-3bb6-42cd-adb9-da321aa4954f" />
    <UnitTestResult executionId="eed0109e-9842-4529-8ef3-973c5053383a" testId="2229e9da-aa70-6020-af21-da7b7d157d78" testName="Microsoft.VisualStudio.Services.Agent.Tests.TestFileShareProviderL0.TestDownloadArtifactAsyncWithMinimatchPattern" computerName="ComputerName" duration="00:00:00.1289517" startTime="2024-05-08T09:40:55.6403598+02:00" endTime="2024-05-08T09:40:55.6403599+02:00" testType="13cdc9d9-ddb5-4fa4-a97d-d965ccfc6d4b" outcome="Passed" testListId="8c84fa94-04c1-424b-9868-57a2d4851a1d" relativeResultsDirectory="eed0109e-9842-4529-8ef3-973c5053383a" />
    <UnitTestResult executionId="ac8fce35-7921-43e3-be0d-2d0b6553a665" testId="05b9a7d5-63a4-2078-f2e6-4dfb44422a2b" testName="Microsoft.VisualStudio.Services.Agent.Tests.Worker.TestResults.TrxReaderTests.VerifyRunTypeIsSet" computerName="ComputerName" duration="00:00:00.0535912" startTime="2024-05-08T09:40:55.1276217+02:00" endTime="2024-05-08T09:40:55.1276218+02:00" testType="13cdc9d9-ddb5-4fa4-a97d-d965ccfc6d4b" outcome="Passed" testListId="8c84fa94-04c1-424b-9868-57a2d4851a1d" relativeResultsDirectory="ac8fce35-7921-43e3-be0d-2d0b6553a665" />
    <UnitTestResult executionId="7b3bd36e-7b17-4a09-a114-de9d77ca38c8" testId="7a79a2ec-f06b-932a-d725-dded02f6c9ce" testName="Microsoft.VisualStudio.Services.Agent.Tests.Plugin.RepositoryPluginL0.RepositoryPlugin_CleanupTask_MergesCheckoutOptions" computerName="ComputerName" duration="00:00:00.0160163" startTime="2024-05-08T09:40:52.3435596+02:00" endTime="2024-05-08T09:40:52.3435598+02:00" testType="13cdc9d9-ddb5-4fa4-a97d-d965ccfc6d4b" outcome="Passed" testListId="8c84fa94-04c1-424b-9868-57a2d4851a1d" relativeResultsDirectory="7b3bd36e-7b17-4a09-a114-de9d77ca38c8" />
    <UnitTestResult executionId="d66d45ed-87c1-44c5-b324-d53728fd79aa" testId="b21002f7-871a-4ac8-e7a0-81290fa4fe4a" testName="Microsoft.VisualStudio.Services.Agent.Tests.Worker.TestResults.XUnitResultReaderTests.VerifyRunTypeIsSet" computerName="ComputerName" duration="00:00:00.0151566" startTime="2024-05-08T09:40:52.3814044+02:00" endTime="2024-05-08T09:40:52.3814045+02:00" testType="13cdc9d9-ddb5-4fa4-a97d-d965ccfc6d4b" outcome="Passed" testListId="8c84fa94-04c1-424b-9868-57a2d4851a1d" relativeResultsDirectory="d66d45ed-87c1-44c5-b324-d53728fd79aa" />
    <UnitTestResult executionId="34615a3a-0919-48c2-9397-0fd91f557b00" testId="e80fb3a9-035c-f635-b5fc-e42f4761c91a" testName="Microsoft.VisualStudio.Services.Agent.Tests.Util.UrlUtilL0.GetCredentialEmbeddedUrl_HasUsernameAndPassword" computerName="ComputerName" duration="00:00:00.0001699" startTime="2024-05-08T09:40:51.0802565+02:00" endTime="2024-05-08T09:40:51.0802568+02:00" testType="13cdc9d9-ddb5-4fa4-a97d-d965ccfc6d4b" outcome="Passed" testListId="8c84fa94-04c1-424b-9868-57a2d4851a1d" relativeResultsDirectory="34615a3a-0919-48c2-9397-0fd91f557b00" />
    <UnitTestResult executionId="74aea7b5-baa0-4c63-aab5-91496c08dc68" testId="8372c3a2-7d93-c729-3cb8-e8898e4c12b7" testName="Microsoft.VisualStudio.Services.Agent.Tests.Worker.TestResults.JunitResultReaderTests.VerifyTestRunContextOwnerShouldNotBeUsedForTestCaseOwner" computerName="ComputerName" duration="00:00:00.0068134" startTime="2024-05-08T09:40:55.4129704+02:00" endTime="2024-05-08T09:40:55.4129705+02:00" testType="13cdc9d9-ddb5-4fa4-a97d-d965ccfc6d4b" outcome="Passed" testListId="8c84fa94-04c1-424b-9868-57a2d4851a1d" relativeResultsDirectory="74aea7b5-baa0-4c63-aab5-91496c08dc68" />
    <UnitTestResult executionId="166a0280-7dab-45e6-93c2-28a898d6b936" testId="2dd722b9-ae57-d444-3d57-d4f10f2eb769" testName="Microsoft.VisualStudio.Services.Agent.Tests.PipelineCache.FingerprintCreatorTests.Fingerprint_ExcludeExactMatches" computerName="ComputerName" duration="00:00:00.0709477" startTime="2024-05-08T09:40:53.6946765+02:00" endTime="2024-05-08T09:40:53.6946766+02:00" testType="13cdc9d9-ddb5-4fa4-a97d-d965ccfc6d4b" outcome="Passed" testListId="8c84fa94-04c1-424b-9868-57a2d4851a1d" relativeResultsDirectory="166a0280-7dab-45e6-93c2-28a898d6b936" />
    <UnitTestResult executionId="3c5ad175-2109-4e4c-a5b8-6a7c4a057af8" testId="8496706c-1a6e-fd34-9c07-c0bab620ff17" testName="Test.L0.Worker.Handlers.ProcessHandlerL0.ProcessHandlerV2_FileExecution" computerName="ComputerName" duration="00:00:00.4584525" startTime="2024-05-08T09:40:56.1427099+02:00" endTime="2024-05-08T09:40:56.1427100+02:00" testType="13cdc9d9-ddb5-4fa4-a97d-d965ccfc6d4b" outcome="Passed" testListId="8c84fa94-04c1-424b-9868-57a2d4851a1d" relativeResultsDirectory="3c5ad175-2109-4e4c-a5b8-6a7c4a057af8" />
    <UnitTestResult executionId="752d2de3-68c4-4f43-8113-3950f08f85a1" testId="7cd7d033-5638-97de-eef7-d649b18ecf89" testName="Microsoft.VisualStudio.Services.Agent.Tests.CommandSettingsL0.GetsArgFromEnvVar" computerName="ComputerName" duration="00:00:00.0228838" startTime="2024-05-08T09:40:51.4867900+02:00" endTime="2024-05-08T09:40:51.4867901+02:00" testType="13cdc9d9-ddb5-4fa4-a97d-d965ccfc6d4b" outcome="Passed" testListId="8c84fa94-04c1-424b-9868-57a2d4851a1d" relativeResultsDirectory="752d2de3-68c4-4f43-8113-3950f08f85a1" />
    <UnitTestResult executionId="13afd312-29cc-410c-b7db-4b9bfddad8dd" testId="01477433-2374-1599-8c70-96a53ae6bc61" testName="Microsoft.VisualStudio.Services.Agent.Tests.Worker.TestResults.TestRunPublisherTests.AddResultsWithMultiHierarchySubResultsExceedMaxLevel" computerName="ComputerName" duration="00:00:00.0232880" startTime="2024-05-08T09:40:52.9814664+02:00" endTime="2024-05-08T09:40:52.9814665+02:00" testType="13cdc9d9-ddb5-4fa4-a97d-d965ccfc6d4b" outcome="Passed" testListId="8c84fa94-04c1-424b-9868-57a2d4851a1d" relativeResultsDirectory="13afd312-29cc-410c-b7db-4b9bfddad8dd" />
    <UnitTestResult executionId="2f3dd470-5d52-4612-8c7e-cd586ab30e5b" testId="ffd7348a-1894-bbdb-a4a7-03b5b94151a0" testName="Microsoft.VisualStudio.Services.Agent.Tests.Worker.CodeCoverage.CodeCoverageCommandExtensionTests.Publish_WithIndexHtmFileinReportDirectory" computerName="ComputerName" duration="00:00:00.1042475" startTime="2024-05-08T09:40:52.8016687+02:00" endTime="2024-05-08T09:40:52.8016688+02:00" testType="13cdc9d9-ddb5-4fa4-a97d-d965ccfc6d4b" outcome="Passed" testListId="8c84fa94-04c1-424b-9868-57a2d4851a1d" relativeResultsDirectory="2f3dd470-5d52-4612-8c7e-cd586ab30e5b" />
    <UnitTestResult executionId="b2f6b14b-a1ff-40b9-8406-ef6814f71596" testId="c7f80ee4-2a1f-4369-c29e-f36bc665d63b" testName="Microsoft.VisualStudio.Services.Agent.Tests.Worker.Build.TrackingManagerL0.MergeTrackingConfig_EmptySourcesDirectoryOfPreviousConfig" computerName="ComputerName" duration="00:00:00.0035504" startTime="2024-05-08T09:40:53.8805889+02:00" endTime="2024-05-08T09:40:53.8805915+02:00" testType="13cdc9d9-ddb5-4fa4-a97d-d965ccfc6d4b" outcome="Passed" testListId="8c84fa94-04c1-424b-9868-57a2d4851a1d" relativeResultsDirectory="b2f6b14b-a1ff-40b9-8406-ef6814f71596" />
    <UnitTestResult executionId="867b2322-ae54-44fc-9c3d-9cfc87f63293" testId="dff6063f-4e58-855f-ab22-c7697bdbab6e" testName="Microsoft.VisualStudio.Services.Agent.Tests.Util.UrlUtilL0.GetCredentialEmbeddedUrl_NoUsername" computerName="ComputerName" duration="00:00:00.0002618" startTime="2024-05-08T09:40:51.0789429+02:00" endTime="2024-05-08T09:40:51.0789430+02:00" testType="13cdc9d9-ddb5-4fa4-a97d-d965ccfc6d4b" outcome="Passed" testListId="8c84fa94-04c1-424b-9868-57a2d4851a1d" relativeResultsDirectory="867b2322-ae54-44fc-9c3d-9cfc87f63293" />
    <UnitTestResult executionId="0a4b8c4f-b111-4e3a-ad27-3158bc08d14c" testId="37770e9e-76d1-d8b1-6582-4ad662116c16" testName="Microsoft.VisualStudio.Services.Agent.Tests.Worker.Build.TfsVCSourceProviderL0.NormalizesRootSingleLevelServerPath" computerName="ComputerName" duration="00:00:00.0066647" startTime="2024-05-08T09:40:53.8259814+02:00" endTime="2024-05-08T09:40:53.8259815+02:00" testType="13cdc9d9-ddb5-4fa4-a97d-d965ccfc6d4b" outcome="Passed" testListId="8c84fa94-04c1-424b-9868-57a2d4851a1d" relativeResultsDirectory="0a4b8c4f-b111-4e3a-ad27-3158bc08d14c" />
    <UnitTestResult executionId="d2ffa8c9-4723-4694-ac56-8703adada589" testId="c696ee4c-c475-33f6-a705-ad3092709bd9" testName="Microsoft.VisualStudio.Services.Agent.Tests.Util.RepositoryUtilL0.GetCloneDirectory_REPO_should_return_proper_value_when_called" computerName="ComputerName" duration="00:00:00.0065877" startTime="2024-05-08T09:40:51.0336659+02:00" endTime="2024-05-08T09:40:51.0336660+02:00" testType="13cdc9d9-ddb5-4fa4-a97d-d965ccfc6d4b" outcome="Passed" testListId="8c84fa94-04c1-424b-9868-57a2d4851a1d" relativeResultsDirectory="d2ffa8c9-4723-4694-ac56-8703adada589" />
    <UnitTestResult executionId="76a26a03-6622-4f75-bc9b-24c04712083a" testId="9257a2bf-a565-a104-d661-0c8b1061981a" testName="Microsoft.VisualStudio.Services.Agent.Tests.Listener.PipelineParserL0.MaxObjectDepth_Sequence" computerName="ComputerName" duration="00:00:00.0470320" startTime="2024-05-08T09:40:54.2559050+02:00" endTime="2024-05-08T09:40:54.2559050+02:00" testType="13cdc9d9-ddb5-4fa4-a97d-d965ccfc6d4b" outcome="Passed" testListId="8c84fa94-04c1-424b-9868-57a2d4851a1d" relativeResultsDirectory="76a26a03-6622-4f75-bc9b-24c04712083a" />
    <UnitTestResult executionId="a459a51d-8200-4d92-a8f3-f6e37d138f3f" testId="7da36bd1-5c8e-56c8-ca11-36e22facbb07" testName="Microsoft.VisualStudio.Services.Agent.Tests.Worker.VariablesL0.IsReadOnly_ReturnsFalseForUnsetVariables" computerName="ComputerName" duration="00:00:00.0050546" startTime="2024-05-08T09:40:51.2565143+02:00" endTime="2024-05-08T09:40:51.2565145+02:00" testType="13cdc9d9-ddb5-4fa4-a97d-d965ccfc6d4b" outcome="Passed" testListId="8c84fa94-04c1-424b-9868-57a2d4851a1d" relativeResultsDirectory="a459a51d-8200-4d92-a8f3-f6e37d138f3f" />
    <UnitTestResult executionId="40fdcdb1-dfb2-442a-b325-6d3866fe3860" testId="13348d74-5c3b-87dd-afe8-f5ed8a70ba71" testName="Microsoft.VisualStudio.Services.Agent.Tests.Worker.Build.GitSourceProviderL0.GetSourceReCloneOnUrlNotMatch" computerName="ComputerName" duration="00:00:00.0767717" startTime="2024-05-08T09:40:52.0530260+02:00" endTime="2024-05-08T09:40:52.0530264+02:00" testType="13cdc9d9-ddb5-4fa4-a97d-d965ccfc6d4b" outcome="Passed" testListId="8c84fa94-04c1-424b-9868-57a2d4851a1d" relativeResultsDirectory="40fdcdb1-dfb2-442a-b325-6d3866fe3860" />
    <UnitTestResult executionId="e290eea6-df76-496b-9a6b-a02d1fb7a049" testId="bd9c4a8d-ef06-c7d6-20cc-5f3564c97beb" testName="Microsoft.VisualStudio.Services.Agent.Tests.PipelineCache.MatchingTests.ExcludeSingleFile" computerName="ComputerName" duration="00:00:00.0297214" startTime="2024-05-08T09:40:53.1906720+02:00" endTime="2024-05-08T09:40:53.1906721+02:00" testType="13cdc9d9-ddb5-4fa4-a97d-d965ccfc6d4b" outcome="Passed" testListId="8c84fa94-04c1-424b-9868-57a2d4851a1d" relativeResultsDirectory="e290eea6-df76-496b-9a6b-a02d1fb7a049" />
    <UnitTestResult executionId="37a0ea3a-f7cb-46c4-8016-e084da38c3ff" testId="4f5d50fe-e053-ac91-0b52-357cec0bcc76" testName="Microsoft.VisualStudio.Services.Agent.Tests.Worker.TestResults.ParserTests.PublishBasicNestedJUnitResults" computerName="ComputerName" duration="00:00:00.0216068" startTime="2024-05-08T09:40:51.4660960+02:00" endTime="2024-05-08T09:40:51.4660961+02:00" testType="13cdc9d9-ddb5-4fa4-a97d-d965ccfc6d4b" outcome="Passed" testListId="8c84fa94-04c1-424b-9868-57a2d4851a1d" relativeResultsDirectory="37a0ea3a-f7cb-46c4-8016-e084da38c3ff" />
    <UnitTestResult executionId="149405a9-6f59-4c63-895f-cf3eb509eaf1" testId="8dcb811d-41b0-bf38-438d-e34e4a5cf950" testName="Microsoft.VisualStudio.Services.Agent.Tests.Util.IOUtilL0.DeleteDirectory_DeletesFilesRecursively" computerName="ComputerName" duration="00:00:00.0060834" startTime="2024-05-08T09:41:04.8112171+02:00" endTime="2024-05-08T09:41:04.8112176+02:00" testType="13cdc9d9-ddb5-4fa4-a97d-d965ccfc6d4b" outcome="Passed" testListId="8c84fa94-04c1-424b-9868-57a2d4851a1d" relativeResultsDirectory="149405a9-6f59-4c63-895f-cf3eb509eaf1" />
    <UnitTestResult executionId="e9a89252-15e7-4912-817d-6be408b6b0b2" testId="4f7d2b80-8182-9899-5fde-10cb2b2e2d47" testName="Microsoft.VisualStudio.Services.Agent.Tests.PipelineCache.FingerprintCreatorTests.ParseMultilineKeyAsOld" computerName="ComputerName" duration="00:00:00.0151196" startTime="2024-05-08T09:40:53.5944559+02:00" endTime="2024-05-08T09:40:53.5944560+02:00" testType="13cdc9d9-ddb5-4fa4-a97d-d965ccfc6d4b" outcome="Passed" testListId="8c84fa94-04c1-424b-9868-57a2d4851a1d" relativeResultsDirectory="e9a89252-15e7-4912-817d-6be408b6b0b2" />
    <UnitTestResult executionId="1d58ef3a-3351-43f3-997e-225524eba1ac" testId="60f84710-11e4-66c1-caec-2c5262904ef3" testName="Microsoft.VisualStudio.Services.Agent.Tests.CommandSettingsL0.GetsCommandDiagnostics" computerName="ComputerName" duration="00:00:00.0043245" startTime="2024-05-08T09:40:51.6367009+02:00" endTime="2024-05-08T09:40:51.6367009+02:00" testType="13cdc9d9-ddb5-4fa4-a97d-d965ccfc6d4b" outcome="Passed" testListId="8c84fa94-04c1-424b-9868-57a2d4851a1d" relativeResultsDirectory="1d58ef3a-3351-43f3-997e-225524eba1ac" />
    <UnitTestResult executionId="00092e72-bbaf-41a4-9ab4-14abd05ab8e3" testId="a548da95-a768-a015-f9d3-aa6a3e1d73ef" testName="Microsoft.VisualStudio.Services.Agent.Tests.Worker.Build.BuildJobExtensionL0.CheckSingleRepoWithoutPathInput" computerName="ComputerName" duration="00:00:00.0274633" startTime="2024-05-08T09:40:54.2657963+02:00" endTime="2024-05-08T09:40:54.2657964+02:00" testType="13cdc9d9-ddb5-4fa4-a97d-d965ccfc6d4b" outcome="Passed" testListId="8c84fa94-04c1-424b-9868-57a2d4851a1d" relativeResultsDirectory="00092e72-bbaf-41a4-9ab4-14abd05ab8e3" />
    <UnitTestResult executionId="ad32bd2c-59d4-48e0-9f07-7def48776df7" testId="c51fde7e-7ff1-e73b-a14a-be7e7da044ee" testName="Microsoft.VisualStudio.Services.Agent.Tests.SecretMaskerL0.SecretMaskerTests_MinLengthSetThroughProperty" computerName="ComputerName" duration="00:00:00.0004621" startTime="2024-05-08T09:40:52.5648420+02:00" endTime="2024-05-08T09:40:52.5648422+02:00" testType="13cdc9d9-ddb5-4fa4-a97d-d965ccfc6d4b" outcome="Passed" testListId="8c84fa94-04c1-424b-9868-57a2d4851a1d" relativeResultsDirectory="ad32bd2c-59d4-48e0-9f07-7def48776df7" />
    <UnitTestResult executionId="2af3a684-bdb4-49ed-b243-7a2827a6466f" testId="4d67036a-eabc-3476-0cb0-2d83e2a0392e" testName="Microsoft.VisualStudio.Services.Agent.Tests.Listener.PipelineParserL0.CheckoutStep_RepoDefined" computerName="ComputerName" duration="00:00:00.0357564" startTime="2024-05-08T09:40:54.2930813+02:00" endTime="2024-05-08T09:40:54.2930814+02:00" testType="13cdc9d9-ddb5-4fa4-a97d-d965ccfc6d4b" outcome="Passed" testListId="8c84fa94-04c1-424b-9868-57a2d4851a1d" relativeResultsDirectory="2af3a684-bdb4-49ed-b243-7a2827a6466f" />
    <UnitTestResult executionId="bf398bf5-b547-44ba-8eeb-b2cd448bc008" testId="ccb30879-1346-d178-d14c-45ed17f39452" testName="Microsoft.VisualStudio.Services.Agent.Tests.Worker.JobExtensionL0.JobExtensionIntraTaskStateMSI" computerName="ComputerName" duration="00:00:00.0899841" startTime="2024-05-08T09:40:53.9689514+02:00" endTime="2024-05-08T09:40:53.9689515+02:00" testType="13cdc9d9-ddb5-4fa4-a97d-d965ccfc6d4b" outcome="Passed" testListId="8c84fa94-04c1-424b-9868-57a2d4851a1d" relativeResultsDirectory="bf398bf5-b547-44ba-8eeb-b2cd448bc008" />
    <UnitTestResult executionId="a58d3977-86e3-4c03-b93e-ef0916eed0b3" testId="e303ce3e-ecac-0140-6f74-7122eaf9fcc9" testName="Microsoft.VisualStudio.Services.Agent.Tests.CommandSettingsL0.PromptsForAgent" computerName="ComputerName" duration="00:00:00.0091908" startTime="2024-05-08T09:40:51.8853478+02:00" endTime="2024-05-08T09:40:51.8853479+02:00" testType="13cdc9d9-ddb5-4fa4-a97d-d965ccfc6d4b" outcome="Passed" testListId="8c84fa94-04c1-424b-9868-57a2d4851a1d" relativeResultsDirectory="a58d3977-86e3-4c03-b93e-ef0916eed0b3" />
    <UnitTestResult executionId="4d9bcdab-b4ae-4374-ac27-c5c383f3baf2" testId="0db62437-c0c9-bf71-fa32-95eb156189cd" testName="Microsoft.VisualStudio.Services.Agent.Tests.Worker.Build.TrackingManagerL0.MergeTrackingConfig_EmptyRepositoryTypeOfPreviousConfig" computerName="ComputerName" duration="00:00:00.0040523" startTime="2024-05-08T09:40:54.7997318+02:00" endTime="2024-05-08T09:40:54.7997320+02:00" testType="13cdc9d9-ddb5-4fa4-a97d-d965ccfc6d4b" outcome="Passed" testListId="8c84fa94-04c1-424b-9868-57a2d4851a1d" relativeResultsDirectory="4d9bcdab-b4ae-4374-ac27-c5c383f3baf2" />
    <UnitTestResult executionId="79182634-4c82-41c4-b04d-d7b124976de2" testId="950aae1c-0ad0-9165-2b37-8529ebafb9f7" testName="Microsoft.VisualStudio.Services.Agent.Tests.Worker.TaskRunnerL0.GetHandlerContainerTargetTests" computerName="ComputerName" duration="00:00:00.0448774" startTime="2024-05-08T09:40:53.1298100+02:00" endTime="2024-05-08T09:40:53.1298102+02:00" testType="13cdc9d9-ddb5-4fa4-a97d-d965ccfc6d4b" outcome="Passed" testListId="8c84fa94-04c1-424b-9868-57a2d4851a1d" relativeResultsDirectory="79182634-4c82-41c4-b04d-d7b124976de2" />
    <UnitTestResult executionId="1a3b6119-d39b-4bd2-9251-b33e06488764" testId="2340a011-3e89-db0a-8ead-8a909fd17dcc" testName="Microsoft.VisualStudio.Services.Agent.Tests.Worker.TestResults.NunitResultReaderTests.PublishNUnit3ResultsShouldConsiderTestSuiteLevelAttachments" computerName="ComputerName" duration="00:00:00.0166682" startTime="2024-05-08T09:40:53.0799978+02:00" endTime="2024-05-08T09:40:53.0799979+02:00" testType="13cdc9d9-ddb5-4fa4-a97d-d965ccfc6d4b" outcome="Passed" testListId="8c84fa94-04c1-424b-9868-57a2d4851a1d" relativeResultsDirectory="1a3b6119-d39b-4bd2-9251-b33e06488764" />
    <UnitTestResult executionId="7948ecf2-f9c9-4fee-a9b7-e1a62f830d9f" testId="c435a49b-4a2e-9a0f-44b5-b675a60746bd" testName="Microsoft.VisualStudio.Services.Agent.Tests.ProcessExtensionL0.SuccessReadProcessEnv" computerName="ComputerName" duration="00:00:00.2073789" startTime="2024-05-08T09:40:53.4699124+02:00" endTime="2024-05-08T09:40:53.4699125+02:00" testType="13cdc9d9-ddb5-4fa4-a97d-d965ccfc6d4b" outcome="Passed" testListId="8c84fa94-04c1-424b-9868-57a2d4851a1d" relativeResultsDirectory="7948ecf2-f9c9-4fee-a9b7-e1a62f830d9f" />
    <UnitTestResult executionId="91c777be-031f-4812-88db-000d1a94ac84" testId="7bceea39-4544-e593-f888-fe1122944dcc" testName="Microsoft.VisualStudio.Services.Agent.Tests.CommandSettingsL0.PromptsForWindowsLogonAccount" computerName="ComputerName" duration="00:00:00.0292892" startTime="2024-05-08T09:40:51.5779071+02:00" endTime="2024-05-08T09:40:51.5779072+02:00" testType="13cdc9d9-ddb5-4fa4-a97d-d965ccfc6d4b" outcome="Passed" testListId="8c84fa94-04c1-424b-9868-57a2d4851a1d" relativeResultsDirectory="91c777be-031f-4812-88db-000d1a94ac84" />
    <UnitTestResult executionId="5045b630-16f2-469e-a9a9-27a71ee58580" testId="22d4da06-0793-f480-6561-ce32c1acb6b4" testName="Microsoft.VisualStudio.Services.Agent.Tests.Worker.VariablesL0.Constructor_DetectsExcessiveDepth" computerName="ComputerName" duration="00:00:00.2859311" startTime="2024-05-08T09:40:51.5763213+02:00" endTime="2024-05-08T09:40:51.5763215+02:00" testType="13cdc9d9-ddb5-4fa4-a97d-d965ccfc6d4b" outcome="Passed" testListId="8c84fa94-04c1-424b-9868-57a2d4851a1d" relativeResultsDirectory="5045b630-16f2-469e-a9a9-27a71ee58580" />
    <UnitTestResult executionId="3d88304e-069b-4d36-b155-9f85cc178a8f" testId="069edd28-1132-0bbe-1658-c82c63615ff5" testName="Microsoft.VisualStudio.Services.Agent.Tests.Worker.TestResults.JunitResultReaderTests.VerifyWithJustTestSuite" computerName="ComputerName" duration="00:00:00.0351313" startTime="2024-05-08T09:40:55.3713284+02:00" endTime="2024-05-08T09:40:55.3713285+02:00" testType="13cdc9d9-ddb5-4fa4-a97d-d965ccfc6d4b" outcome="Passed" testListId="8c84fa94-04c1-424b-9868-57a2d4851a1d" relativeResultsDirectory="3d88304e-069b-4d36-b155-9f85cc178a8f" />
    <UnitTestResult executionId="797c8866-fe9b-47b8-8b41-754293b6b2d4" testId="404aa43b-1521-318b-f8a0-5e923f1b4886" testName="Microsoft.VisualStudio.Services.Agent.Tests.Worker.StepsRunnerL0.RunNormalStepsAllStepPass" computerName="ComputerName" duration="00:00:00.0470851" startTime="2024-05-08T09:40:52.0054337+02:00" endTime="2024-05-08T09:40:52.0054338+02:00" testType="13cdc9d9-ddb5-4fa4-a97d-d965ccfc6d4b" outcome="Passed" testListId="8c84fa94-04c1-424b-9868-57a2d4851a1d" relativeResultsDirectory="797c8866-fe9b-47b8-8b41-754293b6b2d4" />
    <UnitTestResult executionId="d8e3e886-1920-4851-bba2-41994fca1160" testId="7220169d-aec4-9330-ae5f-c4a89d2b93c1" testName="Microsoft.VisualStudio.Services.Agent.Tests.Listener.AgentL0.TestConfigureCLI(arg: &quot;configure&quot;, IsConfigured: False, expected: 0)" computerName="ComputerName" duration="00:00:00.0589121" startTime="2024-05-08T09:40:51.6968127+02:00" endTime="2024-05-08T09:40:51.6968128+02:00" testType="13cdc9d9-ddb5-4fa4-a97d-d965ccfc6d4b" outcome="Passed" testListId="8c84fa94-04c1-424b-9868-57a2d4851a1d" relativeResultsDirectory="d8e3e886-1920-4851-bba2-41994fca1160" />
    <UnitTestResult executionId="123a0b00-6044-4d11-8457-a8c19e1f4ef9" testId="97d0ddc7-2a51-5fc7-6b70-f7c8d04df2cc" testName="Test.L0.Plugin.TestFilePublisher.TestFilePublisherLogPluginL0.TestFilePublisherLogPlugin_DisableForInvalidSearchFolders" computerName="ComputerName" duration="00:00:00.0019955" startTime="2024-05-08T09:40:51.3794843+02:00" endTime="2024-05-08T09:40:51.3794844+02:00" testType="13cdc9d9-ddb5-4fa4-a97d-d965ccfc6d4b" outcome="Passed" testListId="8c84fa94-04c1-424b-9868-57a2d4851a1d" relativeResultsDirectory="123a0b00-6044-4d11-8457-a8c19e1f4ef9" />
    <UnitTestResult executionId="45a8e026-237c-4deb-af07-d7b0b04f0494" testId="44e0175b-a3d8-afab-c8bf-5aa947e25118" testName="Microsoft.VisualStudio.Services.Agent.Tests.Worker.VariablesL0.Constructor_SkipVariableWithEmptyName" computerName="ComputerName" duration="00:00:00.0143561" startTime="2024-05-08T09:40:51.7966839+02:00" endTime="2024-05-08T09:40:51.7966840+02:00" testType="13cdc9d9-ddb5-4fa4-a97d-d965ccfc6d4b" outcome="Passed" testListId="8c84fa94-04c1-424b-9868-57a2d4851a1d" relativeResultsDirectory="45a8e026-237c-4deb-af07-d7b0b04f0494" />
    <UnitTestResult executionId="ead9e84b-da89-4b1f-ac20-e5aeaa5f05db" testId="9c13da2d-138f-0a7d-d8ee-14882fe9a1a0" testName="Microsoft.VisualStudio.Services.Agent.Tests.LogPluginHost.LogPluginHostL0.LogPluginHost_HandleInitialExceptions" computerName="ComputerName" duration="00:00:02.0699802" startTime="2024-05-08T09:40:55.7549989+02:00" endTime="2024-05-08T09:40:55.7549993+02:00" testType="13cdc9d9-ddb5-4fa4-a97d-d965ccfc6d4b" outcome="Passed" testListId="8c84fa94-04c1-424b-9868-57a2d4851a1d" relativeResultsDirectory="ead9e84b-da89-4b1f-ac20-e5aeaa5f05db" />
    <UnitTestResult executionId="f13398e5-1c21-45d1-9ce5-d5bd17ea27c9" testId="1c681c87-5817-78f8-32a2-938509557353" testName="Microsoft.VisualStudio.Services.Agent.Tests.CommandSettingsL0.GetsCommandRun" computerName="ComputerName" duration="00:00:00.0125414" startTime="2024-05-08T09:40:52.0588949+02:00" endTime="2024-05-08T09:40:52.0588951+02:00" testType="13cdc9d9-ddb5-4fa4-a97d-d965ccfc6d4b" outcome="Passed" testListId="8c84fa94-04c1-424b-9868-57a2d4851a1d" relativeResultsDirectory="f13398e5-1c21-45d1-9ce5-d5bd17ea27c9" />
    <UnitTestResult executionId="768df2c0-445d-4386-acd5-2bc6801ac879" testId="2fb3db54-85cc-8a31-acbd-0b01c72f0540" testName="Microsoft.VisualStudio.Services.Agent.Tests.Util.IOUtilL0.GetDirectoryName_WindowsStyle" computerName="ComputerName" duration="00:00:00.0057581" startTime="2024-05-08T09:40:56.4658224+02:00" endTime="2024-05-08T09:40:56.4658226+02:00" testType="13cdc9d9-ddb5-4fa4-a97d-d965ccfc6d4b" outcome="Passed" testListId="8c84fa94-04c1-424b-9868-57a2d4851a1d" relativeResultsDirectory="768df2c0-445d-4386-acd5-2bc6801ac879" />
    <UnitTestResult executionId="d369c7f2-8bcb-4917-89a9-9e63fc531efe" testId="dce07f74-3f0a-7d99-a109-4b242c9c9876" testName="Microsoft.VisualStudio.Services.Agent.Tests.Listener.PagingLoggerL0.WriteAndShipLog" computerName="ComputerName" duration="00:00:01.3722072" startTime="2024-05-08T09:40:54.2149682+02:00" endTime="2024-05-08T09:40:54.2149684+02:00" testType="13cdc9d9-ddb5-4fa4-a97d-d965ccfc6d4b" outcome="Passed" testListId="8c84fa94-04c1-424b-9868-57a2d4851a1d" relativeResultsDirectory="d369c7f2-8bcb-4917-89a9-9e63fc531efe" />
    <UnitTestResult executionId="56366b28-cd65-42d2-bef2-fe74b677b76c" testId="7afb7525-0594-d556-2856-79dcfe3a33de" testName="Microsoft.VisualStudio.Services.Agent.Tests.Worker.Build.TfsVCSourceProvider_WorkspaceUtilL0.DoesNotMatch_ComputerName" computerName="ComputerName" duration="00:00:00.0359468" startTime="2024-05-08T09:40:53.8870848+02:00" endTime="2024-05-08T09:40:53.8870850+02:00" testType="13cdc9d9-ddb5-4fa4-a97d-d965ccfc6d4b" outcome="Passed" testListId="8c84fa94-04c1-424b-9868-57a2d4851a1d" relativeResultsDirectory="56366b28-cd65-42d2-bef2-fe74b677b76c" />
    <UnitTestResult executionId="189cffa5-e075-407f-90dc-eeeb0feb8d6b" testId="2cd7491e-1cb4-6e66-e5d3-781da9d87b2b" testName="Microsoft.VisualStudio.Services.Agent.Tests.TestFileContainerProviderL0.TestGettingArtifactItemsWithMinimatchPattern(pttrn: [&quot;**&quot;, &quot;!**/Folder2/**&quot;], count: 6, expectedPaths: [&quot;ArtifactForTest&quot;, &quot;ArtifactForTest/File1.txt&quot;, &quot;ArtifactForTest/Folder1&quot;, &quot;ArtifactForTest/Folder1/File2.txt&quot;, &quot;ArtifactForTest/Folder1/File21.txt&quot;, ...])" computerName="ComputerName" duration="00:00:00.0096354" startTime="2024-05-08T09:40:52.5381053+02:00" endTime="2024-05-08T09:40:52.5381056+02:00" testType="13cdc9d9-ddb5-4fa4-a97d-d965ccfc6d4b" outcome="Passed" testListId="8c84fa94-04c1-424b-9868-57a2d4851a1d" relativeResultsDirectory="189cffa5-e075-407f-90dc-eeeb0feb8d6b" />
    <UnitTestResult executionId="e9caec5c-1e09-4fa3-a535-1f4b065f794c" testId="3faf3d16-ea51-6917-cc60-1be5d218e797" testName="Microsoft.VisualStudio.Services.Agent.Tests.Worker.Build.TrackingConfigHashAlgorithmL0.ComputeHash_should_throw_when_parameters_invalid" computerName="ComputerName" duration="00:00:00.0045892" startTime="2024-05-08T09:40:52.8046763+02:00" endTime="2024-05-08T09:40:52.8046764+02:00" testType="13cdc9d9-ddb5-4fa4-a97d-d965ccfc6d4b" outcome="Passed" testListId="8c84fa94-04c1-424b-9868-57a2d4851a1d" relativeResultsDirectory="e9caec5c-1e09-4fa3-a535-1f4b065f794c" />
    <UnitTestResult executionId="2960121c-35c3-426c-b5e9-9f7209e59751" testId="2bf8cd64-ff0d-943a-8bbb-6333d5c41aa9" testName="Microsoft.VisualStudio.Services.Agent.Tests.Listener.AgentL0.TestMetadataUpdate" computerName="ComputerName" duration="00:00:00.0102228" startTime="2024-05-08T09:40:57.5617090+02:00" endTime="2024-05-08T09:40:57.5617098+02:00" testType="13cdc9d9-ddb5-4fa4-a97d-d965ccfc6d4b" outcome="Failed" testListId="8c84fa94-04c1-424b-9868-57a2d4851a1d" relativeResultsDirectory="2960121c-35c3-426c-b5e9-9f7209e59751">
      <Output>
        <ErrorInfo>
          <Message>System.IO.IOException : The handle is invalid.</Message>
          <StackTrace>   at System.ConsolePal.SetConsoleOutputEncoding(Encoding enc)&#xD;
   at System.Console.set_OutputEncoding(Encoding value)&#xD;
   at Microsoft.VisualStudio.Services.Agent.Terminal.Initialize(IHostContext hostContext) in C:\Users\ComputerName\src\Microsoft.VisualStudio.Services.Agent\Terminal.cs:line 59&#xD;
   at Microsoft.VisualStudio.Services.Agent.Tests.TestHostContext.GetService[T]() in C:\Users\ComputerName\src\Test\L0\TestHostContext.cs:line 149&#xD;
   at Microsoft.VisualStudio.Services.Agent.Listener.Agent.Initialize(IHostContext hostContext) in C:\Users\ComputerName\src\Agent.Listener\Agent.cs:line 41&#xD;
   at Microsoft.VisualStudio.Services.Agent.Tests.Listener.AgentL0.TestMetadataUpdate() in C:\Users\ComputerName\src\Test\L0\Listener\AgentL0.cs:line 737&#xD;
   at System.Threading.Tasks.Task.&lt;&gt;c.&lt;ThrowAsync&gt;b__128_0(Object state)</StackTrace>
        </ErrorInfo>
      </Output>
    </UnitTestResult>
    <UnitTestResult executionId="445a1e9b-33de-4d10-8159-f0dd9a0771db" testId="e4c274c6-487f-242d-4213-0a44065794fb" testName="Microsoft.VisualStudio.Services.Agent.Tests.LogPluginHost.LogPluginHostL0.LogPluginHost_SlowPluginRecover" computerName="ComputerName" duration="00:00:02.4583050" startTime="2024-05-08T09:41:02.9157220+02:00" endTime="2024-05-08T09:41:02.9157224+02:00" testType="13cdc9d9-ddb5-4fa4-a97d-d965ccfc6d4b" outcome="Passed" testListId="8c84fa94-04c1-424b-9868-57a2d4851a1d" relativeResultsDirectory="445a1e9b-33de-4d10-8159-f0dd9a0771db" />
    <UnitTestResult executionId="8bbb3870-eb84-47c7-a518-fb45784eaa74" testId="c11cef4e-4f16-4a2d-b789-75cdac5e4660" testName="Test.L0.Worker.Release.ReleaseDirectoryManagerL0.PrepareArtifactsDirectoryShouldReturnMapIfWorkDirectoryDoesNotExist" computerName="ComputerName" duration="00:00:00.1128085" startTime="2024-05-08T09:40:51.0283204+02:00" endTime="2024-05-08T09:40:51.0283206+02:00" testType="13cdc9d9-ddb5-4fa4-a97d-d965ccfc6d4b" outcome="Passed" testListId="8c84fa94-04c1-424b-9868-57a2d4851a1d" relativeResultsDirectory="8bbb3870-eb84-47c7-a518-fb45784eaa74" />
    <UnitTestResult executionId="0cc63f73-c978-4561-98a0-8bd35faa31ef" testId="d2305e7a-f8ca-aaef-874c-269d24ef07fb" testName="Microsoft.VisualStudio.Services.Agent.Tests.Worker.AgentPluginManagerL0.GeneratePluginExecutionContextContainerInfoTest" computerName="ComputerName" duration="00:00:00.0151536" startTime="2024-05-08T09:40:52.4526336+02:00" endTime="2024-05-08T09:40:52.4526337+02:00" testType="13cdc9d9-ddb5-4fa4-a97d-d965ccfc6d4b" outcome="Passed" testListId="8c84fa94-04c1-424b-9868-57a2d4851a1d" relativeResultsDirectory="0cc63f73-c978-4561-98a0-8bd35faa31ef" />
    <UnitTestResult executionId="2a944b0f-6ab0-4368-a69b-75b28f1cd583" testId="b41bc5ef-a2a6-9b4b-f927-fae681ed4b5f" testName="Microsoft.VisualStudio.Services.Agent.Tests.Worker.TestResults.TestRunPublisherTests.BatchSizeIsCorrect" computerName="ComputerName" duration="00:00:00.2009853" startTime="2024-05-08T09:40:52.3711854+02:00" endTime="2024-05-08T09:40:52.3711855+02:00" testType="13cdc9d9-ddb5-4fa4-a97d-d965ccfc6d4b" outcome="Passed" testListId="8c84fa94-04c1-424b-9868-57a2d4851a1d" relativeResultsDirectory="2a944b0f-6ab0-4368-a69b-75b28f1cd583" />
    <UnitTestResult executionId="b675a7fb-5cd7-40ff-a10d-a62804404b25" testId="9bcdf09c-a5ff-29ba-8855-cd62a3e12c8c" testName="Microsoft.VisualStudio.Services.Agent.Tests.Util.IOUtilL0.DeleteDirectory_DeletesWithRetry_CancellationRequested" computerName="ComputerName" duration="00:00:02.0157699" startTime="2024-05-08T09:41:01.7615971+02:00" endTime="2024-05-08T09:41:01.7615977+02:00" testType="13cdc9d9-ddb5-4fa4-a97d-d965ccfc6d4b" outcome="Passed" testListId="8c84fa94-04c1-424b-9868-57a2d4851a1d" relativeResultsDirectory="b675a7fb-5cd7-40ff-a10d-a62804404b25" />
    <UnitTestResult executionId="bffb432f-e734-468b-be4d-88ef3c55fea9" testId="410674e7-1a17-b5ae-92b1-a8c050fbd57c" testName="Microsoft.VisualStudio.Services.Agent.Tests.Worker.CodeCoverage.CodeCoverageCommandExtensionTests.PublishCodeCoverageWithRelease" computerName="ComputerName" duration="00:00:00.0131949" startTime="2024-05-08T09:40:52.9855130+02:00" endTime="2024-05-08T09:40:52.9855130+02:00" testType="13cdc9d9-ddb5-4fa4-a97d-d965ccfc6d4b" outcome="Passed" testListId="8c84fa94-04c1-424b-9868-57a2d4851a1d" relativeResultsDirectory="bffb432f-e734-468b-be4d-88ef3c55fea9" />
    <UnitTestResult executionId="43d4391e-d76c-4f32-9937-b427e71135ae" testId="5e4828b2-9493-9e8b-b647-fbad68208946" testName="Microsoft.VisualStudio.Services.Agent.Tests.SecretMaskerL0.SecretMaskerTests_NotAddShortEncodedSecrets" computerName="ComputerName" duration="00:00:00.0008058" startTime="2024-05-08T09:40:52.6480922+02:00" endTime="2024-05-08T09:40:52.6480923+02:00" testType="13cdc9d9-ddb5-4fa4-a97d-d965ccfc6d4b" outcome="Passed" testListId="8c84fa94-04c1-424b-9868-57a2d4851a1d" relativeResultsDirectory="43d4391e-d76c-4f32-9937-b427e71135ae" />
    <UnitTestResult executionId="8b65e1e3-0a41-4ecd-9846-3a05352bef87" testId="3843a884-9415-83f0-f3de-d93e391e9153" testName="Microsoft.VisualStudio.Services.Agent.Tests.HostContextL0.UrlSecretsAreMasked(input: &quot;https://example.com/@path&quot;, expected: &quot;https://example.com/@path&quot;)" computerName="ComputerName" duration="00:00:00.0019856" startTime="2024-05-08T09:40:52.4271734+02:00" endTime="2024-05-08T09:40:52.4271735+02:00" testType="13cdc9d9-ddb5-4fa4-a97d-d965ccfc6d4b" outcome="Passed" testListId="8c84fa94-04c1-424b-9868-57a2d4851a1d" relativeResultsDirectory="8b65e1e3-0a41-4ecd-9846-3a05352bef87" />
    <UnitTestResult executionId="e4cbcaa9-c4e1-46cb-825f-544ec6ba22fc" testId="83ec74cf-ae3e-98d3-9ddb-a03e0af8a8e2" testName="Microsoft.VisualStudio.Services.Agent.Tests.CommandSettingsL0.GetsStartUpType" computerName="ComputerName" duration="00:00:00.0157308" startTime="2024-05-08T09:40:51.7124518+02:00" endTime="2024-05-08T09:40:51.7124519+02:00" testType="13cdc9d9-ddb5-4fa4-a97d-d965ccfc6d4b" outcome="Passed" testListId="8c84fa94-04c1-424b-9868-57a2d4851a1d" relativeResultsDirectory="e4cbcaa9-c4e1-46cb-825f-544ec6ba22fc" />
    <UnitTestResult executionId="209a195b-a845-4bd3-a750-80fb8c585f6d" testId="198ef69c-3ba3-58e1-c048-180eadd58e71" testName="Microsoft.VisualStudio.Services.Agent.Tests.Worker.Build.TrackingManagerL0.CreatesTopLevelTrackingConfig" computerName="ComputerName" duration="00:00:00.0702069" startTime="2024-05-08T09:40:54.5513378+02:00" endTime="2024-05-08T09:40:54.5513381+02:00" testType="13cdc9d9-ddb5-4fa4-a97d-d965ccfc6d4b" outcome="Passed" testListId="8c84fa94-04c1-424b-9868-57a2d4851a1d" relativeResultsDirectory="209a195b-a845-4bd3-a750-80fb8c585f6d" />
    <UnitTestResult executionId="5c1a2eec-7dd2-4726-a301-7847107e05df" testId="a486b41f-6ac6-03ff-8499-8aa50f33906e" testName="Test.L0.Worker.Handlers.CmdArgsSanitizerL0.SanitizeSkipTest(inputArgs: &quot;, / \\ aA zZ 09 ' \&quot; - = : . * + ? ^ %&quot;)" computerName="ComputerName" duration="00:00:00.0000891" startTime="2024-05-08T09:40:53.5680939+02:00" endTime="2024-05-08T09:40:53.5680940+02:00" testType="13cdc9d9-ddb5-4fa4-a97d-d965ccfc6d4b" outcome="Passed" testListId="8c84fa94-04c1-424b-9868-57a2d4851a1d" relativeResultsDirectory="5c1a2eec-7dd2-4726-a301-7847107e05df" />
    <UnitTestResult executionId="4e9216b6-8c10-4e4b-8531-a51e1cc809b6" testId="d3ebed8c-99d8-2eda-3280-99f35149107c" testName="Microsoft.VisualStudio.Services.Agent.Tests.Listener.MessageListenerL0.GetNextMessage" computerName="ComputerName" duration="00:00:03.1831951" startTime="2024-05-08T09:40:55.5175591+02:00" endTime="2024-05-08T09:40:55.5175592+02:00" testType="13cdc9d9-ddb5-4fa4-a97d-d965ccfc6d4b" outcome="Passed" testListId="8c84fa94-04c1-424b-9868-57a2d4851a1d" relativeResultsDirectory="4e9216b6-8c10-4e4b-8531-a51e1cc809b6" />
    <UnitTestResult executionId="9e547f08-c5b4-4cfe-8761-5524a0731323" testId="5053e4d1-172c-49bd-c17a-88d25ce48243" testName="Microsoft.VisualStudio.Services.Agent.Tests.Worker.TestResults.TrxReaderTests.VerifyCoverageSourceFilesAndPdbsAreAddedAsRunLevelAttachments" computerName="ComputerName" duration="00:00:00.0200701" startTime="2024-05-08T09:40:54.8344495+02:00" endTime="2024-05-08T09:40:54.8344496+02:00" testType="13cdc9d9-ddb5-4fa4-a97d-d965ccfc6d4b" outcome="Passed" testListId="8c84fa94-04c1-424b-9868-57a2d4851a1d" relativeResultsDirectory="9e547f08-c5b4-4cfe-8761-5524a0731323" />
    <UnitTestResult executionId="fb3a6261-1bf0-42ff-8acb-09a8e75912b7" testId="fc41daf1-d636-1b3c-71ec-55e65c3dc4b5" testName="Test.L0.Listener.Configuration.NativeWindowsServiceHelperL0.EnsureIsManagedServiceAccount_FalseForNonManagedAccount" computerName="ComputerName" duration="00:00:00.0200103" startTime="2024-05-08T09:40:51.8605907+02:00" endTime="2024-05-08T09:40:51.8605908+02:00" testType="13cdc9d9-ddb5-4fa4-a97d-d965ccfc6d4b" outcome="Passed" testListId="8c84fa94-04c1-424b-9868-57a2d4851a1d" relativeResultsDirectory="fb3a6261-1bf0-42ff-8acb-09a8e75912b7" />
    <UnitTestResult executionId="820aa949-8792-42ed-9639-dd84ba3970cc" testId="96ab011f-bbe7-8dd5-0990-efcff3206787" testName="Microsoft.VisualStudio.Services.Agent.Tests.Worker.ExecutionContextL0.TranslatePathForStepTarget_should_convert_path_only_for_containers(isCheckout: False, jobTarget: null, stepTarget: &quot;container&quot;)" computerName="ComputerName" duration="00:00:00.0035999" startTime="2024-05-08T09:40:53.4820248+02:00" endTime="2024-05-08T09:40:53.4820250+02:00" testType="13cdc9d9-ddb5-4fa4-a97d-d965ccfc6d4b" outcome="Passed" testListId="8c84fa94-04c1-424b-9868-57a2d4851a1d" relativeResultsDirectory="820aa949-8792-42ed-9639-dd84ba3970cc" />
    <UnitTestResult executionId="f356f6e5-f5ce-4860-a55d-f8eccebc2f85" testId="f1f726ee-20d9-74fb-9273-c729b5d20156" testName="Microsoft.VisualStudio.Services.Agent.Tests.Worker.TestResults.NunitResultReaderTests.VerifyTestCaseCompletedDate" computerName="ComputerName" duration="00:00:00.0094695" startTime="2024-05-08T09:40:52.9830424+02:00" endTime="2024-05-08T09:40:52.9830425+02:00" testType="13cdc9d9-ddb5-4fa4-a97d-d965ccfc6d4b" outcome="Passed" testListId="8c84fa94-04c1-424b-9868-57a2d4851a1d" relativeResultsDirectory="f356f6e5-f5ce-4860-a55d-f8eccebc2f85" />
    <UnitTestResult executionId="1268bcb2-90b2-42f1-9d3b-9d6e3a841dd4" testId="da10af65-b887-d983-468c-3b4a27b44e81" testName="Microsoft.VisualStudio.Services.Agent.Tests.Worker.TestResults.TrxReaderTests.ReadResultsDoesNotFailForBareMinimumTrx" computerName="ComputerName" duration="00:00:00.0905285" startTime="2024-05-08T09:40:54.2084261+02:00" endTime="2024-05-08T09:40:54.2084262+02:00" testType="13cdc9d9-ddb5-4fa4-a97d-d965ccfc6d4b" outcome="Passed" testListId="8c84fa94-04c1-424b-9868-57a2d4851a1d" relativeResultsDirectory="1268bcb2-90b2-42f1-9d3b-9d6e3a841dd4" />
    <UnitTestResult executionId="d68fff83-7f7e-4429-b3b0-c41de4d36f0f" testId="434a36a3-b1ac-4650-7356-2fb133d2bff2" testName="Microsoft.VisualStudio.Services.Agent.Tests.Plugin.RepositoryPluginL0.RepositoryPlugin_CheckoutTask_MergesCheckoutOptions_DoesNotClobberExistingValue" computerName="ComputerName" duration="00:00:00.0095910" startTime="2024-05-08T09:40:51.7651666+02:00" endTime="2024-05-08T09:40:51.7651668+02:00" testType="13cdc9d9-ddb5-4fa4-a97d-d965ccfc6d4b" outcome="Passed" testListId="8c84fa94-04c1-424b-9868-57a2d4851a1d" relativeResultsDirectory="d68fff83-7f7e-4429-b3b0-c41de4d36f0f" />
    <UnitTestResult executionId="0b2db683-77f4-4691-bd2f-6a049085cfaf" testId="e12d1e7e-1346-3e44-59ab-4d726f9fcd6c" testName="Microsoft.VisualStudio.Services.Agent.Tests.CommandSettingsL0.GetsFlagRunAsService" computerName="ComputerName" duration="00:00:00.0230687" startTime="2024-05-08T09:40:51.5251670+02:00" endTime="2024-05-08T09:40:51.5251671+02:00" testType="13cdc9d9-ddb5-4fa4-a97d-d965ccfc6d4b" outcome="Passed" testListId="8c84fa94-04c1-424b-9868-57a2d4851a1d" relativeResultsDirectory="0b2db683-77f4-4691-bd2f-6a049085cfaf" />
    <UnitTestResult executionId="0f1ffc18-ada5-499c-940c-aeb850540a0f" testId="66210fda-b7c4-305e-57b3-a53f8649d566" testName="Microsoft.VisualStudio.Services.Agent.Tests.Worker.TaskCommandExtensionL0.SetEndpointWithoutValue" computerName="ComputerName" duration="00:00:00.0135232" startTime="2024-05-08T09:40:52.9654963+02:00" endTime="2024-05-08T09:40:52.9654964+02:00" testType="13cdc9d9-ddb5-4fa4-a97d-d965ccfc6d4b" outcome="Passed" testListId="8c84fa94-04c1-424b-9868-57a2d4851a1d" relativeResultsDirectory="0f1ffc18-ada5-499c-940c-aeb850540a0f" />
    <UnitTestResult executionId="a006925e-f63f-427d-bd99-ebfb2adbef3d" testId="ccad8190-b526-f766-624d-f421bf9c052e" testName="Test.L0.Worker.Handlers.ProcessHandlerHelperTelemetryL0.NotClosedQuotes_Ignore_if_no_envVar" computerName="ComputerName" duration="00:00:00.0002559" startTime="2024-05-08T09:40:51.3852931+02:00" endTime="2024-05-08T09:40:51.3852932+02:00" testType="13cdc9d9-ddb5-4fa4-a97d-d965ccfc6d4b" outcome="Passed" testListId="8c84fa94-04c1-424b-9868-57a2d4851a1d" relativeResultsDirectory="a006925e-f63f-427d-bd99-ebfb2adbef3d" />
    <UnitTestResult executionId="364c6891-ba6a-435d-9f36-bb806140b931" testId="2c24115f-24d8-e381-f2b7-d98584c87179" testName="Microsoft.VisualStudio.Services.Agent.Tests.Worker.VariablesL0.Constructor_InheritsSecretFlagFromRecursion" computerName="ComputerName" duration="00:00:00.0195580" startTime="2024-05-08T09:40:51.5913590+02:00" endTime="2024-05-08T09:40:51.5913591+02:00" testType="13cdc9d9-ddb5-4fa4-a97d-d965ccfc6d4b" outcome="Passed" testListId="8c84fa94-04c1-424b-9868-57a2d4851a1d" relativeResultsDirectory="364c6891-ba6a-435d-9f36-bb806140b931" />
    <UnitTestResult executionId="561c28c1-c979-4c72-85ae-81a9b4dccfb7" testId="a125acbc-524d-c11c-a3dc-53612a4163f1" testName="Microsoft.VisualStudio.Services.Agent.Tests.Listener.UserCapabilitiesProviderTestL0.TestGetCapabilitiesWithoutDotCapabilities" computerName="ComputerName" duration="00:00:00.0130799" startTime="2024-05-08T09:40:53.0636064+02:00" endTime="2024-05-08T09:40:53.0636065+02:00" testType="13cdc9d9-ddb5-4fa4-a97d-d965ccfc6d4b" outcome="Passed" testListId="8c84fa94-04c1-424b-9868-57a2d4851a1d" relativeResultsDirectory="561c28c1-c979-4c72-85ae-81a9b4dccfb7" />
    <UnitTestResult executionId="2493fed8-47ce-4fcd-a7d1-b2c0557ed566" testId="7a46561e-5598-2e0f-9623-5af08039528a" testName="Microsoft.VisualStudio.Services.Agent.Tests.Worker.TestResults.XUnitResultReaderTests.ReadResultsDoesNotFailForV1" computerName="ComputerName" duration="00:00:00.0070020" startTime="2024-05-08T09:40:52.6332962+02:00" endTime="2024-05-08T09:40:52.6332963+02:00" testType="13cdc9d9-ddb5-4fa4-a97d-d965ccfc6d4b" outcome="Passed" testListId="8c84fa94-04c1-424b-9868-57a2d4851a1d" relativeResultsDirectory="2493fed8-47ce-4fcd-a7d1-b2c0557ed566" />
    <UnitTestResult executionId="02a44ccf-8131-49cc-a32c-09b74eb6efb5" testId="d066157d-815b-f760-c469-fd47be8ec2f6" testName="Microsoft.VisualStudio.Services.Agent.Tests.KnobL0.NotRightKnobTypeSetTest" computerName="ComputerName" duration="00:00:00.0014161" startTime="2024-05-08T09:40:53.4881802+02:00" endTime="2024-05-08T09:40:53.4881803+02:00" testType="13cdc9d9-ddb5-4fa4-a97d-d965ccfc6d4b" outcome="Passed" testListId="8c84fa94-04c1-424b-9868-57a2d4851a1d" relativeResultsDirectory="02a44ccf-8131-49cc-a32c-09b74eb6efb5" />
    <UnitTestResult executionId="892d6817-92d2-4256-964f-41d5317d65b5" testId="356b32f7-0650-656e-bd0f-2ccb6788b727" testName="Microsoft.VisualStudio.Services.Agent.Tests.Worker.Release.JenkinsArtifactL0.JenkinsRollbackCommitsShouldBeFetched" computerName="ComputerName" duration="00:00:00.0221392" startTime="2024-05-08T09:40:52.9358876+02:00" endTime="2024-05-08T09:40:52.9358878+02:00" testType="13cdc9d9-ddb5-4fa4-a97d-d965ccfc6d4b" outcome="Passed" testListId="8c84fa94-04c1-424b-9868-57a2d4851a1d" relativeResultsDirectory="892d6817-92d2-4256-964f-41d5317d65b5" />
    <UnitTestResult executionId="fa6f1adf-e065-46f0-bd95-3f46c363d7ad" testId="9b1daeb4-eb8e-81ef-f5ab-254275d16805" testName="Microsoft.VisualStudio.Services.Agent.Tests.Worker.TestResults.NunitResultReaderTests.PublishBasicNUnitResultsSkipsAddingResultsFileWhenFlaggednunit3" computerName="ComputerName" duration="00:00:00.0201530" startTime="2024-05-08T09:40:53.1409057+02:00" endTime="2024-05-08T09:40:53.1409059+02:00" testType="13cdc9d9-ddb5-4fa4-a97d-d965ccfc6d4b" outcome="Passed" testListId="8c84fa94-04c1-424b-9868-57a2d4851a1d" relativeResultsDirectory="fa6f1adf-e065-46f0-bd95-3f46c363d7ad" />
    <UnitTestResult executionId="5b362ba0-3415-41f5-bd3c-f5388341b170" testId="db43f61c-fc07-28c8-7ad7-02592bcd5e9b" testName="Microsoft.VisualStudio.Services.Agent.Tests.Util.IOUtilL0.DeleteFile_IgnoresDirectory" computerName="ComputerName" duration="00:00:00.0045914" startTime="2024-05-08T09:40:56.4851594+02:00" endTime="2024-05-08T09:40:56.4851595+02:00" testType="13cdc9d9-ddb5-4fa4-a97d-d965ccfc6d4b" outcome="Passed" testListId="8c84fa94-04c1-424b-9868-57a2d4851a1d" relativeResultsDirectory="5b362ba0-3415-41f5-bd3c-f5388341b170" />
    <UnitTestResult executionId="c1e0913f-d39c-4a1e-a8b4-367bed0e01ea" testId="7cb599fc-257a-4f79-3635-07e1b8c9a135" testName="Microsoft.VisualStudio.Services.Agent.Tests.CommandSettingsL0.GetsFlagCommit" computerName="ComputerName" duration="00:00:00.0047402" startTime="2024-05-08T09:40:51.3356993+02:00" endTime="2024-05-08T09:40:51.3356994+02:00" testType="13cdc9d9-ddb5-4fa4-a97d-d965ccfc6d4b" outcome="Passed" testListId="8c84fa94-04c1-424b-9868-57a2d4851a1d" relativeResultsDirectory="c1e0913f-d39c-4a1e-a8b4-367bed0e01ea" />
    <UnitTestResult executionId="1bdd8d57-d27e-4580-afb4-12457b6df382" testId="c05fcbdb-adc2-f0c2-f351-af866a2138ca" testName="Microsoft.VisualStudio.Services.Agent.Tests.Worker.TestResults.NunitResultReaderTests.VerifyDateTimeAndDurationCalculationsInDifferentCulture" computerName="ComputerName" duration="00:00:00.0156360" startTime="2024-05-08T09:40:53.0878923+02:00" endTime="2024-05-08T09:40:53.0878924+02:00" testType="13cdc9d9-ddb5-4fa4-a97d-d965ccfc6d4b" outcome="Passed" testListId="8c84fa94-04c1-424b-9868-57a2d4851a1d" relativeResultsDirectory="1bdd8d57-d27e-4580-afb4-12457b6df382" />
    <UnitTestResult executionId="87b2a868-5078-490e-8220-66746f545794" testId="c58aa354-a5c0-fc8a-1fbe-143c888239d5" testName="Microsoft.VisualStudio.Services.Agent.Tests.Worker.TestResults.ResultsCommandTests.Publish_DataIsHonoredWhenTestResultsFieldIsNotSpecified" computerName="ComputerName" duration="00:00:00.0634770" startTime="2024-05-08T09:40:53.9353407+02:00" endTime="2024-05-08T09:40:53.9353408+02:00" testType="13cdc9d9-ddb5-4fa4-a97d-d965ccfc6d4b" outcome="Passed" testListId="8c84fa94-04c1-424b-9868-57a2d4851a1d" relativeResultsDirectory="87b2a868-5078-490e-8220-66746f545794" />
    <UnitTestResult executionId="40b61b02-1f9d-49e6-b4a7-4df9bc9b6bf0" testId="cb27c782-d578-e247-8212-eb1d5e260dfc" testName="Microsoft.VisualStudio.Services.Agent.Tests.Worker.Results.CTestResultReaderTests.VerifyPublishingStandardLogs" computerName="ComputerName" duration="00:00:00.0076699" startTime="2024-05-08T09:40:54.1972319+02:00" endTime="2024-05-08T09:40:54.1972320+02:00" testType="13cdc9d9-ddb5-4fa4-a97d-d965ccfc6d4b" outcome="Passed" testListId="8c84fa94-04c1-424b-9868-57a2d4851a1d" relativeResultsDirectory="40b61b02-1f9d-49e6-b4a7-4df9bc9b6bf0" />
    <UnitTestResult executionId="94725519-8e8d-40e3-9375-5ca5169aa15d" testId="8ff63bde-0308-6800-e339-c33cfbbb911d" testName="Microsoft.VisualStudio.Services.Agent.Tests.Worker.VariablesL0.Constructor_HandlesNullNestedValue" computerName="ComputerName" duration="00:00:00.0069308" startTime="2024-05-08T09:40:51.6558002+02:00" endTime="2024-05-08T09:40:51.6558004+02:00" testType="13cdc9d9-ddb5-4fa4-a97d-d965ccfc6d4b" outcome="Passed" testListId="8c84fa94-04c1-424b-9868-57a2d4851a1d" relativeResultsDirectory="94725519-8e8d-40e3-9375-5ca5169aa15d" />
    <UnitTestResult executionId="0f72ad01-4cc1-447b-aaab-2de5ac35dbba" testId="92ab0310-0f7e-c839-ec95-bed934e0fba9" testName="Microsoft.VisualStudio.Services.Agent.Tests.Worker.Build.TrackingManagerL0.UpdatesTrackingConfigJobRunProperties" computerName="ComputerName" duration="00:00:00.1138380" startTime="2024-05-08T09:40:54.2603442+02:00" endTime="2024-05-08T09:40:54.2603443+02:00" testType="13cdc9d9-ddb5-4fa4-a97d-d965ccfc6d4b" outcome="Passed" testListId="8c84fa94-04c1-424b-9868-57a2d4851a1d" relativeResultsDirectory="0f72ad01-4cc1-447b-aaab-2de5ac35dbba" />
    <UnitTestResult executionId="c6b01c5d-5aa1-48df-8b40-83b20a8aaca7" testId="becac56f-40a5-7d27-51e4-dd3d3d2c4f2b" testName="Microsoft.VisualStudio.Services.Agent.Tests.Worker.Release.JenkinsArtifactL0.CommitsShoulHaveUrlIfItsGitRepo" computerName="ComputerName" duration="00:00:00.1454814" startTime="2024-05-08T09:40:52.8215368+02:00" endTime="2024-05-08T09:40:52.8215369+02:00" testType="13cdc9d9-ddb5-4fa4-a97d-d965ccfc6d4b" outcome="Passed" testListId="8c84fa94-04c1-424b-9868-57a2d4851a1d" relativeResultsDirectory="c6b01c5d-5aa1-48df-8b40-83b20a8aaca7" />
    <UnitTestResult executionId="e14d04f0-a850-4d3c-84e5-28986849f1dc" testId="0344ff85-5b7a-347e-5010-be00f87c40e3" testName="Microsoft.VisualStudio.Services.Agent.Tests.Worker.VariablesL0.Set_StoresNullAsEmpty" computerName="ComputerName" duration="00:00:00.0142753" startTime="2024-05-08T09:40:51.6945200+02:00" endTime="2024-05-08T09:40:51.6945202+02:00" testType="13cdc9d9-ddb5-4fa4-a97d-d965ccfc6d4b" outcome="Passed" testListId="8c84fa94-04c1-424b-9868-57a2d4851a1d" relativeResultsDirectory="e14d04f0-a850-4d3c-84e5-28986849f1dc" />
    <UnitTestResult executionId="c48bf394-fce2-44f2-b389-5a7741b3cd1c" testId="ebe689fc-df0a-d6e1-e951-f9981b91830e" testName="Microsoft.VisualStudio.Services.Agent.Tests.Worker.CodeCoverage.CoberturaSummaryReaderTests.VerifyInvalidXmlFile" computerName="ComputerName" duration="00:00:00.0832669" startTime="2024-05-08T09:40:53.1425659+02:00" endTime="2024-05-08T09:40:53.1425661+02:00" testType="13cdc9d9-ddb5-4fa4-a97d-d965ccfc6d4b" outcome="Passed" testListId="8c84fa94-04c1-424b-9868-57a2d4851a1d" relativeResultsDirectory="c48bf394-fce2-44f2-b389-5a7741b3cd1c" />
    <UnitTestResult executionId="2d50e9e3-725d-48a2-999c-9e43f511ff51" testId="6ce59ee0-3e3a-c463-72d0-d9b4601f4144" testName="Microsoft.VisualStudio.Services.Agent.Tests.Worker.Release.FetchEngineL0.ShouldNotDoParallelDownloadIfSpecified" computerName="ComputerName" duration="00:00:00.2822160" startTime="2024-05-08T09:40:55.5789585+02:00" endTime="2024-05-08T09:40:55.5789586+02:00" testType="13cdc9d9-ddb5-4fa4-a97d-d965ccfc6d4b" outcome="Passed" testListId="8c84fa94-04c1-424b-9868-57a2d4851a1d" relativeResultsDirectory="2d50e9e3-725d-48a2-999c-9e43f511ff51" />
    <UnitTestResult executionId="b65c64f0-bd36-4239-815b-d2da91a59b62" testId="e0093023-7eaa-ac44-6d8f-2022e54faacd" testName="Microsoft.VisualStudio.Services.Agent.Tests.CommandSettingsL0.GetsFlagUnattended" computerName="ComputerName" duration="00:00:00.0218611" startTime="2024-05-08T09:40:51.5497707+02:00" endTime="2024-05-08T09:40:51.5497710+02:00" testType="13cdc9d9-ddb5-4fa4-a97d-d965ccfc6d4b" outcome="Passed" testListId="8c84fa94-04c1-424b-9868-57a2d4851a1d" relativeResultsDirectory="b65c64f0-bd36-4239-815b-d2da91a59b62" />
    <UnitTestResult executionId="5b12394f-f461-4cce-846b-5e44ce612647" testId="69352b98-5776-885c-a787-77bf6b4110f5" testName="Microsoft.VisualStudio.Services.Agent.Tests.Worker.ExecutionContextL0.InitializeJob_should_mark_primary_repository_in_multicheckout" computerName="ComputerName" duration="00:00:00.0143270" startTime="2024-05-08T09:40:53.6549680+02:00" endTime="2024-05-08T09:40:53.6549681+02:00" testType="13cdc9d9-ddb5-4fa4-a97d-d965ccfc6d4b" outcome="Passed" testListId="8c84fa94-04c1-424b-9868-57a2d4851a1d" relativeResultsDirectory="5b12394f-f461-4cce-846b-5e44ce612647" />
    <UnitTestResult executionId="7d54c2d0-60f4-4ea8-8c2d-522438a5f1c8" testId="9c890ba8-2b68-8018-39c6-02c8d5c0ba47" testName="Test.L0.Plugin.TestFilePublisher.TestFilePublisherL0.TestFilePublisher_DontPublishWhenNoMatchingFilesFound" computerName="ComputerName" duration="00:00:00.2278029" startTime="2024-05-08T09:40:55.5057113+02:00" endTime="2024-05-08T09:40:55.5057116+02:00" testType="13cdc9d9-ddb5-4fa4-a97d-d965ccfc6d4b" outcome="Passed" testListId="8c84fa94-04c1-424b-9868-57a2d4851a1d" relativeResultsDirectory="7d54c2d0-60f4-4ea8-8c2d-522438a5f1c8" />
    <UnitTestResult executionId="9f7265a6-0521-43e0-8586-0379be7a21fa" testId="1815ffc3-b925-3414-3ee1-a44b85b3014e" testName="Microsoft.VisualStudio.Services.Agent.Tests.Worker.Build.BuildJobExtensionL0.CheckSingleRepoWithCustomPaths" computerName="ComputerName" duration="00:00:00.0128752" startTime="2024-05-08T09:40:54.2799632+02:00" endTime="2024-05-08T09:40:54.2799633+02:00" testType="13cdc9d9-ddb5-4fa4-a97d-d965ccfc6d4b" outcome="Passed" testListId="8c84fa94-04c1-424b-9868-57a2d4851a1d" relativeResultsDirectory="9f7265a6-0521-43e0-8586-0379be7a21fa" />
    <UnitTestResult executionId="cd077221-dc59-47ce-b739-326eb7736583" testId="0d986ca3-2705-b3f9-0b5b-e9d1da8a3c25" testName="Microsoft.VisualStudio.Services.Agent.Tests.Listener.JobDispatcherL0.DispatcherRenewJobRequestStopOnJobNotFoundExceptions" computerName="ComputerName" duration="00:00:00.0226501" startTime="2024-05-08T09:40:53.1597865+02:00" endTime="2024-05-08T09:40:53.1597866+02:00" testType="13cdc9d9-ddb5-4fa4-a97d-d965ccfc6d4b" outcome="Passed" testListId="8c84fa94-04c1-424b-9868-57a2d4851a1d" relativeResultsDirectory="cd077221-dc59-47ce-b739-326eb7736583" />
    <UnitTestResult executionId="1977db61-feb8-4a88-8273-0d47e1a7e8bb" testId="7b7fd948-7e24-4c34-804b-8d3bb39fda9b" testName="Microsoft.VisualStudio.Services.Agent.Tests.Worker.TaskManagerL0.DownloadsTasks" computerName="ComputerName" duration="00:00:02.7403749" startTime="2024-05-08T09:40:55.3567000+02:00" endTime="2024-05-08T09:40:55.3567002+02:00" testType="13cdc9d9-ddb5-4fa4-a97d-d965ccfc6d4b" outcome="Passed" testListId="8c84fa94-04c1-424b-9868-57a2d4851a1d" relativeResultsDirectory="1977db61-feb8-4a88-8273-0d47e1a7e8bb" />
    <UnitTestResult executionId="2b914dee-d6c0-4597-859a-161722dcf4fc" testId="7f165852-a741-544a-b1c5-b27e8da08ba2" testName="Microsoft.VisualStudio.Services.Agent.Tests.RegexSecretL0.GetPositions_ReturnsEmpty_WhenNoMatchesExist" computerName="ComputerName" duration="00:00:00.0147125" startTime="2024-05-08T09:40:51.5329803+02:00" endTime="2024-05-08T09:40:51.5329804+02:00" testType="13cdc9d9-ddb5-4fa4-a97d-d965ccfc6d4b" outcome="Passed" testListId="8c84fa94-04c1-424b-9868-57a2d4851a1d" relativeResultsDirectory="2b914dee-d6c0-4597-859a-161722dcf4fc" />
    <UnitTestResult executionId="ed789bd4-d5ef-4f22-95a6-6e51aa1154e0" testId="ea8090e9-fdaf-2a45-96b7-ceba59f26a6e" testName="Microsoft.VisualStudio.Services.Agent.Tests.Worker.ExecutionContextL0.TranslatePathForStepTarget_should_convert_path_only_for_containers(isCheckout: False, jobTarget: &quot;container&quot;, stepTarget: null)" computerName="ComputerName" duration="00:00:00.0177209" startTime="2024-05-08T09:40:53.4657139+02:00" endTime="2024-05-08T09:40:53.4657141+02:00" testType="13cdc9d9-ddb5-4fa4-a97d-d965ccfc6d4b" outcome="Passed" testListId="8c84fa94-04c1-424b-9868-57a2d4851a1d" relativeResultsDirectory="ed789bd4-d5ef-4f22-95a6-6e51aa1154e0" />
    <UnitTestResult executionId="b70b2092-3253-4932-aeeb-a7796746bc19" testId="48f77f0f-5fbc-680e-024f-f3f9cc52c771" testName="Microsoft.VisualStudio.Services.Agent.Tests.Plugin.RepositoryPluginL0.RepositoryPlugin_InvalidPathInputDirectlyToWorkingDirectory_AllowWorkingDirectoryRepositorie" computerName="ComputerName" duration="00:00:00.0994706" startTime="2024-05-08T09:40:51.5298547+02:00" endTime="2024-05-08T09:40:51.5298548+02:00" testType="13cdc9d9-ddb5-4fa4-a97d-d965ccfc6d4b" outcome="Passed" testListId="8c84fa94-04c1-424b-9868-57a2d4851a1d" relativeResultsDirectory="b70b2092-3253-4932-aeeb-a7796746bc19" />
    <UnitTestResult executionId="fa03dd8e-8db5-4e57-8421-fd180ad2c09e" testId="8f3be23c-8ad1-3953-6ff2-2eed37bf42f3" testName="Microsoft.VisualStudio.Services.Agent.Tests.Worker.ExecutionContextL0.TranslatePathForStepTarget_should_convert_path_only_for_containers(isCheckout: False, jobTarget: null, stepTarget: null)" computerName="ComputerName" duration="00:00:00.0038990" startTime="2024-05-08T09:40:53.1954795+02:00" endTime="2024-05-08T09:40:53.1954797+02:00" testType="13cdc9d9-ddb5-4fa4-a97d-d965ccfc6d4b" outcome="Passed" testListId="8c84fa94-04c1-424b-9868-57a2d4851a1d" relativeResultsDirectory="fa03dd8e-8db5-4e57-8421-fd180ad2c09e" />
    <UnitTestResult executionId="872b26bb-b908-4797-9ab0-194df391869b" testId="d8dbc8dc-6196-9587-70f0-a9906666bde2" testName="Test.L0.Worker.Handlers.ProcessHandlerL0.ProcessHandlerV2_BasicExecution" computerName="ComputerName" duration="00:00:00.3830511" startTime="2024-05-08T09:40:55.6709691+02:00" endTime="2024-05-08T09:40:55.6709694+02:00" testType="13cdc9d9-ddb5-4fa4-a97d-d965ccfc6d4b" outcome="Passed" testListId="8c84fa94-04c1-424b-9868-57a2d4851a1d" relativeResultsDirectory="872b26bb-b908-4797-9ab0-194df391869b" />
    <UnitTestResult executionId="ea5eee69-db83-4f7d-8b31-6d5836076adf" testId="06b658cd-03e4-17b8-802a-1eefb78c8f81" testName="Microsoft.VisualStudio.Services.Agent.Tests.Worker.Build.TfsVCSourceProvider_WorkspaceUtilL0.DoesNotMatch_WorkspaceName" computerName="ComputerName" duration="00:00:00.0082915" startTime="2024-05-08T09:40:53.9329478+02:00" endTime="2024-05-08T09:40:53.9329481+02:00" testType="13cdc9d9-ddb5-4fa4-a97d-d965ccfc6d4b" outcome="Passed" testListId="8c84fa94-04c1-424b-9868-57a2d4851a1d" relativeResultsDirectory="ea5eee69-db83-4f7d-8b31-6d5836076adf" />
    <UnitTestResult executionId="7852b227-21f8-4b2a-8db5-a0505687336c" testId="bd52a2d9-ae93-0536-13ca-c83c0e7d6094" testName="Microsoft.VisualStudio.Services.Agent.Tests.Worker.TaskManagerL0.ReplacesMacros" computerName="ComputerName" duration="00:00:00.0059975" startTime="2024-05-08T09:40:55.8278957+02:00" endTime="2024-05-08T09:40:55.8278959+02:00" testType="13cdc9d9-ddb5-4fa4-a97d-d965ccfc6d4b" outcome="Passed" testListId="8c84fa94-04c1-424b-9868-57a2d4851a1d" relativeResultsDirectory="7852b227-21f8-4b2a-8db5-a0505687336c" />
    <UnitTestResult executionId="3f99f361-d899-452a-8e67-6c922308e377" testId="8ac51010-fb8d-0fff-8eef-beeaf49637c5" testName="Microsoft.VisualStudio.Services.Agent.Tests.CommandSettingsL0.PromptsWhenInvalid" computerName="ComputerName" duration="00:00:00.0129944" startTime="2024-05-08T09:40:52.0105471+02:00" endTime="2024-05-08T09:40:52.0105472+02:00" testType="13cdc9d9-ddb5-4fa4-a97d-d965ccfc6d4b" outcome="Passed" testListId="8c84fa94-04c1-424b-9868-57a2d4851a1d" relativeResultsDirectory="3f99f361-d899-452a-8e67-6c922308e377" />
    <UnitTestResult executionId="0261737d-3e20-4f90-940a-db67a8ab8d5a" testId="e3d2e421-e9dd-b66b-5494-d5b2e2356f7b" testName="Microsoft.VisualStudio.Services.Agent.Tests.CommandSettingsL0.DeploymentGroupNameBackCompat" computerName="ComputerName" duration="00:00:00.0142181" startTime="2024-05-08T09:40:52.1477846+02:00" endTime="2024-05-08T09:40:52.1477848+02:00" testType="13cdc9d9-ddb5-4fa4-a97d-d965ccfc6d4b" outcome="Passed" testListId="8c84fa94-04c1-424b-9868-57a2d4851a1d" relativeResultsDirectory="0261737d-3e20-4f90-940a-db67a8ab8d5a" />
    <UnitTestResult executionId="e55bb0b2-3a54-440e-96f8-e632fcd1b9ae" testId="a1c58ac9-8648-605f-9bbd-7d3d8fb1b301" testName="Microsoft.VisualStudio.Services.Agent.Tests.HostContextL0.UrlSecretsAreMasked(input: &quot;https://example.com/weird:thing@path&quot;, expected: &quot;https://example.com/weird:thing@path&quot;)" computerName="ComputerName" duration="00:00:00.0137694" startTime="2024-05-08T09:40:52.4144076+02:00" endTime="2024-05-08T09:40:52.4144077+02:00" testType="13cdc9d9-ddb5-4fa4-a97d-d965ccfc6d4b" outcome="Passed" testListId="8c84fa94-04c1-424b-9868-57a2d4851a1d" relativeResultsDirectory="e55bb0b2-3a54-440e-96f8-e632fcd1b9ae" />
    <UnitTestResult executionId="7d4e3a2a-8157-4919-b1ac-ee8c8b6db085" testId="6a10e0ce-aa0b-1739-eb54-aa0bd4a1c01f" testName="Microsoft.VisualStudio.Services.Agent.Tests.Worker.Build.TestGitCommandManagerL0.TestGetInternalGitPaths(gitFeatureFlagStatus: False)" computerName="ComputerName" duration="00:00:00.0349040" startTime="2024-05-08T09:40:53.5757821+02:00" endTime="2024-05-08T09:40:53.5757822+02:00" testType="13cdc9d9-ddb5-4fa4-a97d-d965ccfc6d4b" outcome="Passed" testListId="8c84fa94-04c1-424b-9868-57a2d4851a1d" relativeResultsDirectory="7d4e3a2a-8157-4919-b1ac-ee8c8b6db085" />
    <UnitTestResult executionId="de6d68d3-c739-471a-b416-5a9bebf54e74" testId="7c575fc9-f08b-8649-c294-f260d4a96eaa" testName="Microsoft.VisualStudio.Services.Agent.Tests.LoggedSecretMaskerL0.LoggedSecretMasker_ShortSecret_Removes_From_Dictionary_BoundaryValue" computerName="ComputerName" duration="00:00:00.0001336" startTime="2024-05-08T09:40:53.9604753+02:00" endTime="2024-05-08T09:40:53.9604755+02:00" testType="13cdc9d9-ddb5-4fa4-a97d-d965ccfc6d4b" outcome="Passed" testListId="8c84fa94-04c1-424b-9868-57a2d4851a1d" relativeResultsDirectory="de6d68d3-c739-471a-b416-5a9bebf54e74" />
    <UnitTestResult executionId="5be5400f-9c99-441b-994a-4614e5e49598" testId="27891645-e866-96fc-bdc6-f0c21526247a" testName="Microsoft.VisualStudio.Services.Agent.Tests.Worker.CodeCoverage.CodeCoverageCommandExtensionTests.PublishCCFilesWithOnlyReportDirectoryInput" computerName="ComputerName" duration="00:00:00.0338569" startTime="2024-05-08T09:40:52.9035991+02:00" endTime="2024-05-08T09:40:52.9035992+02:00" testType="13cdc9d9-ddb5-4fa4-a97d-d965ccfc6d4b" outcome="Passed" testListId="8c84fa94-04c1-424b-9868-57a2d4851a1d" relativeResultsDirectory="5be5400f-9c99-441b-994a-4614e5e49598" />
    <UnitTestResult executionId="3e5759ef-9a18-4702-a77b-b1bca9c906a0" testId="35e9fdf7-c260-0dbb-c09d-6a3cdafce44b" testName="Microsoft.VisualStudio.Services.Agent.Tests.Worker.TaskCommandExtensionL0.SetEndpointUrlWithInvalidValue" computerName="ComputerName" duration="00:00:00.0027129" startTime="2024-05-08T09:40:52.9799122+02:00" endTime="2024-05-08T09:40:52.9799123+02:00" testType="13cdc9d9-ddb5-4fa4-a97d-d965ccfc6d4b" outcome="Passed" testListId="8c84fa94-04c1-424b-9868-57a2d4851a1d" relativeResultsDirectory="3e5759ef-9a18-4702-a77b-b1bca9c906a0" />
    <UnitTestResult executionId="51c4e81c-6457-4e54-8e18-85719439b4e5" testId="71a3bba1-a17e-6192-7f8d-9a4077362808" testName="Test.L0.Worker.Handlers.ProcessHandlerHelperL0.ArgsValidation_Passes(inputArgs: &quot;1 %var%&quot;, envVarValue: &quot;2&quot;)" computerName="ComputerName" duration="00:00:00.0001715" startTime="2024-05-08T09:40:51.1166628+02:00" endTime="2024-05-08T09:40:51.1166629+02:00" testType="13cdc9d9-ddb5-4fa4-a97d-d965ccfc6d4b" outcome="Passed" testListId="8c84fa94-04c1-424b-9868-57a2d4851a1d" relativeResultsDirectory="51c4e81c-6457-4e54-8e18-85719439b4e5" />
    <UnitTestResult executionId="f5ef11ac-0bd1-4bce-97b1-4161b11b9ed0" testId="1e5d00ca-54ba-ad24-7c3e-71796a1761cf" testName="Microsoft.VisualStudio.Services.Agent.Tests.Worker.WorkerL0.DispatchCancellation" computerName="ComputerName" duration="00:00:00.1270530" startTime="2024-05-08T09:40:53.6357932+02:00" endTime="2024-05-08T09:40:53.6357935+02:00" testType="13cdc9d9-ddb5-4fa4-a97d-d965ccfc6d4b" outcome="Passed" testListId="8c84fa94-04c1-424b-9868-57a2d4851a1d" relativeResultsDirectory="f5ef11ac-0bd1-4bce-97b1-4161b11b9ed0" />
    <UnitTestResult executionId="917b795f-7226-43e7-9c29-e8f9a7e5b7e4" testId="57c1ef6d-3cc6-3148-b3e3-2cfb6ba149f1" testName="Microsoft.VisualStudio.Services.Agent.Tests.Worker.TestResults.XUnitResultReaderTests.PublishBasicXUnitResultsSkipsAddingResultsFileWhenFlagged" computerName="ComputerName" duration="00:00:00.0256331" startTime="2024-05-08T09:40:52.8383895+02:00" endTime="2024-05-08T09:40:52.8383896+02:00" testType="13cdc9d9-ddb5-4fa4-a97d-d965ccfc6d4b" outcome="Passed" testListId="8c84fa94-04c1-424b-9868-57a2d4851a1d" relativeResultsDirectory="917b795f-7226-43e7-9c29-e8f9a7e5b7e4" />
    <UnitTestResult executionId="cd456665-0d20-4165-abcb-1a581555e669" testId="68041408-2e88-065c-6b50-541fb29d2863" testName="Microsoft.VisualStudio.Services.Agent.Tests.Worker.Build.TfsVCSourceProvider_WorkspaceUtilL0.DoesNotMatch_Cloak_ServerPath" computerName="ComputerName" duration="00:00:00.0123196" startTime="2024-05-08T09:40:53.9370255+02:00" endTime="2024-05-08T09:40:53.9370256+02:00" testType="13cdc9d9-ddb5-4fa4-a97d-d965ccfc6d4b" outcome="Passed" testListId="8c84fa94-04c1-424b-9868-57a2d4851a1d" relativeResultsDirectory="cd456665-0d20-4165-abcb-1a581555e669" />
    <UnitTestResult executionId="691d814f-6a4a-4daa-9c13-a5d3c688b561" testId="8ea8331b-101a-dad6-5051-c2278596f3cf" testName="Microsoft.VisualStudio.Services.Agent.Tests.SecretMaskerL0.IsUserInfoWithLongPasswordAndNameMaskedCorrectly" computerName="ComputerName" duration="00:00:00.0062563" startTime="2024-05-08T09:40:52.6852883+02:00" endTime="2024-05-08T09:40:52.6852885+02:00" testType="13cdc9d9-ddb5-4fa4-a97d-d965ccfc6d4b" outcome="Passed" testListId="8c84fa94-04c1-424b-9868-57a2d4851a1d" relativeResultsDirectory="691d814f-6a4a-4daa-9c13-a5d3c688b561" />
    <UnitTestResult executionId="fefdbd6e-2dbe-4ce3-bda2-6ff6d97170bc" testId="c8dd4276-04ab-8016-27be-098f2768bcae" testName="Microsoft.VisualStudio.Services.Agent.Tests.Worker.JobRunnerL0.JobExtensionInitializeFailureMSI" computerName="ComputerName" duration="00:00:00.3625993" startTime="2024-05-08T09:40:51.5453407+02:00" endTime="2024-05-08T09:40:51.5453408+02:00" testType="13cdc9d9-ddb5-4fa4-a97d-d965ccfc6d4b" outcome="Passed" testListId="8c84fa94-04c1-424b-9868-57a2d4851a1d" relativeResultsDirectory="fefdbd6e-2dbe-4ce3-bda2-6ff6d97170bc" />
    <UnitTestResult executionId="d35ba8f3-1313-455e-9388-bfec497fb58d" testId="7213745e-2232-596b-52b1-62d5c06c6d55" testName="Test.L0.Plugin.TestFilePublisher.TestFilePublisherLogPluginL0.TestFilePublisherLogPlugin_ValidateFoldersAreResolved" computerName="ComputerName" duration="00:00:00.0035794" startTime="2024-05-08T09:40:51.2634731+02:00" endTime="2024-05-08T09:40:51.2634732+02:00" testType="13cdc9d9-ddb5-4fa4-a97d-d965ccfc6d4b" outcome="Passed" testListId="8c84fa94-04c1-424b-9868-57a2d4851a1d" relativeResultsDirectory="d35ba8f3-1313-455e-9388-bfec497fb58d" />
    <UnitTestResult executionId="5cbe5834-105d-4a68-ad1e-cd97766e12b2" testId="857a1499-25f2-7664-956f-9028378430c6" testName="Microsoft.VisualStudio.Services.Agent.Tests.Listener.Configuration.PromptManagerTestsL0.PromptsAgainWhenFailsValidation" computerName="ComputerName" duration="00:00:00.0090665" startTime="2024-05-08T09:40:51.4639021+02:00" endTime="2024-05-08T09:40:51.4639022+02:00" testType="13cdc9d9-ddb5-4fa4-a97d-d965ccfc6d4b" outcome="Passed" testListId="8c84fa94-04c1-424b-9868-57a2d4851a1d" relativeResultsDirectory="5cbe5834-105d-4a68-ad1e-cd97766e12b2" />
    <UnitTestResult executionId="3c99eb5d-7b6c-497a-9555-9d3ce0117ba6" testId="7fdaddc8-1272-433d-cd05-7e2019849d00" testName="Microsoft.VisualStudio.Services.Agent.Tests.Plugin.RepositoryPluginL0.RepositoryPlugin_CheckoutTask_MergesCheckoutOptions_Basic" computerName="ComputerName" duration="00:00:00.0154289" startTime="2024-05-08T09:40:51.5899410+02:00" endTime="2024-05-08T09:40:51.5899411+02:00" testType="13cdc9d9-ddb5-4fa4-a97d-d965ccfc6d4b" outcome="Passed" testListId="8c84fa94-04c1-424b-9868-57a2d4851a1d" relativeResultsDirectory="3c99eb5d-7b6c-497a-9555-9d3ce0117ba6" />
    <UnitTestResult executionId="32c6b527-151c-448d-8322-fea3c4ca86c0" testId="b7449577-f3be-2f6f-7f44-0d4dd7d388d9" testName="Microsoft.VisualStudio.Services.Agent.Tests.Worker.ExecutionContextL0.StepTarget_VerifySet" computerName="ComputerName" duration="00:00:00.0051788" startTime="2024-05-08T09:40:53.7723384+02:00" endTime="2024-05-08T09:40:53.7723385+02:00" testType="13cdc9d9-ddb5-4fa4-a97d-d965ccfc6d4b" outcome="Passed" testListId="8c84fa94-04c1-424b-9868-57a2d4851a1d" relativeResultsDirectory="32c6b527-151c-448d-8322-fea3c4ca86c0" />
    <UnitTestResult executionId="6de12660-b1b0-4823-ac2b-602bf0ec377f" testId="85fe2294-1cae-e65d-bd1c-dedf66ad94b2" testName="Microsoft.VisualStudio.Services.Agent.Tests.Worker.VariablesL0.Constructor_SetsNullAsEmpty" computerName="ComputerName" duration="00:00:00.0079431" startTime="2024-05-08T09:40:51.7452486+02:00" endTime="2024-05-08T09:40:51.7452513+02:00" testType="13cdc9d9-ddb5-4fa4-a97d-d965ccfc6d4b" outcome="Passed" testListId="8c84fa94-04c1-424b-9868-57a2d4851a1d" relativeResultsDirectory="6de12660-b1b0-4823-ac2b-602bf0ec377f" />
    <UnitTestResult executionId="2e46e6ef-a643-4ffc-a01f-2944e7c9859a" testId="2e6141c9-4c26-78a6-947c-43d6605f0669" testName="Microsoft.VisualStudio.Services.Agent.Tests.Worker.Build.TrackingManagerL0.LoadsTrackingConfig_FileFormatVersion2" computerName="ComputerName" duration="00:00:00.0833713" startTime="2024-05-08T09:40:53.7704801+02:00" endTime="2024-05-08T09:40:53.7704803+02:00" testType="13cdc9d9-ddb5-4fa4-a97d-d965ccfc6d4b" outcome="Passed" testListId="8c84fa94-04c1-424b-9868-57a2d4851a1d" relativeResultsDirectory="2e46e6ef-a643-4ffc-a01f-2944e7c9859a" />
    <UnitTestResult executionId="ba43b857-bfab-472e-a24f-08e9955572b5" testId="fb855b52-0df6-59dc-2c3d-19fb3855b6ad" testName="Microsoft.VisualStudio.Services.Agent.Tests.Util.IOUtilL0.DeleteFile_DeletesWithRetry_Success" computerName="ComputerName" duration="00:00:00.0081399" startTime="2024-05-08T09:41:06.9588928+02:00" endTime="2024-05-08T09:41:06.9588933+02:00" testType="13cdc9d9-ddb5-4fa4-a97d-d965ccfc6d4b" outcome="Passed" testListId="8c84fa94-04c1-424b-9868-57a2d4851a1d" relativeResultsDirectory="ba43b857-bfab-472e-a24f-08e9955572b5" />
    <UnitTestResult executionId="141d24ba-a90f-446d-acfa-403ca50a1235" testId="3024f29b-b0bb-ed34-84c4-d81a250cd76d" testName="Microsoft.VisualStudio.Services.Agent.Tests.Worker.Release.ReleaseJobExtensionL0.GetRootedPathShouldReturnRootedPathIfPathIsResolvedBySourceProvider" computerName="ComputerName" duration="00:00:00.0644554" startTime="2024-05-08T09:40:53.9195015+02:00" endTime="2024-05-08T09:40:53.9195018+02:00" testType="13cdc9d9-ddb5-4fa4-a97d-d965ccfc6d4b" outcome="Passed" testListId="8c84fa94-04c1-424b-9868-57a2d4851a1d" relativeResultsDirectory="141d24ba-a90f-446d-acfa-403ca50a1235" />
    <UnitTestResult executionId="703ed1de-fcc3-4804-bbb3-d9bc54c70988" testId="11b03c0a-f92c-0d3f-18fa-ea8920e03d76" testName="Microsoft.VisualStudio.Services.Agent.Tests.LoggedSecretMaskerL0.LoggedSecretMasker_MaskingSecrets" computerName="ComputerName" duration="00:00:00.0006954" startTime="2024-05-08T09:40:53.9385351+02:00" endTime="2024-05-08T09:40:53.9385377+02:00" testType="13cdc9d9-ddb5-4fa4-a97d-d965ccfc6d4b" outcome="Passed" testListId="8c84fa94-04c1-424b-9868-57a2d4851a1d" relativeResultsDirectory="703ed1de-fcc3-4804-bbb3-d9bc54c70988" />
    <UnitTestResult executionId="f0f1fe7d-86d5-4c70-979b-967766f1175d" testId="0263f470-e2f3-ccdd-f350-41b2a18f5793" testName="Microsoft.VisualStudio.Services.Agent.Tests.Worker.Build.BuildDirectoryManagerL0.CreatesBuildDirectories" computerName="ComputerName" duration="00:00:00.0353421" startTime="2024-05-08T09:40:51.6681338+02:00" endTime="2024-05-08T09:40:51.6681339+02:00" testType="13cdc9d9-ddb5-4fa4-a97d-d965ccfc6d4b" outcome="Passed" testListId="8c84fa94-04c1-424b-9868-57a2d4851a1d" relativeResultsDirectory="f0f1fe7d-86d5-4c70-979b-967766f1175d" />
    <UnitTestResult executionId="08b07773-8474-4021-a568-4369cbc976e3" testId="d0b7cc21-40cc-3262-f1b4-f4c818beed1b" testName="Microsoft.VisualStudio.Services.Agent.Tests.Worker.TestResults.TrxReaderTests.ReadsResultsReturnsCorrectValuesInDifferentCulture" computerName="ComputerName" duration="00:00:00.0846346" startTime="2024-05-08T09:40:54.4923881+02:00" endTime="2024-05-08T09:40:54.4923883+02:00" testType="13cdc9d9-ddb5-4fa4-a97d-d965ccfc6d4b" outcome="Passed" testListId="8c84fa94-04c1-424b-9868-57a2d4851a1d" relativeResultsDirectory="08b07773-8474-4021-a568-4369cbc976e3" />
    <UnitTestResult executionId="5d079a47-35a8-4973-bec4-f75560b77765" testId="fa3ba049-8f0a-1ca2-e1c2-5f3f9278e12c" testName="Microsoft.VisualStudio.Services.Agent.Tests.Worker.SetVariableRestrictionsL0.MultipleRestrictionsMostRestrictive" computerName="ComputerName" duration="00:00:00.0072431" startTime="2024-05-08T09:40:54.1964302+02:00" endTime="2024-05-08T09:40:54.1964303+02:00" testType="13cdc9d9-ddb5-4fa4-a97d-d965ccfc6d4b" outcome="Passed" testListId="8c84fa94-04c1-424b-9868-57a2d4851a1d" relativeResultsDirectory="5d079a47-35a8-4973-bec4-f75560b77765" />
    <UnitTestResult executionId="2b580902-35ad-441a-99c9-258690cc03fd" testId="8fd9009d-f5ca-326f-6dec-ac5cfb3e3702" testName="Test.L0.Plugin.TestFilePublisher.TestFilePublisherLogPluginL0.TestFilePublisherLogPlugin_DisableForNonResolvableSearchFolders" computerName="ComputerName" duration="00:00:00.0022247" startTime="2024-05-08T09:40:51.2455103+02:00" endTime="2024-05-08T09:40:51.2455103+02:00" testType="13cdc9d9-ddb5-4fa4-a97d-d965ccfc6d4b" outcome="Passed" testListId="8c84fa94-04c1-424b-9868-57a2d4851a1d" relativeResultsDirectory="2b580902-35ad-441a-99c9-258690cc03fd" />
    <UnitTestResult executionId="5aac1a57-6ecd-4b54-be2f-2dd0e944b64e" testId="2acdbb6a-2e9e-2039-5c6f-1ac7ded24518" testName="Microsoft.VisualStudio.Services.Agent.Tests.Worker.TestResults.ResultsCommandTests.Publish_NullTestRunner" computerName="ComputerName" duration="00:00:00.0734981" startTime="2024-05-08T09:40:53.8976794+02:00" endTime="2024-05-08T09:40:53.8976796+02:00" testType="13cdc9d9-ddb5-4fa4-a97d-d965ccfc6d4b" outcome="Passed" testListId="8c84fa94-04c1-424b-9868-57a2d4851a1d" relativeResultsDirectory="5aac1a57-6ecd-4b54-be2f-2dd0e944b64e" />
    <UnitTestResult executionId="1ec17479-b343-49ad-bed1-8c4c7579908f" testId="e1fb7186-a4bf-310f-7668-c434cb45a03a" testName="Microsoft.VisualStudio.Services.Agent.Tests.Worker.VariablesL0.Constructor_HandlesNullValue" computerName="ComputerName" duration="00:00:00.0023808" startTime="2024-05-08T09:40:51.7471197+02:00" endTime="2024-05-08T09:40:51.7471198+02:00" testType="13cdc9d9-ddb5-4fa4-a97d-d965ccfc6d4b" outcome="Passed" testListId="8c84fa94-04c1-424b-9868-57a2d4851a1d" relativeResultsDirectory="1ec17479-b343-49ad-bed1-8c4c7579908f" />
    <UnitTestResult executionId="9aa4c63c-ae4c-4e23-b487-ebe46d96e157" testId="a20b8975-e76d-b036-bee8-e942c63bf24f" testName="Microsoft.VisualStudio.Services.Agent.Tests.Worker.JobRunnerL0.UploadDiganosticLogIfEnvironmentVariableSet" computerName="ComputerName" duration="00:00:00.0789705" startTime="2024-05-08T09:40:51.7976205+02:00" endTime="2024-05-08T09:40:51.7976205+02:00" testType="13cdc9d9-ddb5-4fa4-a97d-d965ccfc6d4b" outcome="Passed" testListId="8c84fa94-04c1-424b-9868-57a2d4851a1d" relativeResultsDirectory="9aa4c63c-ae4c-4e23-b487-ebe46d96e157" />
    <UnitTestResult executionId="5ea9186d-09c5-4228-9e93-ba8f2432eb71" testId="41170b03-897b-14c6-f7c7-5ebad46085c1" testName="Microsoft.VisualStudio.Services.Agent.Tests.Util.IOUtilL0.DeleteDirectory_DeletesDirectoryReparsePointChain" computerName="ComputerName" duration="00:00:05.2826650" startTime="2024-05-08T09:40:56.2492102+02:00" endTime="2024-05-08T09:40:56.2492105+02:00" testType="13cdc9d9-ddb5-4fa4-a97d-d965ccfc6d4b" outcome="Passed" testListId="8c84fa94-04c1-424b-9868-57a2d4851a1d" relativeResultsDirectory="5ea9186d-09c5-4228-9e93-ba8f2432eb71" />
    <UnitTestResult executionId="0a220cdc-a45f-4032-8169-3f10b5fafea6" testId="4698055e-1676-c8ca-e75f-a8511d107d3a" testName="Microsoft.VisualStudio.Services.Agent.Tests.CommandSettingsL0.PromptsForCollectionName" computerName="ComputerName" duration="00:00:00.0559021" startTime="2024-05-08T09:40:51.8589121+02:00" endTime="2024-05-08T09:40:51.8589122+02:00" testType="13cdc9d9-ddb5-4fa4-a97d-d965ccfc6d4b" outcome="Passed" testListId="8c84fa94-04c1-424b-9868-57a2d4851a1d" relativeResultsDirectory="0a220cdc-a45f-4032-8169-3f10b5fafea6" />
    <UnitTestResult executionId="b04179f8-bfe3-4bff-af95-be5f39b7d399" testId="eaaf1a75-5b8d-29cd-e3dc-447c15914986" testName="Microsoft.VisualStudio.Services.Agent.Tests.Worker.Release.JenkinsArtifactL0.MissingStartVersionShouldDownloadCommitsFromSingleBuild" computerName="ComputerName" duration="00:00:00.0391530" startTime="2024-05-08T09:40:52.6735650+02:00" endTime="2024-05-08T09:40:52.6735650+02:00" testType="13cdc9d9-ddb5-4fa4-a97d-d965ccfc6d4b" outcome="Passed" testListId="8c84fa94-04c1-424b-9868-57a2d4851a1d" relativeResultsDirectory="b04179f8-bfe3-4bff-af95-be5f39b7d399" />
    <UnitTestResult executionId="7efd6f79-e60e-4d1e-bffd-bf8e96e247ad" testId="773a39f7-ba06-3039-5e2b-9306fd017f20" testName="Microsoft.VisualStudio.Services.Agent.Tests.Util.ArgUtilL0.Equal_MatchesStructEquality" computerName="ComputerName" duration="00:00:00.0125875" startTime="2024-05-08T09:40:54.9466431+02:00" endTime="2024-05-08T09:40:54.9466433+02:00" testType="13cdc9d9-ddb5-4fa4-a97d-d965ccfc6d4b" outcome="Passed" testListId="8c84fa94-04c1-424b-9868-57a2d4851a1d" relativeResultsDirectory="7efd6f79-e60e-4d1e-bffd-bf8e96e247ad" />
    <UnitTestResult executionId="5d6f52a5-1360-4c10-b579-18dad581059d" testId="6387e89c-37c4-1e23-248e-e43ca896cfdc" testName="Test.L0.Worker.Handlers.ProcessHandlerHelperL0.TestWithMultipleVars" computerName="ComputerName" duration="00:00:00.0002037" startTime="2024-05-08T09:40:51.1003225+02:00" endTime="2024-05-08T09:40:51.1003226+02:00" testType="13cdc9d9-ddb5-4fa4-a97d-d965ccfc6d4b" outcome="Passed" testListId="8c84fa94-04c1-424b-9868-57a2d4851a1d" relativeResultsDirectory="5d6f52a5-1360-4c10-b579-18dad581059d" />
    <UnitTestResult executionId="63a6c5b5-444e-435b-9185-e379c4bbd6ce" testId="40049496-86d3-6c40-6598-0f190a3d7724" testName="Microsoft.VisualStudio.Services.Agent.Tests.Worker.ExecutionContextL0.InitializeJob_should_mark_primary_repository" computerName="ComputerName" duration="00:00:00.0257631" startTime="2024-05-08T09:40:53.7585374+02:00" endTime="2024-05-08T09:40:53.7585376+02:00" testType="13cdc9d9-ddb5-4fa4-a97d-d965ccfc6d4b" outcome="Passed" testListId="8c84fa94-04c1-424b-9868-57a2d4851a1d" relativeResultsDirectory="63a6c5b5-444e-435b-9185-e379c4bbd6ce" />
    <UnitTestResult executionId="6e76513c-a1b5-4963-aaf1-6fc968e2150c" testId="ae7c062d-4c9d-98ab-f8ee-711060d13585" testName="Microsoft.VisualStudio.Services.Agent.Tests.Worker.CodeCoverage.CodeCoverageCommandExtensionTests.PublishCodeCoverageWithInvalidCCTool" computerName="ComputerName" duration="00:00:00.0238662" startTime="2024-05-08T09:40:52.8495389+02:00" endTime="2024-05-08T09:40:52.8495391+02:00" testType="13cdc9d9-ddb5-4fa4-a97d-d965ccfc6d4b" outcome="Passed" testListId="8c84fa94-04c1-424b-9868-57a2d4851a1d" relativeResultsDirectory="6e76513c-a1b5-4963-aaf1-6fc968e2150c" />
    <UnitTestResult executionId="490ec796-ef67-42a3-8b17-82b62ecf54b2" testId="f7f6a38b-7888-673c-63d7-4f0299bf093f" testName="Microsoft.VisualStudio.Services.Agent.Tests.CommandSettingsL0.GetsFlagAcceptTeeEula" computerName="ComputerName" duration="00:00:00.0068336" startTime="2024-05-08T09:40:52.0279164+02:00" endTime="2024-05-08T09:40:52.0279165+02:00" testType="13cdc9d9-ddb5-4fa4-a97d-d965ccfc6d4b" outcome="Passed" testListId="8c84fa94-04c1-424b-9868-57a2d4851a1d" relativeResultsDirectory="490ec796-ef67-42a3-8b17-82b62ecf54b2" />
    <UnitTestResult executionId="ff0e82e8-d2f0-417e-bed1-93ec7b5c991c" testId="2e417a04-73be-f783-754e-f02a0e729737" testName="Test.L0.Worker.Handlers.CmdArgsSanitizerL0.Telemetry_ReturnsNull(inputArgs: &quot;1 ^; ^&amp;&quot;)" computerName="ComputerName" duration="00:00:00.0000213" startTime="2024-05-08T09:40:53.5803314+02:00" endTime="2024-05-08T09:40:53.5803315+02:00" testType="13cdc9d9-ddb5-4fa4-a97d-d965ccfc6d4b" outcome="Passed" testListId="8c84fa94-04c1-424b-9868-57a2d4851a1d" relativeResultsDirectory="ff0e82e8-d2f0-417e-bed1-93ec7b5c991c" />
    <UnitTestResult executionId="4cc18e05-8a27-41bd-8530-6ddcea253113" testId="849aa709-4ebe-a798-6e9a-c1913621fc0e" testName="Microsoft.VisualStudio.Services.Agent.Tests.Worker.ExecutionContextL0.TranslatePathForStepTarget_should_convert_path_only_for_containers(isCheckout: False, jobTarget: null, stepTarget: &quot;host&quot;)" computerName="ComputerName" duration="00:00:00.1612207" startTime="2024-05-08T09:40:53.4632037+02:00" endTime="2024-05-08T09:40:53.4632039+02:00" testType="13cdc9d9-ddb5-4fa4-a97d-d965ccfc6d4b" outcome="Passed" testListId="8c84fa94-04c1-424b-9868-57a2d4851a1d" relativeResultsDirectory="4cc18e05-8a27-41bd-8530-6ddcea253113" />
    <UnitTestResult executionId="0fe98a53-6b41-4738-94a8-3aadcc7b4ae2" testId="cbaa746f-f709-3319-7f32-a80207c9afca" testName="Microsoft.VisualStudio.Services.Agent.Tests.Worker.ExecutionContextL0.TranslatePathForStepTarget_should_convert_path_only_for_containers(isCheckout: False, jobTarget: &quot;container&quot;, stepTarget: &quot;container&quot;)" computerName="ComputerName" duration="00:00:00.0037424" startTime="2024-05-08T09:40:53.6000978+02:00" endTime="2024-05-08T09:40:53.6000979+02:00" testType="13cdc9d9-ddb5-4fa4-a97d-d965ccfc6d4b" outcome="Passed" testListId="8c84fa94-04c1-424b-9868-57a2d4851a1d" relativeResultsDirectory="0fe98a53-6b41-4738-94a8-3aadcc7b4ae2" />
    <UnitTestResult executionId="f722c186-ba7a-493d-adad-4e895cbaf1df" testId="3bb498fc-b18d-d2d7-497f-8e1d67f54e43" testName="Test.L0.Plugin.TestResultParser.TestResultLogPluginL0.TestResultLogPlugin_DisableForInvalidBuildContext" computerName="ComputerName" duration="00:00:00.0282616" startTime="2024-05-08T09:40:51.7669706+02:00" endTime="2024-05-08T09:40:51.7669707+02:00" testType="13cdc9d9-ddb5-4fa4-a97d-d965ccfc6d4b" outcome="Passed" testListId="8c84fa94-04c1-424b-9868-57a2d4851a1d" relativeResultsDirectory="f722c186-ba7a-493d-adad-4e895cbaf1df" />
    <UnitTestResult executionId="07ed56c9-741d-473c-8e0b-0670a07f27fc" testId="88b5b21f-2c67-cf80-e4c6-01d91f78d9d4" testName="Microsoft.VisualStudio.Services.Agent.Tests.Worker.VariablesL0.IsReadOnly_RespectsSystemVariables" computerName="ComputerName" duration="00:00:00.0124785" startTime="2024-05-08T09:40:51.7533542+02:00" endTime="2024-05-08T09:40:51.7533543+02:00" testType="13cdc9d9-ddb5-4fa4-a97d-d965ccfc6d4b" outcome="Passed" testListId="8c84fa94-04c1-424b-9868-57a2d4851a1d" relativeResultsDirectory="07ed56c9-741d-473c-8e0b-0670a07f27fc" />
    <UnitTestResult executionId="179dc336-c0d6-4b70-8020-81b3a51f6577" testId="d3d7cbb2-b87e-5bb7-431f-02be0e0681c7" testName="Microsoft.VisualStudio.Services.Agent.Tests.ProxyConfigL0.IsNotUseRawHttpClient" computerName="ComputerName" duration="00:00:01.3494330" startTime="2024-05-08T09:40:54.3541014+02:00" endTime="2024-05-08T09:40:54.3541015+02:00" testType="13cdc9d9-ddb5-4fa4-a97d-d965ccfc6d4b" outcome="Passed" testListId="8c84fa94-04c1-424b-9868-57a2d4851a1d" relativeResultsDirectory="179dc336-c0d6-4b70-8020-81b3a51f6577" />
    <UnitTestResult executionId="df21de48-62a9-49ee-8e1c-680287884911" testId="1353f95a-2bb8-9887-0fb6-18b011928627" testName="Microsoft.VisualStudio.Services.Agent.Tests.ProcessInvokerL0.TestCancelEnsureCompletedWhenTaskNotKilled" computerName="ComputerName" duration="00:00:00.5442901" startTime="2024-05-08T09:40:58.0883860+02:00" endTime="2024-05-08T09:40:58.0883863+02:00" testType="13cdc9d9-ddb5-4fa4-a97d-d965ccfc6d4b" outcome="Passed" testListId="8c84fa94-04c1-424b-9868-57a2d4851a1d" relativeResultsDirectory="df21de48-62a9-49ee-8e1c-680287884911" />
    <UnitTestResult executionId="648ced4a-ce2d-42c6-80ab-30c59a152e0f" testId="37d4bbc9-6b38-acd5-e3b1-d51d2f32e68f" testName="Microsoft.VisualStudio.Services.Agent.Tests.ProcessInvokerL0.RedirectSTDINCloseStream" computerName="ComputerName" duration="00:00:02.1780148" startTime="2024-05-08T09:40:55.4288560+02:00" endTime="2024-05-08T09:40:55.4288561+02:00" testType="13cdc9d9-ddb5-4fa4-a97d-d965ccfc6d4b" outcome="Passed" testListId="8c84fa94-04c1-424b-9868-57a2d4851a1d" relativeResultsDirectory="648ced4a-ce2d-42c6-80ab-30c59a152e0f" />
    <UnitTestResult executionId="0a3880a6-7068-44b7-b0d7-3376407c39bb" testId="3c4b59e5-5b80-86b4-2f88-8236be1759da" testName="Microsoft.VisualStudio.Services.Agent.Tests.Worker.CodeCoverage.CodeCoverageUtilitiesTests.ThrowsIfParameterIsWhiteSpace" computerName="ComputerName" duration="00:00:00.0003388" startTime="2024-05-08T09:40:53.7823052+02:00" endTime="2024-05-08T09:40:53.7823053+02:00" testType="13cdc9d9-ddb5-4fa4-a97d-d965ccfc6d4b" outcome="Passed" testListId="8c84fa94-04c1-424b-9868-57a2d4851a1d" relativeResultsDirectory="0a3880a6-7068-44b7-b0d7-3376407c39bb" />
    <UnitTestResult executionId="5837cceb-2e8e-4058-956b-ba85103b1bcd" testId="d20a08b9-d2cc-2c3b-abc2-e4e85d9d9880" testName="Microsoft.VisualStudio.Services.Agent.Tests.SecretMaskerL0.IsUserInfoWithDigitsInNameMaskedCorrectly" computerName="ComputerName" duration="00:00:00.0088181" startTime="2024-05-08T09:40:52.6465865+02:00" endTime="2024-05-08T09:40:52.6465866+02:00" testType="13cdc9d9-ddb5-4fa4-a97d-d965ccfc6d4b" outcome="Passed" testListId="8c84fa94-04c1-424b-9868-57a2d4851a1d" relativeResultsDirectory="5837cceb-2e8e-4058-956b-ba85103b1bcd" />
    <UnitTestResult executionId="dbfd2b74-7131-4a23-b852-bd641f21efa2" testId="6a6ca46f-9254-b438-b5f7-a60ea48c2ae9" testName="Test.L0.Plugin.TestFilePublisher.TestFilePublisherLogPluginL0.TestFilePublisherLogPlugin_DisableForInvalidSearchPattern" computerName="ComputerName" duration="00:00:00.0020536" startTime="2024-05-08T09:40:51.3773382+02:00" endTime="2024-05-08T09:40:51.3773383+02:00" testType="13cdc9d9-ddb5-4fa4-a97d-d965ccfc6d4b" outcome="Passed" testListId="8c84fa94-04c1-424b-9868-57a2d4851a1d" relativeResultsDirectory="dbfd2b74-7131-4a23-b852-bd641f21efa2" />
    <UnitTestResult executionId="bddc194e-efbc-4903-8628-80b0f22c0004" testId="25860881-25ed-72cc-d73e-8c93d7301c52" testName="Microsoft.VisualStudio.Services.Agent.Tests.Worker.VariablesL0.Constructor_ExpandsValueWithDeepRecursion" computerName="ComputerName" duration="00:00:00.0173815" startTime="2024-05-08T09:40:51.7347130+02:00" endTime="2024-05-08T09:40:51.7347132+02:00" testType="13cdc9d9-ddb5-4fa4-a97d-d965ccfc6d4b" outcome="Passed" testListId="8c84fa94-04c1-424b-9868-57a2d4851a1d" relativeResultsDirectory="bddc194e-efbc-4903-8628-80b0f22c0004" />
    <UnitTestResult executionId="c4ab15cb-5ca1-4807-b313-b9163da6c3ba" testId="a0ac8b56-35e4-0acd-b92e-58fee024613c" testName="Microsoft.VisualStudio.Services.Agent.Tests.SecretMaskerL0.SecretMaskerTests_Encoder_JsonStringEscape" computerName="ComputerName" duration="00:00:00.0003615" startTime="2024-05-08T09:40:52.5675632+02:00" endTime="2024-05-08T09:40:52.5675634+02:00" testType="13cdc9d9-ddb5-4fa4-a97d-d965ccfc6d4b" outcome="Passed" testListId="8c84fa94-04c1-424b-9868-57a2d4851a1d" relativeResultsDirectory="c4ab15cb-5ca1-4807-b313-b9163da6c3ba" />
    <UnitTestResult executionId="5c8f36fd-f5a7-48f0-a58b-a26b237cb3c6" testId="f1a337f3-53fb-12c2-e5b4-8f1a54390fc5" testName="Microsoft.VisualStudio.Services.Agent.Tests.Worker.Build.TfsVCSourceProviderL0.NormalizesLocalPath" computerName="ComputerName" duration="00:00:00.0036485" startTime="2024-05-08T09:40:53.7845865+02:00" endTime="2024-05-08T09:40:53.7845867+02:00" testType="13cdc9d9-ddb5-4fa4-a97d-d965ccfc6d4b" outcome="Passed" testListId="8c84fa94-04c1-424b-9868-57a2d4851a1d" relativeResultsDirectory="5c8f36fd-f5a7-48f0-a58b-a26b237cb3c6" />
    <UnitTestResult executionId="bcf3b7b2-7da9-47dd-8a45-482a2981d54c" testId="df0d8e09-b0be-a4e8-8822-13df877bc5cb" testName="Test.L0.Worker.Handlers.ProcessHandlerHelperL0.TestNoChanges(input: &quot;%var&quot;)" computerName="ComputerName" duration="00:00:00.0001517" startTime="2024-05-08T09:40:51.1212555+02:00" endTime="2024-05-08T09:40:51.1212558+02:00" testType="13cdc9d9-ddb5-4fa4-a97d-d965ccfc6d4b" outcome="Passed" testListId="8c84fa94-04c1-424b-9868-57a2d4851a1d" relativeResultsDirectory="bcf3b7b2-7da9-47dd-8a45-482a2981d54c" />
    <UnitTestResult executionId="d1a324d2-3c9f-4f7e-b274-982eebbbdd1d" testId="f29262de-cef7-19d7-e7aa-25e45cd577ff" testName="Microsoft.VisualStudio.Services.Agent.Tests.Worker.Build.TrackingManagerL0.MarksTrackingConfigForGarbageCollection_Legacy" computerName="ComputerName" duration="00:00:00.0819086" startTime="2024-05-08T09:40:54.4596109+02:00" endTime="2024-05-08T09:40:54.4596113+02:00" testType="13cdc9d9-ddb5-4fa4-a97d-d965ccfc6d4b" outcome="Passed" testListId="8c84fa94-04c1-424b-9868-57a2d4851a1d" relativeResultsDirectory="d1a324d2-3c9f-4f7e-b274-982eebbbdd1d" />
    <UnitTestResult executionId="af633d4c-e0c8-4384-bb42-4d69a9a5b49a" testId="d12ff300-9a0c-7a73-6bfd-c0ecca682acc" testName="Test.L0.Plugin.TestFilePublisher.TestFileFinderL0.TestFileFinder_FindFilesWithEmptySearchFolders" computerName="ComputerName" duration="00:00:00.0789415" startTime="2024-05-08T09:40:55.5924231+02:00" endTime="2024-05-08T09:40:55.5924232+02:00" testType="13cdc9d9-ddb5-4fa4-a97d-d965ccfc6d4b" outcome="Passed" testListId="8c84fa94-04c1-424b-9868-57a2d4851a1d" relativeResultsDirectory="af633d4c-e0c8-4384-bb42-4d69a9a5b49a" />
    <UnitTestResult executionId="51d85c92-c119-4cbb-90c7-8d95bb031126" testId="8d758de9-7bcf-6f98-0d14-1a5e297230bf" testName="Microsoft.VisualStudio.Services.Agent.Tests.HostContextL0.UrlSecretsAreMasked(input: &quot;https://user:pass@example.com:8080/path&quot;, expected: &quot;https://user:***@example.com:8080/path&quot;)" computerName="ComputerName" duration="00:00:00.0110034" startTime="2024-05-08T09:40:52.3395423+02:00" endTime="2024-05-08T09:40:52.3395424+02:00" testType="13cdc9d9-ddb5-4fa4-a97d-d965ccfc6d4b" outcome="Passed" testListId="8c84fa94-04c1-424b-9868-57a2d4851a1d" relativeResultsDirectory="51d85c92-c119-4cbb-90c7-8d95bb031126" />
    <UnitTestResult executionId="c42d525a-0972-431f-af7d-a787e7d65ddc" testId="1d7316b2-9e8d-42cf-dd10-0a4a826a840f" testName="Microsoft.VisualStudio.Services.Agent.Tests.Worker.TaskManagerL0.DeserializesPlatformSupportedHandlersOnly" computerName="ComputerName" duration="00:00:00.0385707" startTime="2024-05-08T09:40:55.7517824+02:00" endTime="2024-05-08T09:40:55.7517826+02:00" testType="13cdc9d9-ddb5-4fa4-a97d-d965ccfc6d4b" outcome="Passed" testListId="8c84fa94-04c1-424b-9868-57a2d4851a1d" relativeResultsDirectory="c42d525a-0972-431f-af7d-a787e7d65ddc" />
    <UnitTestResult executionId="b86003bd-4a84-494a-88a7-160b26cc5483" testId="24727710-2fb3-cb7c-1ad8-686468fd18e6" testName="Microsoft.VisualStudio.Services.Agent.Tests.Worker.TestResults.JunitResultReaderTests.VerifyPublishingStandardLogs" computerName="ComputerName" duration="00:00:00.0106056" startTime="2024-05-08T09:40:55.3237066+02:00" endTime="2024-05-08T09:40:55.3237067+02:00" testType="13cdc9d9-ddb5-4fa4-a97d-d965ccfc6d4b" outcome="Passed" testListId="8c84fa94-04c1-424b-9868-57a2d4851a1d" relativeResultsDirectory="b86003bd-4a84-494a-88a7-160b26cc5483" />
    <UnitTestResult executionId="2536da09-5267-4634-9e03-f529637cdc25" testId="a98d00a2-03ad-797e-3c09-3072f8c1aa00" testName="Microsoft.VisualStudio.Services.Agent.Tests.Worker.Telemetry.TelemetryCommandExtensionTests.PublishTelemetryWithoutCiData" computerName="ComputerName" duration="00:00:00.0318174" startTime="2024-05-08T09:40:52.0617290+02:00" endTime="2024-05-08T09:40:52.0617294+02:00" testType="13cdc9d9-ddb5-4fa4-a97d-d965ccfc6d4b" outcome="Passed" testListId="8c84fa94-04c1-424b-9868-57a2d4851a1d" relativeResultsDirectory="2536da09-5267-4634-9e03-f529637cdc25" />
    <UnitTestResult executionId="bbc3c470-9cad-497b-9c9a-b438f2295838" testId="5bc9ca66-1341-38c0-f6f5-05839b245f52" testName="Microsoft.VisualStudio.Services.Agent.Tests.Util.IOUtilL0.Delete_DeletesFile" computerName="ComputerName" duration="00:00:00.0056280" startTime="2024-05-08T09:41:04.9403466+02:00" endTime="2024-05-08T09:41:04.9403470+02:00" testType="13cdc9d9-ddb5-4fa4-a97d-d965ccfc6d4b" outcome="Passed" testListId="8c84fa94-04c1-424b-9868-57a2d4851a1d" relativeResultsDirectory="bbc3c470-9cad-497b-9c9a-b438f2295838" />
    <UnitTestResult executionId="5a4c124a-08fb-4ef4-8fbf-e1ac0f26d2e5" testId="6c45f825-abab-152c-bba4-80b263430324" testName="Microsoft.VisualStudio.Services.Agent.Tests.SecretMaskerL0.SecretMaskerTests_Encoder" computerName="ComputerName" duration="00:00:00.0005453" startTime="2024-05-08T09:40:52.7613031+02:00" endTime="2024-05-08T09:40:52.7613032+02:00" testType="13cdc9d9-ddb5-4fa4-a97d-d965ccfc6d4b" outcome="Passed" testListId="8c84fa94-04c1-424b-9868-57a2d4851a1d" relativeResultsDirectory="5a4c124a-08fb-4ef4-8fbf-e1ac0f26d2e5" />
    <UnitTestResult executionId="e7472d54-75bb-47fe-9443-5a1d8e4b97c0" testId="b2ae6430-afe9-0499-92cf-dc71e4986d5a" testName="Microsoft.VisualStudio.Services.Agent.Tests.Worker.Container.ContainerInfoL0.TranslateContainerPathForImageOSTestsUnixLikeToLinux" computerName="ComputerName" duration="00:00:00.0045961" startTime="2024-05-08T09:40:51.3430977+02:00" endTime="2024-05-08T09:40:51.3430978+02:00" testType="13cdc9d9-ddb5-4fa4-a97d-d965ccfc6d4b" outcome="Passed" testListId="8c84fa94-04c1-424b-9868-57a2d4851a1d" relativeResultsDirectory="e7472d54-75bb-47fe-9443-5a1d8e4b97c0" />
    <UnitTestResult executionId="75440a3d-b65d-42f6-85a1-29fdb60b2780" testId="0178638d-1b5f-20b8-f35c-041f9d418206" testName="Microsoft.VisualStudio.Services.Agent.Tests.Worker.TestResults.TestRunPublisherTests.ReadResultsSendsRunTitleToReader" computerName="ComputerName" duration="00:00:00.0314893" startTime="2024-05-08T09:40:52.5326730+02:00" endTime="2024-05-08T09:40:52.5326731+02:00" testType="13cdc9d9-ddb5-4fa4-a97d-d965ccfc6d4b" outcome="Passed" testListId="8c84fa94-04c1-424b-9868-57a2d4851a1d" relativeResultsDirectory="75440a3d-b65d-42f6-85a1-29fdb60b2780" />
    <UnitTestResult executionId="6e3c036b-8e1d-4c90-98c9-590a3fc6be35" testId="9018cdf7-a2e2-2fde-7eff-c4b9746a519b" testName="Microsoft.VisualStudio.Services.Agent.Tests.Listener.Configuration.ConfigurationManagerL0.CanEnsureMachineGroupAgentConfigureVSTSScenarioWithTags" computerName="ComputerName" duration="00:00:00.5318320" startTime="2024-05-08T09:40:55.8887218+02:00" endTime="2024-05-08T09:40:55.8887219+02:00" testType="13cdc9d9-ddb5-4fa4-a97d-d965ccfc6d4b" outcome="Passed" testListId="8c84fa94-04c1-424b-9868-57a2d4851a1d" relativeResultsDirectory="6e3c036b-8e1d-4c90-98c9-590a3fc6be35" />
    <UnitTestResult executionId="de50798d-9732-468a-9ad5-cafb2be92d67" testId="acf8e79d-1eb0-838a-598a-d803d344097a" testName="Microsoft.VisualStudio.Services.Agent.Tests.Worker.TestResults.NunitResultReaderTests.PublishBasicNUnitResultsAddsResultsFileByDefault" computerName="ComputerName" duration="00:00:00.0119814" startTime="2024-05-08T09:40:53.1639377+02:00" endTime="2024-05-08T09:40:53.1639378+02:00" testType="13cdc9d9-ddb5-4fa4-a97d-d965ccfc6d4b" outcome="Passed" testListId="8c84fa94-04c1-424b-9868-57a2d4851a1d" relativeResultsDirectory="de50798d-9732-468a-9ad5-cafb2be92d67" />
    <UnitTestResult executionId="e1b1f09e-430d-4a11-8c7e-2ea003b78bce" testId="45839b3c-f91f-b448-5f64-c25bd4a10b0d" testName="Microsoft.VisualStudio.Services.Agent.Tests.Util.RepositoryUtilL0.HasMultipleCheckouts_should_return_true_when_set_correctly" computerName="ComputerName" duration="00:00:00.0480004" startTime="2024-05-08T09:40:50.9808483+02:00" endTime="2024-05-08T09:40:50.9808483+02:00" testType="13cdc9d9-ddb5-4fa4-a97d-d965ccfc6d4b" outcome="Passed" testListId="8c84fa94-04c1-424b-9868-57a2d4851a1d" relativeResultsDirectory="e1b1f09e-430d-4a11-8c7e-2ea003b78bce" />
    <UnitTestResult executionId="fa4d1c06-acd1-4735-a93d-5f36e9469023" testId="33c7b5d6-738e-70d1-1699-a1c99fedb872" testName="Microsoft.VisualStudio.Services.Agent.Tests.Worker.Build.TrackingConfigL0.TrackingConfig_parameterless_ctor_should_return_almost_empty_object" computerName="ComputerName" duration="00:00:00.0033467" startTime="2024-05-08T09:40:52.2139686+02:00" endTime="2024-05-08T09:40:52.2139687+02:00" testType="13cdc9d9-ddb5-4fa4-a97d-d965ccfc6d4b" outcome="Passed" testListId="8c84fa94-04c1-424b-9868-57a2d4851a1d" relativeResultsDirectory="fa4d1c06-acd1-4735-a93d-5f36e9469023" />
    <UnitTestResult executionId="1954afcd-961d-4ece-ad1c-59a4c2f425d0" testId="6b355e2e-89c7-e1da-1131-ca87628e3fe7" testName="Microsoft.VisualStudio.Services.Agent.Tests.ProcessInvokerL0.DisableWorkerCommands" computerName="ComputerName" duration="00:00:00.8428664" startTime="2024-05-08T09:40:56.5685689+02:00" endTime="2024-05-08T09:40:56.5685691+02:00" testType="13cdc9d9-ddb5-4fa4-a97d-d965ccfc6d4b" outcome="Passed" testListId="8c84fa94-04c1-424b-9868-57a2d4851a1d" relativeResultsDirectory="1954afcd-961d-4ece-ad1c-59a4c2f425d0" />
    <UnitTestResult executionId="250eefcb-4eb9-42a6-8e4f-499ccec58725" testId="5548422c-2c9a-3a59-dce4-65bac0c6ef47" testName="Microsoft.VisualStudio.Services.Agent.Tests.Worker.ExecutionContextL0.TranslatePathForStepTarget_should_convert_path_only_for_containers(isCheckout: True, jobTarget: null, stepTarget: null)" computerName="ComputerName" duration="00:00:00.0166811" startTime="2024-05-08T09:40:53.4549783+02:00" endTime="2024-05-08T09:40:53.4549784+02:00" testType="13cdc9d9-ddb5-4fa4-a97d-d965ccfc6d4b" outcome="Passed" testListId="8c84fa94-04c1-424b-9868-57a2d4851a1d" relativeResultsDirectory="250eefcb-4eb9-42a6-8e4f-499ccec58725" />
    <UnitTestResult executionId="a656672f-4b0a-47a8-998d-6e2e650c4c7b" testId="42f0f850-5d8a-5c4e-3ee5-b9ea0a6d4fe2" testName="Test.L0.Worker.Release.AgentUtlitiesL0.VetGetPrintableEnvironmentVariables" computerName="ComputerName" duration="00:00:00.0025667" startTime="2024-05-08T09:40:52.8149136+02:00" endTime="2024-05-08T09:40:52.8149137+02:00" testType="13cdc9d9-ddb5-4fa4-a97d-d965ccfc6d4b" outcome="Passed" testListId="8c84fa94-04c1-424b-9868-57a2d4851a1d" relativeResultsDirectory="a656672f-4b0a-47a8-998d-6e2e650c4c7b" />
    <UnitTestResult executionId="f3c14865-1add-4672-8ee7-269b6398ee6f" testId="4fdc9327-589f-5796-b92a-c4654b4bafc4" testName="Microsoft.VisualStudio.Services.Agent.Tests.Listener.AgentAutoLogonTestL0.TestAutoLogonConfigurationForDotAsDomainName" computerName="ComputerName" duration="00:00:00.0351932" startTime="2024-05-08T09:40:53.1136934+02:00" endTime="2024-05-08T09:40:53.1136935+02:00" testType="13cdc9d9-ddb5-4fa4-a97d-d965ccfc6d4b" outcome="Passed" testListId="8c84fa94-04c1-424b-9868-57a2d4851a1d" relativeResultsDirectory="f3c14865-1add-4672-8ee7-269b6398ee6f" />
    <UnitTestResult executionId="86b475ce-6350-4c12-bf47-cd17109687b3" testId="96a5adad-d42f-f256-291e-a3845c041e2b" testName="Microsoft.VisualStudio.Services.Agent.Tests.CommandSettingsL0.ValidateArgs" computerName="ComputerName" duration="00:00:00.0474495" startTime="2024-05-08T09:40:52.2412669+02:00" endTime="2024-05-08T09:40:52.2412670+02:00" testType="13cdc9d9-ddb5-4fa4-a97d-d965ccfc6d4b" outcome="Passed" testListId="8c84fa94-04c1-424b-9868-57a2d4851a1d" relativeResultsDirectory="86b475ce-6350-4c12-bf47-cd17109687b3" />
    <UnitTestResult executionId="96f886f6-64e0-4326-8e0e-5ea88d4d0e18" testId="668e9fe1-2883-2a6f-f542-c1ceeaeffa92" testName="Microsoft.VisualStudio.Services.Agent.Tests.Worker.ExecutionContextL0.TranslatePathForStepTarget_should_convert_path_only_for_containers(isCheckout: True, jobTarget: &quot;container&quot;, stepTarget: null)" computerName="ComputerName" duration="00:00:00.0180798" startTime="2024-05-08T09:40:53.1756616+02:00" endTime="2024-05-08T09:40:53.1756617+02:00" testType="13cdc9d9-ddb5-4fa4-a97d-d965ccfc6d4b" outcome="Passed" testListId="8c84fa94-04c1-424b-9868-57a2d4851a1d" relativeResultsDirectory="96f886f6-64e0-4326-8e0e-5ea88d4d0e18" />
    <UnitTestResult executionId="c0f9fcc5-73ec-4516-88d5-7481c1567551" testId="d262823b-fbd5-d9f1-f868-01a4a550b5ea" testName="Microsoft.VisualStudio.Services.Agent.Tests.HostContextL0.UrlSecretsAreMasked(input: &quot;ssh://example.com/path&quot;, expected: &quot;ssh://example.com/path&quot;)" computerName="ComputerName" duration="00:00:00.0049219" startTime="2024-05-08T09:40:52.4015018+02:00" endTime="2024-05-08T09:40:52.4015020+02:00" testType="13cdc9d9-ddb5-4fa4-a97d-d965ccfc6d4b" outcome="Passed" testListId="8c84fa94-04c1-424b-9868-57a2d4851a1d" relativeResultsDirectory="c0f9fcc5-73ec-4516-88d5-7481c1567551" />
    <UnitTestResult executionId="89b997b7-c8ce-40c0-b0f8-626d912e5bc7" testId="6a45c3f1-eccc-63ad-6a43-72b14cfb95e9" testName="Microsoft.VisualStudio.Services.Agent.Tests.Worker.TaskManagerL0.ReplacesMultipleMacroInstances" computerName="ComputerName" duration="00:00:00.0171025" startTime="2024-05-08T09:40:55.5628184+02:00" endTime="2024-05-08T09:40:55.5628186+02:00" testType="13cdc9d9-ddb5-4fa4-a97d-d965ccfc6d4b" outcome="Passed" testListId="8c84fa94-04c1-424b-9868-57a2d4851a1d" relativeResultsDirectory="89b997b7-c8ce-40c0-b0f8-626d912e5bc7" />
    <UnitTestResult executionId="10253afe-3eb4-46b6-ba3a-d91bf27daf90" testId="b729d9c6-f4ca-a10c-c210-d7658c206cff" testName="Microsoft.VisualStudio.Services.Agent.Tests.Worker.Results.CTestResultReaderTests.VerifyCTestReadResultsDoesNotFailWithoutFinishTime" computerName="ComputerName" duration="00:00:00.0527027" startTime="2024-05-08T09:40:54.3814842+02:00" endTime="2024-05-08T09:40:54.3814843+02:00" testType="13cdc9d9-ddb5-4fa4-a97d-d965ccfc6d4b" outcome="Passed" testListId="8c84fa94-04c1-424b-9868-57a2d4851a1d" relativeResultsDirectory="10253afe-3eb4-46b6-ba3a-d91bf27daf90" />
    <UnitTestResult executionId="4e1295d7-0eab-4cff-b72c-4cc0f43d5ff1" testId="a7719a08-0b16-5212-d0ea-cfea4dd578d6" testName="Microsoft.VisualStudio.Services.Agent.Tests.Worker.Build.BuildDirectoryManagerL0.UpdateDirectory_DontAllowWorkingDirectoryRepositories" computerName="ComputerName" duration="00:00:00.0498901" startTime="2024-05-08T09:40:51.7321914+02:00" endTime="2024-05-08T09:40:51.7321915+02:00" testType="13cdc9d9-ddb5-4fa4-a97d-d965ccfc6d4b" outcome="Passed" testListId="8c84fa94-04c1-424b-9868-57a2d4851a1d" relativeResultsDirectory="4e1295d7-0eab-4cff-b72c-4cc0f43d5ff1" />
    <UnitTestResult executionId="a6c7b3d2-5055-4831-8f71-2bcda431ed28" testId="ace665a3-950a-b4a2-bba1-74fa4f558629" testName="Microsoft.VisualStudio.Services.Agent.Tests.ConstantGenerationL0.ReleaseBuiltFromGitNotFromTarball" computerName="ComputerName" duration="00:00:00.0000645" startTime="2024-05-08T09:40:53.6295458+02:00" endTime="2024-05-08T09:40:53.6295459+02:00" testType="13cdc9d9-ddb5-4fa4-a97d-d965ccfc6d4b" outcome="Passed" testListId="8c84fa94-04c1-424b-9868-57a2d4851a1d" relativeResultsDirectory="a6c7b3d2-5055-4831-8f71-2bcda431ed28" />
    <UnitTestResult executionId="123100a7-4a8a-4ea3-a800-0f5dd8f5b6ee" testId="5b8a68dc-e985-a77e-40ae-3b322dc4f33b" testName="Microsoft.VisualStudio.Services.Agent.Tests.Util.StringUtilL0.ConvertStringToBool" computerName="ComputerName" duration="00:00:00.0026692" startTime="2024-05-08T09:40:54.3840378+02:00" endTime="2024-05-08T09:40:54.3840379+02:00" testType="13cdc9d9-ddb5-4fa4-a97d-d965ccfc6d4b" outcome="Passed" testListId="8c84fa94-04c1-424b-9868-57a2d4851a1d" relativeResultsDirectory="123100a7-4a8a-4ea3-a800-0f5dd8f5b6ee" />
    <UnitTestResult executionId="fe11bc4d-4c38-4be3-a231-f82205cf880e" testId="f6a9a279-168b-11f3-5149-7fa405b82ab1" testName="Microsoft.VisualStudio.Services.Agent.Tests.Listener.Configuration.ConfigurationManagerL0.CanEnsureMachineGroupAgentConfigureOnPremScenario" computerName="ComputerName" duration="00:00:00.2460232" startTime="2024-05-08T09:40:56.1350587+02:00" endTime="2024-05-08T09:40:56.1350588+02:00" testType="13cdc9d9-ddb5-4fa4-a97d-d965ccfc6d4b" outcome="Passed" testListId="8c84fa94-04c1-424b-9868-57a2d4851a1d" relativeResultsDirectory="fe11bc4d-4c38-4be3-a231-f82205cf880e" />
    <UnitTestResult executionId="c7695c89-4f4e-4cfb-9df0-7ba880dbf0c5" testId="f7ecb4fa-52e4-9123-ae3f-3163f6798305" testName="Test.L0.Worker.Release.ReleaseDirectoryManagerL0.PrepareArtifactsDirectoryShouldReturnValidMapIfTheWorkingDirectoryContainsFolders" computerName="ComputerName" duration="00:00:00.0237420" startTime="2024-05-08T09:40:51.0656614+02:00" endTime="2024-05-08T09:40:51.0656615+02:00" testType="13cdc9d9-ddb5-4fa4-a97d-d965ccfc6d4b" outcome="Passed" testListId="8c84fa94-04c1-424b-9868-57a2d4851a1d" relativeResultsDirectory="c7695c89-4f4e-4cfb-9df0-7ba880dbf0c5" />
    <UnitTestResult executionId="d87d4499-c483-409d-b48a-a433876bd403" testId="07fa9252-b4f1-0f20-eb9c-df982688b64d" testName="Microsoft.VisualStudio.Services.Agent.Tests.Worker.Build.TfsVCSourceProviderL0.InterpretsSingleLevel" computerName="ComputerName" duration="00:00:00.0027201" startTime="2024-05-08T09:40:53.8305550+02:00" endTime="2024-05-08T09:40:53.8305551+02:00" testType="13cdc9d9-ddb5-4fa4-a97d-d965ccfc6d4b" outcome="Passed" testListId="8c84fa94-04c1-424b-9868-57a2d4851a1d" relativeResultsDirectory="d87d4499-c483-409d-b48a-a433876bd403" />
    <UnitTestResult executionId="e38af542-a911-418e-a413-0fbd69783bf1" testId="7af837ff-c723-73e8-aa45-5cd15a5a659f" testName="Microsoft.VisualStudio.Services.Agent.Tests.SecretMaskerL0.SecretMaskerTests_RemoveShortRegexes" computerName="ComputerName" duration="00:00:00.0022058" startTime="2024-05-08T09:40:52.7503173+02:00" endTime="2024-05-08T09:40:52.7503174+02:00" testType="13cdc9d9-ddb5-4fa4-a97d-d965ccfc6d4b" outcome="Passed" testListId="8c84fa94-04c1-424b-9868-57a2d4851a1d" relativeResultsDirectory="e38af542-a911-418e-a413-0fbd69783bf1" />
    <UnitTestResult executionId="77baccd4-176e-4506-9a7e-c47e8a7d4527" testId="2ababcf8-6bc7-65b0-f27a-0959b1119ef6" testName="Microsoft.VisualStudio.Services.Agent.Tests.NodeHandlerL0.UseNewNodeForNewNodeHandler(nodeVersion: &quot;node10&quot;)" computerName="ComputerName" duration="00:00:00.0192509" startTime="2024-05-08T09:40:52.6294375+02:00" endTime="2024-05-08T09:40:52.6294376+02:00" testType="13cdc9d9-ddb5-4fa4-a97d-d965ccfc6d4b" outcome="Passed" testListId="8c84fa94-04c1-424b-9868-57a2d4851a1d" relativeResultsDirectory="77baccd4-176e-4506-9a7e-c47e8a7d4527" />
    <UnitTestResult executionId="3bf8cc21-db8b-4d4f-a2dc-53653a03b205" testId="6226a0be-8446-49c8-3dc3-4bed6f174608" testName="Microsoft.VisualStudio.Services.Agent.Tests.Util.TaskResultUtilL0.TaskResultReturnCodeTranslate" computerName="ComputerName" duration="00:00:00.0294747" startTime="2024-05-08T09:40:54.4329921+02:00" endTime="2024-05-08T09:40:54.4329921+02:00" testType="13cdc9d9-ddb5-4fa4-a97d-d965ccfc6d4b" outcome="Passed" testListId="8c84fa94-04c1-424b-9868-57a2d4851a1d" relativeResultsDirectory="3bf8cc21-db8b-4d4f-a2dc-53653a03b205" />
    <UnitTestResult executionId="30cfa86a-9c5e-4840-9524-28cc6d3d9cf7" testId="b909a6a5-6b2d-da93-6f6a-83302fbc0a70" testName="Microsoft.VisualStudio.Services.Agent.Tests.Worker.Build.GitSourceProviderL0.TestSetGitConfiguration(featureFlagsStatus: False)" computerName="ComputerName" duration="00:00:00.0414143" startTime="2024-05-08T09:40:51.8446666+02:00" endTime="2024-05-08T09:40:51.8446667+02:00" testType="13cdc9d9-ddb5-4fa4-a97d-d965ccfc6d4b" outcome="Passed" testListId="8c84fa94-04c1-424b-9868-57a2d4851a1d" relativeResultsDirectory="30cfa86a-9c5e-4840-9524-28cc6d3d9cf7" />
    <UnitTestResult executionId="f4b66eb3-6878-404c-9fbf-41237abbe5eb" testId="6face593-1535-4097-15b0-32e158fa0c45" testName="Microsoft.VisualStudio.Services.Agent.Tests.Listener.UserCapabilitiesProviderTestL0.TestGetCapabilitiesWithDotCapabilities" computerName="ComputerName" duration="00:00:00.0370677" startTime="2024-05-08T09:40:53.0674331+02:00" endTime="2024-05-08T09:40:53.0674332+02:00" testType="13cdc9d9-ddb5-4fa4-a97d-d965ccfc6d4b" outcome="Passed" testListId="8c84fa94-04c1-424b-9868-57a2d4851a1d" relativeResultsDirectory="f4b66eb3-6878-404c-9fbf-41237abbe5eb" />
    <UnitTestResult executionId="fb6b913e-534b-4970-9dae-91c28a82af4c" testId="11c80d87-aad8-6a52-7ad1-726d733f76e4" testName="Microsoft.VisualStudio.Services.Agent.Tests.Listener.PipelineParserL0.PhaseVariables_Simple" computerName="ComputerName" duration="00:00:00.2102840" startTime="2024-05-08T09:40:54.2004270+02:00" endTime="2024-05-08T09:40:54.2004272+02:00" testType="13cdc9d9-ddb5-4fa4-a97d-d965ccfc6d4b" outcome="Passed" testListId="8c84fa94-04c1-424b-9868-57a2d4851a1d" relativeResultsDirectory="fb6b913e-534b-4970-9dae-91c28a82af4c" />
    <UnitTestResult executionId="dd6f6118-c264-4257-99db-306d68be95d4" testId="c12f8b3d-2f71-7a6b-89a2-2e5962ee4802" testName="Microsoft.VisualStudio.Services.Agent.Tests.Worker.StepsRunnerL0.RunsAlwaysSteps" computerName="ComputerName" duration="00:00:00.2139972" startTime="2024-05-08T09:40:52.2393143+02:00" endTime="2024-05-08T09:40:52.2393144+02:00" testType="13cdc9d9-ddb5-4fa4-a97d-d965ccfc6d4b" outcome="Passed" testListId="8c84fa94-04c1-424b-9868-57a2d4851a1d" relativeResultsDirectory="dd6f6118-c264-4257-99db-306d68be95d4" />
    <UnitTestResult executionId="782d3510-d2b9-417f-9158-75e704ab039f" testId="124a5b82-7741-4cc0-0b92-e075e8aac13e" testName="Microsoft.VisualStudio.Services.Agent.Tests.Worker.CodeCoverage.CodeCoverageUtilitiesTests.CopyFilesWithDirectoryStructureWhenInputIsNull" computerName="ComputerName" duration="00:00:00.0002213" startTime="2024-05-08T09:40:53.8244053+02:00" endTime="2024-05-08T09:40:53.8244054+02:00" testType="13cdc9d9-ddb5-4fa4-a97d-d965ccfc6d4b" outcome="Passed" testListId="8c84fa94-04c1-424b-9868-57a2d4851a1d" relativeResultsDirectory="782d3510-d2b9-417f-9158-75e704ab039f" />
    <UnitTestResult executionId="fd22971c-053b-4016-be54-8eaa81f32bef" testId="1caf43b3-66de-b76b-282b-66c955c819ff" testName="Microsoft.VisualStudio.Services.Agent.Tests.Listener.Configuration.PromptManagerTestsL0.ThrowsWhenUnattended" computerName="ComputerName" duration="00:00:00.0260708" startTime="2024-05-08T09:40:51.4448409+02:00" endTime="2024-05-08T09:40:51.4448410+02:00" testType="13cdc9d9-ddb5-4fa4-a97d-d965ccfc6d4b" outcome="Passed" testListId="8c84fa94-04c1-424b-9868-57a2d4851a1d" relativeResultsDirectory="fd22971c-053b-4016-be54-8eaa81f32bef" />
    <UnitTestResult executionId="e36d0dc0-7433-4f60-8b64-ca83e2a5e2ac" testId="9e2be9d8-283a-e3cd-7db7-33461e46f42f" testName="Microsoft.VisualStudio.Services.Agent.Tests.Util.RepositoryUtilL0.IsPrimaryRepositoryName_should_work_correctly" computerName="ComputerName" duration="00:00:00.0058143" startTime="2024-05-08T09:40:51.0221309+02:00" endTime="2024-05-08T09:40:51.0221313+02:00" testType="13cdc9d9-ddb5-4fa4-a97d-d965ccfc6d4b" outcome="Passed" testListId="8c84fa94-04c1-424b-9868-57a2d4851a1d" relativeResultsDirectory="e36d0dc0-7433-4f60-8b64-ca83e2a5e2ac" />
    <UnitTestResult executionId="ca76b134-ae14-414e-8324-6593bcc8197c" testId="ec681d95-bbd8-b008-e21a-60d83d0bb04c" testName="Microsoft.VisualStudio.Services.Agent.Tests.Worker.CodeCoverage.JacocoSummaryReaderTests.VerifyJacocoCoverageStatisticsForValidSummaryFile" computerName="ComputerName" duration="00:00:00.0087274" startTime="2024-05-08T09:40:55.0976685+02:00" endTime="2024-05-08T09:40:55.0976687+02:00" testType="13cdc9d9-ddb5-4fa4-a97d-d965ccfc6d4b" outcome="Passed" testListId="8c84fa94-04c1-424b-9868-57a2d4851a1d" relativeResultsDirectory="ca76b134-ae14-414e-8324-6593bcc8197c" />
    <UnitTestResult executionId="3b2a0fd0-865d-408a-8cf8-2ffbc145d4f5" testId="68101d3b-68c7-93f8-bbe7-80a8578c4737" testName="Microsoft.VisualStudio.Services.Agent.Tests.LoggedSecretMaskerL0.LoggedSecretMasker_NegativeValue_Passed" computerName="ComputerName" duration="00:00:00.0003026" startTime="2024-05-08T09:40:53.9662688+02:00" endTime="2024-05-08T09:40:53.9662689+02:00" testType="13cdc9d9-ddb5-4fa4-a97d-d965ccfc6d4b" outcome="Passed" testListId="8c84fa94-04c1-424b-9868-57a2d4851a1d" relativeResultsDirectory="3b2a0fd0-865d-408a-8cf8-2ffbc145d4f5" />
    <UnitTestResult executionId="726a97f3-2cb1-40ae-bd3f-861704631640" testId="8d0766dd-16e4-d23e-faec-59c240c48793" testName="Microsoft.VisualStudio.Services.Agent.Tests.Worker.VariablesL0.RecalculateExpanded_PerformsRecalculation" computerName="ComputerName" duration="00:00:00.0367510" startTime="2024-05-08T09:40:51.9181813+02:00" endTime="2024-05-08T09:40:51.9181814+02:00" testType="13cdc9d9-ddb5-4fa4-a97d-d965ccfc6d4b" outcome="Passed" testListId="8c84fa94-04c1-424b-9868-57a2d4851a1d" relativeResultsDirectory="726a97f3-2cb1-40ae-bd3f-861704631640" />
    <UnitTestResult executionId="25941346-f073-4a09-9b89-2eee466e217c" testId="c36ce6e6-c316-283f-b481-1c58919d697c" testName="Microsoft.VisualStudio.Services.Agent.Tests.Worker.JobRunnerL0.JobExtensionInitializeFailure" computerName="ComputerName" duration="00:00:00.1275762" startTime="2024-05-08T09:40:52.1419407+02:00" endTime="2024-05-08T09:40:52.1419408+02:00" testType="13cdc9d9-ddb5-4fa4-a97d-d965ccfc6d4b" outcome="Passed" testListId="8c84fa94-04c1-424b-9868-57a2d4851a1d" relativeResultsDirectory="25941346-f073-4a09-9b89-2eee466e217c" />
    <UnitTestResult executionId="3f4412d1-6183-4d26-b252-fd39b8be688d" testId="5bf26135-cffc-e583-fb69-660eedb3d213" testName="Microsoft.VisualStudio.Services.Agent.Tests.Worker.TestResults.XUnitResultReaderTests.ReadsResultsReturnsCorrectValuesInDifferentCulture" computerName="ComputerName" duration="00:00:00.0243866" startTime="2024-05-08T09:40:53.0227710+02:00" endTime="2024-05-08T09:40:53.0227711+02:00" testType="13cdc9d9-ddb5-4fa4-a97d-d965ccfc6d4b" outcome="Passed" testListId="8c84fa94-04c1-424b-9868-57a2d4851a1d" relativeResultsDirectory="3f4412d1-6183-4d26-b252-fd39b8be688d" />
    <UnitTestResult executionId="062f9a2e-37f5-4362-8941-25c4d449dd1a" testId="35b8f05e-0e8e-4a04-32d7-1b3ca4ad4e40" testName="Microsoft.VisualStudio.Services.Agent.Tests.Util.IOUtilL0.DeleteDirectory_DeletesWithRetry_Success" computerName="ComputerName" duration="00:00:00.0050263" startTime="2024-05-08T09:41:04.8163809+02:00" endTime="2024-05-08T09:41:04.8163813+02:00" testType="13cdc9d9-ddb5-4fa4-a97d-d965ccfc6d4b" outcome="Passed" testListId="8c84fa94-04c1-424b-9868-57a2d4851a1d" relativeResultsDirectory="062f9a2e-37f5-4362-8941-25c4d449dd1a" />
    <UnitTestResult executionId="4aa03b91-fcbc-4e58-bc77-1e71352bd2fa" testId="52f7d93b-fbd4-64db-d0a3-f16fc4e561f7" testName="Microsoft.VisualStudio.Services.Agent.Tests.Worker.TaskCommandExtensionL0.SetEndpointInvalidEndpointField" computerName="ComputerName" duration="00:00:00.0046667" startTime="2024-05-08T09:40:53.0204574+02:00" endTime="2024-05-08T09:40:53.0204575+02:00" testType="13cdc9d9-ddb5-4fa4-a97d-d965ccfc6d4b" outcome="Passed" testListId="8c84fa94-04c1-424b-9868-57a2d4851a1d" relativeResultsDirectory="4aa03b91-fcbc-4e58-bc77-1e71352bd2fa" />
    <UnitTestResult executionId="9539e679-5acb-4101-83d7-e6a351a337a8" testId="61e73309-432c-0904-b94b-e6f9bc3dd8a1" testName="Microsoft.VisualStudio.Services.Agent.Tests.Worker.TestResults.JunitResultReaderTests.PublishBasicNestedJUnitResults" computerName="ComputerName" duration="00:00:00.0189627" startTime="2024-05-08T09:40:55.3935004+02:00" endTime="2024-05-08T09:40:55.3935005+02:00" testType="13cdc9d9-ddb5-4fa4-a97d-d965ccfc6d4b" outcome="Passed" testListId="8c84fa94-04c1-424b-9868-57a2d4851a1d" relativeResultsDirectory="9539e679-5acb-4101-83d7-e6a351a337a8" />
    <UnitTestResult executionId="86972f99-0a20-47a6-9b39-1f1847233039" testId="7514f387-da0f-a4c8-653e-14dd3464775e" testName="Microsoft.VisualStudio.Services.Agent.Tests.Worker.Build.TfsVCCommandManagerL0.FeaturesEnumHasCorrectValues" computerName="ComputerName" duration="00:00:00.0030946" startTime="2024-05-08T09:40:52.3035856+02:00" endTime="2024-05-08T09:40:52.3035857+02:00" testType="13cdc9d9-ddb5-4fa4-a97d-d965ccfc6d4b" outcome="Passed" testListId="8c84fa94-04c1-424b-9868-57a2d4851a1d" relativeResultsDirectory="86972f99-0a20-47a6-9b39-1f1847233039" />
    <UnitTestResult executionId="275406ca-c5de-4d4e-bcf2-16cee6fc075e" testId="b0c17e4b-59cc-dfa2-58aa-2d20753b2793" testName="Microsoft.VisualStudio.Services.Agent.Tests.Worker.TaskCommandExtensionL0.IssueSourceValidationFailedBecauseCorrelationIdWasInvalid" computerName="ComputerName" duration="00:00:00.0139673" startTime="2024-05-08T09:40:52.9532689+02:00" endTime="2024-05-08T09:40:52.9532690+02:00" testType="13cdc9d9-ddb5-4fa4-a97d-d965ccfc6d4b" outcome="Passed" testListId="8c84fa94-04c1-424b-9868-57a2d4851a1d" relativeResultsDirectory="275406ca-c5de-4d4e-bcf2-16cee6fc075e" />
    <UnitTestResult executionId="99796447-de02-4b26-a13b-9922202b12a4" testId="de5cd456-1702-81b1-5de8-c4904881bad2" testName="Microsoft.VisualStudio.Services.Agent.Tests.Listener.JobDispatcherL0.DispatcherRenewJobRequestStopOnJobTokenExpiredExceptions" computerName="ComputerName" duration="00:00:00.0106237" startTime="2024-05-08T09:40:53.6570146+02:00" endTime="2024-05-08T09:40:53.6570147+02:00" testType="13cdc9d9-ddb5-4fa4-a97d-d965ccfc6d4b" outcome="Passed" testListId="8c84fa94-04c1-424b-9868-57a2d4851a1d" relativeResultsDirectory="99796447-de02-4b26-a13b-9922202b12a4" />
    <UnitTestResult executionId="bef4b5ab-531f-4cd1-ad10-8377a0669902" testId="144fccd4-38b6-cdc7-f663-2b4e9062d472" testName="Microsoft.VisualStudio.Services.Agent.Tests.Worker.WorkerL0.VerifyJobRequestMessageVsoCommandsDeactivatedIfVariableCasesNotMatch" computerName="ComputerName" duration="00:00:00.0004344" startTime="2024-05-08T09:40:53.4598633+02:00" endTime="2024-05-08T09:40:53.4598634+02:00" testType="13cdc9d9-ddb5-4fa4-a97d-d965ccfc6d4b" outcome="Passed" testListId="8c84fa94-04c1-424b-9868-57a2d4851a1d" relativeResultsDirectory="bef4b5ab-531f-4cd1-ad10-8377a0669902" />
    <UnitTestResult executionId="ad13727c-27d2-4ca9-bbb6-34d309a8454d" testId="8bc875ba-c1ff-ee10-d29f-a39f04c7c8ef" testName="Microsoft.VisualStudio.Services.Agent.Tests.Worker.CodeCoverage.CodeCoverageUtilitiesTests.ThrowsIfParameterNull" computerName="ComputerName" duration="00:00:00.0009686" startTime="2024-05-08T09:40:53.7634531+02:00" endTime="2024-05-08T09:40:53.7634533+02:00" testType="13cdc9d9-ddb5-4fa4-a97d-d965ccfc6d4b" outcome="Passed" testListId="8c84fa94-04c1-424b-9868-57a2d4851a1d" relativeResultsDirectory="ad13727c-27d2-4ca9-bbb6-34d309a8454d" />
    <UnitTestResult executionId="3fc5bce0-9da1-4f41-aa98-11ec6e51413f" testId="49c85f5d-6c9c-577c-a924-71a73bf445d6" testName="Microsoft.VisualStudio.Services.Agent.Tests.SecretMaskerL0.SecretMaskerTests_HandlesNoMasks" computerName="ComputerName" duration="00:00:00.0002391" startTime="2024-05-08T09:40:52.7793678+02:00" endTime="2024-05-08T09:40:52.7793679+02:00" testType="13cdc9d9-ddb5-4fa4-a97d-d965ccfc6d4b" outcome="Passed" testListId="8c84fa94-04c1-424b-9868-57a2d4851a1d" relativeResultsDirectory="3fc5bce0-9da1-4f41-aa98-11ec6e51413f" />
    <UnitTestResult executionId="64ef1107-18f1-44e2-9991-912a8e9821bb" testId="1aa04f94-74f9-b5c1-39ac-4c776b4eacc3" testName="Microsoft.VisualStudio.Services.Agent.Tests.KnobL0.DeprecatedKnobTests" computerName="ComputerName" duration="00:00:00.0003154" startTime="2024-05-08T09:40:53.4971752+02:00" endTime="2024-05-08T09:40:53.4971753+02:00" testType="13cdc9d9-ddb5-4fa4-a97d-d965ccfc6d4b" outcome="Passed" testListId="8c84fa94-04c1-424b-9868-57a2d4851a1d" relativeResultsDirectory="64ef1107-18f1-44e2-9991-912a8e9821bb" />
    <UnitTestResult executionId="66c0cc9e-a64c-42af-8399-c6ffaecf7352" testId="db9a35ba-63ac-1467-3d7e-76467e244d0e" testName="Microsoft.VisualStudio.Services.Agent.Tests.Worker.Build.TfsVCSourceProviderL0.NormalizesSingleLevelServerPath" computerName="ComputerName" duration="00:00:00.0046229" startTime="2024-05-08T09:40:53.7858224+02:00" endTime="2024-05-08T09:40:53.7858225+02:00" testType="13cdc9d9-ddb5-4fa4-a97d-d965ccfc6d4b" outcome="Passed" testListId="8c84fa94-04c1-424b-9868-57a2d4851a1d" relativeResultsDirectory="66c0cc9e-a64c-42af-8399-c6ffaecf7352" />
    <UnitTestResult executionId="8f685d61-3725-4899-bc6f-b498ed453612" testId="1cae0dcb-fc8e-974d-0fd9-dd5b490618ed" testName="Microsoft.VisualStudio.Services.Agent.Tests.SecretMaskerL0.SecretMaskerTests_MinLengthSetThroughConstructor" computerName="ComputerName" duration="00:00:00.0001840" startTime="2024-05-08T09:40:52.7520994+02:00" endTime="2024-05-08T09:40:52.7520996+02:00" testType="13cdc9d9-ddb5-4fa4-a97d-d965ccfc6d4b" outcome="Passed" testListId="8c84fa94-04c1-424b-9868-57a2d4851a1d" relativeResultsDirectory="8f685d61-3725-4899-bc6f-b498ed453612" />
    <UnitTestResult executionId="90076d17-91ea-4b04-8d4e-2bc339f4bea7" testId="d0a35ee3-be71-3630-fcd9-a28999f9ee52" testName="Microsoft.VisualStudio.Services.Agent.Tests.ConstantGenerationL0.BuildConstantGenerateSucceed" computerName="ComputerName" duration="00:00:00.0005019" startTime="2024-05-08T09:40:53.6276732+02:00" endTime="2024-05-08T09:40:53.6276733+02:00" testType="13cdc9d9-ddb5-4fa4-a97d-d965ccfc6d4b" outcome="Passed" testListId="8c84fa94-04c1-424b-9868-57a2d4851a1d" relativeResultsDirectory="90076d17-91ea-4b04-8d4e-2bc339f4bea7" />
    <UnitTestResult executionId="7fd8da40-b0fd-4da6-beda-021ea44c855e" testId="55e5a409-62f2-9662-7c9c-c63bb10d25f1" testName="Microsoft.VisualStudio.Services.Agent.Tests.CommandSettingsL0.PromptsForDeploymentPoolName" computerName="ComputerName" duration="00:00:00.0073553" startTime="2024-05-08T09:40:51.5169207+02:00" endTime="2024-05-08T09:40:51.5169234+02:00" testType="13cdc9d9-ddb5-4fa4-a97d-d965ccfc6d4b" outcome="Passed" testListId="8c84fa94-04c1-424b-9868-57a2d4851a1d" relativeResultsDirectory="7fd8da40-b0fd-4da6-beda-021ea44c855e" />
    <UnitTestResult executionId="a75648cc-c497-40c5-9cdc-774229861c39" testId="45a115d3-72dd-4762-a998-e33b0e29508e" testName="Microsoft.VisualStudio.Services.Agent.Tests.Worker.Results.CTestResultReaderTests.VerifyCTestReadResultsDoesNotFailWithoutStartTime" computerName="ComputerName" duration="00:00:00.0304240" startTime="2024-05-08T09:40:54.4161773+02:00" endTime="2024-05-08T09:40:54.4161774+02:00" testType="13cdc9d9-ddb5-4fa4-a97d-d965ccfc6d4b" outcome="Passed" testListId="8c84fa94-04c1-424b-9868-57a2d4851a1d" relativeResultsDirectory="a75648cc-c497-40c5-9cdc-774229861c39" />
    <UnitTestResult executionId="84ca8e52-8c6e-4bf3-9e17-d1b07eda285b" testId="267fe64e-7307-1968-9c1f-55e59202a962" testName="Test.L0.Plugin.TestResultParser.PipelineTestRunPublisherL0.PipelineTestRunPublisher_PublishTestRun_ForBatchedResults" computerName="ComputerName" duration="00:00:00.0180382" startTime="2024-05-08T09:40:55.1068217+02:00" endTime="2024-05-08T09:40:55.1068218+02:00" testType="13cdc9d9-ddb5-4fa4-a97d-d965ccfc6d4b" outcome="Passed" testListId="8c84fa94-04c1-424b-9868-57a2d4851a1d" relativeResultsDirectory="84ca8e52-8c6e-4bf3-9e17-d1b07eda285b" />
    <UnitTestResult executionId="19e66757-7715-4372-aa6c-6958e7db73fb" testId="27ad209c-894b-ae34-a71c-5d3383ae7be1" testName="Test.L0.Worker.Handlers.CmdArgsSanitizerL0.EmptyLineTest" computerName="ComputerName" duration="00:00:00.0001393" startTime="2024-05-08T09:40:53.5665023+02:00" endTime="2024-05-08T09:40:53.5665025+02:00" testType="13cdc9d9-ddb5-4fa4-a97d-d965ccfc6d4b" outcome="Passed" testListId="8c84fa94-04c1-424b-9868-57a2d4851a1d" relativeResultsDirectory="19e66757-7715-4372-aa6c-6958e7db73fb" />
    <UnitTestResult executionId="e90279c8-9215-4187-babb-67e600825cba" testId="e897ce30-4ba6-7b41-316b-51abfd38996f" testName="Microsoft.VisualStudio.Services.Agent.Tests.Util.IOUtilL0.DeleteDirectory_DoesNotFollowDirectoryReparsePoint" computerName="ComputerName" duration="00:00:00.1814081" startTime="2024-05-08T09:40:56.4341181+02:00" endTime="2024-05-08T09:40:56.4341183+02:00" testType="13cdc9d9-ddb5-4fa4-a97d-d965ccfc6d4b" outcome="Passed" testListId="8c84fa94-04c1-424b-9868-57a2d4851a1d" relativeResultsDirectory="e90279c8-9215-4187-babb-67e600825cba" />
    <UnitTestResult executionId="af0f9ba2-7884-416d-a93b-ddb452dc9406" testId="4482b52c-e195-885a-3013-2eb2f0fb5233" testName="Microsoft.VisualStudio.Services.Agent.Tests.Worker.Telemetry.TelemetryCommandExtensionTests.PublishTelemetryCommandWithCiProps" computerName="ComputerName" duration="00:00:00.0367281" startTime="2024-05-08T09:40:52.0029890+02:00" endTime="2024-05-08T09:40:52.0029891+02:00" testType="13cdc9d9-ddb5-4fa4-a97d-d965ccfc6d4b" outcome="Passed" testListId="8c84fa94-04c1-424b-9868-57a2d4851a1d" relativeResultsDirectory="af0f9ba2-7884-416d-a93b-ddb452dc9406" />
    <UnitTestResult executionId="444ee624-c8d1-458f-becb-2d5f61ac7de6" testId="d4e57290-14ae-c98a-e37b-6052a4bdc47c" testName="Microsoft.VisualStudio.Services.Agent.Tests.ProxyConfigL0.IsNotUseRawHttpClientHandler" computerName="ComputerName" duration="00:00:00.5869323" startTime="2024-05-08T09:40:54.9118615+02:00" endTime="2024-05-08T09:40:54.9118616+02:00" testType="13cdc9d9-ddb5-4fa4-a97d-d965ccfc6d4b" outcome="Passed" testListId="8c84fa94-04c1-424b-9868-57a2d4851a1d" relativeResultsDirectory="444ee624-c8d1-458f-becb-2d5f61ac7de6" />
    <UnitTestResult executionId="a06bccb2-ac30-424d-a75c-3fa77df96077" testId="798a918c-fe15-3e74-3727-53c262e057b4" testName="Microsoft.VisualStudio.Services.Agent.Tests.Plugin.RepositoryPluginL0.RepositoryPlugin_ValidPathInput_AllowWorkingDirectoryRepositorie" computerName="ComputerName" duration="00:00:00.1160038" startTime="2024-05-08T09:40:52.1144570+02:00" endTime="2024-05-08T09:40:52.1144571+02:00" testType="13cdc9d9-ddb5-4fa4-a97d-d965ccfc6d4b" outcome="Passed" testListId="8c84fa94-04c1-424b-9868-57a2d4851a1d" relativeResultsDirectory="a06bccb2-ac30-424d-a75c-3fa77df96077" />
    <UnitTestResult executionId="ebb24b8f-0d54-4200-bc6f-616d6a781dfe" testId="ef75a2fa-9fbe-4306-45f9-71d2e7c582f7" testName="Microsoft.VisualStudio.Services.Agent.Tests.Worker.CodeCoverage.CodeCoverageCommandExtensionTests.PublishCCWithBothReportDirectoryAndAdditioanlFilesInputs" computerName="ComputerName" duration="00:00:00.0604540" startTime="2024-05-08T09:40:53.0816940+02:00" endTime="2024-05-08T09:40:53.0816941+02:00" testType="13cdc9d9-ddb5-4fa4-a97d-d965ccfc6d4b" outcome="Passed" testListId="8c84fa94-04c1-424b-9868-57a2d4851a1d" relativeResultsDirectory="ebb24b8f-0d54-4200-bc6f-616d6a781dfe" />
    <UnitTestResult executionId="4c673962-8fe1-4f06-879a-8eb36ac161d9" testId="529efdee-56bf-8075-5824-e27df1e6014f" testName="Microsoft.VisualStudio.Services.Agent.Tests.CommandSettingsL0.PromptsForPassword" computerName="ComputerName" duration="00:00:00.0079594" startTime="2024-05-08T09:40:51.5048699+02:00" endTime="2024-05-08T09:40:51.5048699+02:00" testType="13cdc9d9-ddb5-4fa4-a97d-d965ccfc6d4b" outcome="Passed" testListId="8c84fa94-04c1-424b-9868-57a2d4851a1d" relativeResultsDirectory="4c673962-8fe1-4f06-879a-8eb36ac161d9" />
    <UnitTestResult executionId="700b7b7f-1ee7-4c4a-8e71-bfcbb3fa638f" testId="9ee0025f-855c-6756-749e-428b2bb49b12" testName="Microsoft.VisualStudio.Services.Agent.Tests.NodeHandlerL0.UseFirstAvailableNodeIfUseNodeKnobIsUpgrade" computerName="ComputerName" duration="00:00:00.0410209" startTime="2024-05-08T09:40:52.6964210+02:00" endTime="2024-05-08T09:40:52.6964211+02:00" testType="13cdc9d9-ddb5-4fa4-a97d-d965ccfc6d4b" outcome="Passed" testListId="8c84fa94-04c1-424b-9868-57a2d4851a1d" relativeResultsDirectory="700b7b7f-1ee7-4c4a-8e71-bfcbb3fa638f" />
    <UnitTestResult executionId="e3250a90-eb9e-459e-9e48-a6955c77d3f6" testId="c049650e-5c8a-963e-901b-d243341dac60" testName="Microsoft.VisualStudio.Services.Agent.Tests.Worker.WorkerCommandManagerL0.SimpleTests" computerName="ComputerName" duration="00:00:00.0013651" startTime="2024-05-08T09:40:54.0950318+02:00" endTime="2024-05-08T09:40:54.0950319+02:00" testType="13cdc9d9-ddb5-4fa4-a97d-d965ccfc6d4b" outcome="Passed" testListId="8c84fa94-04c1-424b-9868-57a2d4851a1d" relativeResultsDirectory="e3250a90-eb9e-459e-9e48-a6955c77d3f6" />
    <UnitTestResult executionId="0073b118-0ecb-446f-ab52-ba83061dceb2" testId="20f5d9ff-2333-d0c9-88de-f13c26a6165c" testName="Microsoft.VisualStudio.Services.Agent.Tests.Listener.AgentL0.TestRunAsync" computerName="ComputerName" duration="00:00:00.1317138" startTime="2024-05-08T09:40:55.4149179+02:00" endTime="2024-05-08T09:40:55.4149180+02:00" testType="13cdc9d9-ddb5-4fa4-a97d-d965ccfc6d4b" outcome="Passed" testListId="8c84fa94-04c1-424b-9868-57a2d4851a1d" relativeResultsDirectory="0073b118-0ecb-446f-ab52-ba83061dceb2" />
    <UnitTestResult executionId="44730e34-1243-42af-b313-9397ade567da" testId="85a81773-53d2-bfde-ff29-a2e4d0df0303" testName="Microsoft.VisualStudio.Services.Agent.Tests.Worker.TestResults.TrxReaderTests.ReadsResultsReturnsCorrectValuesForHierarchicalResults" computerName="ComputerName" duration="00:00:00.1151375" startTime="2024-05-08T09:40:54.1080636+02:00" endTime="2024-05-08T09:40:54.1080639+02:00" testType="13cdc9d9-ddb5-4fa4-a97d-d965ccfc6d4b" outcome="Passed" testListId="8c84fa94-04c1-424b-9868-57a2d4851a1d" relativeResultsDirectory="44730e34-1243-42af-b313-9397ade567da" />
    <UnitTestResult executionId="a781257a-74a1-47e1-bfdf-0df0b951f0a5" testId="74673a89-9840-c0be-dd1c-416118978760" testName="Microsoft.VisualStudio.Services.Agent.Tests.Worker.CodeCoverage.JacocoSummaryReaderTests.VerifyInvalidXmlFile" computerName="ComputerName" duration="00:00:00.0059607" startTime="2024-05-08T09:40:55.0927480+02:00" endTime="2024-05-08T09:40:55.0927482+02:00" testType="13cdc9d9-ddb5-4fa4-a97d-d965ccfc6d4b" outcome="Passed" testListId="8c84fa94-04c1-424b-9868-57a2d4851a1d" relativeResultsDirectory="a781257a-74a1-47e1-bfdf-0df0b951f0a5" />
    <UnitTestResult executionId="3ec495c9-b0ac-4101-a6f3-1895ab080dc1" testId="096e789d-68e0-97b8-6e94-1e5c47e222e0" testName="Microsoft.VisualStudio.Services.Agent.Tests.SecretMaskerL0.IsSimpleUrlNotMasked" computerName="ComputerName" duration="00:00:00.0148567" startTime="2024-05-08T09:40:52.6933963+02:00" endTime="2024-05-08T09:40:52.6933964+02:00" testType="13cdc9d9-ddb5-4fa4-a97d-d965ccfc6d4b" outcome="Passed" testListId="8c84fa94-04c1-424b-9868-57a2d4851a1d" relativeResultsDirectory="3ec495c9-b0ac-4101-a6f3-1895ab080dc1" />
    <UnitTestResult executionId="ab61dacc-1d42-4855-930d-0ee90c2abed7" testId="840bafc5-ca42-33eb-e018-172af931086d" testName="Microsoft.VisualStudio.Services.Agent.Tests.Worker.CodeCoverage.CodeCoverageCommandExtensionTests.PublishCodeCoverageWithNoSummaryFileInput" computerName="ComputerName" duration="00:00:00.0057266" startTime="2024-05-08T09:40:52.8084447+02:00" endTime="2024-05-08T09:40:52.8084447+02:00" testType="13cdc9d9-ddb5-4fa4-a97d-d965ccfc6d4b" outcome="Passed" testListId="8c84fa94-04c1-424b-9868-57a2d4851a1d" relativeResultsDirectory="ab61dacc-1d42-4855-930d-0ee90c2abed7" />
    <UnitTestResult executionId="22e0f465-059a-4525-b629-27d6eaf15a56" testId="ab4ce625-f7c8-fdea-8b70-98bd9aa3ba89" testName="Microsoft.VisualStudio.Services.Agent.Tests.Worker.TestResults.TestRunPublisherTests.TrxFileUploadsWithCorrectAttachmentType" computerName="ComputerName" duration="00:00:00.0273648" startTime="2024-05-08T09:40:52.6347937+02:00" endTime="2024-05-08T09:40:52.6347939+02:00" testType="13cdc9d9-ddb5-4fa4-a97d-d965ccfc6d4b" outcome="Passed" testListId="8c84fa94-04c1-424b-9868-57a2d4851a1d" relativeResultsDirectory="22e0f465-059a-4525-b629-27d6eaf15a56" />
    <UnitTestResult executionId="804867c4-63b2-4090-8ee3-4f2895d3f779" testId="efa1ab7c-fe24-2c36-47ee-07800b65ac08" testName="Test.L0.Plugin.TestResultParser.PipelineTestRunPublisherL0.PipelineTestRunPublisher_PublishTestRun" computerName="ComputerName" duration="00:00:00.7111280" startTime="2024-05-08T09:40:55.0886474+02:00" endTime="2024-05-08T09:40:55.0886476+02:00" testType="13cdc9d9-ddb5-4fa4-a97d-d965ccfc6d4b" outcome="Passed" testListId="8c84fa94-04c1-424b-9868-57a2d4851a1d" relativeResultsDirectory="804867c4-63b2-4090-8ee3-4f2895d3f779" />
    <UnitTestResult executionId="1fbb0693-efbf-4b95-a4b5-4e3959168129" testId="8e8f2591-7fda-0edf-217c-6692a69df3a9" testName="Microsoft.VisualStudio.Services.Agent.Tests.Worker.Build.TrackingManagerL0.MergeTrackingConfig_EmptyCollectionUrlOfPreviousConfig" computerName="ComputerName" duration="00:00:00.0102755" startTime="2024-05-08T09:40:54.5593680+02:00" endTime="2024-05-08T09:40:54.5593682+02:00" testType="13cdc9d9-ddb5-4fa4-a97d-d965ccfc6d4b" outcome="Passed" testListId="8c84fa94-04c1-424b-9868-57a2d4851a1d" relativeResultsDirectory="1fbb0693-efbf-4b95-a4b5-4e3959168129" />
    <UnitTestResult executionId="ca36f08b-bc70-47c1-bede-4e860d62955b" testId="d155fea3-8fd1-be4c-6469-10d0bf8c60a2" testName="Microsoft.VisualStudio.Services.Agent.Tests.Worker.ExecutionContextL0.StepTarget_LoadStepContainersWithoutJobContainer" computerName="ComputerName" duration="00:00:00.0245462" startTime="2024-05-08T09:40:53.7666650+02:00" endTime="2024-05-08T09:40:53.7666651+02:00" testType="13cdc9d9-ddb5-4fa4-a97d-d965ccfc6d4b" outcome="Passed" testListId="8c84fa94-04c1-424b-9868-57a2d4851a1d" relativeResultsDirectory="ca36f08b-bc70-47c1-bede-4e860d62955b" />
    <UnitTestResult executionId="a841c5bb-11b4-458c-9712-cba77f111ac9" testId="9a426495-3667-2aaf-3a5b-dfa364a57e49" testName="Microsoft.VisualStudio.Services.Agent.Tests.Util.StringUtilL0.DeactivateVsoCommandsFromStringTest(input: &quot;## vso&quot;, expected: &quot;## vso&quot;)" computerName="ComputerName" duration="00:00:00.0000130" startTime="2024-05-08T09:40:54.3101456+02:00" endTime="2024-05-08T09:40:54.3101458+02:00" testType="13cdc9d9-ddb5-4fa4-a97d-d965ccfc6d4b" outcome="Passed" testListId="8c84fa94-04c1-424b-9868-57a2d4851a1d" relativeResultsDirectory="a841c5bb-11b4-458c-9712-cba77f111ac9" />
    <UnitTestResult executionId="3b2a918c-6748-4a1c-912e-2401aabe2ffb" testId="52b5e812-9bc8-eb07-9f9e-13e3e13e2604" testName="Test.L0.Worker.Handlers.ProcessHandlerHelperL0.ArgsValidation_Passes(inputArgs: &quot;1 \&quot;2\&quot;&quot;, envVarValue: &quot;&quot;)" computerName="ComputerName" duration="00:00:00.0004197" startTime="2024-05-08T09:40:51.1018153+02:00" endTime="2024-05-08T09:40:51.1018155+02:00" testType="13cdc9d9-ddb5-4fa4-a97d-d965ccfc6d4b" outcome="Passed" testListId="8c84fa94-04c1-424b-9868-57a2d4851a1d" relativeResultsDirectory="3b2a918c-6748-4a1c-912e-2401aabe2ffb" />
    <UnitTestResult executionId="c7b12d55-cc32-431d-b5c0-b596dec56788" testId="3881e429-8812-1d2e-47d7-efc59f1d7f74" testName="Microsoft.VisualStudio.Services.Agent.Tests.TestFileContainerProviderL0.TestGettingArtifactItemsWithMinimatchPattern(pttrn: [&quot;**&quot;, &quot;!**/Folder1/**&quot;, &quot; &quot;, &quot;!!**/File3.txt&quot;], count: 4, expectedPaths: [&quot;ArtifactForTest&quot;, &quot;ArtifactForTest/File1.txt&quot;, &quot;ArtifactForTest/Folder1&quot;, &quot;ArtifactForTest/Folder1/Folder2/File3.txt&quot;])" computerName="ComputerName" duration="00:00:00.0043086" startTime="2024-05-08T09:40:52.4295951+02:00" endTime="2024-05-08T09:40:52.4295953+02:00" testType="13cdc9d9-ddb5-4fa4-a97d-d965ccfc6d4b" outcome="Passed" testListId="8c84fa94-04c1-424b-9868-57a2d4851a1d" relativeResultsDirectory="c7b12d55-cc32-431d-b5c0-b596dec56788" />
    <UnitTestResult executionId="58f1b4cb-bd8e-4b88-9f80-f043da269552" testId="e1f2194c-4d5f-cb0d-6a19-7718fc086125" testName="Microsoft.VisualStudio.Services.Agent.Tests.Worker.TestResults.NunitResultReaderTests.RunTitleFromXmlIsHonoured" computerName="ComputerName" duration="00:00:00.0067217" startTime="2024-05-08T09:40:53.1618386+02:00" endTime="2024-05-08T09:40:53.1618387+02:00" testType="13cdc9d9-ddb5-4fa4-a97d-d965ccfc6d4b" outcome="Passed" testListId="8c84fa94-04c1-424b-9868-57a2d4851a1d" relativeResultsDirectory="58f1b4cb-bd8e-4b88-9f80-f043da269552" />
    <UnitTestResult executionId="e79d51c6-1d56-4333-842a-2ae6300f6943" testId="69bf13ef-f98e-20b5-3f38-6d1e30e0aa40" testName="Microsoft.VisualStudio.Services.Agent.Tests.Worker.TestResults.TrxReaderTests.PendingOutcomeTreatedAsNotExecuted" computerName="ComputerName" duration="00:00:00.0137654" startTime="2024-05-08T09:40:54.8486155+02:00" endTime="2024-05-08T09:40:54.8486156+02:00" testType="13cdc9d9-ddb5-4fa4-a97d-d965ccfc6d4b" outcome="Passed" testListId="8c84fa94-04c1-424b-9868-57a2d4851a1d" relativeResultsDirectory="e79d51c6-1d56-4333-842a-2ae6300f6943" />
    <UnitTestResult executionId="f16f7422-eb95-4e94-8efd-1539e333aa5b" testId="9adca98a-fc47-1449-38bc-6299cd8ea03b" testName="Microsoft.VisualStudio.Services.Agent.Tests.Worker.AgentPluginManagerL0.GeneratePluginExecutionContextHostInfoTest" computerName="ComputerName" duration="00:00:00.0499400" startTime="2024-05-08T09:40:52.4164266+02:00" endTime="2024-05-08T09:40:52.4164267+02:00" testType="13cdc9d9-ddb5-4fa4-a97d-d965ccfc6d4b" outcome="Passed" testListId="8c84fa94-04c1-424b-9868-57a2d4851a1d" relativeResultsDirectory="f16f7422-eb95-4e94-8efd-1539e333aa5b" />
    <UnitTestResult executionId="30e77c5b-fe57-4079-9d24-c17906483241" testId="20930945-8802-076d-9799-b67ce40e65f4" testName="Microsoft.VisualStudio.Services.Agent.Tests.L0.Util.WindowsProcessUtilL0.Test_GetProcessList(useInteropToFindParentProcess: True)" computerName="ComputerName" duration="00:00:00.0289192" startTime="2024-05-08T09:40:56.1478573+02:00" endTime="2024-05-08T09:40:56.1478574+02:00" testType="13cdc9d9-ddb5-4fa4-a97d-d965ccfc6d4b" outcome="Passed" testListId="8c84fa94-04c1-424b-9868-57a2d4851a1d" relativeResultsDirectory="30e77c5b-fe57-4079-9d24-c17906483241" />
    <UnitTestResult executionId="526ea24f-8c71-4ffb-8d31-36e15b44dc64" testId="773dfba1-017b-442c-0666-e5d24b4f44fe" testName="Microsoft.VisualStudio.Services.Agent.Tests.ProcessInvokerL0.TestCancel" computerName="ComputerName" duration="00:00:00.5457939" startTime="2024-05-08T09:40:58.6345292+02:00" endTime="2024-05-08T09:40:58.6345293+02:00" testType="13cdc9d9-ddb5-4fa4-a97d-d965ccfc6d4b" outcome="Passed" testListId="8c84fa94-04c1-424b-9868-57a2d4851a1d" relativeResultsDirectory="526ea24f-8c71-4ffb-8d31-36e15b44dc64" />
    <UnitTestResult executionId="48707611-b3a1-4a1e-be40-279e0e5e55f7" testId="bbb1babe-03ec-a3f7-8cbe-322965f7d377" testName="Microsoft.VisualStudio.Services.Agent.Tests.Worker.TestResults.NunitResultReaderTests.DefaultRunTitleIsHonoured" computerName="ComputerName" duration="00:00:00.0089039" startTime="2024-05-08T09:40:53.1514303+02:00" endTime="2024-05-08T09:40:53.1514304+02:00" testType="13cdc9d9-ddb5-4fa4-a97d-d965ccfc6d4b" outcome="Passed" testListId="8c84fa94-04c1-424b-9868-57a2d4851a1d" relativeResultsDirectory="48707611-b3a1-4a1e-be40-279e0e5e55f7" />
    <UnitTestResult executionId="0742350c-c917-4e9f-a862-b1be25acae1b" testId="29ae052a-d3b6-1c55-0121-d2c714f7ccfd" testName="Microsoft.VisualStudio.Services.Agent.Tests.Listener.PagingLoggerL0.CalculateLineNumbersWithoutOpenGroupTag" computerName="ComputerName" duration="00:00:00.6430715" startTime="2024-05-08T09:40:56.2472253+02:00" endTime="2024-05-08T09:40:56.2472255+02:00" testType="13cdc9d9-ddb5-4fa4-a97d-d965ccfc6d4b" outcome="Passed" testListId="8c84fa94-04c1-424b-9868-57a2d4851a1d" relativeResultsDirectory="0742350c-c917-4e9f-a862-b1be25acae1b" />
    <UnitTestResult executionId="2da8d38c-c7ac-4a6c-951e-0b87fa264f44" testId="e23498b6-1f49-3140-40de-4ec4506e0b69" testName="Microsoft.VisualStudio.Services.Agent.Tests.Worker.VariablesL0.Set_CanStoreANewSecret" computerName="ComputerName" duration="00:00:00.0069878" startTime="2024-05-08T09:40:51.9723849+02:00" endTime="2024-05-08T09:40:51.9723851+02:00" testType="13cdc9d9-ddb5-4fa4-a97d-d965ccfc6d4b" outcome="Passed" testListId="8c84fa94-04c1-424b-9868-57a2d4851a1d" relativeResultsDirectory="2da8d38c-c7ac-4a6c-951e-0b87fa264f44" />
    <UnitTestResult executionId="af01273c-6a54-4407-b0ad-bf4c09f06822" testId="22495123-fed9-55b4-a37f-521c3f264151" testName="Microsoft.VisualStudio.Services.Agent.Tests.CommandSettingsL0.PassesUnattendedToReadBool" computerName="ComputerName" duration="00:00:00.0141333" startTime="2024-05-08T09:40:52.1333994+02:00" endTime="2024-05-08T09:40:52.1333995+02:00" testType="13cdc9d9-ddb5-4fa4-a97d-d965ccfc6d4b" outcome="Passed" testListId="8c84fa94-04c1-424b-9868-57a2d4851a1d" relativeResultsDirectory="af01273c-6a54-4407-b0ad-bf4c09f06822" />
    <UnitTestResult executionId="ff3681cd-39e4-4cd2-91e3-096b324d1851" testId="c97105d8-2d39-269a-ebdd-2c31217df78c" testName="Test.L0.Plugin.TestFilePublisher.TestFilePublisherLogPluginL0.TestFilePublisherLogPlugin_DisableWhenServerTypeNotSet" computerName="ComputerName" duration="00:00:00.1397149" startTime="2024-05-08T09:40:51.0630876+02:00" endTime="2024-05-08T09:40:51.0630876+02:00" testType="13cdc9d9-ddb5-4fa4-a97d-d965ccfc6d4b" outcome="Passed" testListId="8c84fa94-04c1-424b-9868-57a2d4851a1d" relativeResultsDirectory="ff3681cd-39e4-4cd2-91e3-096b324d1851" />
    <UnitTestResult executionId="fe65fba0-181d-4211-b6a0-f1408934abbd" testId="df01708f-7ce5-789c-56f4-0138bf8d528c" testName="Microsoft.VisualStudio.Services.Agent.Tests.Listener.PagingLoggerL0.CalculateLineNumbersWithGroupTag" computerName="ComputerName" duration="00:00:00.6584013" startTime="2024-05-08T09:40:55.6038786+02:00" endTime="2024-05-08T09:40:55.6038789+02:00" testType="13cdc9d9-ddb5-4fa4-a97d-d965ccfc6d4b" outcome="Passed" testListId="8c84fa94-04c1-424b-9868-57a2d4851a1d" relativeResultsDirectory="fe65fba0-181d-4211-b6a0-f1408934abbd" />
    <UnitTestResult executionId="508852c9-2a66-49a5-8bec-d556359b71fd" testId="15209eca-6208-6c88-9aa2-5688a01b44fa" testName="Microsoft.VisualStudio.Services.Agent.Tests.CommandSettingsL0.PromptsForReplace" computerName="ComputerName" duration="00:00:00.0086897" startTime="2024-05-08T09:40:52.2950446+02:00" endTime="2024-05-08T09:40:52.2950446+02:00" testType="13cdc9d9-ddb5-4fa4-a97d-d965ccfc6d4b" outcome="Passed" testListId="8c84fa94-04c1-424b-9868-57a2d4851a1d" relativeResultsDirectory="508852c9-2a66-49a5-8bec-d556359b71fd" />
    <UnitTestResult executionId="9e5415eb-558d-4ae0-aa9b-3834d99cfb2f" testId="04d13325-2003-4d77-4712-cba144c4d3cb" testName="Microsoft.VisualStudio.Services.Agent.Tests.LogPluginHost.LogPluginHostL0.LogPluginHost_HandleProcessExceptions" computerName="ComputerName" duration="00:00:01.0552881" startTime="2024-05-08T09:40:57.8954194+02:00" endTime="2024-05-08T09:40:57.8954195+02:00" testType="13cdc9d9-ddb5-4fa4-a97d-d965ccfc6d4b" outcome="Passed" testListId="8c84fa94-04c1-424b-9868-57a2d4851a1d" relativeResultsDirectory="9e5415eb-558d-4ae0-aa9b-3834d99cfb2f" />
    <UnitTestResult executionId="211d5530-bd59-4575-8c3c-be930ced1665" testId="c7cd3849-38f4-8449-3207-f42e1800f0ce" testName="Microsoft.VisualStudio.Services.Agent.Tests.SecretMaskerL0.SecretMaskerTests_Encoder_UriDataEscape_LargeString" computerName="ComputerName" duration="00:00:00.0017957" startTime="2024-05-08T09:40:52.7462732+02:00" endTime="2024-05-08T09:40:52.7462733+02:00" testType="13cdc9d9-ddb5-4fa4-a97d-d965ccfc6d4b" outcome="Passed" testListId="8c84fa94-04c1-424b-9868-57a2d4851a1d" relativeResultsDirectory="211d5530-bd59-4575-8c3c-be930ced1665" />
    <UnitTestResult executionId="7eda9876-a27d-46d3-bb66-9c77614ba854" testId="47972eb5-0d18-e20a-212f-1df63346fc45" testName="Microsoft.VisualStudio.Services.Agent.Tests.Util.IOUtilL0.ValidateExecutePermission_ExceedsFailsafe" computerName="ComputerName" duration="00:00:00.0134677" startTime="2024-05-08T09:40:56.4597979+02:00" endTime="2024-05-08T09:40:56.4597980+02:00" testType="13cdc9d9-ddb5-4fa4-a97d-d965ccfc6d4b" outcome="Passed" testListId="8c84fa94-04c1-424b-9868-57a2d4851a1d" relativeResultsDirectory="7eda9876-a27d-46d3-bb66-9c77614ba854" />
    <UnitTestResult executionId="93061f5e-0328-464e-af7d-ea10c3a57000" testId="7c83c986-d86b-c8b1-428b-ceb9762582b9" testName="Microsoft.VisualStudio.Services.Agent.Tests.Worker.VariablesL0.Constructor_AppliesMaskHints" computerName="ComputerName" duration="00:00:00.0281669" startTime="2024-05-08T09:40:51.9591019+02:00" endTime="2024-05-08T09:40:51.9591020+02:00" testType="13cdc9d9-ddb5-4fa4-a97d-d965ccfc6d4b" outcome="Passed" testListId="8c84fa94-04c1-424b-9868-57a2d4851a1d" relativeResultsDirectory="93061f5e-0328-464e-af7d-ea10c3a57000" />
    <UnitTestResult executionId="11ca4f0b-f7c5-4d59-b873-649cdfc8b59d" testId="cf25809e-88f0-a1ec-c2a2-29bca01e094e" testName="Microsoft.VisualStudio.Services.Agent.Tests.LogPluginHost.LogPluginHostL0.LogPluginHost_NotInitialized" computerName="ComputerName" duration="00:00:01.0229371" startTime="2024-05-08T09:40:58.9187213+02:00" endTime="2024-05-08T09:40:58.9187216+02:00" testType="13cdc9d9-ddb5-4fa4-a97d-d965ccfc6d4b" outcome="Passed" testListId="8c84fa94-04c1-424b-9868-57a2d4851a1d" relativeResultsDirectory="11ca4f0b-f7c5-4d59-b873-649cdfc8b59d" />
    <UnitTestResult executionId="b4a329c0-4b30-40e1-b42e-1d5236a3afde" testId="991a8d52-96a6-764b-f798-e79f0f5cd788" testName="Test.L0.Plugin.TestGitCliManager.TestGitCliManagerL0.TestGetInternalGitPaths(gitFeatureFlagStatus: True)" computerName="ComputerName" duration="00:00:00.0063369" startTime="2024-05-08T09:40:55.0420371+02:00" endTime="2024-05-08T09:40:55.0420373+02:00" testType="13cdc9d9-ddb5-4fa4-a97d-d965ccfc6d4b" outcome="Passed" testListId="8c84fa94-04c1-424b-9868-57a2d4851a1d" relativeResultsDirectory="b4a329c0-4b30-40e1-b42e-1d5236a3afde" />
    <UnitTestResult executionId="357d5669-dfee-4a80-bfdc-c2b9c9a39931" testId="16a142a3-f1f1-31f7-1cb7-543846fb658e" testName="Microsoft.VisualStudio.Services.Agent.Tests.Worker.TestResults.NunitResultReaderTests.VerifyStartDateIsEmptyWhenNoRunTimeIsAvailable" computerName="ComputerName" duration="00:00:00.0085848" startTime="2024-05-08T09:40:53.0330799+02:00" endTime="2024-05-08T09:40:53.0330800+02:00" testType="13cdc9d9-ddb5-4fa4-a97d-d965ccfc6d4b" outcome="Passed" testListId="8c84fa94-04c1-424b-9868-57a2d4851a1d" relativeResultsDirectory="357d5669-dfee-4a80-bfdc-c2b9c9a39931" />
    <UnitTestResult executionId="d9df25f1-9e80-4e25-8e29-fafcd61a9569" testId="e8bc1228-9346-dd0f-cbba-35f9d1e7f682" testName="Microsoft.VisualStudio.Services.Agent.Tests.Worker.Build.GitSourceProviderL0.GetSourcePreferFeatureVariables" computerName="ComputerName" duration="00:00:00.0657230" startTime="2024-05-08T09:40:51.5701881+02:00" endTime="2024-05-08T09:40:51.5701882+02:00" testType="13cdc9d9-ddb5-4fa4-a97d-d965ccfc6d4b" outcome="Passed" testListId="8c84fa94-04c1-424b-9868-57a2d4851a1d" relativeResultsDirectory="d9df25f1-9e80-4e25-8e29-fafcd61a9569" />
    <UnitTestResult executionId="bb7888c3-1f4d-4954-beac-66356232c629" testId="36d069df-111c-779f-c834-74053b29e8a8" testName="Microsoft.VisualStudio.Services.Agent.Tests.Worker.TaskManagerL0.ExtractsAnAlreadyDownloadedZipToTheCorrectLocationWhenInSignatureVerification" computerName="ComputerName" duration="00:00:00.0250793" startTime="2024-05-08T09:40:55.7770409+02:00" endTime="2024-05-08T09:40:55.7770411+02:00" testType="13cdc9d9-ddb5-4fa4-a97d-d965ccfc6d4b" outcome="Passed" testListId="8c84fa94-04c1-424b-9868-57a2d4851a1d" relativeResultsDirectory="bb7888c3-1f4d-4954-beac-66356232c629" />
    <UnitTestResult executionId="96e9d65b-0e06-4c6d-8ca8-ed47be1013d7" testId="6798c48b-fb35-bc8c-ad7b-5c171f86f94c" testName="Microsoft.VisualStudio.Services.Agent.Tests.Listener.AgentL0.TestConfigureCLI(arg: &quot;configure&quot;, IsConfigured: True, expected: 0)" computerName="ComputerName" duration="00:00:00.0445256" startTime="2024-05-08T09:40:51.6399939+02:00" endTime="2024-05-08T09:40:51.6399940+02:00" testType="13cdc9d9-ddb5-4fa4-a97d-d965ccfc6d4b" outcome="Passed" testListId="8c84fa94-04c1-424b-9868-57a2d4851a1d" relativeResultsDirectory="96e9d65b-0e06-4c6d-8ca8-ed47be1013d7" />
    <UnitTestResult executionId="7edeb0e4-9445-4a64-863e-3e8b2cbaaf55" testId="03f00213-dbcb-aa8b-df71-f41f4940c3b2" testName="Microsoft.VisualStudio.Services.Agent.Tests.Worker.Build.BuildJobExtensionL0.CheckMultiRepoWithoutPathInput" computerName="ComputerName" duration="00:00:00.0125576" startTime="2024-05-08T09:40:54.2274810+02:00" endTime="2024-05-08T09:40:54.2274812+02:00" testType="13cdc9d9-ddb5-4fa4-a97d-d965ccfc6d4b" outcome="Passed" testListId="8c84fa94-04c1-424b-9868-57a2d4851a1d" relativeResultsDirectory="7edeb0e4-9445-4a64-863e-3e8b2cbaaf55" />
    <UnitTestResult executionId="d5eeb404-df23-4dae-98c0-36e5d17dbc8f" testId="1f1e9b73-4532-fbf5-4db6-91c39592c0ca" testName="Microsoft.VisualStudio.Services.Agent.Tests.PipelineCache.MatchingTests.MultipleIncludes" computerName="ComputerName" duration="00:00:00.0054748" startTime="2024-05-08T09:40:53.2306774+02:00" endTime="2024-05-08T09:40:53.2306801+02:00" testType="13cdc9d9-ddb5-4fa4-a97d-d965ccfc6d4b" outcome="Passed" testListId="8c84fa94-04c1-424b-9868-57a2d4851a1d" relativeResultsDirectory="d5eeb404-df23-4dae-98c0-36e5d17dbc8f" />
    <UnitTestResult executionId="1a4135a4-c08f-4238-8c5f-ee3c85f96321" testId="be721bc1-a281-e1a2-36bf-3035a2c8d6d8" testName="Test.L0.Worker.Handlers.ProcessHandlerHelperTelemetryL0.CountsVariablesStartFromEscSymbol" computerName="ComputerName" duration="00:00:00.0004638" startTime="2024-05-08T09:40:51.4247235+02:00" endTime="2024-05-08T09:40:51.4247237+02:00" testType="13cdc9d9-ddb5-4fa4-a97d-d965ccfc6d4b" outcome="Passed" testListId="8c84fa94-04c1-424b-9868-57a2d4851a1d" relativeResultsDirectory="1a4135a4-c08f-4238-8c5f-ee3c85f96321" />
    <UnitTestResult executionId="36f01257-d907-44c2-9e10-433ecc5d321d" testId="6e71be77-fc8c-fae9-41a6-9e91caab5987" testName="Microsoft.VisualStudio.Services.Agent.Tests.Plugin.RepositoryPluginL0.RepositoryPlugin_InvalidPathInput_DontAllowWorkingDirectoryRepositorie" computerName="ComputerName" duration="00:00:00.0635558" startTime="2024-05-08T09:40:51.9091648+02:00" endTime="2024-05-08T09:40:51.9091650+02:00" testType="13cdc9d9-ddb5-4fa4-a97d-d965ccfc6d4b" outcome="Passed" testListId="8c84fa94-04c1-424b-9868-57a2d4851a1d" relativeResultsDirectory="36f01257-d907-44c2-9e10-433ecc5d321d" />
    <UnitTestResult executionId="c25acdb9-d651-4202-924e-db13e96e76f0" testId="05c7731e-d6c7-4400-cfb3-1d5d888f51ee" testName="Microsoft.VisualStudio.Services.Agent.Tests.TestFileShareProviderL0.TestDownloadArtifactAsync" computerName="ComputerName" duration="00:00:00.0893820" startTime="2024-05-08T09:40:55.7292555+02:00" endTime="2024-05-08T09:40:55.7292556+02:00" testType="13cdc9d9-ddb5-4fa4-a97d-d965ccfc6d4b" outcome="Passed" testListId="8c84fa94-04c1-424b-9868-57a2d4851a1d" relativeResultsDirectory="c25acdb9-d651-4202-924e-db13e96e76f0" />
    <UnitTestResult executionId="24ccf371-a618-498a-8b75-98fe3f41d452" testId="ceaa5842-1999-ae5b-3b33-dcb6929e76c5" testName="Microsoft.VisualStudio.Services.Agent.Tests.Worker.TestResults.TestRunPublisherTests.EndTestRunCallsRightApi" computerName="ComputerName" duration="00:00:00.0431215" startTime="2024-05-08T09:40:52.4332086+02:00" endTime="2024-05-08T09:40:52.4332087+02:00" testType="13cdc9d9-ddb5-4fa4-a97d-d965ccfc6d4b" outcome="Passed" testListId="8c84fa94-04c1-424b-9868-57a2d4851a1d" relativeResultsDirectory="24ccf371-a618-498a-8b75-98fe3f41d452" />
    <UnitTestResult executionId="715f0e6f-4857-4316-a551-cba4bce1dade" testId="2b9f6cf6-0090-44d9-e835-76ae370d24c1" testName="Microsoft.VisualStudio.Services.Agent.Tests.Listener.JobDispatcherL0.DispatcherRenewJobRequestStopOnExpiredRequest" computerName="ComputerName" duration="00:00:00.0317554" startTime="2024-05-08T09:40:53.1819012+02:00" endTime="2024-05-08T09:40:53.1819013+02:00" testType="13cdc9d9-ddb5-4fa4-a97d-d965ccfc6d4b" outcome="Passed" testListId="8c84fa94-04c1-424b-9868-57a2d4851a1d" relativeResultsDirectory="715f0e6f-4857-4316-a551-cba4bce1dade" />
    <UnitTestResult executionId="da5d78f1-0167-4625-ab37-a2d929cb6a20" testId="bfb5821e-d2b2-6eaf-79ac-660233e27981" testName="Microsoft.VisualStudio.Services.Agent.Tests.Worker.VariablesL0.RecalculateExpanded_RetainsUpdatedSecretness" computerName="ComputerName" duration="00:00:00.0089786" startTime="2024-05-08T09:40:51.5867104+02:00" endTime="2024-05-08T09:40:51.5867106+02:00" testType="13cdc9d9-ddb5-4fa4-a97d-d965ccfc6d4b" outcome="Passed" testListId="8c84fa94-04c1-424b-9868-57a2d4851a1d" relativeResultsDirectory="da5d78f1-0167-4625-ab37-a2d929cb6a20" />
    <UnitTestResult executionId="dd1bbdff-909e-4a9f-a4a0-7e0d7be129e2" testId="0f8ae9ed-45ab-45d9-79d2-45d1212f0253" testName="Microsoft.VisualStudio.Services.Agent.Tests.LocStringsL0.IsNotMissingCommonLocStrings" computerName="ComputerName" duration="00:00:00.2830318" startTime="2024-05-08T09:40:54.6335850+02:00" endTime="2024-05-08T09:40:54.6335852+02:00" testType="13cdc9d9-ddb5-4fa4-a97d-d965ccfc6d4b" outcome="Passed" testListId="8c84fa94-04c1-424b-9868-57a2d4851a1d" relativeResultsDirectory="dd1bbdff-909e-4a9f-a4a0-7e0d7be129e2" />
    <UnitTestResult executionId="5651bb80-2c8c-4537-b604-f04ed382f2a7" testId="d5d51901-da8e-34c8-1607-a75e2f1760a8" testName="Microsoft.VisualStudio.Services.Agent.Tests.Util.RepositoryUtilL0.GetRepositoryForLocalPath_should_return_correct_values" computerName="ComputerName" duration="00:00:00.0053807" startTime="2024-05-08T09:40:51.0087568+02:00" endTime="2024-05-08T09:40:51.0087569+02:00" testType="13cdc9d9-ddb5-4fa4-a97d-d965ccfc6d4b" outcome="Passed" testListId="8c84fa94-04c1-424b-9868-57a2d4851a1d" relativeResultsDirectory="5651bb80-2c8c-4537-b604-f04ed382f2a7" />
    <UnitTestResult executionId="03037017-d4f4-4eaf-aab1-7f51506978a2" testId="87ddd94f-88d6-f3e3-1738-7aaa463a440e" testName="Microsoft.VisualStudio.Services.Agent.Tests.Worker.TestResults.ParserTests.PublishBasicCTestResults" computerName="ComputerName" duration="00:00:00.0599751" startTime="2024-05-08T09:40:51.1714577+02:00" endTime="2024-05-08T09:40:51.1714579+02:00" testType="13cdc9d9-ddb5-4fa4-a97d-d965ccfc6d4b" outcome="Passed" testListId="8c84fa94-04c1-424b-9868-57a2d4851a1d" relativeResultsDirectory="03037017-d4f4-4eaf-aab1-7f51506978a2" />
    <UnitTestResult executionId="d0e4407b-5950-49a0-9507-358a061ec801" testId="06f81fd0-7de6-46d7-4c46-791ccdd72c02" testName="Test.L0.Worker.Handlers.CmdArgsSanitizerL0.Telemetry_ReturnsNull(inputArgs: &quot;&quot;)" computerName="ComputerName" duration="00:00:00.0001737" startTime="2024-05-08T09:40:53.5788500+02:00" endTime="2024-05-08T09:40:53.5788501+02:00" testType="13cdc9d9-ddb5-4fa4-a97d-d965ccfc6d4b" outcome="Passed" testListId="8c84fa94-04c1-424b-9868-57a2d4851a1d" relativeResultsDirectory="d0e4407b-5950-49a0-9507-358a061ec801" />
    <UnitTestResult executionId="b72d9494-2233-4f37-ae79-80a08c54170f" testId="567eacc0-fd49-bb5f-8a29-1a58957c50a9" testName="Test.L0.Worker.Handlers.ProcessHandlerHelperL0.TestNoChanges(input: &quot;%someothervar%&quot;)" computerName="ComputerName" duration="00:00:00.0000103" startTime="2024-05-08T09:40:51.1225081+02:00" endTime="2024-05-08T09:40:51.1225083+02:00" testType="13cdc9d9-ddb5-4fa4-a97d-d965ccfc6d4b" outcome="Passed" testListId="8c84fa94-04c1-424b-9868-57a2d4851a1d" relativeResultsDirectory="b72d9494-2233-4f37-ae79-80a08c54170f" />
    <UnitTestResult executionId="9020c4d5-60e5-4caa-9ced-9cbae0d989f6" testId="c9652fa9-8aa9-de71-4942-ba56a4840031" testName="Microsoft.VisualStudio.Services.Agent.Tests.Worker.CodeCoverage.CodeCoverageCommandExtensionTests.Publish_WithIndexHtmAndHtmlFileInReportDirectory" computerName="ComputerName" duration="00:00:00.0181842" startTime="2024-05-08T09:40:53.0581943+02:00" endTime="2024-05-08T09:40:53.0581944+02:00" testType="13cdc9d9-ddb5-4fa4-a97d-d965ccfc6d4b" outcome="Passed" testListId="8c84fa94-04c1-424b-9868-57a2d4851a1d" relativeResultsDirectory="9020c4d5-60e5-4caa-9ced-9cbae0d989f6" />
    <UnitTestResult executionId="d4dc9fc3-62fb-4ebf-b876-a3e548e1fb09" testId="d213957b-2862-3169-b914-cc127e5ff978" testName="Microsoft.VisualStudio.Services.Agent.Tests.Worker.TestResults.TestRunPublisherTests.AddResultsWithSubResultsAttachmentsCallsRightApi" computerName="ComputerName" duration="00:00:00.0269263" startTime="2024-05-08T09:40:52.9492889+02:00" endTime="2024-05-08T09:40:52.9492890+02:00" testType="13cdc9d9-ddb5-4fa4-a97d-d965ccfc6d4b" outcome="Passed" testListId="8c84fa94-04c1-424b-9868-57a2d4851a1d" relativeResultsDirectory="d4dc9fc3-62fb-4ebf-b876-a3e548e1fb09" />
    <UnitTestResult executionId="14487c24-32ee-44c5-818d-06b982c14f80" testId="77f62372-5015-8fbc-04cd-0c4cfca1455e" testName="Test.L0.Worker.PluginInternalUpdateRepositoryPathCommandL0.Execute_should_set_paths_appropriately_for_nonSelf_repo_with_multiple_checkouts" computerName="ComputerName" duration="00:00:00.0108061" startTime="2024-05-08T09:40:54.0557716+02:00" endTime="2024-05-08T09:40:54.0557717+02:00" testType="13cdc9d9-ddb5-4fa4-a97d-d965ccfc6d4b" outcome="Passed" testListId="8c84fa94-04c1-424b-9868-57a2d4851a1d" relativeResultsDirectory="14487c24-32ee-44c5-818d-06b982c14f80" />
    <UnitTestResult executionId="fda0ac4b-9707-40ce-89ae-a0446a4ed830" testId="0086a988-136e-57b9-a58b-5efa7d4f0c1e" testName="Microsoft.VisualStudio.Services.Agent.Tests.Listener.Configuration.ConfigurationManagerL0.CanEnsureEnvironmentVMResourceConfigureVSTSScenario" computerName="ComputerName" duration="00:00:00.5490019" startTime="2024-05-08T09:40:55.3672625+02:00" endTime="2024-05-08T09:40:55.3672626+02:00" testType="13cdc9d9-ddb5-4fa4-a97d-d965ccfc6d4b" outcome="Passed" testListId="8c84fa94-04c1-424b-9868-57a2d4851a1d" relativeResultsDirectory="fda0ac4b-9707-40ce-89ae-a0446a4ed830" />
    <UnitTestResult executionId="39b783b0-d9c6-46ad-af6a-64badc1b8547" testId="bac24a13-f05c-ffd9-068a-e0ef73e7ca43" testName="Microsoft.VisualStudio.Services.Agent.Tests.Util.StringUtilL0.DeactivateVsoCommandsFromStringTest(input: &quot;##vso[task.setvariable variable=testVar]a&quot;, expected: &quot;**vso[task.setvariable variable=testVar]a&quot;)" computerName="ComputerName" duration="00:00:00.0000138" startTime="2024-05-08T09:40:54.3286818+02:00" endTime="2024-05-08T09:40:54.3286820+02:00" testType="13cdc9d9-ddb5-4fa4-a97d-d965ccfc6d4b" outcome="Passed" testListId="8c84fa94-04c1-424b-9868-57a2d4851a1d" relativeResultsDirectory="39b783b0-d9c6-46ad-af6a-64badc1b8547" />
    <UnitTestResult executionId="be53a13c-7393-40f0-8ade-7dfe8dfe71a8" testId="e73d872c-7dbe-a7dd-f51f-23c6e92247d3" testName="Microsoft.VisualStudio.Services.Agent.Tests.CommandSettingsL0.PromptsForUserName" computerName="ComputerName" duration="00:00:00.0251640" startTime="2024-05-08T09:40:51.9296895+02:00" endTime="2024-05-08T09:40:51.9296897+02:00" testType="13cdc9d9-ddb5-4fa4-a97d-d965ccfc6d4b" outcome="Passed" testListId="8c84fa94-04c1-424b-9868-57a2d4851a1d" relativeResultsDirectory="be53a13c-7393-40f0-8ade-7dfe8dfe71a8" />
    <UnitTestResult executionId="55ae4580-a529-49b6-9a80-39195d98c826" testId="837bc1e9-9426-7596-fab7-a078114c6534" testName="Test.L0.Worker.Build.WorkspaceMaintenanceProvicerL0.ShouldNotMarkForGarbageCollectionIfThresholdIsZero" computerName="ComputerName" duration="00:00:00.0092192" startTime="2024-05-08T09:40:54.3407975+02:00" endTime="2024-05-08T09:40:54.3407976+02:00" testType="13cdc9d9-ddb5-4fa4-a97d-d965ccfc6d4b" outcome="Passed" testListId="8c84fa94-04c1-424b-9868-57a2d4851a1d" relativeResultsDirectory="55ae4580-a529-49b6-9a80-39195d98c826" />
    <UnitTestResult executionId="7c272a4a-6517-4ca9-abb7-84443c659a2a" testId="ddea2e84-5b06-4239-035f-c72d8912c9b6" testName="Microsoft.VisualStudio.Services.Agent.Tests.Util.UrlUtilL0.GetCredentialEmbeddedUrl_NoPassword" computerName="ComputerName" duration="00:00:00.0006001" startTime="2024-05-08T09:40:51.0775910+02:00" endTime="2024-05-08T09:40:51.0775911+02:00" testType="13cdc9d9-ddb5-4fa4-a97d-d965ccfc6d4b" outcome="Passed" testListId="8c84fa94-04c1-424b-9868-57a2d4851a1d" relativeResultsDirectory="7c272a4a-6517-4ca9-abb7-84443c659a2a" />
    <UnitTestResult executionId="8ffa8a8a-2b60-45a9-b243-80e7cf89d33f" testId="288820f8-6f2f-467f-2366-7683ab9d9aff" testName="Microsoft.VisualStudio.Services.Agent.Tests.Listener.Configuration.ConfigurationManagerL0.CanEnsureConfigureForDeploymentPool" computerName="ComputerName" duration="00:00:00.1151246" startTime="2024-05-08T09:40:56.6261762+02:00" endTime="2024-05-08T09:40:56.6261764+02:00" testType="13cdc9d9-ddb5-4fa4-a97d-d965ccfc6d4b" outcome="Passed" testListId="8c84fa94-04c1-424b-9868-57a2d4851a1d" relativeResultsDirectory="8ffa8a8a-2b60-45a9-b243-80e7cf89d33f" />
    <UnitTestResult executionId="755e2141-fc71-4c20-b912-c851bd41bedf" testId="bb86251f-c1ab-7006-deb7-22cb7812e5cc" testName="Microsoft.VisualStudio.Services.Agent.Tests.Worker.TaskRunnerL0.GetHandlerHostOnlyTests" computerName="ComputerName" duration="00:00:00.1107903" startTime="2024-05-08T09:40:53.0525007+02:00" endTime="2024-05-08T09:40:53.0525008+02:00" testType="13cdc9d9-ddb5-4fa4-a97d-d965ccfc6d4b" outcome="Passed" testListId="8c84fa94-04c1-424b-9868-57a2d4851a1d" relativeResultsDirectory="755e2141-fc71-4c20-b912-c851bd41bedf" />
    <UnitTestResult executionId="ca3f0b6f-101e-4019-ab22-a43ed9a9ae1f" testId="ce1e7215-86e7-5ed3-9867-4c8b83eefe17" testName="Microsoft.VisualStudio.Services.Agent.Tests.SecretMaskerL0.SecretMaskerTests_ReplacesMultipleInstances" computerName="ComputerName" duration="00:00:00.0002043" startTime="2024-05-08T09:40:52.7375090+02:00" endTime="2024-05-08T09:40:52.7375092+02:00" testType="13cdc9d9-ddb5-4fa4-a97d-d965ccfc6d4b" outcome="Passed" testListId="8c84fa94-04c1-424b-9868-57a2d4851a1d" relativeResultsDirectory="ca3f0b6f-101e-4019-ab22-a43ed9a9ae1f" />
    <UnitTestResult executionId="0d62bbaa-e54d-4977-a374-d9b9e4e7ceaf" testId="014a0f4f-2e77-1357-778b-d510876f7eef" testName="Microsoft.VisualStudio.Services.Agent.Tests.Worker.TestResults.TrxReaderTests.VerifyNoDataCollectorFilesAndPdbsAreAddedAsRunLevelAttachmentsIfSkipFlagIsSet" computerName="ComputerName" duration="00:00:00.0485524" startTime="2024-05-08T09:40:55.0533963+02:00" endTime="2024-05-08T09:40:55.0533965+02:00" testType="13cdc9d9-ddb5-4fa4-a97d-d965ccfc6d4b" outcome="Passed" testListId="8c84fa94-04c1-424b-9868-57a2d4851a1d" relativeResultsDirectory="0d62bbaa-e54d-4977-a374-d9b9e4e7ceaf" />
    <UnitTestResult executionId="9e2d0826-caec-4349-9d4f-5dc43b442fb8" testId="4548daa2-1783-c1c9-0e60-e09eaa0e3212" testName="Microsoft.VisualStudio.Services.Agent.Tests.Worker.CodeCoverage.CodeCoverageCommandExtensionTests.PublishesCCFilesWhenCodeCoverageDataIsNull" computerName="ComputerName" duration="00:00:00.0425074" startTime="2024-05-08T09:40:53.0365797+02:00" endTime="2024-05-08T09:40:53.0365798+02:00" testType="13cdc9d9-ddb5-4fa4-a97d-d965ccfc6d4b" outcome="Passed" testListId="8c84fa94-04c1-424b-9868-57a2d4851a1d" relativeResultsDirectory="9e2d0826-caec-4349-9d4f-5dc43b442fb8" />
    <UnitTestResult executionId="ceb6b36f-51ad-4db1-b6c1-5e0f3764ba2c" testId="16d627bc-3c90-838b-fca5-5824142d3ac4" testName="Microsoft.VisualStudio.Services.Agent.Tests.Worker.TestResults.TestRunPublisherTests.PublishStandardErrorLogIsSuccessful" computerName="ComputerName" duration="00:00:00.0183008" startTime="2024-05-08T09:40:52.4923734+02:00" endTime="2024-05-08T09:40:52.4923735+02:00" testType="13cdc9d9-ddb5-4fa4-a97d-d965ccfc6d4b" outcome="Passed" testListId="8c84fa94-04c1-424b-9868-57a2d4851a1d" relativeResultsDirectory="ceb6b36f-51ad-4db1-b6c1-5e0f3764ba2c" />
    <UnitTestResult executionId="ad8a9e16-d1e3-4f10-a4df-f0625f08466c" testId="376c5e6b-ca81-7605-075f-04731d4f316f" testName="Microsoft.VisualStudio.Services.Agent.Tests.Worker.Release.GitHubArtifactL0.GitHubArtifactShouldCallGetSourceWithCorrectParameter" computerName="ComputerName" duration="00:00:00.0205487" startTime="2024-05-08T09:40:53.4666420+02:00" endTime="2024-05-08T09:40:53.4666420+02:00" testType="13cdc9d9-ddb5-4fa4-a97d-d965ccfc6d4b" outcome="Passed" testListId="8c84fa94-04c1-424b-9868-57a2d4851a1d" relativeResultsDirectory="ad8a9e16-d1e3-4f10-a4df-f0625f08466c" />
    <UnitTestResult executionId="02578c5a-b7b4-493f-94f2-bf52bb2d112e" testId="712b7782-3b59-46d6-0e1f-1618439d9447" testName="Microsoft.VisualStudio.Services.Agent.Tests.Worker.TaskDecoratorManagerL0.IsInjectedTaskForTarget_TaskWithoutTargetPrefix" computerName="ComputerName" duration="00:00:00.0008649" startTime="2024-05-08T09:40:52.3453966+02:00" endTime="2024-05-08T09:40:52.3453967+02:00" testType="13cdc9d9-ddb5-4fa4-a97d-d965ccfc6d4b" outcome="Passed" testListId="8c84fa94-04c1-424b-9868-57a2d4851a1d" relativeResultsDirectory="02578c5a-b7b4-493f-94f2-bf52bb2d112e" />
    <UnitTestResult executionId="7ea0da47-fa80-41d9-a17f-a4831ad59a4e" testId="f8e75e0b-28e6-6d5d-2009-5382d36ecacd" testName="Test.L0.Plugin.TestResultParser.LogPreProcessorL0.LogPreProcessorShouldLeaveInfoLinesIntact" computerName="ComputerName" duration="00:00:00.0001215" startTime="2024-05-08T09:40:53.4536203+02:00" endTime="2024-05-08T09:40:53.4536204+02:00" testType="13cdc9d9-ddb5-4fa4-a97d-d965ccfc6d4b" outcome="Passed" testListId="8c84fa94-04c1-424b-9868-57a2d4851a1d" relativeResultsDirectory="7ea0da47-fa80-41d9-a17f-a4831ad59a4e" />
    <UnitTestResult executionId="af367fb2-75b7-4a53-a51f-6486a7c750c0" testId="9bfd8315-da2b-67bc-985a-90b7eb15910d" testName="Microsoft.VisualStudio.Services.Agent.Tests.LogPluginHost.LogPluginHostL0.LogPluginHost_HandleProxyConfig" computerName="ComputerName" duration="00:00:00.0035446" startTime="2024-05-08T09:41:04.5429192+02:00" endTime="2024-05-08T09:41:04.5429193+02:00" testType="13cdc9d9-ddb5-4fa4-a97d-d965ccfc6d4b" outcome="Passed" testListId="8c84fa94-04c1-424b-9868-57a2d4851a1d" relativeResultsDirectory="af367fb2-75b7-4a53-a51f-6486a7c750c0" />
    <UnitTestResult executionId="c57d46f5-6002-4aad-ab2e-bd185f3fc055" testId="7e983f47-f8e4-6e6f-9bf5-261ff1b745c3" testName="Microsoft.VisualStudio.Services.Agent.Tests.Listener.Configuration.ArgumentValidatorTestsL0.AuthSchemeValidator" computerName="ComputerName" duration="00:00:00.0165076" startTime="2024-05-08T09:40:54.1101351+02:00" endTime="2024-05-08T09:40:54.1101355+02:00" testType="13cdc9d9-ddb5-4fa4-a97d-d965ccfc6d4b" outcome="Passed" testListId="8c84fa94-04c1-424b-9868-57a2d4851a1d" relativeResultsDirectory="c57d46f5-6002-4aad-ab2e-bd185f3fc055" />
    <UnitTestResult executionId="f3ca99e6-7074-4826-b639-d9abcfcaaa07" testId="72faa741-af19-4daf-7496-e2b6a8736980" testName="Microsoft.VisualStudio.Services.Agent.Tests.Worker.TestResults.XUnitResultReaderTests.ReadResultsDoesNotFailForBadXml" computerName="ComputerName" duration="00:00:00.0104156" startTime="2024-05-08T09:40:53.0574878+02:00" endTime="2024-05-08T09:40:53.0574879+02:00" testType="13cdc9d9-ddb5-4fa4-a97d-d965ccfc6d4b" outcome="Passed" testListId="8c84fa94-04c1-424b-9868-57a2d4851a1d" relativeResultsDirectory="f3ca99e6-7074-4826-b639-d9abcfcaaa07" />
    <UnitTestResult executionId="ac76b98e-721f-41e4-ab57-1d99c337af53" testId="f5781754-0a8a-f714-f3e3-7f2ae66ad144" testName="Microsoft.VisualStudio.Services.Agent.Tests.Util.StringUtilL0.DeactivateVsoCommandsFromStringTest(input: &quot;##vso a&quot;, expected: &quot;**vso a&quot;)" computerName="ComputerName" duration="00:00:00.0000352" startTime="2024-05-08T09:40:54.3139724+02:00" endTime="2024-05-08T09:40:54.3139726+02:00" testType="13cdc9d9-ddb5-4fa4-a97d-d965ccfc6d4b" outcome="Passed" testListId="8c84fa94-04c1-424b-9868-57a2d4851a1d" relativeResultsDirectory="ac76b98e-721f-41e4-ab57-1d99c337af53" />
    <UnitTestResult executionId="a47aff80-30f2-4285-a1b8-fc090f05fe7b" testId="945d8bd7-936a-3dfb-9f75-7b5b1ef0c8e3" testName="Microsoft.VisualStudio.Services.Agent.Tests.Util.ArgUtilL0.Equal_ThrowsWhenExpectedObjectIsNull" computerName="ComputerName" duration="00:00:00.0052872" startTime="2024-05-08T09:40:54.9237664+02:00" endTime="2024-05-08T09:40:54.9237667+02:00" testType="13cdc9d9-ddb5-4fa4-a97d-d965ccfc6d4b" outcome="Passed" testListId="8c84fa94-04c1-424b-9868-57a2d4851a1d" relativeResultsDirectory="a47aff80-30f2-4285-a1b8-fc090f05fe7b" />
    <UnitTestResult executionId="4acbcef7-3ad5-4f44-b7da-5933d4f0570e" testId="efe5da40-edf6-53d8-5c09-11d807bc5e12" testName="Microsoft.VisualStudio.Services.Agent.Tests.Worker.TestResults.NunitResultReaderTests.VerifyRunTypeIsSet" computerName="ComputerName" duration="00:00:00.0146375" startTime="2024-05-08T09:40:53.1583430+02:00" endTime="2024-05-08T09:40:53.1583433+02:00" testType="13cdc9d9-ddb5-4fa4-a97d-d965ccfc6d4b" outcome="Passed" testListId="8c84fa94-04c1-424b-9868-57a2d4851a1d" relativeResultsDirectory="4acbcef7-3ad5-4f44-b7da-5933d4f0570e" />
    <UnitTestResult executionId="3cf2945f-8108-417c-81eb-3b5a6235c3d2" testId="40e9fe1e-fcd2-7ced-e1de-92235014a5cc" testName="Test.L0.Plugin.TestResultParser.LogPreProcessorL0.LogPreProcessorRemovesErrorPrefixFromErrorLog" computerName="ComputerName" duration="00:00:00.0001178" startTime="2024-05-08T09:40:53.4519877+02:00" endTime="2024-05-08T09:40:53.4519879+02:00" testType="13cdc9d9-ddb5-4fa4-a97d-d965ccfc6d4b" outcome="Passed" testListId="8c84fa94-04c1-424b-9868-57a2d4851a1d" relativeResultsDirectory="3cf2945f-8108-417c-81eb-3b5a6235c3d2" />
    <UnitTestResult executionId="5db772ed-beac-435b-a13e-ef8ea44bc5ba" testId="a4f7c891-4656-2165-6acf-2ae36803e79b" testName="Microsoft.VisualStudio.Services.Agent.Tests.HostContextL0.CreateServiceReturnsNewInstance" computerName="ComputerName" duration="00:00:00.0031871" startTime="2024-05-08T09:40:52.7007759+02:00" endTime="2024-05-08T09:40:52.7007760+02:00" testType="13cdc9d9-ddb5-4fa4-a97d-d965ccfc6d4b" outcome="Passed" testListId="8c84fa94-04c1-424b-9868-57a2d4851a1d" relativeResultsDirectory="5db772ed-beac-435b-a13e-ef8ea44bc5ba" />
    <UnitTestResult executionId="97466c66-ee00-4f29-a607-34faf7b760f7" testId="e8587a06-7da9-1ce5-e88a-13b691f25f77" testName="Microsoft.VisualStudio.Services.Agent.Tests.Worker.TaskManagerL0.BubblesCancellation" computerName="ComputerName" duration="00:00:00.0604727" startTime="2024-05-08T09:40:55.4187569+02:00" endTime="2024-05-08T09:40:55.4187570+02:00" testType="13cdc9d9-ddb5-4fa4-a97d-d965ccfc6d4b" outcome="Passed" testListId="8c84fa94-04c1-424b-9868-57a2d4851a1d" relativeResultsDirectory="97466c66-ee00-4f29-a607-34faf7b760f7" />
    <UnitTestResult executionId="f18dc408-d507-4263-a943-db60a26c451b" testId="998724ef-e14a-b354-9fc7-7b81deecc5ea" testName="Microsoft.VisualStudio.Services.Agent.Tests.Listener.AgentL0.TestInfoArgumentsCLI(arg: &quot;--commit&quot;, expected: 0)" computerName="ComputerName" duration="00:00:00.0297652" startTime="2024-05-08T09:40:51.8018053+02:00" endTime="2024-05-08T09:40:51.8018054+02:00" testType="13cdc9d9-ddb5-4fa4-a97d-d965ccfc6d4b" outcome="Passed" testListId="8c84fa94-04c1-424b-9868-57a2d4851a1d" relativeResultsDirectory="f18dc408-d507-4263-a943-db60a26c451b" />
    <UnitTestResult executionId="c56f86eb-84fd-41d9-a950-899e175a4654" testId="5112593e-0346-edf8-03e7-75e336a4181e" testName="Microsoft.VisualStudio.Services.Agent.Tests.HostContextL0.UrlSecretsAreMasked(input: &quot;ftp://user:pass@example.com/path&quot;, expected: &quot;ftp://user:***@example.com/path&quot;)" computerName="ComputerName" duration="00:00:00.0034281" startTime="2024-05-08T09:40:52.4733610+02:00" endTime="2024-05-08T09:40:52.4733611+02:00" testType="13cdc9d9-ddb5-4fa4-a97d-d965ccfc6d4b" outcome="Passed" testListId="8c84fa94-04c1-424b-9868-57a2d4851a1d" relativeResultsDirectory="c56f86eb-84fd-41d9-a950-899e175a4654" />
    <UnitTestResult executionId="023e2680-92f3-4559-9bf6-54eabfaebde0" testId="b0d18af9-de97-5978-901f-1f2dd020f32a" testName="Microsoft.VisualStudio.Services.Agent.Tests.Worker.SetVariableRestrictionsL0.MultipleRestrictionsNothingAllowed" computerName="ComputerName" duration="00:00:00.0074853" startTime="2024-05-08T09:40:54.0898956+02:00" endTime="2024-05-08T09:40:54.0898957+02:00" testType="13cdc9d9-ddb5-4fa4-a97d-d965ccfc6d4b" outcome="Passed" testListId="8c84fa94-04c1-424b-9868-57a2d4851a1d" relativeResultsDirectory="023e2680-92f3-4559-9bf6-54eabfaebde0" />
    <UnitTestResult executionId="6dc5f7fc-486e-4ea6-a8a2-7ce107d1262b" testId="352e6bd7-ce52-6c04-2527-b4c4ab2342a8" testName="Microsoft.VisualStudio.Services.Agent.Tests.Worker.TaskDecoratorManagerL0.IsInjectedTaskForTarget_NullValueInTaskName" computerName="ComputerName" duration="00:00:00.0002546" startTime="2024-05-08T09:40:52.3485329+02:00" endTime="2024-05-08T09:40:52.3485331+02:00" testType="13cdc9d9-ddb5-4fa4-a97d-d965ccfc6d4b" outcome="Passed" testListId="8c84fa94-04c1-424b-9868-57a2d4851a1d" relativeResultsDirectory="6dc5f7fc-486e-4ea6-a8a2-7ce107d1262b" />
    <UnitTestResult executionId="8a8027a2-1b79-4bbb-97d7-c67c99070a0d" testId="839f7440-45f8-592b-e6ec-4ea16af9f788" testName="Microsoft.VisualStudio.Services.Agent.Tests.L0.Util.WindowsProcessUtilL0.Test_GetParentProcessId_ViaInterop" computerName="ComputerName" duration="00:00:00.0028712" startTime="2024-05-08T09:40:56.1679664+02:00" endTime="2024-05-08T09:40:56.1679671+02:00" testType="13cdc9d9-ddb5-4fa4-a97d-d965ccfc6d4b" outcome="Passed" testListId="8c84fa94-04c1-424b-9868-57a2d4851a1d" relativeResultsDirectory="8a8027a2-1b79-4bbb-97d7-c67c99070a0d" />
    <UnitTestResult executionId="64c81407-8ad8-4651-b999-4ec9a7dc48d3" testId="968075e3-011d-2516-388b-e7a78b573e9b" testName="Microsoft.VisualStudio.Services.Agent.Tests.Worker.TestResults.NunitResultReaderTests.VerifyTestRunDuration" computerName="ComputerName" duration="00:00:00.0709905" startTime="2024-05-08T09:40:52.9243040+02:00" endTime="2024-05-08T09:40:52.9243042+02:00" testType="13cdc9d9-ddb5-4fa4-a97d-d965ccfc6d4b" outcome="Passed" testListId="8c84fa94-04c1-424b-9868-57a2d4851a1d" relativeResultsDirectory="64c81407-8ad8-4651-b999-4ec9a7dc48d3" />
    <UnitTestResult executionId="076249b1-d56e-4e77-9947-3e1a2c3886a8" testId="67631c37-67bc-32a1-fa74-9123d4afdd57" testName="Microsoft.VisualStudio.Services.Agent.Tests.Worker.Container.ContainerInfoL0.DefaultContainerInfoMappings" computerName="ComputerName" duration="00:00:00.0049745" startTime="2024-05-08T09:40:51.3761705+02:00" endTime="2024-05-08T09:40:51.3761706+02:00" testType="13cdc9d9-ddb5-4fa4-a97d-d965ccfc6d4b" outcome="Passed" testListId="8c84fa94-04c1-424b-9868-57a2d4851a1d" relativeResultsDirectory="076249b1-d56e-4e77-9947-3e1a2c3886a8" />
    <UnitTestResult executionId="0c554880-a43f-4011-b1b5-6a6673046643" testId="7e1fd205-fcc9-d67f-7367-60506d928c91" testName="Microsoft.VisualStudio.Services.Agent.Tests.Worker.ExpressionManagerL0.AlwaysFunction" computerName="ComputerName" duration="00:00:00.0067147" startTime="2024-05-08T09:40:53.0862411+02:00" endTime="2024-05-08T09:40:53.0862411+02:00" testType="13cdc9d9-ddb5-4fa4-a97d-d965ccfc6d4b" outcome="Passed" testListId="8c84fa94-04c1-424b-9868-57a2d4851a1d" relativeResultsDirectory="0c554880-a43f-4011-b1b5-6a6673046643" />
    <UnitTestResult executionId="11b611e5-7b14-4472-9d31-67829aacc569" testId="0409d762-5680-f506-fe2f-f5c2d066c9e1" testName="Microsoft.VisualStudio.Services.Agent.Tests.NodeHandlerL0.UseSecondAvailableNodeIfUseNodeKnobIsUpgradeFilteredNodeFoldersFirstNotAvailable" computerName="ComputerName" duration="00:00:00.1625307" startTime="2024-05-08T09:40:52.4037243+02:00" endTime="2024-05-08T09:40:52.4037244+02:00" testType="13cdc9d9-ddb5-4fa4-a97d-d965ccfc6d4b" outcome="Passed" testListId="8c84fa94-04c1-424b-9868-57a2d4851a1d" relativeResultsDirectory="11b611e5-7b14-4472-9d31-67829aacc569" />
    <UnitTestResult executionId="c103c9e9-c37b-4707-8ca3-e93b84eb8e1d" testId="fa1f6f1d-359c-2fe3-3b15-7ac1279ba822" testName="Test.L0.Worker.Handlers.CmdArgsSanitizerL0.SanitizeSkipTest(inputArgs: &quot;1 2&quot;)" computerName="ComputerName" duration="00:00:00.0000056" startTime="2024-05-08T09:40:53.5708729+02:00" endTime="2024-05-08T09:40:53.5708730+02:00" testType="13cdc9d9-ddb5-4fa4-a97d-d965ccfc6d4b" outcome="Passed" testListId="8c84fa94-04c1-424b-9868-57a2d4851a1d" relativeResultsDirectory="c103c9e9-c37b-4707-8ca3-e93b84eb8e1d" />
    <UnitTestResult executionId="67bbfe1f-1da6-41d4-9e00-6cb87fe490df" testId="d53531c6-e8a7-ea15-d9bc-a36938332bb7" testName="Microsoft.VisualStudio.Services.Agent.Tests.Listener.AgentL0.TestRunOnce" computerName="ComputerName" duration="00:00:03.3834072" startTime="2024-05-08T09:40:55.2836439+02:00" endTime="2024-05-08T09:40:55.2836441+02:00" testType="13cdc9d9-ddb5-4fa4-a97d-d965ccfc6d4b" outcome="Passed" testListId="8c84fa94-04c1-424b-9868-57a2d4851a1d" relativeResultsDirectory="67bbfe1f-1da6-41d4-9e00-6cb87fe490df" />
    <UnitTestResult executionId="23754ccf-578f-4f47-b1aa-f7fed3658be3" testId="92b27a5b-9a8a-1f05-2491-702d15e5238d" testName="Test.L0.Plugin.TestResultParser.TestResultLogPluginL0.TestResultLogPlugin_DisableWhenServerTypeNotSet" computerName="ComputerName" duration="00:00:00.0022864" startTime="2024-05-08T09:40:51.8110643+02:00" endTime="2024-05-08T09:40:51.8110646+02:00" testType="13cdc9d9-ddb5-4fa4-a97d-d965ccfc6d4b" outcome="Passed" testListId="8c84fa94-04c1-424b-9868-57a2d4851a1d" relativeResultsDirectory="23754ccf-578f-4f47-b1aa-f7fed3658be3" />
    <UnitTestResult executionId="5905df4b-2752-4896-9ed0-f53ee69c9b73" testId="17120d27-af4f-ef7b-ba9f-bb71c9326044" testName="Microsoft.VisualStudio.Services.Agent.Tests.Listener.AgentL0.TestMachineProvisionerCLI" computerName="ComputerName" duration="00:00:00.0088875" startTime="2024-05-08T09:40:57.5777722+02:00" endTime="2024-05-08T09:40:57.5777725+02:00" testType="13cdc9d9-ddb5-4fa4-a97d-d965ccfc6d4b" outcome="Failed" testListId="8c84fa94-04c1-424b-9868-57a2d4851a1d" relativeResultsDirectory="5905df4b-2752-4896-9ed0-f53ee69c9b73">
      <Output>
        <ErrorInfo>
          <Message>System.IO.IOException : The handle is invalid.</Message>
          <StackTrace>   at System.ConsolePal.SetConsoleOutputEncoding(Encoding enc)&#xD;
   at System.Console.set_OutputEncoding(Encoding value)&#xD;
   at Microsoft.VisualStudio.Services.Agent.Terminal.Initialize(IHostContext hostContext) in C:\Users\ComputerName\src\Microsoft.VisualStudio.Services.Agent\Terminal.cs:line 59&#xD;
   at Microsoft.VisualStudio.Services.Agent.Tests.TestHostContext.GetService[T]() in C:\Users\ComputerName\src\Test\L0\TestHostContext.cs:line 149&#xD;
   at Microsoft.VisualStudio.Services.Agent.Listener.Agent.Initialize(IHostContext hostContext) in C:\Users\ComputerName\src\Agent.Listener\Agent.cs:line 41&#xD;
   at Microsoft.VisualStudio.Services.Agent.Tests.Listener.AgentL0.TestMachineProvisionerCLI() in C:\Users\ComputerName\src\Test\L0\Listener\AgentL0.cs:line 250&#xD;
   at System.Threading.Tasks.Task.&lt;&gt;c.&lt;ThrowAsync&gt;b__128_0(Object state)</StackTrace>
        </ErrorInfo>
      </Output>
    </UnitTestResult>
    <UnitTestResult executionId="edf1b3fa-c687-4037-bda5-10c20e8719cd" testId="bef4cdc1-a80e-7159-5c76-54c8686f212c" testName="Microsoft.VisualStudio.Services.Agent.Tests.Worker.TestResults.XUnitResultReaderTests.VerifyEndDateIsNotEmpty" computerName="ComputerName" duration="00:00:00.0098315" startTime="2024-05-08T09:40:52.3502303+02:00" endTime="2024-05-08T09:40:52.3502304+02:00" testType="13cdc9d9-ddb5-4fa4-a97d-d965ccfc6d4b" outcome="Passed" testListId="8c84fa94-04c1-424b-9868-57a2d4851a1d" relativeResultsDirectory="edf1b3fa-c687-4037-bda5-10c20e8719cd" />
    <UnitTestResult executionId="a8f1695b-71d1-4cd4-b713-66a2839e8a0f" testId="3ded5e63-5328-5b2a-6aaf-a10157c1d1ca" testName="Microsoft.VisualStudio.Services.Agent.Tests.Worker.TestResults.XUnitResultReaderTests.PublishBasicXUnitResultsAddsResultsFileByDefault" computerName="ComputerName" duration="00:00:00.0087552" startTime="2024-05-08T09:40:53.0310483+02:00" endTime="2024-05-08T09:40:53.0310485+02:00" testType="13cdc9d9-ddb5-4fa4-a97d-d965ccfc6d4b" outcome="Passed" testListId="8c84fa94-04c1-424b-9868-57a2d4851a1d" relativeResultsDirectory="a8f1695b-71d1-4cd4-b713-66a2839e8a0f" />
    <UnitTestResult executionId="167f761c-6491-4f39-b5ce-7420b14b0f84" testId="55a5d960-215e-933c-e799-3bf65956d167" testName="Microsoft.VisualStudio.Services.Agent.Tests.Listener.JobDispatcherL0.DispatchesOneTimeJobRequest" computerName="ComputerName" duration="00:00:00.0644047" startTime="2024-05-08T09:40:53.7619285+02:00" endTime="2024-05-08T09:40:53.7619287+02:00" testType="13cdc9d9-ddb5-4fa4-a97d-d965ccfc6d4b" outcome="Passed" testListId="8c84fa94-04c1-424b-9868-57a2d4851a1d" relativeResultsDirectory="167f761c-6491-4f39-b5ce-7420b14b0f84" />
    <UnitTestResult executionId="1bc0ca52-bcee-4258-8ce9-73b64a11806a" testId="f17708d8-76b6-b9a7-756e-e641d9505943" testName="Microsoft.VisualStudio.Services.Agent.Tests.Worker.TestResults.JunitResultReaderTests.PublishBasicJUnitResultsSkipsAddingResultsFileWhenFlagged" computerName="ComputerName" duration="00:00:00.0080315" startTime="2024-05-08T09:40:55.2816368+02:00" endTime="2024-05-08T09:40:55.2816369+02:00" testType="13cdc9d9-ddb5-4fa4-a97d-d965ccfc6d4b" outcome="Passed" testListId="8c84fa94-04c1-424b-9868-57a2d4851a1d" relativeResultsDirectory="1bc0ca52-bcee-4258-8ce9-73b64a11806a" />
    <UnitTestResult executionId="9d4fe042-5bf8-44c8-9576-835b298adb8a" testId="d10d1378-7f57-b7c7-c6d7-0ec603ce3066" testName="Microsoft.VisualStudio.Services.Agent.Tests.CommandSettingsL0.GetsArg" computerName="ComputerName" duration="00:00:00.0065995" startTime="2024-05-08T09:40:51.5597311+02:00" endTime="2024-05-08T09:40:51.5597312+02:00" testType="13cdc9d9-ddb5-4fa4-a97d-d965ccfc6d4b" outcome="Passed" testListId="8c84fa94-04c1-424b-9868-57a2d4851a1d" relativeResultsDirectory="9d4fe042-5bf8-44c8-9576-835b298adb8a" />
    <UnitTestResult executionId="ca0ff173-c6bf-4269-b0ff-13b7c346892f" testId="f3f0717d-1691-e58d-2186-599fef3faa7d" testName="Microsoft.VisualStudio.Services.Agent.Tests.Util.IOUtilL0.GetRelativePathWindows" computerName="ComputerName" duration="00:00:00.0027495" startTime="2024-05-08T09:40:59.6632986+02:00" endTime="2024-05-08T09:40:59.6632988+02:00" testType="13cdc9d9-ddb5-4fa4-a97d-d965ccfc6d4b" outcome="Passed" testListId="8c84fa94-04c1-424b-9868-57a2d4851a1d" relativeResultsDirectory="ca0ff173-c6bf-4269-b0ff-13b7c346892f" />
    <UnitTestResult executionId="ae761808-4ed5-4cdb-aad5-0468dfe6e439" testId="3318c4b7-b58d-8423-2912-e6b37d3ce7b7" testName="Microsoft.VisualStudio.Services.Agent.Tests.KnobL0.PipelineFeatureKnobTest" computerName="ComputerName" duration="00:00:00.0006107" startTime="2024-05-08T09:40:53.5003906+02:00" endTime="2024-05-08T09:40:53.5003908+02:00" testType="13cdc9d9-ddb5-4fa4-a97d-d965ccfc6d4b" outcome="Passed" testListId="8c84fa94-04c1-424b-9868-57a2d4851a1d" relativeResultsDirectory="ae761808-4ed5-4cdb-aad5-0468dfe6e439" />
    <UnitTestResult executionId="5aeef567-c032-4dd6-9b0c-6d63eec5abee" testId="94db58ca-3939-1cb2-e2d2-09a0e07b6b70" testName="Microsoft.VisualStudio.Services.Agent.Tests.Worker.TestResults.NunitResultReaderTests.CustomRunTitleIsHonouredEvenIfXmlHasTitle" computerName="ComputerName" duration="00:00:00.0099072" startTime="2024-05-08T09:40:52.9869898+02:00" endTime="2024-05-08T09:40:52.9869899+02:00" testType="13cdc9d9-ddb5-4fa4-a97d-d965ccfc6d4b" outcome="Passed" testListId="8c84fa94-04c1-424b-9868-57a2d4851a1d" relativeResultsDirectory="5aeef567-c032-4dd6-9b0c-6d63eec5abee" />
    <UnitTestResult executionId="2a6bc26f-65a9-4129-800f-6413acdb9423" testId="624df014-98f3-5090-7b8b-18c8e35fcc0c" testName="Microsoft.VisualStudio.Services.Agent.Tests.ServiceInterfacesL0.WorkerInterfacesSpecifyDefaultImplementation" computerName="ComputerName" duration="00:00:00.0019989" startTime="2024-05-08T09:40:51.5039385+02:00" endTime="2024-05-08T09:40:51.5039387+02:00" testType="13cdc9d9-ddb5-4fa4-a97d-d965ccfc6d4b" outcome="Passed" testListId="8c84fa94-04c1-424b-9868-57a2d4851a1d" relativeResultsDirectory="2a6bc26f-65a9-4129-800f-6413acdb9423" />
    <UnitTestResult executionId="208898d3-3382-4982-87e7-d529c0ef6a23" testId="1d062911-72c1-9fc2-581a-4bd08f7ea52c" testName="Microsoft.VisualStudio.Services.Agent.Tests.Worker.TestResults.NunitResultReaderTests.PublishBasicNUnitResultsSkipsAddingResultsFileWhenFlagged" computerName="ComputerName" duration="00:00:00.0076201" startTime="2024-05-08T09:40:53.1000904+02:00" endTime="2024-05-08T09:40:53.1000905+02:00" testType="13cdc9d9-ddb5-4fa4-a97d-d965ccfc6d4b" outcome="Passed" testListId="8c84fa94-04c1-424b-9868-57a2d4851a1d" relativeResultsDirectory="208898d3-3382-4982-87e7-d529c0ef6a23" />
    <UnitTestResult executionId="fd284e33-c315-48b1-9a59-bee0efbe1156" testId="aff02942-e3ea-b51b-de59-4ba0097947f3" testName="Microsoft.VisualStudio.Services.Agent.Tests.Worker.Build.TfsVCSourceProvider_WorkspaceUtilL0.Matches" computerName="ComputerName" duration="00:00:00.0129423" startTime="2024-05-08T09:40:53.8480745+02:00" endTime="2024-05-08T09:40:53.8480747+02:00" testType="13cdc9d9-ddb5-4fa4-a97d-d965ccfc6d4b" outcome="Passed" testListId="8c84fa94-04c1-424b-9868-57a2d4851a1d" relativeResultsDirectory="fd284e33-c315-48b1-9a59-bee0efbe1156" />
    <UnitTestResult executionId="af2e8add-ad27-4630-9c36-cca1b9cbf4c1" testId="8e9db03c-9fb5-6fc2-9781-5cceb7605169" testName="Test.L0.Worker.Handlers.ProcessHandlerHelperL0.ArgsValidation_Passes(inputArgs: &quot;%&quot;, envVarValue: &quot;&quot;)" computerName="ComputerName" duration="00:00:00.0001759" startTime="2024-05-08T09:40:51.1056585+02:00" endTime="2024-05-08T09:40:51.1056588+02:00" testType="13cdc9d9-ddb5-4fa4-a97d-d965ccfc6d4b" outcome="Passed" testListId="8c84fa94-04c1-424b-9868-57a2d4851a1d" relativeResultsDirectory="af2e8add-ad27-4630-9c36-cca1b9cbf4c1" />
    <UnitTestResult executionId="779b4952-a2da-49b6-b151-70b444209d38" testId="2b1e317d-a58e-4b57-53aa-6dc2d4293dce" testName="Microsoft.VisualStudio.Services.Agent.Tests.Worker.JobExtensionL0.JobExtensionIntraTaskState" computerName="ComputerName" duration="00:00:00.3105935" startTime="2024-05-08T09:40:53.5979080+02:00" endTime="2024-05-08T09:40:53.5979081+02:00" testType="13cdc9d9-ddb5-4fa4-a97d-d965ccfc6d4b" outcome="Passed" testListId="8c84fa94-04c1-424b-9868-57a2d4851a1d" relativeResultsDirectory="779b4952-a2da-49b6-b151-70b444209d38" />
    <UnitTestResult executionId="6af465c6-c314-4b4c-8995-216a96596027" testId="62e70497-f46b-c1a2-bcdd-6945a79d975e" testName="Microsoft.VisualStudio.Services.Agent.Tests.Worker.Build.BuildDirectoryManagerL0.PrepareDirectoryUpdateRepositoryPath" computerName="ComputerName" duration="00:00:00.0478033" startTime="2024-05-08T09:40:51.5220667+02:00" endTime="2024-05-08T09:40:51.5220668+02:00" testType="13cdc9d9-ddb5-4fa4-a97d-d965ccfc6d4b" outcome="Passed" testListId="8c84fa94-04c1-424b-9868-57a2d4851a1d" relativeResultsDirectory="6af465c6-c314-4b4c-8995-216a96596027" />
    <UnitTestResult executionId="215b0eb0-ca3e-410f-855d-0d2b669786e9" testId="396b5f22-9eba-6e62-abe4-d8f39c6a11f4" testName="Test.L0.Plugin.TestResultParser.LogPreProcessorL0.LogPreProcessorRemovesDebugLines" computerName="ComputerName" duration="00:00:00.0001077" startTime="2024-05-08T09:40:53.4506922+02:00" endTime="2024-05-08T09:40:53.4506924+02:00" testType="13cdc9d9-ddb5-4fa4-a97d-d965ccfc6d4b" outcome="Passed" testListId="8c84fa94-04c1-424b-9868-57a2d4851a1d" relativeResultsDirectory="215b0eb0-ca3e-410f-855d-0d2b669786e9" />
    <UnitTestResult executionId="1f0ff1b9-062e-4015-9f68-82377aff6809" testId="e934464c-438a-3363-21df-8ad004110d3f" testName="Microsoft.VisualStudio.Services.Agent.Tests.TestFileContainerProviderL0.TestGettingArtifactItemsWithMinimatchPattern(pttrn: [&quot;**/File*.txt&quot;, &quot;!**/File3.txt&quot;], count: 3, expectedPaths: [&quot;ArtifactForTest/File1.txt&quot;, &quot;ArtifactForTest/Folder1/File2.txt&quot;, &quot;ArtifactForTest/Folder1/File21.txt&quot;])" computerName="ComputerName" duration="00:00:00.0048567" startTime="2024-05-08T09:40:52.4439918+02:00" endTime="2024-05-08T09:40:52.4439922+02:00" testType="13cdc9d9-ddb5-4fa4-a97d-d965ccfc6d4b" outcome="Passed" testListId="8c84fa94-04c1-424b-9868-57a2d4851a1d" relativeResultsDirectory="1f0ff1b9-062e-4015-9f68-82377aff6809" />
    <UnitTestResult executionId="429eab39-e4e6-49c2-b9a9-d1947c7853f7" testId="440b5a11-17a1-397f-b67e-52450677e0b6" testName="Microsoft.VisualStudio.Services.Agent.Tests.Worker.TestResults.JunitResultReaderTests.VerifyTestCaseStartDate" computerName="ComputerName" duration="00:00:00.0180077" startTime="2024-05-08T09:40:55.4311583+02:00" endTime="2024-05-08T09:40:55.4311584+02:00" testType="13cdc9d9-ddb5-4fa4-a97d-d965ccfc6d4b" outcome="Passed" testListId="8c84fa94-04c1-424b-9868-57a2d4851a1d" relativeResultsDirectory="429eab39-e4e6-49c2-b9a9-d1947c7853f7" />
    <UnitTestResult executionId="03a11a1b-e3f5-48ea-b4ff-706862f06b06" testId="755a3aca-9464-b69d-84aa-9e9b26924bc5" testName="Microsoft.VisualStudio.Services.Agent.Tests.Worker.Build.BuildJobExtensionL0.CheckMultiRepoWithPathInputToDefaultPath" computerName="ComputerName" duration="00:00:00.0099610" startTime="2024-05-08T09:40:54.2373885+02:00" endTime="2024-05-08T09:40:54.2373886+02:00" testType="13cdc9d9-ddb5-4fa4-a97d-d965ccfc6d4b" outcome="Passed" testListId="8c84fa94-04c1-424b-9868-57a2d4851a1d" relativeResultsDirectory="03a11a1b-e3f5-48ea-b4ff-706862f06b06" />
    <UnitTestResult executionId="f4700eab-8d9e-4ed1-8268-0b37eaa10910" testId="d69d75be-23dc-51a2-aace-f6a0d99436e2" testName="Microsoft.VisualStudio.Services.Agent.Tests.PipelineCache.MatchingTests.DetermineFileEnumerationTopLevel" computerName="ComputerName" duration="00:00:00.0035120" startTime="2024-05-08T09:40:53.1966200+02:00" endTime="2024-05-08T09:40:53.1966201+02:00" testType="13cdc9d9-ddb5-4fa4-a97d-d965ccfc6d4b" outcome="Passed" testListId="8c84fa94-04c1-424b-9868-57a2d4851a1d" relativeResultsDirectory="f4700eab-8d9e-4ed1-8268-0b37eaa10910" />
    <UnitTestResult executionId="5de4bfd5-557b-4554-9596-2af2e80a1815" testId="9be8f0cd-76ba-c2f3-ba06-ba3f265fee64" testName="Microsoft.VisualStudio.Services.Agent.Tests.Worker.TestResults.NunitResultReaderTests.CustomRunTitleIsHonoured" computerName="ComputerName" duration="00:00:00.0282141" startTime="2024-05-08T09:40:53.0270200+02:00" endTime="2024-05-08T09:40:53.0270202+02:00" testType="13cdc9d9-ddb5-4fa4-a97d-d965ccfc6d4b" outcome="Passed" testListId="8c84fa94-04c1-424b-9868-57a2d4851a1d" relativeResultsDirectory="5de4bfd5-557b-4554-9596-2af2e80a1815" />
    <UnitTestResult executionId="c06fb498-93eb-4ff2-bb34-5b3d5ee86868" testId="83876439-ad90-8037-e0d3-a930c65432bb" testName="Microsoft.VisualStudio.Services.Agent.Tests.Worker.TaskManagerL0.ExtractsAnAlreadyDownloadedZipToTheCorrectLocationWhenExtractTask" computerName="ComputerName" duration="00:00:00.0326435" startTime="2024-05-08T09:40:55.7057431+02:00" endTime="2024-05-08T09:40:55.7057433+02:00" testType="13cdc9d9-ddb5-4fa4-a97d-d965ccfc6d4b" outcome="Passed" testListId="8c84fa94-04c1-424b-9868-57a2d4851a1d" relativeResultsDirectory="c06fb498-93eb-4ff2-bb34-5b3d5ee86868" />
    <UnitTestResult executionId="9fa53c9f-31bc-41ee-95b7-b3bb5f776745" testId="9d9d58a9-ac98-11d1-8af8-7db956a7a259" testName="Microsoft.VisualStudio.Services.Agent.Tests.Worker.JobRunnerL0.JobExtensionInitializeMSICancelled" computerName="ComputerName" duration="00:00:00.0757767" startTime="2024-05-08T09:40:51.7079489+02:00" endTime="2024-05-08T09:40:51.7079490+02:00" testType="13cdc9d9-ddb5-4fa4-a97d-d965ccfc6d4b" outcome="Passed" testListId="8c84fa94-04c1-424b-9868-57a2d4851a1d" relativeResultsDirectory="9fa53c9f-31bc-41ee-95b7-b3bb5f776745" />
    <UnitTestResult executionId="d9dd8fde-fc32-4cfa-8b48-0422fbd38101" testId="68005d44-aa15-d131-fb99-22cdd74742a5" testName="Microsoft.VisualStudio.Services.Agent.Tests.Worker.VariablesL0.GetBoolean_DoesNotThrowWhenNull" computerName="ComputerName" duration="00:00:00.0041307" startTime="2024-05-08T09:40:51.7021108+02:00" endTime="2024-05-08T09:40:51.7021110+02:00" testType="13cdc9d9-ddb5-4fa4-a97d-d965ccfc6d4b" outcome="Passed" testListId="8c84fa94-04c1-424b-9868-57a2d4851a1d" relativeResultsDirectory="d9dd8fde-fc32-4cfa-8b48-0422fbd38101" />
    <UnitTestResult executionId="a77de793-76a9-4789-a9d9-651f36478d21" testId="6f4b6be3-5bc5-43cb-66e9-d4700e7c6f70" testName="Microsoft.VisualStudio.Services.Agent.Tests.Worker.TestResults.ResultsCommandTests.Publish_NullTestResultFiles" computerName="ComputerName" duration="00:00:00.0198737" startTime="2024-05-08T09:40:53.9671293+02:00" endTime="2024-05-08T09:40:53.9671293+02:00" testType="13cdc9d9-ddb5-4fa4-a97d-d965ccfc6d4b" outcome="Passed" testListId="8c84fa94-04c1-424b-9868-57a2d4851a1d" relativeResultsDirectory="a77de793-76a9-4789-a9d9-651f36478d21" />
    <UnitTestResult executionId="5d9b2c71-6f14-4da6-bb9b-fb828f5c54bf" testId="e53745d7-0a1c-5f76-dbdd-b19bd3e50ef1" testName="Microsoft.VisualStudio.Services.Agent.Tests.Worker.AgentPluginManagerL0.RunPluginTaskAsyncThrowsNotsupported" computerName="ComputerName" duration="00:00:00.0298489" startTime="2024-05-08T09:40:52.5305438+02:00" endTime="2024-05-08T09:40:52.5305439+02:00" testType="13cdc9d9-ddb5-4fa4-a97d-d965ccfc6d4b" outcome="Passed" testListId="8c84fa94-04c1-424b-9868-57a2d4851a1d" relativeResultsDirectory="5d9b2c71-6f14-4da6-bb9b-fb828f5c54bf" />
    <UnitTestResult executionId="2ae5ffe0-be95-4b5d-b634-9afcb462a090" testId="c0dfc9ec-001d-b40c-5c56-4aca1a12f154" testName="Microsoft.VisualStudio.Services.Agent.Tests.Worker.TaskCommandExtensionL0.SetEndpointWithoutEndpointField" computerName="ComputerName" duration="00:00:00.0163822" startTime="2024-05-08T09:40:52.9435568+02:00" endTime="2024-05-08T09:40:52.9435569+02:00" testType="13cdc9d9-ddb5-4fa4-a97d-d965ccfc6d4b" outcome="Passed" testListId="8c84fa94-04c1-424b-9868-57a2d4851a1d" relativeResultsDirectory="2ae5ffe0-be95-4b5d-b634-9afcb462a090" />
    <UnitTestResult executionId="69a1d384-aa90-4d06-84d5-18967d1174f1" testId="b3136dca-c268-d2f2-1f77-d5ecbe0d2986" testName="Microsoft.VisualStudio.Services.Agent.Tests.Worker.Release.FetchEngineL0.ShouldSupportCancellation" computerName="ComputerName" duration="00:00:04.2667514" startTime="2024-05-08T09:40:55.2263976+02:00" endTime="2024-05-08T09:40:55.2263977+02:00" testType="13cdc9d9-ddb5-4fa4-a97d-d965ccfc6d4b" outcome="Passed" testListId="8c84fa94-04c1-424b-9868-57a2d4851a1d" relativeResultsDirectory="69a1d384-aa90-4d06-84d5-18967d1174f1" />
    <UnitTestResult executionId="4a2458a9-b137-481d-83d0-c4fed353f502" testId="6ad9e823-0d1d-1e11-cd1d-585e4ccbf82e" testName="Microsoft.VisualStudio.Services.Agent.Tests.TestFileShareProviderL0.TestPublishArtifactAsync" computerName="ComputerName" duration="00:00:01.9535519" startTime="2024-05-08T09:40:55.5106422+02:00" endTime="2024-05-08T09:40:55.5106424+02:00" testType="13cdc9d9-ddb5-4fa4-a97d-d965ccfc6d4b" outcome="Passed" testListId="8c84fa94-04c1-424b-9868-57a2d4851a1d" relativeResultsDirectory="4a2458a9-b137-481d-83d0-c4fed353f502" />
    <UnitTestResult executionId="2621ac68-ce40-46d9-8f68-ca9fe512b166" testId="487e1219-bb5b-ddc0-04b9-e89dd4543fbd" testName="Microsoft.VisualStudio.Services.Agent.Tests.Worker.TestResults.NunitResultReaderTests.VerifyEndDateIsEmptyWhenNoRunTimeIsAvailable" computerName="ComputerName" duration="00:00:00.0127166" startTime="2024-05-08T09:40:52.9454698+02:00" endTime="2024-05-08T09:40:52.9454699+02:00" testType="13cdc9d9-ddb5-4fa4-a97d-d965ccfc6d4b" outcome="Passed" testListId="8c84fa94-04c1-424b-9868-57a2d4851a1d" relativeResultsDirectory="2621ac68-ce40-46d9-8f68-ca9fe512b166" />
    <UnitTestResult executionId="5476aeb5-e1cd-4e8c-a3d3-71044ddd3d31" testId="8b21105c-f0c7-7c1a-2f08-410b6e07295c" testName="Microsoft.VisualStudio.Services.Agent.Tests.Worker.TaskCommandExtensionL0.SetEndpointWithoutEndpointId" computerName="ComputerName" duration="00:00:00.0115087" startTime="2024-05-08T09:40:53.0292185+02:00" endTime="2024-05-08T09:40:53.0292186+02:00" testType="13cdc9d9-ddb5-4fa4-a97d-d965ccfc6d4b" outcome="Passed" testListId="8c84fa94-04c1-424b-9868-57a2d4851a1d" relativeResultsDirectory="5476aeb5-e1cd-4e8c-a3d3-71044ddd3d31" />
    <UnitTestResult executionId="ab2bfd62-3298-48e4-a7da-9e6a430ee150" testId="c93ff4c8-c220-2b96-8956-bfef81aacd65" testName="Microsoft.VisualStudio.Services.Agent.Tests.Worker.VariablesL0.ExpandValues_HandlesNullValue" computerName="ComputerName" duration="00:00:00.0048040" startTime="2024-05-08T09:40:51.7141857+02:00" endTime="2024-05-08T09:40:51.7141858+02:00" testType="13cdc9d9-ddb5-4fa4-a97d-d965ccfc6d4b" outcome="Passed" testListId="8c84fa94-04c1-424b-9868-57a2d4851a1d" relativeResultsDirectory="ab2bfd62-3298-48e4-a7da-9e6a430ee150" />
    <UnitTestResult executionId="4904c2a9-6443-45e2-b302-ac9da1752452" testId="499235e9-3104-c62d-792e-3937a922d02b" testName="Test.L0.Worker.Build.WorkspaceMaintenanceProvicerL0.ShouldMarkExpiredForGarbageCollection" computerName="ComputerName" duration="00:00:00.0100904" startTime="2024-05-08T09:40:54.3330440+02:00" endTime="2024-05-08T09:40:54.3330441+02:00" testType="13cdc9d9-ddb5-4fa4-a97d-d965ccfc6d4b" outcome="Passed" testListId="8c84fa94-04c1-424b-9868-57a2d4851a1d" relativeResultsDirectory="4904c2a9-6443-45e2-b302-ac9da1752452" />
    <UnitTestResult executionId="ddd20a70-6668-4917-9a51-bafd5ae8ed1e" testId="e7fccf2c-f89b-6dec-8819-33e1705294fd" testName="Microsoft.VisualStudio.Services.Agent.Tests.NodeHandlerL0.UseNewNodeForNewNodeHandlerHostContextVarUnset" computerName="ComputerName" duration="00:00:00.0145553" startTime="2024-05-08T09:40:52.7319093+02:00" endTime="2024-05-08T09:40:52.7319094+02:00" testType="13cdc9d9-ddb5-4fa4-a97d-d965ccfc6d4b" outcome="Passed" testListId="8c84fa94-04c1-424b-9868-57a2d4851a1d" relativeResultsDirectory="ddd20a70-6668-4917-9a51-bafd5ae8ed1e" />
    <UnitTestResult executionId="bdff4330-0e30-4736-892f-f010dd225eeb" testId="fd7f2faf-3cdd-8c0e-8518-a0aa671f9ef0" testName="Microsoft.VisualStudio.Services.Agent.Tests.Worker.TestResults.NunitResultReaderTests.PublishNUnit3ResultsShouldConsiderTestCaseAttachments" computerName="ComputerName" duration="00:00:00.0083663" startTime="2024-05-08T09:40:53.0547684+02:00" endTime="2024-05-08T09:40:53.0547685+02:00" testType="13cdc9d9-ddb5-4fa4-a97d-d965ccfc6d4b" outcome="Passed" testListId="8c84fa94-04c1-424b-9868-57a2d4851a1d" relativeResultsDirectory="bdff4330-0e30-4736-892f-f010dd225eeb" />
    <UnitTestResult executionId="ce5ba151-5602-43e3-844d-be65ae1f973c" testId="fbba2da5-a5fb-2664-c0b7-6019e46441f6" testName="Microsoft.VisualStudio.Services.Agent.Tests.Util.WhichUtilL0.WhichReturnsNullWhenNotFound" computerName="ComputerName" duration="00:00:00.0480362" startTime="2024-05-08T09:40:51.5103076+02:00" endTime="2024-05-08T09:40:51.5103077+02:00" testType="13cdc9d9-ddb5-4fa4-a97d-d965ccfc6d4b" outcome="Passed" testListId="8c84fa94-04c1-424b-9868-57a2d4851a1d" relativeResultsDirectory="ce5ba151-5602-43e3-844d-be65ae1f973c" />
    <UnitTestResult executionId="4e3cec78-e86c-46ba-9a09-3a22bcccf9c8" testId="3717268a-c560-22c4-edde-534b6ab14f05" testName="Test.L0.Plugin.TestResultParser.TestRunManagerL0.TestRunManager_PublishMultipleRuns" computerName="ComputerName" duration="00:00:00.0136483" startTime="2024-05-08T09:40:51.4282246+02:00" endTime="2024-05-08T09:40:51.4282247+02:00" testType="13cdc9d9-ddb5-4fa4-a97d-d965ccfc6d4b" outcome="Passed" testListId="8c84fa94-04c1-424b-9868-57a2d4851a1d" relativeResultsDirectory="4e3cec78-e86c-46ba-9a09-3a22bcccf9c8" />
    <UnitTestResult executionId="d1f0cb43-2f09-40b0-ae9d-9b0fb429d699" testId="d35ecc81-d2f7-4c08-3636-523f71c869af" testName="Microsoft.VisualStudio.Services.Agent.Tests.Worker.Release.ReleaseJobExtensionL0.GetRootedPathShouldReturnRootedPathIfPathIsRelative" computerName="ComputerName" duration="00:00:00.0149064" startTime="2024-05-08T09:40:54.0092836+02:00" endTime="2024-05-08T09:40:54.0092837+02:00" testType="13cdc9d9-ddb5-4fa4-a97d-d965ccfc6d4b" outcome="Passed" testListId="8c84fa94-04c1-424b-9868-57a2d4851a1d" relativeResultsDirectory="d1f0cb43-2f09-40b0-ae9d-9b0fb429d699" />
    <UnitTestResult executionId="64ac8473-2f67-4763-b34f-23c61dc4f16f" testId="d76ddd16-3473-9619-06bf-9bf56264dcc0" testName="Microsoft.VisualStudio.Services.Agent.Tests.Worker.Build.TrackingConfigHashAlgorithmL0.ComputeHash_with_single_repo_should_return_correct_hash" computerName="ComputerName" duration="00:00:00.0027773" startTime="2024-05-08T09:40:52.8076202+02:00" endTime="2024-05-08T09:40:52.8076204+02:00" testType="13cdc9d9-ddb5-4fa4-a97d-d965ccfc6d4b" outcome="Passed" testListId="8c84fa94-04c1-424b-9868-57a2d4851a1d" relativeResultsDirectory="64ac8473-2f67-4763-b34f-23c61dc4f16f" />
    <UnitTestResult executionId="9d44a900-8b50-4688-996c-1236226952a1" testId="5a32e34c-62e5-fbbc-e29e-bb9a0bafc6ac" testName="Microsoft.VisualStudio.Services.Agent.Tests.Util.StringUtilL0.FormatHandlesFormatException" computerName="ComputerName" duration="00:00:00.0077601" startTime="2024-05-08T09:40:54.3921167+02:00" endTime="2024-05-08T09:40:54.3921169+02:00" testType="13cdc9d9-ddb5-4fa4-a97d-d965ccfc6d4b" outcome="Passed" testListId="8c84fa94-04c1-424b-9868-57a2d4851a1d" relativeResultsDirectory="9d44a900-8b50-4688-996c-1236226952a1" />
    <UnitTestResult executionId="d97d2db4-8d8c-42ac-95e0-016e4216ea38" testId="7e8ae64d-7ffe-3027-07af-ef41b96dcbe9" testName="Microsoft.VisualStudio.Services.Agent.Tests.LocStringsL0.FindExtraLocStrings" computerName="ComputerName" duration="00:00:00.9004774" startTime="2024-05-08T09:40:56.0085518+02:00" endTime="2024-05-08T09:40:56.0085520+02:00" testType="13cdc9d9-ddb5-4fa4-a97d-d965ccfc6d4b" outcome="Passed" testListId="8c84fa94-04c1-424b-9868-57a2d4851a1d" relativeResultsDirectory="d97d2db4-8d8c-42ac-95e0-016e4216ea38" />
    <UnitTestResult executionId="c950436f-b239-4e50-9848-bc07a5477580" testId="2ab63b07-ee0c-00a7-c361-ed8dbfdf6455" testName="Test.L0.Worker.Handlers.ProcessHandlerHelperL0.TestWithCloseVars(inputArgs: &quot;%VAR1% %VAR2%%VAR3%&quot;, expectedArgs: &quot;1 23&quot;)" computerName="ComputerName" duration="00:00:00.0000090" startTime="2024-05-08T09:40:51.1299211+02:00" endTime="2024-05-08T09:40:51.1299212+02:00" testType="13cdc9d9-ddb5-4fa4-a97d-d965ccfc6d4b" outcome="Passed" testListId="8c84fa94-04c1-424b-9868-57a2d4851a1d" relativeResultsDirectory="c950436f-b239-4e50-9848-bc07a5477580" />
    <UnitTestResult executionId="0afd91d4-a8d8-4905-8914-22e24bdadadb" testId="b5449bd2-7b04-b4ae-c29d-79953fa814e6" testName="Microsoft.VisualStudio.Services.Agent.Tests.Plugin.RepositoryPluginL0.RepositoryPlugin_HandleProxyConfig" computerName="ComputerName" duration="00:00:00.0278347" startTime="2024-05-08T09:40:52.3245740+02:00" endTime="2024-05-08T09:40:52.3245741+02:00" testType="13cdc9d9-ddb5-4fa4-a97d-d965ccfc6d4b" outcome="Passed" testListId="8c84fa94-04c1-424b-9868-57a2d4851a1d" relativeResultsDirectory="0afd91d4-a8d8-4905-8914-22e24bdadadb" />
    <UnitTestResult executionId="8c03e1f2-1aac-4329-850d-6dea70c93130" testId="646f8993-2d8a-3c17-c47c-ac641eeae61e" testName="Microsoft.VisualStudio.Services.Agent.Tests.Worker.TestResults.JunitResultReaderTests.Junit_ShouldReadOwnerIfPresent" computerName="ComputerName" duration="00:00:00.0065545" startTime="2024-05-08T09:40:55.5145553+02:00" endTime="2024-05-08T09:40:55.5145554+02:00" testType="13cdc9d9-ddb5-4fa4-a97d-d965ccfc6d4b" outcome="Passed" testListId="8c84fa94-04c1-424b-9868-57a2d4851a1d" relativeResultsDirectory="8c03e1f2-1aac-4329-850d-6dea70c93130" />
    <UnitTestResult executionId="2e5305b6-07fe-4fbf-8220-00130e92cd82" testId="f4b95f82-9e99-c66b-92db-e9afad8b5d35" testName="Test.L0.Worker.Handlers.CmdArgsSanitizerL0.SanitizeTest(inputArgs: &quot;1; 2&quot;, expectedArgs: &quot;1_#removed#_ 2&quot;)" computerName="ComputerName" duration="00:00:00.0000192" startTime="2024-05-08T09:40:53.5453435+02:00" endTime="2024-05-08T09:40:53.5453436+02:00" testType="13cdc9d9-ddb5-4fa4-a97d-d965ccfc6d4b" outcome="Passed" testListId="8c84fa94-04c1-424b-9868-57a2d4851a1d" relativeResultsDirectory="2e5305b6-07fe-4fbf-8220-00130e92cd82" />
    <UnitTestResult executionId="826da7ce-bedb-4d7a-bedd-be9bd05ef65c" testId="bf20891c-b59d-0a98-0fd4-c3a74366f3f5" testName="Microsoft.VisualStudio.Services.Agent.Tests.Worker.TaskDecoratorManagerL0.IsInjectedTaskForTarget_TaskWithTargetPrefix" computerName="ComputerName" duration="00:00:00.0002992" startTime="2024-05-08T09:40:52.3470462+02:00" endTime="2024-05-08T09:40:52.3470463+02:00" testType="13cdc9d9-ddb5-4fa4-a97d-d965ccfc6d4b" outcome="Passed" testListId="8c84fa94-04c1-424b-9868-57a2d4851a1d" relativeResultsDirectory="826da7ce-bedb-4d7a-bedd-be9bd05ef65c" />
    <UnitTestResult executionId="a9d588c4-9c7a-4341-814b-0bb97bf63c09" testId="14f8e3b6-7edb-6073-d25a-393fb5423b53" testName="Microsoft.VisualStudio.Services.Agent.Tests.SecretMaskerL0.SecretMaskerTests_RemoveShortSecrets" computerName="ComputerName" duration="00:00:00.0002262" startTime="2024-05-08T09:40:52.7632472+02:00" endTime="2024-05-08T09:40:52.7632474+02:00" testType="13cdc9d9-ddb5-4fa4-a97d-d965ccfc6d4b" outcome="Passed" testListId="8c84fa94-04c1-424b-9868-57a2d4851a1d" relativeResultsDirectory="a9d588c4-9c7a-4341-814b-0bb97bf63c09" />
    <UnitTestResult executionId="6afad322-75be-4c47-b5b9-8380a8200027" testId="fdf2a2b3-ee68-46e0-ede2-9510a1b10062" testName="Microsoft.VisualStudio.Services.Agent.Tests.Util.UrlUtilL0.GetCredentialEmbeddedUrl_NoUsernameAndPassword" computerName="ComputerName" duration="00:00:00.0015527" startTime="2024-05-08T09:40:51.0760303+02:00" endTime="2024-05-08T09:40:51.0760304+02:00" testType="13cdc9d9-ddb5-4fa4-a97d-d965ccfc6d4b" outcome="Passed" testListId="8c84fa94-04c1-424b-9868-57a2d4851a1d" relativeResultsDirectory="6afad322-75be-4c47-b5b9-8380a8200027" />
    <UnitTestResult executionId="790231d9-64f1-4d3b-ab44-8d62a2184cb3" testId="c20cf082-db9d-b649-1e96-c1510632898d" testName="Microsoft.VisualStudio.Services.Agent.Tests.Worker.TestResults.TestRunPublisherTests.StartTestRunCallsRightApi" computerName="ComputerName" duration="00:00:00.0786554" startTime="2024-05-08T09:40:52.8743927+02:00" endTime="2024-05-08T09:40:52.8743928+02:00" testType="13cdc9d9-ddb5-4fa4-a97d-d965ccfc6d4b" outcome="Passed" testListId="8c84fa94-04c1-424b-9868-57a2d4851a1d" relativeResultsDirectory="790231d9-64f1-4d3b-ab44-8d62a2184cb3" />
    <UnitTestResult executionId="cf5c0977-b156-43f3-b4bf-f080060bb1ad" testId="91bc8f8b-1300-408f-2ec0-f2e8a148819a" testName="Microsoft.VisualStudio.Services.Agent.Tests.Worker.TestResults.XUnitResultReaderTests.VerifyReadResultsReturnsDurationAsSumOfAssemblyTimeWhenRunDateNotParseable" computerName="ComputerName" duration="00:00:00.0084807" startTime="2024-05-08T09:40:52.5119114+02:00" endTime="2024-05-08T09:40:52.5119116+02:00" testType="13cdc9d9-ddb5-4fa4-a97d-d965ccfc6d4b" outcome="Passed" testListId="8c84fa94-04c1-424b-9868-57a2d4851a1d" relativeResultsDirectory="cf5c0977-b156-43f3-b4bf-f080060bb1ad" />
    <UnitTestResult executionId="111e2e9c-64d0-4bf1-88f5-5dd70d4d8319" testId="1fed4f26-f7f9-4599-7509-fdd286f2c86e" testName="Microsoft.VisualStudio.Services.Agent.Tests.SecretMaskerL0.SecretMaskerTests_Encoder_BackslashEscape" computerName="ComputerName" duration="00:00:00.0110237" startTime="2024-05-08T09:40:52.6239609+02:00" endTime="2024-05-08T09:40:52.6239611+02:00" testType="13cdc9d9-ddb5-4fa4-a97d-d965ccfc6d4b" outcome="Passed" testListId="8c84fa94-04c1-424b-9868-57a2d4851a1d" relativeResultsDirectory="111e2e9c-64d0-4bf1-88f5-5dd70d4d8319" />
    <UnitTestResult executionId="37558204-f5de-4d7d-a7d0-b51d8aa9cb27" testId="1be6265a-5f50-81d1-613b-175fc7af1517" testName="Microsoft.VisualStudio.Services.Agent.Tests.Worker.VariablesL0.Constructor_InheritsSecretFlagFromDeepRecursion" computerName="ComputerName" duration="00:00:00.0361859" startTime="2024-05-08T09:40:51.8404976+02:00" endTime="2024-05-08T09:40:51.8404976+02:00" testType="13cdc9d9-ddb5-4fa4-a97d-d965ccfc6d4b" outcome="Passed" testListId="8c84fa94-04c1-424b-9868-57a2d4851a1d" relativeResultsDirectory="37558204-f5de-4d7d-a7d0-b51d8aa9cb27" />
    <UnitTestResult executionId="86540319-9db1-4160-9c34-014427485d52" testId="b48ac599-5ad3-dee9-4213-57f107f2b6d5" testName="Test.L0.Listener.Configuration.NativeWindowsServiceHelperL0.EnsureGetDefaultAdminServiceAccountShouldReturnLocalSystemAccount" computerName="ComputerName" duration="00:00:00.0212082" startTime="2024-05-08T09:40:51.8811764+02:00" endTime="2024-05-08T09:40:51.8811765+02:00" testType="13cdc9d9-ddb5-4fa4-a97d-d965ccfc6d4b" outcome="Passed" testListId="8c84fa94-04c1-424b-9868-57a2d4851a1d" relativeResultsDirectory="86540319-9db1-4160-9c34-014427485d52" />
    <UnitTestResult executionId="ce15129a-e982-436e-a926-adb00b1b9063" testId="95b5ae24-43c2-a89e-bbe2-ff2a5510bf69" testName="Microsoft.VisualStudio.Services.Agent.Tests.Worker.TaskRunnerL0.VerifyTasksTests" computerName="ComputerName" duration="00:00:00.0271816" startTime="2024-05-08T09:40:53.1103172+02:00" endTime="2024-05-08T09:40:53.1103172+02:00" testType="13cdc9d9-ddb5-4fa4-a97d-d965ccfc6d4b" outcome="Passed" testListId="8c84fa94-04c1-424b-9868-57a2d4851a1d" relativeResultsDirectory="ce15129a-e982-436e-a926-adb00b1b9063" />
    <UnitTestResult executionId="fb60c1b8-2594-439e-96e8-a6f5f0d0f9b4" testId="d5d7ecf5-68e2-7dc1-9236-0f7f72543434" testName="Test.L0.Worker.Handlers.ProcessHandlerL0.ProcessHandlerV2_Validation_fails" computerName="ComputerName" duration="00:00:00.0134737" startTime="2024-05-08T09:40:55.6839815+02:00" endTime="2024-05-08T09:40:55.6839817+02:00" testType="13cdc9d9-ddb5-4fa4-a97d-d965ccfc6d4b" outcome="Passed" testListId="8c84fa94-04c1-424b-9868-57a2d4851a1d" relativeResultsDirectory="fb60c1b8-2594-439e-96e8-a6f5f0d0f9b4" />
    <UnitTestResult executionId="ff7e39d6-125d-4272-8a7a-f34bcdccba4c" testId="136f8554-c35a-6c81-e10b-7dcb30d692b5" testName="Microsoft.VisualStudio.Services.Agent.Tests.VstsAgentWebProxyL0.CanProcessBypassHostsFromEnvironmentCorrectly" computerName="ComputerName" duration="00:00:00.0292264" startTime="2024-05-08T09:40:53.4571522+02:00" endTime="2024-05-08T09:40:53.4571523+02:00" testType="13cdc9d9-ddb5-4fa4-a97d-d965ccfc6d4b" outcome="Passed" testListId="8c84fa94-04c1-424b-9868-57a2d4851a1d" relativeResultsDirectory="ff7e39d6-125d-4272-8a7a-f34bcdccba4c" />
    <UnitTestResult executionId="61d987a2-c840-4ea7-a905-df11a5264178" testId="0ce171b7-9e62-2944-8889-6d215f7ce3a6" testName="Microsoft.VisualStudio.Services.Agent.Tests.ProcessInvokerL0.RedirectSTDINKeepStreamOpen" computerName="ComputerName" duration="00:00:00.4069547" startTime="2024-05-08T09:40:57.5437773+02:00" endTime="2024-05-08T09:40:57.5437777+02:00" testType="13cdc9d9-ddb5-4fa4-a97d-d965ccfc6d4b" outcome="Passed" testListId="8c84fa94-04c1-424b-9868-57a2d4851a1d" relativeResultsDirectory="61d987a2-c840-4ea7-a905-df11a5264178" />
    <UnitTestResult executionId="00852b98-a102-49f9-8dc4-1cfcef763fe9" testId="e5be26c6-2959-e11b-1359-7e7dd7f3e1b6" testName="Microsoft.VisualStudio.Services.Agent.Tests.Worker.TestResults.NunitResultReaderTests.VerifyTestCaseStartDate" computerName="ComputerName" duration="00:00:00.0206281" startTime="2024-05-08T09:40:52.9419376+02:00" endTime="2024-05-08T09:40:52.9419377+02:00" testType="13cdc9d9-ddb5-4fa4-a97d-d965ccfc6d4b" outcome="Passed" testListId="8c84fa94-04c1-424b-9868-57a2d4851a1d" relativeResultsDirectory="00852b98-a102-49f9-8dc4-1cfcef763fe9" />
    <UnitTestResult executionId="226b3701-552e-4408-b837-13f3866be200" testId="b9403fdd-a8b4-fc1b-1db4-c677b905ddaa" testName="Microsoft.VisualStudio.Services.Agent.Tests.Worker.VariablesL0.RecalculateExpanded_PathTranslator" computerName="ComputerName" duration="00:00:00.0143476" startTime="2024-05-08T09:40:51.2210897+02:00" endTime="2024-05-08T09:40:51.2210898+02:00" testType="13cdc9d9-ddb5-4fa4-a97d-d965ccfc6d4b" outcome="Passed" testListId="8c84fa94-04c1-424b-9868-57a2d4851a1d" relativeResultsDirectory="226b3701-552e-4408-b837-13f3866be200" />
    <UnitTestResult executionId="27acd1de-98f9-405d-a0a8-c2a61bf0268e" testId="817645ca-e8ad-9fd8-d968-c66e9427a520" testName="Microsoft.VisualStudio.Services.Agent.Tests.Worker.Build.BuildDirectoryManagerL0.UpdatesExistingConfig" computerName="ComputerName" duration="00:00:00.0638845" startTime="2024-05-08T09:40:51.6323331+02:00" endTime="2024-05-08T09:40:51.6323331+02:00" testType="13cdc9d9-ddb5-4fa4-a97d-d965ccfc6d4b" outcome="Passed" testListId="8c84fa94-04c1-424b-9868-57a2d4851a1d" relativeResultsDirectory="27acd1de-98f9-405d-a0a8-c2a61bf0268e" />
    <UnitTestResult executionId="039d0f1b-d7b1-4af5-819d-e7dca2004aac" testId="005fbdd3-77df-cdc8-c92c-25c543b83ad3" testName="Microsoft.VisualStudio.Services.Agent.Tests.Worker.Release.JenkinsArtifactL0.CommitsShouldBeUploadedAsAttachment" computerName="ComputerName" duration="00:00:00.0539620" startTime="2024-05-08T09:40:52.9666515+02:00" endTime="2024-05-08T09:40:52.9666515+02:00" testType="13cdc9d9-ddb5-4fa4-a97d-d965ccfc6d4b" outcome="Passed" testListId="8c84fa94-04c1-424b-9868-57a2d4851a1d" relativeResultsDirectory="039d0f1b-d7b1-4af5-819d-e7dca2004aac" />
    <UnitTestResult executionId="ab56fbf0-d4df-411c-8956-47d30e902dee" testId="38a5f0fa-5671-0093-18c3-ccbade3c958d" testName="Microsoft.VisualStudio.Services.Agent.Tests.Worker.TestResults.TrxReaderTests.ThereAreNoResultsWithInvalidGuid" computerName="ComputerName" duration="00:00:00.0289613" startTime="2024-05-08T09:40:54.9127127+02:00" endTime="2024-05-08T09:40:54.9127128+02:00" testType="13cdc9d9-ddb5-4fa4-a97d-d965ccfc6d4b" outcome="Passed" testListId="8c84fa94-04c1-424b-9868-57a2d4851a1d" relativeResultsDirectory="ab56fbf0-d4df-411c-8956-47d30e902dee" />
    <UnitTestResult executionId="0f702bb9-675e-4b89-89d0-4f842d710430" testId="1f210368-9e48-2671-f01e-8e4afdf2e445" testName="Microsoft.VisualStudio.Services.Agent.Tests.Worker.Release.JenkinsArtifactL0.JenkinsCommitsShouldBeFetchedBetweenBuildRange" computerName="ComputerName" duration="00:00:00.0277709" startTime="2024-05-08T09:40:52.8767139+02:00" endTime="2024-05-08T09:40:52.8767140+02:00" testType="13cdc9d9-ddb5-4fa4-a97d-d965ccfc6d4b" outcome="Passed" testListId="8c84fa94-04c1-424b-9868-57a2d4851a1d" relativeResultsDirectory="0f702bb9-675e-4b89-89d0-4f842d710430" />
    <UnitTestResult executionId="306f5a3d-c0fd-4544-a831-bc15e085ef9e" testId="7fbb24a9-b374-8e54-56b0-4538e1b554ac" testName="Microsoft.VisualStudio.Services.Agent.Tests.Util.IOUtilL0.ResolvePathWindows" computerName="ComputerName" duration="00:00:00.0089553" startTime="2024-05-08T09:41:04.9345930+02:00" endTime="2024-05-08T09:41:04.9345940+02:00" testType="13cdc9d9-ddb5-4fa4-a97d-d965ccfc6d4b" outcome="Passed" testListId="8c84fa94-04c1-424b-9868-57a2d4851a1d" relativeResultsDirectory="306f5a3d-c0fd-4544-a831-bc15e085ef9e" />
    <UnitTestResult executionId="e64638f5-6fbf-4d7a-90f3-f5224e840c66" testId="8015525c-dda4-7f70-46b2-3b50df287476" testName="Microsoft.VisualStudio.Services.Agent.Tests.HostContextL0.UrlSecretsAreMasked(input: &quot;https://example.com:8080/path&quot;, expected: &quot;https://example.com:8080/path&quot;)" computerName="ComputerName" duration="00:00:00.0212726" startTime="2024-05-08T09:40:52.3585537+02:00" endTime="2024-05-08T09:40:52.3585539+02:00" testType="13cdc9d9-ddb5-4fa4-a97d-d965ccfc6d4b" outcome="Passed" testListId="8c84fa94-04c1-424b-9868-57a2d4851a1d" relativeResultsDirectory="e64638f5-6fbf-4d7a-90f3-f5224e840c66" />
    <UnitTestResult executionId="7630ea6c-62ef-4554-bef4-e2ec5e2de3ee" testId="d58318d9-eae7-be51-b5da-4114628cef12" testName="Microsoft.VisualStudio.Services.Agent.Tests.Worker.TestResults.JunitResultReaderTests.VerifyDurationAsSumOfAssemblyTimeWhenTimestampNotParseable" computerName="ComputerName" duration="00:00:00.0242920" startTime="2024-05-08T09:40:55.5078251+02:00" endTime="2024-05-08T09:40:55.5078252+02:00" testType="13cdc9d9-ddb5-4fa4-a97d-d965ccfc6d4b" outcome="Passed" testListId="8c84fa94-04c1-424b-9868-57a2d4851a1d" relativeResultsDirectory="7630ea6c-62ef-4554-bef4-e2ec5e2de3ee" />
    <UnitTestResult executionId="b616f07b-d7fb-4f42-b190-778835843f10" testId="481ae223-b570-1660-98ed-d1139f03230e" testName="Microsoft.VisualStudio.Services.Agent.Tests.Worker.ExecutionContextL0.InitializeJob_should_set_JobSettings_multicheckout" computerName="ComputerName" duration="00:00:00.0056861" startTime="2024-05-08T09:40:53.6209405+02:00" endTime="2024-05-08T09:40:53.6209407+02:00" testType="13cdc9d9-ddb5-4fa4-a97d-d965ccfc6d4b" outcome="Passed" testListId="8c84fa94-04c1-424b-9868-57a2d4851a1d" relativeResultsDirectory="b616f07b-d7fb-4f42-b190-778835843f10" />
    <UnitTestResult executionId="36285c92-c6b1-41be-aaac-783fa47d3271" testId="0ac374dc-e6cf-d7fb-081c-8e3cb0627ab3" testName="Microsoft.VisualStudio.Services.Agent.Tests.Util.IOUtilL0.DeleteDirectory_DoesNotFollowNestLevel1DirectoryReparsePoint" computerName="ComputerName" duration="00:00:00.1013249" startTime="2024-05-08T09:41:04.9253499+02:00" endTime="2024-05-08T09:41:04.9253504+02:00" testType="13cdc9d9-ddb5-4fa4-a97d-d965ccfc6d4b" outcome="Passed" testListId="8c84fa94-04c1-424b-9868-57a2d4851a1d" relativeResultsDirectory="36285c92-c6b1-41be-aaac-783fa47d3271" />
    <UnitTestResult executionId="978605d3-f4ee-49d4-8402-2301b9d68c30" testId="a4c5763e-4c67-66c6-1da2-c00aa7f5a7a2" testName="Microsoft.VisualStudio.Services.Agent.Tests.SecretMaskerL0.SecretMaskerTests_ReplacesMultipleSecrets" computerName="ComputerName" duration="00:00:00.0001962" startTime="2024-05-08T09:40:52.7483451+02:00" endTime="2024-05-08T09:40:52.7483452+02:00" testType="13cdc9d9-ddb5-4fa4-a97d-d965ccfc6d4b" outcome="Passed" testListId="8c84fa94-04c1-424b-9868-57a2d4851a1d" relativeResultsDirectory="978605d3-f4ee-49d4-8402-2301b9d68c30" />
    <UnitTestResult executionId="4cab9a05-9672-417e-bf20-6afb2a7eb12a" testId="7fbe7fc9-2d62-06dd-68ef-3e98664491c2" testName="Microsoft.VisualStudio.Services.Agent.Tests.Worker.Results.CTestResultReaderTests.VerifyTestCaseDurationWhenTestCaseTimeIsInSeconds" computerName="ComputerName" duration="00:00:00.0192688" startTime="2024-05-08T09:40:54.0409472+02:00" endTime="2024-05-08T09:40:54.0409473+02:00" testType="13cdc9d9-ddb5-4fa4-a97d-d965ccfc6d4b" outcome="Passed" testListId="8c84fa94-04c1-424b-9868-57a2d4851a1d" relativeResultsDirectory="4cab9a05-9672-417e-bf20-6afb2a7eb12a" />
    <UnitTestResult executionId="176e1c2f-def0-48bf-8a6a-5122c8c5d902" testId="2cb102a7-fe93-0ab0-756c-c02ad963d50e" testName="Microsoft.VisualStudio.Services.Agent.Tests.Worker.Build.TfsVCSourceProvider_WorkspaceUtilL0.DoesNotMatch_Map_LocalPath" computerName="ComputerName" duration="00:00:00.0276290" startTime="2024-05-08T09:40:53.8562756+02:00" endTime="2024-05-08T09:40:53.8562757+02:00" testType="13cdc9d9-ddb5-4fa4-a97d-d965ccfc6d4b" outcome="Passed" testListId="8c84fa94-04c1-424b-9868-57a2d4851a1d" relativeResultsDirectory="176e1c2f-def0-48bf-8a6a-5122c8c5d902" />
    <UnitTestResult executionId="54378d65-4789-42ab-aa72-08baf1bb5807" testId="5494c477-5975-ca82-5054-4d0a56a75fed" testName="Test.L0.Worker.Handlers.ProcessHandlerHelperL0.TestWithCloseVars(inputArgs: &quot;%VAR1% %VAR2%_%VAR3%&quot;, expectedArgs: &quot;1 2_3&quot;)" computerName="ComputerName" duration="00:00:00.0001618" startTime="2024-05-08T09:40:51.1259726+02:00" endTime="2024-05-08T09:40:51.1259727+02:00" testType="13cdc9d9-ddb5-4fa4-a97d-d965ccfc6d4b" outcome="Passed" testListId="8c84fa94-04c1-424b-9868-57a2d4851a1d" relativeResultsDirectory="54378d65-4789-42ab-aa72-08baf1bb5807" />
    <UnitTestResult executionId="54ff5cae-6319-4a4c-a487-250415e8ca95" testId="0c71a211-d5a3-0b15-c036-7151d41bd7ac" testName="Test.L0.Worker.Build.WorkspaceMaintenanceProvicerL0.ShouldDisposeCollectedGarbage" computerName="ComputerName" duration="00:00:00.0157984" startTime="2024-05-08T09:40:54.2972979+02:00" endTime="2024-05-08T09:40:54.2972981+02:00" testType="13cdc9d9-ddb5-4fa4-a97d-d965ccfc6d4b" outcome="Passed" testListId="8c84fa94-04c1-424b-9868-57a2d4851a1d" relativeResultsDirectory="54ff5cae-6319-4a4c-a487-250415e8ca95" />
    <UnitTestResult executionId="9c8c4093-bd7e-45a2-b9fd-0399a916fa2b" testId="9ee9cb7e-6a20-2fb2-767d-efc55e89459c" testName="Microsoft.VisualStudio.Services.Agent.Tests.Worker.VariablesL0.Constructor_SetsOrdinalIgnoreCaseComparer" computerName="ComputerName" duration="00:00:00.0240218" startTime="2024-05-08T09:40:51.7890141+02:00" endTime="2024-05-08T09:40:51.7890143+02:00" testType="13cdc9d9-ddb5-4fa4-a97d-d965ccfc6d4b" outcome="Passed" testListId="8c84fa94-04c1-424b-9868-57a2d4851a1d" relativeResultsDirectory="9c8c4093-bd7e-45a2-b9fd-0399a916fa2b" />
    <UnitTestResult executionId="fa0595c4-c6f0-49b1-be37-7d71ff5bea8b" testId="56e8e122-bb6f-e36f-c0cc-19da84b5e1fc" testName="Microsoft.VisualStudio.Services.Agent.Tests.Worker.Results.CTestResultReaderTests.VerifyRunTypeIsSet" computerName="ComputerName" duration="00:00:00.0366466" startTime="2024-05-08T09:40:54.2241931+02:00" endTime="2024-05-08T09:40:54.2241933+02:00" testType="13cdc9d9-ddb5-4fa4-a97d-d965ccfc6d4b" outcome="Passed" testListId="8c84fa94-04c1-424b-9868-57a2d4851a1d" relativeResultsDirectory="fa0595c4-c6f0-49b1-be37-7d71ff5bea8b" />
    <UnitTestResult executionId="48fbceae-94f9-41fd-8f40-cb3aae65bd48" testId="bb977460-8a29-83d5-7efb-f188eb76d990" testName="Microsoft.VisualStudio.Services.Agent.Tests.Worker.Build.BuildDirectoryManagerL0.UpdateDirectoryFailOnInvalidPath_DontAllowWorkingDirectoryRepositories" computerName="ComputerName" duration="00:00:00.1361639" startTime="2024-05-08T09:40:51.1760120+02:00" endTime="2024-05-08T09:40:51.1760122+02:00" testType="13cdc9d9-ddb5-4fa4-a97d-d965ccfc6d4b" outcome="Passed" testListId="8c84fa94-04c1-424b-9868-57a2d4851a1d" relativeResultsDirectory="48fbceae-94f9-41fd-8f40-cb3aae65bd48" />
    <UnitTestResult executionId="7d129f34-3f51-44c4-9328-0a2ecd067724" testId="3a2ad9a7-67d2-d6bc-b459-316a6ffabcfa" testName="Microsoft.VisualStudio.Services.Agent.Tests.CommandSettingsL0.GetsArgSecretFromEnvVar" computerName="ComputerName" duration="00:00:00.0237685" startTime="2024-05-08T09:40:51.6704630+02:00" endTime="2024-05-08T09:40:51.6704632+02:00" testType="13cdc9d9-ddb5-4fa4-a97d-d965ccfc6d4b" outcome="Passed" testListId="8c84fa94-04c1-424b-9868-57a2d4851a1d" relativeResultsDirectory="7d129f34-3f51-44c4-9328-0a2ecd067724" />
    <UnitTestResult executionId="94c8a193-4871-4436-916e-7483253716e8" testId="de69f077-7450-cbc6-a2e1-db51543578a9" testName="Microsoft.VisualStudio.Services.Agent.Tests.Worker.TaskManagerL0.DoesNotMatchPlatform" computerName="ComputerName" duration="00:00:00.0036233" startTime="2024-05-08T09:40:55.7095346+02:00" endTime="2024-05-08T09:40:55.7095347+02:00" testType="13cdc9d9-ddb5-4fa4-a97d-d965ccfc6d4b" outcome="Passed" testListId="8c84fa94-04c1-424b-9868-57a2d4851a1d" relativeResultsDirectory="94c8a193-4871-4436-916e-7483253716e8" />
    <UnitTestResult executionId="3e2d780e-f8cf-4158-86d1-a291eaa51afd" testId="61a88dc9-9849-5c2f-2bae-af46d7f81aaa" testName="Microsoft.VisualStudio.Services.Agent.Tests.Worker.VariablesL0.ExpandValues_DoesNotRecurse" computerName="ComputerName" duration="00:00:00.0171826" startTime="2024-05-08T09:40:51.6386817+02:00" endTime="2024-05-08T09:40:51.6386818+02:00" testType="13cdc9d9-ddb5-4fa4-a97d-d965ccfc6d4b" outcome="Passed" testListId="8c84fa94-04c1-424b-9868-57a2d4851a1d" relativeResultsDirectory="3e2d780e-f8cf-4158-86d1-a291eaa51afd" />
    <UnitTestResult executionId="8a76c125-a647-459a-8ac0-8e8590c48906" testId="0ead4e6b-eca1-82ee-e8ac-c2ded8aeaa36" testName="Microsoft.VisualStudio.Services.Agent.Tests.Worker.TestResults.ParserTests.PublishBasicXUnitResults" computerName="ComputerName" duration="00:00:00.1975831" startTime="2024-05-08T09:40:51.1665432+02:00" endTime="2024-05-08T09:40:51.1665433+02:00" testType="13cdc9d9-ddb5-4fa4-a97d-d965ccfc6d4b" outcome="Passed" testListId="8c84fa94-04c1-424b-9868-57a2d4851a1d" relativeResultsDirectory="8a76c125-a647-459a-8ac0-8e8590c48906" />
    <UnitTestResult executionId="c10e488a-e582-4eef-8af1-f444d2254735" testId="542db155-155e-3e91-6bb7-9e5bedf70815" testName="Microsoft.VisualStudio.Services.Agent.Tests.Listener.PipelineParserL0.BashStep" computerName="ComputerName" duration="00:00:00.0073353" startTime="2024-05-08T09:40:54.3311982+02:00" endTime="2024-05-08T09:40:54.3311983+02:00" testType="13cdc9d9-ddb5-4fa4-a97d-d965ccfc6d4b" outcome="Passed" testListId="8c84fa94-04c1-424b-9868-57a2d4851a1d" relativeResultsDirectory="c10e488a-e582-4eef-8af1-f444d2254735" />
    <UnitTestResult executionId="e8d49e01-a6e6-49a2-9027-3f02a32d6077" testId="717652dc-73d0-43e1-7c09-5eb52ae4440a" testName="Microsoft.VisualStudio.Services.Agent.Tests.Worker.TestResults.TrxReaderTests.VerifyCoverageSourceFilesAndPdbsAreAddedAsRunLevelAttachmentsWithDeployment" computerName="ComputerName" duration="00:00:00.0279144" startTime="2024-05-08T09:40:54.2259243+02:00" endTime="2024-05-08T09:40:54.2259244+02:00" testType="13cdc9d9-ddb5-4fa4-a97d-d965ccfc6d4b" outcome="Passed" testListId="8c84fa94-04c1-424b-9868-57a2d4851a1d" relativeResultsDirectory="e8d49e01-a6e6-49a2-9027-3f02a32d6077" />
    <UnitTestResult executionId="477b799c-f225-49d3-97f2-316b421f3985" testId="46a2cd76-e353-7772-6343-5eb9585d8fb6" testName="Microsoft.VisualStudio.Services.Agent.Tests.Listener.Configuration.ArgumentValidatorTestsL0.ServerUrlValidator" computerName="ComputerName" duration="00:00:00.0041215" startTime="2024-05-08T09:40:54.1142471+02:00" endTime="2024-05-08T09:40:54.1142472+02:00" testType="13cdc9d9-ddb5-4fa4-a97d-d965ccfc6d4b" outcome="Passed" testListId="8c84fa94-04c1-424b-9868-57a2d4851a1d" relativeResultsDirectory="477b799c-f225-49d3-97f2-316b421f3985" />
    <UnitTestResult executionId="c8bde080-d15d-44fb-bc41-41c02fc18a20" testId="d901e88e-3f4c-cf8c-82d2-c9780a9816e9" testName="Microsoft.VisualStudio.Services.Agent.Tests.Worker.Build.GitSourceProviderL0.GetSourceGitFetchPR" computerName="ComputerName" duration="00:00:00.0750673" startTime="2024-05-08T09:40:51.6193292+02:00" endTime="2024-05-08T09:40:51.6193293+02:00" testType="13cdc9d9-ddb5-4fa4-a97d-d965ccfc6d4b" outcome="Passed" testListId="8c84fa94-04c1-424b-9868-57a2d4851a1d" relativeResultsDirectory="c8bde080-d15d-44fb-bc41-41c02fc18a20" />
    <UnitTestResult executionId="503bcf45-90db-434c-963c-e4476def21ce" testId="72aa1d61-ced2-64c3-a572-86db759d1189" testName="Microsoft.VisualStudio.Services.Agent.Tests.Worker.Build.TrackingManagerL0.MergeTrackingConfig_CheckIfReturnsValidConfig" computerName="ComputerName" duration="00:00:00.0075069" startTime="2024-05-08T09:40:53.6649420+02:00" endTime="2024-05-08T09:40:53.6649421+02:00" testType="13cdc9d9-ddb5-4fa4-a97d-d965ccfc6d4b" outcome="Passed" testListId="8c84fa94-04c1-424b-9868-57a2d4851a1d" relativeResultsDirectory="503bcf45-90db-434c-963c-e4476def21ce" />
    <UnitTestResult executionId="1c5fa3da-b7b2-419b-921a-9ee50fb618f4" testId="b9fd3b22-8e1d-84f3-9620-6ffe8beed473" testName="Microsoft.VisualStudio.Services.Agent.Tests.Worker.Container.ContainerInfoL0.MountVolumeConstructorParsesStringInput" computerName="ComputerName" duration="00:00:00.0176171" startTime="2024-05-08T09:40:51.3339569+02:00" endTime="2024-05-08T09:40:51.3339570+02:00" testType="13cdc9d9-ddb5-4fa4-a97d-d965ccfc6d4b" outcome="Passed" testListId="8c84fa94-04c1-424b-9868-57a2d4851a1d" relativeResultsDirectory="1c5fa3da-b7b2-419b-921a-9ee50fb618f4" />
    <UnitTestResult executionId="7e21bba6-c9a8-48ea-ad19-4982de24fcfd" testId="3985055f-b6e5-f6a4-e719-d8156ca471d2" testName="Microsoft.VisualStudio.Services.Agent.Tests.TestFileContainerProviderL0.TestGettingArtifactItemsWithMinimatchPattern(pttrn: [&quot;**&quot;, &quot;!**/Folder1/**&quot;, &quot;#!**/Folder2/**&quot;, &quot;!!**/File3.txt&quot;], count: 4, expectedPaths: [&quot;ArtifactForTest&quot;, &quot;ArtifactForTest/File1.txt&quot;, &quot;ArtifactForTest/Folder1&quot;, &quot;ArtifactForTest/Folder1/Folder2/File3.txt&quot;])" computerName="ComputerName" duration="00:00:00.0064037" startTime="2024-05-08T09:40:52.3743638+02:00" endTime="2024-05-08T09:40:52.3743639+02:00" testType="13cdc9d9-ddb5-4fa4-a97d-d965ccfc6d4b" outcome="Passed" testListId="8c84fa94-04c1-424b-9868-57a2d4851a1d" relativeResultsDirectory="7e21bba6-c9a8-48ea-ad19-4982de24fcfd" />
    <UnitTestResult executionId="2b833026-02a3-46cf-9282-bad4519711f5" testId="7aa1187e-7035-e522-903a-3cf69868db45" testName="Microsoft.VisualStudio.Services.Agent.Tests.Worker.TestResults.TrxReaderTests.ResultsWithoutTestNamesAreSkipped" computerName="ComputerName" duration="00:00:00.0460779" startTime="2024-05-08T09:40:54.2982466+02:00" endTime="2024-05-08T09:40:54.2982467+02:00" testType="13cdc9d9-ddb5-4fa4-a97d-d965ccfc6d4b" outcome="Passed" testListId="8c84fa94-04c1-424b-9868-57a2d4851a1d" relativeResultsDirectory="2b833026-02a3-46cf-9282-bad4519711f5" />
    <UnitTestResult executionId="ec46b830-6d32-4ba3-9134-c809812459b7" testId="f76634b8-0cce-39eb-c1a5-b3232426b99c" testName="Test.L0.Worker.PluginInternalUpdateRepositoryPathCommandL0.Execute_should_set_paths_appropriately_for_self_repo" computerName="ComputerName" duration="00:00:00.0121172" startTime="2024-05-08T09:40:54.0665661+02:00" endTime="2024-05-08T09:40:54.0665663+02:00" testType="13cdc9d9-ddb5-4fa4-a97d-d965ccfc6d4b" outcome="Passed" testListId="8c84fa94-04c1-424b-9868-57a2d4851a1d" relativeResultsDirectory="ec46b830-6d32-4ba3-9134-c809812459b7" />
    <UnitTestResult executionId="8e71c147-4440-41b4-9a4e-a88a75f7ab2a" testId="ed81fa4c-0166-7717-3008-648f7efa36e2" testName="Test.L0.Worker.Handlers.ProcessHandlerHelperL0.ArgsValidation_Failes(inputArgs: &quot;%%var%&quot;, envVarValue: &quot;1 &amp; echo 23&quot;)" computerName="ComputerName" duration="00:00:00.0003511" startTime="2024-05-08T09:40:51.0895536+02:00" endTime="2024-05-08T09:40:51.0895538+02:00" testType="13cdc9d9-ddb5-4fa4-a97d-d965ccfc6d4b" outcome="Passed" testListId="8c84fa94-04c1-424b-9868-57a2d4851a1d" relativeResultsDirectory="8e71c147-4440-41b4-9a4e-a88a75f7ab2a" />
    <UnitTestResult executionId="761eca11-a6ce-4917-a49f-a9c9b6ac40ed" testId="a223b90c-117a-02d9-58ab-8aeb1d2f8304" testName="Microsoft.VisualStudio.Services.Agent.Tests.Worker.JobRunnerL0.JobExtensionInitializeCancelled" computerName="ComputerName" duration="00:00:00.0498150" startTime="2024-05-08T09:40:51.9645110+02:00" endTime="2024-05-08T09:40:51.9645111+02:00" testType="13cdc9d9-ddb5-4fa4-a97d-d965ccfc6d4b" outcome="Passed" testListId="8c84fa94-04c1-424b-9868-57a2d4851a1d" relativeResultsDirectory="761eca11-a6ce-4917-a49f-a9c9b6ac40ed" />
    <UnitTestResult executionId="22c2b718-39c6-4d10-beda-56d90ae3131c" testId="6f767675-5bbf-ee4d-f9e5-fdfcf19b0330" testName="Microsoft.VisualStudio.Services.Agent.Tests.Worker.VariablesL0.Set_CannotConvertASecretValueIntoAPublicValue" computerName="ComputerName" duration="00:00:00.0093942" startTime="2024-05-08T09:40:51.2506557+02:00" endTime="2024-05-08T09:40:51.2506559+02:00" testType="13cdc9d9-ddb5-4fa4-a97d-d965ccfc6d4b" outcome="Passed" testListId="8c84fa94-04c1-424b-9868-57a2d4851a1d" relativeResultsDirectory="22c2b718-39c6-4d10-beda-56d90ae3131c" />
    <UnitTestResult executionId="d23da66a-bfac-415b-81f8-0389e826a553" testId="670bf80d-7bcf-980e-48cc-d94448b66abd" testName="Microsoft.VisualStudio.Services.Agent.Tests.CommandSettingsL0.GetsCommandUnconfigure" computerName="ComputerName" duration="00:00:00.0044656" startTime="2024-05-08T09:40:51.8899411+02:00" endTime="2024-05-08T09:40:51.8899412+02:00" testType="13cdc9d9-ddb5-4fa4-a97d-d965ccfc6d4b" outcome="Passed" testListId="8c84fa94-04c1-424b-9868-57a2d4851a1d" relativeResultsDirectory="d23da66a-bfac-415b-81f8-0389e826a553" />
    <UnitTestResult executionId="073d8f22-753d-4163-8cb1-9115df1e8ffb" testId="e5ad469c-4a8a-b56c-b2d5-aac87749fd04" testName="Microsoft.VisualStudio.Services.Agent.Tests.Worker.TestResults.NunitResultReaderTests.Nunit_DtdProhibitedXmlShouldReturnNull" computerName="ComputerName" duration="00:00:00.0623799" startTime="2024-05-08T09:40:53.1154945+02:00" endTime="2024-05-08T09:40:53.1154946+02:00" testType="13cdc9d9-ddb5-4fa4-a97d-d965ccfc6d4b" outcome="Passed" testListId="8c84fa94-04c1-424b-9868-57a2d4851a1d" relativeResultsDirectory="073d8f22-753d-4163-8cb1-9115df1e8ffb" />
    <UnitTestResult executionId="9bb296c7-0c17-4354-9956-a1308f897198" testId="b34f83d4-8aa9-8fd9-da89-c8232aa199e6" testName="Test.L0.Worker.Handlers.ProcessHandlerHelperL0.ArgsValidation_Failes(inputArgs: &quot;%var%%&quot;, envVarValue: &quot;1 &amp; echo 23&quot;)" computerName="ComputerName" duration="00:00:00.0007161" startTime="2024-05-08T09:40:51.0835057+02:00" endTime="2024-05-08T09:40:51.0835058+02:00" testType="13cdc9d9-ddb5-4fa4-a97d-d965ccfc6d4b" outcome="Passed" testListId="8c84fa94-04c1-424b-9868-57a2d4851a1d" relativeResultsDirectory="9bb296c7-0c17-4354-9956-a1308f897198" />
    <UnitTestResult executionId="75fc8efb-4660-45b4-a931-1d5c91d6bcc7" testId="2013b66e-e3bf-6c1a-f840-c0e2ddcecef8" testName="Microsoft.VisualStudio.Services.Agent.Tests.HostContextL0.UrlSecretsAreMasked(input: &quot;https://example.com/path&quot;, expected: &quot;https://example.com/path&quot;)" computerName="ComputerName" duration="00:00:00.0063755" startTime="2024-05-08T09:40:52.4491124+02:00" endTime="2024-05-08T09:40:52.4491126+02:00" testType="13cdc9d9-ddb5-4fa4-a97d-d965ccfc6d4b" outcome="Passed" testListId="8c84fa94-04c1-424b-9868-57a2d4851a1d" relativeResultsDirectory="75fc8efb-4660-45b4-a931-1d5c91d6bcc7" />
    <UnitTestResult executionId="45e2071b-b5cb-4483-914a-09f9d75eb07b" testId="de99b3e8-ac06-d76a-84f7-d14809a74a84" testName="Test.L0.Plugin.TestResultParser.PipelineTestRunPublisherL0.PipelineTestRunPublisher_PublishTestRun_EmptyTestResults" computerName="ComputerName" duration="00:00:00.0116450" startTime="2024-05-08T09:40:55.1186541+02:00" endTime="2024-05-08T09:40:55.1186542+02:00" testType="13cdc9d9-ddb5-4fa4-a97d-d965ccfc6d4b" outcome="Passed" testListId="8c84fa94-04c1-424b-9868-57a2d4851a1d" relativeResultsDirectory="45e2071b-b5cb-4483-914a-09f9d75eb07b" />
    <UnitTestResult executionId="d6da424e-e7d3-4100-b7ba-542b1addfe30" testId="7bc11ba3-abc8-8e71-6c0c-e22e8de07c46" testName="Microsoft.VisualStudio.Services.Agent.Tests.Listener.JobDispatcherL0.DispatcherRenewJobRequestFirstRenewRetrySixTimes" computerName="ComputerName" duration="00:00:00.0364475" startTime="2024-05-08T09:40:53.4019637+02:00" endTime="2024-05-08T09:40:53.4019638+02:00" testType="13cdc9d9-ddb5-4fa4-a97d-d965ccfc6d4b" outcome="Passed" testListId="8c84fa94-04c1-424b-9868-57a2d4851a1d" relativeResultsDirectory="d6da424e-e7d3-4100-b7ba-542b1addfe30" />
    <UnitTestResult executionId="8601b4a7-a178-424a-b1cc-4a2807c83890" testId="c1267492-bcdc-62e1-2a16-f2a5fd59c4b1" testName="Microsoft.VisualStudio.Services.Agent.Tests.Util.StringUtilL0.DeactivateVsoCommandsFromStringTest(input: &quot;echo \&quot;##vso[task.setvariable variable=testVar]a\&quot;&quot;, expected: &quot;echo \&quot;**vso[task.setvariable variable=testVar]a\&quot;&quot;)" computerName="ComputerName" duration="00:00:00.0000126" startTime="2024-05-08T09:40:54.3299461+02:00" endTime="2024-05-08T09:40:54.3299462+02:00" testType="13cdc9d9-ddb5-4fa4-a97d-d965ccfc6d4b" outcome="Passed" testListId="8c84fa94-04c1-424b-9868-57a2d4851a1d" relativeResultsDirectory="8601b4a7-a178-424a-b1cc-4a2807c83890" />
    <UnitTestResult executionId="1d85d964-97a3-4665-a714-caaaa339f344" testId="68f5230d-eff0-8211-35bc-057b02eb9c04" testName="Test.L0.Plugin.TestFilePublisher.TestFilePublisherLogPluginL0.TestFilePublisherLogPlugin_EnableForBuildPipeline" computerName="ComputerName" duration="00:00:00.0088536" startTime="2024-05-08T09:40:51.2583216+02:00" endTime="2024-05-08T09:40:51.2583217+02:00" testType="13cdc9d9-ddb5-4fa4-a97d-d965ccfc6d4b" outcome="Passed" testListId="8c84fa94-04c1-424b-9868-57a2d4851a1d" relativeResultsDirectory="1d85d964-97a3-4665-a714-caaaa339f344" />
    <UnitTestResult executionId="80c7d010-73bb-47b5-b09a-42ed56abec51" testId="84306ba9-f0b4-49cb-93d3-a26da2c7ec7e" testName="Microsoft.VisualStudio.Services.Agent.Tests.Worker.VariablesL0.Constructor_ExpandsValueWithConsecutiveMacros" computerName="ComputerName" duration="00:00:00.0133698" startTime="2024-05-08T09:40:51.9352712+02:00" endTime="2024-05-08T09:40:51.9352714+02:00" testType="13cdc9d9-ddb5-4fa4-a97d-d965ccfc6d4b" outcome="Passed" testListId="8c84fa94-04c1-424b-9868-57a2d4851a1d" relativeResultsDirectory="80c7d010-73bb-47b5-b09a-42ed56abec51" />
    <UnitTestResult executionId="53f04366-e20c-4858-a4f6-cea3e785097c" testId="f581d501-f8c7-d361-7473-412c12c7adbf" testName="Microsoft.VisualStudio.Services.Agent.Tests.Worker.ExecutionContextL0.AddIssue_CountWarningsErrors" computerName="ComputerName" duration="00:00:00.1371989" startTime="2024-05-08T09:40:53.8534329+02:00" endTime="2024-05-08T09:40:53.8534330+02:00" testType="13cdc9d9-ddb5-4fa4-a97d-d965ccfc6d4b" outcome="Passed" testListId="8c84fa94-04c1-424b-9868-57a2d4851a1d" relativeResultsDirectory="53f04366-e20c-4858-a4f6-cea3e785097c" />
    <UnitTestResult executionId="08e07d72-c232-428d-8a0f-fb172ccb6e7a" testId="1540e967-da31-7920-6c6c-0870a670538a" testName="Microsoft.VisualStudio.Services.Agent.Tests.Worker.TaskManagerL0.MatchesPlatform" computerName="ComputerName" duration="00:00:00.0031930" startTime="2024-05-08T09:40:55.7129247+02:00" endTime="2024-05-08T09:40:55.7129248+02:00" testType="13cdc9d9-ddb5-4fa4-a97d-d965ccfc6d4b" outcome="Passed" testListId="8c84fa94-04c1-424b-9868-57a2d4851a1d" relativeResultsDirectory="08e07d72-c232-428d-8a0f-fb172ccb6e7a" />
    <UnitTestResult executionId="648025a8-815c-4f33-b65d-71e964692698" testId="5da3918e-cf33-9375-f0d2-2e6b749f1a72" testName="Microsoft.VisualStudio.Services.Agent.Tests.Worker.TestResults.NunitResultReaderTests.VerifyLastTestCaseEndDateNotGreaterThanTestRunTotalTime" computerName="ComputerName" duration="00:00:00.0247162" startTime="2024-05-08T09:40:53.0486662+02:00" endTime="2024-05-08T09:40:53.0486663+02:00" testType="13cdc9d9-ddb5-4fa4-a97d-d965ccfc6d4b" outcome="Passed" testListId="8c84fa94-04c1-424b-9868-57a2d4851a1d" relativeResultsDirectory="648025a8-815c-4f33-b65d-71e964692698" />
    <UnitTestResult executionId="c071449e-fcba-422f-9461-ec14fa05059b" testId="6540b0fd-c470-c2e4-8850-713d988db4f4" testName="Microsoft.VisualStudio.Services.Agent.Tests.Listener.Configuration.ArgumentValidatorTestsL0.NonEmptyValidator" computerName="ComputerName" duration="00:00:00.0022589" startTime="2024-05-08T09:40:54.1417393+02:00" endTime="2024-05-08T09:40:54.1417394+02:00" testType="13cdc9d9-ddb5-4fa4-a97d-d965ccfc6d4b" outcome="Passed" testListId="8c84fa94-04c1-424b-9868-57a2d4851a1d" relativeResultsDirectory="c071449e-fcba-422f-9461-ec14fa05059b" />
    <UnitTestResult executionId="e39c3362-1159-488e-bd36-47982bc4e34c" testId="f863c7e3-970b-911e-c684-8d8fdc9de941" testName="Microsoft.VisualStudio.Services.Agent.Tests.Listener.Configuration.PromptManagerTestsL0.FallsBackToDefault" computerName="ComputerName" duration="00:00:00.0132068" startTime="2024-05-08T09:40:51.4308370+02:00" endTime="2024-05-08T09:40:51.4308371+02:00" testType="13cdc9d9-ddb5-4fa4-a97d-d965ccfc6d4b" outcome="Passed" testListId="8c84fa94-04c1-424b-9868-57a2d4851a1d" relativeResultsDirectory="e39c3362-1159-488e-bd36-47982bc4e34c" />
    <UnitTestResult executionId="ae7a65da-1ae8-4226-9918-3ea773648974" testId="2e6cc588-b51f-7672-8c78-bf4e87d477f0" testName="Microsoft.VisualStudio.Services.Agent.Tests.Listener.Configuration.ArgumentValidatorTestsL0.WindowsLogonAccountValidator" computerName="ComputerName" duration="00:00:00.0072708" startTime="2024-05-08T09:40:54.1956600+02:00" endTime="2024-05-08T09:40:54.1956601+02:00" testType="13cdc9d9-ddb5-4fa4-a97d-d965ccfc6d4b" outcome="Passed" testListId="8c84fa94-04c1-424b-9868-57a2d4851a1d" relativeResultsDirectory="ae7a65da-1ae8-4226-9918-3ea773648974" />
    <UnitTestResult executionId="25c474a6-a312-40b9-b6ee-c676b29bc4c2" testId="d1bcd890-1c1b-65f6-9c29-d6647a06eab7" testName="Microsoft.VisualStudio.Services.Agent.Tests.Listener.PipelineParserL0.PhaseVariables_NameValue" computerName="ComputerName" duration="00:00:00.0152375" startTime="2024-05-08T09:40:54.4563754+02:00" endTime="2024-05-08T09:40:54.4563757+02:00" testType="13cdc9d9-ddb5-4fa4-a97d-d965ccfc6d4b" outcome="Passed" testListId="8c84fa94-04c1-424b-9868-57a2d4851a1d" relativeResultsDirectory="25c474a6-a312-40b9-b6ee-c676b29bc4c2" />
    <UnitTestResult executionId="48abbfe2-de16-47bc-af24-006167466ba4" testId="5a5427c3-3254-0272-231e-5ebb629e79ba" testName="Microsoft.VisualStudio.Services.Agent.Tests.ExtensionManagerL0.LoadsTypes" computerName="ComputerName" duration="00:00:00.0299474" startTime="2024-05-08T09:40:53.2212663+02:00" endTime="2024-05-08T09:40:53.2212665+02:00" testType="13cdc9d9-ddb5-4fa4-a97d-d965ccfc6d4b" outcome="Passed" testListId="8c84fa94-04c1-424b-9868-57a2d4851a1d" relativeResultsDirectory="48abbfe2-de16-47bc-af24-006167466ba4" />
    <UnitTestResult executionId="d9e863d1-52ca-4aa5-a0ee-aa60c47b119a" testId="457eb3da-c7c3-0432-350a-2f6f8d4253e4" testName="Microsoft.VisualStudio.Services.Agent.Tests.PipelineCache.MatchingTests.DetermineFileEnumerationRecursive" computerName="ComputerName" duration="00:00:00.0001488" startTime="2024-05-08T09:40:53.2108059+02:00" endTime="2024-05-08T09:40:53.2108060+02:00" testType="13cdc9d9-ddb5-4fa4-a97d-d965ccfc6d4b" outcome="Passed" testListId="8c84fa94-04c1-424b-9868-57a2d4851a1d" relativeResultsDirectory="d9e863d1-52ca-4aa5-a0ee-aa60c47b119a" />
    <UnitTestResult executionId="70e07309-b753-4d34-bc91-80c681b08fae" testId="0218c799-46db-9094-8f38-38e09b394a3d" testName="Microsoft.VisualStudio.Services.Agent.Tests.Worker.TestResults.NunitResultReaderTests.CustomRunTitleIsHonourednunit3" computerName="ComputerName" duration="00:00:00.0178586" startTime="2024-05-08T09:40:53.0833431+02:00" endTime="2024-05-08T09:40:53.0833432+02:00" testType="13cdc9d9-ddb5-4fa4-a97d-d965ccfc6d4b" outcome="Passed" testListId="8c84fa94-04c1-424b-9868-57a2d4851a1d" relativeResultsDirectory="70e07309-b753-4d34-bc91-80c681b08fae" />
    <UnitTestResult executionId="c81b0397-32b3-4c49-af6c-af86b99a19b3" testId="75078001-c7b5-0dda-9dba-a081ef1ebc2e" testName="Microsoft.VisualStudio.Services.Agent.Tests.Util.TaskResultUtilL0.TaskResultsMerge" computerName="ComputerName" duration="00:00:00.0124636" startTime="2024-05-08T09:40:54.4527295+02:00" endTime="2024-05-08T09:40:54.4527297+02:00" testType="13cdc9d9-ddb5-4fa4-a97d-d965ccfc6d4b" outcome="Passed" testListId="8c84fa94-04c1-424b-9868-57a2d4851a1d" relativeResultsDirectory="c81b0397-32b3-4c49-af6c-af86b99a19b3" />
    <UnitTestResult executionId="cb53bf48-a05b-4b48-aaeb-8daef15fcc54" testId="66864b3e-b56a-bc2a-9d2a-f8b741ffe8c9" testName="Microsoft.VisualStudio.Services.Agent.Tests.Util.StringUtilL0.FormatAlwaysCallsFormat" computerName="ComputerName" duration="00:00:00.0110585" startTime="2024-05-08T09:40:54.3391157+02:00" endTime="2024-05-08T09:40:54.3391158+02:00" testType="13cdc9d9-ddb5-4fa4-a97d-d965ccfc6d4b" outcome="Passed" testListId="8c84fa94-04c1-424b-9868-57a2d4851a1d" relativeResultsDirectory="cb53bf48-a05b-4b48-aaeb-8daef15fcc54" />
    <UnitTestResult executionId="d27f3b3d-52bb-4d17-a956-a29309f798a3" testId="38c7ebfe-e2e5-04b0-93fa-8c170162923a" testName="Microsoft.VisualStudio.Services.Agent.Tests.Worker.Build.GitSourceProviderL0.GetSourceGitShallowFetch" computerName="ComputerName" duration="00:00:00.0782089" startTime="2024-05-08T09:40:51.6717547+02:00" endTime="2024-05-08T09:40:51.6717549+02:00" testType="13cdc9d9-ddb5-4fa4-a97d-d965ccfc6d4b" outcome="Passed" testListId="8c84fa94-04c1-424b-9868-57a2d4851a1d" relativeResultsDirectory="d27f3b3d-52bb-4d17-a956-a29309f798a3" />
    <UnitTestResult executionId="b00c257e-e069-4d6b-8850-f1cabd26940b" testId="375eda38-2526-6b2a-c8d3-0747f3ed99a5" testName="Microsoft.VisualStudio.Services.Agent.Tests.SecretMaskerL0.SecretMaskerTests_NegativeMinSecretLengthSet" computerName="ComputerName" duration="00:00:00.0003796" startTime="2024-05-08T09:40:52.5762298+02:00" endTime="2024-05-08T09:40:52.5762327+02:00" testType="13cdc9d9-ddb5-4fa4-a97d-d965ccfc6d4b" outcome="Passed" testListId="8c84fa94-04c1-424b-9868-57a2d4851a1d" relativeResultsDirectory="b00c257e-e069-4d6b-8850-f1cabd26940b" />
    <UnitTestResult executionId="4db37aad-1930-4beb-867f-322d70f3973c" testId="2f944005-c545-b4a7-c07b-90f398bed538" testName="Microsoft.VisualStudio.Services.Agent.Tests.Worker.CodeCoverage.CoberturaSummaryReaderTests.VerifyEmptyXmlFile" computerName="ComputerName" duration="00:00:00.0035800" startTime="2024-05-08T09:40:53.1940085+02:00" endTime="2024-05-08T09:40:53.1940087+02:00" testType="13cdc9d9-ddb5-4fa4-a97d-d965ccfc6d4b" outcome="Passed" testListId="8c84fa94-04c1-424b-9868-57a2d4851a1d" relativeResultsDirectory="4db37aad-1930-4beb-867f-322d70f3973c" />
    <UnitTestResult executionId="3da61c0e-688b-41b0-baa6-d7c9c6b70608" testId="914cbc0f-2f5d-785a-bd09-aadeb85cd72f" testName="Microsoft.VisualStudio.Services.Agent.Tests.Listener.PipelineParserL0.MaxObjectDepth_Mapping" computerName="ComputerName" duration="00:00:00.0055075" startTime="2024-05-08T09:40:54.4533825+02:00" endTime="2024-05-08T09:40:54.4533826+02:00" testType="13cdc9d9-ddb5-4fa4-a97d-d965ccfc6d4b" outcome="Passed" testListId="8c84fa94-04c1-424b-9868-57a2d4851a1d" relativeResultsDirectory="3da61c0e-688b-41b0-baa6-d7c9c6b70608" />
    <UnitTestResult executionId="21565958-434b-4ec1-bfc9-a16be80b763c" testId="93055f4c-dea1-a00f-8771-3a70836b9566" testName="Microsoft.VisualStudio.Services.Agent.Tests.HostContextL0.UrlSecretsAreMasked(input: &quot;https://user:pass@example.com:8080/path\nhttps://u&quot;..., expected: &quot;https://user:***@example.com:8080/path\nhttps://us&quot;...)" computerName="ComputerName" duration="00:00:00.0019797" startTime="2024-05-08T09:40:52.5064961+02:00" endTime="2024-05-08T09:40:52.5064962+02:00" testType="13cdc9d9-ddb5-4fa4-a97d-d965ccfc6d4b" outcome="Passed" testListId="8c84fa94-04c1-424b-9868-57a2d4851a1d" relativeResultsDirectory="21565958-434b-4ec1-bfc9-a16be80b763c" />
    <UnitTestResult executionId="7029c88b-f5e1-447f-b9b1-a534fc66cbf5" testId="37b7b432-be9f-5b55-2b99-243f6fc22508" testName="Microsoft.VisualStudio.Services.Agent.Tests.Worker.Results.CTestResultReaderTests.VerifyTestRunTimeIsSetToUTCTime" computerName="ComputerName" duration="00:00:00.0241409" startTime="2024-05-08T09:40:54.1049422+02:00" endTime="2024-05-08T09:40:54.1049425+02:00" testType="13cdc9d9-ddb5-4fa4-a97d-d965ccfc6d4b" outcome="Passed" testListId="8c84fa94-04c1-424b-9868-57a2d4851a1d" relativeResultsDirectory="7029c88b-f5e1-447f-b9b1-a534fc66cbf5" />
    <UnitTestResult executionId="cfed80dd-cf54-44bd-b23f-674a6eaef08d" testId="51bb3c04-6a13-b91f-b39a-2a13ff316eba" testName="Microsoft.VisualStudio.Services.Agent.Tests.Util.IOUtilL0.DeleteDirectory_DeletesDirectoriesRecursively" computerName="ComputerName" duration="00:00:00.0047818" startTime="2024-05-08T09:40:59.6604424+02:00" endTime="2024-05-08T09:40:59.6604427+02:00" testType="13cdc9d9-ddb5-4fa4-a97d-d965ccfc6d4b" outcome="Passed" testListId="8c84fa94-04c1-424b-9868-57a2d4851a1d" relativeResultsDirectory="cfed80dd-cf54-44bd-b23f-674a6eaef08d" />
    <UnitTestResult executionId="319794e6-579b-4ca3-982c-15f403e36407" testId="fa70dd62-9138-2de1-ac93-98e3237abc0c" testName="Microsoft.VisualStudio.Services.Agent.Tests.Worker.TestResults.JunitResultReaderTests.VerifyDurationAsSumOfTestCaseTimeWhenTestSuiteTimeTagNotAvailable" computerName="ComputerName" duration="00:00:00.0236591" startTime="2024-05-08T09:40:55.0494871+02:00" endTime="2024-05-08T09:40:55.0494873+02:00" testType="13cdc9d9-ddb5-4fa4-a97d-d965ccfc6d4b" outcome="Passed" testListId="8c84fa94-04c1-424b-9868-57a2d4851a1d" relativeResultsDirectory="319794e6-579b-4ca3-982c-15f403e36407" />
    <UnitTestResult executionId="b2278bd1-3815-4b42-a47c-7611e47ba4ac" testId="ea5f4e9a-b9de-d9e8-b93c-eac264856fed" testName="Microsoft.VisualStudio.Services.Agent.Tests.CommandSettingsL0.ValidateFlags" computerName="ComputerName" duration="00:00:00.0144387" startTime="2024-05-08T09:40:52.1627528+02:00" endTime="2024-05-08T09:40:52.1627529+02:00" testType="13cdc9d9-ddb5-4fa4-a97d-d965ccfc6d4b" outcome="Passed" testListId="8c84fa94-04c1-424b-9868-57a2d4851a1d" relativeResultsDirectory="b2278bd1-3815-4b42-a47c-7611e47ba4ac" />
    <UnitTestResult executionId="58aedc6f-af54-4883-b98e-6f9e035e271b" testId="8772d947-fe84-92be-cd58-c4e59b758dca" testName="Microsoft.VisualStudio.Services.Agent.Tests.Worker.CodeCoverage.CoberturaSummaryReaderTests.VerifyFileDidnotExist" computerName="ComputerName" duration="00:00:00.0090319" startTime="2024-05-08T09:40:53.1033174+02:00" endTime="2024-05-08T09:40:53.1033176+02:00" testType="13cdc9d9-ddb5-4fa4-a97d-d965ccfc6d4b" outcome="Passed" testListId="8c84fa94-04c1-424b-9868-57a2d4851a1d" relativeResultsDirectory="58aedc6f-af54-4883-b98e-6f9e035e271b" />
    <UnitTestResult executionId="bb6236e7-0ea4-4131-8cc3-e6d1f0cfeb2c" testId="ac5b9677-328e-ef63-22bd-31dcb7019c07" testName="Microsoft.VisualStudio.Services.Agent.Tests.Worker.JobRunnerL0.DontUpdateWebConsoleLineRateIfJobServerQueueIsNull" computerName="ComputerName" duration="00:00:00.0471543" startTime="2024-05-08T09:40:51.6068013+02:00" endTime="2024-05-08T09:40:51.6068037+02:00" testType="13cdc9d9-ddb5-4fa4-a97d-d965ccfc6d4b" outcome="Passed" testListId="8c84fa94-04c1-424b-9868-57a2d4851a1d" relativeResultsDirectory="bb6236e7-0ea4-4131-8cc3-e6d1f0cfeb2c" />
    <UnitTestResult executionId="8ee55292-a628-4537-9dbf-9bb4c61d32ba" testId="fa22cbd8-202f-1732-4f90-c4166a054f3d" testName="Microsoft.VisualStudio.Services.Agent.Tests.Listener.AgentL0.TestInfoArgumentsCLI(arg: &quot;--version&quot;, expected: 0)" computerName="ComputerName" duration="00:00:00.0450824" startTime="2024-05-08T09:40:51.8572810+02:00" endTime="2024-05-08T09:40:51.8572812+02:00" testType="13cdc9d9-ddb5-4fa4-a97d-d965ccfc6d4b" outcome="Passed" testListId="8c84fa94-04c1-424b-9868-57a2d4851a1d" relativeResultsDirectory="8ee55292-a628-4537-9dbf-9bb4c61d32ba" />
    <UnitTestResult executionId="1691286f-fb86-4ced-8b58-1d016a7367c5" testId="d4c63037-dc9a-6f84-e445-db042e5b8c27" testName="Test.L0.Worker.Handlers.ProcessHandlerHelperL0.EmptyLineTest" computerName="ComputerName" duration="00:00:00.0001034" startTime="2024-05-08T09:40:51.1247954+02:00" endTime="2024-05-08T09:40:51.1247956+02:00" testType="13cdc9d9-ddb5-4fa4-a97d-d965ccfc6d4b" outcome="Passed" testListId="8c84fa94-04c1-424b-9868-57a2d4851a1d" relativeResultsDirectory="1691286f-fb86-4ced-8b58-1d016a7367c5" />
    <UnitTestResult executionId="286cada5-c4d9-4f91-bd5e-d698f2e5b2c1" testId="c081d251-d091-a9e3-8c0a-22a1a16f4b5c" testName="Microsoft.VisualStudio.Services.Agent.Tests.Worker.SetVariableRestrictionsL0.NoRestrictions" computerName="ComputerName" duration="00:00:00.0168355" startTime="2024-05-08T09:40:54.0339934+02:00" endTime="2024-05-08T09:40:54.0339936+02:00" testType="13cdc9d9-ddb5-4fa4-a97d-d965ccfc6d4b" outcome="Passed" testListId="8c84fa94-04c1-424b-9868-57a2d4851a1d" relativeResultsDirectory="286cada5-c4d9-4f91-bd5e-d698f2e5b2c1" />
    <UnitTestResult executionId="08448fcc-21e1-48a8-9741-16bc6116cc7b" testId="f64346ba-200b-38c0-29a9-b66378a8610a" testName="Microsoft.VisualStudio.Services.Agent.Tests.Worker.JobRunnerL0.UpdateWebConsoleLineRateIfJobServerQueueIsNotNullMSI" computerName="ComputerName" duration="00:00:00.0100278" startTime="2024-05-08T09:40:51.7329514+02:00" endTime="2024-05-08T09:40:51.7329514+02:00" testType="13cdc9d9-ddb5-4fa4-a97d-d965ccfc6d4b" outcome="Passed" testListId="8c84fa94-04c1-424b-9868-57a2d4851a1d" relativeResultsDirectory="08448fcc-21e1-48a8-9741-16bc6116cc7b" />
    <UnitTestResult executionId="58120407-1494-4b86-ab6f-71718a9dea63" testId="dab792f2-542b-ee4b-2973-85fc32ad4771" testName="Microsoft.VisualStudio.Services.Agent.Tests.Util.RepositoryUtilL0.TrimStandardBranchPrefix_should_return_correct_values" computerName="ComputerName" duration="00:00:00.0021364" startTime="2024-05-08T09:40:51.0243522+02:00" endTime="2024-05-08T09:40:51.0243524+02:00" testType="13cdc9d9-ddb5-4fa4-a97d-d965ccfc6d4b" outcome="Passed" testListId="8c84fa94-04c1-424b-9868-57a2d4851a1d" relativeResultsDirectory="58120407-1494-4b86-ab6f-71718a9dea63" />
    <UnitTestResult executionId="7fbf93b7-a677-4cfa-8882-b8b623c5a096" testId="841874ab-db4d-8460-23ab-80891dfadcba" testName="Microsoft.VisualStudio.Services.Agent.Tests.Worker.Build.TrackingConfigHashAlgorithmL0.ComputeHash_with_multi_repos_should_return_correct_hash" computerName="ComputerName" duration="00:00:00.0186432" startTime="2024-05-08T09:40:52.7967877+02:00" endTime="2024-05-08T09:40:52.7967878+02:00" testType="13cdc9d9-ddb5-4fa4-a97d-d965ccfc6d4b" outcome="Passed" testListId="8c84fa94-04c1-424b-9868-57a2d4851a1d" relativeResultsDirectory="7fbf93b7-a677-4cfa-8882-b8b623c5a096" />
    <UnitTestResult executionId="0bfb292c-30e1-4037-a596-f8165355279d" testId="c03afb93-6bb9-ca41-ce84-d2be88b552e4" testName="Microsoft.VisualStudio.Services.Agent.Tests.Worker.SetVariableRestrictionsL0.ExactMatchAllowed" computerName="ComputerName" duration="00:00:00.0076253" startTime="2024-05-08T09:40:54.0790905+02:00" endTime="2024-05-08T09:40:54.0790907+02:00" testType="13cdc9d9-ddb5-4fa4-a97d-d965ccfc6d4b" outcome="Passed" testListId="8c84fa94-04c1-424b-9868-57a2d4851a1d" relativeResultsDirectory="0bfb292c-30e1-4037-a596-f8165355279d" />
    <UnitTestResult executionId="b610f965-4845-4bb4-9f65-f9698088b2ef" testId="af233fb4-cad9-a243-624c-2d3dbd4fe09e" testName="Test.L0.Worker.Handlers.ProcessHandlerHelperTelemetryL0.NotClosedEnv(inputArgs: &quot;  %1&quot;, expectedPosition: 2)" computerName="ComputerName" duration="00:00:00.0000158" startTime="2024-05-08T09:40:51.3833367+02:00" endTime="2024-05-08T09:40:51.3833369+02:00" testType="13cdc9d9-ddb5-4fa4-a97d-d965ccfc6d4b" outcome="Passed" testListId="8c84fa94-04c1-424b-9868-57a2d4851a1d" relativeResultsDirectory="b610f965-4845-4bb4-9f65-f9698088b2ef" />
    <UnitTestResult executionId="3d841643-51ca-49ed-b79b-77c77d64cc69" testId="7197a51f-3590-9b1c-7c3d-edba40007a96" testName="Microsoft.VisualStudio.Services.Agent.Tests.Worker.TestResults.TrxReaderTests.VerifyDataCollectorFilesAndPdbsAreAddedAsRunLevelAttachments" computerName="ComputerName" duration="00:00:00.0320336" startTime="2024-05-08T09:40:54.4311675+02:00" endTime="2024-05-08T09:40:54.4311676+02:00" testType="13cdc9d9-ddb5-4fa4-a97d-d965ccfc6d4b" outcome="Passed" testListId="8c84fa94-04c1-424b-9868-57a2d4851a1d" relativeResultsDirectory="3d841643-51ca-49ed-b79b-77c77d64cc69" />
    <UnitTestResult executionId="2fd558d4-2cc3-4472-b408-eb793a1b2cf0" testId="24bde500-032d-adf9-c24d-260842e052c2" testName="Test.L0.Worker.Handlers.ProcessHandlerHelperL0.ArgsValidation_Passes(inputArgs: &quot;1 2&quot;, envVarValue: &quot;&quot;)" computerName="ComputerName" duration="00:00:00.0001562" startTime="2024-05-08T09:40:51.1102246+02:00" endTime="2024-05-08T09:40:51.1102247+02:00" testType="13cdc9d9-ddb5-4fa4-a97d-d965ccfc6d4b" outcome="Passed" testListId="8c84fa94-04c1-424b-9868-57a2d4851a1d" relativeResultsDirectory="2fd558d4-2cc3-4472-b408-eb793a1b2cf0" />
    <UnitTestResult executionId="0f7d3af5-808d-4127-b1c1-4d856dfd6a0e" testId="8db49f8f-d1b5-93ea-0bbc-ef1093c40c1a" testName="Microsoft.VisualStudio.Services.Agent.Tests.Worker.TestResults.XUnitResultReaderTests.VerifyReadResultsReturnsNullDurationWhenDefaultDateTimePassed" computerName="ComputerName" duration="00:00:00.0057232" startTime="2024-05-08T09:40:53.0505275+02:00" endTime="2024-05-08T09:40:53.0505276+02:00" testType="13cdc9d9-ddb5-4fa4-a97d-d965ccfc6d4b" outcome="Passed" testListId="8c84fa94-04c1-424b-9868-57a2d4851a1d" relativeResultsDirectory="0f7d3af5-808d-4127-b1c1-4d856dfd6a0e" />
    <UnitTestResult executionId="86bc0751-346c-4b9c-b43e-e2eebbdb6a6c" testId="92e369a3-252a-9047-d352-90c4b4bd778f" testName="Microsoft.VisualStudio.Services.Agent.Tests.KnobL0.GetSpecificKnobValueBySpecificType" computerName="ComputerName" duration="00:00:00.0005887" startTime="2024-05-08T09:40:53.4898131+02:00" endTime="2024-05-08T09:40:53.4898132+02:00" testType="13cdc9d9-ddb5-4fa4-a97d-d965ccfc6d4b" outcome="Passed" testListId="8c84fa94-04c1-424b-9868-57a2d4851a1d" relativeResultsDirectory="86bc0751-346c-4b9c-b43e-e2eebbdb6a6c" />
    <UnitTestResult executionId="c6cae90d-88b4-4eb4-826c-389605c058a3" testId="27bd5533-7c73-cb9b-0c2f-6c849cbe0686" testName="Microsoft.VisualStudio.Services.Agent.Tests.CommandSettingsL0.PromptsForRunAsService" computerName="ComputerName" duration="00:00:00.0793210" startTime="2024-05-08T09:40:52.1190562+02:00" endTime="2024-05-08T09:40:52.1190564+02:00" testType="13cdc9d9-ddb5-4fa4-a97d-d965ccfc6d4b" outcome="Passed" testListId="8c84fa94-04c1-424b-9868-57a2d4851a1d" relativeResultsDirectory="c6cae90d-88b4-4eb4-826c-389605c058a3" />
    <UnitTestResult executionId="d9f87333-b6c3-4ae5-8670-a280ecd30d5c" testId="d6d610bd-3610-58ca-aa27-64d170854bc5" testName="Test.L0.Worker.Handlers.CmdArgsSanitizerL0.SanitizeTest(inputArgs: &quot;1 ; 2 &amp;&amp; 3&quot;, expectedArgs: &quot;1 _#removed#_ 2 _#removed#__#removed#_ 3&quot;)" computerName="ComputerName" duration="00:00:00.0000309" startTime="2024-05-08T09:40:53.5651391+02:00" endTime="2024-05-08T09:40:53.5651392+02:00" testType="13cdc9d9-ddb5-4fa4-a97d-d965ccfc6d4b" outcome="Passed" testListId="8c84fa94-04c1-424b-9868-57a2d4851a1d" relativeResultsDirectory="d9f87333-b6c3-4ae5-8670-a280ecd30d5c" />
    <UnitTestResult executionId="f856a306-7357-449a-896e-f3be5e0f9738" testId="3df9db39-7fc7-15cb-3031-b108b32b3913" testName="Microsoft.VisualStudio.Services.Agent.Tests.Worker.ExecutionContextL0.TranslatePathForStepTarget_should_convert_path_only_for_containers(isCheckout: False, jobTarget: &quot;container&quot;, stepTarget: &quot;host&quot;)" computerName="ComputerName" duration="00:00:00.0448521" startTime="2024-05-08T09:40:53.5912173+02:00" endTime="2024-05-08T09:40:53.5912175+02:00" testType="13cdc9d9-ddb5-4fa4-a97d-d965ccfc6d4b" outcome="Passed" testListId="8c84fa94-04c1-424b-9868-57a2d4851a1d" relativeResultsDirectory="f856a306-7357-449a-896e-f3be5e0f9738" />
    <UnitTestResult executionId="57023453-ad19-4151-b199-f8b2d5e55829" testId="fb2c61f3-8767-f7f6-3847-93126679f557" testName="Microsoft.VisualStudio.Services.Agent.Tests.Listener.PipelineParserL0.ScriptStep" computerName="ComputerName" duration="00:00:00.0239102" startTime="2024-05-08T09:40:54.4293386+02:00" endTime="2024-05-08T09:40:54.4293388+02:00" testType="13cdc9d9-ddb5-4fa4-a97d-d965ccfc6d4b" outcome="Passed" testListId="8c84fa94-04c1-424b-9868-57a2d4851a1d" relativeResultsDirectory="57023453-ad19-4151-b199-f8b2d5e55829" />
    <UnitTestResult executionId="b5d927ae-adad-4a7e-82ee-4b53be11182f" testId="043c4391-7773-667d-f102-1b7d95d921bc" testName="Microsoft.VisualStudio.Services.Agent.Tests.Worker.CodeCoverage.CodeCoverageUtilitiesTests.CopyFilesWithDirectoryStructureWhenFilesWithSameNamesAreGiven" computerName="ComputerName" duration="00:00:00.0308839" startTime="2024-05-08T09:40:53.7747013+02:00" endTime="2024-05-08T09:40:53.7747015+02:00" testType="13cdc9d9-ddb5-4fa4-a97d-d965ccfc6d4b" outcome="Passed" testListId="8c84fa94-04c1-424b-9868-57a2d4851a1d" relativeResultsDirectory="b5d927ae-adad-4a7e-82ee-4b53be11182f" />
    <UnitTestResult executionId="a5d7db5b-15c1-44c0-aa19-287679c4fc9f" testId="7bf3405c-04a1-46c4-c648-e1877d21a384" testName="Test.L0.Plugin.TestFilePublisher.TestFilePublisherLogPluginL0.TestFilePublisherLogPlugin_DisableIfOnPremPipeline" computerName="ComputerName" duration="00:00:00.0014226" startTime="2024-05-08T09:40:51.2475876+02:00" endTime="2024-05-08T09:40:51.2475877+02:00" testType="13cdc9d9-ddb5-4fa4-a97d-d965ccfc6d4b" outcome="Passed" testListId="8c84fa94-04c1-424b-9868-57a2d4851a1d" relativeResultsDirectory="a5d7db5b-15c1-44c0-aa19-287679c4fc9f" />
    <UnitTestResult executionId="a024f2c6-71f0-4a4a-8b66-87179b6bb50c" testId="e870ea52-2d30-66e0-0886-9ee6e76c855a" testName="Microsoft.VisualStudio.Services.Agent.Tests.Worker.TestResults.NunitResultReaderTests.PublishNUnitSimpleTransformResults" computerName="ComputerName" duration="00:00:00.0265578" startTime="2024-05-08T09:40:52.7035708+02:00" endTime="2024-05-08T09:40:52.7035709+02:00" testType="13cdc9d9-ddb5-4fa4-a97d-d965ccfc6d4b" outcome="Passed" testListId="8c84fa94-04c1-424b-9868-57a2d4851a1d" relativeResultsDirectory="a024f2c6-71f0-4a4a-8b66-87179b6bb50c" />
    <UnitTestResult executionId="6cf9973e-1854-44a6-9125-157a43077048" testId="f4d1b78b-8bd5-1d4d-0934-aaffa0b5500e" testName="Microsoft.VisualStudio.Services.Agent.Tests.CommandSettingsL0.PromptsForUrl" computerName="ComputerName" duration="00:00:00.0198824" startTime="2024-05-08T09:40:51.5082801+02:00" endTime="2024-05-08T09:40:51.5082801+02:00" testType="13cdc9d9-ddb5-4fa4-a97d-d965ccfc6d4b" outcome="Passed" testListId="8c84fa94-04c1-424b-9868-57a2d4851a1d" relativeResultsDirectory="6cf9973e-1854-44a6-9125-157a43077048" />
    <UnitTestResult executionId="9361ad20-36ca-4608-8530-7bcf03750811" testId="e0d928ac-9dcc-c294-d6e4-2ba587b7a5e9" testName="Microsoft.VisualStudio.Services.Agent.Tests.Worker.Release.JenkinsArtifactL0.IfNoCommitVersionExistsInArtifactDetailsNoIssueShouldBeAdded" computerName="ComputerName" duration="00:00:00.0040381" startTime="2024-05-08T09:40:52.9178767+02:00" endTime="2024-05-08T09:40:52.9178769+02:00" testType="13cdc9d9-ddb5-4fa4-a97d-d965ccfc6d4b" outcome="Passed" testListId="8c84fa94-04c1-424b-9868-57a2d4851a1d" relativeResultsDirectory="9361ad20-36ca-4608-8530-7bcf03750811" />
    <UnitTestResult executionId="aabba5c6-6135-4d07-af31-4a1346c78d7b" testId="cb33115a-36a3-058f-dcd1-790fe4000789" testName="Microsoft.VisualStudio.Services.Agent.Tests.Worker.Build.TrackingConfigL0.TrackingConfig_clone_should_fill_in_fields_correctly" computerName="ComputerName" duration="00:00:00.0048240" startTime="2024-05-08T09:40:52.2370308+02:00" endTime="2024-05-08T09:40:52.2370309+02:00" testType="13cdc9d9-ddb5-4fa4-a97d-d965ccfc6d4b" outcome="Passed" testListId="8c84fa94-04c1-424b-9868-57a2d4851a1d" relativeResultsDirectory="aabba5c6-6135-4d07-af31-4a1346c78d7b" />
    <UnitTestResult executionId="31dd23ac-6553-4ff5-a07d-9fe560342db1" testId="96ba2252-5ed5-98a0-b5c0-0b753b6dd055" testName="Microsoft.VisualStudio.Services.Agent.Tests.Worker.TestResults.XUnitResultReaderTests.Xunit_DtdProhibitedXmlShouldReturnNull" computerName="ComputerName" duration="00:00:00.1768901" startTime="2024-05-08T09:40:53.0018989+02:00" endTime="2024-05-08T09:40:53.0018990+02:00" testType="13cdc9d9-ddb5-4fa4-a97d-d965ccfc6d4b" outcome="Passed" testListId="8c84fa94-04c1-424b-9868-57a2d4851a1d" relativeResultsDirectory="31dd23ac-6553-4ff5-a07d-9fe560342db1" />
    <UnitTestResult executionId="bcd3796f-fa90-4023-b803-a8efbeafca7c" testId="7871f9a2-280e-d416-dcca-188c34620731" testName="Microsoft.VisualStudio.Services.Agent.Tests.Worker.Build.TestGitCommandManagerL0.TestGetInternalGitPaths(gitFeatureFlagStatus: True)" computerName="ComputerName" duration="00:00:00.0236737" startTime="2024-05-08T09:40:53.5958213+02:00" endTime="2024-05-08T09:40:53.5958214+02:00" testType="13cdc9d9-ddb5-4fa4-a97d-d965ccfc6d4b" outcome="Passed" testListId="8c84fa94-04c1-424b-9868-57a2d4851a1d" relativeResultsDirectory="bcd3796f-fa90-4023-b803-a8efbeafca7c" />
    <UnitTestResult executionId="6c71d11a-e748-4899-b83a-e310e1c49511" testId="5e8e9609-df55-a538-abe6-cccc1ddc9ac5" testName="Microsoft.VisualStudio.Services.Agent.Tests.Worker.Build.TfsVCSourceProvider_WorkspaceUtilL0.DoesNotMatch_Map_SingleLevel" computerName="ComputerName" duration="00:00:00.0713362" startTime="2024-05-08T09:40:53.8458440+02:00" endTime="2024-05-08T09:40:53.8458442+02:00" testType="13cdc9d9-ddb5-4fa4-a97d-d965ccfc6d4b" outcome="Passed" testListId="8c84fa94-04c1-424b-9868-57a2d4851a1d" relativeResultsDirectory="6c71d11a-e748-4899-b83a-e310e1c49511" />
    <UnitTestResult executionId="f70e6b37-8906-4a9c-9924-fc00a6e44117" testId="de462d27-00da-e625-a112-91cc93aa4e1b" testName="Microsoft.VisualStudio.Services.Agent.Tests.Worker.Container.ContainerInfoL0.TranslateContainerPathForImageOSTestsWindowsToLinux" computerName="ComputerName" duration="00:00:00.0208085" startTime="2024-05-08T09:40:51.2735089+02:00" endTime="2024-05-08T09:40:51.2735090+02:00" testType="13cdc9d9-ddb5-4fa4-a97d-d965ccfc6d4b" outcome="Passed" testListId="8c84fa94-04c1-424b-9868-57a2d4851a1d" relativeResultsDirectory="f70e6b37-8906-4a9c-9924-fc00a6e44117" />
    <UnitTestResult executionId="45aafe29-bb7c-4ac2-9187-74393f0f8b72" testId="e7fd1d70-4c92-a197-ed79-3dd08b8ada77" testName="Microsoft.VisualStudio.Services.Agent.Tests.Util.StringUtilL0.DeactivateVsoCommandsFromStringTest(input: &quot;##vs&quot;, expected: &quot;##vs&quot;)" computerName="ComputerName" duration="00:00:00.0000119" startTime="2024-05-08T09:40:54.3052406+02:00" endTime="2024-05-08T09:40:54.3052408+02:00" testType="13cdc9d9-ddb5-4fa4-a97d-d965ccfc6d4b" outcome="Passed" testListId="8c84fa94-04c1-424b-9868-57a2d4851a1d" relativeResultsDirectory="45aafe29-bb7c-4ac2-9187-74393f0f8b72" />
    <UnitTestResult executionId="29193177-ccf8-4a1a-a270-d7589027fb9a" testId="ec936661-7322-f5ad-1765-bff00d7dc2a9" testName="Microsoft.VisualStudio.Services.Agent.Tests.SecretMaskerL0.SecretMaskerTests_ReplacesAdjacentSecrets" computerName="ComputerName" duration="00:00:00.0005368" startTime="2024-05-08T09:40:52.7440681+02:00" endTime="2024-05-08T09:40:52.7440683+02:00" testType="13cdc9d9-ddb5-4fa4-a97d-d965ccfc6d4b" outcome="Passed" testListId="8c84fa94-04c1-424b-9868-57a2d4851a1d" relativeResultsDirectory="29193177-ccf8-4a1a-a270-d7589027fb9a" />
    <UnitTestResult executionId="1e34b52f-d2e1-495c-ae67-15d0e98f0ce0" testId="08b05dce-cb2c-8cee-b5a8-c93df8c759e5" testName="Microsoft.VisualStudio.Services.Agent.Tests.Listener.PagingLoggerL0.CalculateLineNumbersWithUpperCaseGroupTag" computerName="ComputerName" duration="00:00:00.7370424" startTime="2024-05-08T09:40:54.9483921+02:00" endTime="2024-05-08T09:40:54.9483922+02:00" testType="13cdc9d9-ddb5-4fa4-a97d-d965ccfc6d4b" outcome="Passed" testListId="8c84fa94-04c1-424b-9868-57a2d4851a1d" relativeResultsDirectory="1e34b52f-d2e1-495c-ae67-15d0e98f0ce0" />
    <UnitTestResult executionId="a8f5dac4-c6eb-449e-8f58-311862e0f880" testId="55b85cf1-df20-fab4-8d80-1c12e90433d7" testName="Microsoft.VisualStudio.Services.Agent.Tests.Listener.PipelineParserL0.PhaseServerTarget" computerName="ComputerName" duration="00:00:00.0321382" startTime="2024-05-08T09:40:54.4177808+02:00" endTime="2024-05-08T09:40:54.4177809+02:00" testType="13cdc9d9-ddb5-4fa4-a97d-d965ccfc6d4b" outcome="Passed" testListId="8c84fa94-04c1-424b-9868-57a2d4851a1d" relativeResultsDirectory="a8f5dac4-c6eb-449e-8f58-311862e0f880" />
    <UnitTestResult executionId="fd107409-e37c-4e1d-8387-dea9f6d92f57" testId="17b7251f-b524-33c1-c962-54b88ff00ada" testName="Microsoft.VisualStudio.Services.Agent.Tests.Worker.TestResults.JunitResultReaderTests.PublishBasicJUnitResultsAddsResultsFileByDefault" computerName="ComputerName" duration="00:00:00.0177184" startTime="2024-05-08T09:40:55.2577282+02:00" endTime="2024-05-08T09:40:55.2577284+02:00" testType="13cdc9d9-ddb5-4fa4-a97d-d965ccfc6d4b" outcome="Passed" testListId="8c84fa94-04c1-424b-9868-57a2d4851a1d" relativeResultsDirectory="fd107409-e37c-4e1d-8387-dea9f6d92f57" />
    <UnitTestResult executionId="53e9400f-df43-464e-868e-280b4dbbb424" testId="5b5f87c8-6f98-061d-863a-dad68b174cfb" testName="Test.L0.Plugin.TestFilePublisher.TestFileFinderL0.TestFileFinder_FindFilesWithMatchingPattern" computerName="ComputerName" duration="00:00:02.4860078" startTime="2024-05-08T09:40:55.2627854+02:00" endTime="2024-05-08T09:40:55.2627856+02:00" testType="13cdc9d9-ddb5-4fa4-a97d-d965ccfc6d4b" outcome="Passed" testListId="8c84fa94-04c1-424b-9868-57a2d4851a1d" relativeResultsDirectory="53e9400f-df43-464e-868e-280b4dbbb424" />
    <UnitTestResult executionId="8d7ce9b8-620d-4e34-933f-b53efc1df9c5" testId="286e2e1d-bd8b-8bd0-2f7b-f25ce5ac8be3" testName="Microsoft.VisualStudio.Services.Agent.Tests.Listener.AgentL0.TestExecuteCommandForRunAsService(args: [&quot;run&quot;], configureAsService: False, expectedTimes: Once)" computerName="ComputerName" duration="00:00:00.0533828" startTime="2024-05-08T09:40:51.5879038+02:00" endTime="2024-05-08T09:40:51.5879039+02:00" testType="13cdc9d9-ddb5-4fa4-a97d-d965ccfc6d4b" outcome="Passed" testListId="8c84fa94-04c1-424b-9868-57a2d4851a1d" relativeResultsDirectory="8d7ce9b8-620d-4e34-933f-b53efc1df9c5" />
    <UnitTestResult executionId="5867b341-34f4-453f-add5-7d07456ca78b" testId="6e1441af-80b9-c824-95ca-9770baf2b0da" testName="Microsoft.VisualStudio.Services.Agent.Tests.PipelineCache.FingerprintCreatorTests.ParseMultilineWithRestoreKeys" computerName="ComputerName" duration="00:00:00.0016120" startTime="2024-05-08T09:40:53.8936775+02:00" endTime="2024-05-08T09:40:53.8936777+02:00" testType="13cdc9d9-ddb5-4fa4-a97d-d965ccfc6d4b" outcome="Passed" testListId="8c84fa94-04c1-424b-9868-57a2d4851a1d" relativeResultsDirectory="5867b341-34f4-453f-add5-7d07456ca78b" />
    <UnitTestResult executionId="e8c85534-9494-4206-afbf-ff84f095cf64" testId="2695bacc-289b-25ff-9de4-a4d95c9dafc1" testName="Test.L0.Worker.Release.ReleaseDirectoryManagerL0.PrepareArtifactsDirectoryShouldReturnValidMapIfTheWorkingDirectoryIsEmpty" computerName="ComputerName" duration="00:00:00.0162104" startTime="2024-05-08T09:40:51.0417723+02:00" endTime="2024-05-08T09:40:51.0417725+02:00" testType="13cdc9d9-ddb5-4fa4-a97d-d965ccfc6d4b" outcome="Passed" testListId="8c84fa94-04c1-424b-9868-57a2d4851a1d" relativeResultsDirectory="e8c85534-9494-4206-afbf-ff84f095cf64" />
    <UnitTestResult executionId="9ea15504-d17e-4cdf-b3b7-fac6654b4f97" testId="140cb191-b763-33fb-d89f-8b702fa5cc3a" testName="Microsoft.VisualStudio.Services.Agent.Tests.Worker.Build.TrackingManagerL0.LoadsTrackingConfig_NotExists" computerName="ComputerName" duration="00:00:00.0104842" startTime="2024-05-08T09:40:54.4744639+02:00" endTime="2024-05-08T09:40:54.4744640+02:00" testType="13cdc9d9-ddb5-4fa4-a97d-d965ccfc6d4b" outcome="Passed" testListId="8c84fa94-04c1-424b-9868-57a2d4851a1d" relativeResultsDirectory="9ea15504-d17e-4cdf-b3b7-fac6654b4f97" />
    <UnitTestResult executionId="2196eafd-0e68-4277-b1d3-0e4986ab203f" testId="5f47b793-9236-e9c6-be33-02672f1c9313" testName="Microsoft.VisualStudio.Services.Agent.Tests.Util.IOUtilL0.DeleteDirectory_IgnoresFile" computerName="ComputerName" duration="00:00:00.0048922" startTime="2024-05-08T09:41:06.9641217+02:00" endTime="2024-05-08T09:41:06.9641224+02:00" testType="13cdc9d9-ddb5-4fa4-a97d-d965ccfc6d4b" outcome="Passed" testListId="8c84fa94-04c1-424b-9868-57a2d4851a1d" relativeResultsDirectory="2196eafd-0e68-4277-b1d3-0e4986ab203f" />
    <UnitTestResult executionId="537e2e24-e2ef-4021-91c0-8856ec1f6a23" testId="97292111-06fc-9faa-7926-9b105058860c" testName="Microsoft.VisualStudio.Services.Agent.Tests.Listener.PipelineParserL0.TaskStep" computerName="ComputerName" duration="00:00:00.0662795" startTime="2024-05-08T09:40:54.2166999+02:00" endTime="2024-05-08T09:40:54.2167001+02:00" testType="13cdc9d9-ddb5-4fa4-a97d-d965ccfc6d4b" outcome="Passed" testListId="8c84fa94-04c1-424b-9868-57a2d4851a1d" relativeResultsDirectory="537e2e24-e2ef-4021-91c0-8856ec1f6a23" />
  </Results>
  <TestDefinitions>
    <UnitTest name="Test.L0.Worker.Handlers.CmdArgsSanitizerL0.SanitizeSkipTest(inputArgs: &quot;1 ^; 2&quot;)" storage="c:\users\ComputerName\src\test\bin\debug\net6\win-x64\test.dll" id="2bed5334-3510-3821-5ba8-0d76c3ed7bc4">
      <Execution id="b98cfc9d-74d5-4ac7-9471-781b40936f91" />
      <TestMethod codeBase="C:\Users\ComputerName\src\Test\bin\Debug\net6\win-x64\Test.dll" adapterTypeName="executor://xunit/VsTestRunner2" className="Test.L0.Worker.Handlers.CmdArgsSanitizerL0" name="SanitizeSkipTest (d400e80b3fa6cc1f622c00ed859beada005ce21c)" />
    </UnitTest>
    <UnitTest name="Microsoft.VisualStudio.Services.Agent.Tests.Listener.MessageListenerL0.CreatesSession" storage="c:\users\ComputerName\src\test\bin\debug\net6\win-x64\test.dll" id="74ddd23f-f75e-4ca7-5005-410d811b4e65">
      <Execution id="a6b64fe4-915f-421e-881b-5c50391dd8bd" />
      <TestMethod codeBase="C:\Users\ComputerName\src\Test\bin\Debug\net6\win-x64\Test.dll" adapterTypeName="executor://xunit/VsTestRunner2" className="Microsoft.VisualStudio.Services.Agent.Tests.Listener.MessageListenerL0" name="CreatesSession" />
    </UnitTest>
    <UnitTest name="Test.L0.Plugin.TestFilePublisher.TestFilePublisherL0.TestFilePublisher_DontPublishWhenFilesAreNotValid" storage="c:\users\ComputerName\src\test\bin\debug\net6\win-x64\test.dll" id="4801ab26-64e0-d130-ff2a-1cd212b913e4">
      <Execution id="b084cf42-042d-4cd6-adbb-537f3e09b652" />
      <TestMethod codeBase="C:\Users\ComputerName\src\Test\bin\Debug\net6\win-x64\Test.dll" adapterTypeName="executor://xunit/VsTestRunner2" className="Test.L0.Plugin.TestFilePublisher.TestFilePublisherL0" name="TestFilePublisher_DontPublishWhenFilesAreNotValid" />
    </UnitTest>
    <UnitTest name="Microsoft.VisualStudio.Services.Agent.Tests.Worker.ExecutionContextL0.InitializeJob_LogsWarningsFromVariables" storage="c:\users\ComputerName\src\test\bin\debug\net6\win-x64\test.dll" id="b723bb11-d4cc-148d-0c25-9d063f5ee72f">
      <Execution id="4d30102c-d633-455e-a981-a5e1d39527cc" />
      <TestMethod codeBase="C:\Users\ComputerName\src\Test\bin\Debug\net6\win-x64\Test.dll" adapterTypeName="executor://xunit/VsTestRunner2" className="Microsoft.VisualStudio.Services.Agent.Tests.Worker.ExecutionContextL0" name="InitializeJob_LogsWarningsFromVariables" />
    </UnitTest>
    <UnitTest name="Microsoft.VisualStudio.Services.Agent.Tests.Worker.Build.TrackingManagerL0.UpdatesTrackingConfigJobRunProperties" storage="c:\users\ComputerName\src\test\bin\debug\net6\win-x64\test.dll" id="92ab0310-0f7e-c839-ec95-bed934e0fba9">
      <Execution id="0f72ad01-4cc1-447b-aaab-2de5ac35dbba" />
      <TestMethod codeBase="C:\Users\ComputerName\src\Test\bin\Debug\net6\win-x64\Test.dll" adapterTypeName="executor://xunit/VsTestRunner2" className="Microsoft.VisualStudio.Services.Agent.Tests.Worker.Build.TrackingManagerL0" name="UpdatesTrackingConfigJobRunProperties" />
    </UnitTest>
    <UnitTest name="Microsoft.VisualStudio.Services.Agent.Tests.CommandSettingsL0.GetsCommandUnconfigure" storage="c:\users\ComputerName\src\test\bin\debug\net6\win-x64\test.dll" id="670bf80d-7bcf-980e-48cc-d94448b66abd">
      <Execution id="d23da66a-bfac-415b-81f8-0389e826a553" />
      <TestMethod codeBase="C:\Users\ComputerName\src\Test\bin\Debug\net6\win-x64\Test.dll" adapterTypeName="executor://xunit/VsTestRunner2" className="Microsoft.VisualStudio.Services.Agent.Tests.CommandSettingsL0" name="GetsCommandUnconfigure" />
    </UnitTest>
    <UnitTest name="Microsoft.VisualStudio.Services.Agent.Tests.Plugin.RepositoryPluginL0.RepositoryPlugin_ValidPathInput_AllowWorkingDirectoryRepositorie" storage="c:\users\ComputerName\src\test\bin\debug\net6\win-x64\test.dll" id="798a918c-fe15-3e74-3727-53c262e057b4">
      <Execution id="a06bccb2-ac30-424d-a75c-3fa77df96077" />
      <TestMethod codeBase="C:\Users\ComputerName\src\Test\bin\Debug\net6\win-x64\Test.dll" adapterTypeName="executor://xunit/VsTestRunner2" className="Microsoft.VisualStudio.Services.Agent.Tests.Plugin.RepositoryPluginL0" name="RepositoryPlugin_ValidPathInput_AllowWorkingDirectoryRepositorie" />
    </UnitTest>
    <UnitTest name="Microsoft.VisualStudio.Services.Agent.Tests.Worker.TestResults.TrxReaderTests.VerifyNoResultsFilesAreAddedAsRunLevelAttachmentsIfSkipFlagIsSet" storage="c:\users\ComputerName\src\test\bin\debug\net6\win-x64\test.dll" id="881f604f-69c2-aea2-5c19-f4c4a7a18cc4">
      <Execution id="58ea5ecf-86d7-4f67-a67c-348ec082ca41" />
      <TestMethod codeBase="C:\Users\ComputerName\src\Test\bin\Debug\net6\win-x64\Test.dll" adapterTypeName="executor://xunit/VsTestRunner2" className="Microsoft.VisualStudio.Services.Agent.Tests.Worker.TestResults.TrxReaderTests" name="VerifyNoResultsFilesAreAddedAsRunLevelAttachmentsIfSkipFlagIsSet" />
    </UnitTest>
    <UnitTest name="Microsoft.VisualStudio.Services.Agent.Tests.Worker.WorkerL0.VerifyJobRequestMessageVsoCommandsDeactivatedIfVariableCasesNotMatch" storage="c:\users\ComputerName\src\test\bin\debug\net6\win-x64\test.dll" id="144fccd4-38b6-cdc7-f663-2b4e9062d472">
      <Execution id="bef4b5ab-531f-4cd1-ad10-8377a0669902" />
      <TestMethod codeBase="C:\Users\ComputerName\src\Test\bin\Debug\net6\win-x64\Test.dll" adapterTypeName="executor://xunit/VsTestRunner2" className="Microsoft.VisualStudio.Services.Agent.Tests.Worker.WorkerL0" name="VerifyJobRequestMessageVsoCommandsDeactivatedIfVariableCasesNotMatch" />
    </UnitTest>
    <UnitTest name="Microsoft.VisualStudio.Services.Agent.Tests.Util.IOUtilL0.DeleteDirectory_DeletesDirectoryReparsePointChain" storage="c:\users\ComputerName\src\test\bin\debug\net6\win-x64\test.dll" id="41170b03-897b-14c6-f7c7-5ebad46085c1">
      <Execution id="5ea9186d-09c5-4228-9e93-ba8f2432eb71" />
      <TestMethod codeBase="C:\Users\ComputerName\src\Test\bin\Debug\net6\win-x64\Test.dll" adapterTypeName="executor://xunit/VsTestRunner2" className="Microsoft.VisualStudio.Services.Agent.Tests.Util.IOUtilL0" name="DeleteDirectory_DeletesDirectoryReparsePointChain" />
    </UnitTest>
    <UnitTest name="Microsoft.VisualStudio.Services.Agent.Tests.Worker.TestResults.TrxReaderTests.ReadResultsDoesNotFailWithoutStartTime" storage="c:\users\ComputerName\src\test\bin\debug\net6\win-x64\test.dll" id="cdb68dc0-7e5e-3fe4-47eb-b20adcbbbd74">
      <Execution id="76b8cf39-8a5d-4b7e-85ba-75845a4731f8" />
      <TestMethod codeBase="C:\Users\ComputerName\src\Test\bin\Debug\net6\win-x64\Test.dll" adapterTypeName="executor://xunit/VsTestRunner2" className="Microsoft.VisualStudio.Services.Agent.Tests.Worker.TestResults.TrxReaderTests" name="ReadResultsDoesNotFailWithoutStartTime" />
    </UnitTest>
    <UnitTest name="Microsoft.VisualStudio.Services.Agent.Tests.Util.IOUtilL0.DeleteFile_DeletesWithRetry_Success" storage="c:\users\ComputerName\src\test\bin\debug\net6\win-x64\test.dll" id="fb855b52-0df6-59dc-2c3d-19fb3855b6ad">
      <Execution id="ba43b857-bfab-472e-a24f-08e9955572b5" />
      <TestMethod codeBase="C:\Users\ComputerName\src\Test\bin\Debug\net6\win-x64\Test.dll" adapterTypeName="executor://xunit/VsTestRunner2" className="Microsoft.VisualStudio.Services.Agent.Tests.Util.IOUtilL0" name="DeleteFile_DeletesWithRetry_Success" />
    </UnitTest>
    <UnitTest name="Microsoft.VisualStudio.Services.Agent.Tests.Worker.TestResults.TrxReaderTests.ReadResultsDoesNotFailWithoutFinishTime" storage="c:\users\ComputerName\src\test\bin\debug\net6\win-x64\test.dll" id="487bb204-a7df-a0a4-4a1b-2112e3fd678d">
      <Execution id="a6b47e3f-7859-4156-8ded-f64fc2e6456b" />
      <TestMethod codeBase="C:\Users\ComputerName\src\Test\bin\Debug\net6\win-x64\Test.dll" adapterTypeName="executor://xunit/VsTestRunner2" className="Microsoft.VisualStudio.Services.Agent.Tests.Worker.TestResults.TrxReaderTests" name="ReadResultsDoesNotFailWithoutFinishTime" />
    </UnitTest>
    <UnitTest name="Microsoft.VisualStudio.Services.Agent.Tests.Util.RepositoryUtilL0.GetRepositoryForLocalPath_should_return_correct_values" storage="c:\users\ComputerName\src\test\bin\debug\net6\win-x64\test.dll" id="d5d51901-da8e-34c8-1607-a75e2f1760a8">
      <Execution id="5651bb80-2c8c-4537-b604-f04ed382f2a7" />
      <TestMethod codeBase="C:\Users\ComputerName\src\Test\bin\Debug\net6\win-x64\Test.dll" adapterTypeName="executor://xunit/VsTestRunner2" className="Microsoft.VisualStudio.Services.Agent.Tests.Util.RepositoryUtilL0" name="GetRepositoryForLocalPath_should_return_correct_values" />
    </UnitTest>
    <UnitTest name="Microsoft.VisualStudio.Services.Agent.Tests.PipelineCache.FingerprintCreatorTests.ParseMultilineWithRestoreKeys" storage="c:\users\ComputerName\src\test\bin\debug\net6\win-x64\test.dll" id="6e1441af-80b9-c824-95ca-9770baf2b0da">
      <Execution id="5867b341-34f4-453f-add5-7d07456ca78b" />
      <TestMethod codeBase="C:\Users\ComputerName\src\Test\bin\Debug\net6\win-x64\Test.dll" adapterTypeName="executor://xunit/VsTestRunner2" className="Microsoft.VisualStudio.Services.Agent.Tests.PipelineCache.FingerprintCreatorTests" name="ParseMultilineWithRestoreKeys" />
    </UnitTest>
    <UnitTest name="Test.L0.Worker.Handlers.ProcessHandlerHelperL0.ArgsValidation_Passes(inputArgs: &quot;%%var%%&quot;, envVarValue: &quot;1&quot;)" storage="c:\users\ComputerName\src\test\bin\debug\net6\win-x64\test.dll" id="25188a79-9596-a057-a35c-cd3ab2819699">
      <Execution id="cf9adb43-22b9-4be7-ad7f-ff731505712d" />
      <TestMethod codeBase="C:\Users\ComputerName\src\Test\bin\Debug\net6\win-x64\Test.dll" adapterTypeName="executor://xunit/VsTestRunner2" className="Test.L0.Worker.Handlers.ProcessHandlerHelperL0" name="ArgsValidation_Passes (92028b3cd51db9fda55ef27d63cfd90c69938d6a)" />
    </UnitTest>
    <UnitTest name="Microsoft.VisualStudio.Services.Agent.Tests.Worker.Release.JenkinsArtifactL0.CommitsShouldBeUploadedAsAttachment" storage="c:\users\ComputerName\src\test\bin\debug\net6\win-x64\test.dll" id="005fbdd3-77df-cdc8-c92c-25c543b83ad3">
      <Execution id="039d0f1b-d7b1-4af5-819d-e7dca2004aac" />
      <TestMethod codeBase="C:\Users\ComputerName\src\Test\bin\Debug\net6\win-x64\Test.dll" adapterTypeName="executor://xunit/VsTestRunner2" className="Microsoft.VisualStudio.Services.Agent.Tests.Worker.Release.JenkinsArtifactL0" name="CommitsShouldBeUploadedAsAttachment" />
    </UnitTest>
    <UnitTest name="Microsoft.VisualStudio.Services.Agent.Tests.Worker.TestResults.TrxReaderTests.ReadsResultsReturnsCorrectValues" storage="c:\users\ComputerName\src\test\bin\debug\net6\win-x64\test.dll" id="9d437e20-4229-c568-cc2d-f1fd235b7201">
      <Execution id="0051450d-b8fc-407c-a1bf-cd0915517f27" />
      <TestMethod codeBase="C:\Users\ComputerName\src\Test\bin\Debug\net6\win-x64\Test.dll" adapterTypeName="executor://xunit/VsTestRunner2" className="Microsoft.VisualStudio.Services.Agent.Tests.Worker.TestResults.TrxReaderTests" name="ReadsResultsReturnsCorrectValues" />
    </UnitTest>
    <UnitTest name="Microsoft.VisualStudio.Services.Agent.Tests.TestFileContainerProviderL0.TestGettingArtifactItemsWithMinimatchPattern(pttrn: [&quot;**&quot;, &quot;!**/Folder1/**&quot;, &quot;#!**/Folder2/**&quot;, &quot;!!**/File3.txt&quot;], count: 4, expectedPaths: [&quot;ArtifactForTest&quot;, &quot;ArtifactForTest/File1.txt&quot;, &quot;ArtifactForTest/Folder1&quot;, &quot;ArtifactForTest/Folder1/Folder2/File3.txt&quot;])" storage="c:\users\ComputerName\src\test\bin\debug\net6\win-x64\test.dll" id="3985055f-b6e5-f6a4-e719-d8156ca471d2">
      <Execution id="7e21bba6-c9a8-48ea-ad19-4982de24fcfd" />
      <TestMethod codeBase="C:\Users\ComputerName\src\Test\bin\Debug\net6\win-x64\Test.dll" adapterTypeName="executor://xunit/VsTestRunner2" className="Microsoft.VisualStudio.Services.Agent.Tests.TestFileContainerProviderL0" name="TestGettingArtifactItemsWithMinimatchPattern (1d83d90d4de8316ae68a888ce45ff87d957eced3)" />
    </UnitTest>
    <UnitTest name="Microsoft.VisualStudio.Services.Agent.Tests.NodeHandlerL0.UseSecondAvailableNodeIfUseNodeKnobIsUpgradeFilteredNodeFoldersFirstNotAvailable" storage="c:\users\ComputerName\src\test\bin\debug\net6\win-x64\test.dll" id="0409d762-5680-f506-fe2f-f5c2d066c9e1">
      <Execution id="11b611e5-7b14-4472-9d31-67829aacc569" />
      <TestMethod codeBase="C:\Users\ComputerName\src\Test\bin\Debug\net6\win-x64\Test.dll" adapterTypeName="executor://xunit/VsTestRunner2" className="Microsoft.VisualStudio.Services.Agent.Tests.NodeHandlerL0" name="UseSecondAvailableNodeIfUseNodeKnobIsUpgradeFilteredNodeFoldersFirstNotAvailable" />
    </UnitTest>
    <UnitTest name="Test.L0.Plugin.TestResultParser.LogPreProcessorL0.LogPreProcessorRemovesDebugLines" storage="c:\users\ComputerName\src\test\bin\debug\net6\win-x64\test.dll" id="396b5f22-9eba-6e62-abe4-d8f39c6a11f4">
      <Execution id="215b0eb0-ca3e-410f-855d-0d2b669786e9" />
      <TestMethod codeBase="C:\Users\ComputerName\src\Test\bin\Debug\net6\win-x64\Test.dll" adapterTypeName="executor://xunit/VsTestRunner2" className="Test.L0.Plugin.TestResultParser.LogPreProcessorL0" name="LogPreProcessorRemovesDebugLines" />
    </UnitTest>
    <UnitTest name="Microsoft.VisualStudio.Services.Agent.Tests.Worker.SetVariableRestrictionsL0.MultipleRestrictionsNothingAllowed" storage="c:\users\ComputerName\src\test\bin\debug\net6\win-x64\test.dll" id="b0d18af9-de97-5978-901f-1f2dd020f32a">
      <Execution id="023e2680-92f3-4559-9bf6-54eabfaebde0" />
      <TestMethod codeBase="C:\Users\ComputerName\src\Test\bin\Debug\net6\win-x64\Test.dll" adapterTypeName="executor://xunit/VsTestRunner2" className="Microsoft.VisualStudio.Services.Agent.Tests.Worker.SetVariableRestrictionsL0" name="MultipleRestrictionsNothingAllowed" />
    </UnitTest>
    <UnitTest name="Microsoft.VisualStudio.Services.Agent.Tests.Worker.Build.TrackingManagerL0.MarksTrackingConfigForGarbageCollection" storage="c:\users\ComputerName\src\test\bin\debug\net6\win-x64\test.dll" id="8d1b16ea-cd10-c0ec-33c2-921ff41bcfcd">
      <Execution id="8fd94deb-6f74-4796-ab4e-4b2e18c4e9bc" />
      <TestMethod codeBase="C:\Users\ComputerName\src\Test\bin\Debug\net6\win-x64\Test.dll" adapterTypeName="executor://xunit/VsTestRunner2" className="Microsoft.VisualStudio.Services.Agent.Tests.Worker.Build.TrackingManagerL0" name="MarksTrackingConfigForGarbageCollection" />
    </UnitTest>
    <UnitTest name="Microsoft.VisualStudio.Services.Agent.Tests.Util.IOUtilL0.DeleteDirectory_DeletesDirectoriesRecursively" storage="c:\users\ComputerName\src\test\bin\debug\net6\win-x64\test.dll" id="51bb3c04-6a13-b91f-b39a-2a13ff316eba">
      <Execution id="cfed80dd-cf54-44bd-b23f-674a6eaef08d" />
      <TestMethod codeBase="C:\Users\ComputerName\src\Test\bin\Debug\net6\win-x64\Test.dll" adapterTypeName="executor://xunit/VsTestRunner2" className="Microsoft.VisualStudio.Services.Agent.Tests.Util.IOUtilL0" name="DeleteDirectory_DeletesDirectoriesRecursively" />
    </UnitTest>
    <UnitTest name="Microsoft.VisualStudio.Services.Agent.Tests.Util.WhichUtilL0.UseWhichFindGit" storage="c:\users\ComputerName\src\test\bin\debug\net6\win-x64\test.dll" id="dc5b55fd-24d5-5212-555a-a03c84f81af9">
      <Execution id="2281d9a3-c680-4617-8be0-61c690646295" />
      <TestMethod codeBase="C:\Users\ComputerName\src\Test\bin\Debug\net6\win-x64\Test.dll" adapterTypeName="executor://xunit/VsTestRunner2" className="Microsoft.VisualStudio.Services.Agent.Tests.Util.WhichUtilL0" name="UseWhichFindGit" />
    </UnitTest>
    <UnitTest name="Test.L0.Worker.Handlers.ProcessHandlerHelperL0.ArgsValidation_Failes(inputArgs: &quot;1 &amp; echo 23&quot;, envVarValue: &quot;&quot;)" storage="c:\users\ComputerName\src\test\bin\debug\net6\win-x64\test.dll" id="5f28f1d6-a0b9-088c-5913-892cce790db2">
      <Execution id="77238817-404a-4dcb-ae49-398325b471fb" />
      <TestMethod codeBase="C:\Users\ComputerName\src\Test\bin\Debug\net6\win-x64\Test.dll" adapterTypeName="executor://xunit/VsTestRunner2" className="Test.L0.Worker.Handlers.ProcessHandlerHelperL0" name="ArgsValidation_Failes (49661f54348ea14bbdacd9b425f54394a923251e)" />
    </UnitTest>
    <UnitTest name="Microsoft.VisualStudio.Services.Agent.Tests.Worker.Container.ContainerInfoL0.TranslateContainerPathForImageOSTestsUnixLikeToLinux" storage="c:\users\ComputerName\src\test\bin\debug\net6\win-x64\test.dll" id="b2ae6430-afe9-0499-92cf-dc71e4986d5a">
      <Execution id="e7472d54-75bb-47fe-9443-5a1d8e4b97c0" />
      <TestMethod codeBase="C:\Users\ComputerName\src\Test\bin\Debug\net6\win-x64\Test.dll" adapterTypeName="executor://xunit/VsTestRunner2" className="Microsoft.VisualStudio.Services.Agent.Tests.Worker.Container.ContainerInfoL0" name="TranslateContainerPathForImageOSTestsUnixLikeToLinux" />
    </UnitTest>
    <UnitTest name="Microsoft.VisualStudio.Services.Agent.Tests.Worker.TestResults.ParserTests.PublishBasicXUnitResults" storage="c:\users\ComputerName\src\test\bin\debug\net6\win-x64\test.dll" id="0ead4e6b-eca1-82ee-e8ac-c2ded8aeaa36">
      <Execution id="8a76c125-a647-459a-8ac0-8e8590c48906" />
      <TestMethod codeBase="C:\Users\ComputerName\src\Test\bin\Debug\net6\win-x64\Test.dll" adapterTypeName="executor://xunit/VsTestRunner2" className="Microsoft.VisualStudio.Services.Agent.Tests.Worker.TestResults.ParserTests" name="PublishBasicXUnitResults" />
    </UnitTest>
    <UnitTest name="Test.L0.Worker.PluginInternalUpdateRepositoryPathCommandL0.Execute_should_throw_appropriately" storage="c:\users\ComputerName\src\test\bin\debug\net6\win-x64\test.dll" id="d74ec0b7-d8d8-ec72-9bf1-7286d7cc1507">
      <Execution id="47b00887-77a1-4789-868e-b0ff7c58b207" />
      <TestMethod codeBase="C:\Users\ComputerName\src\Test\bin\Debug\net6\win-x64\Test.dll" adapterTypeName="executor://xunit/VsTestRunner2" className="Test.L0.Worker.PluginInternalUpdateRepositoryPathCommandL0" name="Execute_should_throw_appropriately" />
    </UnitTest>
    <UnitTest name="Microsoft.VisualStudio.Services.Agent.Tests.Worker.Telemetry.TelemetryCommandExtensionTests.PublishTelemetryWithoutFeature" storage="c:\users\ComputerName\src\test\bin\debug\net6\win-x64\test.dll" id="044a880a-47e7-4cd4-dd0d-8da81e203756">
      <Execution id="d70c3596-8c99-4eec-a257-3ef580e50c59" />
      <TestMethod codeBase="C:\Users\ComputerName\src\Test\bin\Debug\net6\win-x64\Test.dll" adapterTypeName="executor://xunit/VsTestRunner2" className="Microsoft.VisualStudio.Services.Agent.Tests.Worker.Telemetry.TelemetryCommandExtensionTests" name="PublishTelemetryWithoutFeature" />
    </UnitTest>
    <UnitTest name="Microsoft.VisualStudio.Services.Agent.Tests.Worker.Build.GitSourceProviderL0.GetSourceGitClonePR" storage="c:\users\ComputerName\src\test\bin\debug\net6\win-x64\test.dll" id="7b7e10be-fb44-18b5-fef3-53f0aa884c92">
      <Execution id="b166bbd2-5844-4121-b0a3-47d08c4de997" />
      <TestMethod codeBase="C:\Users\ComputerName\src\Test\bin\Debug\net6\win-x64\Test.dll" adapterTypeName="executor://xunit/VsTestRunner2" className="Microsoft.VisualStudio.Services.Agent.Tests.Worker.Build.GitSourceProviderL0" name="GetSourceGitClonePR" />
    </UnitTest>
    <UnitTest name="Microsoft.VisualStudio.Services.Agent.Tests.Worker.StepsRunnerL0.RunsAfterFailureBasedOnCondition" storage="c:\users\ComputerName\src\test\bin\debug\net6\win-x64\test.dll" id="494800b7-94f8-4d3b-8db9-655c59f6c5de">
      <Execution id="65d5a74b-16e6-45af-9421-895ed36247d5" />
      <TestMethod codeBase="C:\Users\ComputerName\src\Test\bin\Debug\net6\win-x64\Test.dll" adapterTypeName="executor://xunit/VsTestRunner2" className="Microsoft.VisualStudio.Services.Agent.Tests.Worker.StepsRunnerL0" name="RunsAfterFailureBasedOnCondition" />
    </UnitTest>
    <UnitTest name="Microsoft.VisualStudio.Services.Agent.Tests.LocStringsL0.IsLocStringsPrettyPrint" storage="c:\users\ComputerName\src\test\bin\debug\net6\win-x64\test.dll" id="4d0423ae-da1e-2a72-806f-e9bb50cb684c">
      <Execution id="74e60d83-9223-4c9a-bfe4-e31d3e4afa96" />
      <TestMethod codeBase="C:\Users\ComputerName\src\Test\bin\Debug\net6\win-x64\Test.dll" adapterTypeName="executor://xunit/VsTestRunner2" className="Microsoft.VisualStudio.Services.Agent.Tests.LocStringsL0" name="IsLocStringsPrettyPrint" />
    </UnitTest>
    <UnitTest name="Test.L0.Plugin.TestResultParser.TestResultLogPluginL0.TestResultLogPlugin_DisableWhenHostTypeNotSet" storage="c:\users\ComputerName\src\test\bin\debug\net6\win-x64\test.dll" id="1c131c97-fe0e-db81-de82-37cd65ebcad6">
      <Execution id="c6741c83-665d-4737-a2f2-eeb97b51d6ed" />
      <TestMethod codeBase="C:\Users\ComputerName\src\Test\bin\Debug\net6\win-x64\Test.dll" adapterTypeName="executor://xunit/VsTestRunner2" className="Test.L0.Plugin.TestResultParser.TestResultLogPluginL0" name="TestResultLogPlugin_DisableWhenHostTypeNotSet" />
    </UnitTest>
    <UnitTest name="Microsoft.VisualStudio.Services.Agent.Tests.CommandSettingsL0.GetsArgFromEnvVar" storage="c:\users\ComputerName\src\test\bin\debug\net6\win-x64\test.dll" id="7cd7d033-5638-97de-eef7-d649b18ecf89">
      <Execution id="752d2de3-68c4-4f43-8113-3950f08f85a1" />
      <TestMethod codeBase="C:\Users\ComputerName\src\Test\bin\Debug\net6\win-x64\Test.dll" adapterTypeName="executor://xunit/VsTestRunner2" className="Microsoft.VisualStudio.Services.Agent.Tests.CommandSettingsL0" name="GetsArgFromEnvVar" />
    </UnitTest>
    <UnitTest name="Microsoft.VisualStudio.Services.Agent.Tests.Worker.TestResults.NunitResultReaderTests.DefaultRunTitleIsHonoured" storage="c:\users\ComputerName\src\test\bin\debug\net6\win-x64\test.dll" id="bbb1babe-03ec-a3f7-8cbe-322965f7d377">
      <Execution id="48707611-b3a1-4a1e-be40-279e0e5e55f7" />
      <TestMethod codeBase="C:\Users\ComputerName\src\Test\bin\Debug\net6\win-x64\Test.dll" adapterTypeName="executor://xunit/VsTestRunner2" className="Microsoft.VisualStudio.Services.Agent.Tests.Worker.TestResults.NunitResultReaderTests" name="DefaultRunTitleIsHonoured" />
    </UnitTest>
    <UnitTest name="Microsoft.VisualStudio.Services.Agent.Tests.SecretMaskerL0.SecretMaskerTests_ReplacesMultipleSecrets" storage="c:\users\ComputerName\src\test\bin\debug\net6\win-x64\test.dll" id="a4c5763e-4c67-66c6-1da2-c00aa7f5a7a2">
      <Execution id="978605d3-f4ee-49d4-8402-2301b9d68c30" />
      <TestMethod codeBase="C:\Users\ComputerName\src\Test\bin\Debug\net6\win-x64\Test.dll" adapterTypeName="executor://xunit/VsTestRunner2" className="Microsoft.VisualStudio.Services.Agent.Tests.SecretMaskerL0" name="SecretMaskerTests_ReplacesMultipleSecrets" />
    </UnitTest>
    <UnitTest name="Microsoft.VisualStudio.Services.Agent.Tests.Worker.VariablesL0.Set_CanUpdateASecret" storage="c:\users\ComputerName\src\test\bin\debug\net6\win-x64\test.dll" id="41806247-1907-253a-c28d-832d6c7bae6e">
      <Execution id="cbaf82ea-ca3c-45a5-8b1d-b985f30245f3" />
      <TestMethod codeBase="C:\Users\ComputerName\src\Test\bin\Debug\net6\win-x64\Test.dll" adapterTypeName="executor://xunit/VsTestRunner2" className="Microsoft.VisualStudio.Services.Agent.Tests.Worker.VariablesL0" name="Set_CanUpdateASecret" />
    </UnitTest>
    <UnitTest name="Microsoft.VisualStudio.Services.Agent.Tests.Worker.ExecutionContextL0.InitializeJob_should_mark_primary_repository_in_multicheckout" storage="c:\users\ComputerName\src\test\bin\debug\net6\win-x64\test.dll" id="69352b98-5776-885c-a787-77bf6b4110f5">
      <Execution id="5b12394f-f461-4cce-846b-5e44ce612647" />
      <TestMethod codeBase="C:\Users\ComputerName\src\Test\bin\Debug\net6\win-x64\Test.dll" adapterTypeName="executor://xunit/VsTestRunner2" className="Microsoft.VisualStudio.Services.Agent.Tests.Worker.ExecutionContextL0" name="InitializeJob_should_mark_primary_repository_in_multicheckout" />
    </UnitTest>
    <UnitTest name="Microsoft.VisualStudio.Services.Agent.Tests.Worker.Build.BuildDirectoryManagerL0.RecreatesBinariesDirectoryWhenCleanIsBinary" storage="c:\users\ComputerName\src\test\bin\debug\net6\win-x64\test.dll" id="802a2765-f7b2-e74e-ca21-2fa430408bf3">
      <Execution id="1126c8f8-a2ae-4b82-b44a-53536e86a96c" />
      <TestMethod codeBase="C:\Users\ComputerName\src\Test\bin\Debug\net6\win-x64\Test.dll" adapterTypeName="executor://xunit/VsTestRunner2" className="Microsoft.VisualStudio.Services.Agent.Tests.Worker.Build.BuildDirectoryManagerL0" name="RecreatesBinariesDirectoryWhenCleanIsBinary" />
    </UnitTest>
    <UnitTest name="Microsoft.VisualStudio.Services.Agent.Tests.Worker.WorkerL0.VerifyJobRequestMessageVsoCommandsDeactivated" storage="c:\users\ComputerName\src\test\bin\debug\net6\win-x64\test.dll" id="aba2c492-f1fb-a637-6ba9-c0ea79a87984">
      <Execution id="99ddbb3a-d5c2-4f74-9937-8ccdc6acfe2e" />
      <TestMethod codeBase="C:\Users\ComputerName\src\Test\bin\Debug\net6\win-x64\Test.dll" adapterTypeName="executor://xunit/VsTestRunner2" className="Microsoft.VisualStudio.Services.Agent.Tests.Worker.WorkerL0" name="VerifyJobRequestMessageVsoCommandsDeactivated" />
    </UnitTest>
    <UnitTest name="Microsoft.VisualStudio.Services.Agent.Tests.Worker.VariablesL0.Constructor_SetsOrdinalIgnoreCaseComparer" storage="c:\users\ComputerName\src\test\bin\debug\net6\win-x64\test.dll" id="9ee9cb7e-6a20-2fb2-767d-efc55e89459c">
      <Execution id="9c8c4093-bd7e-45a2-b9fd-0399a916fa2b" />
      <TestMethod codeBase="C:\Users\ComputerName\src\Test\bin\Debug\net6\win-x64\Test.dll" adapterTypeName="executor://xunit/VsTestRunner2" className="Microsoft.VisualStudio.Services.Agent.Tests.Worker.VariablesL0" name="Constructor_SetsOrdinalIgnoreCaseComparer" />
    </UnitTest>
    <UnitTest name="Test.L0.Plugin.TestFilePublisher.TestFilePublisherLogPluginL0.TestFilePublisherLogPlugin_DisableIfNotBuildPipeline" storage="c:\users\ComputerName\src\test\bin\debug\net6\win-x64\test.dll" id="e991d71c-34ea-b4fa-4c05-8b15462e1c9e">
      <Execution id="b8e1c377-b044-4284-93fa-ac22a2c8656b" />
      <TestMethod codeBase="C:\Users\ComputerName\src\Test\bin\Debug\net6\win-x64\Test.dll" adapterTypeName="executor://xunit/VsTestRunner2" className="Test.L0.Plugin.TestFilePublisher.TestFilePublisherLogPluginL0" name="TestFilePublisherLogPlugin_DisableIfNotBuildPipeline" />
    </UnitTest>
    <UnitTest name="Microsoft.VisualStudio.Services.Agent.Tests.Worker.TestResults.JunitResultReaderTests.CustomRunTitleIsHonoured" storage="c:\users\ComputerName\src\test\bin\debug\net6\win-x64\test.dll" id="f1166810-f642-5c8e-0b6a-acf932f27ab3">
      <Execution id="d2db2ebf-ab9c-4ec5-b30c-f4b76e9db661" />
      <TestMethod codeBase="C:\Users\ComputerName\src\Test\bin\Debug\net6\win-x64\Test.dll" adapterTypeName="executor://xunit/VsTestRunner2" className="Microsoft.VisualStudio.Services.Agent.Tests.Worker.TestResults.JunitResultReaderTests" name="CustomRunTitleIsHonoured" />
    </UnitTest>
    <UnitTest name="Microsoft.VisualStudio.Services.Agent.Tests.Util.StringUtilL0.DeactivateVsoCommandsFromStringTest(input: &quot; &quot;, expected: &quot; &quot;)" storage="c:\users\ComputerName\src\test\bin\debug\net6\win-x64\test.dll" id="3ab1bc7b-37a8-f0d4-de15-fb02d15cf0ed">
      <Execution id="b372767b-41c7-4edc-a9a5-a5356f4968fb" />
      <TestMethod codeBase="C:\Users\ComputerName\src\Test\bin\Debug\net6\win-x64\Test.dll" adapterTypeName="executor://xunit/VsTestRunner2" className="Microsoft.VisualStudio.Services.Agent.Tests.Util.StringUtilL0" name="DeactivateVsoCommandsFromStringTest (16f9ad543cd254ce5e29a30bac09870eb93926f5)" />
    </UnitTest>
    <UnitTest name="Microsoft.VisualStudio.Services.Agent.Tests.PipelineCache.MatchingTests.AbsoluteAndRelative" storage="c:\users\ComputerName\src\test\bin\debug\net6\win-x64\test.dll" id="df60775a-ab6d-18e3-9e82-96aded53f35f">
      <Execution id="8e1d5003-2d1c-4637-8aec-6239b29d27f8" />
      <TestMethod codeBase="C:\Users\ComputerName\src\Test\bin\Debug\net6\win-x64\Test.dll" adapterTypeName="executor://xunit/VsTestRunner2" className="Microsoft.VisualStudio.Services.Agent.Tests.PipelineCache.MatchingTests" name="AbsoluteAndRelative" />
    </UnitTest>
    <UnitTest name="Microsoft.VisualStudio.Services.Agent.Tests.TestFileShareProviderL0.TestPublishArtifactAsync" storage="c:\users\ComputerName\src\test\bin\debug\net6\win-x64\test.dll" id="6ad9e823-0d1d-1e11-cd1d-585e4ccbf82e">
      <Execution id="4a2458a9-b137-481d-83d0-c4fed353f502" />
      <TestMethod codeBase="C:\Users\ComputerName\src\Test\bin\Debug\net6\win-x64\Test.dll" adapterTypeName="executor://xunit/VsTestRunner2" className="Microsoft.VisualStudio.Services.Agent.Tests.TestFileShareProviderL0" name="TestPublishArtifactAsync" />
    </UnitTest>
    <UnitTest name="Microsoft.VisualStudio.Services.Agent.Tests.Worker.VariablesL0.IsReadOnly_ReturnsFalseForUnsetVariables" storage="c:\users\ComputerName\src\test\bin\debug\net6\win-x64\test.dll" id="7da36bd1-5c8e-56c8-ca11-36e22facbb07">
      <Execution id="a459a51d-8200-4d92-a8f3-f6e37d138f3f" />
      <TestMethod codeBase="C:\Users\ComputerName\src\Test\bin\Debug\net6\win-x64\Test.dll" adapterTypeName="executor://xunit/VsTestRunner2" className="Microsoft.VisualStudio.Services.Agent.Tests.Worker.VariablesL0" name="IsReadOnly_ReturnsFalseForUnsetVariables" />
    </UnitTest>
    <UnitTest name="Microsoft.VisualStudio.Services.Agent.Tests.Worker.TestResults.TestRunPublisherTests.SystemInformationFileUploadsWithCorrectAttachmentType" storage="c:\users\ComputerName\src\test\bin\debug\net6\win-x64\test.dll" id="2011642d-991c-6051-ebc2-13f8c8f7a289">
      <Execution id="b8a0a05c-ee5c-44ef-8b48-a8cf9cc6973a" />
      <TestMethod codeBase="C:\Users\ComputerName\src\Test\bin\Debug\net6\win-x64\Test.dll" adapterTypeName="executor://xunit/VsTestRunner2" className="Microsoft.VisualStudio.Services.Agent.Tests.Worker.TestResults.TestRunPublisherTests" name="SystemInformationFileUploadsWithCorrectAttachmentType" />
    </UnitTest>
    <UnitTest name="Microsoft.VisualStudio.Services.Agent.Tests.NodeHandlerL0.UseNewNodeForNewNodeHandler(nodeVersion: &quot;node16&quot;)" storage="c:\users\ComputerName\src\test\bin\debug\net6\win-x64\test.dll" id="24fa98fc-8495-e613-347e-385e27c049ef">
      <Execution id="2d902309-84d2-48db-b176-157575239efc" />
      <TestMethod codeBase="C:\Users\ComputerName\src\Test\bin\Debug\net6\win-x64\Test.dll" adapterTypeName="executor://xunit/VsTestRunner2" className="Microsoft.VisualStudio.Services.Agent.Tests.NodeHandlerL0" name="UseNewNodeForNewNodeHandler (5f3736a764d8c6fad1cb159ecab4ca7a94474b95)" />
    </UnitTest>
    <UnitTest name="Test.L0.Plugin.TestResultParser.TestRunManagerL0.TestRunManager_PublishTestRun_TestSummaryIsNotValid" storage="c:\users\ComputerName\src\test\bin\debug\net6\win-x64\test.dll" id="709abc80-9672-3f61-605c-221e96880a72">
      <Execution id="08cdb48f-3de5-4ea8-8b17-a8a55b6b2a53" />
      <TestMethod codeBase="C:\Users\ComputerName\src\Test\bin\Debug\net6\win-x64\Test.dll" adapterTypeName="executor://xunit/VsTestRunner2" className="Test.L0.Plugin.TestResultParser.TestRunManagerL0" name="TestRunManager_PublishTestRun_TestSummaryIsNotValid" />
    </UnitTest>
    <UnitTest name="Microsoft.VisualStudio.Services.Agent.Tests.Worker.Telemetry.TelemetryCommandExtensionTests.PublishTelemetryCommandForCustomerTask" storage="c:\users\ComputerName\src\test\bin\debug\net6\win-x64\test.dll" id="f9c422cf-7d46-9038-ed52-7adfe9720973">
      <Execution id="ff638971-8dc3-4241-a244-959a729e775a" />
      <TestMethod codeBase="C:\Users\ComputerName\src\Test\bin\Debug\net6\win-x64\Test.dll" adapterTypeName="executor://xunit/VsTestRunner2" className="Microsoft.VisualStudio.Services.Agent.Tests.Worker.Telemetry.TelemetryCommandExtensionTests" name="PublishTelemetryCommandForCustomerTask" />
    </UnitTest>
    <UnitTest name="Microsoft.VisualStudio.Services.Agent.Tests.Worker.Build.TrackingManagerL0.LoadsTrackingConfig_FileFormatVersion3_with_repositoryTrackingInfo" storage="c:\users\ComputerName\src\test\bin\debug\net6\win-x64\test.dll" id="45428b9a-2d38-1d95-07e0-92e25f59b5a0">
      <Execution id="ef6895d5-0e3a-4294-95c0-fea7e7ee4d7f" />
      <TestMethod codeBase="C:\Users\ComputerName\src\Test\bin\Debug\net6\win-x64\Test.dll" adapterTypeName="executor://xunit/VsTestRunner2" className="Microsoft.VisualStudio.Services.Agent.Tests.Worker.Build.TrackingManagerL0" name="LoadsTrackingConfig_FileFormatVersion3_with_repositoryTrackingInfo" />
    </UnitTest>
    <UnitTest name="Microsoft.VisualStudio.Services.Agent.Tests.Plugin.RepositoryPluginL0.RepositoryPlugin_NoPathInputMoveBackToDefault" storage="c:\users\ComputerName\src\test\bin\debug\net6\win-x64\test.dll" id="2a9a13ab-265f-9614-e1e1-63e96b8ac8b0">
      <Execution id="3f2881da-6c25-44be-bc54-ed87fb28067c" />
      <TestMethod codeBase="C:\Users\ComputerName\src\Test\bin\Debug\net6\win-x64\Test.dll" adapterTypeName="executor://xunit/VsTestRunner2" className="Microsoft.VisualStudio.Services.Agent.Tests.Plugin.RepositoryPluginL0" name="RepositoryPlugin_NoPathInputMoveBackToDefault" />
    </UnitTest>
    <UnitTest name="Microsoft.VisualStudio.Services.Agent.Tests.LoggedSecretMaskerL0.LoggedSecretMasker_Sets_MinSecretLength_To_MaxValue" storage="c:\users\ComputerName\src\test\bin\debug\net6\win-x64\test.dll" id="4de5a206-613c-b678-eb37-8aefcaa354b9">
      <Execution id="2f622dfc-42f7-4dbf-b0ef-a8f2c53b6c1a" />
      <TestMethod codeBase="C:\Users\ComputerName\src\Test\bin\Debug\net6\win-x64\Test.dll" adapterTypeName="executor://xunit/VsTestRunner2" className="Microsoft.VisualStudio.Services.Agent.Tests.LoggedSecretMaskerL0" name="LoggedSecretMasker_Sets_MinSecretLength_To_MaxValue" />
    </UnitTest>
    <UnitTest name="Microsoft.VisualStudio.Services.Agent.Tests.Worker.Build.BuildDirectoryManagerL0.CreatesBuildDirectories" storage="c:\users\ComputerName\src\test\bin\debug\net6\win-x64\test.dll" id="0263f470-e2f3-ccdd-f350-41b2a18f5793">
      <Execution id="f0f1fe7d-86d5-4c70-979b-967766f1175d" />
      <TestMethod codeBase="C:\Users\ComputerName\src\Test\bin\Debug\net6\win-x64\Test.dll" adapterTypeName="executor://xunit/VsTestRunner2" className="Microsoft.VisualStudio.Services.Agent.Tests.Worker.Build.BuildDirectoryManagerL0" name="CreatesBuildDirectories" />
    </UnitTest>
    <UnitTest name="Microsoft.VisualStudio.Services.Agent.Tests.Util.StringUtilL0.DeactivateVsoCommandsFromStringTest(input: &quot;&quot;, expected: &quot;&quot;)" storage="c:\users\ComputerName\src\test\bin\debug\net6\win-x64\test.dll" id="e4c1012d-9497-3c0a-9380-5ca44934d9f9">
      <Execution id="486c28d7-1ef5-4388-a984-71159915275b" />
      <TestMethod codeBase="C:\Users\ComputerName\src\Test\bin\Debug\net6\win-x64\Test.dll" adapterTypeName="executor://xunit/VsTestRunner2" className="Microsoft.VisualStudio.Services.Agent.Tests.Util.StringUtilL0" name="DeactivateVsoCommandsFromStringTest (765c244b0d0172333e82f07b97f1a322b0c02de4)" />
    </UnitTest>
    <UnitTest name="Microsoft.VisualStudio.Services.Agent.Tests.Worker.Build.TfsVCSourceProvider_WorkspaceUtilL0.DoesNotMatch_MappingType" storage="c:\users\ComputerName\src\test\bin\debug\net6\win-x64\test.dll" id="f24fafc0-e865-1526-e68f-08cba4f8ae29">
      <Execution id="6c88e9aa-b778-4c2f-8a03-33d9d4ca699a" />
      <TestMethod codeBase="C:\Users\ComputerName\src\Test\bin\Debug\net6\win-x64\Test.dll" adapterTypeName="executor://xunit/VsTestRunner2" className="Microsoft.VisualStudio.Services.Agent.Tests.Worker.Build.TfsVCSourceProvider_WorkspaceUtilL0" name="DoesNotMatch_MappingType" />
    </UnitTest>
    <UnitTest name="Microsoft.VisualStudio.Services.Agent.Tests.TestFileShareProviderL0.TestDownloadArtifactAsync" storage="c:\users\ComputerName\src\test\bin\debug\net6\win-x64\test.dll" id="05c7731e-d6c7-4400-cfb3-1d5d888f51ee">
      <Execution id="c25acdb9-d651-4202-924e-db13e96e76f0" />
      <TestMethod codeBase="C:\Users\ComputerName\src\Test\bin\Debug\net6\win-x64\Test.dll" adapterTypeName="executor://xunit/VsTestRunner2" className="Microsoft.VisualStudio.Services.Agent.Tests.TestFileShareProviderL0" name="TestDownloadArtifactAsync" />
    </UnitTest>
    <UnitTest name="Microsoft.VisualStudio.Services.Agent.Tests.Worker.JobExtensionL0.JobExtensionIntraTaskState" storage="c:\users\ComputerName\src\test\bin\debug\net6\win-x64\test.dll" id="2b1e317d-a58e-4b57-53aa-6dc2d4293dce">
      <Execution id="779b4952-a2da-49b6-b151-70b444209d38" />
      <TestMethod codeBase="C:\Users\ComputerName\src\Test\bin\Debug\net6\win-x64\Test.dll" adapterTypeName="executor://xunit/VsTestRunner2" className="Microsoft.VisualStudio.Services.Agent.Tests.Worker.JobExtensionL0" name="JobExtensionIntraTaskState" />
    </UnitTest>
    <UnitTest name="Test.L0.Plugin.TestGitSourceProvider.TestPluginGitSourceProviderL0.TestSetGitConfiguration(featureFlagsStatus: True)" storage="c:\users\ComputerName\src\test\bin\debug\net6\win-x64\test.dll" id="09954b44-890e-4a32-1721-05125f9fcf2f">
      <Execution id="f5d6b9f4-cf80-42b1-8ee5-d361c6938f40" />
      <TestMethod codeBase="C:\Users\ComputerName\src\Test\bin\Debug\net6\win-x64\Test.dll" adapterTypeName="executor://xunit/VsTestRunner2" className="Test.L0.Plugin.TestGitSourceProvider.TestPluginGitSourceProviderL0" name="TestSetGitConfiguration (6382b796c3a670a607067d121fafc1706b3792f5)" />
    </UnitTest>
    <UnitTest name="Test.L0.Plugin.TestResultParser.TestRunManagerL0.TestRunManager_PublishTestRun_TotalTestsLessThanActual" storage="c:\users\ComputerName\src\test\bin\debug\net6\win-x64\test.dll" id="8f9a1412-8e1d-a26d-812c-2a8d7adf2e47">
      <Execution id="384909ba-d894-49be-b2c5-265ac848a089" />
      <TestMethod codeBase="C:\Users\ComputerName\src\Test\bin\Debug\net6\win-x64\Test.dll" adapterTypeName="executor://xunit/VsTestRunner2" className="Test.L0.Plugin.TestResultParser.TestRunManagerL0" name="TestRunManager_PublishTestRun_TotalTestsLessThanActual" />
    </UnitTest>
    <UnitTest name="Microsoft.VisualStudio.Services.Agent.Tests.Listener.AgentCapabilitiesProviderTestL0.TestGetCapabilities" storage="c:\users\ComputerName\src\test\bin\debug\net6\win-x64\test.dll" id="0ff9ac5b-0db1-9bd2-46e0-27988538da6e">
      <Execution id="843351a9-3725-4454-aff6-ba78a1ba7318" />
      <TestMethod codeBase="C:\Users\ComputerName\src\Test\bin\Debug\net6\win-x64\Test.dll" adapterTypeName="executor://xunit/VsTestRunner2" className="Microsoft.VisualStudio.Services.Agent.Tests.Listener.AgentCapabilitiesProviderTestL0" name="TestGetCapabilities" />
    </UnitTest>
    <UnitTest name="Test.L0.Plugin.TestResultParser.TestResultLogPluginL0.TestResultLogPlugin_DisableIfOnPremPipeline" storage="c:\users\ComputerName\src\test\bin\debug\net6\win-x64\test.dll" id="af2d681d-9dd6-b08b-cd78-3b5da4b8f6b2">
      <Execution id="7b91322c-059e-41d3-a732-f4c43f4dbc57" />
      <TestMethod codeBase="C:\Users\ComputerName\src\Test\bin\Debug\net6\win-x64\Test.dll" adapterTypeName="executor://xunit/VsTestRunner2" className="Test.L0.Plugin.TestResultParser.TestResultLogPluginL0" name="TestResultLogPlugin_DisableIfOnPremPipeline" />
    </UnitTest>
    <UnitTest name="Microsoft.VisualStudio.Services.Agent.Tests.Worker.TestResults.XUnitResultReaderTests.VerifyReadResultsReturnsDurationAsSumOfAssemblyTimeWhenRunDateNotParseable" storage="c:\users\ComputerName\src\test\bin\debug\net6\win-x64\test.dll" id="91bc8f8b-1300-408f-2ec0-f2e8a148819a">
      <Execution id="cf5c0977-b156-43f3-b4bf-f080060bb1ad" />
      <TestMethod codeBase="C:\Users\ComputerName\src\Test\bin\Debug\net6\win-x64\Test.dll" adapterTypeName="executor://xunit/VsTestRunner2" className="Microsoft.VisualStudio.Services.Agent.Tests.Worker.TestResults.XUnitResultReaderTests" name="VerifyReadResultsReturnsDurationAsSumOfAssemblyTimeWhenRunDateNotParseable" />
    </UnitTest>
    <UnitTest name="Microsoft.VisualStudio.Services.Agent.Tests.Listener.AgentL0.TestConfigureCLI(arg: &quot;remove&quot;, IsConfigured: False, expected: 0)" storage="c:\users\ComputerName\src\test\bin\debug\net6\win-x64\test.dll" id="05894846-389a-3f19-9895-712017fdee7b">
      <Execution id="f7656a36-838f-4dfd-a6c0-650387de285e" />
      <TestMethod codeBase="C:\Users\ComputerName\src\Test\bin\Debug\net6\win-x64\Test.dll" adapterTypeName="executor://xunit/VsTestRunner2" className="Microsoft.VisualStudio.Services.Agent.Tests.Listener.AgentL0" name="TestConfigureCLI (e7556c04b17e9258905ec27080ec75d925c7e88c)" />
    </UnitTest>
    <UnitTest name="Microsoft.VisualStudio.Services.Agent.Tests.Util.UrlUtilL0.GetCredentialEmbeddedUrl_UsernameAndPasswordEncoding" storage="c:\users\ComputerName\src\test\bin\debug\net6\win-x64\test.dll" id="c45ac9da-8dec-f552-57c6-a8f766b68bea">
      <Execution id="cfce98da-f637-437a-b2d0-59d6e658b478" />
      <TestMethod codeBase="C:\Users\ComputerName\src\Test\bin\Debug\net6\win-x64\Test.dll" adapterTypeName="executor://xunit/VsTestRunner2" className="Microsoft.VisualStudio.Services.Agent.Tests.Util.UrlUtilL0" name="GetCredentialEmbeddedUrl_UsernameAndPasswordEncoding" />
    </UnitTest>
    <UnitTest name="Microsoft.VisualStudio.Services.Agent.Tests.Worker.StepsRunnerL0.SetStepTarget" storage="c:\users\ComputerName\src\test\bin\debug\net6\win-x64\test.dll" id="958ef3f7-24ff-673b-a4e6-67fc3abce645">
      <Execution id="7933f3e9-b7f8-4cb6-9bc8-fb5732dbb334" />
      <TestMethod codeBase="C:\Users\ComputerName\src\Test\bin\Debug\net6\win-x64\Test.dll" adapterTypeName="executor://xunit/VsTestRunner2" className="Microsoft.VisualStudio.Services.Agent.Tests.Worker.StepsRunnerL0" name="SetStepTarget" />
    </UnitTest>
    <UnitTest name="Microsoft.VisualStudio.Services.Agent.Tests.Worker.TestResults.TestRunPublisherTests.EndTestRunWithArchiveCallsRightApi" storage="c:\users\ComputerName\src\test\bin\debug\net6\win-x64\test.dll" id="9d39b839-86e1-af3d-9992-79659c3621f3">
      <Execution id="b99c2505-5db7-4c1f-ae0a-ab6eb70ec275" />
      <TestMethod codeBase="C:\Users\ComputerName\src\Test\bin\Debug\net6\win-x64\Test.dll" adapterTypeName="executor://xunit/VsTestRunner2" className="Microsoft.VisualStudio.Services.Agent.Tests.Worker.TestResults.TestRunPublisherTests" name="EndTestRunWithArchiveCallsRightApi" />
    </UnitTest>
    <UnitTest name="Microsoft.VisualStudio.Services.Agent.Tests.KnobL0.GetSpecificKnobValueBySpecificType" storage="c:\users\ComputerName\src\test\bin\debug\net6\win-x64\test.dll" id="92e369a3-252a-9047-d352-90c4b4bd778f">
      <Execution id="86bc0751-346c-4b9c-b43e-e2eebbdb6a6c" />
      <TestMethod codeBase="C:\Users\ComputerName\src\Test\bin\Debug\net6\win-x64\Test.dll" adapterTypeName="executor://xunit/VsTestRunner2" className="Microsoft.VisualStudio.Services.Agent.Tests.KnobL0" name="GetSpecificKnobValueBySpecificType" />
    </UnitTest>
    <UnitTest name="Test.L0.Plugin.TestFilePublisher.TestFileFinderL0.TestFileFinder_FindFilesWithMatchingPattern" storage="c:\users\ComputerName\src\test\bin\debug\net6\win-x64\test.dll" id="5b5f87c8-6f98-061d-863a-dad68b174cfb">
      <Execution id="53e9400f-df43-464e-868e-280b4dbbb424" />
      <TestMethod codeBase="C:\Users\ComputerName\src\Test\bin\Debug\net6\win-x64\Test.dll" adapterTypeName="executor://xunit/VsTestRunner2" className="Test.L0.Plugin.TestFilePublisher.TestFileFinderL0" name="TestFileFinder_FindFilesWithMatchingPattern" />
    </UnitTest>
    <UnitTest name="Microsoft.VisualStudio.Services.Agent.Tests.Worker.CodeCoverage.JacocoSummaryReaderTests.VerifyFileDidnotExist" storage="c:\users\ComputerName\src\test\bin\debug\net6\win-x64\test.dll" id="5d2666ea-12ff-7554-8789-84a606ff75fc">
      <Execution id="8e8f0a64-13e4-4552-83e7-348fed7f3045" />
      <TestMethod codeBase="C:\Users\ComputerName\src\Test\bin\Debug\net6\win-x64\Test.dll" adapterTypeName="executor://xunit/VsTestRunner2" className="Microsoft.VisualStudio.Services.Agent.Tests.Worker.CodeCoverage.JacocoSummaryReaderTests" name="VerifyFileDidnotExist" />
    </UnitTest>
    <UnitTest name="Microsoft.VisualStudio.Services.Agent.Tests.CommandSettingsL0.PromptsForPassword" storage="c:\users\ComputerName\src\test\bin\debug\net6\win-x64\test.dll" id="529efdee-56bf-8075-5824-e27df1e6014f">
      <Execution id="4c673962-8fe1-4f06-879a-8eb36ac161d9" />
      <TestMethod codeBase="C:\Users\ComputerName\src\Test\bin\Debug\net6\win-x64\Test.dll" adapterTypeName="executor://xunit/VsTestRunner2" className="Microsoft.VisualStudio.Services.Agent.Tests.CommandSettingsL0" name="PromptsForPassword" />
    </UnitTest>
    <UnitTest name="Microsoft.VisualStudio.Services.Agent.Tests.Listener.Configuration.ConfigurationManagerL0.CanEnsureConfigure" storage="c:\users\ComputerName\src\test\bin\debug\net6\win-x64\test.dll" id="0136c670-0492-0af0-26e6-d2c416ba4253">
      <Execution id="09bebf06-3408-40d3-80c4-f5732f362d7b" />
      <TestMethod codeBase="C:\Users\ComputerName\src\Test\bin\Debug\net6\win-x64\Test.dll" adapterTypeName="executor://xunit/VsTestRunner2" className="Microsoft.VisualStudio.Services.Agent.Tests.Listener.Configuration.ConfigurationManagerL0" name="CanEnsureConfigure" />
    </UnitTest>
    <UnitTest name="Microsoft.VisualStudio.Services.Agent.Tests.Worker.Build.GitSourceProviderL0.GetSourceGitFetchWithLFS" storage="c:\users\ComputerName\src\test\bin\debug\net6\win-x64\test.dll" id="12bb8877-345c-637e-5b30-a6f1960bb8c8">
      <Execution id="7d8001d0-705d-4dc7-ba44-7feecaa7fd7b" />
      <TestMethod codeBase="C:\Users\ComputerName\src\Test\bin\Debug\net6\win-x64\Test.dll" adapterTypeName="executor://xunit/VsTestRunner2" className="Microsoft.VisualStudio.Services.Agent.Tests.Worker.Build.GitSourceProviderL0" name="GetSourceGitFetchWithLFS" />
    </UnitTest>
    <UnitTest name="Microsoft.VisualStudio.Services.Agent.Tests.Worker.TestResults.NunitResultReaderTests.CustomRunTitleIsHonoured" storage="c:\users\ComputerName\src\test\bin\debug\net6\win-x64\test.dll" id="9be8f0cd-76ba-c2f3-ba06-ba3f265fee64">
      <Execution id="5de4bfd5-557b-4554-9596-2af2e80a1815" />
      <TestMethod codeBase="C:\Users\ComputerName\src\Test\bin\Debug\net6\win-x64\Test.dll" adapterTypeName="executor://xunit/VsTestRunner2" className="Microsoft.VisualStudio.Services.Agent.Tests.Worker.TestResults.NunitResultReaderTests" name="CustomRunTitleIsHonoured" />
    </UnitTest>
    <UnitTest name="Microsoft.VisualStudio.Services.Agent.Tests.Worker.AgentPluginManagerL0.GeneratePluginExecutionContextHostInfoTest" storage="c:\users\ComputerName\src\test\bin\debug\net6\win-x64\test.dll" id="9adca98a-fc47-1449-38bc-6299cd8ea03b">
      <Execution id="f16f7422-eb95-4e94-8efd-1539e333aa5b" />
      <TestMethod codeBase="C:\Users\ComputerName\src\Test\bin\Debug\net6\win-x64\Test.dll" adapterTypeName="executor://xunit/VsTestRunner2" className="Microsoft.VisualStudio.Services.Agent.Tests.Worker.AgentPluginManagerL0" name="GeneratePluginExecutionContextHostInfoTest" />
    </UnitTest>
    <UnitTest name="Microsoft.VisualStudio.Services.Agent.Tests.Worker.CodeCoverage.CoberturaSummaryReaderTests.VerifyFileDidnotExist" storage="c:\users\ComputerName\src\test\bin\debug\net6\win-x64\test.dll" id="8772d947-fe84-92be-cd58-c4e59b758dca">
      <Execution id="58aedc6f-af54-4883-b98e-6f9e035e271b" />
      <TestMethod codeBase="C:\Users\ComputerName\src\Test\bin\Debug\net6\win-x64\Test.dll" adapterTypeName="executor://xunit/VsTestRunner2" className="Microsoft.VisualStudio.Services.Agent.Tests.Worker.CodeCoverage.CoberturaSummaryReaderTests" name="VerifyFileDidnotExist" />
    </UnitTest>
    <UnitTest name="Microsoft.VisualStudio.Services.Agent.Tests.Worker.TestResults.TestRunPublisherTests.PublishStandardErrorLogWithMultiupleResultsIsSuccessful" storage="c:\users\ComputerName\src\test\bin\debug\net6\win-x64\test.dll" id="732c2c42-47ff-b131-c9ce-cba9360a0162">
      <Execution id="66213b65-4ea9-4238-8b62-8568762bc965" />
      <TestMethod codeBase="C:\Users\ComputerName\src\Test\bin\Debug\net6\win-x64\Test.dll" adapterTypeName="executor://xunit/VsTestRunner2" className="Microsoft.VisualStudio.Services.Agent.Tests.Worker.TestResults.TestRunPublisherTests" name="PublishStandardErrorLogWithMultiupleResultsIsSuccessful" />
    </UnitTest>
    <UnitTest name="Microsoft.VisualStudio.Services.Agent.Tests.Listener.PipelineParserL0.MaxObjectDepth_Sequence" storage="c:\users\ComputerName\src\test\bin\debug\net6\win-x64\test.dll" id="9257a2bf-a565-a104-d661-0c8b1061981a">
      <Execution id="76a26a03-6622-4f75-bc9b-24c04712083a" />
      <TestMethod codeBase="C:\Users\ComputerName\src\Test\bin\Debug\net6\win-x64\Test.dll" adapterTypeName="executor://xunit/VsTestRunner2" className="Microsoft.VisualStudio.Services.Agent.Tests.Listener.PipelineParserL0" name="MaxObjectDepth_Sequence" />
    </UnitTest>
    <UnitTest name="Test.L0.Worker.Handlers.CmdArgsSanitizerL0.EmptyLineTest" storage="c:\users\ComputerName\src\test\bin\debug\net6\win-x64\test.dll" id="27ad209c-894b-ae34-a71c-5d3383ae7be1">
      <Execution id="19e66757-7715-4372-aa6c-6958e7db73fb" />
      <TestMethod codeBase="C:\Users\ComputerName\src\Test\bin\Debug\net6\win-x64\Test.dll" adapterTypeName="executor://xunit/VsTestRunner2" className="Test.L0.Worker.Handlers.CmdArgsSanitizerL0" name="EmptyLineTest" />
    </UnitTest>
    <UnitTest name="Test.L0.Worker.Handlers.CmdArgsSanitizerL0.Telemetry_BasicTest" storage="c:\users\ComputerName\src\test\bin\debug\net6\win-x64\test.dll" id="40b0733f-a5c0-1f13-2ff6-e6d1c682866f">
      <Execution id="5f31be22-973e-48f3-bcc5-40e9254a157e" />
      <TestMethod codeBase="C:\Users\ComputerName\src\Test\bin\Debug\net6\win-x64\Test.dll" adapterTypeName="executor://xunit/VsTestRunner2" className="Test.L0.Worker.Handlers.CmdArgsSanitizerL0" name="Telemetry_BasicTest" />
    </UnitTest>
    <UnitTest name="Microsoft.VisualStudio.Services.Agent.Tests.Worker.CodeCoverage.JacocoSummaryReaderTests.VerifyWrongXmlFile" storage="c:\users\ComputerName\src\test\bin\debug\net6\win-x64\test.dll" id="9caeea1b-7333-f2b6-c9ee-3fff61b4704b">
      <Execution id="3293b2ed-60fc-41fd-b325-1f3f7df8ce86" />
      <TestMethod codeBase="C:\Users\ComputerName\src\Test\bin\Debug\net6\win-x64\Test.dll" adapterTypeName="executor://xunit/VsTestRunner2" className="Microsoft.VisualStudio.Services.Agent.Tests.Worker.CodeCoverage.JacocoSummaryReaderTests" name="VerifyWrongXmlFile" />
    </UnitTest>
    <UnitTest name="Microsoft.VisualStudio.Services.Agent.Tests.Listener.Configuration.PromptManagerTestsL0.PromptsAgainWhenFailsValidation" storage="c:\users\ComputerName\src\test\bin\debug\net6\win-x64\test.dll" id="857a1499-25f2-7664-956f-9028378430c6">
      <Execution id="5cbe5834-105d-4a68-ad1e-cd97766e12b2" />
      <TestMethod codeBase="C:\Users\ComputerName\src\Test\bin\Debug\net6\win-x64\Test.dll" adapterTypeName="executor://xunit/VsTestRunner2" className="Microsoft.VisualStudio.Services.Agent.Tests.Listener.Configuration.PromptManagerTestsL0" name="PromptsAgainWhenFailsValidation" />
    </UnitTest>
    <UnitTest name="Microsoft.VisualStudio.Services.Agent.Tests.Worker.TaskManagerL0.ReplacesMacrosAndPreventsInfiniteRecursion" storage="c:\users\ComputerName\src\test\bin\debug\net6\win-x64\test.dll" id="72388809-2454-2ab0-00a9-5d1b00d0d173">
      <Execution id="f9a5171d-cfe2-4df3-9f4c-b65be3cad2d6" />
      <TestMethod codeBase="C:\Users\ComputerName\src\Test\bin\Debug\net6\win-x64\Test.dll" adapterTypeName="executor://xunit/VsTestRunner2" className="Microsoft.VisualStudio.Services.Agent.Tests.Worker.TaskManagerL0" name="ReplacesMacrosAndPreventsInfiniteRecursion" />
    </UnitTest>
    <UnitTest name="Microsoft.VisualStudio.Services.Agent.Tests.LoggedSecretMaskerL0.LoggedSecretMasker_NegativeValue_Passed" storage="c:\users\ComputerName\src\test\bin\debug\net6\win-x64\test.dll" id="68101d3b-68c7-93f8-bbe7-80a8578c4737">
      <Execution id="3b2a0fd0-865d-408a-8cf8-2ffbc145d4f5" />
      <TestMethod codeBase="C:\Users\ComputerName\src\Test\bin\Debug\net6\win-x64\Test.dll" adapterTypeName="executor://xunit/VsTestRunner2" className="Microsoft.VisualStudio.Services.Agent.Tests.LoggedSecretMaskerL0" name="LoggedSecretMasker_NegativeValue_Passed" />
    </UnitTest>
    <UnitTest name="Microsoft.VisualStudio.Services.Agent.Tests.Listener.JobDispatcherL0.DispatcherRenewJobRequestStopOnJobNotFoundExceptions" storage="c:\users\ComputerName\src\test\bin\debug\net6\win-x64\test.dll" id="0d986ca3-2705-b3f9-0b5b-e9d1da8a3c25">
      <Execution id="cd077221-dc59-47ce-b739-326eb7736583" />
      <TestMethod codeBase="C:\Users\ComputerName\src\Test\bin\Debug\net6\win-x64\Test.dll" adapterTypeName="executor://xunit/VsTestRunner2" className="Microsoft.VisualStudio.Services.Agent.Tests.Listener.JobDispatcherL0" name="DispatcherRenewJobRequestStopOnJobNotFoundExceptions" />
    </UnitTest>
    <UnitTest name="Microsoft.VisualStudio.Services.Agent.Tests.Worker.TestResults.TestRunPublisherTests.BatchSizeIsCorrect" storage="c:\users\ComputerName\src\test\bin\debug\net6\win-x64\test.dll" id="b41bc5ef-a2a6-9b4b-f927-fae681ed4b5f">
      <Execution id="2a944b0f-6ab0-4368-a69b-75b28f1cd583" />
      <TestMethod codeBase="C:\Users\ComputerName\src\Test\bin\Debug\net6\win-x64\Test.dll" adapterTypeName="executor://xunit/VsTestRunner2" className="Microsoft.VisualStudio.Services.Agent.Tests.Worker.TestResults.TestRunPublisherTests" name="BatchSizeIsCorrect" />
    </UnitTest>
    <UnitTest name="Test.L0.Listener.Configuration.NativeWindowsServiceHelperL0.EnsureGetDefaultServiceAccountShouldReturnNetworkServiceAccount" storage="c:\users\ComputerName\src\test\bin\debug\net6\win-x64\test.dll" id="e05535c8-e38b-6afd-d989-03abfc9fdef2">
      <Execution id="584d8edb-d4f5-4ccf-83a0-7fd0c47108ff" />
      <TestMethod codeBase="C:\Users\ComputerName\src\Test\bin\Debug\net6\win-x64\Test.dll" adapterTypeName="executor://xunit/VsTestRunner2" className="Test.L0.Listener.Configuration.NativeWindowsServiceHelperL0" name="EnsureGetDefaultServiceAccountShouldReturnNetworkServiceAccount" />
    </UnitTest>
    <UnitTest name="Microsoft.VisualStudio.Services.Agent.Tests.Listener.AgentL0.TestInfoArgumentsCLI(arg: &quot;--version&quot;, expected: 0)" storage="c:\users\ComputerName\src\test\bin\debug\net6\win-x64\test.dll" id="fa22cbd8-202f-1732-4f90-c4166a054f3d">
      <Execution id="8ee55292-a628-4537-9dbf-9bb4c61d32ba" />
      <TestMethod codeBase="C:\Users\ComputerName\src\Test\bin\Debug\net6\win-x64\Test.dll" adapterTypeName="executor://xunit/VsTestRunner2" className="Microsoft.VisualStudio.Services.Agent.Tests.Listener.AgentL0" name="TestInfoArgumentsCLI (8389124b27c725e04231dad7aeea1fb2e4f5aafa)" />
    </UnitTest>
    <UnitTest name="Microsoft.VisualStudio.Services.Agent.Tests.Worker.TestResults.NunitResultReaderTests.PublishNUnit3ResultsShouldConsiderTestSuiteLevelAttachments" storage="c:\users\ComputerName\src\test\bin\debug\net6\win-x64\test.dll" id="2340a011-3e89-db0a-8ead-8a909fd17dcc">
      <Execution id="1a3b6119-d39b-4bd2-9251-b33e06488764" />
      <TestMethod codeBase="C:\Users\ComputerName\src\Test\bin\Debug\net6\win-x64\Test.dll" adapterTypeName="executor://xunit/VsTestRunner2" className="Microsoft.VisualStudio.Services.Agent.Tests.Worker.TestResults.NunitResultReaderTests" name="PublishNUnit3ResultsShouldConsiderTestSuiteLevelAttachments" />
    </UnitTest>
    <UnitTest name="Microsoft.VisualStudio.Services.Agent.Tests.Worker.Telemetry.TelemetryCommandExtensionTests.PublishTelemetryCommandWithCiProps" storage="c:\users\ComputerName\src\test\bin\debug\net6\win-x64\test.dll" id="4482b52c-e195-885a-3013-2eb2f0fb5233">
      <Execution id="af0f9ba2-7884-416d-a93b-ddb452dc9406" />
      <TestMethod codeBase="C:\Users\ComputerName\src\Test\bin\Debug\net6\win-x64\Test.dll" adapterTypeName="executor://xunit/VsTestRunner2" className="Microsoft.VisualStudio.Services.Agent.Tests.Worker.Telemetry.TelemetryCommandExtensionTests" name="PublishTelemetryCommandWithCiProps" />
    </UnitTest>
    <UnitTest name="Microsoft.VisualStudio.Services.Agent.Tests.Listener.Configuration.PromptManagerTestsL0.FallsBackToDefaultWhenUnattended" storage="c:\users\ComputerName\src\test\bin\debug\net6\win-x64\test.dll" id="e3d15d93-bf88-1c5b-61eb-89021d5792e2">
      <Execution id="045719c7-3b44-4edb-98be-af1b86663619" />
      <TestMethod codeBase="C:\Users\ComputerName\src\Test\bin\Debug\net6\win-x64\Test.dll" adapterTypeName="executor://xunit/VsTestRunner2" className="Microsoft.VisualStudio.Services.Agent.Tests.Listener.Configuration.PromptManagerTestsL0" name="FallsBackToDefaultWhenUnattended" />
    </UnitTest>
    <UnitTest name="Microsoft.VisualStudio.Services.Agent.Tests.Listener.Configuration.ConfigurationManagerL0.CanEnsureMachineGroupAgentConfigureOnPremScenario" storage="c:\users\ComputerName\src\test\bin\debug\net6\win-x64\test.dll" id="f6a9a279-168b-11f3-5149-7fa405b82ab1">
      <Execution id="fe11bc4d-4c38-4be3-a231-f82205cf880e" />
      <TestMethod codeBase="C:\Users\ComputerName\src\Test\bin\Debug\net6\win-x64\Test.dll" adapterTypeName="executor://xunit/VsTestRunner2" className="Microsoft.VisualStudio.Services.Agent.Tests.Listener.Configuration.ConfigurationManagerL0" name="CanEnsureMachineGroupAgentConfigureOnPremScenario" />
    </UnitTest>
    <UnitTest name="Microsoft.VisualStudio.Services.Agent.Tests.Worker.TestResults.TrxReaderTests.ReadsResultsReturnsCorrectValuesForHierarchicalResults" storage="c:\users\ComputerName\src\test\bin\debug\net6\win-x64\test.dll" id="85a81773-53d2-bfde-ff29-a2e4d0df0303">
      <Execution id="44730e34-1243-42af-b313-9397ade567da" />
      <TestMethod codeBase="C:\Users\ComputerName\src\Test\bin\Debug\net6\win-x64\Test.dll" adapterTypeName="executor://xunit/VsTestRunner2" className="Microsoft.VisualStudio.Services.Agent.Tests.Worker.TestResults.TrxReaderTests" name="ReadsResultsReturnsCorrectValuesForHierarchicalResults" />
    </UnitTest>
    <UnitTest name="Microsoft.VisualStudio.Services.Agent.Tests.Worker.TaskDecoratorManagerL0.IsInjectedTaskForTarget_NullValueInTaskName" storage="c:\users\ComputerName\src\test\bin\debug\net6\win-x64\test.dll" id="352e6bd7-ce52-6c04-2527-b4c4ab2342a8">
      <Execution id="6dc5f7fc-486e-4ea6-a8a2-7ce107d1262b" />
      <TestMethod codeBase="C:\Users\ComputerName\src\Test\bin\Debug\net6\win-x64\Test.dll" adapterTypeName="executor://xunit/VsTestRunner2" className="Microsoft.VisualStudio.Services.Agent.Tests.Worker.TaskDecoratorManagerL0" name="IsInjectedTaskForTarget_NullValueInTaskName" />
    </UnitTest>
    <UnitTest name="Microsoft.VisualStudio.Services.Agent.Tests.LogPluginHost.LogPluginHostL0.LogPluginHost_HandleInitialExceptions" storage="c:\users\ComputerName\src\test\bin\debug\net6\win-x64\test.dll" id="9c13da2d-138f-0a7d-d8ee-14882fe9a1a0">
      <Execution id="ead9e84b-da89-4b1f-ac20-e5aeaa5f05db" />
      <TestMethod codeBase="C:\Users\ComputerName\src\Test\bin\Debug\net6\win-x64\Test.dll" adapterTypeName="executor://xunit/VsTestRunner2" className="Microsoft.VisualStudio.Services.Agent.Tests.LogPluginHost.LogPluginHostL0" name="LogPluginHost_HandleInitialExceptions" />
    </UnitTest>
    <UnitTest name="Test.L0.Worker.Handlers.ProcessHandlerHelperL0.ArgsValidation_Passes(inputArgs: &quot;1 \&quot;2\&quot;&quot;, envVarValue: &quot;&quot;)" storage="c:\users\ComputerName\src\test\bin\debug\net6\win-x64\test.dll" id="52b5e812-9bc8-eb07-9f9e-13e3e13e2604">
      <Execution id="3b2a918c-6748-4a1c-912e-2401aabe2ffb" />
      <TestMethod codeBase="C:\Users\ComputerName\src\Test\bin\Debug\net6\win-x64\Test.dll" adapterTypeName="executor://xunit/VsTestRunner2" className="Test.L0.Worker.Handlers.ProcessHandlerHelperL0" name="ArgsValidation_Passes (131c8dc11c5f2d03fdf67794b1b78537794205a8)" />
    </UnitTest>
    <UnitTest name="Microsoft.VisualStudio.Services.Agent.Tests.Worker.Build.BuildDirectoryManagerL0.CreatesNewConfig" storage="c:\users\ComputerName\src\test\bin\debug\net6\win-x64\test.dll" id="596eee24-6c29-3187-f9e2-7c5dafa7f03f">
      <Execution id="6ea2be0b-6f0c-4148-be51-0dff18b1a54c" />
      <TestMethod codeBase="C:\Users\ComputerName\src\Test\bin\Debug\net6\win-x64\Test.dll" adapterTypeName="executor://xunit/VsTestRunner2" className="Microsoft.VisualStudio.Services.Agent.Tests.Worker.Build.BuildDirectoryManagerL0" name="CreatesNewConfig" />
    </UnitTest>
    <UnitTest name="Test.L0.Worker.Handlers.CmdArgsSanitizerL0.SanitizeTest(inputArgs: &quot;1 ^^; 2&quot;, expectedArgs: &quot;1 ^^_#removed#_ 2&quot;)" storage="c:\users\ComputerName\src\test\bin\debug\net6\win-x64\test.dll" id="59c90193-bf3b-f574-7ae1-e575ede2426c">
      <Execution id="1b6255dc-9ddb-45d4-a2a0-e4aa8f1b968a" />
      <TestMethod codeBase="C:\Users\ComputerName\src\Test\bin\Debug\net6\win-x64\Test.dll" adapterTypeName="executor://xunit/VsTestRunner2" className="Test.L0.Worker.Handlers.CmdArgsSanitizerL0" name="SanitizeTest (08aa56e79108cee5456ba14d1de190e92ef0bb5d)" />
    </UnitTest>
    <UnitTest name="Microsoft.VisualStudio.Services.Agent.Tests.Worker.VariablesL0.Constructor_DetectsAdjacentCyclicalReference" storage="c:\users\ComputerName\src\test\bin\debug\net6\win-x64\test.dll" id="9d96a0e2-bd47-6c50-a277-c20f2062ad92">
      <Execution id="2e4b6c35-dcdf-4a7e-862e-fa6d31e34418" />
      <TestMethod codeBase="C:\Users\ComputerName\src\Test\bin\Debug\net6\win-x64\Test.dll" adapterTypeName="executor://xunit/VsTestRunner2" className="Microsoft.VisualStudio.Services.Agent.Tests.Worker.VariablesL0" name="Constructor_DetectsAdjacentCyclicalReference" />
    </UnitTest>
    <UnitTest name="Microsoft.VisualStudio.Services.Agent.Tests.Worker.TestResults.XUnitResultReaderTests.ReadResultsDoesNotFailForBadXml" storage="c:\users\ComputerName\src\test\bin\debug\net6\win-x64\test.dll" id="72faa741-af19-4daf-7496-e2b6a8736980">
      <Execution id="f3ca99e6-7074-4826-b639-d9abcfcaaa07" />
      <TestMethod codeBase="C:\Users\ComputerName\src\Test\bin\Debug\net6\win-x64\Test.dll" adapterTypeName="executor://xunit/VsTestRunner2" className="Microsoft.VisualStudio.Services.Agent.Tests.Worker.TestResults.XUnitResultReaderTests" name="ReadResultsDoesNotFailForBadXml" />
    </UnitTest>
    <UnitTest name="Microsoft.VisualStudio.Services.Agent.Tests.Worker.ExecutionContextL0.TranslatePathForStepTarget_should_convert_path_only_for_containers(isCheckout: False, jobTarget: &quot;container&quot;, stepTarget: &quot;container&quot;)" storage="c:\users\ComputerName\src\test\bin\debug\net6\win-x64\test.dll" id="cbaa746f-f709-3319-7f32-a80207c9afca">
      <Execution id="0fe98a53-6b41-4738-94a8-3aadcc7b4ae2" />
      <TestMethod codeBase="C:\Users\ComputerName\src\Test\bin\Debug\net6\win-x64\Test.dll" adapterTypeName="executor://xunit/VsTestRunner2" className="Microsoft.VisualStudio.Services.Agent.Tests.Worker.ExecutionContextL0" name="TranslatePathForStepTarget_should_convert_path_only_for_containers (cce9bcfb677b45d4402990dba5062c3ba0114579)" />
    </UnitTest>
    <UnitTest name="Microsoft.VisualStudio.Services.Agent.Tests.Util.StringUtilL0.DeactivateVsoCommandsFromStringTest(input: &quot;##vso a&quot;, expected: &quot;**vso a&quot;)" storage="c:\users\ComputerName\src\test\bin\debug\net6\win-x64\test.dll" id="f5781754-0a8a-f714-f3e3-7f2ae66ad144">
      <Execution id="ac76b98e-721f-41e4-ab57-1d99c337af53" />
      <TestMethod codeBase="C:\Users\ComputerName\src\Test\bin\Debug\net6\win-x64\Test.dll" adapterTypeName="executor://xunit/VsTestRunner2" className="Microsoft.VisualStudio.Services.Agent.Tests.Util.StringUtilL0" name="DeactivateVsoCommandsFromStringTest (6e1ed3fdde782e87b7c3e40eb759cfcd92abbb7f)" />
    </UnitTest>
    <UnitTest name="Test.L0.Worker.Handlers.ProcessHandlerHelperL0.TestWithCloseVars(inputArgs: &quot;%VAR1% %VAR2%_%VAR3%&quot;, expectedArgs: &quot;1 2_3&quot;)" storage="c:\users\ComputerName\src\test\bin\debug\net6\win-x64\test.dll" id="5494c477-5975-ca82-5054-4d0a56a75fed">
      <Execution id="54378d65-4789-42ab-aa72-08baf1bb5807" />
      <TestMethod codeBase="C:\Users\ComputerName\src\Test\bin\Debug\net6\win-x64\Test.dll" adapterTypeName="executor://xunit/VsTestRunner2" className="Test.L0.Worker.Handlers.ProcessHandlerHelperL0" name="TestWithCloseVars (4976290b0b54b295eb6029dec65144cd873e6449)" />
    </UnitTest>
    <UnitTest name="Microsoft.VisualStudio.Services.Agent.Tests.ProxyConfigL0.IsNotUseRawHttpClient" storage="c:\users\ComputerName\src\test\bin\debug\net6\win-x64\test.dll" id="d3d7cbb2-b87e-5bb7-431f-02be0e0681c7">
      <Execution id="179dc336-c0d6-4b70-8020-81b3a51f6577" />
      <TestMethod codeBase="C:\Users\ComputerName\src\Test\bin\Debug\net6\win-x64\Test.dll" adapterTypeName="executor://xunit/VsTestRunner2" className="Microsoft.VisualStudio.Services.Agent.Tests.ProxyConfigL0" name="IsNotUseRawHttpClient" />
    </UnitTest>
    <UnitTest name="Test.L0.Worker.Handlers.ProcessHandlerL0.ProcessHandlerV2_Validation_fails" storage="c:\users\ComputerName\src\test\bin\debug\net6\win-x64\test.dll" id="d5d7ecf5-68e2-7dc1-9236-0f7f72543434">
      <Execution id="fb60c1b8-2594-439e-96e8-a6f5f0d0f9b4" />
      <TestMethod codeBase="C:\Users\ComputerName\src\Test\bin\Debug\net6\win-x64\Test.dll" adapterTypeName="executor://xunit/VsTestRunner2" className="Test.L0.Worker.Handlers.ProcessHandlerL0" name="ProcessHandlerV2_Validation_fails" />
    </UnitTest>
    <UnitTest name="Microsoft.VisualStudio.Services.Agent.Tests.Worker.TestResults.JunitResultReaderTests.PublishNestedJUnitResultsWithEmptyNameAttributeInTestSuite" storage="c:\users\ComputerName\src\test\bin\debug\net6\win-x64\test.dll" id="4280c118-fb1c-1830-735c-f59238ae6699">
      <Execution id="704d61f2-822e-4bcf-8d98-e68949d74b77" />
      <TestMethod codeBase="C:\Users\ComputerName\src\Test\bin\Debug\net6\win-x64\Test.dll" adapterTypeName="executor://xunit/VsTestRunner2" className="Microsoft.VisualStudio.Services.Agent.Tests.Worker.TestResults.JunitResultReaderTests" name="PublishNestedJUnitResultsWithEmptyNameAttributeInTestSuite" />
    </UnitTest>
    <UnitTest name="Microsoft.VisualStudio.Services.Agent.Tests.Plugin.RepositoryPluginL0.RepositoryPlugin_UpdatePathEvenCheckoutFail" storage="c:\users\ComputerName\src\test\bin\debug\net6\win-x64\test.dll" id="03887b87-3ff9-b2e6-bdfc-8f8fdd1d9089">
      <Execution id="474dd016-39b7-4943-8269-5a1c03dead6f" />
      <TestMethod codeBase="C:\Users\ComputerName\src\Test\bin\Debug\net6\win-x64\Test.dll" adapterTypeName="executor://xunit/VsTestRunner2" className="Microsoft.VisualStudio.Services.Agent.Tests.Plugin.RepositoryPluginL0" name="RepositoryPlugin_UpdatePathEvenCheckoutFail" />
    </UnitTest>
    <UnitTest name="Microsoft.VisualStudio.Services.Agent.Tests.LocStringsL0.FindExtraLocStrings" storage="c:\users\ComputerName\src\test\bin\debug\net6\win-x64\test.dll" id="7e8ae64d-7ffe-3027-07af-ef41b96dcbe9">
      <Execution id="d97d2db4-8d8c-42ac-95e0-016e4216ea38" />
      <TestMethod codeBase="C:\Users\ComputerName\src\Test\bin\Debug\net6\win-x64\Test.dll" adapterTypeName="executor://xunit/VsTestRunner2" className="Microsoft.VisualStudio.Services.Agent.Tests.LocStringsL0" name="FindExtraLocStrings" />
    </UnitTest>
    <UnitTest name="Microsoft.VisualStudio.Services.Agent.Tests.LoggedSecretMaskerL0.LoggedSecretMasker_MaskingSecrets" storage="c:\users\ComputerName\src\test\bin\debug\net6\win-x64\test.dll" id="11b03c0a-f92c-0d3f-18fa-ea8920e03d76">
      <Execution id="703ed1de-fcc3-4804-bbb3-d9bc54c70988" />
      <TestMethod codeBase="C:\Users\ComputerName\src\Test\bin\Debug\net6\win-x64\Test.dll" adapterTypeName="executor://xunit/VsTestRunner2" className="Microsoft.VisualStudio.Services.Agent.Tests.LoggedSecretMaskerL0" name="LoggedSecretMasker_MaskingSecrets" />
    </UnitTest>
    <UnitTest name="Test.L0.Plugin.TestFilePublisher.TestFileFinderL0.TestFileFinder_FindFilesWithEmptyPattern" storage="c:\users\ComputerName\src\test\bin\debug\net6\win-x64\test.dll" id="c3fdde15-21f2-6e82-f24e-8f120d1873e1">
      <Execution id="26eb7201-fc42-4aae-b9c8-d39f6b009583" />
      <TestMethod codeBase="C:\Users\ComputerName\src\Test\bin\Debug\net6\win-x64\Test.dll" adapterTypeName="executor://xunit/VsTestRunner2" className="Test.L0.Plugin.TestFilePublisher.TestFileFinderL0" name="TestFileFinder_FindFilesWithEmptyPattern" />
    </UnitTest>
    <UnitTest name="Microsoft.VisualStudio.Services.Agent.Tests.Listener.UserCapabilitiesProviderTestL0.TestGetCapabilitiesWithoutDotCapabilities" storage="c:\users\ComputerName\src\test\bin\debug\net6\win-x64\test.dll" id="a125acbc-524d-c11c-a3dc-53612a4163f1">
      <Execution id="561c28c1-c979-4c72-85ae-81a9b4dccfb7" />
      <TestMethod codeBase="C:\Users\ComputerName\src\Test\bin\Debug\net6\win-x64\Test.dll" adapterTypeName="executor://xunit/VsTestRunner2" className="Microsoft.VisualStudio.Services.Agent.Tests.Listener.UserCapabilitiesProviderTestL0" name="TestGetCapabilitiesWithoutDotCapabilities" />
    </UnitTest>
    <UnitTest name="Microsoft.VisualStudio.Services.Agent.Tests.Worker.JobRunnerL0.JobExtensionInitializeCancelled" storage="c:\users\ComputerName\src\test\bin\debug\net6\win-x64\test.dll" id="a223b90c-117a-02d9-58ab-8aeb1d2f8304">
      <Execution id="761eca11-a6ce-4917-a49f-a9c9b6ac40ed" />
      <TestMethod codeBase="C:\Users\ComputerName\src\Test\bin\Debug\net6\win-x64\Test.dll" adapterTypeName="executor://xunit/VsTestRunner2" className="Microsoft.VisualStudio.Services.Agent.Tests.Worker.JobRunnerL0" name="JobExtensionInitializeCancelled" />
    </UnitTest>
    <UnitTest name="Microsoft.VisualStudio.Services.Agent.Tests.Worker.AgentPluginManagerL0.RunPluginTaskAsyncThrowsNotsupported" storage="c:\users\ComputerName\src\test\bin\debug\net6\win-x64\test.dll" id="e53745d7-0a1c-5f76-dbdd-b19bd3e50ef1">
      <Execution id="5d9b2c71-6f14-4da6-bb9b-fb828f5c54bf" />
      <TestMethod codeBase="C:\Users\ComputerName\src\Test\bin\Debug\net6\win-x64\Test.dll" adapterTypeName="executor://xunit/VsTestRunner2" className="Microsoft.VisualStudio.Services.Agent.Tests.Worker.AgentPluginManagerL0" name="RunPluginTaskAsyncThrowsNotsupported" />
    </UnitTest>
    <UnitTest name="Microsoft.VisualStudio.Services.Agent.Tests.SecretMaskerL0.IsComplexUrlNotMasked" storage="c:\users\ComputerName\src\test\bin\debug\net6\win-x64\test.dll" id="c8e44992-bc6b-0dc4-3e5d-cca11b6734e1">
      <Execution id="118ff7ba-03e5-4f48-ba0c-542fe9c51b3a" />
      <TestMethod codeBase="C:\Users\ComputerName\src\Test\bin\Debug\net6\win-x64\Test.dll" adapterTypeName="executor://xunit/VsTestRunner2" className="Microsoft.VisualStudio.Services.Agent.Tests.SecretMaskerL0" name="IsComplexUrlNotMasked" />
    </UnitTest>
    <UnitTest name="Test.L0.Listener.Configuration.NativeWindowsServiceHelperL0.EnsureIsManagedServiceAccount_TrueForManagedAccount" storage="c:\users\ComputerName\src\test\bin\debug\net6\win-x64\test.dll" id="4186eeb2-0be9-9bf7-f8cb-ea9d134621df">
      <Execution id="8500b843-614f-4a34-8535-00ccd7519928" />
      <TestMethod codeBase="C:\Users\ComputerName\src\Test\bin\Debug\net6\win-x64\Test.dll" adapterTypeName="executor://xunit/VsTestRunner2" className="Test.L0.Listener.Configuration.NativeWindowsServiceHelperL0" name="EnsureIsManagedServiceAccount_TrueForManagedAccount" />
    </UnitTest>
    <UnitTest name="Test.L0.Plugin.TestResultParser.TestResultLogPluginL0.TestResultLogPlugin_DisableWhenServerTypeNotSet" storage="c:\users\ComputerName\src\test\bin\debug\net6\win-x64\test.dll" id="92b27a5b-9a8a-1f05-2491-702d15e5238d">
      <Execution id="23754ccf-578f-4f47-b1aa-f7fed3658be3" />
      <TestMethod codeBase="C:\Users\ComputerName\src\Test\bin\Debug\net6\win-x64\Test.dll" adapterTypeName="executor://xunit/VsTestRunner2" className="Test.L0.Plugin.TestResultParser.TestResultLogPluginL0" name="TestResultLogPlugin_DisableWhenServerTypeNotSet" />
    </UnitTest>
    <UnitTest name="Microsoft.VisualStudio.Services.Agent.Tests.Listener.PagingLoggerL0.CalculateLineNumbers" storage="c:\users\ComputerName\src\test\bin\debug\net6\win-x64\test.dll" id="fa77511d-61df-97e3-11b0-f30dfc8bdf54">
      <Execution id="f53aacff-1170-489b-989e-58f98b656ddd" />
      <TestMethod codeBase="C:\Users\ComputerName\src\Test\bin\Debug\net6\win-x64\Test.dll" adapterTypeName="executor://xunit/VsTestRunner2" className="Microsoft.VisualStudio.Services.Agent.Tests.Listener.PagingLoggerL0" name="CalculateLineNumbers" />
    </UnitTest>
    <UnitTest name="Microsoft.VisualStudio.Services.Agent.Tests.Listener.PipelineParserL0.BashStep" storage="c:\users\ComputerName\src\test\bin\debug\net6\win-x64\test.dll" id="542db155-155e-3e91-6bb7-9e5bedf70815">
      <Execution id="c10e488a-e582-4eef-8af1-f444d2254735" />
      <TestMethod codeBase="C:\Users\ComputerName\src\Test\bin\Debug\net6\win-x64\Test.dll" adapterTypeName="executor://xunit/VsTestRunner2" className="Microsoft.VisualStudio.Services.Agent.Tests.Listener.PipelineParserL0" name="BashStep" />
    </UnitTest>
    <UnitTest name="Microsoft.VisualStudio.Services.Agent.Tests.Worker.JobExtensionL0.JobExtensionManagementScriptStepMSI" storage="c:\users\ComputerName\src\test\bin\debug\net6\win-x64\test.dll" id="197ea55a-d85b-8d25-83f3-c3189d418c54">
      <Execution id="d3fd0ca9-ed45-4d07-b43e-e96b0571c46f" />
      <TestMethod codeBase="C:\Users\ComputerName\src\Test\bin\Debug\net6\win-x64\Test.dll" adapterTypeName="executor://xunit/VsTestRunner2" className="Microsoft.VisualStudio.Services.Agent.Tests.Worker.JobExtensionL0" name="JobExtensionManagementScriptStepMSI" />
    </UnitTest>
    <UnitTest name="Microsoft.VisualStudio.Services.Agent.Tests.Listener.AgentCapabilitiesProviderTestL0.TestInteractiveSessionCapability" storage="c:\users\ComputerName\src\test\bin\debug\net6\win-x64\test.dll" id="aa97661a-46aa-38b7-aa1d-4ad5e2cf6f54">
      <Execution id="0e4274e3-8a4c-4bd8-a880-e2f9c2c7d516" />
      <TestMethod codeBase="C:\Users\ComputerName\src\Test\bin\Debug\net6\win-x64\Test.dll" adapterTypeName="executor://xunit/VsTestRunner2" className="Microsoft.VisualStudio.Services.Agent.Tests.Listener.AgentCapabilitiesProviderTestL0" name="TestInteractiveSessionCapability" />
    </UnitTest>
    <UnitTest name="Microsoft.VisualStudio.Services.Agent.Tests.Listener.PipelineParserL0.PhaseDeploymentTarget" storage="c:\users\ComputerName\src\test\bin\debug\net6\win-x64\test.dll" id="343858b0-c2f5-a8e4-cc8d-4ff792528bf9">
      <Execution id="12978b88-6aaf-45b4-8846-68c0f158c95b" />
      <TestMethod codeBase="C:\Users\ComputerName\src\Test\bin\Debug\net6\win-x64\Test.dll" adapterTypeName="executor://xunit/VsTestRunner2" className="Microsoft.VisualStudio.Services.Agent.Tests.Listener.PipelineParserL0" name="PhaseDeploymentTarget" />
    </UnitTest>
    <UnitTest name="Microsoft.VisualStudio.Services.Agent.Tests.LogPluginHost.LogPluginHostL0.LogPluginHost_NotInitialized" storage="c:\users\ComputerName\src\test\bin\debug\net6\win-x64\test.dll" id="cf25809e-88f0-a1ec-c2a2-29bca01e094e">
      <Execution id="11ca4f0b-f7c5-4d59-b873-649cdfc8b59d" />
      <TestMethod codeBase="C:\Users\ComputerName\src\Test\bin\Debug\net6\win-x64\Test.dll" adapterTypeName="executor://xunit/VsTestRunner2" className="Microsoft.VisualStudio.Services.Agent.Tests.LogPluginHost.LogPluginHostL0" name="LogPluginHost_NotInitialized" />
    </UnitTest>
    <UnitTest name="Microsoft.VisualStudio.Services.Agent.Tests.Worker.TestResults.NunitResultReaderTests.Nunit_DtdProhibitedXmlShouldReturnNull" storage="c:\users\ComputerName\src\test\bin\debug\net6\win-x64\test.dll" id="e5ad469c-4a8a-b56c-b2d5-aac87749fd04">
      <Execution id="073d8f22-753d-4163-8cb1-9115df1e8ffb" />
      <TestMethod codeBase="C:\Users\ComputerName\src\Test\bin\Debug\net6\win-x64\Test.dll" adapterTypeName="executor://xunit/VsTestRunner2" className="Microsoft.VisualStudio.Services.Agent.Tests.Worker.TestResults.NunitResultReaderTests" name="Nunit_DtdProhibitedXmlShouldReturnNull" />
    </UnitTest>
    <UnitTest name="Microsoft.VisualStudio.Services.Agent.Tests.Worker.ExecutionContextL0.AddIssue_CountWarningsErrors" storage="c:\users\ComputerName\src\test\bin\debug\net6\win-x64\test.dll" id="f581d501-f8c7-d361-7473-412c12c7adbf">
      <Execution id="53f04366-e20c-4858-a4f6-cea3e785097c" />
      <TestMethod codeBase="C:\Users\ComputerName\src\Test\bin\Debug\net6\win-x64\Test.dll" adapterTypeName="executor://xunit/VsTestRunner2" className="Microsoft.VisualStudio.Services.Agent.Tests.Worker.ExecutionContextL0" name="AddIssue_CountWarningsErrors" />
    </UnitTest>
    <UnitTest name="Microsoft.VisualStudio.Services.Agent.Tests.CommandSettingsL0.DeploymentGroupTagsBackCompat" storage="c:\users\ComputerName\src\test\bin\debug\net6\win-x64\test.dll" id="0298c3f7-f571-d33b-dc29-7d86124b7fe0">
      <Execution id="0d066078-fa32-40b3-a5cb-815e3c76a9ab" />
      <TestMethod codeBase="C:\Users\ComputerName\src\Test\bin\Debug\net6\win-x64\Test.dll" adapterTypeName="executor://xunit/VsTestRunner2" className="Microsoft.VisualStudio.Services.Agent.Tests.CommandSettingsL0" name="DeploymentGroupTagsBackCompat" />
    </UnitTest>
    <UnitTest name="Microsoft.VisualStudio.Services.Agent.Tests.CommandSettingsL0.PromptsForAuth" storage="c:\users\ComputerName\src\test\bin\debug\net6\win-x64\test.dll" id="c7dc6483-5269-db5c-6122-ec9b97ef2675">
      <Execution id="4d6e53db-9469-4aae-854b-d575c457ef98" />
      <TestMethod codeBase="C:\Users\ComputerName\src\Test\bin\Debug\net6\win-x64\Test.dll" adapterTypeName="executor://xunit/VsTestRunner2" className="Microsoft.VisualStudio.Services.Agent.Tests.CommandSettingsL0" name="PromptsForAuth" />
    </UnitTest>
    <UnitTest name="Microsoft.VisualStudio.Services.Agent.Tests.SecretMaskerL0.SecretMaskerTests_ReplacesOverlappingSecrets" storage="c:\users\ComputerName\src\test\bin\debug\net6\win-x64\test.dll" id="1706162b-ebd7-4ec5-e9dc-f2246d022dfd">
      <Execution id="0eeb1804-2867-44de-9725-4d9e4e78fb0b" />
      <TestMethod codeBase="C:\Users\ComputerName\src\Test\bin\Debug\net6\win-x64\Test.dll" adapterTypeName="executor://xunit/VsTestRunner2" className="Microsoft.VisualStudio.Services.Agent.Tests.SecretMaskerL0" name="SecretMaskerTests_ReplacesOverlappingSecrets" />
    </UnitTest>
    <UnitTest name="Microsoft.VisualStudio.Services.Agent.Tests.SecretMaskerL0.IsUserInfoWithEncodedAndEscapedCharactersdInNameMaskedCorrectly" storage="c:\users\ComputerName\src\test\bin\debug\net6\win-x64\test.dll" id="ecbc130c-20dc-caa5-1bff-7d91ef165ed0">
      <Execution id="48f2195b-9f3a-4da6-9387-1ecc27cf65b9" />
      <TestMethod codeBase="C:\Users\ComputerName\src\Test\bin\Debug\net6\win-x64\Test.dll" adapterTypeName="executor://xunit/VsTestRunner2" className="Microsoft.VisualStudio.Services.Agent.Tests.SecretMaskerL0" name="IsUserInfoWithEncodedAndEscapedCharactersdInNameMaskedCorrectly" />
    </UnitTest>
    <UnitTest name="Microsoft.VisualStudio.Services.Agent.Tests.Util.StringUtilL0.DeactivateVsoCommandsFromStringTest(input: &quot;echo \&quot;##vso[task.setvariable variable=testVar]a\&quot;&quot;, expected: &quot;echo \&quot;**vso[task.setvariable variable=testVar]a\&quot;&quot;)" storage="c:\users\ComputerName\src\test\bin\debug\net6\win-x64\test.dll" id="c1267492-bcdc-62e1-2a16-f2a5fd59c4b1">
      <Execution id="8601b4a7-a178-424a-b1cc-4a2807c83890" />
      <TestMethod codeBase="C:\Users\ComputerName\src\Test\bin\Debug\net6\win-x64\Test.dll" adapterTypeName="executor://xunit/VsTestRunner2" className="Microsoft.VisualStudio.Services.Agent.Tests.Util.StringUtilL0" name="DeactivateVsoCommandsFromStringTest (e2df030fdca35e4a6e2ceb5be97b91e769590ce6)" />
    </UnitTest>
    <UnitTest name="Microsoft.VisualStudio.Services.Agent.Tests.CommandSettingsL0.PromptsForUrl" storage="c:\users\ComputerName\src\test\bin\debug\net6\win-x64\test.dll" id="f4d1b78b-8bd5-1d4d-0934-aaffa0b5500e">
      <Execution id="6cf9973e-1854-44a6-9125-157a43077048" />
      <TestMethod codeBase="C:\Users\ComputerName\src\Test\bin\Debug\net6\win-x64\Test.dll" adapterTypeName="executor://xunit/VsTestRunner2" className="Microsoft.VisualStudio.Services.Agent.Tests.CommandSettingsL0" name="PromptsForUrl" />
    </UnitTest>
    <UnitTest name="Microsoft.VisualStudio.Services.Agent.Tests.L0.Util.WindowsProcessUtilL0.Test_GetProcessList(useInteropToFindParentProcess: True)" storage="c:\users\ComputerName\src\test\bin\debug\net6\win-x64\test.dll" id="20930945-8802-076d-9799-b67ce40e65f4">
      <Execution id="30e77c5b-fe57-4079-9d24-c17906483241" />
      <TestMethod codeBase="C:\Users\ComputerName\src\Test\bin\Debug\net6\win-x64\Test.dll" adapterTypeName="executor://xunit/VsTestRunner2" className="Microsoft.VisualStudio.Services.Agent.Tests.L0.Util.WindowsProcessUtilL0" name="Test_GetProcessList (cb117896bc86c62d09dccaa3ed78b6dbf62272cd)" />
    </UnitTest>
    <UnitTest name="Microsoft.VisualStudio.Services.Agent.Tests.Worker.AgentPluginManagerL0.GeneratePluginExecutionContextContainerInfoTest" storage="c:\users\ComputerName\src\test\bin\debug\net6\win-x64\test.dll" id="d2305e7a-f8ca-aaef-874c-269d24ef07fb">
      <Execution id="0cc63f73-c978-4561-98a0-8bd35faa31ef" />
      <TestMethod codeBase="C:\Users\ComputerName\src\Test\bin\Debug\net6\win-x64\Test.dll" adapterTypeName="executor://xunit/VsTestRunner2" className="Microsoft.VisualStudio.Services.Agent.Tests.Worker.AgentPluginManagerL0" name="GeneratePluginExecutionContextContainerInfoTest" />
    </UnitTest>
    <UnitTest name="Microsoft.VisualStudio.Services.Agent.Tests.LocStringsL0.IsNotMissingCommonLocStrings" storage="c:\users\ComputerName\src\test\bin\debug\net6\win-x64\test.dll" id="0f8ae9ed-45ab-45d9-79d2-45d1212f0253">
      <Execution id="dd1bbdff-909e-4a9f-a4a0-7e0d7be129e2" />
      <TestMethod codeBase="C:\Users\ComputerName\src\Test\bin\Debug\net6\win-x64\Test.dll" adapterTypeName="executor://xunit/VsTestRunner2" className="Microsoft.VisualStudio.Services.Agent.Tests.LocStringsL0" name="IsNotMissingCommonLocStrings" />
    </UnitTest>
    <UnitTest name="Microsoft.VisualStudio.Services.Agent.Tests.Worker.Results.CTestResultReaderTests.VerifyTestRunTimeIsSetToUTCTime" storage="c:\users\ComputerName\src\test\bin\debug\net6\win-x64\test.dll" id="37b7b432-be9f-5b55-2b99-243f6fc22508">
      <Execution id="7029c88b-f5e1-447f-b9b1-a534fc66cbf5" />
      <TestMethod codeBase="C:\Users\ComputerName\src\Test\bin\Debug\net6\win-x64\Test.dll" adapterTypeName="executor://xunit/VsTestRunner2" className="Microsoft.VisualStudio.Services.Agent.Tests.Worker.Results.CTestResultReaderTests" name="VerifyTestRunTimeIsSetToUTCTime" />
    </UnitTest>
    <UnitTest name="Microsoft.VisualStudio.Services.Agent.Tests.Worker.Build.GitSourceProviderL0.GetSourcePreferFeatureVariables" storage="c:\users\ComputerName\src\test\bin\debug\net6\win-x64\test.dll" id="e8bc1228-9346-dd0f-cbba-35f9d1e7f682">
      <Execution id="d9df25f1-9e80-4e25-8e29-fafcd61a9569" />
      <TestMethod codeBase="C:\Users\ComputerName\src\Test\bin\Debug\net6\win-x64\Test.dll" adapterTypeName="executor://xunit/VsTestRunner2" className="Microsoft.VisualStudio.Services.Agent.Tests.Worker.Build.GitSourceProviderL0" name="GetSourcePreferFeatureVariables" />
    </UnitTest>
    <UnitTest name="Microsoft.VisualStudio.Services.Agent.Tests.CommandSettingsL0.PromptsForDeploymentGroupTags" storage="c:\users\ComputerName\src\test\bin\debug\net6\win-x64\test.dll" id="855bbf07-e805-a65c-fc9d-3fcb9dcf3174">
      <Execution id="30c35209-252d-483d-bcac-fe31fc29caf0" />
      <TestMethod codeBase="C:\Users\ComputerName\src\Test\bin\Debug\net6\win-x64\Test.dll" adapterTypeName="executor://xunit/VsTestRunner2" className="Microsoft.VisualStudio.Services.Agent.Tests.CommandSettingsL0" name="PromptsForDeploymentGroupTags" />
    </UnitTest>
    <UnitTest name="Microsoft.VisualStudio.Services.Agent.Tests.Util.UrlUtilL0.GetCredentialEmbeddedUrl_NoUsernameAndPassword" storage="c:\users\ComputerName\src\test\bin\debug\net6\win-x64\test.dll" id="fdf2a2b3-ee68-46e0-ede2-9510a1b10062">
      <Execution id="6afad322-75be-4c47-b5b9-8380a8200027" />
      <TestMethod codeBase="C:\Users\ComputerName\src\Test\bin\Debug\net6\win-x64\Test.dll" adapterTypeName="executor://xunit/VsTestRunner2" className="Microsoft.VisualStudio.Services.Agent.Tests.Util.UrlUtilL0" name="GetCredentialEmbeddedUrl_NoUsernameAndPassword" />
    </UnitTest>
    <UnitTest name="Microsoft.VisualStudio.Services.Agent.Tests.Worker.CodeCoverage.CoberturaSummaryReaderTests.VerifyWrongXmlFile" storage="c:\users\ComputerName\src\test\bin\debug\net6\win-x64\test.dll" id="2ed5f705-7b36-aa00-7f29-75be7f4f9ed9">
      <Execution id="508a2a0d-c0bc-4fc9-ba13-a3b78a765a2a" />
      <TestMethod codeBase="C:\Users\ComputerName\src\Test\bin\Debug\net6\win-x64\Test.dll" adapterTypeName="executor://xunit/VsTestRunner2" className="Microsoft.VisualStudio.Services.Agent.Tests.Worker.CodeCoverage.CoberturaSummaryReaderTests" name="VerifyWrongXmlFile" />
    </UnitTest>
    <UnitTest name="Test.L0.Plugin.TestResultParser.LogPreProcessorL0.LogPreProcessorRemovesSectionLines" storage="c:\users\ComputerName\src\test\bin\debug\net6\win-x64\test.dll" id="133fcf73-a75d-30b6-39ef-ba1a4ac01df6">
      <Execution id="ae645bb8-6940-450c-8440-0aa254a0ab8f" />
      <TestMethod codeBase="C:\Users\ComputerName\src\Test\bin\Debug\net6\win-x64\Test.dll" adapterTypeName="executor://xunit/VsTestRunner2" className="Test.L0.Plugin.TestResultParser.LogPreProcessorL0" name="LogPreProcessorRemovesSectionLines" />
    </UnitTest>
    <UnitTest name="Microsoft.VisualStudio.Services.Agent.Tests.PipelineCaching.TarUtilsL0.UnavailableProcessDependency_ThrowsNiceError" storage="c:\users\ComputerName\src\test\bin\debug\net6\win-x64\test.dll" id="0a2e7275-3d9d-0d18-19ea-9940a375e003">
      <Execution id="137d7c88-2cf4-4980-99e7-5240a3b6c208" />
      <TestMethod codeBase="C:\Users\ComputerName\src\Test\bin\Debug\net6\win-x64\Test.dll" adapterTypeName="executor://xunit/VsTestRunner2" className="Microsoft.VisualStudio.Services.Agent.Tests.PipelineCaching.TarUtilsL0" name="UnavailableProcessDependency_ThrowsNiceError" />
    </UnitTest>
    <UnitTest name="Microsoft.VisualStudio.Services.Agent.Tests.Worker.TestResults.TrxReaderTests.VerifyRunLevelResultsFilePresentByDefault" storage="c:\users\ComputerName\src\test\bin\debug\net6\win-x64\test.dll" id="7ea7461f-c21b-e54b-fe18-704ea619dad7">
      <Execution id="8fae296f-0047-4c49-9e38-71f37cda4660" />
      <TestMethod codeBase="C:\Users\ComputerName\src\Test\bin\Debug\net6\win-x64\Test.dll" adapterTypeName="executor://xunit/VsTestRunner2" className="Microsoft.VisualStudio.Services.Agent.Tests.Worker.TestResults.TrxReaderTests" name="VerifyRunLevelResultsFilePresentByDefault" />
    </UnitTest>
    <UnitTest name="Microsoft.VisualStudio.Services.Agent.Tests.SecretMaskerL0.SecretMaskerTests_MinLengthSetThroughPropertySetTwice" storage="c:\users\ComputerName\src\test\bin\debug\net6\win-x64\test.dll" id="6c022ab1-5f56-e7e3-a8ce-02a0cb3b659f">
      <Execution id="b40353e8-dc17-43aa-b29d-2cd7544785ec" />
      <TestMethod codeBase="C:\Users\ComputerName\src\Test\bin\Debug\net6\win-x64\Test.dll" adapterTypeName="executor://xunit/VsTestRunner2" className="Microsoft.VisualStudio.Services.Agent.Tests.SecretMaskerL0" name="SecretMaskerTests_MinLengthSetThroughPropertySetTwice" />
    </UnitTest>
    <UnitTest name="Microsoft.VisualStudio.Services.Agent.Tests.Worker.Container.ContainerInfoL0.MountVolumeConstructorParsesStringInput" storage="c:\users\ComputerName\src\test\bin\debug\net6\win-x64\test.dll" id="b9fd3b22-8e1d-84f3-9620-6ffe8beed473">
      <Execution id="1c5fa3da-b7b2-419b-921a-9ee50fb618f4" />
      <TestMethod codeBase="C:\Users\ComputerName\src\Test\bin\Debug\net6\win-x64\Test.dll" adapterTypeName="executor://xunit/VsTestRunner2" className="Microsoft.VisualStudio.Services.Agent.Tests.Worker.Container.ContainerInfoL0" name="MountVolumeConstructorParsesStringInput" />
    </UnitTest>
    <UnitTest name="Microsoft.VisualStudio.Services.Agent.Tests.TestFileContainerProviderL0.TestGettingArtifactItemsWithMinimatchPattern(pttrn: [&quot;**&quot;], count: 7, expectedPaths: [&quot;ArtifactForTest&quot;, &quot;ArtifactForTest/File1.txt&quot;, &quot;ArtifactForTest/Folder1&quot;, &quot;ArtifactForTest/Folder1/File2.txt&quot;, &quot;ArtifactForTest/Folder1/File21.txt&quot;, ...])" storage="c:\users\ComputerName\src\test\bin\debug\net6\win-x64\test.dll" id="2160d9de-ad26-4a25-319f-7412c4ec02bb">
      <Execution id="54edf5ae-f344-4d2d-b048-335a4d3c9f36" />
      <TestMethod codeBase="C:\Users\ComputerName\src\Test\bin\Debug\net6\win-x64\Test.dll" adapterTypeName="executor://xunit/VsTestRunner2" className="Microsoft.VisualStudio.Services.Agent.Tests.TestFileContainerProviderL0" name="TestGettingArtifactItemsWithMinimatchPattern (fe564ff3d58f1d548fd131e6c5283ed4eed44dfb)" />
    </UnitTest>
    <UnitTest name="Microsoft.VisualStudio.Services.Agent.Tests.Worker.Build.TrackingConfigHashAlgorithmL0.ComputeHash_with_multi_repos_should_return_correct_hash" storage="c:\users\ComputerName\src\test\bin\debug\net6\win-x64\test.dll" id="841874ab-db4d-8460-23ab-80891dfadcba">
      <Execution id="7fbf93b7-a677-4cfa-8882-b8b623c5a096" />
      <TestMethod codeBase="C:\Users\ComputerName\src\Test\bin\Debug\net6\win-x64\Test.dll" adapterTypeName="executor://xunit/VsTestRunner2" className="Microsoft.VisualStudio.Services.Agent.Tests.Worker.Build.TrackingConfigHashAlgorithmL0" name="ComputeHash_with_multi_repos_should_return_correct_hash" />
    </UnitTest>
    <UnitTest name="Microsoft.VisualStudio.Services.Agent.Tests.Worker.Build.TfsVCSourceProvider_WorkspaceUtilL0.DoesNotMatch_Map_SingleLevel" storage="c:\users\ComputerName\src\test\bin\debug\net6\win-x64\test.dll" id="5e8e9609-df55-a538-abe6-cccc1ddc9ac5">
      <Execution id="6c71d11a-e748-4899-b83a-e310e1c49511" />
      <TestMethod codeBase="C:\Users\ComputerName\src\Test\bin\Debug\net6\win-x64\Test.dll" adapterTypeName="executor://xunit/VsTestRunner2" className="Microsoft.VisualStudio.Services.Agent.Tests.Worker.Build.TfsVCSourceProvider_WorkspaceUtilL0" name="DoesNotMatch_Map_SingleLevel" />
    </UnitTest>
    <UnitTest name="Microsoft.VisualStudio.Services.Agent.Tests.Worker.JobExtensionL0.JobExtensionManagementScriptStep" storage="c:\users\ComputerName\src\test\bin\debug\net6\win-x64\test.dll" id="61707ed7-8e66-66a4-b75b-9fbdde682922">
      <Execution id="0a3760dc-6c7f-4465-a224-564e4c400aeb" />
      <TestMethod codeBase="C:\Users\ComputerName\src\Test\bin\Debug\net6\win-x64\Test.dll" adapterTypeName="executor://xunit/VsTestRunner2" className="Microsoft.VisualStudio.Services.Agent.Tests.Worker.JobExtensionL0" name="JobExtensionManagementScriptStep" />
    </UnitTest>
    <UnitTest name="Microsoft.VisualStudio.Services.Agent.Tests.Util.IOUtilL0.DeleteDirectory_DeletesReadOnlyRootDirectory" storage="c:\users\ComputerName\src\test\bin\debug\net6\win-x64\test.dll" id="e168f995-bdac-4e1e-1ce9-9afb993f5c23">
      <Execution id="0d314ced-4601-4a89-8c67-4b9cf7d7a370" />
      <TestMethod codeBase="C:\Users\ComputerName\src\Test\bin\Debug\net6\win-x64\Test.dll" adapterTypeName="executor://xunit/VsTestRunner2" className="Microsoft.VisualStudio.Services.Agent.Tests.Util.IOUtilL0" name="DeleteDirectory_DeletesReadOnlyRootDirectory" />
    </UnitTest>
    <UnitTest name="Test.L0.Worker.Handlers.ProcessHandlerHelperL0.ArgsValidation_Passes(inputArgs: &quot;1 %var%&quot;, envVarValue: &quot;2&quot;)" storage="c:\users\ComputerName\src\test\bin\debug\net6\win-x64\test.dll" id="71a3bba1-a17e-6192-7f8d-9a4077362808">
      <Execution id="51c4e81c-6457-4e54-8e18-85719439b4e5" />
      <TestMethod codeBase="C:\Users\ComputerName\src\Test\bin\Debug\net6\win-x64\Test.dll" adapterTypeName="executor://xunit/VsTestRunner2" className="Test.L0.Worker.Handlers.ProcessHandlerHelperL0" name="ArgsValidation_Passes (fbddf4c54527ef640a7aa2c895569456ce34e253)" />
    </UnitTest>
    <UnitTest name="Microsoft.VisualStudio.Services.Agent.Tests.HostContextL0.UrlSecretsAreMasked(input: &quot;ftp://user:pass@example.com/path&quot;, expected: &quot;ftp://user:***@example.com/path&quot;)" storage="c:\users\ComputerName\src\test\bin\debug\net6\win-x64\test.dll" id="5112593e-0346-edf8-03e7-75e336a4181e">
      <Execution id="c56f86eb-84fd-41d9-a950-899e175a4654" />
      <TestMethod codeBase="C:\Users\ComputerName\src\Test\bin\Debug\net6\win-x64\Test.dll" adapterTypeName="executor://xunit/VsTestRunner2" className="Microsoft.VisualStudio.Services.Agent.Tests.HostContextL0" name="UrlSecretsAreMasked (d92b32477f2c48224ac41e85e2e61eaf80084869)" />
    </UnitTest>
    <UnitTest name="Microsoft.VisualStudio.Services.Agent.Tests.Worker.Build.TrackingConfigHashAlgorithmL0.ComputeHash_returns_correct_hash" storage="c:\users\ComputerName\src\test\bin\debug\net6\win-x64\test.dll" id="4c5cf024-f633-2f66-09b5-bb24536c3835">
      <Execution id="1f4b1885-6988-4b3a-a7e3-13401a8b9cc5" />
      <TestMethod codeBase="C:\Users\ComputerName\src\Test\bin\Debug\net6\win-x64\Test.dll" adapterTypeName="executor://xunit/VsTestRunner2" className="Microsoft.VisualStudio.Services.Agent.Tests.Worker.Build.TrackingConfigHashAlgorithmL0" name="ComputeHash_returns_correct_hash" />
    </UnitTest>
    <UnitTest name="Test.L0.Plugin.TestFilePublisher.TestFilePublisherLogPluginL0.TestFilePublisherLogPlugin_DisableWhenServerTypeNotSet" storage="c:\users\ComputerName\src\test\bin\debug\net6\win-x64\test.dll" id="c97105d8-2d39-269a-ebdd-2c31217df78c">
      <Execution id="ff3681cd-39e4-4cd2-91e3-096b324d1851" />
      <TestMethod codeBase="C:\Users\ComputerName\src\Test\bin\Debug\net6\win-x64\Test.dll" adapterTypeName="executor://xunit/VsTestRunner2" className="Test.L0.Plugin.TestFilePublisher.TestFilePublisherLogPluginL0" name="TestFilePublisherLogPlugin_DisableWhenServerTypeNotSet" />
    </UnitTest>
    <UnitTest name="Microsoft.VisualStudio.Services.Agent.Tests.Worker.VariablesL0.Set_CannotConvertASecretValueIntoAPublicValue" storage="c:\users\ComputerName\src\test\bin\debug\net6\win-x64\test.dll" id="6f767675-5bbf-ee4d-f9e5-fdfcf19b0330">
      <Execution id="22c2b718-39c6-4d10-beda-56d90ae3131c" />
      <TestMethod codeBase="C:\Users\ComputerName\src\Test\bin\Debug\net6\win-x64\Test.dll" adapterTypeName="executor://xunit/VsTestRunner2" className="Microsoft.VisualStudio.Services.Agent.Tests.Worker.VariablesL0" name="Set_CannotConvertASecretValueIntoAPublicValue" />
    </UnitTest>
    <UnitTest name="Microsoft.VisualStudio.Services.Agent.Tests.SecretMaskerL0.IsUserInfoWithLongPasswordAndNameMaskedCorrectly" storage="c:\users\ComputerName\src\test\bin\debug\net6\win-x64\test.dll" id="8ea8331b-101a-dad6-5051-c2278596f3cf">
      <Execution id="691d814f-6a4a-4daa-9c13-a5d3c688b561" />
      <TestMethod codeBase="C:\Users\ComputerName\src\Test\bin\Debug\net6\win-x64\Test.dll" adapterTypeName="executor://xunit/VsTestRunner2" className="Microsoft.VisualStudio.Services.Agent.Tests.SecretMaskerL0" name="IsUserInfoWithLongPasswordAndNameMaskedCorrectly" />
    </UnitTest>
    <UnitTest name="Microsoft.VisualStudio.Services.Agent.Tests.Listener.PagingLoggerL0.ShipEmptyLog" storage="c:\users\ComputerName\src\test\bin\debug\net6\win-x64\test.dll" id="39d8b43e-0bb8-7765-b5bc-f5b02b237365">
      <Execution id="f5b61d70-5c51-4e15-8f6e-056939c947df" />
      <TestMethod codeBase="C:\Users\ComputerName\src\Test\bin\Debug\net6\win-x64\Test.dll" adapterTypeName="executor://xunit/VsTestRunner2" className="Microsoft.VisualStudio.Services.Agent.Tests.Listener.PagingLoggerL0" name="ShipEmptyLog" />
    </UnitTest>
    <UnitTest name="Microsoft.VisualStudio.Services.Agent.Tests.Listener.Configuration.ConfigurationManagerL0.CanEnsureConfigureForDeploymentPool" storage="c:\users\ComputerName\src\test\bin\debug\net6\win-x64\test.dll" id="288820f8-6f2f-467f-2366-7683ab9d9aff">
      <Execution id="8ffa8a8a-2b60-45a9-b243-80e7cf89d33f" />
      <TestMethod codeBase="C:\Users\ComputerName\src\Test\bin\Debug\net6\win-x64\Test.dll" adapterTypeName="executor://xunit/VsTestRunner2" className="Microsoft.VisualStudio.Services.Agent.Tests.Listener.Configuration.ConfigurationManagerL0" name="CanEnsureConfigureForDeploymentPool" />
    </UnitTest>
    <UnitTest name="Test.L0.Worker.Handlers.ProcessHandlerHelperTelemetryL0.NotClosedQuotes_Ignore_if_no_envVar" storage="c:\users\ComputerName\src\test\bin\debug\net6\win-x64\test.dll" id="ccad8190-b526-f766-624d-f421bf9c052e">
      <Execution id="a006925e-f63f-427d-bd99-ebfb2adbef3d" />
      <TestMethod codeBase="C:\Users\ComputerName\src\Test\bin\Debug\net6\win-x64\Test.dll" adapterTypeName="executor://xunit/VsTestRunner2" className="Test.L0.Worker.Handlers.ProcessHandlerHelperTelemetryL0" name="NotClosedQuotes_Ignore_if_no_envVar" />
    </UnitTest>
    <UnitTest name="Microsoft.VisualStudio.Services.Agent.Tests.Worker.TestResults.ResultsCommandTests.Publish_DataIsHonoredWhenTestResultsFieldIsNotSpecified" storage="c:\users\ComputerName\src\test\bin\debug\net6\win-x64\test.dll" id="c58aa354-a5c0-fc8a-1fbe-143c888239d5">
      <Execution id="87b2a868-5078-490e-8220-66746f545794" />
      <TestMethod codeBase="C:\Users\ComputerName\src\Test\bin\Debug\net6\win-x64\Test.dll" adapterTypeName="executor://xunit/VsTestRunner2" className="Microsoft.VisualStudio.Services.Agent.Tests.Worker.TestResults.ResultsCommandTests" name="Publish_DataIsHonoredWhenTestResultsFieldIsNotSpecified" />
    </UnitTest>
    <UnitTest name="Microsoft.VisualStudio.Services.Agent.Tests.CommandSettingsL0.GetsCommandIsRunWithFlag" storage="c:\users\ComputerName\src\test\bin\debug\net6\win-x64\test.dll" id="03603fa0-31b8-4ecd-97a0-0575ace7bdb7">
      <Execution id="fd1807a4-184e-4f8e-8e48-7cb629104eb4" />
      <TestMethod codeBase="C:\Users\ComputerName\src\Test\bin\Debug\net6\win-x64\Test.dll" adapterTypeName="executor://xunit/VsTestRunner2" className="Microsoft.VisualStudio.Services.Agent.Tests.CommandSettingsL0" name="GetsCommandIsRunWithFlag" />
    </UnitTest>
    <UnitTest name="Microsoft.VisualStudio.Services.Agent.Tests.Util.RepositoryUtilL0.GetCloneDirectory_STRING_should_return_proper_value_when_called" storage="c:\users\ComputerName\src\test\bin\debug\net6\win-x64\test.dll" id="672133f4-1ed2-77ac-13c9-85f4ed1c4fa9">
      <Execution id="44287fe8-f8ee-4c3f-98f3-5c9eb046fedd" />
      <TestMethod codeBase="C:\Users\ComputerName\src\Test\bin\Debug\net6\win-x64\Test.dll" adapterTypeName="executor://xunit/VsTestRunner2" className="Microsoft.VisualStudio.Services.Agent.Tests.Util.RepositoryUtilL0" name="GetCloneDirectory_STRING_should_return_proper_value_when_called" />
    </UnitTest>
    <UnitTest name="Microsoft.VisualStudio.Services.Agent.Tests.Listener.JobDispatcherL0.DispatcherRenewJobRequestFirstRenewRetrySixTimes" storage="c:\users\ComputerName\src\test\bin\debug\net6\win-x64\test.dll" id="7bc11ba3-abc8-8e71-6c0c-e22e8de07c46">
      <Execution id="d6da424e-e7d3-4100-b7ba-542b1addfe30" />
      <TestMethod codeBase="C:\Users\ComputerName\src\Test\bin\Debug\net6\win-x64\Test.dll" adapterTypeName="executor://xunit/VsTestRunner2" className="Microsoft.VisualStudio.Services.Agent.Tests.Listener.JobDispatcherL0" name="DispatcherRenewJobRequestFirstRenewRetrySixTimes" />
    </UnitTest>
    <UnitTest name="Microsoft.VisualStudio.Services.Agent.Tests.Util.IOUtilL0.DeleteFile_DeletesWithRetry_CancellationRequested" storage="c:\users\ComputerName\src\test\bin\debug\net6\win-x64\test.dll" id="7a119e0b-a846-293b-165c-9b60b19a40e2">
      <Execution id="9947d155-1eb5-440f-a4bf-cfebf847c6f9" />
      <TestMethod codeBase="C:\Users\ComputerName\src\Test\bin\Debug\net6\win-x64\Test.dll" adapterTypeName="executor://xunit/VsTestRunner2" className="Microsoft.VisualStudio.Services.Agent.Tests.Util.IOUtilL0" name="DeleteFile_DeletesWithRetry_CancellationRequested" />
    </UnitTest>
    <UnitTest name="Test.L0.Plugin.TestFilePublisher.TestFilePublisherLogPluginL0.TestFilePublisherLogPlugin_DisableForNonResolvableSearchFolders" storage="c:\users\ComputerName\src\test\bin\debug\net6\win-x64\test.dll" id="8fd9009d-f5ca-326f-6dec-ac5cfb3e3702">
      <Execution id="2b580902-35ad-441a-99c9-258690cc03fd" />
      <TestMethod codeBase="C:\Users\ComputerName\src\Test\bin\Debug\net6\win-x64\Test.dll" adapterTypeName="executor://xunit/VsTestRunner2" className="Test.L0.Plugin.TestFilePublisher.TestFilePublisherLogPluginL0" name="TestFilePublisherLogPlugin_DisableForNonResolvableSearchFolders" />
    </UnitTest>
    <UnitTest name="Microsoft.VisualStudio.Services.Agent.Tests.Util.StringUtilL0.FormatHandlesFormatException" storage="c:\users\ComputerName\src\test\bin\debug\net6\win-x64\test.dll" id="5a32e34c-62e5-fbbc-e29e-bb9a0bafc6ac">
      <Execution id="9d44a900-8b50-4688-996c-1236226952a1" />
      <TestMethod codeBase="C:\Users\ComputerName\src\Test\bin\Debug\net6\win-x64\Test.dll" adapterTypeName="executor://xunit/VsTestRunner2" className="Microsoft.VisualStudio.Services.Agent.Tests.Util.StringUtilL0" name="FormatHandlesFormatException" />
    </UnitTest>
    <UnitTest name="Microsoft.VisualStudio.Services.Agent.Tests.NodeHandlerL0.UseNodeForNodeHandlerEnvVarNotSet" storage="c:\users\ComputerName\src\test\bin\debug\net6\win-x64\test.dll" id="6d4fce48-ab7b-fc1e-1c39-36ab9d9757b1">
      <Execution id="3b4c364d-5951-475e-b61a-bbef72714f30" />
      <TestMethod codeBase="C:\Users\ComputerName\src\Test\bin\Debug\net6\win-x64\Test.dll" adapterTypeName="executor://xunit/VsTestRunner2" className="Microsoft.VisualStudio.Services.Agent.Tests.NodeHandlerL0" name="UseNodeForNodeHandlerEnvVarNotSet" />
    </UnitTest>
    <UnitTest name="Microsoft.VisualStudio.Services.Agent.Tests.Worker.Telemetry.TelemetryCommandExtensionTests.PublishTelemetryWithoutArea" storage="c:\users\ComputerName\src\test\bin\debug\net6\win-x64\test.dll" id="8e4daf64-5177-83bf-566a-e2124b72e1fc">
      <Execution id="7f75d6cb-fdb0-48fc-9499-b08db9072ee0" />
      <TestMethod codeBase="C:\Users\ComputerName\src\Test\bin\Debug\net6\win-x64\Test.dll" adapterTypeName="executor://xunit/VsTestRunner2" className="Microsoft.VisualStudio.Services.Agent.Tests.Worker.Telemetry.TelemetryCommandExtensionTests" name="PublishTelemetryWithoutArea" />
    </UnitTest>
    <UnitTest name="Microsoft.VisualStudio.Services.Agent.Tests.Plugin.RepositoryPluginL0.RepositoryPlugin_PathInputMoveFolder" storage="c:\users\ComputerName\src\test\bin\debug\net6\win-x64\test.dll" id="cb9d015c-699c-020a-59ac-c9fe6d1c6b54">
      <Execution id="3bc481a1-cdda-47be-8a96-15189ad8140a" />
      <TestMethod codeBase="C:\Users\ComputerName\src\Test\bin\Debug\net6\win-x64\Test.dll" adapterTypeName="executor://xunit/VsTestRunner2" className="Microsoft.VisualStudio.Services.Agent.Tests.Plugin.RepositoryPluginL0" name="RepositoryPlugin_PathInputMoveFolder" />
    </UnitTest>
    <UnitTest name="Microsoft.VisualStudio.Services.Agent.Tests.Worker.CodeCoverage.CodeCoverageCommandExtensionTests.Publish_CoberturaNewIndexFile" storage="c:\users\ComputerName\src\test\bin\debug\net6\win-x64\test.dll" id="a891cefe-e178-dea0-b33d-a39ac32a87cb">
      <Execution id="2cb05e1f-85fd-4b63-adb6-f82ebfeed2ee" />
      <TestMethod codeBase="C:\Users\ComputerName\src\Test\bin\Debug\net6\win-x64\Test.dll" adapterTypeName="executor://xunit/VsTestRunner2" className="Microsoft.VisualStudio.Services.Agent.Tests.Worker.CodeCoverage.CodeCoverageCommandExtensionTests" name="Publish_CoberturaNewIndexFile" />
    </UnitTest>
    <UnitTest name="Microsoft.VisualStudio.Services.Agent.Tests.Util.RepositoryUtilL0.GetTriggeringRepository_should_return_correct_value_when_called" storage="c:\users\ComputerName\src\test\bin\debug\net6\win-x64\test.dll" id="3b7c31df-af5f-466b-021f-d9e072defa23">
      <Execution id="2c4c5760-b8b3-4e7e-8ecb-44f6a5d07159" />
      <TestMethod codeBase="C:\Users\ComputerName\src\Test\bin\Debug\net6\win-x64\Test.dll" adapterTypeName="executor://xunit/VsTestRunner2" className="Microsoft.VisualStudio.Services.Agent.Tests.Util.RepositoryUtilL0" name="GetTriggeringRepository_should_return_correct_value_when_called" />
    </UnitTest>
    <UnitTest name="Microsoft.VisualStudio.Services.Agent.Tests.Util.StringUtilL0.DeactivateVsoCommandsFromStringTest(input: &quot;##vso[] a&quot;, expected: &quot;**vso[] a&quot;)" storage="c:\users\ComputerName\src\test\bin\debug\net6\win-x64\test.dll" id="c1ffc5d2-6143-fe06-2586-f4ee7dfe4422">
      <Execution id="a46499ce-ee1f-40d8-b774-e31e2885e9f9" />
      <TestMethod codeBase="C:\Users\ComputerName\src\Test\bin\Debug\net6\win-x64\Test.dll" adapterTypeName="executor://xunit/VsTestRunner2" className="Microsoft.VisualStudio.Services.Agent.Tests.Util.StringUtilL0" name="DeactivateVsoCommandsFromStringTest (70285581a42b7ab6400dd7979e3585052618ab20)" />
    </UnitTest>
    <UnitTest name="Microsoft.VisualStudio.Services.Agent.Tests.Worker.TestResults.NunitResultReaderTests.VerifyTestCaseStartDate" storage="c:\users\ComputerName\src\test\bin\debug\net6\win-x64\test.dll" id="e5be26c6-2959-e11b-1359-7e7dd7f3e1b6">
      <Execution id="00852b98-a102-49f9-8dc4-1cfcef763fe9" />
      <TestMethod codeBase="C:\Users\ComputerName\src\Test\bin\Debug\net6\win-x64\Test.dll" adapterTypeName="executor://xunit/VsTestRunner2" className="Microsoft.VisualStudio.Services.Agent.Tests.Worker.TestResults.NunitResultReaderTests" name="VerifyTestCaseStartDate" />
    </UnitTest>
    <UnitTest name="Microsoft.VisualStudio.Services.Agent.Tests.Worker.Results.CTestResultReaderTests.ResultsWithoutMandatoryFieldsAreSkippedCTest" storage="c:\users\ComputerName\src\test\bin\debug\net6\win-x64\test.dll" id="73be1a2f-068c-f45c-623a-791da701ffbc">
      <Execution id="a22f74fc-c6da-4d1a-b615-5ef1a19d7fbb" />
      <TestMethod codeBase="C:\Users\ComputerName\src\Test\bin\Debug\net6\win-x64\Test.dll" adapterTypeName="executor://xunit/VsTestRunner2" className="Microsoft.VisualStudio.Services.Agent.Tests.Worker.Results.CTestResultReaderTests" name="ResultsWithoutMandatoryFieldsAreSkippedCTest" />
    </UnitTest>
    <UnitTest name="Microsoft.VisualStudio.Services.Agent.Tests.Listener.AgentAutoLogonTestL0.TestAutoLogonConfigurationForDotAsDomainName" storage="c:\users\ComputerName\src\test\bin\debug\net6\win-x64\test.dll" id="4fdc9327-589f-5796-b92a-c4654b4bafc4">
      <Execution id="f3c14865-1add-4672-8ee7-269b6398ee6f" />
      <TestMethod codeBase="C:\Users\ComputerName\src\Test\bin\Debug\net6\win-x64\Test.dll" adapterTypeName="executor://xunit/VsTestRunner2" className="Microsoft.VisualStudio.Services.Agent.Tests.Listener.AgentAutoLogonTestL0" name="TestAutoLogonConfigurationForDotAsDomainName" />
    </UnitTest>
    <UnitTest name="Test.L0.Plugin.TestGitCliManager.TestGitCliManagerL0.TestGetInternalGitPaths(gitFeatureFlagStatus: False)" storage="c:\users\ComputerName\src\test\bin\debug\net6\win-x64\test.dll" id="4fb60aa8-97f5-8ae2-cc3b-2ed86e3a9a36">
      <Execution id="5f57620b-aea6-42c1-a86b-827ed09be267" />
      <TestMethod codeBase="C:\Users\ComputerName\src\Test\bin\Debug\net6\win-x64\Test.dll" adapterTypeName="executor://xunit/VsTestRunner2" className="Test.L0.Plugin.TestGitCliManager.TestGitCliManagerL0" name="TestGetInternalGitPaths (166985cc4283346347913a410dca9d2e5b82a6b5)" />
    </UnitTest>
    <UnitTest name="Microsoft.VisualStudio.Services.Agent.Tests.Worker.VariablesL0.Constructor_InheritsSecretFlagFromRecursion" storage="c:\users\ComputerName\src\test\bin\debug\net6\win-x64\test.dll" id="2c24115f-24d8-e381-f2b7-d98584c87179">
      <Execution id="364c6891-ba6a-435d-9f36-bb806140b931" />
      <TestMethod codeBase="C:\Users\ComputerName\src\Test\bin\Debug\net6\win-x64\Test.dll" adapterTypeName="executor://xunit/VsTestRunner2" className="Microsoft.VisualStudio.Services.Agent.Tests.Worker.VariablesL0" name="Constructor_InheritsSecretFlagFromRecursion" />
    </UnitTest>
    <UnitTest name="Microsoft.VisualStudio.Services.Agent.Tests.CommandSettingsL0.GetsCommandRun" storage="c:\users\ComputerName\src\test\bin\debug\net6\win-x64\test.dll" id="1c681c87-5817-78f8-32a2-938509557353">
      <Execution id="f13398e5-1c21-45d1-9ce5-d5bd17ea27c9" />
      <TestMethod codeBase="C:\Users\ComputerName\src\Test\bin\Debug\net6\win-x64\Test.dll" adapterTypeName="executor://xunit/VsTestRunner2" className="Microsoft.VisualStudio.Services.Agent.Tests.CommandSettingsL0" name="GetsCommandRun" />
    </UnitTest>
    <UnitTest name="Microsoft.VisualStudio.Services.Agent.Tests.Worker.ExecutionContextL0.TranslatePathForStepTarget_should_convert_path_only_for_containers(isCheckout: True, jobTarget: null, stepTarget: null)" storage="c:\users\ComputerName\src\test\bin\debug\net6\win-x64\test.dll" id="5548422c-2c9a-3a59-dce4-65bac0c6ef47">
      <Execution id="250eefcb-4eb9-42a6-8e4f-499ccec58725" />
      <TestMethod codeBase="C:\Users\ComputerName\src\Test\bin\Debug\net6\win-x64\Test.dll" adapterTypeName="executor://xunit/VsTestRunner2" className="Microsoft.VisualStudio.Services.Agent.Tests.Worker.ExecutionContextL0" name="TranslatePathForStepTarget_should_convert_path_only_for_containers (37bf5305cecc2b48250cde763588bdd0a06d982f)" />
    </UnitTest>
    <UnitTest name="Microsoft.VisualStudio.Services.Agent.Tests.LocStringsL0.IsNotMissingWorkerLocStrings" storage="c:\users\ComputerName\src\test\bin\debug\net6\win-x64\test.dll" id="cc51274f-94d9-23e5-fad4-f3203861b80b">
      <Execution id="9be1b8f8-03d3-410a-8cd8-140fc5172b02" />
      <TestMethod codeBase="C:\Users\ComputerName\src\Test\bin\Debug\net6\win-x64\Test.dll" adapterTypeName="executor://xunit/VsTestRunner2" className="Microsoft.VisualStudio.Services.Agent.Tests.LocStringsL0" name="IsNotMissingWorkerLocStrings" />
    </UnitTest>
    <UnitTest name="Test.L0.Worker.Release.ReleaseDirectoryManagerL0.PrepareArtifactsDirectoryShouldReturnMapIfWorkDirectoryDoesNotExist" storage="c:\users\ComputerName\src\test\bin\debug\net6\win-x64\test.dll" id="c11cef4e-4f16-4a2d-b789-75cdac5e4660">
      <Execution id="8bbb3870-eb84-47c7-a518-fb45784eaa74" />
      <TestMethod codeBase="C:\Users\ComputerName\src\Test\bin\Debug\net6\win-x64\Test.dll" adapterTypeName="executor://xunit/VsTestRunner2" className="Test.L0.Worker.Release.ReleaseDirectoryManagerL0" name="PrepareArtifactsDirectoryShouldReturnMapIfWorkDirectoryDoesNotExist" />
    </UnitTest>
    <UnitTest name="Test.L0.Worker.Handlers.ProcessHandlerHelperL0.WindowsCaseInsensetiveTest" storage="c:\users\ComputerName\src\test\bin\debug\net6\win-x64\test.dll" id="c6623f0d-81b6-98ef-476c-443418367343">
      <Execution id="f7a61d94-73c6-4c6a-bcad-d8fdce6f4023" />
      <TestMethod codeBase="C:\Users\ComputerName\src\Test\bin\Debug\net6\win-x64\Test.dll" adapterTypeName="executor://xunit/VsTestRunner2" className="Test.L0.Worker.Handlers.ProcessHandlerHelperL0" name="WindowsCaseInsensetiveTest" />
    </UnitTest>
    <UnitTest name="Microsoft.VisualStudio.Services.Agent.Tests.Util.RepositoryUtilL0.GetCloneDirectory_REPO_should_return_proper_value_when_called" storage="c:\users\ComputerName\src\test\bin\debug\net6\win-x64\test.dll" id="c696ee4c-c475-33f6-a705-ad3092709bd9">
      <Execution id="d2ffa8c9-4723-4694-ac56-8703adada589" />
      <TestMethod codeBase="C:\Users\ComputerName\src\Test\bin\Debug\net6\win-x64\Test.dll" adapterTypeName="executor://xunit/VsTestRunner2" className="Microsoft.VisualStudio.Services.Agent.Tests.Util.RepositoryUtilL0" name="GetCloneDirectory_REPO_should_return_proper_value_when_called" />
    </UnitTest>
    <UnitTest name="Test.L0.Plugin.TestFilePublisher.TestFilePublisherLogPluginL0.TestFilePublisherLogPlugin_DisableIfPublishTaskPresent" storage="c:\users\ComputerName\src\test\bin\debug\net6\win-x64\test.dll" id="eb79a57f-46bc-310a-a2f3-da15224a724f">
      <Execution id="55213533-bb90-4f7a-ad04-7d567663e2ca" />
      <TestMethod codeBase="C:\Users\ComputerName\src\Test\bin\Debug\net6\win-x64\Test.dll" adapterTypeName="executor://xunit/VsTestRunner2" className="Test.L0.Plugin.TestFilePublisher.TestFilePublisherLogPluginL0" name="TestFilePublisherLogPlugin_DisableIfPublishTaskPresent" />
    </UnitTest>
    <UnitTest name="Microsoft.VisualStudio.Services.Agent.Tests.Worker.Build.TrackingManagerL0.LoadIfExists_FileFormatVersion3_should_ignore_extra_info" storage="c:\users\ComputerName\src\test\bin\debug\net6\win-x64\test.dll" id="ee8539ad-49e7-ca54-14bc-9a2ebb5b54e3">
      <Execution id="485d7acf-f80b-4ce6-99e4-02c301e28fa8" />
      <TestMethod codeBase="C:\Users\ComputerName\src\Test\bin\Debug\net6\win-x64\Test.dll" adapterTypeName="executor://xunit/VsTestRunner2" className="Microsoft.VisualStudio.Services.Agent.Tests.Worker.Build.TrackingManagerL0" name="LoadIfExists_FileFormatVersion3_should_ignore_extra_info" />
    </UnitTest>
    <UnitTest name="Microsoft.VisualStudio.Services.Agent.Tests.Util.WhichUtilL0.WhichReturnsNullWhenNotFound" storage="c:\users\ComputerName\src\test\bin\debug\net6\win-x64\test.dll" id="fbba2da5-a5fb-2664-c0b7-6019e46441f6">
      <Execution id="ce5ba151-5602-43e3-844d-be65ae1f973c" />
      <TestMethod codeBase="C:\Users\ComputerName\src\Test\bin\Debug\net6\win-x64\Test.dll" adapterTypeName="executor://xunit/VsTestRunner2" className="Microsoft.VisualStudio.Services.Agent.Tests.Util.WhichUtilL0" name="WhichReturnsNullWhenNotFound" />
    </UnitTest>
    <UnitTest name="Microsoft.VisualStudio.Services.Agent.Tests.Worker.VariablesL0.Constructor_HandlesNullValue" storage="c:\users\ComputerName\src\test\bin\debug\net6\win-x64\test.dll" id="e1fb7186-a4bf-310f-7668-c434cb45a03a">
      <Execution id="1ec17479-b343-49ad-bed1-8c4c7579908f" />
      <TestMethod codeBase="C:\Users\ComputerName\src\Test\bin\Debug\net6\win-x64\Test.dll" adapterTypeName="executor://xunit/VsTestRunner2" className="Microsoft.VisualStudio.Services.Agent.Tests.Worker.VariablesL0" name="Constructor_HandlesNullValue" />
    </UnitTest>
    <UnitTest name="Microsoft.VisualStudio.Services.Agent.Tests.PipelineCache.FingerprintCreatorTests.Fingerprint_Str" storage="c:\users\ComputerName\src\test\bin\debug\net6\win-x64\test.dll" id="4d32f166-6898-4c97-7472-e7db73872325">
      <Execution id="65eaf4b7-6736-4959-aa40-742808f8bfd4" />
      <TestMethod codeBase="C:\Users\ComputerName\src\Test\bin\Debug\net6\win-x64\Test.dll" adapterTypeName="executor://xunit/VsTestRunner2" className="Microsoft.VisualStudio.Services.Agent.Tests.PipelineCache.FingerprintCreatorTests" name="Fingerprint_Str" />
    </UnitTest>
    <UnitTest name="Microsoft.VisualStudio.Services.Agent.Tests.Worker.CodeCoverage.CodeCoverageUtilitiesTests.GetPriorityOrderTest" storage="c:\users\ComputerName\src\test\bin\debug\net6\win-x64\test.dll" id="1a0a98e8-a3d3-bab6-02ce-c630d5275fb7">
      <Execution id="81c8775b-d625-445c-89f3-82d64aec6641" />
      <TestMethod codeBase="C:\Users\ComputerName\src\Test\bin\Debug\net6\win-x64\Test.dll" adapterTypeName="executor://xunit/VsTestRunner2" className="Microsoft.VisualStudio.Services.Agent.Tests.Worker.CodeCoverage.CodeCoverageUtilitiesTests" name="GetPriorityOrderTest" />
    </UnitTest>
    <UnitTest name="Microsoft.VisualStudio.Services.Agent.Tests.TestFileContainerProviderL0.TestGettingArtifactItemsWithMinimatchPattern(pttrn: [&quot;**&quot;, &quot;!**/Folder2/**&quot;], count: 6, expectedPaths: [&quot;ArtifactForTest&quot;, &quot;ArtifactForTest/File1.txt&quot;, &quot;ArtifactForTest/Folder1&quot;, &quot;ArtifactForTest/Folder1/File2.txt&quot;, &quot;ArtifactForTest/Folder1/File21.txt&quot;, ...])" storage="c:\users\ComputerName\src\test\bin\debug\net6\win-x64\test.dll" id="2cd7491e-1cb4-6e66-e5d3-781da9d87b2b">
      <Execution id="189cffa5-e075-407f-90dc-eeeb0feb8d6b" />
      <TestMethod codeBase="C:\Users\ComputerName\src\Test\bin\Debug\net6\win-x64\Test.dll" adapterTypeName="executor://xunit/VsTestRunner2" className="Microsoft.VisualStudio.Services.Agent.Tests.TestFileContainerProviderL0" name="TestGettingArtifactItemsWithMinimatchPattern (f89a8351da72692dd379fdf3035ce40ed659cce0)" />
    </UnitTest>
    <UnitTest name="Microsoft.VisualStudio.Services.Agent.Tests.CommandSettingsL0.GetsFlagCommit" storage="c:\users\ComputerName\src\test\bin\debug\net6\win-x64\test.dll" id="7cb599fc-257a-4f79-3635-07e1b8c9a135">
      <Execution id="c1e0913f-d39c-4a1e-a8b4-367bed0e01ea" />
      <TestMethod codeBase="C:\Users\ComputerName\src\Test\bin\Debug\net6\win-x64\Test.dll" adapterTypeName="executor://xunit/VsTestRunner2" className="Microsoft.VisualStudio.Services.Agent.Tests.CommandSettingsL0" name="GetsFlagCommit" />
    </UnitTest>
    <UnitTest name="Microsoft.VisualStudio.Services.Agent.Tests.Worker.JobRunnerL0.JobExtensionInitializeFailureMSI" storage="c:\users\ComputerName\src\test\bin\debug\net6\win-x64\test.dll" id="c8dd4276-04ab-8016-27be-098f2768bcae">
      <Execution id="fefdbd6e-2dbe-4ce3-bda2-6ff6d97170bc" />
      <TestMethod codeBase="C:\Users\ComputerName\src\Test\bin\Debug\net6\win-x64\Test.dll" adapterTypeName="executor://xunit/VsTestRunner2" className="Microsoft.VisualStudio.Services.Agent.Tests.Worker.JobRunnerL0" name="JobExtensionInitializeFailureMSI" />
    </UnitTest>
    <UnitTest name="Test.L0.Worker.Handlers.ProcessHandlerHelperTelemetryL0.FoundPrefixesTest(inputArgs: &quot;% % %&quot;, expectedCount: 3)" storage="c:\users\ComputerName\src\test\bin\debug\net6\win-x64\test.dll" id="b23cb770-85ad-bb65-dded-f8417ee937ee">
      <Execution id="b16d9d94-a824-449f-863a-6b09aa295930" />
      <TestMethod codeBase="C:\Users\ComputerName\src\Test\bin\Debug\net6\win-x64\Test.dll" adapterTypeName="executor://xunit/VsTestRunner2" className="Test.L0.Worker.Handlers.ProcessHandlerHelperTelemetryL0" name="FoundPrefixesTest (e8e85a8568f616737461923c63deb6ffff8ffd40)" />
    </UnitTest>
    <UnitTest name="Microsoft.VisualStudio.Services.Agent.Tests.Worker.CodeCoverage.CodeCoverageUtilitiesTests.CopyFilesWithDirectoryStructureWhenInputIsNull" storage="c:\users\ComputerName\src\test\bin\debug\net6\win-x64\test.dll" id="124a5b82-7741-4cc0-0b92-e075e8aac13e">
      <Execution id="782d3510-d2b9-417f-9158-75e704ab039f" />
      <TestMethod codeBase="C:\Users\ComputerName\src\Test\bin\Debug\net6\win-x64\Test.dll" adapterTypeName="executor://xunit/VsTestRunner2" className="Microsoft.VisualStudio.Services.Agent.Tests.Worker.CodeCoverage.CodeCoverageUtilitiesTests" name="CopyFilesWithDirectoryStructureWhenInputIsNull" />
    </UnitTest>
    <UnitTest name="Microsoft.VisualStudio.Services.Agent.Tests.Listener.Configuration.ConfigurationManagerL0.CanEnsureMachineGroupAgentConfigureVSTSScenario" storage="c:\users\ComputerName\src\test\bin\debug\net6\win-x64\test.dll" id="3d8d5933-75b7-b161-6b60-f87120284c84">
      <Execution id="ae43bd34-ec23-4bd3-ac60-eaaef8585725" />
      <TestMethod codeBase="C:\Users\ComputerName\src\Test\bin\Debug\net6\win-x64\Test.dll" adapterTypeName="executor://xunit/VsTestRunner2" className="Microsoft.VisualStudio.Services.Agent.Tests.Listener.Configuration.ConfigurationManagerL0" name="CanEnsureMachineGroupAgentConfigureVSTSScenario" />
    </UnitTest>
    <UnitTest name="Microsoft.VisualStudio.Services.Agent.Tests.Worker.TestResults.NunitResultReaderTests.VerifyDateTimeAndDurationCalculationsInDifferentCulture" storage="c:\users\ComputerName\src\test\bin\debug\net6\win-x64\test.dll" id="c05fcbdb-adc2-f0c2-f351-af866a2138ca">
      <Execution id="1bdd8d57-d27e-4580-afb4-12457b6df382" />
      <TestMethod codeBase="C:\Users\ComputerName\src\Test\bin\Debug\net6\win-x64\Test.dll" adapterTypeName="executor://xunit/VsTestRunner2" className="Microsoft.VisualStudio.Services.Agent.Tests.Worker.TestResults.NunitResultReaderTests" name="VerifyDateTimeAndDurationCalculationsInDifferentCulture" />
    </UnitTest>
    <UnitTest name="Microsoft.VisualStudio.Services.Agent.Tests.SecretMaskerL0.SecretMaskerTests_Encoder_UriDataEscape_LargeString" storage="c:\users\ComputerName\src\test\bin\debug\net6\win-x64\test.dll" id="c7cd3849-38f4-8449-3207-f42e1800f0ce">
      <Execution id="211d5530-bd59-4575-8c3c-be930ced1665" />
      <TestMethod codeBase="C:\Users\ComputerName\src\Test\bin\Debug\net6\win-x64\Test.dll" adapterTypeName="executor://xunit/VsTestRunner2" className="Microsoft.VisualStudio.Services.Agent.Tests.SecretMaskerL0" name="SecretMaskerTests_Encoder_UriDataEscape_LargeString" />
    </UnitTest>
    <UnitTest name="Microsoft.VisualStudio.Services.Agent.Tests.KnobL0.DeprecatedKnobTests" storage="c:\users\ComputerName\src\test\bin\debug\net6\win-x64\test.dll" id="1aa04f94-74f9-b5c1-39ac-4c776b4eacc3">
      <Execution id="64ef1107-18f1-44e2-9991-912a8e9821bb" />
      <TestMethod codeBase="C:\Users\ComputerName\src\Test\bin\Debug\net6\win-x64\Test.dll" adapterTypeName="executor://xunit/VsTestRunner2" className="Microsoft.VisualStudio.Services.Agent.Tests.KnobL0" name="DeprecatedKnobTests" />
    </UnitTest>
    <UnitTest name="Microsoft.VisualStudio.Services.Agent.Tests.CommandSettingsL0.PromptsForWindowsLogonPassword" storage="c:\users\ComputerName\src\test\bin\debug\net6\win-x64\test.dll" id="ec482b44-5589-c9d7-affe-0e386fe4c87d">
      <Execution id="68c14087-e4a2-407b-854b-81d1a45eaefb" />
      <TestMethod codeBase="C:\Users\ComputerName\src\Test\bin\Debug\net6\win-x64\Test.dll" adapterTypeName="executor://xunit/VsTestRunner2" className="Microsoft.VisualStudio.Services.Agent.Tests.CommandSettingsL0" name="PromptsForWindowsLogonPassword" />
    </UnitTest>
    <UnitTest name="Test.L0.Plugin.TestFilePublisher.TestFilePublisherLogPluginL0.TestFilePublisherLogPlugin_LogExceptionForFailures" storage="c:\users\ComputerName\src\test\bin\debug\net6\win-x64\test.dll" id="f3055a75-27b3-beff-7ad6-e779eeda6b16">
      <Execution id="6f03559f-c457-467f-9d20-bb9f7c536c10" />
      <TestMethod codeBase="C:\Users\ComputerName\src\Test\bin\Debug\net6\win-x64\Test.dll" adapterTypeName="executor://xunit/VsTestRunner2" className="Test.L0.Plugin.TestFilePublisher.TestFilePublisherLogPluginL0" name="TestFilePublisherLogPlugin_LogExceptionForFailures" />
    </UnitTest>
    <UnitTest name="Microsoft.VisualStudio.Services.Agent.Tests.Worker.ExpressionManagerL0.VariablesNamedValue" storage="c:\users\ComputerName\src\test\bin\debug\net6\win-x64\test.dll" id="d3c5a0c0-1034-dbec-1131-7cd3a1ed87dc">
      <Execution id="fc10cdfe-1605-4ae0-8427-e950889cc55f" />
      <TestMethod codeBase="C:\Users\ComputerName\src\Test\bin\Debug\net6\win-x64\Test.dll" adapterTypeName="executor://xunit/VsTestRunner2" className="Microsoft.VisualStudio.Services.Agent.Tests.Worker.ExpressionManagerL0" name="VariablesNamedValue" />
    </UnitTest>
    <UnitTest name="Microsoft.VisualStudio.Services.Agent.Tests.PipelineCache.MatchingTests.ExcludeSingleFileWithDot" storage="c:\users\ComputerName\src\test\bin\debug\net6\win-x64\test.dll" id="892d9ac5-d660-583d-e9d1-43e131e499bc">
      <Execution id="a566222d-789d-474c-8e17-39dbb14be838" />
      <TestMethod codeBase="C:\Users\ComputerName\src\Test\bin\Debug\net6\win-x64\Test.dll" adapterTypeName="executor://xunit/VsTestRunner2" className="Microsoft.VisualStudio.Services.Agent.Tests.PipelineCache.MatchingTests" name="ExcludeSingleFileWithDot" />
    </UnitTest>
    <UnitTest name="Microsoft.VisualStudio.Services.Agent.Tests.Worker.ExpressionManagerL0.FailedFunction" storage="c:\users\ComputerName\src\test\bin\debug\net6\win-x64\test.dll" id="d0be4f4b-f4aa-fa19-255a-89ad8fcd3729">
      <Execution id="4b6fccfc-5c33-4c61-9fca-372c11ea8073" />
      <TestMethod codeBase="C:\Users\ComputerName\src\Test\bin\Debug\net6\win-x64\Test.dll" adapterTypeName="executor://xunit/VsTestRunner2" className="Microsoft.VisualStudio.Services.Agent.Tests.Worker.ExpressionManagerL0" name="FailedFunction" />
    </UnitTest>
    <UnitTest name="Test.L0.Plugin.TestResultParser.TestRunManagerL0.TestRunManager_PublishTestRun_SummaryDoesnotMatchTestRun" storage="c:\users\ComputerName\src\test\bin\debug\net6\win-x64\test.dll" id="f3b4d810-7c36-ca53-da18-2a40c9f4f040">
      <Execution id="4bd91d65-37b1-4d3e-847e-992f79bc821d" />
      <TestMethod codeBase="C:\Users\ComputerName\src\Test\bin\Debug\net6\win-x64\Test.dll" adapterTypeName="executor://xunit/VsTestRunner2" className="Test.L0.Plugin.TestResultParser.TestRunManagerL0" name="TestRunManager_PublishTestRun_SummaryDoesnotMatchTestRun" />
    </UnitTest>
    <UnitTest name="Microsoft.VisualStudio.Services.Agent.Tests.Worker.JobRunnerL0.UploadDiganosticLogIfEnvironmentVariableSet" storage="c:\users\ComputerName\src\test\bin\debug\net6\win-x64\test.dll" id="a20b8975-e76d-b036-bee8-e942c63bf24f">
      <Execution id="9aa4c63c-ae4c-4e23-b487-ebe46d96e157" />
      <TestMethod codeBase="C:\Users\ComputerName\src\Test\bin\Debug\net6\win-x64\Test.dll" adapterTypeName="executor://xunit/VsTestRunner2" className="Microsoft.VisualStudio.Services.Agent.Tests.Worker.JobRunnerL0" name="UploadDiganosticLogIfEnvironmentVariableSet" />
    </UnitTest>
    <UnitTest name="Microsoft.VisualStudio.Services.Agent.Tests.CommandSettingsL0.GetsFlagUnattended" storage="c:\users\ComputerName\src\test\bin\debug\net6\win-x64\test.dll" id="e0093023-7eaa-ac44-6d8f-2022e54faacd">
      <Execution id="b65c64f0-bd36-4239-815b-d2da91a59b62" />
      <TestMethod codeBase="C:\Users\ComputerName\src\Test\bin\Debug\net6\win-x64\Test.dll" adapterTypeName="executor://xunit/VsTestRunner2" className="Microsoft.VisualStudio.Services.Agent.Tests.CommandSettingsL0" name="GetsFlagUnattended" />
    </UnitTest>
    <UnitTest name="Microsoft.VisualStudio.Services.Agent.Tests.Listener.Configuration.PromptManagerTestsL0.ThrowsWhenUnattended" storage="c:\users\ComputerName\src\test\bin\debug\net6\win-x64\test.dll" id="1caf43b3-66de-b76b-282b-66c955c819ff">
      <Execution id="fd22971c-053b-4016-be54-8eaa81f32bef" />
      <TestMethod codeBase="C:\Users\ComputerName\src\Test\bin\Debug\net6\win-x64\Test.dll" adapterTypeName="executor://xunit/VsTestRunner2" className="Microsoft.VisualStudio.Services.Agent.Tests.Listener.Configuration.PromptManagerTestsL0" name="ThrowsWhenUnattended" />
    </UnitTest>
    <UnitTest name="Microsoft.VisualStudio.Services.Agent.Tests.ProcessInvokerL0.TestCancelEnsureCompletedWhenTaskNotKilled" storage="c:\users\ComputerName\src\test\bin\debug\net6\win-x64\test.dll" id="1353f95a-2bb8-9887-0fb6-18b011928627">
      <Execution id="df21de48-62a9-49ee-8e1c-680287884911" />
      <TestMethod codeBase="C:\Users\ComputerName\src\Test\bin\Debug\net6\win-x64\Test.dll" adapterTypeName="executor://xunit/VsTestRunner2" className="Microsoft.VisualStudio.Services.Agent.Tests.ProcessInvokerL0" name="TestCancelEnsureCompletedWhenTaskNotKilled" />
    </UnitTest>
    <UnitTest name="Microsoft.VisualStudio.Services.Agent.Tests.Worker.ExecutionContextL0.TranslatePathForStepTarget_should_convert_path_only_for_containers(isCheckout: True, jobTarget: null, stepTarget: &quot;host&quot;)" storage="c:\users\ComputerName\src\test\bin\debug\net6\win-x64\test.dll" id="4d27080c-1767-7765-b4a5-5b45c617a3b5">
      <Execution id="b78a013e-a2bd-4ced-b343-43c5099e79b1" />
      <TestMethod codeBase="C:\Users\ComputerName\src\Test\bin\Debug\net6\win-x64\Test.dll" adapterTypeName="executor://xunit/VsTestRunner2" className="Microsoft.VisualStudio.Services.Agent.Tests.Worker.ExecutionContextL0" name="TranslatePathForStepTarget_should_convert_path_only_for_containers (a4498e3f7ca077e53467bd492218a392778d80e8)" />
    </UnitTest>
    <UnitTest name="Microsoft.VisualStudio.Services.Agent.Tests.Worker.TestResults.JunitResultReaderTests.Junit_ShouldReadOwnerIfPresent" storage="c:\users\ComputerName\src\test\bin\debug\net6\win-x64\test.dll" id="646f8993-2d8a-3c17-c47c-ac641eeae61e">
      <Execution id="8c03e1f2-1aac-4329-850d-6dea70c93130" />
      <TestMethod codeBase="C:\Users\ComputerName\src\Test\bin\Debug\net6\win-x64\Test.dll" adapterTypeName="executor://xunit/VsTestRunner2" className="Microsoft.VisualStudio.Services.Agent.Tests.Worker.TestResults.JunitResultReaderTests" name="Junit_ShouldReadOwnerIfPresent" />
    </UnitTest>
    <UnitTest name="Microsoft.VisualStudio.Services.Agent.Tests.Worker.Build.BuildJobExtensionL0.CheckSingleRepoWithCustomPaths" storage="c:\users\ComputerName\src\test\bin\debug\net6\win-x64\test.dll" id="1815ffc3-b925-3414-3ee1-a44b85b3014e">
      <Execution id="9f7265a6-0521-43e0-8586-0379be7a21fa" />
      <TestMethod codeBase="C:\Users\ComputerName\src\Test\bin\Debug\net6\win-x64\Test.dll" adapterTypeName="executor://xunit/VsTestRunner2" className="Microsoft.VisualStudio.Services.Agent.Tests.Worker.Build.BuildJobExtensionL0" name="CheckSingleRepoWithCustomPaths" />
    </UnitTest>
    <UnitTest name="Microsoft.VisualStudio.Services.Agent.Tests.Listener.Configuration.ArgumentValidatorTestsL0.NonEmptyValidator" storage="c:\users\ComputerName\src\test\bin\debug\net6\win-x64\test.dll" id="6540b0fd-c470-c2e4-8850-713d988db4f4">
      <Execution id="c071449e-fcba-422f-9461-ec14fa05059b" />
      <TestMethod codeBase="C:\Users\ComputerName\src\Test\bin\Debug\net6\win-x64\Test.dll" adapterTypeName="executor://xunit/VsTestRunner2" className="Microsoft.VisualStudio.Services.Agent.Tests.Listener.Configuration.ArgumentValidatorTestsL0" name="NonEmptyValidator" />
    </UnitTest>
    <UnitTest name="Microsoft.VisualStudio.Services.Agent.Tests.Worker.TestResults.TestRunPublisherTests.ReadResultsSendsRunTitleToReader" storage="c:\users\ComputerName\src\test\bin\debug\net6\win-x64\test.dll" id="0178638d-1b5f-20b8-f35c-041f9d418206">
      <Execution id="75440a3d-b65d-42f6-85a1-29fdb60b2780" />
      <TestMethod codeBase="C:\Users\ComputerName\src\Test\bin\Debug\net6\win-x64\Test.dll" adapterTypeName="executor://xunit/VsTestRunner2" className="Microsoft.VisualStudio.Services.Agent.Tests.Worker.TestResults.TestRunPublisherTests" name="ReadResultsSendsRunTitleToReader" />
    </UnitTest>
    <UnitTest name="Microsoft.VisualStudio.Services.Agent.Tests.NodeHandlerL0.ThrowExceptionIfUseNodeKnobIsLTSAndFilteredPossibleNodeFoldersEmpty" storage="c:\users\ComputerName\src\test\bin\debug\net6\win-x64\test.dll" id="053ac617-b59a-d9c9-5216-66781b43161d">
      <Execution id="4463947b-2a88-4f8b-a9b8-f47dde37f462" />
      <TestMethod codeBase="C:\Users\ComputerName\src\Test\bin\Debug\net6\win-x64\Test.dll" adapterTypeName="executor://xunit/VsTestRunner2" className="Microsoft.VisualStudio.Services.Agent.Tests.NodeHandlerL0" name="ThrowExceptionIfUseNodeKnobIsLTSAndFilteredPossibleNodeFoldersEmpty" />
    </UnitTest>
    <UnitTest name="Microsoft.VisualStudio.Services.Agent.Tests.Worker.TestResults.NunitResultReaderTests.PublishNUnit3ResultsShouldConsiderTestCaseAttachmentsMultiple" storage="c:\users\ComputerName\src\test\bin\debug\net6\win-x64\test.dll" id="9096d5f6-4c7d-16bf-545f-db6e624c0980">
      <Execution id="2a674a10-2be3-4b07-acd6-151dcfea300d" />
      <TestMethod codeBase="C:\Users\ComputerName\src\Test\bin\Debug\net6\win-x64\Test.dll" adapterTypeName="executor://xunit/VsTestRunner2" className="Microsoft.VisualStudio.Services.Agent.Tests.Worker.TestResults.NunitResultReaderTests" name="PublishNUnit3ResultsShouldConsiderTestCaseAttachmentsMultiple" />
    </UnitTest>
    <UnitTest name="Microsoft.VisualStudio.Services.Agent.Tests.Util.IOUtilL0.DeleteFile_DeletesWithRetry_NonExistenFile" storage="c:\users\ComputerName\src\test\bin\debug\net6\win-x64\test.dll" id="9adac48f-c71c-4a32-020e-cf60220ed8f5">
      <Execution id="19e089e4-d53b-4259-8168-9b5f24581c2a" />
      <TestMethod codeBase="C:\Users\ComputerName\src\Test\bin\Debug\net6\win-x64\Test.dll" adapterTypeName="executor://xunit/VsTestRunner2" className="Microsoft.VisualStudio.Services.Agent.Tests.Util.IOUtilL0" name="DeleteFile_DeletesWithRetry_NonExistenFile" />
    </UnitTest>
    <UnitTest name="Microsoft.VisualStudio.Services.Agent.Tests.SecretMaskerL0.SecretMaskerTests_RemoveShortSecrets" storage="c:\users\ComputerName\src\test\bin\debug\net6\win-x64\test.dll" id="14f8e3b6-7edb-6073-d25a-393fb5423b53">
      <Execution id="a9d588c4-9c7a-4341-814b-0bb97bf63c09" />
      <TestMethod codeBase="C:\Users\ComputerName\src\Test\bin\Debug\net6\win-x64\Test.dll" adapterTypeName="executor://xunit/VsTestRunner2" className="Microsoft.VisualStudio.Services.Agent.Tests.SecretMaskerL0" name="SecretMaskerTests_RemoveShortSecrets" />
    </UnitTest>
    <UnitTest name="Microsoft.VisualStudio.Services.Agent.Tests.Listener.PipelineParserL0.Phase" storage="c:\users\ComputerName\src\test\bin\debug\net6\win-x64\test.dll" id="30dc0b31-1890-c554-b76e-55e02316e51a">
      <Execution id="969d82e7-07ea-4fa0-a6bf-2da6313f94c1" />
      <TestMethod codeBase="C:\Users\ComputerName\src\Test\bin\Debug\net6\win-x64\Test.dll" adapterTypeName="executor://xunit/VsTestRunner2" className="Microsoft.VisualStudio.Services.Agent.Tests.Listener.PipelineParserL0" name="Phase" />
    </UnitTest>
    <UnitTest name="Microsoft.VisualStudio.Services.Agent.Tests.LoggedSecretMaskerL0.LoggedSecretMasker_ShortSecret_Removes_From_Dictionary_BoundaryValue2" storage="c:\users\ComputerName\src\test\bin\debug\net6\win-x64\test.dll" id="8f6ed6f4-14cf-a89d-ac93-d3fa097bb70e">
      <Execution id="3a2cb7ee-135c-41c2-b604-67c4ea72139c" />
      <TestMethod codeBase="C:\Users\ComputerName\src\Test\bin\Debug\net6\win-x64\Test.dll" adapterTypeName="executor://xunit/VsTestRunner2" className="Microsoft.VisualStudio.Services.Agent.Tests.LoggedSecretMaskerL0" name="LoggedSecretMasker_ShortSecret_Removes_From_Dictionary_BoundaryValue2" />
    </UnitTest>
    <UnitTest name="Microsoft.VisualStudio.Services.Agent.Tests.Worker.Build.GitSourceProviderL0.GetSourceGitFetch" storage="c:\users\ComputerName\src\test\bin\debug\net6\win-x64\test.dll" id="7d4ab41d-e587-95c3-9efe-9d1bd0f40e4a">
      <Execution id="ef54ee0c-76ce-4f9b-9144-1d3352f71ef4" />
      <TestMethod codeBase="C:\Users\ComputerName\src\Test\bin\Debug\net6\win-x64\Test.dll" adapterTypeName="executor://xunit/VsTestRunner2" className="Microsoft.VisualStudio.Services.Agent.Tests.Worker.Build.GitSourceProviderL0" name="GetSourceGitFetch" />
    </UnitTest>
    <UnitTest name="Test.L0.Worker.Handlers.ProcessHandlerHelperL0.TestWithMultipleVars" storage="c:\users\ComputerName\src\test\bin\debug\net6\win-x64\test.dll" id="6387e89c-37c4-1e23-248e-e43ca896cfdc">
      <Execution id="5d6f52a5-1360-4c10-b579-18dad581059d" />
      <TestMethod codeBase="C:\Users\ComputerName\src\Test\bin\Debug\net6\win-x64\Test.dll" adapterTypeName="executor://xunit/VsTestRunner2" className="Test.L0.Worker.Handlers.ProcessHandlerHelperL0" name="TestWithMultipleVars" />
    </UnitTest>
    <UnitTest name="Microsoft.VisualStudio.Services.Agent.Tests.ConstantGenerationL0.BuildConstantGenerateSucceed" storage="c:\users\ComputerName\src\test\bin\debug\net6\win-x64\test.dll" id="d0a35ee3-be71-3630-fcd9-a28999f9ee52">
      <Execution id="90076d17-91ea-4b04-8d4e-2bc339f4bea7" />
      <TestMethod codeBase="C:\Users\ComputerName\src\Test\bin\Debug\net6\win-x64\Test.dll" adapterTypeName="executor://xunit/VsTestRunner2" className="Microsoft.VisualStudio.Services.Agent.Tests.ConstantGenerationL0" name="BuildConstantGenerateSucceed" />
    </UnitTest>
    <UnitTest name="Microsoft.VisualStudio.Services.Agent.Tests.NodeHandlerL0.ThrowExceptionIfUseNodeKnobIsUpgradeFilteredNodeFoldersAllNotAvailable" storage="c:\users\ComputerName\src\test\bin\debug\net6\win-x64\test.dll" id="0eed2b20-20f2-9080-cb02-a25f73fcf149">
      <Execution id="e4a5a558-f7ac-4946-8443-8519946f5982" />
      <TestMethod codeBase="C:\Users\ComputerName\src\Test\bin\Debug\net6\win-x64\Test.dll" adapterTypeName="executor://xunit/VsTestRunner2" className="Microsoft.VisualStudio.Services.Agent.Tests.NodeHandlerL0" name="ThrowExceptionIfUseNodeKnobIsUpgradeFilteredNodeFoldersAllNotAvailable" />
    </UnitTest>
    <UnitTest name="Microsoft.VisualStudio.Services.Agent.Tests.Worker.SetVariableRestrictionsL0.MultipleRestrictionsMostRestrictive" storage="c:\users\ComputerName\src\test\bin\debug\net6\win-x64\test.dll" id="fa3ba049-8f0a-1ca2-e1c2-5f3f9278e12c">
      <Execution id="5d079a47-35a8-4973-bec4-f75560b77765" />
      <TestMethod codeBase="C:\Users\ComputerName\src\Test\bin\Debug\net6\win-x64\Test.dll" adapterTypeName="executor://xunit/VsTestRunner2" className="Microsoft.VisualStudio.Services.Agent.Tests.Worker.SetVariableRestrictionsL0" name="MultipleRestrictionsMostRestrictive" />
    </UnitTest>
    <UnitTest name="Microsoft.VisualStudio.Services.Agent.Tests.Worker.Build.TestGitCommandManagerL0.TestGetInternalGitPaths(gitFeatureFlagStatus: False)" storage="c:\users\ComputerName\src\test\bin\debug\net6\win-x64\test.dll" id="6a10e0ce-aa0b-1739-eb54-aa0bd4a1c01f">
      <Execution id="7d4e3a2a-8157-4919-b1ac-ee8c8b6db085" />
      <TestMethod codeBase="C:\Users\ComputerName\src\Test\bin\Debug\net6\win-x64\Test.dll" adapterTypeName="executor://xunit/VsTestRunner2" className="Microsoft.VisualStudio.Services.Agent.Tests.Worker.Build.TestGitCommandManagerL0" name="TestGetInternalGitPaths (6fd01d8a5f7310c63abae61656f5246cb3a03667)" />
    </UnitTest>
    <UnitTest name="Microsoft.VisualStudio.Services.Agent.Tests.Util.IOUtilL0.GetDirectoryName_LinuxStyle" storage="c:\users\ComputerName\src\test\bin\debug\net6\win-x64\test.dll" id="799a3ad6-8775-a89c-c0fa-0961258ae35e">
      <Execution id="899a7e41-a316-4702-a110-aaf552bfc4b6" />
      <TestMethod codeBase="C:\Users\ComputerName\src\Test\bin\Debug\net6\win-x64\Test.dll" adapterTypeName="executor://xunit/VsTestRunner2" className="Microsoft.VisualStudio.Services.Agent.Tests.Util.IOUtilL0" name="GetDirectoryName_LinuxStyle" />
    </UnitTest>
    <UnitTest name="Microsoft.VisualStudio.Services.Agent.Tests.Worker.ExecutionContextL0.TranslatePathForStepTarget_should_convert_path_only_for_containers(isCheckout: False, jobTarget: &quot;container&quot;, stepTarget: &quot;host&quot;)" storage="c:\users\ComputerName\src\test\bin\debug\net6\win-x64\test.dll" id="3df9db39-7fc7-15cb-3031-b108b32b3913">
      <Execution id="f856a306-7357-449a-896e-f3be5e0f9738" />
      <TestMethod codeBase="C:\Users\ComputerName\src\Test\bin\Debug\net6\win-x64\Test.dll" adapterTypeName="executor://xunit/VsTestRunner2" className="Microsoft.VisualStudio.Services.Agent.Tests.Worker.ExecutionContextL0" name="TranslatePathForStepTarget_should_convert_path_only_for_containers (c41017f022ac28e9957bf02338d24059d45d61eb)" />
    </UnitTest>
    <UnitTest name="Microsoft.VisualStudio.Services.Agent.Tests.Worker.Results.CTestResultReaderTests.PublishBasicCResultsXml" storage="c:\users\ComputerName\src\test\bin\debug\net6\win-x64\test.dll" id="fcd869d8-990c-d6af-f1f5-6314cdb061d4">
      <Execution id="3c0540a4-b626-4d4f-9bb7-5fc4a72a6214" />
      <TestMethod codeBase="C:\Users\ComputerName\src\Test\bin\Debug\net6\win-x64\Test.dll" adapterTypeName="executor://xunit/VsTestRunner2" className="Microsoft.VisualStudio.Services.Agent.Tests.Worker.Results.CTestResultReaderTests" name="PublishBasicCResultsXml" />
    </UnitTest>
    <UnitTest name="Microsoft.VisualStudio.Services.Agent.Tests.Worker.TestResults.TestRunPublisherTests.PublishStandardErrorLogIsSuccessful" storage="c:\users\ComputerName\src\test\bin\debug\net6\win-x64\test.dll" id="16d627bc-3c90-838b-fca5-5824142d3ac4">
      <Execution id="ceb6b36f-51ad-4db1-b6c1-5e0f3764ba2c" />
      <TestMethod codeBase="C:\Users\ComputerName\src\Test\bin\Debug\net6\win-x64\Test.dll" adapterTypeName="executor://xunit/VsTestRunner2" className="Microsoft.VisualStudio.Services.Agent.Tests.Worker.TestResults.TestRunPublisherTests" name="PublishStandardErrorLogIsSuccessful" />
    </UnitTest>
    <UnitTest name="Microsoft.VisualStudio.Services.Agent.Tests.Worker.Release.TfsVCArtifactL0.TfsVCArtifactShouldCallGetSourceWithCorrectParameter" storage="c:\users\ComputerName\src\test\bin\debug\net6\win-x64\test.dll" id="51263710-8e48-d62e-329f-5be9dc02f84f">
      <Execution id="6db5f17b-9100-47b7-b316-09dc44ab4325" />
      <TestMethod codeBase="C:\Users\ComputerName\src\Test\bin\Debug\net6\win-x64\Test.dll" adapterTypeName="executor://xunit/VsTestRunner2" className="Microsoft.VisualStudio.Services.Agent.Tests.Worker.Release.TfsVCArtifactL0" name="TfsVCArtifactShouldCallGetSourceWithCorrectParameter" />
    </UnitTest>
    <UnitTest name="Test.L0.Listener.Configuration.NativeWindowsServiceHelperL0.EnsureGetDefaultAdminServiceAccountShouldReturnLocalSystemAccount" storage="c:\users\ComputerName\src\test\bin\debug\net6\win-x64\test.dll" id="b48ac599-5ad3-dee9-4213-57f107f2b6d5">
      <Execution id="86540319-9db1-4160-9c34-014427485d52" />
      <TestMethod codeBase="C:\Users\ComputerName\src\Test\bin\Debug\net6\win-x64\Test.dll" adapterTypeName="executor://xunit/VsTestRunner2" className="Test.L0.Listener.Configuration.NativeWindowsServiceHelperL0" name="EnsureGetDefaultAdminServiceAccountShouldReturnLocalSystemAccount" />
    </UnitTest>
    <UnitTest name="Microsoft.VisualStudio.Services.Agent.Tests.Worker.CodeCoverage.CodeCoverageCommandExtensionTests.Publish_WithIndexHtmAndHtmlFileInReportDirectory" storage="c:\users\ComputerName\src\test\bin\debug\net6\win-x64\test.dll" id="c9652fa9-8aa9-de71-4942-ba56a4840031">
      <Execution id="9020c4d5-60e5-4caa-9ced-9cbae0d989f6" />
      <TestMethod codeBase="C:\Users\ComputerName\src\Test\bin\Debug\net6\win-x64\Test.dll" adapterTypeName="executor://xunit/VsTestRunner2" className="Microsoft.VisualStudio.Services.Agent.Tests.Worker.CodeCoverage.CodeCoverageCommandExtensionTests" name="Publish_WithIndexHtmAndHtmlFileInReportDirectory" />
    </UnitTest>
    <UnitTest name="Microsoft.VisualStudio.Services.Agent.Tests.Worker.TestResults.XUnitResultReaderTests.VerifyReadResultsReturnsNullDurationWhenDefaultDateTimePassed" storage="c:\users\ComputerName\src\test\bin\debug\net6\win-x64\test.dll" id="8db49f8f-d1b5-93ea-0bbc-ef1093c40c1a">
      <Execution id="0f7d3af5-808d-4127-b1c1-4d856dfd6a0e" />
      <TestMethod codeBase="C:\Users\ComputerName\src\Test\bin\Debug\net6\win-x64\Test.dll" adapterTypeName="executor://xunit/VsTestRunner2" className="Microsoft.VisualStudio.Services.Agent.Tests.Worker.TestResults.XUnitResultReaderTests" name="VerifyReadResultsReturnsNullDurationWhenDefaultDateTimePassed" />
    </UnitTest>
    <UnitTest name="Microsoft.VisualStudio.Services.Agent.Tests.Util.StringUtilL0.FormatUsesInvariantCulture" storage="c:\users\ComputerName\src\test\bin\debug\net6\win-x64\test.dll" id="4d3e8b7e-54d4-a2e5-bab6-0c02d3fd9677">
      <Execution id="7c4d67ec-1f78-437e-aaa6-f75df122996d" />
      <TestMethod codeBase="C:\Users\ComputerName\src\Test\bin\Debug\net6\win-x64\Test.dll" adapterTypeName="executor://xunit/VsTestRunner2" className="Microsoft.VisualStudio.Services.Agent.Tests.Util.StringUtilL0" name="FormatUsesInvariantCulture" />
    </UnitTest>
    <UnitTest name="Microsoft.VisualStudio.Services.Agent.Tests.SecretMaskerL0.IsUserInfoWithEncodedCharactersdInNameMaskedCorrectly" storage="c:\users\ComputerName\src\test\bin\debug\net6\win-x64\test.dll" id="cf0365fa-8d4f-198a-8176-19db21f3fead">
      <Execution id="c8019afc-2d94-4ef3-9eeb-f46d8b6be193" />
      <TestMethod codeBase="C:\Users\ComputerName\src\Test\bin\Debug\net6\win-x64\Test.dll" adapterTypeName="executor://xunit/VsTestRunner2" className="Microsoft.VisualStudio.Services.Agent.Tests.SecretMaskerL0" name="IsUserInfoWithEncodedCharactersdInNameMaskedCorrectly" />
    </UnitTest>
    <UnitTest name="Microsoft.VisualStudio.Services.Agent.Tests.Worker.Release.JenkinsArtifactL0.IfNoCommitVersionExistsInArtifactDetailsNoIssueShouldBeAdded" storage="c:\users\ComputerName\src\test\bin\debug\net6\win-x64\test.dll" id="e0d928ac-9dcc-c294-d6e4-2ba587b7a5e9">
      <Execution id="9361ad20-36ca-4608-8530-7bcf03750811" />
      <TestMethod codeBase="C:\Users\ComputerName\src\Test\bin\Debug\net6\win-x64\Test.dll" adapterTypeName="executor://xunit/VsTestRunner2" className="Microsoft.VisualStudio.Services.Agent.Tests.Worker.Release.JenkinsArtifactL0" name="IfNoCommitVersionExistsInArtifactDetailsNoIssueShouldBeAdded" />
    </UnitTest>
    <UnitTest name="Microsoft.VisualStudio.Services.Agent.Tests.Worker.TestResults.XUnitResultReaderTests.VerifyEndDateIsNotEmpty" storage="c:\users\ComputerName\src\test\bin\debug\net6\win-x64\test.dll" id="bef4cdc1-a80e-7159-5c76-54c8686f212c">
      <Execution id="edf1b3fa-c687-4037-bda5-10c20e8719cd" />
      <TestMethod codeBase="C:\Users\ComputerName\src\Test\bin\Debug\net6\win-x64\Test.dll" adapterTypeName="executor://xunit/VsTestRunner2" className="Microsoft.VisualStudio.Services.Agent.Tests.Worker.TestResults.XUnitResultReaderTests" name="VerifyEndDateIsNotEmpty" />
    </UnitTest>
    <UnitTest name="Microsoft.VisualStudio.Services.Agent.Tests.Worker.Build.BuildDirectoryManagerL0.RecreatesBuildDirectoryWhenCleanIsAll" storage="c:\users\ComputerName\src\test\bin\debug\net6\win-x64\test.dll" id="a31e09fd-a570-1be2-b7d0-828366bbffb8">
      <Execution id="6ffdde83-5f40-4518-9c02-bacc01b5727b" />
      <TestMethod codeBase="C:\Users\ComputerName\src\Test\bin\Debug\net6\win-x64\Test.dll" adapterTypeName="executor://xunit/VsTestRunner2" className="Microsoft.VisualStudio.Services.Agent.Tests.Worker.Build.BuildDirectoryManagerL0" name="RecreatesBuildDirectoryWhenCleanIsAll" />
    </UnitTest>
    <UnitTest name="Microsoft.VisualStudio.Services.Agent.Tests.PipelineCache.FingerprintCreatorTests.ParseMultilineKeyAsOld" storage="c:\users\ComputerName\src\test\bin\debug\net6\win-x64\test.dll" id="4f7d2b80-8182-9899-5fde-10cb2b2e2d47">
      <Execution id="e9a89252-15e7-4912-817d-6be408b6b0b2" />
      <TestMethod codeBase="C:\Users\ComputerName\src\Test\bin\Debug\net6\win-x64\Test.dll" adapterTypeName="executor://xunit/VsTestRunner2" className="Microsoft.VisualStudio.Services.Agent.Tests.PipelineCache.FingerprintCreatorTests" name="ParseMultilineKeyAsOld" />
    </UnitTest>
    <UnitTest name="Microsoft.VisualStudio.Services.Agent.Tests.Worker.TestResults.NunitResultReaderTests.VerifyRunTypeIsSet" storage="c:\users\ComputerName\src\test\bin\debug\net6\win-x64\test.dll" id="efe5da40-edf6-53d8-5c09-11d807bc5e12">
      <Execution id="4acbcef7-3ad5-4f44-b7da-5933d4f0570e" />
      <TestMethod codeBase="C:\Users\ComputerName\src\Test\bin\Debug\net6\win-x64\Test.dll" adapterTypeName="executor://xunit/VsTestRunner2" className="Microsoft.VisualStudio.Services.Agent.Tests.Worker.TestResults.NunitResultReaderTests" name="VerifyRunTypeIsSet" />
    </UnitTest>
    <UnitTest name="Microsoft.VisualStudio.Services.Agent.Tests.Listener.Configuration.PromptManagerTestsL0.Prompts" storage="c:\users\ComputerName\src\test\bin\debug\net6\win-x64\test.dll" id="7a355724-f28d-d625-4ad7-d061e42b8156">
      <Execution id="171d60bb-3e25-44a8-8812-bbbec673e182" />
      <TestMethod codeBase="C:\Users\ComputerName\src\Test\bin\Debug\net6\win-x64\Test.dll" adapterTypeName="executor://xunit/VsTestRunner2" className="Microsoft.VisualStudio.Services.Agent.Tests.Listener.Configuration.PromptManagerTestsL0" name="Prompts" />
    </UnitTest>
    <UnitTest name="Microsoft.VisualStudio.Services.Agent.Tests.Worker.Release.ReleaseJobExtensionL0.PreapreAsyncShouldInitializeAgentIfSkipArtifactDownloadIsTrueAndReleaseDefinitionIdIsNull" storage="c:\users\ComputerName\src\test\bin\debug\net6\win-x64\test.dll" id="511bae8f-f87d-7ce1-0d74-6e3e99c5e506">
      <Execution id="2b0a0731-c5aa-48dd-b39f-b85d85057e83" />
      <TestMethod codeBase="C:\Users\ComputerName\src\Test\bin\Debug\net6\win-x64\Test.dll" adapterTypeName="executor://xunit/VsTestRunner2" className="Microsoft.VisualStudio.Services.Agent.Tests.Worker.Release.ReleaseJobExtensionL0" name="PreapreAsyncShouldInitializeAgentIfSkipArtifactDownloadIsTrueAndReleaseDefinitionIdIsNull" />
    </UnitTest>
    <UnitTest name="Microsoft.VisualStudio.Services.Agent.Tests.Worker.VariablesL0.Scope" storage="c:\users\ComputerName\src\test\bin\debug\net6\win-x64\test.dll" id="25c65d59-8bea-5c0e-dbb5-d7ece8af8df1">
      <Execution id="2b0e5c88-898e-44ec-9920-08bd2d078ea8" />
      <TestMethod codeBase="C:\Users\ComputerName\src\Test\bin\Debug\net6\win-x64\Test.dll" adapterTypeName="executor://xunit/VsTestRunner2" className="Microsoft.VisualStudio.Services.Agent.Tests.Worker.VariablesL0" name="Scope" />
    </UnitTest>
    <UnitTest name="Microsoft.VisualStudio.Services.Agent.Tests.Listener.PipelineParserL0.CheckoutStep_RepoDefined" storage="c:\users\ComputerName\src\test\bin\debug\net6\win-x64\test.dll" id="4d67036a-eabc-3476-0cb0-2d83e2a0392e">
      <Execution id="2af3a684-bdb4-49ed-b243-7a2827a6466f" />
      <TestMethod codeBase="C:\Users\ComputerName\src\Test\bin\Debug\net6\win-x64\Test.dll" adapterTypeName="executor://xunit/VsTestRunner2" className="Microsoft.VisualStudio.Services.Agent.Tests.Listener.PipelineParserL0" name="CheckoutStep_RepoDefined" />
    </UnitTest>
    <UnitTest name="Microsoft.VisualStudio.Services.Agent.Tests.Plugin.RepositoryPluginL0.RepositoryPlugin_InvalidPathInput_DontAllowWorkingDirectoryRepositorie" storage="c:\users\ComputerName\src\test\bin\debug\net6\win-x64\test.dll" id="6e71be77-fc8c-fae9-41a6-9e91caab5987">
      <Execution id="36f01257-d907-44c2-9e10-433ecc5d321d" />
      <TestMethod codeBase="C:\Users\ComputerName\src\Test\bin\Debug\net6\win-x64\Test.dll" adapterTypeName="executor://xunit/VsTestRunner2" className="Microsoft.VisualStudio.Services.Agent.Tests.Plugin.RepositoryPluginL0" name="RepositoryPlugin_InvalidPathInput_DontAllowWorkingDirectoryRepositorie" />
    </UnitTest>
    <UnitTest name="Microsoft.VisualStudio.Services.Agent.Tests.Util.IOUtilL0.DeleteDirectory_DoesNotFollowDirectoryReparsePoint" storage="c:\users\ComputerName\src\test\bin\debug\net6\win-x64\test.dll" id="e897ce30-4ba6-7b41-316b-51abfd38996f">
      <Execution id="e90279c8-9215-4187-babb-67e600825cba" />
      <TestMethod codeBase="C:\Users\ComputerName\src\Test\bin\Debug\net6\win-x64\Test.dll" adapterTypeName="executor://xunit/VsTestRunner2" className="Microsoft.VisualStudio.Services.Agent.Tests.Util.IOUtilL0" name="DeleteDirectory_DoesNotFollowDirectoryReparsePoint" />
    </UnitTest>
    <UnitTest name="Microsoft.VisualStudio.Services.Agent.Tests.Worker.VariablesL0.Constructor_HandlesNullNestedValue" storage="c:\users\ComputerName\src\test\bin\debug\net6\win-x64\test.dll" id="8ff63bde-0308-6800-e339-c33cfbbb911d">
      <Execution id="94725519-8e8d-40e3-9375-5ca5169aa15d" />
      <TestMethod codeBase="C:\Users\ComputerName\src\Test\bin\Debug\net6\win-x64\Test.dll" adapterTypeName="executor://xunit/VsTestRunner2" className="Microsoft.VisualStudio.Services.Agent.Tests.Worker.VariablesL0" name="Constructor_HandlesNullNestedValue" />
    </UnitTest>
    <UnitTest name="Test.L0.Worker.Handlers.ProcessHandlerHelperTelemetryL0.NotClosedEnv(inputArgs: &quot;  %1&quot;, expectedPosition: 2)" storage="c:\users\ComputerName\src\test\bin\debug\net6\win-x64\test.dll" id="af233fb4-cad9-a243-624c-2d3dbd4fe09e">
      <Execution id="b610f965-4845-4bb4-9f65-f9698088b2ef" />
      <TestMethod codeBase="C:\Users\ComputerName\src\Test\bin\Debug\net6\win-x64\Test.dll" adapterTypeName="executor://xunit/VsTestRunner2" className="Test.L0.Worker.Handlers.ProcessHandlerHelperTelemetryL0" name="NotClosedEnv (6052eefc42195939f80a0dd400612b0074019609)" />
    </UnitTest>
    <UnitTest name="Microsoft.VisualStudio.Services.Agent.Tests.Listener.AgentL0.TestRunAsync" storage="c:\users\ComputerName\src\test\bin\debug\net6\win-x64\test.dll" id="20f5d9ff-2333-d0c9-88de-f13c26a6165c">
      <Execution id="0073b118-0ecb-446f-ab52-ba83061dceb2" />
      <TestMethod codeBase="C:\Users\ComputerName\src\Test\bin\Debug\net6\win-x64\Test.dll" adapterTypeName="executor://xunit/VsTestRunner2" className="Microsoft.VisualStudio.Services.Agent.Tests.Listener.AgentL0" name="TestRunAsync" />
    </UnitTest>
    <UnitTest name="Microsoft.VisualStudio.Services.Agent.Tests.Listener.PagingLoggerL0.CalculateLineNumbersWithGroupTag" storage="c:\users\ComputerName\src\test\bin\debug\net6\win-x64\test.dll" id="df01708f-7ce5-789c-56f4-0138bf8d528c">
      <Execution id="fe65fba0-181d-4211-b6a0-f1408934abbd" />
      <TestMethod codeBase="C:\Users\ComputerName\src\Test\bin\Debug\net6\win-x64\Test.dll" adapterTypeName="executor://xunit/VsTestRunner2" className="Microsoft.VisualStudio.Services.Agent.Tests.Listener.PagingLoggerL0" name="CalculateLineNumbersWithGroupTag" />
    </UnitTest>
    <UnitTest name="Microsoft.VisualStudio.Services.Agent.Tests.Listener.MessageListenerL0.DeleteSession" storage="c:\users\ComputerName\src\test\bin\debug\net6\win-x64\test.dll" id="3f120e74-0372-a646-4e7e-a2405b389e13">
      <Execution id="9f151603-e78c-4c7a-a202-0e6eaf5db7b0" />
      <TestMethod codeBase="C:\Users\ComputerName\src\Test\bin\Debug\net6\win-x64\Test.dll" adapterTypeName="executor://xunit/VsTestRunner2" className="Microsoft.VisualStudio.Services.Agent.Tests.Listener.MessageListenerL0" name="DeleteSession" />
    </UnitTest>
    <UnitTest name="Microsoft.VisualStudio.Services.Agent.Tests.Worker.JobRunnerL0.JobExtensionInitializeFailure" storage="c:\users\ComputerName\src\test\bin\debug\net6\win-x64\test.dll" id="c36ce6e6-c316-283f-b481-1c58919d697c">
      <Execution id="25941346-f073-4a09-9b89-2eee466e217c" />
      <TestMethod codeBase="C:\Users\ComputerName\src\Test\bin\Debug\net6\win-x64\Test.dll" adapterTypeName="executor://xunit/VsTestRunner2" className="Microsoft.VisualStudio.Services.Agent.Tests.Worker.JobRunnerL0" name="JobExtensionInitializeFailure" />
    </UnitTest>
    <UnitTest name="Microsoft.VisualStudio.Services.Agent.Tests.CommandSettingsL0.GetsCommandDiagnostics" storage="c:\users\ComputerName\src\test\bin\debug\net6\win-x64\test.dll" id="60f84710-11e4-66c1-caec-2c5262904ef3">
      <Execution id="1d58ef3a-3351-43f3-997e-225524eba1ac" />
      <TestMethod codeBase="C:\Users\ComputerName\src\Test\bin\Debug\net6\win-x64\Test.dll" adapterTypeName="executor://xunit/VsTestRunner2" className="Microsoft.VisualStudio.Services.Agent.Tests.CommandSettingsL0" name="GetsCommandDiagnostics" />
    </UnitTest>
    <UnitTest name="Microsoft.VisualStudio.Services.Agent.Tests.Util.IOUtilL0.DeleteFile_DeletesWithRetry_IOException" storage="c:\users\ComputerName\src\test\bin\debug\net6\win-x64\test.dll" id="76e3b351-3082-21f8-e244-14beb29ab9fe">
      <Execution id="664e85e0-5db9-448e-b1c6-0ffedc7ff877" />
      <TestMethod codeBase="C:\Users\ComputerName\src\Test\bin\Debug\net6\win-x64\Test.dll" adapterTypeName="executor://xunit/VsTestRunner2" className="Microsoft.VisualStudio.Services.Agent.Tests.Util.IOUtilL0" name="DeleteFile_DeletesWithRetry_IOException" />
    </UnitTest>
    <UnitTest name="Microsoft.VisualStudio.Services.Agent.Tests.Worker.Release.JenkinsArtifactL0.ShouldLogAnIssueIfEndVersionIsInvalidInArtifactDetail" storage="c:\users\ComputerName\src\test\bin\debug\net6\win-x64\test.dll" id="84261e44-7a9e-b624-b17b-56494047d4a3">
      <Execution id="428220da-71c9-4125-9172-4525e330e76d" />
      <TestMethod codeBase="C:\Users\ComputerName\src\Test\bin\Debug\net6\win-x64\Test.dll" adapterTypeName="executor://xunit/VsTestRunner2" className="Microsoft.VisualStudio.Services.Agent.Tests.Worker.Release.JenkinsArtifactL0" name="ShouldLogAnIssueIfEndVersionIsInvalidInArtifactDetail" />
    </UnitTest>
    <UnitTest name="Microsoft.VisualStudio.Services.Agent.Tests.CommandSettingsL0.ValidateFlags" storage="c:\users\ComputerName\src\test\bin\debug\net6\win-x64\test.dll" id="ea5f4e9a-b9de-d9e8-b93c-eac264856fed">
      <Execution id="b2278bd1-3815-4b42-a47c-7611e47ba4ac" />
      <TestMethod codeBase="C:\Users\ComputerName\src\Test\bin\Debug\net6\win-x64\Test.dll" adapterTypeName="executor://xunit/VsTestRunner2" className="Microsoft.VisualStudio.Services.Agent.Tests.CommandSettingsL0" name="ValidateFlags" />
    </UnitTest>
    <UnitTest name="Microsoft.VisualStudio.Services.Agent.Tests.Worker.Results.CTestResultReaderTests.VerifyTestRunTimeIsEmptyIfTimestampIsNotParseable" storage="c:\users\ComputerName\src\test\bin\debug\net6\win-x64\test.dll" id="9da2037c-e6d5-cb1e-9821-5f08ee9dcf4d">
      <Execution id="440827e0-0dca-49f1-87ec-5eb2f0d769da" />
      <TestMethod codeBase="C:\Users\ComputerName\src\Test\bin\Debug\net6\win-x64\Test.dll" adapterTypeName="executor://xunit/VsTestRunner2" className="Microsoft.VisualStudio.Services.Agent.Tests.Worker.Results.CTestResultReaderTests" name="VerifyTestRunTimeIsEmptyIfTimestampIsNotParseable" />
    </UnitTest>
    <UnitTest name="Test.L0.Worker.Handlers.ProcessHandlerL0.ProcessHandlerV2_BasicExecution" storage="c:\users\ComputerName\src\test\bin\debug\net6\win-x64\test.dll" id="d8dbc8dc-6196-9587-70f0-a9906666bde2">
      <Execution id="872b26bb-b908-4797-9ab0-194df391869b" />
      <TestMethod codeBase="C:\Users\ComputerName\src\Test\bin\Debug\net6\win-x64\Test.dll" adapterTypeName="executor://xunit/VsTestRunner2" className="Test.L0.Worker.Handlers.ProcessHandlerL0" name="ProcessHandlerV2_BasicExecution" />
    </UnitTest>
    <UnitTest name="Microsoft.VisualStudio.Services.Agent.Tests.Worker.CodeCoverage.CodeCoverageUtilitiesTests.CopyFilesWithDirectoryStructureWhenFilesWithSameNamesAreGiven" storage="c:\users\ComputerName\src\test\bin\debug\net6\win-x64\test.dll" id="043c4391-7773-667d-f102-1b7d95d921bc">
      <Execution id="b5d927ae-adad-4a7e-82ee-4b53be11182f" />
      <TestMethod codeBase="C:\Users\ComputerName\src\Test\bin\Debug\net6\win-x64\Test.dll" adapterTypeName="executor://xunit/VsTestRunner2" className="Microsoft.VisualStudio.Services.Agent.Tests.Worker.CodeCoverage.CodeCoverageUtilitiesTests" name="CopyFilesWithDirectoryStructureWhenFilesWithSameNamesAreGiven" />
    </UnitTest>
    <UnitTest name="Microsoft.VisualStudio.Services.Agent.Tests.LoggedSecretMaskerL0.LoggedSecretMasker_Skipping_ShortSecrets" storage="c:\users\ComputerName\src\test\bin\debug\net6\win-x64\test.dll" id="09d86f9e-7811-8541-7acf-0e2c94d209fe">
      <Execution id="238f741a-d27c-4b37-8541-a05c351a2033" />
      <TestMethod codeBase="C:\Users\ComputerName\src\Test\bin\Debug\net6\win-x64\Test.dll" adapterTypeName="executor://xunit/VsTestRunner2" className="Microsoft.VisualStudio.Services.Agent.Tests.LoggedSecretMaskerL0" name="LoggedSecretMasker_Skipping_ShortSecrets" />
    </UnitTest>
    <UnitTest name="Microsoft.VisualStudio.Services.Agent.Tests.Worker.TestResults.TrxReaderTests.ReadResultsDoesNotFailForBareMinimumTrx" storage="c:\users\ComputerName\src\test\bin\debug\net6\win-x64\test.dll" id="da10af65-b887-d983-468c-3b4a27b44e81">
      <Execution id="1268bcb2-90b2-42f1-9d3b-9d6e3a841dd4" />
      <TestMethod codeBase="C:\Users\ComputerName\src\Test\bin\Debug\net6\win-x64\Test.dll" adapterTypeName="executor://xunit/VsTestRunner2" className="Microsoft.VisualStudio.Services.Agent.Tests.Worker.TestResults.TrxReaderTests" name="ReadResultsDoesNotFailForBareMinimumTrx" />
    </UnitTest>
    <UnitTest name="Microsoft.VisualStudio.Services.Agent.Tests.Util.RepositoryUtilL0.GuessRepositoryType_should_return_correct_values_when_called" storage="c:\users\ComputerName\src\test\bin\debug\net6\win-x64\test.dll" id="e208936d-9709-548e-9189-621eebe04eca">
      <Execution id="601586ea-4939-4d97-8683-b489062f8850" />
      <TestMethod codeBase="C:\Users\ComputerName\src\Test\bin\Debug\net6\win-x64\Test.dll" adapterTypeName="executor://xunit/VsTestRunner2" className="Microsoft.VisualStudio.Services.Agent.Tests.Util.RepositoryUtilL0" name="GuessRepositoryType_should_return_correct_values_when_called" />
    </UnitTest>
    <UnitTest name="Microsoft.VisualStudio.Services.Agent.Tests.NodeHandlerL0.UseNewNodeForNodeHandlerHostContextVarSet" storage="c:\users\ComputerName\src\test\bin\debug\net6\win-x64\test.dll" id="49c9ede7-d8aa-afe2-4d45-98d3bb2221b0">
      <Execution id="e84d9956-f932-4ca1-8068-a0f44af106b9" />
      <TestMethod codeBase="C:\Users\ComputerName\src\Test\bin\Debug\net6\win-x64\Test.dll" adapterTypeName="executor://xunit/VsTestRunner2" className="Microsoft.VisualStudio.Services.Agent.Tests.NodeHandlerL0" name="UseNewNodeForNodeHandlerHostContextVarSet" />
    </UnitTest>
    <UnitTest name="Microsoft.VisualStudio.Services.Agent.Tests.Worker.Build.BuildJobExtensionL0.CheckMultiRepoWithPathInputToCustomPath" storage="c:\users\ComputerName\src\test\bin\debug\net6\win-x64\test.dll" id="38979ce7-ea12-2e83-8f59-5528d01b2c3a">
      <Execution id="563c9afb-9c21-49e7-b604-5e878f20b74f" />
      <TestMethod codeBase="C:\Users\ComputerName\src\Test\bin\Debug\net6\win-x64\Test.dll" adapterTypeName="executor://xunit/VsTestRunner2" className="Microsoft.VisualStudio.Services.Agent.Tests.Worker.Build.BuildJobExtensionL0" name="CheckMultiRepoWithPathInputToCustomPath" />
    </UnitTest>
    <UnitTest name="Microsoft.VisualStudio.Services.Agent.Tests.Worker.WorkerL0.DispatchRunNewJob" storage="c:\users\ComputerName\src\test\bin\debug\net6\win-x64\test.dll" id="10894bfd-93a6-fd29-4b92-533f16b55256">
      <Execution id="dd53494e-37f4-47b1-ad48-be20f8c681cd" />
      <TestMethod codeBase="C:\Users\ComputerName\src\Test\bin\Debug\net6\win-x64\Test.dll" adapterTypeName="executor://xunit/VsTestRunner2" className="Microsoft.VisualStudio.Services.Agent.Tests.Worker.WorkerL0" name="DispatchRunNewJob" />
    </UnitTest>
    <UnitTest name="Microsoft.VisualStudio.Services.Agent.Tests.Worker.TestResults.XUnitResultReaderTests.ResultsWithoutMandatoryFieldsAreSkipped" storage="c:\users\ComputerName\src\test\bin\debug\net6\win-x64\test.dll" id="2e4a02d7-5c2e-2e40-c0de-cb18b30d11aa">
      <Execution id="6cf629bd-dea8-408a-ba0e-a2b313be1c1c" />
      <TestMethod codeBase="C:\Users\ComputerName\src\Test\bin\Debug\net6\win-x64\Test.dll" adapterTypeName="executor://xunit/VsTestRunner2" className="Microsoft.VisualStudio.Services.Agent.Tests.Worker.TestResults.XUnitResultReaderTests" name="ResultsWithoutMandatoryFieldsAreSkipped" />
    </UnitTest>
    <UnitTest name="Microsoft.VisualStudio.Services.Agent.Tests.Worker.Build.TfsVCCommandManagerL0.FeaturesEnumHasCorrectValues" storage="c:\users\ComputerName\src\test\bin\debug\net6\win-x64\test.dll" id="7514f387-da0f-a4c8-653e-14dd3464775e">
      <Execution id="86972f99-0a20-47a6-9b39-1f1847233039" />
      <TestMethod codeBase="C:\Users\ComputerName\src\Test\bin\Debug\net6\win-x64\Test.dll" adapterTypeName="executor://xunit/VsTestRunner2" className="Microsoft.VisualStudio.Services.Agent.Tests.Worker.Build.TfsVCCommandManagerL0" name="FeaturesEnumHasCorrectValues" />
    </UnitTest>
    <UnitTest name="Microsoft.VisualStudio.Services.Agent.Tests.Worker.WorkerL0.VerifyJobRequestMessagePiiDataIsScrubbed" storage="c:\users\ComputerName\src\test\bin\debug\net6\win-x64\test.dll" id="4ba9306c-e5c1-78fa-7557-13deb492fa13">
      <Execution id="9a9bc748-625e-4f5e-ab5a-4490d6e2f6dc" />
      <TestMethod codeBase="C:\Users\ComputerName\src\Test\bin\Debug\net6\win-x64\Test.dll" adapterTypeName="executor://xunit/VsTestRunner2" className="Microsoft.VisualStudio.Services.Agent.Tests.Worker.WorkerL0" name="VerifyJobRequestMessagePiiDataIsScrubbed" />
    </UnitTest>
    <UnitTest name="Microsoft.VisualStudio.Services.Agent.Tests.SecretMaskerL0.SecretMaskerTests_HandlesEmptyInput" storage="c:\users\ComputerName\src\test\bin\debug\net6\win-x64\test.dll" id="715e7d15-875a-3480-c3c1-bea7058f25ab">
      <Execution id="2e1ed718-b117-4e07-b181-41cbfbc5d2b3" />
      <TestMethod codeBase="C:\Users\ComputerName\src\Test\bin\Debug\net6\win-x64\Test.dll" adapterTypeName="executor://xunit/VsTestRunner2" className="Microsoft.VisualStudio.Services.Agent.Tests.SecretMaskerL0" name="SecretMaskerTests_HandlesEmptyInput" />
    </UnitTest>
    <UnitTest name="Microsoft.VisualStudio.Services.Agent.Tests.HostContextL0.UrlSecretsAreMasked(input: &quot;https://user:pass@example.com/path&quot;, expected: &quot;https://user:***@example.com/path&quot;)" storage="c:\users\ComputerName\src\test\bin\debug\net6\win-x64\test.dll" id="a0b99aca-5bd9-80cf-f661-53513b9b303e">
      <Execution id="70439431-9907-4a3d-8cbe-cd0db08a5c25" />
      <TestMethod codeBase="C:\Users\ComputerName\src\Test\bin\Debug\net6\win-x64\Test.dll" adapterTypeName="executor://xunit/VsTestRunner2" className="Microsoft.VisualStudio.Services.Agent.Tests.HostContextL0" name="UrlSecretsAreMasked (d97fb8e2ce141a895eb20c1b7873b224d75746e9)" />
    </UnitTest>
    <UnitTest name="Microsoft.VisualStudio.Services.Agent.Tests.HostContextL0.GetServiceReturnsSingleton" storage="c:\users\ComputerName\src\test\bin\debug\net6\win-x64\test.dll" id="bf3eebf7-2346-5d67-2192-aecdd3ed986d">
      <Execution id="6e5775ed-632f-4859-94f8-008077781c5e" />
      <TestMethod codeBase="C:\Users\ComputerName\src\Test\bin\Debug\net6\win-x64\Test.dll" adapterTypeName="executor://xunit/VsTestRunner2" className="Microsoft.VisualStudio.Services.Agent.Tests.HostContextL0" name="GetServiceReturnsSingleton" />
    </UnitTest>
    <UnitTest name="Test.L0.Worker.Build.WorkspaceMaintenanceProvicerL0.ShouldNotMarkForGarbageCollectionIfThresholdIsZero" storage="c:\users\ComputerName\src\test\bin\debug\net6\win-x64\test.dll" id="837bc1e9-9426-7596-fab7-a078114c6534">
      <Execution id="55ae4580-a529-49b6-9a80-39195d98c826" />
      <TestMethod codeBase="C:\Users\ComputerName\src\Test\bin\Debug\net6\win-x64\Test.dll" adapterTypeName="executor://xunit/VsTestRunner2" className="Test.L0.Worker.Build.WorkspaceMaintenanceProvicerL0" name="ShouldNotMarkForGarbageCollectionIfThresholdIsZero" />
    </UnitTest>
    <UnitTest name="Microsoft.VisualStudio.Services.Agent.Tests.Worker.Build.TfsVCSourceProviderL0.NormalizesSingleLevelServerPath" storage="c:\users\ComputerName\src\test\bin\debug\net6\win-x64\test.dll" id="db9a35ba-63ac-1467-3d7e-76467e244d0e">
      <Execution id="66c0cc9e-a64c-42af-8399-c6ffaecf7352" />
      <TestMethod codeBase="C:\Users\ComputerName\src\Test\bin\Debug\net6\win-x64\Test.dll" adapterTypeName="executor://xunit/VsTestRunner2" className="Microsoft.VisualStudio.Services.Agent.Tests.Worker.Build.TfsVCSourceProviderL0" name="NormalizesSingleLevelServerPath" />
    </UnitTest>
    <UnitTest name="Microsoft.VisualStudio.Services.Agent.Tests.Worker.TaskManagerL0.PreservesTaskZipTaskWhenAlwaysExtractTask" storage="c:\users\ComputerName\src\test\bin\debug\net6\win-x64\test.dll" id="08e2c69e-47c2-997b-9de6-be96c52044c3">
      <Execution id="6686d46b-94c8-4ae9-b7d6-eb83cdc6d335" />
      <TestMethod codeBase="C:\Users\ComputerName\src\Test\bin\Debug\net6\win-x64\Test.dll" adapterTypeName="executor://xunit/VsTestRunner2" className="Microsoft.VisualStudio.Services.Agent.Tests.Worker.TaskManagerL0" name="PreservesTaskZipTaskWhenAlwaysExtractTask" />
    </UnitTest>
    <UnitTest name="Microsoft.VisualStudio.Services.Agent.Tests.Plugin.RepositoryPluginL0.RepositoryPlugin_CleanupTask_MergesCheckoutOptions" storage="c:\users\ComputerName\src\test\bin\debug\net6\win-x64\test.dll" id="7a79a2ec-f06b-932a-d725-dded02f6c9ce">
      <Execution id="7b3bd36e-7b17-4a09-a114-de9d77ca38c8" />
      <TestMethod codeBase="C:\Users\ComputerName\src\Test\bin\Debug\net6\win-x64\Test.dll" adapterTypeName="executor://xunit/VsTestRunner2" className="Microsoft.VisualStudio.Services.Agent.Tests.Plugin.RepositoryPluginL0" name="RepositoryPlugin_CleanupTask_MergesCheckoutOptions" />
    </UnitTest>
    <UnitTest name="Microsoft.VisualStudio.Services.Agent.Tests.Worker.Results.CTestResultReaderTests.VerifyCTestReadResultsDoesNotFailWithoutStartTime" storage="c:\users\ComputerName\src\test\bin\debug\net6\win-x64\test.dll" id="45a115d3-72dd-4762-a998-e33b0e29508e">
      <Execution id="a75648cc-c497-40c5-9cdc-774229861c39" />
      <TestMethod codeBase="C:\Users\ComputerName\src\Test\bin\Debug\net6\win-x64\Test.dll" adapterTypeName="executor://xunit/VsTestRunner2" className="Microsoft.VisualStudio.Services.Agent.Tests.Worker.Results.CTestResultReaderTests" name="VerifyCTestReadResultsDoesNotFailWithoutStartTime" />
    </UnitTest>
    <UnitTest name="Microsoft.VisualStudio.Services.Agent.Tests.Util.RepositoryUtilL0.IsPrimaryRepositoryName_should_work_correctly" storage="c:\users\ComputerName\src\test\bin\debug\net6\win-x64\test.dll" id="9e2be9d8-283a-e3cd-7db7-33461e46f42f">
      <Execution id="e36d0dc0-7433-4f60-8b64-ca83e2a5e2ac" />
      <TestMethod codeBase="C:\Users\ComputerName\src\Test\bin\Debug\net6\win-x64\Test.dll" adapterTypeName="executor://xunit/VsTestRunner2" className="Microsoft.VisualStudio.Services.Agent.Tests.Util.RepositoryUtilL0" name="IsPrimaryRepositoryName_should_work_correctly" />
    </UnitTest>
    <UnitTest name="Microsoft.VisualStudio.Services.Agent.Tests.Util.StringUtilL0.DeactivateVsoCommandsFromStringTest(input: &quot;##vso[task.setvariable variable=testVar]a&quot;, expected: &quot;**vso[task.setvariable variable=testVar]a&quot;)" storage="c:\users\ComputerName\src\test\bin\debug\net6\win-x64\test.dll" id="bac24a13-f05c-ffd9-068a-e0ef73e7ca43">
      <Execution id="39b783b0-d9c6-46ad-af6a-64badc1b8547" />
      <TestMethod codeBase="C:\Users\ComputerName\src\Test\bin\Debug\net6\win-x64\Test.dll" adapterTypeName="executor://xunit/VsTestRunner2" className="Microsoft.VisualStudio.Services.Agent.Tests.Util.StringUtilL0" name="DeactivateVsoCommandsFromStringTest (87529bcee50a1adaec3dd4b17fb454e8939f99fa)" />
    </UnitTest>
    <UnitTest name="Microsoft.VisualStudio.Services.Agent.Tests.Util.IOUtilL0.ResolvePathWindows" storage="c:\users\ComputerName\src\test\bin\debug\net6\win-x64\test.dll" id="7fbb24a9-b374-8e54-56b0-4538e1b554ac">
      <Execution id="306f5a3d-c0fd-4544-a831-bc15e085ef9e" />
      <TestMethod codeBase="C:\Users\ComputerName\src\Test\bin\Debug\net6\win-x64\Test.dll" adapterTypeName="executor://xunit/VsTestRunner2" className="Microsoft.VisualStudio.Services.Agent.Tests.Util.IOUtilL0" name="ResolvePathWindows" />
    </UnitTest>
    <UnitTest name="Microsoft.VisualStudio.Services.Agent.Tests.Worker.TestResults.TrxReaderTests.VerifyRunTypeIsSet" storage="c:\users\ComputerName\src\test\bin\debug\net6\win-x64\test.dll" id="05b9a7d5-63a4-2078-f2e6-4dfb44422a2b">
      <Execution id="ac8fce35-7921-43e3-be0d-2d0b6553a665" />
      <TestMethod codeBase="C:\Users\ComputerName\src\Test\bin\Debug\net6\win-x64\Test.dll" adapterTypeName="executor://xunit/VsTestRunner2" className="Microsoft.VisualStudio.Services.Agent.Tests.Worker.TestResults.TrxReaderTests" name="VerifyRunTypeIsSet" />
    </UnitTest>
    <UnitTest name="Microsoft.VisualStudio.Services.Agent.Tests.Worker.Build.GitSourceProviderL0.TestSetGitConfiguration(featureFlagsStatus: True)" storage="c:\users\ComputerName\src\test\bin\debug\net6\win-x64\test.dll" id="742ca703-c9c2-05a5-b79c-6264d1815f3f">
      <Execution id="5e97e764-e83b-43b8-89e6-818cf71e851b" />
      <TestMethod codeBase="C:\Users\ComputerName\src\Test\bin\Debug\net6\win-x64\Test.dll" adapterTypeName="executor://xunit/VsTestRunner2" className="Microsoft.VisualStudio.Services.Agent.Tests.Worker.Build.GitSourceProviderL0" name="TestSetGitConfiguration (a05c94f00477ffd3f0e653455eff95ee514ebb8f)" />
    </UnitTest>
    <UnitTest name="Microsoft.VisualStudio.Services.Agent.Tests.Worker.VariablesL0.Constructor_SkipVariableWithEmptyName" storage="c:\users\ComputerName\src\test\bin\debug\net6\win-x64\test.dll" id="44e0175b-a3d8-afab-c8bf-5aa947e25118">
      <Execution id="45a8e026-237c-4deb-af07-d7b0b04f0494" />
      <TestMethod codeBase="C:\Users\ComputerName\src\Test\bin\Debug\net6\win-x64\Test.dll" adapterTypeName="executor://xunit/VsTestRunner2" className="Microsoft.VisualStudio.Services.Agent.Tests.Worker.VariablesL0" name="Constructor_SkipVariableWithEmptyName" />
    </UnitTest>
    <UnitTest name="Test.L0.Worker.Handlers.ProcessHandlerHelperL0.ArgsValidation_Failes(inputArgs: &quot;%%var%&quot;, envVarValue: &quot;1 &amp; echo 23&quot;)" storage="c:\users\ComputerName\src\test\bin\debug\net6\win-x64\test.dll" id="ed81fa4c-0166-7717-3008-648f7efa36e2">
      <Execution id="8e71c147-4440-41b4-9a4e-a88a75f7ab2a" />
      <TestMethod codeBase="C:\Users\ComputerName\src\Test\bin\Debug\net6\win-x64\Test.dll" adapterTypeName="executor://xunit/VsTestRunner2" className="Test.L0.Worker.Handlers.ProcessHandlerHelperL0" name="ArgsValidation_Failes (d53afabe76800da5b94f7802b634f92b45e92b17)" />
    </UnitTest>
    <UnitTest name="Microsoft.VisualStudio.Services.Agent.Tests.Worker.TestResults.XUnitResultReaderTests.VerifyTestCaseCompletedDate" storage="c:\users\ComputerName\src\test\bin\debug\net6\win-x64\test.dll" id="ae87f8f2-b881-5c1c-a18f-c580c69c6433">
      <Execution id="059f7b03-dd33-446b-bf0a-4cbc5e67aa71" />
      <TestMethod codeBase="C:\Users\ComputerName\src\Test\bin\Debug\net6\win-x64\Test.dll" adapterTypeName="executor://xunit/VsTestRunner2" className="Microsoft.VisualStudio.Services.Agent.Tests.Worker.TestResults.XUnitResultReaderTests" name="VerifyTestCaseCompletedDate" />
    </UnitTest>
    <UnitTest name="Microsoft.VisualStudio.Services.Agent.Tests.Util.IOUtilL0.DeleteFile_DeletesFile" storage="c:\users\ComputerName\src\test\bin\debug\net6\win-x64\test.dll" id="ce33eb2c-09a8-96d2-e35e-90ea3b4b0250">
      <Execution id="96e34ffc-0564-45c1-86d7-bc7c70dcca53" />
      <TestMethod codeBase="C:\Users\ComputerName\src\Test\bin\Debug\net6\win-x64\Test.dll" adapterTypeName="executor://xunit/VsTestRunner2" className="Microsoft.VisualStudio.Services.Agent.Tests.Util.IOUtilL0" name="DeleteFile_DeletesFile" />
    </UnitTest>
    <UnitTest name="Microsoft.VisualStudio.Services.Agent.Tests.Worker.WorkerL0.DispatchCancellation" storage="c:\users\ComputerName\src\test\bin\debug\net6\win-x64\test.dll" id="1e5d00ca-54ba-ad24-7c3e-71796a1761cf">
      <Execution id="f5ef11ac-0bd1-4bce-97b1-4161b11b9ed0" />
      <TestMethod codeBase="C:\Users\ComputerName\src\Test\bin\Debug\net6\win-x64\Test.dll" adapterTypeName="executor://xunit/VsTestRunner2" className="Microsoft.VisualStudio.Services.Agent.Tests.Worker.WorkerL0" name="DispatchCancellation" />
    </UnitTest>
    <UnitTest name="Microsoft.VisualStudio.Services.Agent.Tests.Worker.SetVariableRestrictionsL0.EmptyAllowed" storage="c:\users\ComputerName\src\test\bin\debug\net6\win-x64\test.dll" id="79e92db1-d029-d256-5fd4-f4807b5c3377">
      <Execution id="c8fd3aff-70f2-496c-9d14-44a04b4b0991" />
      <TestMethod codeBase="C:\Users\ComputerName\src\Test\bin\Debug\net6\win-x64\Test.dll" adapterTypeName="executor://xunit/VsTestRunner2" className="Microsoft.VisualStudio.Services.Agent.Tests.Worker.SetVariableRestrictionsL0" name="EmptyAllowed" />
    </UnitTest>
    <UnitTest name="Microsoft.VisualStudio.Services.Agent.Tests.Worker.TestResults.JunitResultReaderTests.PublishBasicJUnitResults" storage="c:\users\ComputerName\src\test\bin\debug\net6\win-x64\test.dll" id="b96a5a5b-655b-e131-ffe7-3dd7b102ce45">
      <Execution id="ea0c8e34-d4e9-4082-ae34-6b4ff542e2f3" />
      <TestMethod codeBase="C:\Users\ComputerName\src\Test\bin\Debug\net6\win-x64\Test.dll" adapterTypeName="executor://xunit/VsTestRunner2" className="Microsoft.VisualStudio.Services.Agent.Tests.Worker.TestResults.JunitResultReaderTests" name="PublishBasicJUnitResults" />
    </UnitTest>
    <UnitTest name="Microsoft.VisualStudio.Services.Agent.Tests.Worker.TestResults.TrxReaderTests.ThereAreNoResultsWithInvalidGuid" storage="c:\users\ComputerName\src\test\bin\debug\net6\win-x64\test.dll" id="38a5f0fa-5671-0093-18c3-ccbade3c958d">
      <Execution id="ab56fbf0-d4df-411c-8956-47d30e902dee" />
      <TestMethod codeBase="C:\Users\ComputerName\src\Test\bin\Debug\net6\win-x64\Test.dll" adapterTypeName="executor://xunit/VsTestRunner2" className="Microsoft.VisualStudio.Services.Agent.Tests.Worker.TestResults.TrxReaderTests" name="ThereAreNoResultsWithInvalidGuid" />
    </UnitTest>
    <UnitTest name="Microsoft.VisualStudio.Services.Agent.Tests.Worker.TestResults.TrxReaderTests.VerifyRunLevelResultsFileAbsentIfSkipFlagIsSet" storage="c:\users\ComputerName\src\test\bin\debug\net6\win-x64\test.dll" id="23b58a76-0282-fb93-06ee-d3559e0c1e2c">
      <Execution id="f784d36c-0076-42be-8fd2-cea399695bbf" />
      <TestMethod codeBase="C:\Users\ComputerName\src\Test\bin\Debug\net6\win-x64\Test.dll" adapterTypeName="executor://xunit/VsTestRunner2" className="Microsoft.VisualStudio.Services.Agent.Tests.Worker.TestResults.TrxReaderTests" name="VerifyRunLevelResultsFileAbsentIfSkipFlagIsSet" />
    </UnitTest>
    <UnitTest name="Microsoft.VisualStudio.Services.Agent.Tests.Worker.TaskCommandExtensionL0.SetEndpointUrlWithInvalidValue" storage="c:\users\ComputerName\src\test\bin\debug\net6\win-x64\test.dll" id="35e9fdf7-c260-0dbb-c09d-6a3cdafce44b">
      <Execution id="3e5759ef-9a18-4702-a77b-b1bca9c906a0" />
      <TestMethod codeBase="C:\Users\ComputerName\src\Test\bin\Debug\net6\win-x64\Test.dll" adapterTypeName="executor://xunit/VsTestRunner2" className="Microsoft.VisualStudio.Services.Agent.Tests.Worker.TaskCommandExtensionL0" name="SetEndpointUrlWithInvalidValue" />
    </UnitTest>
    <UnitTest name="Microsoft.VisualStudio.Services.Agent.Tests.Worker.Build.TrackingConfigL0.TrackingConfig_ctor_should_fill_in_fields_correctly" storage="c:\users\ComputerName\src\test\bin\debug\net6\win-x64\test.dll" id="cc4fdcfd-af89-1d3b-7c47-c7556037c82d">
      <Execution id="a697c968-f32f-4329-b0e6-fa3d77cb113e" />
      <TestMethod codeBase="C:\Users\ComputerName\src\Test\bin\Debug\net6\win-x64\Test.dll" adapterTypeName="executor://xunit/VsTestRunner2" className="Microsoft.VisualStudio.Services.Agent.Tests.Worker.Build.TrackingConfigL0" name="TrackingConfig_ctor_should_fill_in_fields_correctly" />
    </UnitTest>
    <UnitTest name="Microsoft.VisualStudio.Services.Agent.Tests.Worker.Telemetry.TelemetryCommandExtensionTests.PublishTelemetryCommandForInBoxTask" storage="c:\users\ComputerName\src\test\bin\debug\net6\win-x64\test.dll" id="9e8c0134-147f-ddad-226d-9a74c839e14c">
      <Execution id="8fd050e0-92c4-4999-9f29-bc4dc383aadf" />
      <TestMethod codeBase="C:\Users\ComputerName\src\Test\bin\Debug\net6\win-x64\Test.dll" adapterTypeName="executor://xunit/VsTestRunner2" className="Microsoft.VisualStudio.Services.Agent.Tests.Worker.Telemetry.TelemetryCommandExtensionTests" name="PublishTelemetryCommandForInBoxTask" />
    </UnitTest>
    <UnitTest name="Microsoft.VisualStudio.Services.Agent.Tests.Listener.AgentL0.TestConfigureCLI(arg: &quot;configure&quot;, IsConfigured: True, expected: 0)" storage="c:\users\ComputerName\src\test\bin\debug\net6\win-x64\test.dll" id="6798c48b-fb35-bc8c-ad7b-5c171f86f94c">
      <Execution id="96e9d65b-0e06-4c6d-8ca8-ed47be1013d7" />
      <TestMethod codeBase="C:\Users\ComputerName\src\Test\bin\Debug\net6\win-x64\Test.dll" adapterTypeName="executor://xunit/VsTestRunner2" className="Microsoft.VisualStudio.Services.Agent.Tests.Listener.AgentL0" name="TestConfigureCLI (ade00e8807f3ca8806f92840fbfac13b60aa8308)" />
    </UnitTest>
    <UnitTest name="Microsoft.VisualStudio.Services.Agent.Tests.Worker.JobRunnerL0.UpdateWebConsoleLineRateIfJobServerQueueIsNotNullMSI" storage="c:\users\ComputerName\src\test\bin\debug\net6\win-x64\test.dll" id="f64346ba-200b-38c0-29a9-b66378a8610a">
      <Execution id="08448fcc-21e1-48a8-9741-16bc6116cc7b" />
      <TestMethod codeBase="C:\Users\ComputerName\src\Test\bin\Debug\net6\win-x64\Test.dll" adapterTypeName="executor://xunit/VsTestRunner2" className="Microsoft.VisualStudio.Services.Agent.Tests.Worker.JobRunnerL0" name="UpdateWebConsoleLineRateIfJobServerQueueIsNotNullMSI" />
    </UnitTest>
    <UnitTest name="Microsoft.VisualStudio.Services.Agent.Tests.Worker.Telemetry.TelemetryCommandExtensionTests.PublishTelemetryWithoutCiData" storage="c:\users\ComputerName\src\test\bin\debug\net6\win-x64\test.dll" id="a98d00a2-03ad-797e-3c09-3072f8c1aa00">
      <Execution id="2536da09-5267-4634-9e03-f529637cdc25" />
      <TestMethod codeBase="C:\Users\ComputerName\src\Test\bin\Debug\net6\win-x64\Test.dll" adapterTypeName="executor://xunit/VsTestRunner2" className="Microsoft.VisualStudio.Services.Agent.Tests.Worker.Telemetry.TelemetryCommandExtensionTests" name="PublishTelemetryWithoutCiData" />
    </UnitTest>
    <UnitTest name="Microsoft.VisualStudio.Services.Agent.Tests.Worker.Results.CTestResultReaderTests.VerifyStackTraceForFailedTest" storage="c:\users\ComputerName\src\test\bin\debug\net6\win-x64\test.dll" id="e1a727d9-02dd-90f4-e055-0243bfaa4e7c">
      <Execution id="cb0e5019-34fa-49ca-8f4a-3aa12aaed582" />
      <TestMethod codeBase="C:\Users\ComputerName\src\Test\bin\Debug\net6\win-x64\Test.dll" adapterTypeName="executor://xunit/VsTestRunner2" className="Microsoft.VisualStudio.Services.Agent.Tests.Worker.Results.CTestResultReaderTests" name="VerifyStackTraceForFailedTest" />
    </UnitTest>
    <UnitTest name="Microsoft.VisualStudio.Services.Agent.Tests.Worker.VariablesL0.IsReadOnly_ListContainsAllReadOnlyVariables" storage="c:\users\ComputerName\src\test\bin\debug\net6\win-x64\test.dll" id="739a9e9d-2a46-9408-37c7-e75d0066127d">
      <Execution id="ba682eef-f6a2-4d1a-8c4e-a908742e97ba" />
      <TestMethod codeBase="C:\Users\ComputerName\src\Test\bin\Debug\net6\win-x64\Test.dll" adapterTypeName="executor://xunit/VsTestRunner2" className="Microsoft.VisualStudio.Services.Agent.Tests.Worker.VariablesL0" name="IsReadOnly_ListContainsAllReadOnlyVariables" />
    </UnitTest>
    <UnitTest name="Test.L0.Worker.PluginInternalUpdateRepositoryPathCommandL0.Execute_should_set_paths_appropriately_for_nonSelf_repo" storage="c:\users\ComputerName\src\test\bin\debug\net6\win-x64\test.dll" id="7afee3c4-b1e7-4ea3-8ced-fac198d29497">
      <Execution id="a68c6728-827e-45b2-adda-1b015ae5c481" />
      <TestMethod codeBase="C:\Users\ComputerName\src\Test\bin\Debug\net6\win-x64\Test.dll" adapterTypeName="executor://xunit/VsTestRunner2" className="Test.L0.Worker.PluginInternalUpdateRepositoryPathCommandL0" name="Execute_should_set_paths_appropriately_for_nonSelf_repo" />
    </UnitTest>
    <UnitTest name="Microsoft.VisualStudio.Services.Agent.Tests.Util.UrlUtilL0.GetCredentialEmbeddedUrl_NoUsername" storage="c:\users\ComputerName\src\test\bin\debug\net6\win-x64\test.dll" id="dff6063f-4e58-855f-ab22-c7697bdbab6e">
      <Execution id="867b2322-ae54-44fc-9c3d-9cfc87f63293" />
      <TestMethod codeBase="C:\Users\ComputerName\src\Test\bin\Debug\net6\win-x64\Test.dll" adapterTypeName="executor://xunit/VsTestRunner2" className="Microsoft.VisualStudio.Services.Agent.Tests.Util.UrlUtilL0" name="GetCredentialEmbeddedUrl_NoUsername" />
    </UnitTest>
    <UnitTest name="Microsoft.VisualStudio.Services.Agent.Tests.Worker.VariablesL0.Constructor_ExpandsValueWithPreceedingPrefix" storage="c:\users\ComputerName\src\test\bin\debug\net6\win-x64\test.dll" id="55fe5e66-7a36-ad4f-1c2c-2692cef7ee7e">
      <Execution id="98a5cc99-adc7-481e-a83b-690f0f67de5b" />
      <TestMethod codeBase="C:\Users\ComputerName\src\Test\bin\Debug\net6\win-x64\Test.dll" adapterTypeName="executor://xunit/VsTestRunner2" className="Microsoft.VisualStudio.Services.Agent.Tests.Worker.VariablesL0" name="Constructor_ExpandsValueWithPreceedingPrefix" />
    </UnitTest>
    <UnitTest name="Microsoft.VisualStudio.Services.Agent.Tests.Worker.Build.GitSourceProviderL0.GetSourceGitClone" storage="c:\users\ComputerName\src\test\bin\debug\net6\win-x64\test.dll" id="7c7d265e-8677-b835-b951-cc8602cae005">
      <Execution id="e83ac5e9-5474-4635-9363-1b565ee27f28" />
      <TestMethod codeBase="C:\Users\ComputerName\src\Test\bin\Debug\net6\win-x64\Test.dll" adapterTypeName="executor://xunit/VsTestRunner2" className="Microsoft.VisualStudio.Services.Agent.Tests.Worker.Build.GitSourceProviderL0" name="GetSourceGitClone" />
    </UnitTest>
    <UnitTest name="Microsoft.VisualStudio.Services.Agent.Tests.KnobL0.PipelineFeatureKnobTest" storage="c:\users\ComputerName\src\test\bin\debug\net6\win-x64\test.dll" id="3318c4b7-b58d-8423-2912-e6b37d3ce7b7">
      <Execution id="ae761808-4ed5-4cdb-aad5-0468dfe6e439" />
      <TestMethod codeBase="C:\Users\ComputerName\src\Test\bin\Debug\net6\win-x64\Test.dll" adapterTypeName="executor://xunit/VsTestRunner2" className="Microsoft.VisualStudio.Services.Agent.Tests.KnobL0" name="PipelineFeatureKnobTest" />
    </UnitTest>
    <UnitTest name="Microsoft.VisualStudio.Services.Agent.Tests.Worker.TestResults.XUnitResultReaderTests.ReadResultsReturnsCorrectValues" storage="c:\users\ComputerName\src\test\bin\debug\net6\win-x64\test.dll" id="4271fb94-1b1a-1235-a75a-c55bfb83c2de">
      <Execution id="1c6e3407-bba9-4a8e-af7b-abd2be740ad2" />
      <TestMethod codeBase="C:\Users\ComputerName\src\Test\bin\Debug\net6\win-x64\Test.dll" adapterTypeName="executor://xunit/VsTestRunner2" className="Microsoft.VisualStudio.Services.Agent.Tests.Worker.TestResults.XUnitResultReaderTests" name="ReadResultsReturnsCorrectValues" />
    </UnitTest>
    <UnitTest name="Microsoft.VisualStudio.Services.Agent.Tests.CommandSettingsL0.PromptsForAgent" storage="c:\users\ComputerName\src\test\bin\debug\net6\win-x64\test.dll" id="e303ce3e-ecac-0140-6f74-7122eaf9fcc9">
      <Execution id="a58d3977-86e3-4c03-b93e-ef0916eed0b3" />
      <TestMethod codeBase="C:\Users\ComputerName\src\Test\bin\Debug\net6\win-x64\Test.dll" adapterTypeName="executor://xunit/VsTestRunner2" className="Microsoft.VisualStudio.Services.Agent.Tests.CommandSettingsL0" name="PromptsForAgent" />
    </UnitTest>
    <UnitTest name="Microsoft.VisualStudio.Services.Agent.Tests.Util.TaskResultUtilL0.TaskResultsMerge" storage="c:\users\ComputerName\src\test\bin\debug\net6\win-x64\test.dll" id="75078001-c7b5-0dda-9dba-a081ef1ebc2e">
      <Execution id="c81b0397-32b3-4c49-af6c-af86b99a19b3" />
      <TestMethod codeBase="C:\Users\ComputerName\src\Test\bin\Debug\net6\win-x64\Test.dll" adapterTypeName="executor://xunit/VsTestRunner2" className="Microsoft.VisualStudio.Services.Agent.Tests.Util.TaskResultUtilL0" name="TaskResultsMerge" />
    </UnitTest>
    <UnitTest name="Microsoft.VisualStudio.Services.Agent.Tests.L0.Util.WindowsProcessUtilL0.Test_GetParentProcessId_ViaInterop" storage="c:\users\ComputerName\src\test\bin\debug\net6\win-x64\test.dll" id="839f7440-45f8-592b-e6ec-4ea16af9f788">
      <Execution id="8a8027a2-1b79-4bbb-97d7-c67c99070a0d" />
      <TestMethod codeBase="C:\Users\ComputerName\src\Test\bin\Debug\net6\win-x64\Test.dll" adapterTypeName="executor://xunit/VsTestRunner2" className="Microsoft.VisualStudio.Services.Agent.Tests.L0.Util.WindowsProcessUtilL0" name="Test_GetParentProcessId_ViaInterop" />
    </UnitTest>
    <UnitTest name="Microsoft.VisualStudio.Services.Agent.Tests.Worker.Results.CTestResultReaderTests.VerifyTestCaseDurationWhenTestCaseTimeIsInSeconds" storage="c:\users\ComputerName\src\test\bin\debug\net6\win-x64\test.dll" id="7fbe7fc9-2d62-06dd-68ef-3e98664491c2">
      <Execution id="4cab9a05-9672-417e-bf20-6afb2a7eb12a" />
      <TestMethod codeBase="C:\Users\ComputerName\src\Test\bin\Debug\net6\win-x64\Test.dll" adapterTypeName="executor://xunit/VsTestRunner2" className="Microsoft.VisualStudio.Services.Agent.Tests.Worker.Results.CTestResultReaderTests" name="VerifyTestCaseDurationWhenTestCaseTimeIsInSeconds" />
    </UnitTest>
    <UnitTest name="Microsoft.VisualStudio.Services.Agent.Tests.Worker.VariablesL0.ExpandValues_DoesNotRecurse" storage="c:\users\ComputerName\src\test\bin\debug\net6\win-x64\test.dll" id="61a88dc9-9849-5c2f-2bae-af46d7f81aaa">
      <Execution id="3e2d780e-f8cf-4158-86d1-a291eaa51afd" />
      <TestMethod codeBase="C:\Users\ComputerName\src\Test\bin\Debug\net6\win-x64\Test.dll" adapterTypeName="executor://xunit/VsTestRunner2" className="Microsoft.VisualStudio.Services.Agent.Tests.Worker.VariablesL0" name="ExpandValues_DoesNotRecurse" />
    </UnitTest>
    <UnitTest name="Microsoft.VisualStudio.Services.Agent.Tests.Listener.JobDispatcherL0.DispatchesJobRequest" storage="c:\users\ComputerName\src\test\bin\debug\net6\win-x64\test.dll" id="5ea7ad57-87ac-f631-1f52-1ddd4adaff54">
      <Execution id="ac0003f1-8d6b-4a20-bfcb-8a088ef1d696" />
      <TestMethod codeBase="C:\Users\ComputerName\src\Test\bin\Debug\net6\win-x64\Test.dll" adapterTypeName="executor://xunit/VsTestRunner2" className="Microsoft.VisualStudio.Services.Agent.Tests.Listener.JobDispatcherL0" name="DispatchesJobRequest" />
    </UnitTest>
    <UnitTest name="Microsoft.VisualStudio.Services.Agent.Tests.Worker.TestResults.JunitResultReaderTests.PublishBasicJUnitResultsAddsResultsFileByDefault" storage="c:\users\ComputerName\src\test\bin\debug\net6\win-x64\test.dll" id="17b7251f-b524-33c1-c962-54b88ff00ada">
      <Execution id="fd107409-e37c-4e1d-8387-dea9f6d92f57" />
      <TestMethod codeBase="C:\Users\ComputerName\src\Test\bin\Debug\net6\win-x64\Test.dll" adapterTypeName="executor://xunit/VsTestRunner2" className="Microsoft.VisualStudio.Services.Agent.Tests.Worker.TestResults.JunitResultReaderTests" name="PublishBasicJUnitResultsAddsResultsFileByDefault" />
    </UnitTest>
    <UnitTest name="Microsoft.VisualStudio.Services.Agent.Tests.HostContextL0.UrlSecretsAreMasked(input: &quot;https://example.com/@path&quot;, expected: &quot;https://example.com/@path&quot;)" storage="c:\users\ComputerName\src\test\bin\debug\net6\win-x64\test.dll" id="3843a884-9415-83f0-f3de-d93e391e9153">
      <Execution id="8b65e1e3-0a41-4ecd-9846-3a05352bef87" />
      <TestMethod codeBase="C:\Users\ComputerName\src\Test\bin\Debug\net6\win-x64\Test.dll" adapterTypeName="executor://xunit/VsTestRunner2" className="Microsoft.VisualStudio.Services.Agent.Tests.HostContextL0" name="UrlSecretsAreMasked (6663993f9492502816f7de4708bfdf059660c83b)" />
    </UnitTest>
    <UnitTest name="Microsoft.VisualStudio.Services.Agent.Tests.Worker.CodeCoverage.CodeCoverageCommandExtensionTests.PublishCCFilesWithOnlyReportDirectoryInput" storage="c:\users\ComputerName\src\test\bin\debug\net6\win-x64\test.dll" id="27891645-e866-96fc-bdc6-f0c21526247a">
      <Execution id="5be5400f-9c99-441b-994a-4614e5e49598" />
      <TestMethod codeBase="C:\Users\ComputerName\src\Test\bin\Debug\net6\win-x64\Test.dll" adapterTypeName="executor://xunit/VsTestRunner2" className="Microsoft.VisualStudio.Services.Agent.Tests.Worker.CodeCoverage.CodeCoverageCommandExtensionTests" name="PublishCCFilesWithOnlyReportDirectoryInput" />
    </UnitTest>
    <UnitTest name="Microsoft.VisualStudio.Services.Agent.Tests.Util.IOUtilL0.DeleteDirectory_DeletesWithRetry_IOException" storage="c:\users\ComputerName\src\test\bin\debug\net6\win-x64\test.dll" id="d5e7e33b-635a-2c2c-e9b0-758fd06b8705">
      <Execution id="483a7528-9246-4bab-bad9-d6fc16eeeeb5" />
      <TestMethod codeBase="C:\Users\ComputerName\src\Test\bin\Debug\net6\win-x64\Test.dll" adapterTypeName="executor://xunit/VsTestRunner2" className="Microsoft.VisualStudio.Services.Agent.Tests.Util.IOUtilL0" name="DeleteDirectory_DeletesWithRetry_IOException" />
    </UnitTest>
    <UnitTest name="Microsoft.VisualStudio.Services.Agent.Tests.PipelineCache.IsPathyTests.Fingerprint_IsPath" storage="c:\users\ComputerName\src\test\bin\debug\net6\win-x64\test.dll" id="88560b90-acba-fe69-b65b-2a2842d23232">
      <Execution id="9a3b1fbf-af5b-4cf7-8e40-5bac4f6a768a" />
      <TestMethod codeBase="C:\Users\ComputerName\src\Test\bin\Debug\net6\win-x64\Test.dll" adapterTypeName="executor://xunit/VsTestRunner2" className="Microsoft.VisualStudio.Services.Agent.Tests.PipelineCache.IsPathyTests" name="Fingerprint_IsPath" />
    </UnitTest>
    <UnitTest name="Microsoft.VisualStudio.Services.Agent.Tests.Worker.Build.GitSourceProviderL0.GetSourceGitFetchWithClean" storage="c:\users\ComputerName\src\test\bin\debug\net6\win-x64\test.dll" id="e87527c1-8f96-c6ef-bb41-c3eb47e65c5f">
      <Execution id="d5fe5bf6-0882-47e2-9d9e-61bf08a91064" />
      <TestMethod codeBase="C:\Users\ComputerName\src\Test\bin\Debug\net6\win-x64\Test.dll" adapterTypeName="executor://xunit/VsTestRunner2" className="Microsoft.VisualStudio.Services.Agent.Tests.Worker.Build.GitSourceProviderL0" name="GetSourceGitFetchWithClean" />
    </UnitTest>
    <UnitTest name="Microsoft.VisualStudio.Services.Agent.Tests.Worker.Release.ReleaseJobExtensionL0.GetRootedPathShouldReturnNullIfPathIsNull" storage="c:\users\ComputerName\src\test\bin\debug\net6\win-x64\test.dll" id="5e650431-0d07-6e53-2b15-ca6c0745fdb8">
      <Execution id="5c675022-f381-4d0b-b432-f8c8a9c88a7e" />
      <TestMethod codeBase="C:\Users\ComputerName\src\Test\bin\Debug\net6\win-x64\Test.dll" adapterTypeName="executor://xunit/VsTestRunner2" className="Microsoft.VisualStudio.Services.Agent.Tests.Worker.Release.ReleaseJobExtensionL0" name="GetRootedPathShouldReturnNullIfPathIsNull" />
    </UnitTest>
    <UnitTest name="Microsoft.VisualStudio.Services.Agent.Tests.Listener.PipelineParserL0.ScriptStep" storage="c:\users\ComputerName\src\test\bin\debug\net6\win-x64\test.dll" id="fb2c61f3-8767-f7f6-3847-93126679f557">
      <Execution id="57023453-ad19-4151-b199-f8b2d5e55829" />
      <TestMethod codeBase="C:\Users\ComputerName\src\Test\bin\Debug\net6\win-x64\Test.dll" adapterTypeName="executor://xunit/VsTestRunner2" className="Microsoft.VisualStudio.Services.Agent.Tests.Listener.PipelineParserL0" name="ScriptStep" />
    </UnitTest>
    <UnitTest name="Microsoft.VisualStudio.Services.Agent.Tests.SecretMaskerL0.IsUserInfoWithDigitsInNameMaskedCorrectly" storage="c:\users\ComputerName\src\test\bin\debug\net6\win-x64\test.dll" id="d20a08b9-d2cc-2c3b-abc2-e4e85d9d9880">
      <Execution id="5837cceb-2e8e-4058-956b-ba85103b1bcd" />
      <TestMethod codeBase="C:\Users\ComputerName\src\Test\bin\Debug\net6\win-x64\Test.dll" adapterTypeName="executor://xunit/VsTestRunner2" className="Microsoft.VisualStudio.Services.Agent.Tests.SecretMaskerL0" name="IsUserInfoWithDigitsInNameMaskedCorrectly" />
    </UnitTest>
    <UnitTest name="Microsoft.VisualStudio.Services.Agent.Tests.Worker.VariablesL0.Set_StoresValue" storage="c:\users\ComputerName\src\test\bin\debug\net6\win-x64\test.dll" id="9f2c7c17-9210-ffe0-332d-4c41473f2716">
      <Execution id="f34bf9cc-e7a1-4c66-894c-4c08d36ce167" />
      <TestMethod codeBase="C:\Users\ComputerName\src\Test\bin\Debug\net6\win-x64\Test.dll" adapterTypeName="executor://xunit/VsTestRunner2" className="Microsoft.VisualStudio.Services.Agent.Tests.Worker.VariablesL0" name="Set_StoresValue" />
    </UnitTest>
    <UnitTest name="Microsoft.VisualStudio.Services.Agent.Tests.Worker.JobExtensionL0.JobExtensioBuildStepsList" storage="c:\users\ComputerName\src\test\bin\debug\net6\win-x64\test.dll" id="711c46fb-541b-946e-a02f-dff7e79bdd04">
      <Execution id="9a865bb5-f42b-485e-9af0-e6065083dcdc" />
      <TestMethod codeBase="C:\Users\ComputerName\src\Test\bin\Debug\net6\win-x64\Test.dll" adapterTypeName="executor://xunit/VsTestRunner2" className="Microsoft.VisualStudio.Services.Agent.Tests.Worker.JobExtensionL0" name="JobExtensioBuildStepsList" />
    </UnitTest>
    <UnitTest name="Microsoft.VisualStudio.Services.Agent.Tests.Worker.Build.TrackingManagerL0.LoadsTrackingConfig_FileFormatVersion2" storage="c:\users\ComputerName\src\test\bin\debug\net6\win-x64\test.dll" id="2e6141c9-4c26-78a6-947c-43d6605f0669">
      <Execution id="2e46e6ef-a643-4ffc-a01f-2944e7c9859a" />
      <TestMethod codeBase="C:\Users\ComputerName\src\Test\bin\Debug\net6\win-x64\Test.dll" adapterTypeName="executor://xunit/VsTestRunner2" className="Microsoft.VisualStudio.Services.Agent.Tests.Worker.Build.TrackingManagerL0" name="LoadsTrackingConfig_FileFormatVersion2" />
    </UnitTest>
    <UnitTest name="Microsoft.VisualStudio.Services.Agent.Tests.Worker.JobRunnerL0.DontUploadDiagnosticLogIfEnvironmentVariableMissing" storage="c:\users\ComputerName\src\test\bin\debug\net6\win-x64\test.dll" id="0403b6bb-ea00-ecd1-a849-799ffa5b4bc4">
      <Execution id="e8006ceb-e4e4-4cfd-80f0-5939896664ab" />
      <TestMethod codeBase="C:\Users\ComputerName\src\Test\bin\Debug\net6\win-x64\Test.dll" adapterTypeName="executor://xunit/VsTestRunner2" className="Microsoft.VisualStudio.Services.Agent.Tests.Worker.JobRunnerL0" name="DontUploadDiagnosticLogIfEnvironmentVariableMissing" />
    </UnitTest>
    <UnitTest name="Microsoft.VisualStudio.Services.Agent.Tests.Worker.Release.FetchEngineL0.ShouldSupportCancellation" storage="c:\users\ComputerName\src\test\bin\debug\net6\win-x64\test.dll" id="b3136dca-c268-d2f2-1f77-d5ecbe0d2986">
      <Execution id="69a1d384-aa90-4d06-84d5-18967d1174f1" />
      <TestMethod codeBase="C:\Users\ComputerName\src\Test\bin\Debug\net6\win-x64\Test.dll" adapterTypeName="executor://xunit/VsTestRunner2" className="Microsoft.VisualStudio.Services.Agent.Tests.Worker.Release.FetchEngineL0" name="ShouldSupportCancellation" />
    </UnitTest>
    <UnitTest name="Microsoft.VisualStudio.Services.Agent.Tests.Util.ArgUtilL0.Equal_MatchesStructEquality" storage="c:\users\ComputerName\src\test\bin\debug\net6\win-x64\test.dll" id="773a39f7-ba06-3039-5e2b-9306fd017f20">
      <Execution id="7efd6f79-e60e-4d1e-bffd-bf8e96e247ad" />
      <TestMethod codeBase="C:\Users\ComputerName\src\Test\bin\Debug\net6\win-x64\Test.dll" adapterTypeName="executor://xunit/VsTestRunner2" className="Microsoft.VisualStudio.Services.Agent.Tests.Util.ArgUtilL0" name="Equal_MatchesStructEquality" />
    </UnitTest>
    <UnitTest name="Microsoft.VisualStudio.Services.Agent.Tests.Worker.Build.TfsVCSourceProvider_WorkspaceUtilL0.DoesNotMatch_Map_ServerPath" storage="c:\users\ComputerName\src\test\bin\debug\net6\win-x64\test.dll" id="ccd19e54-2db9-5d85-6689-22d74e8afc32">
      <Execution id="964d2ece-3c14-4962-9aa6-16858820fe3a" />
      <TestMethod codeBase="C:\Users\ComputerName\src\Test\bin\Debug\net6\win-x64\Test.dll" adapterTypeName="executor://xunit/VsTestRunner2" className="Microsoft.VisualStudio.Services.Agent.Tests.Worker.Build.TfsVCSourceProvider_WorkspaceUtilL0" name="DoesNotMatch_Map_ServerPath" />
    </UnitTest>
    <UnitTest name="Microsoft.VisualStudio.Services.Agent.Tests.Worker.TestResults.ParserTests.PublishNUnitResultFile" storage="c:\users\ComputerName\src\test\bin\debug\net6\win-x64\test.dll" id="2d7f93b9-dd64-3095-f956-6f4fda594685">
      <Execution id="ce46397e-cf12-4885-b3eb-a420e3398dd3" />
      <TestMethod codeBase="C:\Users\ComputerName\src\Test\bin\Debug\net6\win-x64\Test.dll" adapterTypeName="executor://xunit/VsTestRunner2" className="Microsoft.VisualStudio.Services.Agent.Tests.Worker.TestResults.ParserTests" name="PublishNUnitResultFile" />
    </UnitTest>
    <UnitTest name="Microsoft.VisualStudio.Services.Agent.Tests.Listener.AgentL0.TestMachineProvisionerCLI" storage="c:\users\ComputerName\src\test\bin\debug\net6\win-x64\test.dll" id="17120d27-af4f-ef7b-ba9f-bb71c9326044">
      <Execution id="5905df4b-2752-4896-9ed0-f53ee69c9b73" />
      <TestMethod codeBase="C:\Users\ComputerName\src\Test\bin\Debug\net6\win-x64\Test.dll" adapterTypeName="executor://xunit/VsTestRunner2" className="Microsoft.VisualStudio.Services.Agent.Tests.Listener.AgentL0" name="TestMachineProvisionerCLI" />
    </UnitTest>
    <UnitTest name="Microsoft.VisualStudio.Services.Agent.Tests.SecretMaskerL0.SecretMaskerTests_ReplacesMultipleInstances" storage="c:\users\ComputerName\src\test\bin\debug\net6\win-x64\test.dll" id="ce1e7215-86e7-5ed3-9867-4c8b83eefe17">
      <Execution id="ca3f0b6f-101e-4019-ab22-a43ed9a9ae1f" />
      <TestMethod codeBase="C:\Users\ComputerName\src\Test\bin\Debug\net6\win-x64\Test.dll" adapterTypeName="executor://xunit/VsTestRunner2" className="Microsoft.VisualStudio.Services.Agent.Tests.SecretMaskerL0" name="SecretMaskerTests_ReplacesMultipleInstances" />
    </UnitTest>
    <UnitTest name="Test.L0.Worker.Handlers.ProcessHandlerHelperL0.ArgsValidation_Passes(inputArgs: &quot;1 2&quot;, envVarValue: &quot;&quot;)" storage="c:\users\ComputerName\src\test\bin\debug\net6\win-x64\test.dll" id="24bde500-032d-adf9-c24d-260842e052c2">
      <Execution id="2fd558d4-2cc3-4472-b408-eb793a1b2cf0" />
      <TestMethod codeBase="C:\Users\ComputerName\src\Test\bin\Debug\net6\win-x64\Test.dll" adapterTypeName="executor://xunit/VsTestRunner2" className="Test.L0.Worker.Handlers.ProcessHandlerHelperL0" name="ArgsValidation_Passes (9846f3821c906c6046f6886727468176434317e3)" />
    </UnitTest>
    <UnitTest name="Microsoft.VisualStudio.Services.Agent.Tests.Worker.Build.TrackingManagerL0.LoadsTrackingConfig_FileFormatVersion3" storage="c:\users\ComputerName\src\test\bin\debug\net6\win-x64\test.dll" id="970faa73-2e6b-aa08-dc25-fd38ef365c57">
      <Execution id="86e92355-ff61-4b0a-9ed7-ae59d4b04d6f" />
      <TestMethod codeBase="C:\Users\ComputerName\src\Test\bin\Debug\net6\win-x64\Test.dll" adapterTypeName="executor://xunit/VsTestRunner2" className="Microsoft.VisualStudio.Services.Agent.Tests.Worker.Build.TrackingManagerL0" name="LoadsTrackingConfig_FileFormatVersion3" />
    </UnitTest>
    <UnitTest name="Microsoft.VisualStudio.Services.Agent.Tests.Worker.SetVariableRestrictionsL0.ExactMatchAllowed" storage="c:\users\ComputerName\src\test\bin\debug\net6\win-x64\test.dll" id="c03afb93-6bb9-ca41-ce84-d2be88b552e4">
      <Execution id="0bfb292c-30e1-4037-a596-f8165355279d" />
      <TestMethod codeBase="C:\Users\ComputerName\src\Test\bin\Debug\net6\win-x64\Test.dll" adapterTypeName="executor://xunit/VsTestRunner2" className="Microsoft.VisualStudio.Services.Agent.Tests.Worker.SetVariableRestrictionsL0" name="ExactMatchAllowed" />
    </UnitTest>
    <UnitTest name="Microsoft.VisualStudio.Services.Agent.Tests.Worker.Results.CTestResultReaderTests.VerifyRunTypeIsSet" storage="c:\users\ComputerName\src\test\bin\debug\net6\win-x64\test.dll" id="56e8e122-bb6f-e36f-c0cc-19da84b5e1fc">
      <Execution id="fa0595c4-c6f0-49b1-be37-7d71ff5bea8b" />
      <TestMethod codeBase="C:\Users\ComputerName\src\Test\bin\Debug\net6\win-x64\Test.dll" adapterTypeName="executor://xunit/VsTestRunner2" className="Microsoft.VisualStudio.Services.Agent.Tests.Worker.Results.CTestResultReaderTests" name="VerifyRunTypeIsSet" />
    </UnitTest>
    <UnitTest name="Microsoft.VisualStudio.Services.Agent.Tests.Worker.Build.TfsVCSourceProviderL0.NormalizesRootSingleLevelServerPath" storage="c:\users\ComputerName\src\test\bin\debug\net6\win-x64\test.dll" id="37770e9e-76d1-d8b1-6582-4ad662116c16">
      <Execution id="0a4b8c4f-b111-4e3a-ad27-3158bc08d14c" />
      <TestMethod codeBase="C:\Users\ComputerName\src\Test\bin\Debug\net6\win-x64\Test.dll" adapterTypeName="executor://xunit/VsTestRunner2" className="Microsoft.VisualStudio.Services.Agent.Tests.Worker.Build.TfsVCSourceProviderL0" name="NormalizesRootSingleLevelServerPath" />
    </UnitTest>
    <UnitTest name="Microsoft.VisualStudio.Services.Agent.Tests.Worker.TestResults.TrxReaderTests.VerifyResultsFilesAreAddedAsRunLevelAttachments" storage="c:\users\ComputerName\src\test\bin\debug\net6\win-x64\test.dll" id="2cde6906-5686-5512-fd6a-75864af095dc">
      <Execution id="31358ee5-798b-459a-8a71-dd263ab61926" />
      <TestMethod codeBase="C:\Users\ComputerName\src\Test\bin\Debug\net6\win-x64\Test.dll" adapterTypeName="executor://xunit/VsTestRunner2" className="Microsoft.VisualStudio.Services.Agent.Tests.Worker.TestResults.TrxReaderTests" name="VerifyResultsFilesAreAddedAsRunLevelAttachments" />
    </UnitTest>
    <UnitTest name="Microsoft.VisualStudio.Services.Agent.Tests.Worker.StepsRunnerL0.RunNormalStepsContinueOnError" storage="c:\users\ComputerName\src\test\bin\debug\net6\win-x64\test.dll" id="38b1b4e2-8f7d-52a0-288d-897fe437ffb4">
      <Execution id="3b73cf46-6b58-4092-9daa-eff765178c87" />
      <TestMethod codeBase="C:\Users\ComputerName\src\Test\bin\Debug\net6\win-x64\Test.dll" adapterTypeName="executor://xunit/VsTestRunner2" className="Microsoft.VisualStudio.Services.Agent.Tests.Worker.StepsRunnerL0" name="RunNormalStepsContinueOnError" />
    </UnitTest>
    <UnitTest name="Microsoft.VisualStudio.Services.Agent.Tests.Util.ArgUtilL0.Equal_MatchesObjectEquality" storage="c:\users\ComputerName\src\test\bin\debug\net6\win-x64\test.dll" id="076ebc4f-ebdf-8959-72bd-c8be26741449">
      <Execution id="de19c95a-a067-43e7-a5b6-fe4bd0109613" />
      <TestMethod codeBase="C:\Users\ComputerName\src\Test\bin\Debug\net6\win-x64\Test.dll" adapterTypeName="executor://xunit/VsTestRunner2" className="Microsoft.VisualStudio.Services.Agent.Tests.Util.ArgUtilL0" name="Equal_MatchesObjectEquality" />
    </UnitTest>
    <UnitTest name="Test.L0.Plugin.TestGitCliManager.TestGitCliManagerL0.TestGitLfsFetchLfsConfigDoesNotExist" storage="c:\users\ComputerName\src\test\bin\debug\net6\win-x64\test.dll" id="97032f68-be27-e093-8288-ee7397717322">
      <Execution id="0df12e5f-9e2b-4774-88ef-6c715ad8d781" />
      <TestMethod codeBase="C:\Users\ComputerName\src\Test\bin\Debug\net6\win-x64\Test.dll" adapterTypeName="executor://xunit/VsTestRunner2" className="Test.L0.Plugin.TestGitCliManager.TestGitCliManagerL0" name="TestGitLfsFetchLfsConfigDoesNotExist" />
    </UnitTest>
    <UnitTest name="Microsoft.VisualStudio.Services.Agent.Tests.Worker.TestResults.XUnitResultReaderTests.CustomRunTitleIsHonoured" storage="c:\users\ComputerName\src\test\bin\debug\net6\win-x64\test.dll" id="3659c0d9-7d0e-fbf1-0a9b-7c2d28159457">
      <Execution id="98072b9f-9cf3-4f14-936b-bdcab18fcbb7" />
      <TestMethod codeBase="C:\Users\ComputerName\src\Test\bin\Debug\net6\win-x64\Test.dll" adapterTypeName="executor://xunit/VsTestRunner2" className="Microsoft.VisualStudio.Services.Agent.Tests.Worker.TestResults.XUnitResultReaderTests" name="CustomRunTitleIsHonoured" />
    </UnitTest>
    <UnitTest name="Microsoft.VisualStudio.Services.Agent.Tests.PipelineCache.FingerprintCreatorTests.Fingerprint_ExcludeExactMatches" storage="c:\users\ComputerName\src\test\bin\debug\net6\win-x64\test.dll" id="2dd722b9-ae57-d444-3d57-d4f10f2eb769">
      <Execution id="166a0280-7dab-45e6-93c2-28a898d6b936" />
      <TestMethod codeBase="C:\Users\ComputerName\src\Test\bin\Debug\net6\win-x64\Test.dll" adapterTypeName="executor://xunit/VsTestRunner2" className="Microsoft.VisualStudio.Services.Agent.Tests.PipelineCache.FingerprintCreatorTests" name="Fingerprint_ExcludeExactMatches" />
    </UnitTest>
    <UnitTest name="Test.L0.Plugin.TestFilePublisher.TestFilePublisherLogPluginL0.TestFilePublisherLogPlugin_DisableWhenHostTypeNotSet" storage="c:\users\ComputerName\src\test\bin\debug\net6\win-x64\test.dll" id="155bcda6-097c-f711-5f3d-8ec8327a8ad5">
      <Execution id="d902e13f-6458-45cd-9c7e-e1127bcb5d78" />
      <TestMethod codeBase="C:\Users\ComputerName\src\Test\bin\Debug\net6\win-x64\Test.dll" adapterTypeName="executor://xunit/VsTestRunner2" className="Test.L0.Plugin.TestFilePublisher.TestFilePublisherLogPluginL0" name="TestFilePublisherLogPlugin_DisableWhenHostTypeNotSet" />
    </UnitTest>
    <UnitTest name="Microsoft.VisualStudio.Services.Agent.Tests.Listener.AgentL0.TestMachineProvisionerCLICompat" storage="c:\users\ComputerName\src\test\bin\debug\net6\win-x64\test.dll" id="eda2f050-4473-24b0-9592-6f2af01fd9be">
      <Execution id="9e2c4208-86ea-4f76-a89c-0cb65a13ca91" />
      <TestMethod codeBase="C:\Users\ComputerName\src\Test\bin\Debug\net6\win-x64\Test.dll" adapterTypeName="executor://xunit/VsTestRunner2" className="Microsoft.VisualStudio.Services.Agent.Tests.Listener.AgentL0" name="TestMachineProvisionerCLICompat" />
    </UnitTest>
    <UnitTest name="Microsoft.VisualStudio.Services.Agent.Tests.Worker.Results.CTestResultReaderTests.VerifyTestRunDurationCTest" storage="c:\users\ComputerName\src\test\bin\debug\net6\win-x64\test.dll" id="f7231fb5-3a5b-8672-84ae-ee622e6005bb">
      <Execution id="76a232bb-c7c3-4374-8647-7f172c61532a" />
      <TestMethod codeBase="C:\Users\ComputerName\src\Test\bin\Debug\net6\win-x64\Test.dll" adapterTypeName="executor://xunit/VsTestRunner2" className="Microsoft.VisualStudio.Services.Agent.Tests.Worker.Results.CTestResultReaderTests" name="VerifyTestRunDurationCTest" />
    </UnitTest>
    <UnitTest name="Microsoft.VisualStudio.Services.Agent.Tests.ProxyConfigL0.IsNotUseRawHttpClientHandler" storage="c:\users\ComputerName\src\test\bin\debug\net6\win-x64\test.dll" id="d4e57290-14ae-c98a-e37b-6052a4bdc47c">
      <Execution id="444ee624-c8d1-458f-becb-2d5f61ac7de6" />
      <TestMethod codeBase="C:\Users\ComputerName\src\Test\bin\Debug\net6\win-x64\Test.dll" adapterTypeName="executor://xunit/VsTestRunner2" className="Microsoft.VisualStudio.Services.Agent.Tests.ProxyConfigL0" name="IsNotUseRawHttpClientHandler" />
    </UnitTest>
    <UnitTest name="Microsoft.VisualStudio.Services.Agent.Tests.Worker.Build.BuildDirectoryManagerL0.UpdateDirectoryFailOnInvalidPath_AllowWorkingDirectoryRepositories" storage="c:\users\ComputerName\src\test\bin\debug\net6\win-x64\test.dll" id="b13666f2-080d-daa3-80b3-072af429a761">
      <Execution id="7a7abf0a-fc0d-4de7-9e07-ddffc71c5167" />
      <TestMethod codeBase="C:\Users\ComputerName\src\Test\bin\Debug\net6\win-x64\Test.dll" adapterTypeName="executor://xunit/VsTestRunner2" className="Microsoft.VisualStudio.Services.Agent.Tests.Worker.Build.BuildDirectoryManagerL0" name="UpdateDirectoryFailOnInvalidPath_AllowWorkingDirectoryRepositories" />
    </UnitTest>
    <UnitTest name="Microsoft.VisualStudio.Services.Agent.Tests.Worker.CodeCoverage.CodeCoverageCommandExtensionTests.PublishCodeCoverageWithNoCCTool" storage="c:\users\ComputerName\src\test\bin\debug\net6\win-x64\test.dll" id="3ee01169-cb8a-25e3-d2b0-b433f9a5147e">
      <Execution id="d3b584d2-dabd-48bf-a9c2-cafef0c4b7e0" />
      <TestMethod codeBase="C:\Users\ComputerName\src\Test\bin\Debug\net6\win-x64\Test.dll" adapterTypeName="executor://xunit/VsTestRunner2" className="Microsoft.VisualStudio.Services.Agent.Tests.Worker.CodeCoverage.CodeCoverageCommandExtensionTests" name="PublishCodeCoverageWithNoCCTool" />
    </UnitTest>
    <UnitTest name="Microsoft.VisualStudio.Services.Agent.Tests.Worker.Release.JenkinsArtifactL0.JenkinsCommitsShouldBeFetchedBetweenBuildRange" storage="c:\users\ComputerName\src\test\bin\debug\net6\win-x64\test.dll" id="1f210368-9e48-2671-f01e-8e4afdf2e445">
      <Execution id="0f702bb9-675e-4b89-89d0-4f842d710430" />
      <TestMethod codeBase="C:\Users\ComputerName\src\Test\bin\Debug\net6\win-x64\Test.dll" adapterTypeName="executor://xunit/VsTestRunner2" className="Microsoft.VisualStudio.Services.Agent.Tests.Worker.Release.JenkinsArtifactL0" name="JenkinsCommitsShouldBeFetchedBetweenBuildRange" />
    </UnitTest>
    <UnitTest name="Microsoft.VisualStudio.Services.Agent.Tests.Worker.TestResults.XUnitResultReaderTests.ReadResultsDoesNotFailForBareMinimumXml" storage="c:\users\ComputerName\src\test\bin\debug\net6\win-x64\test.dll" id="a03ca7a7-3a1a-c40c-556c-d3b9c12dee79">
      <Execution id="4e8e72ec-a419-4351-a724-d8d7a679b5e9" />
      <TestMethod codeBase="C:\Users\ComputerName\src\Test\bin\Debug\net6\win-x64\Test.dll" adapterTypeName="executor://xunit/VsTestRunner2" className="Microsoft.VisualStudio.Services.Agent.Tests.Worker.TestResults.XUnitResultReaderTests" name="ReadResultsDoesNotFailForBareMinimumXml" />
    </UnitTest>
    <UnitTest name="Microsoft.VisualStudio.Services.Agent.Tests.Util.RepositoryUtilL0.TrimStandardBranchPrefix_should_return_correct_values" storage="c:\users\ComputerName\src\test\bin\debug\net6\win-x64\test.dll" id="dab792f2-542b-ee4b-2973-85fc32ad4771">
      <Execution id="58120407-1494-4b86-ab6f-71718a9dea63" />
      <TestMethod codeBase="C:\Users\ComputerName\src\Test\bin\Debug\net6\win-x64\Test.dll" adapterTypeName="executor://xunit/VsTestRunner2" className="Microsoft.VisualStudio.Services.Agent.Tests.Util.RepositoryUtilL0" name="TrimStandardBranchPrefix_should_return_correct_values" />
    </UnitTest>
    <UnitTest name="Test.L0.Worker.Handlers.CmdArgsSanitizerL0.SanitizeTest(inputArgs: &quot;1 ; 2 &amp;&amp; 3&quot;, expectedArgs: &quot;1 _#removed#_ 2 _#removed#__#removed#_ 3&quot;)" storage="c:\users\ComputerName\src\test\bin\debug\net6\win-x64\test.dll" id="d6d610bd-3610-58ca-aa27-64d170854bc5">
      <Execution id="d9f87333-b6c3-4ae5-8670-a280ecd30d5c" />
      <TestMethod codeBase="C:\Users\ComputerName\src\Test\bin\Debug\net6\win-x64\Test.dll" adapterTypeName="executor://xunit/VsTestRunner2" className="Test.L0.Worker.Handlers.CmdArgsSanitizerL0" name="SanitizeTest (e459165e32d110f2ce91478c891141f9562848c8)" />
    </UnitTest>
    <UnitTest name="Microsoft.VisualStudio.Services.Agent.Tests.Listener.Configuration.PromptManagerTestsL0.FallsBackToDefaultWhenTrimmed" storage="c:\users\ComputerName\src\test\bin\debug\net6\win-x64\test.dll" id="be2551ec-2c4c-0e12-6b61-356b7fb71117">
      <Execution id="89e0b4c9-2c09-46a6-adb2-fb272f1fa191" />
      <TestMethod codeBase="C:\Users\ComputerName\src\Test\bin\Debug\net6\win-x64\Test.dll" adapterTypeName="executor://xunit/VsTestRunner2" className="Microsoft.VisualStudio.Services.Agent.Tests.Listener.Configuration.PromptManagerTestsL0" name="FallsBackToDefaultWhenTrimmed" />
    </UnitTest>
    <UnitTest name="Test.L0.Plugin.TestResultParser.LogPreProcessorL0.LogPreProcessorRemovesCommandLines" storage="c:\users\ComputerName\src\test\bin\debug\net6\win-x64\test.dll" id="7c105e74-fdd9-8b82-f6d3-869d22edb179">
      <Execution id="78b93e75-3572-4f02-862f-084a384ad4d0" />
      <TestMethod codeBase="C:\Users\ComputerName\src\Test\bin\Debug\net6\win-x64\Test.dll" adapterTypeName="executor://xunit/VsTestRunner2" className="Test.L0.Plugin.TestResultParser.LogPreProcessorL0" name="LogPreProcessorRemovesCommandLines" />
    </UnitTest>
    <UnitTest name="Microsoft.VisualStudio.Services.Agent.Tests.SecretMaskerL0.SecretMaskerTests_RemoveShortSecretsBoundaryValues" storage="c:\users\ComputerName\src\test\bin\debug\net6\win-x64\test.dll" id="91b49766-0b11-a2cc-33db-e13a7bf76a3b">
      <Execution id="b2abfa0b-672b-4bc8-9983-f56b24d98954" />
      <TestMethod codeBase="C:\Users\ComputerName\src\Test\bin\Debug\net6\win-x64\Test.dll" adapterTypeName="executor://xunit/VsTestRunner2" className="Microsoft.VisualStudio.Services.Agent.Tests.SecretMaskerL0" name="SecretMaskerTests_RemoveShortSecretsBoundaryValues" />
    </UnitTest>
    <UnitTest name="Microsoft.VisualStudio.Services.Agent.Tests.Worker.Build.TfsVCSourceProviderL0.InterpretsRecursive" storage="c:\users\ComputerName\src\test\bin\debug\net6\win-x64\test.dll" id="d2b56df5-3e3d-1cbc-2152-126ecf6ab077">
      <Execution id="de21a04a-bcd1-4082-b8c7-437cbcbfd28e" />
      <TestMethod codeBase="C:\Users\ComputerName\src\Test\bin\Debug\net6\win-x64\Test.dll" adapterTypeName="executor://xunit/VsTestRunner2" className="Microsoft.VisualStudio.Services.Agent.Tests.Worker.Build.TfsVCSourceProviderL0" name="InterpretsRecursive" />
    </UnitTest>
    <UnitTest name="Microsoft.VisualStudio.Services.Agent.Tests.Worker.Build.TfsVCSourceProvider_WorkspaceUtilL0.DoesNotMatch_ComputerName" storage="c:\users\ComputerName\src\test\bin\debug\net6\win-x64\test.dll" id="7afb7525-0594-d556-2856-79dcfe3a33de">
      <Execution id="56366b28-cd65-42d2-bef2-fe74b677b76c" />
      <TestMethod codeBase="C:\Users\ComputerName\src\Test\bin\Debug\net6\win-x64\Test.dll" adapterTypeName="executor://xunit/VsTestRunner2" className="Microsoft.VisualStudio.Services.Agent.Tests.Worker.Build.TfsVCSourceProvider_WorkspaceUtilL0" name="DoesNotMatch_ComputerName" />
    </UnitTest>
    <UnitTest name="Microsoft.VisualStudio.Services.Agent.Tests.Worker.TestResults.NunitResultReaderTests.PublishNUnit3Results" storage="c:\users\ComputerName\src\test\bin\debug\net6\win-x64\test.dll" id="4b40e54f-568b-23aa-4e58-3b6e6106602c">
      <Execution id="0c22ded0-2cfb-4664-89f2-aabce614f85d" />
      <TestMethod codeBase="C:\Users\ComputerName\src\Test\bin\Debug\net6\win-x64\Test.dll" adapterTypeName="executor://xunit/VsTestRunner2" className="Microsoft.VisualStudio.Services.Agent.Tests.Worker.TestResults.NunitResultReaderTests" name="PublishNUnit3Results" />
    </UnitTest>
    <UnitTest name="Microsoft.VisualStudio.Services.Agent.Tests.KnobL0.SpecificKnobTypeByInterfaceRestrictedTest" storage="c:\users\ComputerName\src\test\bin\debug\net6\win-x64\test.dll" id="373eb800-5b5c-0a11-2053-dda0c3bf496c">
      <Execution id="9207dd3a-ce27-4d8e-a08e-b907a8b24107" />
      <TestMethod codeBase="C:\Users\ComputerName\src\Test\bin\Debug\net6\win-x64\Test.dll" adapterTypeName="executor://xunit/VsTestRunner2" className="Microsoft.VisualStudio.Services.Agent.Tests.KnobL0" name="SpecificKnobTypeByInterfaceRestrictedTest" />
    </UnitTest>
    <UnitTest name="Microsoft.VisualStudio.Services.Agent.Tests.Util.IOUtilL0.DeleteDirectory_DeletesFilesRecursively" storage="c:\users\ComputerName\src\test\bin\debug\net6\win-x64\test.dll" id="8dcb811d-41b0-bf38-438d-e34e4a5cf950">
      <Execution id="149405a9-6f59-4c63-895f-cf3eb509eaf1" />
      <TestMethod codeBase="C:\Users\ComputerName\src\Test\bin\Debug\net6\win-x64\Test.dll" adapterTypeName="executor://xunit/VsTestRunner2" className="Microsoft.VisualStudio.Services.Agent.Tests.Util.IOUtilL0" name="DeleteDirectory_DeletesFilesRecursively" />
    </UnitTest>
    <UnitTest name="Microsoft.VisualStudio.Services.Agent.Tests.LogPluginHost.LogPluginHostL0.LogPluginHost_HandleProcessExceptions" storage="c:\users\ComputerName\src\test\bin\debug\net6\win-x64\test.dll" id="04d13325-2003-4d77-4712-cba144c4d3cb">
      <Execution id="9e5415eb-558d-4ae0-aa9b-3834d99cfb2f" />
      <TestMethod codeBase="C:\Users\ComputerName\src\Test\bin\Debug\net6\win-x64\Test.dll" adapterTypeName="executor://xunit/VsTestRunner2" className="Microsoft.VisualStudio.Services.Agent.Tests.LogPluginHost.LogPluginHostL0" name="LogPluginHost_HandleProcessExceptions" />
    </UnitTest>
    <UnitTest name="Microsoft.VisualStudio.Services.Agent.Tests.LoggedSecretMaskerL0.LoggedSecretMasker_ShortSecret_Removes_From_Dictionary" storage="c:\users\ComputerName\src\test\bin\debug\net6\win-x64\test.dll" id="aa74d5aa-7680-2ff3-826c-799f124af5b4">
      <Execution id="5f30f281-1e82-4883-bc72-7cefbcf360f2" />
      <TestMethod codeBase="C:\Users\ComputerName\src\Test\bin\Debug\net6\win-x64\Test.dll" adapterTypeName="executor://xunit/VsTestRunner2" className="Microsoft.VisualStudio.Services.Agent.Tests.LoggedSecretMaskerL0" name="LoggedSecretMasker_ShortSecret_Removes_From_Dictionary" />
    </UnitTest>
    <UnitTest name="Microsoft.VisualStudio.Services.Agent.Tests.Worker.ExpressionManagerL0.SucceededOrFailedFunction" storage="c:\users\ComputerName\src\test\bin\debug\net6\win-x64\test.dll" id="775afff1-6997-d9d7-5913-77971140f2a9">
      <Execution id="feadb925-0995-4802-a701-29e02e959bb0" />
      <TestMethod codeBase="C:\Users\ComputerName\src\Test\bin\Debug\net6\win-x64\Test.dll" adapterTypeName="executor://xunit/VsTestRunner2" className="Microsoft.VisualStudio.Services.Agent.Tests.Worker.ExpressionManagerL0" name="SucceededOrFailedFunction" />
    </UnitTest>
    <UnitTest name="Microsoft.VisualStudio.Services.Agent.Tests.CommandSettingsL0.PromptsForReplace" storage="c:\users\ComputerName\src\test\bin\debug\net6\win-x64\test.dll" id="15209eca-6208-6c88-9aa2-5688a01b44fa">
      <Execution id="508852c9-2a66-49a5-8bec-d556359b71fd" />
      <TestMethod codeBase="C:\Users\ComputerName\src\Test\bin\Debug\net6\win-x64\Test.dll" adapterTypeName="executor://xunit/VsTestRunner2" className="Microsoft.VisualStudio.Services.Agent.Tests.CommandSettingsL0" name="PromptsForReplace" />
    </UnitTest>
    <UnitTest name="Microsoft.VisualStudio.Services.Agent.Tests.Worker.JobExtensionL0.JobExtensioBuildStepsListMSI" storage="c:\users\ComputerName\src\test\bin\debug\net6\win-x64\test.dll" id="7a1a3bab-76f8-75f7-a112-dcce62443ca3">
      <Execution id="2f9a2f9e-dfe1-4a72-9d30-4d55e74c2896" />
      <TestMethod codeBase="C:\Users\ComputerName\src\Test\bin\Debug\net6\win-x64\Test.dll" adapterTypeName="executor://xunit/VsTestRunner2" className="Microsoft.VisualStudio.Services.Agent.Tests.Worker.JobExtensionL0" name="JobExtensioBuildStepsListMSI" />
    </UnitTest>
    <UnitTest name="Microsoft.VisualStudio.Services.Agent.Tests.Util.RepositoryUtilL0.GetRepository_should_return_correct_value_when_called" storage="c:\users\ComputerName\src\test\bin\debug\net6\win-x64\test.dll" id="e0c68366-7f2a-9913-521c-ffb1d7e94915">
      <Execution id="ca8b598e-a765-41a7-8dd8-64c827ba19f0" />
      <TestMethod codeBase="C:\Users\ComputerName\src\Test\bin\Debug\net6\win-x64\Test.dll" adapterTypeName="executor://xunit/VsTestRunner2" className="Microsoft.VisualStudio.Services.Agent.Tests.Util.RepositoryUtilL0" name="GetRepository_should_return_correct_value_when_called" />
    </UnitTest>
    <UnitTest name="Microsoft.VisualStudio.Services.Agent.Tests.CommandSettingsL0.GetsArg" storage="c:\users\ComputerName\src\test\bin\debug\net6\win-x64\test.dll" id="d10d1378-7f57-b7c7-c6d7-0ec603ce3066">
      <Execution id="9d4fe042-5bf8-44c8-9576-835b298adb8a" />
      <TestMethod codeBase="C:\Users\ComputerName\src\Test\bin\Debug\net6\win-x64\Test.dll" adapterTypeName="executor://xunit/VsTestRunner2" className="Microsoft.VisualStudio.Services.Agent.Tests.CommandSettingsL0" name="GetsArg" />
    </UnitTest>
    <UnitTest name="Test.L0.Plugin.TestResultParser.PipelineTestRunPublisherL0.PipelineTestRunPublisher_PublishTestRun_EmptyTestResults" storage="c:\users\ComputerName\src\test\bin\debug\net6\win-x64\test.dll" id="de99b3e8-ac06-d76a-84f7-d14809a74a84">
      <Execution id="45e2071b-b5cb-4483-914a-09f9d75eb07b" />
      <TestMethod codeBase="C:\Users\ComputerName\src\Test\bin\Debug\net6\win-x64\Test.dll" adapterTypeName="executor://xunit/VsTestRunner2" className="Test.L0.Plugin.TestResultParser.PipelineTestRunPublisherL0" name="PipelineTestRunPublisher_PublishTestRun_EmptyTestResults" />
    </UnitTest>
    <UnitTest name="Test.L0.Worker.Handlers.CmdArgsSanitizerL0.SanitizeSkipTest(inputArgs: &quot;1 2&quot;)" storage="c:\users\ComputerName\src\test\bin\debug\net6\win-x64\test.dll" id="fa1f6f1d-359c-2fe3-3b15-7ac1279ba822">
      <Execution id="c103c9e9-c37b-4707-8ca3-e93b84eb8e1d" />
      <TestMethod codeBase="C:\Users\ComputerName\src\Test\bin\Debug\net6\win-x64\Test.dll" adapterTypeName="executor://xunit/VsTestRunner2" className="Test.L0.Worker.Handlers.CmdArgsSanitizerL0" name="SanitizeSkipTest (e2c970475b53cc2716cb006b3b93885e28c9da7c)" />
    </UnitTest>
    <UnitTest name="Microsoft.VisualStudio.Services.Agent.Tests.TestFileContainerProviderL0.TestGettingArtifactItemsWithMinimatchPattern(pttrn: [&quot;ArtifactForTest/File1.txt&quot;], count: 1, expectedPaths: [&quot;ArtifactForTest/File1.txt&quot;])" storage="c:\users\ComputerName\src\test\bin\debug\net6\win-x64\test.dll" id="60872574-86ee-d43c-4f28-bb0403810895">
      <Execution id="d47d3b6d-ac11-411e-9896-ff2aa85f2688" />
      <TestMethod codeBase="C:\Users\ComputerName\src\Test\bin\Debug\net6\win-x64\Test.dll" adapterTypeName="executor://xunit/VsTestRunner2" className="Microsoft.VisualStudio.Services.Agent.Tests.TestFileContainerProviderL0" name="TestGettingArtifactItemsWithMinimatchPattern (de72affaf4afc4bb8396bbbbcb3b0cfef2bb715e)" />
    </UnitTest>
    <UnitTest name="Microsoft.VisualStudio.Services.Agent.Tests.Worker.VariablesL0.Constructor_InheritsSecretFlagFromDeepRecursion" storage="c:\users\ComputerName\src\test\bin\debug\net6\win-x64\test.dll" id="1be6265a-5f50-81d1-613b-175fc7af1517">
      <Execution id="37558204-f5de-4d7d-a7d0-b51d8aa9cb27" />
      <TestMethod codeBase="C:\Users\ComputerName\src\Test\bin\Debug\net6\win-x64\Test.dll" adapterTypeName="executor://xunit/VsTestRunner2" className="Microsoft.VisualStudio.Services.Agent.Tests.Worker.VariablesL0" name="Constructor_InheritsSecretFlagFromDeepRecursion" />
    </UnitTest>
    <UnitTest name="Microsoft.VisualStudio.Services.Agent.Tests.CommandSettingsL0.GetsCommandWarmup" storage="c:\users\ComputerName\src\test\bin\debug\net6\win-x64\test.dll" id="bfa0b77e-1648-be43-fca6-cf332a567178">
      <Execution id="13d6e29f-9cef-4d32-af89-1dca3d9cc559" />
      <TestMethod codeBase="C:\Users\ComputerName\src\Test\bin\Debug\net6\win-x64\Test.dll" adapterTypeName="executor://xunit/VsTestRunner2" className="Microsoft.VisualStudio.Services.Agent.Tests.CommandSettingsL0" name="GetsCommandWarmup" />
    </UnitTest>
    <UnitTest name="Microsoft.VisualStudio.Services.Agent.Tests.Worker.VariablesL0.Set_StoresNullAsEmpty" storage="c:\users\ComputerName\src\test\bin\debug\net6\win-x64\test.dll" id="0344ff85-5b7a-347e-5010-be00f87c40e3">
      <Execution id="e14d04f0-a850-4d3c-84e5-28986849f1dc" />
      <TestMethod codeBase="C:\Users\ComputerName\src\Test\bin\Debug\net6\win-x64\Test.dll" adapterTypeName="executor://xunit/VsTestRunner2" className="Microsoft.VisualStudio.Services.Agent.Tests.Worker.VariablesL0" name="Set_StoresNullAsEmpty" />
    </UnitTest>
    <UnitTest name="Microsoft.VisualStudio.Services.Agent.Tests.L0.Util.WindowsProcessUtilL0.Test_GetProcessList(useInteropToFindParentProcess: False)" storage="c:\users\ComputerName\src\test\bin\debug\net6\win-x64\test.dll" id="714389ee-8975-1c73-c18d-e52c38eccc30">
      <Execution id="30877099-e016-4f4d-a75f-aa5c182e30e4" />
      <TestMethod codeBase="C:\Users\ComputerName\src\Test\bin\Debug\net6\win-x64\Test.dll" adapterTypeName="executor://xunit/VsTestRunner2" className="Microsoft.VisualStudio.Services.Agent.Tests.L0.Util.WindowsProcessUtilL0" name="Test_GetProcessList (4498de99f1b61e859840858713df0732e79085dc)" />
    </UnitTest>
    <UnitTest name="Microsoft.VisualStudio.Services.Agent.Tests.Worker.TestResults.NunitResultReaderTests.ResultsWithoutMandatoryFieldsAreSkipped" storage="c:\users\ComputerName\src\test\bin\debug\net6\win-x64\test.dll" id="1aa62662-2667-5fa1-70ae-34271f1c6b0d">
      <Execution id="76aaab9b-0345-41d6-baae-1423750b95f7" />
      <TestMethod codeBase="C:\Users\ComputerName\src\Test\bin\Debug\net6\win-x64\Test.dll" adapterTypeName="executor://xunit/VsTestRunner2" className="Microsoft.VisualStudio.Services.Agent.Tests.Worker.TestResults.NunitResultReaderTests" name="ResultsWithoutMandatoryFieldsAreSkipped" />
    </UnitTest>
    <UnitTest name="Microsoft.VisualStudio.Services.Agent.Tests.Util.StringUtilL0.ConvertNullOrEmptryStringToDefaultBool" storage="c:\users\ComputerName\src\test\bin\debug\net6\win-x64\test.dll" id="031655c1-8e66-e55d-2cca-a71acb642e6e">
      <Execution id="689e5c29-b0ef-40af-bbdb-a5667f6dcdaf" />
      <TestMethod codeBase="C:\Users\ComputerName\src\Test\bin\Debug\net6\win-x64\Test.dll" adapterTypeName="executor://xunit/VsTestRunner2" className="Microsoft.VisualStudio.Services.Agent.Tests.Util.StringUtilL0" name="ConvertNullOrEmptryStringToDefaultBool" />
    </UnitTest>
    <UnitTest name="Microsoft.VisualStudio.Services.Agent.Tests.Worker.Build.TrackingManagerL0.MergeTrackingConfig_CheckIfReturnsValidConfig" storage="c:\users\ComputerName\src\test\bin\debug\net6\win-x64\test.dll" id="72aa1d61-ced2-64c3-a572-86db759d1189">
      <Execution id="503bcf45-90db-434c-963c-e4476def21ce" />
      <TestMethod codeBase="C:\Users\ComputerName\src\Test\bin\Debug\net6\win-x64\Test.dll" adapterTypeName="executor://xunit/VsTestRunner2" className="Microsoft.VisualStudio.Services.Agent.Tests.Worker.Build.TrackingManagerL0" name="MergeTrackingConfig_CheckIfReturnsValidConfig" />
    </UnitTest>
    <UnitTest name="Microsoft.VisualStudio.Services.Agent.Tests.Util.RepositoryUtilL0.GetCloneDirectory_STRING_should_throw_on_null" storage="c:\users\ComputerName\src\test\bin\debug\net6\win-x64\test.dll" id="b19d6c37-9812-7beb-c949-9dee11825a48">
      <Execution id="822288ca-e01e-4d05-bf58-9b9b2e44d1ac" />
      <TestMethod codeBase="C:\Users\ComputerName\src\Test\bin\Debug\net6\win-x64\Test.dll" adapterTypeName="executor://xunit/VsTestRunner2" className="Microsoft.VisualStudio.Services.Agent.Tests.Util.RepositoryUtilL0" name="GetCloneDirectory_STRING_should_throw_on_null" />
    </UnitTest>
    <UnitTest name="Microsoft.VisualStudio.Services.Agent.Tests.Listener.AgentAutoLogonTestL0.TestAutoLogonConfigurationForDifferentUser" storage="c:\users\ComputerName\src\test\bin\debug\net6\win-x64\test.dll" id="c10eb65d-c232-4d38-75bd-4e897787d971">
      <Execution id="ace8a0f0-3c95-41c8-a755-f9b428d859bf" />
      <TestMethod codeBase="C:\Users\ComputerName\src\Test\bin\Debug\net6\win-x64\Test.dll" adapterTypeName="executor://xunit/VsTestRunner2" className="Microsoft.VisualStudio.Services.Agent.Tests.Listener.AgentAutoLogonTestL0" name="TestAutoLogonConfigurationForDifferentUser" />
    </UnitTest>
    <UnitTest name="Microsoft.VisualStudio.Services.Agent.Tests.Worker.TestResults.TrxReaderTests.ResultsWithoutMandatoryFieldsAreSkipped" storage="c:\users\ComputerName\src\test\bin\debug\net6\win-x64\test.dll" id="d3cbc9ea-7e50-2d76-97e4-387fe92d9dbc">
      <Execution id="2705527e-bd22-4ee9-8187-0e61e92dd135" />
      <TestMethod codeBase="C:\Users\ComputerName\src\Test\bin\Debug\net6\win-x64\Test.dll" adapterTypeName="executor://xunit/VsTestRunner2" className="Microsoft.VisualStudio.Services.Agent.Tests.Worker.TestResults.TrxReaderTests" name="ResultsWithoutMandatoryFieldsAreSkipped" />
    </UnitTest>
    <UnitTest name="Microsoft.VisualStudio.Services.Agent.Tests.Listener.AgentL0.TestRunOnceOnlyTakeOneJobMessage" storage="c:\users\ComputerName\src\test\bin\debug\net6\win-x64\test.dll" id="4d99e495-2f50-acce-7b49-df8bdd17d522">
      <Execution id="adfe3509-979a-41dc-8740-706e5143ffd0" />
      <TestMethod codeBase="C:\Users\ComputerName\src\Test\bin\Debug\net6\win-x64\Test.dll" adapterTypeName="executor://xunit/VsTestRunner2" className="Microsoft.VisualStudio.Services.Agent.Tests.Listener.AgentL0" name="TestRunOnceOnlyTakeOneJobMessage" />
    </UnitTest>
    <UnitTest name="Microsoft.VisualStudio.Services.Agent.Tests.Worker.Build.TfsVCSourceProviderL0.NormalizesLocalPath" storage="c:\users\ComputerName\src\test\bin\debug\net6\win-x64\test.dll" id="f1a337f3-53fb-12c2-e5b4-8f1a54390fc5">
      <Execution id="5c8f36fd-f5a7-48f0-a58b-a26b237cb3c6" />
      <TestMethod codeBase="C:\Users\ComputerName\src\Test\bin\Debug\net6\win-x64\Test.dll" adapterTypeName="executor://xunit/VsTestRunner2" className="Microsoft.VisualStudio.Services.Agent.Tests.Worker.Build.TfsVCSourceProviderL0" name="NormalizesLocalPath" />
    </UnitTest>
    <UnitTest name="Test.L0.Plugin.TestGitSourceProvider.TestPluginGitSourceProviderL0.TestSetGitConfiguration(featureFlagsStatus: False)" storage="c:\users\ComputerName\src\test\bin\debug\net6\win-x64\test.dll" id="963cf0ec-6f2c-2324-c723-84c1bd8ae53a">
      <Execution id="de794582-53ea-4e57-b39c-7af5b1f80128" />
      <TestMethod codeBase="C:\Users\ComputerName\src\Test\bin\Debug\net6\win-x64\Test.dll" adapterTypeName="executor://xunit/VsTestRunner2" className="Test.L0.Plugin.TestGitSourceProvider.TestPluginGitSourceProviderL0" name="TestSetGitConfiguration (09c16edf56d189289059862d7f60f5e68f82cbae)" />
    </UnitTest>
    <UnitTest name="Test.L0.Plugin.TestResultParser.LogPreProcessorL0.LogPreProcessorRemovesErrorPrefixFromErrorLog" storage="c:\users\ComputerName\src\test\bin\debug\net6\win-x64\test.dll" id="40e9fe1e-fcd2-7ced-e1de-92235014a5cc">
      <Execution id="3cf2945f-8108-417c-81eb-3b5a6235c3d2" />
      <TestMethod codeBase="C:\Users\ComputerName\src\Test\bin\Debug\net6\win-x64\Test.dll" adapterTypeName="executor://xunit/VsTestRunner2" className="Test.L0.Plugin.TestResultParser.LogPreProcessorL0" name="LogPreProcessorRemovesErrorPrefixFromErrorLog" />
    </UnitTest>
    <UnitTest name="Microsoft.VisualStudio.Services.Agent.Tests.HostContextL0.UrlSecretsAreMasked(input: &quot;https://user:pass@example.com:8080/path\nhttps://u&quot;..., expected: &quot;https://user:***@example.com:8080/path\nhttps://us&quot;...)" storage="c:\users\ComputerName\src\test\bin\debug\net6\win-x64\test.dll" id="2ab54dc2-9067-7595-a0ab-dd132d2eb641">
      <Execution id="c660ab9f-3064-47ea-af7b-bafc17b75c85" />
      <TestMethod codeBase="C:\Users\ComputerName\src\Test\bin\Debug\net6\win-x64\Test.dll" adapterTypeName="executor://xunit/VsTestRunner2" className="Microsoft.VisualStudio.Services.Agent.Tests.HostContextL0" name="UrlSecretsAreMasked (01461feccab480b5662fca3c056593d0515a3e8b)" />
    </UnitTest>
    <UnitTest name="Test.L0.Plugin.TestFilePublisher.TestFilePublisherLogPluginL0.TestFilePublisherLogPlugin_ValidateFoldersAreResolved" storage="c:\users\ComputerName\src\test\bin\debug\net6\win-x64\test.dll" id="7213745e-2232-596b-52b1-62d5c06c6d55">
      <Execution id="d35ba8f3-1313-455e-9388-bfec497fb58d" />
      <TestMethod codeBase="C:\Users\ComputerName\src\Test\bin\Debug\net6\win-x64\Test.dll" adapterTypeName="executor://xunit/VsTestRunner2" className="Test.L0.Plugin.TestFilePublisher.TestFilePublisherLogPluginL0" name="TestFilePublisherLogPlugin_ValidateFoldersAreResolved" />
    </UnitTest>
    <UnitTest name="Microsoft.VisualStudio.Services.Agent.Tests.Worker.TestResults.TrxReaderTests.VerifyCoverageSourceFilesAndPdbsAreAddedAsRunLevelAttachments" storage="c:\users\ComputerName\src\test\bin\debug\net6\win-x64\test.dll" id="5053e4d1-172c-49bd-c17a-88d25ce48243">
      <Execution id="9e547f08-c5b4-4cfe-8761-5524a0731323" />
      <TestMethod codeBase="C:\Users\ComputerName\src\Test\bin\Debug\net6\win-x64\Test.dll" adapterTypeName="executor://xunit/VsTestRunner2" className="Microsoft.VisualStudio.Services.Agent.Tests.Worker.TestResults.TrxReaderTests" name="VerifyCoverageSourceFilesAndPdbsAreAddedAsRunLevelAttachments" />
    </UnitTest>
    <UnitTest name="Microsoft.VisualStudio.Services.Agent.Tests.Worker.TestResults.NunitResultReaderTests.CheckDurationIsZeroInNUnit3" storage="c:\users\ComputerName\src\test\bin\debug\net6\win-x64\test.dll" id="36b9ae72-6bca-9341-5337-1f5bb8f9c126">
      <Execution id="cd0197b1-fb63-4885-9224-73c66b45b03e" />
      <TestMethod codeBase="C:\Users\ComputerName\src\Test\bin\Debug\net6\win-x64\Test.dll" adapterTypeName="executor://xunit/VsTestRunner2" className="Microsoft.VisualStudio.Services.Agent.Tests.Worker.TestResults.NunitResultReaderTests" name="CheckDurationIsZeroInNUnit3" />
    </UnitTest>
    <UnitTest name="Test.L0.Worker.Handlers.ProcessHandlerHelperL0.TestNoChanges(input: &quot;%someothervar%&quot;)" storage="c:\users\ComputerName\src\test\bin\debug\net6\win-x64\test.dll" id="567eacc0-fd49-bb5f-8a29-1a58957c50a9">
      <Execution id="b72d9494-2233-4f37-ae79-80a08c54170f" />
      <TestMethod codeBase="C:\Users\ComputerName\src\Test\bin\Debug\net6\win-x64\Test.dll" adapterTypeName="executor://xunit/VsTestRunner2" className="Test.L0.Worker.Handlers.ProcessHandlerHelperL0" name="TestNoChanges (fe0052271660e8d2e7dc155960c206db42fc3613)" />
    </UnitTest>
    <UnitTest name="Microsoft.VisualStudio.Services.Agent.Tests.Worker.ExpressionManagerL0.AlwaysFunction" storage="c:\users\ComputerName\src\test\bin\debug\net6\win-x64\test.dll" id="7e1fd205-fcc9-d67f-7367-60506d928c91">
      <Execution id="0c554880-a43f-4011-b1b5-6a6673046643" />
      <TestMethod codeBase="C:\Users\ComputerName\src\Test\bin\Debug\net6\win-x64\Test.dll" adapterTypeName="executor://xunit/VsTestRunner2" className="Microsoft.VisualStudio.Services.Agent.Tests.Worker.ExpressionManagerL0" name="AlwaysFunction" />
    </UnitTest>
    <UnitTest name="Microsoft.VisualStudio.Services.Agent.Tests.Listener.PipelineParserL0.PhaseVariables_NameValue" storage="c:\users\ComputerName\src\test\bin\debug\net6\win-x64\test.dll" id="d1bcd890-1c1b-65f6-9c29-d6647a06eab7">
      <Execution id="25c474a6-a312-40b9-b6ee-c676b29bc4c2" />
      <TestMethod codeBase="C:\Users\ComputerName\src\Test\bin\Debug\net6\win-x64\Test.dll" adapterTypeName="executor://xunit/VsTestRunner2" className="Microsoft.VisualStudio.Services.Agent.Tests.Listener.PipelineParserL0" name="PhaseVariables_NameValue" />
    </UnitTest>
    <UnitTest name="Microsoft.VisualStudio.Services.Agent.Tests.Worker.JobRunnerL0.JobExtensionInitializeMSICancelled" storage="c:\users\ComputerName\src\test\bin\debug\net6\win-x64\test.dll" id="9d9d58a9-ac98-11d1-8af8-7db956a7a259">
      <Execution id="9fa53c9f-31bc-41ee-95b7-b3bb5f776745" />
      <TestMethod codeBase="C:\Users\ComputerName\src\Test\bin\Debug\net6\win-x64\Test.dll" adapterTypeName="executor://xunit/VsTestRunner2" className="Microsoft.VisualStudio.Services.Agent.Tests.Worker.JobRunnerL0" name="JobExtensionInitializeMSICancelled" />
    </UnitTest>
    <UnitTest name="Microsoft.VisualStudio.Services.Agent.Tests.Worker.TestResults.NunitResultReaderTests.VerifyTestCaseCompletedDate" storage="c:\users\ComputerName\src\test\bin\debug\net6\win-x64\test.dll" id="f1f726ee-20d9-74fb-9273-c729b5d20156">
      <Execution id="f356f6e5-f5ce-4860-a55d-f8eccebc2f85" />
      <TestMethod codeBase="C:\Users\ComputerName\src\Test\bin\Debug\net6\win-x64\Test.dll" adapterTypeName="executor://xunit/VsTestRunner2" className="Microsoft.VisualStudio.Services.Agent.Tests.Worker.TestResults.NunitResultReaderTests" name="VerifyTestCaseCompletedDate" />
    </UnitTest>
    <UnitTest name="Test.L0.Plugin.TestFilePublisher.TestFilePublisherLogPluginL0.TestFilePublisherLogPlugin_DisableIfMavenPresent" storage="c:\users\ComputerName\src\test\bin\debug\net6\win-x64\test.dll" id="bb81a9d7-2273-c2c8-1233-a19ec466bd01">
      <Execution id="621d43db-aa28-4536-8bfc-c5e257e8863e" />
      <TestMethod codeBase="C:\Users\ComputerName\src\Test\bin\Debug\net6\win-x64\Test.dll" adapterTypeName="executor://xunit/VsTestRunner2" className="Test.L0.Plugin.TestFilePublisher.TestFilePublisherLogPluginL0" name="TestFilePublisherLogPlugin_DisableIfMavenPresent" />
    </UnitTest>
    <UnitTest name="Microsoft.VisualStudio.Services.Agent.Tests.Worker.TaskManagerL0.RetryNetworkException" storage="c:\users\ComputerName\src\test\bin\debug\net6\win-x64\test.dll" id="f4f00a15-20d5-aead-b666-0d93ac76af91">
      <Execution id="dcff0f89-a896-4189-86fa-d6bad4d29ae5" />
      <TestMethod codeBase="C:\Users\ComputerName\src\Test\bin\Debug\net6\win-x64\Test.dll" adapterTypeName="executor://xunit/VsTestRunner2" className="Microsoft.VisualStudio.Services.Agent.Tests.Worker.TaskManagerL0" name="RetryNetworkException" />
    </UnitTest>
    <UnitTest name="Microsoft.VisualStudio.Services.Agent.Tests.Worker.TestResults.TrxReaderTests.VerifyCoverageSourceFilesAndPdbsAreAddedAsRunLevelAttachmentsWithDeployment" storage="c:\users\ComputerName\src\test\bin\debug\net6\win-x64\test.dll" id="717652dc-73d0-43e1-7c09-5eb52ae4440a">
      <Execution id="e8d49e01-a6e6-49a2-9027-3f02a32d6077" />
      <TestMethod codeBase="C:\Users\ComputerName\src\Test\bin\Debug\net6\win-x64\Test.dll" adapterTypeName="executor://xunit/VsTestRunner2" className="Microsoft.VisualStudio.Services.Agent.Tests.Worker.TestResults.TrxReaderTests" name="VerifyCoverageSourceFilesAndPdbsAreAddedAsRunLevelAttachmentsWithDeployment" />
    </UnitTest>
    <UnitTest name="Microsoft.VisualStudio.Services.Agent.Tests.CommandSettingsL0.PromptsForWork" storage="c:\users\ComputerName\src\test\bin\debug\net6\win-x64\test.dll" id="b72fb091-ac7b-a766-7401-8602967a0f85">
      <Execution id="831801ff-075a-4989-9256-f1e693053cbd" />
      <TestMethod codeBase="C:\Users\ComputerName\src\Test\bin\Debug\net6\win-x64\Test.dll" adapterTypeName="executor://xunit/VsTestRunner2" className="Microsoft.VisualStudio.Services.Agent.Tests.CommandSettingsL0" name="PromptsForWork" />
    </UnitTest>
    <UnitTest name="Microsoft.VisualStudio.Services.Agent.Tests.HostContextL0.UrlSecretsAreMasked(input: &quot;ftp://example.com/path&quot;, expected: &quot;ftp://example.com/path&quot;)" storage="c:\users\ComputerName\src\test\bin\debug\net6\win-x64\test.dll" id="e3fd22f9-d251-70b6-f89c-d16ebc03837f">
      <Execution id="1d445c2e-361f-47bb-a8c8-8c089c8f2999" />
      <TestMethod codeBase="C:\Users\ComputerName\src\Test\bin\Debug\net6\win-x64\Test.dll" adapterTypeName="executor://xunit/VsTestRunner2" className="Microsoft.VisualStudio.Services.Agent.Tests.HostContextL0" name="UrlSecretsAreMasked (b72c65ef8647e0a5078423a4f59f62455af4a6f0)" />
    </UnitTest>
    <UnitTest name="Microsoft.VisualStudio.Services.Agent.Tests.Worker.TaskCommandExtensionL0.SetEndpointIdWithoutEndpointKey" storage="c:\users\ComputerName\src\test\bin\debug\net6\win-x64\test.dll" id="f3354edd-9300-bccb-877b-beb1e34794ef">
      <Execution id="18fec603-0158-4dad-853e-4023f5bdae62" />
      <TestMethod codeBase="C:\Users\ComputerName\src\Test\bin\Debug\net6\win-x64\Test.dll" adapterTypeName="executor://xunit/VsTestRunner2" className="Microsoft.VisualStudio.Services.Agent.Tests.Worker.TaskCommandExtensionL0" name="SetEndpointIdWithoutEndpointKey" />
    </UnitTest>
    <UnitTest name="Microsoft.VisualStudio.Services.Agent.Tests.Worker.TestResults.XUnitResultReaderTests.ReadResultsDoesNotFailForV1" storage="c:\users\ComputerName\src\test\bin\debug\net6\win-x64\test.dll" id="7a46561e-5598-2e0f-9623-5af08039528a">
      <Execution id="2493fed8-47ce-4fcd-a7d1-b2c0557ed566" />
      <TestMethod codeBase="C:\Users\ComputerName\src\Test\bin\Debug\net6\win-x64\Test.dll" adapterTypeName="executor://xunit/VsTestRunner2" className="Microsoft.VisualStudio.Services.Agent.Tests.Worker.TestResults.XUnitResultReaderTests" name="ReadResultsDoesNotFailForV1" />
    </UnitTest>
    <UnitTest name="Microsoft.VisualStudio.Services.Agent.Tests.SecretMaskerL0.SecretMaskerTests_MinLengthSetThroughProperty" storage="c:\users\ComputerName\src\test\bin\debug\net6\win-x64\test.dll" id="c51fde7e-7ff1-e73b-a14a-be7e7da044ee">
      <Execution id="ad32bd2c-59d4-48e0-9f07-7def48776df7" />
      <TestMethod codeBase="C:\Users\ComputerName\src\Test\bin\Debug\net6\win-x64\Test.dll" adapterTypeName="executor://xunit/VsTestRunner2" className="Microsoft.VisualStudio.Services.Agent.Tests.SecretMaskerL0" name="SecretMaskerTests_MinLengthSetThroughProperty" />
    </UnitTest>
    <UnitTest name="Test.L0.Plugin.TestResultParser.TestRunManagerL0.TestRunManager_PublishTestRun_TestRunIsNotValid" storage="c:\users\ComputerName\src\test\bin\debug\net6\win-x64\test.dll" id="c5a06037-eab6-edac-851c-a30526e41ed7">
      <Execution id="d7993671-dbdb-4cb2-b145-743b7f41bffa" />
      <TestMethod codeBase="C:\Users\ComputerName\src\Test\bin\Debug\net6\win-x64\Test.dll" adapterTypeName="executor://xunit/VsTestRunner2" className="Test.L0.Plugin.TestResultParser.TestRunManagerL0" name="TestRunManager_PublishTestRun_TestRunIsNotValid" />
    </UnitTest>
    <UnitTest name="Microsoft.VisualStudio.Services.Agent.Tests.ConstantGenerationL0.ReleaseBuiltFromGitNotFromTarball" storage="c:\users\ComputerName\src\test\bin\debug\net6\win-x64\test.dll" id="ace665a3-950a-b4a2-bba1-74fa4f558629">
      <Execution id="a6c7b3d2-5055-4831-8f71-2bcda431ed28" />
      <TestMethod codeBase="C:\Users\ComputerName\src\Test\bin\Debug\net6\win-x64\Test.dll" adapterTypeName="executor://xunit/VsTestRunner2" className="Microsoft.VisualStudio.Services.Agent.Tests.ConstantGenerationL0" name="ReleaseBuiltFromGitNotFromTarball" />
    </UnitTest>
    <UnitTest name="Microsoft.VisualStudio.Services.Agent.Tests.HostContextL0.UrlSecretsAreMasked(input: &quot;https://user@example.com:8080/path\nhttps://user2:&quot;..., expected: &quot;https://user@example.com:8080/path\nhttps://user2:&quot;...)" storage="c:\users\ComputerName\src\test\bin\debug\net6\win-x64\test.dll" id="e5bb23ca-2e1f-e310-696e-c79fd5944d22">
      <Execution id="2401cc21-2d3c-448e-9b59-4b1b566190cf" />
      <TestMethod codeBase="C:\Users\ComputerName\src\Test\bin\Debug\net6\win-x64\Test.dll" adapterTypeName="executor://xunit/VsTestRunner2" className="Microsoft.VisualStudio.Services.Agent.Tests.HostContextL0" name="UrlSecretsAreMasked (2b93fd3d5c745f9edffb2030afbffbea4ba9a0cb)" />
    </UnitTest>
    <UnitTest name="Microsoft.VisualStudio.Services.Agent.Tests.NodeHandlerL0.UseFirstAvailableNodeIfUseNodeKnobIsUpgrade" storage="c:\users\ComputerName\src\test\bin\debug\net6\win-x64\test.dll" id="9ee0025f-855c-6756-749e-428b2bb49b12">
      <Execution id="700b7b7f-1ee7-4c4a-8e71-bfcbb3fa638f" />
      <TestMethod codeBase="C:\Users\ComputerName\src\Test\bin\Debug\net6\win-x64\Test.dll" adapterTypeName="executor://xunit/VsTestRunner2" className="Microsoft.VisualStudio.Services.Agent.Tests.NodeHandlerL0" name="UseFirstAvailableNodeIfUseNodeKnobIsUpgrade" />
    </UnitTest>
    <UnitTest name="Microsoft.VisualStudio.Services.Agent.Tests.TestFileShareProviderL0.TestDownloadArtifactAsyncWithMinimatchPattern" storage="c:\users\ComputerName\src\test\bin\debug\net6\win-x64\test.dll" id="2229e9da-aa70-6020-af21-da7b7d157d78">
      <Execution id="eed0109e-9842-4529-8ef3-973c5053383a" />
      <TestMethod codeBase="C:\Users\ComputerName\src\Test\bin\Debug\net6\win-x64\Test.dll" adapterTypeName="executor://xunit/VsTestRunner2" className="Microsoft.VisualStudio.Services.Agent.Tests.TestFileShareProviderL0" name="TestDownloadArtifactAsyncWithMinimatchPattern" />
    </UnitTest>
    <UnitTest name="Microsoft.VisualStudio.Services.Agent.Tests.Listener.JobDispatcherL0.DispatchesOneTimeJobRequest" storage="c:\users\ComputerName\src\test\bin\debug\net6\win-x64\test.dll" id="55a5d960-215e-933c-e799-3bf65956d167">
      <Execution id="167f761c-6491-4f39-b5ce-7420b14b0f84" />
      <TestMethod codeBase="C:\Users\ComputerName\src\Test\bin\Debug\net6\win-x64\Test.dll" adapterTypeName="executor://xunit/VsTestRunner2" className="Microsoft.VisualStudio.Services.Agent.Tests.Listener.JobDispatcherL0" name="DispatchesOneTimeJobRequest" />
    </UnitTest>
    <UnitTest name="Microsoft.VisualStudio.Services.Agent.Tests.SecretMaskerL0.SecretMaskerTests_CopyConstructor" storage="c:\users\ComputerName\src\test\bin\debug\net6\win-x64\test.dll" id="e6d593e5-5399-05c4-927e-57babe41c40e">
      <Execution id="f5a72395-c4d4-43f7-9c74-0e6011c59464" />
      <TestMethod codeBase="C:\Users\ComputerName\src\Test\bin\Debug\net6\win-x64\Test.dll" adapterTypeName="executor://xunit/VsTestRunner2" className="Microsoft.VisualStudio.Services.Agent.Tests.SecretMaskerL0" name="SecretMaskerTests_CopyConstructor" />
    </UnitTest>
    <UnitTest name="Microsoft.VisualStudio.Services.Agent.Tests.Listener.JobDispatcherL0.DispatcherRenewJobRequest" storage="c:\users\ComputerName\src\test\bin\debug\net6\win-x64\test.dll" id="fc1430b0-e60f-ba02-e1ae-bb20d125e9d3">
      <Execution id="082417a2-7a75-47fe-9d47-dc5197842479" />
      <TestMethod codeBase="C:\Users\ComputerName\src\Test\bin\Debug\net6\win-x64\Test.dll" adapterTypeName="executor://xunit/VsTestRunner2" className="Microsoft.VisualStudio.Services.Agent.Tests.Listener.JobDispatcherL0" name="DispatcherRenewJobRequest" />
    </UnitTest>
    <UnitTest name="Microsoft.VisualStudio.Services.Agent.Tests.Util.RepositoryUtilL0.HasMultipleCheckouts_should_return_false_when_not_set_correctly" storage="c:\users\ComputerName\src\test\bin\debug\net6\win-x64\test.dll" id="dcec420f-aa7b-0a18-c7c1-a83ed476fbab">
      <Execution id="0bf62206-cf49-4724-b52f-b880edc37d0f" />
      <TestMethod codeBase="C:\Users\ComputerName\src\Test\bin\Debug\net6\win-x64\Test.dll" adapterTypeName="executor://xunit/VsTestRunner2" className="Microsoft.VisualStudio.Services.Agent.Tests.Util.RepositoryUtilL0" name="HasMultipleCheckouts_should_return_false_when_not_set_correctly" />
    </UnitTest>
    <UnitTest name="Test.L0.Plugin.TestFilePublisher.TestFilePublisherLogPluginL0.TestFilePublisherLogPlugin_DisableForInvalidSearchPattern" storage="c:\users\ComputerName\src\test\bin\debug\net6\win-x64\test.dll" id="6a6ca46f-9254-b438-b5f7-a60ea48c2ae9">
      <Execution id="dbfd2b74-7131-4a23-b852-bd641f21efa2" />
      <TestMethod codeBase="C:\Users\ComputerName\src\Test\bin\Debug\net6\win-x64\Test.dll" adapterTypeName="executor://xunit/VsTestRunner2" className="Test.L0.Plugin.TestFilePublisher.TestFilePublisherLogPluginL0" name="TestFilePublisherLogPlugin_DisableForInvalidSearchPattern" />
    </UnitTest>
    <UnitTest name="Microsoft.VisualStudio.Services.Agent.Tests.Worker.CodeCoverage.CodeCoverageUtilitiesTests.ThrowsIfParameterIsWhiteSpace" storage="c:\users\ComputerName\src\test\bin\debug\net6\win-x64\test.dll" id="3c4b59e5-5b80-86b4-2f88-8236be1759da">
      <Execution id="0a3880a6-7068-44b7-b0d7-3376407c39bb" />
      <TestMethod codeBase="C:\Users\ComputerName\src\Test\bin\Debug\net6\win-x64\Test.dll" adapterTypeName="executor://xunit/VsTestRunner2" className="Microsoft.VisualStudio.Services.Agent.Tests.Worker.CodeCoverage.CodeCoverageUtilitiesTests" name="ThrowsIfParameterIsWhiteSpace" />
    </UnitTest>
    <UnitTest name="Microsoft.VisualStudio.Services.Agent.Tests.Worker.TaskManagerL0.DownloadsTasks" storage="c:\users\ComputerName\src\test\bin\debug\net6\win-x64\test.dll" id="7b7fd948-7e24-4c34-804b-8d3bb39fda9b">
      <Execution id="1977db61-feb8-4a88-8273-0d47e1a7e8bb" />
      <TestMethod codeBase="C:\Users\ComputerName\src\Test\bin\Debug\net6\win-x64\Test.dll" adapterTypeName="executor://xunit/VsTestRunner2" className="Microsoft.VisualStudio.Services.Agent.Tests.Worker.TaskManagerL0" name="DownloadsTasks" />
    </UnitTest>
    <UnitTest name="Microsoft.VisualStudio.Services.Agent.Tests.Worker.TestResults.JunitResultReaderTests.VerifyTestCaseStartDate" storage="c:\users\ComputerName\src\test\bin\debug\net6\win-x64\test.dll" id="440b5a11-17a1-397f-b67e-52450677e0b6">
      <Execution id="429eab39-e4e6-49c2-b9a9-d1947c7853f7" />
      <TestMethod codeBase="C:\Users\ComputerName\src\Test\bin\Debug\net6\win-x64\Test.dll" adapterTypeName="executor://xunit/VsTestRunner2" className="Microsoft.VisualStudio.Services.Agent.Tests.Worker.TestResults.JunitResultReaderTests" name="VerifyTestCaseStartDate" />
    </UnitTest>
    <UnitTest name="Test.L0.Worker.Handlers.CmdArgsSanitizerL0.Telemetry_ReturnsNull(inputArgs: &quot;1 ^; ^&amp;&quot;)" storage="c:\users\ComputerName\src\test\bin\debug\net6\win-x64\test.dll" id="2e417a04-73be-f783-754e-f02a0e729737">
      <Execution id="ff0e82e8-d2f0-417e-bed1-93ec7b5c991c" />
      <TestMethod codeBase="C:\Users\ComputerName\src\Test\bin\Debug\net6\win-x64\Test.dll" adapterTypeName="executor://xunit/VsTestRunner2" className="Test.L0.Worker.Handlers.CmdArgsSanitizerL0" name="Telemetry_ReturnsNull (b367549432e1bcd7fd0fa7871e3af6e9244e8325)" />
    </UnitTest>
    <UnitTest name="Microsoft.VisualStudio.Services.Agent.Tests.Worker.TestResults.TestRunPublisherTests.TestImpactFileUploadsWithCorrectAttachmentType" storage="c:\users\ComputerName\src\test\bin\debug\net6\win-x64\test.dll" id="ac9676b7-fc56-d1f5-1b6a-24d2560272e9">
      <Execution id="c7f7f226-0f4c-4c74-9b31-30c2825c21a7" />
      <TestMethod codeBase="C:\Users\ComputerName\src\Test\bin\Debug\net6\win-x64\Test.dll" adapterTypeName="executor://xunit/VsTestRunner2" className="Microsoft.VisualStudio.Services.Agent.Tests.Worker.TestResults.TestRunPublisherTests" name="TestImpactFileUploadsWithCorrectAttachmentType" />
    </UnitTest>
    <UnitTest name="Microsoft.VisualStudio.Services.Agent.Tests.Worker.Build.BuildDirectoryManagerL0.PrepareDirectoryUpdateRepositoryPath" storage="c:\users\ComputerName\src\test\bin\debug\net6\win-x64\test.dll" id="62e70497-f46b-c1a2-bcdd-6945a79d975e">
      <Execution id="6af465c6-c314-4b4c-8995-216a96596027" />
      <TestMethod codeBase="C:\Users\ComputerName\src\Test\bin\Debug\net6\win-x64\Test.dll" adapterTypeName="executor://xunit/VsTestRunner2" className="Microsoft.VisualStudio.Services.Agent.Tests.Worker.Build.BuildDirectoryManagerL0" name="PrepareDirectoryUpdateRepositoryPath" />
    </UnitTest>
    <UnitTest name="Microsoft.VisualStudio.Services.Agent.Tests.Worker.VariablesL0.RecalculateExpanded_PerformsRecalculation" storage="c:\users\ComputerName\src\test\bin\debug\net6\win-x64\test.dll" id="8d0766dd-16e4-d23e-faec-59c240c48793">
      <Execution id="726a97f3-2cb1-40ae-bd3f-861704631640" />
      <TestMethod codeBase="C:\Users\ComputerName\src\Test\bin\Debug\net6\win-x64\Test.dll" adapterTypeName="executor://xunit/VsTestRunner2" className="Microsoft.VisualStudio.Services.Agent.Tests.Worker.VariablesL0" name="RecalculateExpanded_PerformsRecalculation" />
    </UnitTest>
    <UnitTest name="Microsoft.VisualStudio.Services.Agent.Tests.Worker.Release.GitHubArtifactL0.MissingEndpointShouldThrowException" storage="c:\users\ComputerName\src\test\bin\debug\net6\win-x64\test.dll" id="6b65dcc7-00cf-a012-a05e-c802505f0aaf">
      <Execution id="416fd494-b3c0-4fc9-91d4-cec24512b089" />
      <TestMethod codeBase="C:\Users\ComputerName\src\Test\bin\Debug\net6\win-x64\Test.dll" adapterTypeName="executor://xunit/VsTestRunner2" className="Microsoft.VisualStudio.Services.Agent.Tests.Worker.Release.GitHubArtifactL0" name="MissingEndpointShouldThrowException" />
    </UnitTest>
    <UnitTest name="Microsoft.VisualStudio.Services.Agent.Tests.Worker.ExecutionContextL0.TranslatePathForStepTarget_should_convert_path_only_for_containers(isCheckout: True, jobTarget: &quot;container&quot;, stepTarget: null)" storage="c:\users\ComputerName\src\test\bin\debug\net6\win-x64\test.dll" id="668e9fe1-2883-2a6f-f542-c1ceeaeffa92">
      <Execution id="96f886f6-64e0-4326-8e0e-5ea88d4d0e18" />
      <TestMethod codeBase="C:\Users\ComputerName\src\Test\bin\Debug\net6\win-x64\Test.dll" adapterTypeName="executor://xunit/VsTestRunner2" className="Microsoft.VisualStudio.Services.Agent.Tests.Worker.ExecutionContextL0" name="TranslatePathForStepTarget_should_convert_path_only_for_containers (0d8f5c9aa61c7055edcdaf53c430be922e5a60fb)" />
    </UnitTest>
    <UnitTest name="Test.L0.Worker.Handlers.ProcessHandlerHelperL0.ArgsValidation_Failes(inputArgs: &quot;%var%%&quot;, envVarValue: &quot;1 &amp; echo 23&quot;)" storage="c:\users\ComputerName\src\test\bin\debug\net6\win-x64\test.dll" id="b34f83d4-8aa9-8fd9-da89-c8232aa199e6">
      <Execution id="9bb296c7-0c17-4354-9956-a1308f897198" />
      <TestMethod codeBase="C:\Users\ComputerName\src\Test\bin\Debug\net6\win-x64\Test.dll" adapterTypeName="executor://xunit/VsTestRunner2" className="Test.L0.Worker.Handlers.ProcessHandlerHelperL0" name="ArgsValidation_Failes (28dc9b6106db035615018bad03ae38efa26bc711)" />
    </UnitTest>
    <UnitTest name="Microsoft.VisualStudio.Services.Agent.Tests.Worker.TestResults.NunitResultReaderTests.RunTitleFromXmlIsHonoured" storage="c:\users\ComputerName\src\test\bin\debug\net6\win-x64\test.dll" id="e1f2194c-4d5f-cb0d-6a19-7718fc086125">
      <Execution id="58f1b4cb-bd8e-4b88-9f80-f043da269552" />
      <TestMethod codeBase="C:\Users\ComputerName\src\Test\bin\Debug\net6\win-x64\Test.dll" adapterTypeName="executor://xunit/VsTestRunner2" className="Microsoft.VisualStudio.Services.Agent.Tests.Worker.TestResults.NunitResultReaderTests" name="RunTitleFromXmlIsHonoured" />
    </UnitTest>
    <UnitTest name="Microsoft.VisualStudio.Services.Agent.Tests.Worker.Build.TrackingConfigL0.TrackingConfig_clone_should_fill_in_fields_correctly" storage="c:\users\ComputerName\src\test\bin\debug\net6\win-x64\test.dll" id="cb33115a-36a3-058f-dcd1-790fe4000789">
      <Execution id="aabba5c6-6135-4d07-af31-4a1346c78d7b" />
      <TestMethod codeBase="C:\Users\ComputerName\src\Test\bin\Debug\net6\win-x64\Test.dll" adapterTypeName="executor://xunit/VsTestRunner2" className="Microsoft.VisualStudio.Services.Agent.Tests.Worker.Build.TrackingConfigL0" name="TrackingConfig_clone_should_fill_in_fields_correctly" />
    </UnitTest>
    <UnitTest name="Test.L0.Worker.Handlers.ProcessHandlerHelperL0.ArgsValidation_Failes(inputArgs: &quot;1 ; whoami&quot;, envVarValue: &quot;&quot;)" storage="c:\users\ComputerName\src\test\bin\debug\net6\win-x64\test.dll" id="e0f9842c-c961-bfba-9414-e90275825a27">
      <Execution id="118409ca-472c-4802-a82d-0a82f5337aa8" />
      <TestMethod codeBase="C:\Users\ComputerName\src\Test\bin\Debug\net6\win-x64\Test.dll" adapterTypeName="executor://xunit/VsTestRunner2" className="Test.L0.Worker.Handlers.ProcessHandlerHelperL0" name="ArgsValidation_Failes (dff216281fc4b4ead4cbe1ab8698c41df986e703)" />
    </UnitTest>
    <UnitTest name="Test.L0.Worker.Handlers.ProcessHandlerL0.ProcessHandlerV2_FileExecution" storage="c:\users\ComputerName\src\test\bin\debug\net6\win-x64\test.dll" id="8496706c-1a6e-fd34-9c07-c0bab620ff17">
      <Execution id="3c5ad175-2109-4e4c-a5b8-6a7c4a057af8" />
      <TestMethod codeBase="C:\Users\ComputerName\src\Test\bin\Debug\net6\win-x64\Test.dll" adapterTypeName="executor://xunit/VsTestRunner2" className="Test.L0.Worker.Handlers.ProcessHandlerL0" name="ProcessHandlerV2_FileExecution" />
    </UnitTest>
    <UnitTest name="Microsoft.VisualStudio.Services.Agent.Tests.Worker.TestResults.TrxReaderTests.CustomRunTitleIsHonoured" storage="c:\users\ComputerName\src\test\bin\debug\net6\win-x64\test.dll" id="166e59da-36f7-ac30-56fd-f2db7a79de3e">
      <Execution id="919fba81-cbe6-4e0c-a48c-82116dfb786e" />
      <TestMethod codeBase="C:\Users\ComputerName\src\Test\bin\Debug\net6\win-x64\Test.dll" adapterTypeName="executor://xunit/VsTestRunner2" className="Microsoft.VisualStudio.Services.Agent.Tests.Worker.TestResults.TrxReaderTests" name="CustomRunTitleIsHonoured" />
    </UnitTest>
    <UnitTest name="Microsoft.VisualStudio.Services.Agent.Tests.Worker.Results.CTestResultReaderTests.VerifyPublishingStandardLogs" storage="c:\users\ComputerName\src\test\bin\debug\net6\win-x64\test.dll" id="cb27c782-d578-e247-8212-eb1d5e260dfc">
      <Execution id="40b61b02-1f9d-49e6-b4a7-4df9bc9b6bf0" />
      <TestMethod codeBase="C:\Users\ComputerName\src\Test\bin\Debug\net6\win-x64\Test.dll" adapterTypeName="executor://xunit/VsTestRunner2" className="Microsoft.VisualStudio.Services.Agent.Tests.Worker.Results.CTestResultReaderTests" name="VerifyPublishingStandardLogs" />
    </UnitTest>
    <UnitTest name="Microsoft.VisualStudio.Services.Agent.Tests.Listener.AgentL0.TestMetadataUpdate" storage="c:\users\ComputerName\src\test\bin\debug\net6\win-x64\test.dll" id="2bf8cd64-ff0d-943a-8bbb-6333d5c41aa9">
      <Execution id="2960121c-35c3-426c-b5e9-9f7209e59751" />
      <TestMethod codeBase="C:\Users\ComputerName\src\Test\bin\Debug\net6\win-x64\Test.dll" adapterTypeName="executor://xunit/VsTestRunner2" className="Microsoft.VisualStudio.Services.Agent.Tests.Listener.AgentL0" name="TestMetadataUpdate" />
    </UnitTest>
    <UnitTest name="Microsoft.VisualStudio.Services.Agent.Tests.Worker.TaskRunnerL0.VerifyTasksTests" storage="c:\users\ComputerName\src\test\bin\debug\net6\win-x64\test.dll" id="95b5ae24-43c2-a89e-bbe2-ff2a5510bf69">
      <Execution id="ce15129a-e982-436e-a926-adb00b1b9063" />
      <TestMethod codeBase="C:\Users\ComputerName\src\Test\bin\Debug\net6\win-x64\Test.dll" adapterTypeName="executor://xunit/VsTestRunner2" className="Microsoft.VisualStudio.Services.Agent.Tests.Worker.TaskRunnerL0" name="VerifyTasksTests" />
    </UnitTest>
    <UnitTest name="Microsoft.VisualStudio.Services.Agent.Tests.ProcessInvokerL0.EnableWorkerCommandsByDefault" storage="c:\users\ComputerName\src\test\bin\debug\net6\win-x64\test.dll" id="e7ef87fd-2152-be20-b813-ef9a7c63f804">
      <Execution id="448efe1d-d1c2-4dbb-8120-9bfc763e81cb" />
      <TestMethod codeBase="C:\Users\ComputerName\src\Test\bin\Debug\net6\win-x64\Test.dll" adapterTypeName="executor://xunit/VsTestRunner2" className="Microsoft.VisualStudio.Services.Agent.Tests.ProcessInvokerL0" name="EnableWorkerCommandsByDefault" />
    </UnitTest>
    <UnitTest name="Microsoft.VisualStudio.Services.Agent.Tests.Listener.PipelineParserL0.TaskStep" storage="c:\users\ComputerName\src\test\bin\debug\net6\win-x64\test.dll" id="97292111-06fc-9faa-7926-9b105058860c">
      <Execution id="537e2e24-e2ef-4021-91c0-8856ec1f6a23" />
      <TestMethod codeBase="C:\Users\ComputerName\src\Test\bin\Debug\net6\win-x64\Test.dll" adapterTypeName="executor://xunit/VsTestRunner2" className="Microsoft.VisualStudio.Services.Agent.Tests.Listener.PipelineParserL0" name="TaskStep" />
    </UnitTest>
    <UnitTest name="Microsoft.VisualStudio.Services.Agent.Tests.TestFileContainerProviderL0.TestGettingArtifactItemsWithMinimatchPattern(pttrn: [&quot;**&quot;, &quot;!**/Folder1/**&quot;, &quot; &quot;, &quot;!!**/File3.txt&quot;], count: 4, expectedPaths: [&quot;ArtifactForTest&quot;, &quot;ArtifactForTest/File1.txt&quot;, &quot;ArtifactForTest/Folder1&quot;, &quot;ArtifactForTest/Folder1/Folder2/File3.txt&quot;])" storage="c:\users\ComputerName\src\test\bin\debug\net6\win-x64\test.dll" id="3881e429-8812-1d2e-47d7-efc59f1d7f74">
      <Execution id="c7b12d55-cc32-431d-b5c0-b596dec56788" />
      <TestMethod codeBase="C:\Users\ComputerName\src\Test\bin\Debug\net6\win-x64\Test.dll" adapterTypeName="executor://xunit/VsTestRunner2" className="Microsoft.VisualStudio.Services.Agent.Tests.TestFileContainerProviderL0" name="TestGettingArtifactItemsWithMinimatchPattern (73fc4301dfb1b4e6b9aa751fb54f600625de554c)" />
    </UnitTest>
    <UnitTest name="Microsoft.VisualStudio.Services.Agent.Tests.Worker.VariablesL0.ExpandValues_HandlesNullValue" storage="c:\users\ComputerName\src\test\bin\debug\net6\win-x64\test.dll" id="c93ff4c8-c220-2b96-8956-bfef81aacd65">
      <Execution id="ab2bfd62-3298-48e4-a7da-9e6a430ee150" />
      <TestMethod codeBase="C:\Users\ComputerName\src\Test\bin\Debug\net6\win-x64\Test.dll" adapterTypeName="executor://xunit/VsTestRunner2" className="Microsoft.VisualStudio.Services.Agent.Tests.Worker.VariablesL0" name="ExpandValues_HandlesNullValue" />
    </UnitTest>
    <UnitTest name="Microsoft.VisualStudio.Services.Agent.Tests.Worker.TestResults.NunitResultReaderTests.VerifyLastTestCaseEndDateNotGreaterThanTestRunTotalTime" storage="c:\users\ComputerName\src\test\bin\debug\net6\win-x64\test.dll" id="5da3918e-cf33-9375-f0d2-2e6b749f1a72">
      <Execution id="648025a8-815c-4f33-b65d-71e964692698" />
      <TestMethod codeBase="C:\Users\ComputerName\src\Test\bin\Debug\net6\win-x64\Test.dll" adapterTypeName="executor://xunit/VsTestRunner2" className="Microsoft.VisualStudio.Services.Agent.Tests.Worker.TestResults.NunitResultReaderTests" name="VerifyLastTestCaseEndDateNotGreaterThanTestRunTotalTime" />
    </UnitTest>
    <UnitTest name="Microsoft.VisualStudio.Services.Agent.Tests.Worker.Build.TrackingManagerL0.MarksTrackingConfigForGarbageCollection_Legacy" storage="c:\users\ComputerName\src\test\bin\debug\net6\win-x64\test.dll" id="f29262de-cef7-19d7-e7aa-25e45cd577ff">
      <Execution id="d1a324d2-3c9f-4f7e-b274-982eebbbdd1d" />
      <TestMethod codeBase="C:\Users\ComputerName\src\Test\bin\Debug\net6\win-x64\Test.dll" adapterTypeName="executor://xunit/VsTestRunner2" className="Microsoft.VisualStudio.Services.Agent.Tests.Worker.Build.TrackingManagerL0" name="MarksTrackingConfigForGarbageCollection_Legacy" />
    </UnitTest>
    <UnitTest name="Microsoft.VisualStudio.Services.Agent.Tests.CommandSettingsL0.GetsArgSecretFromEnvVar" storage="c:\users\ComputerName\src\test\bin\debug\net6\win-x64\test.dll" id="3a2ad9a7-67d2-d6bc-b459-316a6ffabcfa">
      <Execution id="7d129f34-3f51-44c4-9328-0a2ecd067724" />
      <TestMethod codeBase="C:\Users\ComputerName\src\Test\bin\Debug\net6\win-x64\Test.dll" adapterTypeName="executor://xunit/VsTestRunner2" className="Microsoft.VisualStudio.Services.Agent.Tests.CommandSettingsL0" name="GetsArgSecretFromEnvVar" />
    </UnitTest>
    <UnitTest name="Microsoft.VisualStudio.Services.Agent.Tests.Worker.StepsRunnerL0.SkipsAfterFailureOnlyBaseOnCondition" storage="c:\users\ComputerName\src\test\bin\debug\net6\win-x64\test.dll" id="42a4c4e8-24c2-f1d4-ea32-0da0148c4f0c">
      <Execution id="281a671e-ee1b-425f-b52c-1af9030a5668" />
      <TestMethod codeBase="C:\Users\ComputerName\src\Test\bin\Debug\net6\win-x64\Test.dll" adapterTypeName="executor://xunit/VsTestRunner2" className="Microsoft.VisualStudio.Services.Agent.Tests.Worker.StepsRunnerL0" name="SkipsAfterFailureOnlyBaseOnCondition" />
    </UnitTest>
    <UnitTest name="Microsoft.VisualStudio.Services.Agent.Tests.Util.UrlUtilL0.GetCredentialEmbeddedUrl_HasUsernameAndPassword" storage="c:\users\ComputerName\src\test\bin\debug\net6\win-x64\test.dll" id="e80fb3a9-035c-f635-b5fc-e42f4761c91a">
      <Execution id="34615a3a-0919-48c2-9397-0fd91f557b00" />
      <TestMethod codeBase="C:\Users\ComputerName\src\Test\bin\Debug\net6\win-x64\Test.dll" adapterTypeName="executor://xunit/VsTestRunner2" className="Microsoft.VisualStudio.Services.Agent.Tests.Util.UrlUtilL0" name="GetCredentialEmbeddedUrl_HasUsernameAndPassword" />
    </UnitTest>
    <UnitTest name="Microsoft.VisualStudio.Services.Agent.Tests.CommandSettingsL0.GetsFlagVersion" storage="c:\users\ComputerName\src\test\bin\debug\net6\win-x64\test.dll" id="9f3d9bff-292e-8d90-1bab-b5c30d55ad90">
      <Execution id="e0b13651-7f75-4c1f-b72f-1a03aecf75c2" />
      <TestMethod codeBase="C:\Users\ComputerName\src\Test\bin\Debug\net6\win-x64\Test.dll" adapterTypeName="executor://xunit/VsTestRunner2" className="Microsoft.VisualStudio.Services.Agent.Tests.CommandSettingsL0" name="GetsFlagVersion" />
    </UnitTest>
    <UnitTest name="Microsoft.VisualStudio.Services.Agent.Tests.Util.IOUtilL0.Delete_DeletesDirectory" storage="c:\users\ComputerName\src\test\bin\debug\net6\win-x64\test.dll" id="95ec1328-e10e-d517-538c-1ec22a51525b">
      <Execution id="0bcc7bbb-1a98-4a1b-93ee-c6960c33e13a" />
      <TestMethod codeBase="C:\Users\ComputerName\src\Test\bin\Debug\net6\win-x64\Test.dll" adapterTypeName="executor://xunit/VsTestRunner2" className="Microsoft.VisualStudio.Services.Agent.Tests.Util.IOUtilL0" name="Delete_DeletesDirectory" />
    </UnitTest>
    <UnitTest name="Microsoft.VisualStudio.Services.Agent.Tests.Worker.VariablesL0.RecalculateExpanded_PathTranslator" storage="c:\users\ComputerName\src\test\bin\debug\net6\win-x64\test.dll" id="b9403fdd-a8b4-fc1b-1db4-c677b905ddaa">
      <Execution id="226b3701-552e-4408-b837-13f3866be200" />
      <TestMethod codeBase="C:\Users\ComputerName\src\Test\bin\Debug\net6\win-x64\Test.dll" adapterTypeName="executor://xunit/VsTestRunner2" className="Microsoft.VisualStudio.Services.Agent.Tests.Worker.VariablesL0" name="RecalculateExpanded_PathTranslator" />
    </UnitTest>
    <UnitTest name="Microsoft.VisualStudio.Services.Agent.Tests.RegexSecretL0.Equals_ReturnsTrue_WhenPatternsAreEqual" storage="c:\users\ComputerName\src\test\bin\debug\net6\win-x64\test.dll" id="14d1abef-a39f-8d08-6fd3-8d86015dc6b6">
      <Execution id="d34d0d72-bd03-4994-983b-901250f8e8d8" />
      <TestMethod codeBase="C:\Users\ComputerName\src\Test\bin\Debug\net6\win-x64\Test.dll" adapterTypeName="executor://xunit/VsTestRunner2" className="Microsoft.VisualStudio.Services.Agent.Tests.RegexSecretL0" name="Equals_ReturnsTrue_WhenPatternsAreEqual" />
    </UnitTest>
    <UnitTest name="Microsoft.VisualStudio.Services.Agent.Tests.Worker.TaskManagerL0.ExtractsAnAlreadyDownloadedZipToTheCorrectLocationWhenInSignatureVerification" storage="c:\users\ComputerName\src\test\bin\debug\net6\win-x64\test.dll" id="36d069df-111c-779f-c834-74053b29e8a8">
      <Execution id="bb7888c3-1f4d-4954-beac-66356232c629" />
      <TestMethod codeBase="C:\Users\ComputerName\src\Test\bin\Debug\net6\win-x64\Test.dll" adapterTypeName="executor://xunit/VsTestRunner2" className="Microsoft.VisualStudio.Services.Agent.Tests.Worker.TaskManagerL0" name="ExtractsAnAlreadyDownloadedZipToTheCorrectLocationWhenInSignatureVerification" />
    </UnitTest>
    <UnitTest name="Microsoft.VisualStudio.Services.Agent.Tests.Worker.Build.BuildDirectoryManagerL0.UpdateDirectory_DontAllowWorkingDirectoryRepositories" storage="c:\users\ComputerName\src\test\bin\debug\net6\win-x64\test.dll" id="a7719a08-0b16-5212-d0ea-cfea4dd578d6">
      <Execution id="4e1295d7-0eab-4cff-b72c-4cc0f43d5ff1" />
      <TestMethod codeBase="C:\Users\ComputerName\src\Test\bin\Debug\net6\win-x64\Test.dll" adapterTypeName="executor://xunit/VsTestRunner2" className="Microsoft.VisualStudio.Services.Agent.Tests.Worker.Build.BuildDirectoryManagerL0" name="UpdateDirectory_DontAllowWorkingDirectoryRepositories" />
    </UnitTest>
    <UnitTest name="Microsoft.VisualStudio.Services.Agent.Tests.Worker.TestResults.ParserTests.PublishTrxResults" storage="c:\users\ComputerName\src\test\bin\debug\net6\win-x64\test.dll" id="2c45199b-f9bd-b986-3444-0c0957fea40c">
      <Execution id="ef809551-8d42-4825-be25-6ea117bee37d" />
      <TestMethod codeBase="C:\Users\ComputerName\src\Test\bin\Debug\net6\win-x64\Test.dll" adapterTypeName="executor://xunit/VsTestRunner2" className="Microsoft.VisualStudio.Services.Agent.Tests.Worker.TestResults.ParserTests" name="PublishTrxResults" />
    </UnitTest>
    <UnitTest name="Microsoft.VisualStudio.Services.Agent.Tests.Listener.AgentAutoLogonTestL0.TestAutoLogonUnConfigure" storage="c:\users\ComputerName\src\test\bin\debug\net6\win-x64\test.dll" id="05318104-675a-130a-0530-4d83506bb88d">
      <Execution id="c2f09d8b-7d3a-4269-a15d-306dd9be1880" />
      <TestMethod codeBase="C:\Users\ComputerName\src\Test\bin\Debug\net6\win-x64\Test.dll" adapterTypeName="executor://xunit/VsTestRunner2" className="Microsoft.VisualStudio.Services.Agent.Tests.Listener.AgentAutoLogonTestL0" name="TestAutoLogonUnConfigure" />
    </UnitTest>
    <UnitTest name="Microsoft.VisualStudio.Services.Agent.Tests.Worker.TaskRunnerL0.GetHandlerHostOnlyTests" storage="c:\users\ComputerName\src\test\bin\debug\net6\win-x64\test.dll" id="bb86251f-c1ab-7006-deb7-22cb7812e5cc">
      <Execution id="755e2141-fc71-4c20-b912-c851bd41bedf" />
      <TestMethod codeBase="C:\Users\ComputerName\src\Test\bin\Debug\net6\win-x64\Test.dll" adapterTypeName="executor://xunit/VsTestRunner2" className="Microsoft.VisualStudio.Services.Agent.Tests.Worker.TaskRunnerL0" name="GetHandlerHostOnlyTests" />
    </UnitTest>
    <UnitTest name="Microsoft.VisualStudio.Services.Agent.Tests.HostContextL0.UrlSecretsAreMasked(input: &quot;https://example.com/path&quot;, expected: &quot;https://example.com/path&quot;)" storage="c:\users\ComputerName\src\test\bin\debug\net6\win-x64\test.dll" id="2013b66e-e3bf-6c1a-f840-c0e2ddcecef8">
      <Execution id="75fc8efb-4660-45b4-a931-1d5c91d6bcc7" />
      <TestMethod codeBase="C:\Users\ComputerName\src\Test\bin\Debug\net6\win-x64\Test.dll" adapterTypeName="executor://xunit/VsTestRunner2" className="Microsoft.VisualStudio.Services.Agent.Tests.HostContextL0" name="UrlSecretsAreMasked (9a8f2ceab52c8a6617e3061da1be009ab05bd580)" />
    </UnitTest>
    <UnitTest name="Microsoft.VisualStudio.Services.Agent.Tests.NodeHandlerL0.UseNewNodeForNewNodeHandlerHostContextVarUnset" storage="c:\users\ComputerName\src\test\bin\debug\net6\win-x64\test.dll" id="e7fccf2c-f89b-6dec-8819-33e1705294fd">
      <Execution id="ddd20a70-6668-4917-9a51-bafd5ae8ed1e" />
      <TestMethod codeBase="C:\Users\ComputerName\src\Test\bin\Debug\net6\win-x64\Test.dll" adapterTypeName="executor://xunit/VsTestRunner2" className="Microsoft.VisualStudio.Services.Agent.Tests.NodeHandlerL0" name="UseNewNodeForNewNodeHandlerHostContextVarUnset" />
    </UnitTest>
    <UnitTest name="Microsoft.VisualStudio.Services.Agent.Tests.PipelineCache.MatchingTests.MultipleIncludes" storage="c:\users\ComputerName\src\test\bin\debug\net6\win-x64\test.dll" id="1f1e9b73-4532-fbf5-4db6-91c39592c0ca">
      <Execution id="d5eeb404-df23-4dae-98c0-36e5d17dbc8f" />
      <TestMethod codeBase="C:\Users\ComputerName\src\Test\bin\Debug\net6\win-x64\Test.dll" adapterTypeName="executor://xunit/VsTestRunner2" className="Microsoft.VisualStudio.Services.Agent.Tests.PipelineCache.MatchingTests" name="MultipleIncludes" />
    </UnitTest>
    <UnitTest name="Test.L0.Plugin.TestFilePublisher.TestFilePublisherLogPluginL0.TestFilePublisherLogPlugin_DisableForInvalidSearchFolders" storage="c:\users\ComputerName\src\test\bin\debug\net6\win-x64\test.dll" id="97d0ddc7-2a51-5fc7-6b70-f7c8d04df2cc">
      <Execution id="123a0b00-6044-4d11-8457-a8c19e1f4ef9" />
      <TestMethod codeBase="C:\Users\ComputerName\src\Test\bin\Debug\net6\win-x64\Test.dll" adapterTypeName="executor://xunit/VsTestRunner2" className="Test.L0.Plugin.TestFilePublisher.TestFilePublisherLogPluginL0" name="TestFilePublisherLogPlugin_DisableForInvalidSearchFolders" />
    </UnitTest>
    <UnitTest name="Microsoft.VisualStudio.Services.Agent.Tests.ProcessInvokerL0.RedirectSTDINCloseStream" storage="c:\users\ComputerName\src\test\bin\debug\net6\win-x64\test.dll" id="37d4bbc9-6b38-acd5-e3b1-d51d2f32e68f">
      <Execution id="648ced4a-ce2d-42c6-80ab-30c59a152e0f" />
      <TestMethod codeBase="C:\Users\ComputerName\src\Test\bin\Debug\net6\win-x64\Test.dll" adapterTypeName="executor://xunit/VsTestRunner2" className="Microsoft.VisualStudio.Services.Agent.Tests.ProcessInvokerL0" name="RedirectSTDINCloseStream" />
    </UnitTest>
    <UnitTest name="Microsoft.VisualStudio.Services.Agent.Tests.Worker.WorkerL0.VerifyJobRequestMessageVsoCommandsDeactivatedIfVariableCasesHandlesNullValues" storage="c:\users\ComputerName\src\test\bin\debug\net6\win-x64\test.dll" id="9c55a842-372d-98fe-ece4-498d94fb6dbf">
      <Execution id="b7782172-bfd9-4edb-8ea9-1443b4940ce1" />
      <TestMethod codeBase="C:\Users\ComputerName\src\Test\bin\Debug\net6\win-x64\Test.dll" adapterTypeName="executor://xunit/VsTestRunner2" className="Microsoft.VisualStudio.Services.Agent.Tests.Worker.WorkerL0" name="VerifyJobRequestMessageVsoCommandsDeactivatedIfVariableCasesHandlesNullValues" />
    </UnitTest>
    <UnitTest name="Microsoft.VisualStudio.Services.Agent.Tests.Worker.Release.FetchEngineL0.ShouldDownloadAllTheFiles" storage="c:\users\ComputerName\src\test\bin\debug\net6\win-x64\test.dll" id="0a598714-9d4f-54ec-205a-faec8a210d15">
      <Execution id="84e5416b-375e-4219-a069-f37fe0c24265" />
      <TestMethod codeBase="C:\Users\ComputerName\src\Test\bin\Debug\net6\win-x64\Test.dll" adapterTypeName="executor://xunit/VsTestRunner2" className="Microsoft.VisualStudio.Services.Agent.Tests.Worker.Release.FetchEngineL0" name="ShouldDownloadAllTheFiles" />
    </UnitTest>
    <UnitTest name="Microsoft.VisualStudio.Services.Agent.Tests.Worker.Build.BuildJobExtensionL0.CheckMultiRepoWithoutPathInput" storage="c:\users\ComputerName\src\test\bin\debug\net6\win-x64\test.dll" id="03f00213-dbcb-aa8b-df71-f41f4940c3b2">
      <Execution id="7edeb0e4-9445-4a64-863e-3e8b2cbaaf55" />
      <TestMethod codeBase="C:\Users\ComputerName\src\Test\bin\Debug\net6\win-x64\Test.dll" adapterTypeName="executor://xunit/VsTestRunner2" className="Microsoft.VisualStudio.Services.Agent.Tests.Worker.Build.BuildJobExtensionL0" name="CheckMultiRepoWithoutPathInput" />
    </UnitTest>
    <UnitTest name="Microsoft.VisualStudio.Services.Agent.Tests.Worker.TaskCommandExtensionL0.SetEndpointWithoutEndpointId" storage="c:\users\ComputerName\src\test\bin\debug\net6\win-x64\test.dll" id="8b21105c-f0c7-7c1a-2f08-410b6e07295c">
      <Execution id="5476aeb5-e1cd-4e8c-a3d3-71044ddd3d31" />
      <TestMethod codeBase="C:\Users\ComputerName\src\Test\bin\Debug\net6\win-x64\Test.dll" adapterTypeName="executor://xunit/VsTestRunner2" className="Microsoft.VisualStudio.Services.Agent.Tests.Worker.TaskCommandExtensionL0" name="SetEndpointWithoutEndpointId" />
    </UnitTest>
    <UnitTest name="Microsoft.VisualStudio.Services.Agent.Tests.Plugin.RepositoryPluginL0.RepositoryPlugin_MultiCheckout_UpdatePathForAllRepos" storage="c:\users\ComputerName\src\test\bin\debug\net6\win-x64\test.dll" id="3de89a88-f599-e086-d428-92be26ac3cf2">
      <Execution id="1c37052e-e388-44ba-82fe-d1a6334391ca" />
      <TestMethod codeBase="C:\Users\ComputerName\src\Test\bin\Debug\net6\win-x64\Test.dll" adapterTypeName="executor://xunit/VsTestRunner2" className="Microsoft.VisualStudio.Services.Agent.Tests.Plugin.RepositoryPluginL0" name="RepositoryPlugin_MultiCheckout_UpdatePathForAllRepos" />
    </UnitTest>
    <UnitTest name="Microsoft.VisualStudio.Services.Agent.Tests.Worker.TestResults.TrxReaderTests.PendingOutcomeTreatedAsNotExecuted" storage="c:\users\ComputerName\src\test\bin\debug\net6\win-x64\test.dll" id="69bf13ef-f98e-20b5-3f38-6d1e30e0aa40">
      <Execution id="e79d51c6-1d56-4333-842a-2ae6300f6943" />
      <TestMethod codeBase="C:\Users\ComputerName\src\Test\bin\Debug\net6\win-x64\Test.dll" adapterTypeName="executor://xunit/VsTestRunner2" className="Microsoft.VisualStudio.Services.Agent.Tests.Worker.TestResults.TrxReaderTests" name="PendingOutcomeTreatedAsNotExecuted" />
    </UnitTest>
    <UnitTest name="Microsoft.VisualStudio.Services.Agent.Tests.Util.ArgUtilL0.Equal_ThrowsWhenObjectsAreNotEqual" storage="c:\users\ComputerName\src\test\bin\debug\net6\win-x64\test.dll" id="d3fde126-6b21-f905-429e-dcbe21e7b377">
      <Execution id="da7bc1d9-356a-4da0-b47b-29f6b757b06f" />
      <TestMethod codeBase="C:\Users\ComputerName\src\Test\bin\Debug\net6\win-x64\Test.dll" adapterTypeName="executor://xunit/VsTestRunner2" className="Microsoft.VisualStudio.Services.Agent.Tests.Util.ArgUtilL0" name="Equal_ThrowsWhenObjectsAreNotEqual" />
    </UnitTest>
    <UnitTest name="Microsoft.VisualStudio.Services.Agent.Tests.Worker.VariablesL0.Unset" storage="c:\users\ComputerName\src\test\bin\debug\net6\win-x64\test.dll" id="c38ea04c-e31b-1652-e3ea-efbab357c526">
      <Execution id="6eaea3c2-7df8-401e-9106-b3db2d564051" />
      <TestMethod codeBase="C:\Users\ComputerName\src\Test\bin\Debug\net6\win-x64\Test.dll" adapterTypeName="executor://xunit/VsTestRunner2" className="Microsoft.VisualStudio.Services.Agent.Tests.Worker.VariablesL0" name="Unset" />
    </UnitTest>
    <UnitTest name="Microsoft.VisualStudio.Services.Agent.Tests.Worker.VariablesL0.Get_ReturnsNullIfNotFound" storage="c:\users\ComputerName\src\test\bin\debug\net6\win-x64\test.dll" id="f8cec02b-55fc-f876-7200-36eb821f7298">
      <Execution id="6fa74a74-ec7c-48da-985e-7845aea6c23e" />
      <TestMethod codeBase="C:\Users\ComputerName\src\Test\bin\Debug\net6\win-x64\Test.dll" adapterTypeName="executor://xunit/VsTestRunner2" className="Microsoft.VisualStudio.Services.Agent.Tests.Worker.VariablesL0" name="Get_ReturnsNullIfNotFound" />
    </UnitTest>
    <UnitTest name="Microsoft.VisualStudio.Services.Agent.Tests.Worker.CodeCoverage.CodeCoverageCommandExtensionTests.PublishCCFilesWithOnlyAdditionalFilesInput" storage="c:\users\ComputerName\src\test\bin\debug\net6\win-x64\test.dll" id="6227de3c-b702-aa33-1b20-623d36392e15">
      <Execution id="4365349f-34e0-4e29-acc1-e8303cd425a0" />
      <TestMethod codeBase="C:\Users\ComputerName\src\Test\bin\Debug\net6\win-x64\Test.dll" adapterTypeName="executor://xunit/VsTestRunner2" className="Microsoft.VisualStudio.Services.Agent.Tests.Worker.CodeCoverage.CodeCoverageCommandExtensionTests" name="PublishCCFilesWithOnlyAdditionalFilesInput" />
    </UnitTest>
    <UnitTest name="Microsoft.VisualStudio.Services.Agent.Tests.Util.ArgUtilL0.Equal_MatchesReferenceEquality" storage="c:\users\ComputerName\src\test\bin\debug\net6\win-x64\test.dll" id="4bba233d-13a9-ee40-0c1a-5b9716328b2f">
      <Execution id="1ced6a9a-ab09-4e05-b6e3-f8d4605dcf3f" />
      <TestMethod codeBase="C:\Users\ComputerName\src\Test\bin\Debug\net6\win-x64\Test.dll" adapterTypeName="executor://xunit/VsTestRunner2" className="Microsoft.VisualStudio.Services.Agent.Tests.Util.ArgUtilL0" name="Equal_MatchesReferenceEquality" />
    </UnitTest>
    <UnitTest name="Microsoft.VisualStudio.Services.Agent.Tests.Worker.Build.BuildDirectoryManagerL0.RecreatesArtifactsAndTestResultsDirectory" storage="c:\users\ComputerName\src\test\bin\debug\net6\win-x64\test.dll" id="e77ac467-117f-3926-36da-4f132df0bdb5">
      <Execution id="6871ab58-fe25-4f35-a41c-db645e3f7f84" />
      <TestMethod codeBase="C:\Users\ComputerName\src\Test\bin\Debug\net6\win-x64\Test.dll" adapterTypeName="executor://xunit/VsTestRunner2" className="Microsoft.VisualStudio.Services.Agent.Tests.Worker.Build.BuildDirectoryManagerL0" name="RecreatesArtifactsAndTestResultsDirectory" />
    </UnitTest>
    <UnitTest name="Microsoft.VisualStudio.Services.Agent.Tests.Worker.Build.BuildDirectoryManagerL0.DeletesSourcesDirectoryWhenCleanIsSources" storage="c:\users\ComputerName\src\test\bin\debug\net6\win-x64\test.dll" id="70fe3028-ec38-fe06-6032-f4410e58160a">
      <Execution id="817d8b65-d5cc-4c92-9abd-6f18f991025d" />
      <TestMethod codeBase="C:\Users\ComputerName\src\Test\bin\Debug\net6\win-x64\Test.dll" adapterTypeName="executor://xunit/VsTestRunner2" className="Microsoft.VisualStudio.Services.Agent.Tests.Worker.Build.BuildDirectoryManagerL0" name="DeletesSourcesDirectoryWhenCleanIsSources" />
    </UnitTest>
    <UnitTest name="Microsoft.VisualStudio.Services.Agent.Tests.Util.IOUtilL0.DeleteDirectory_DoesNotFollowNestLevel1DirectoryReparsePoint" storage="c:\users\ComputerName\src\test\bin\debug\net6\win-x64\test.dll" id="0ac374dc-e6cf-d7fb-081c-8e3cb0627ab3">
      <Execution id="36285c92-c6b1-41be-aaac-783fa47d3271" />
      <TestMethod codeBase="C:\Users\ComputerName\src\Test\bin\Debug\net6\win-x64\Test.dll" adapterTypeName="executor://xunit/VsTestRunner2" className="Microsoft.VisualStudio.Services.Agent.Tests.Util.IOUtilL0" name="DeleteDirectory_DoesNotFollowNestLevel1DirectoryReparsePoint" />
    </UnitTest>
    <UnitTest name="Microsoft.VisualStudio.Services.Agent.Tests.CommandSettingsL0.PromptsForAcceptTeeEula" storage="c:\users\ComputerName\src\test\bin\debug\net6\win-x64\test.dll" id="b8819dd9-61f5-3064-1263-be734998a9e2">
      <Execution id="2f49ea42-2146-4b17-8b61-19e5b887b444" />
      <TestMethod codeBase="C:\Users\ComputerName\src\Test\bin\Debug\net6\win-x64\Test.dll" adapterTypeName="executor://xunit/VsTestRunner2" className="Microsoft.VisualStudio.Services.Agent.Tests.CommandSettingsL0" name="PromptsForAcceptTeeEula" />
    </UnitTest>
    <UnitTest name="Microsoft.VisualStudio.Services.Agent.Tests.Listener.PipelineParserL0.PhaseQueueTarget" storage="c:\users\ComputerName\src\test\bin\debug\net6\win-x64\test.dll" id="94e864b4-cb78-717b-dd1a-9b645d28d621">
      <Execution id="769df613-0986-4fc8-b933-b61fc546cf4b" />
      <TestMethod codeBase="C:\Users\ComputerName\src\Test\bin\Debug\net6\win-x64\Test.dll" adapterTypeName="executor://xunit/VsTestRunner2" className="Microsoft.VisualStudio.Services.Agent.Tests.Listener.PipelineParserL0" name="PhaseQueueTarget" />
    </UnitTest>
    <UnitTest name="Microsoft.VisualStudio.Services.Agent.Tests.Worker.VariablesL0.IsReadOnly_RespectsSystemVariables" storage="c:\users\ComputerName\src\test\bin\debug\net6\win-x64\test.dll" id="88b5b21f-2c67-cf80-e4c6-01d91f78d9d4">
      <Execution id="07ed56c9-741d-473c-8e0b-0670a07f27fc" />
      <TestMethod codeBase="C:\Users\ComputerName\src\Test\bin\Debug\net6\win-x64\Test.dll" adapterTypeName="executor://xunit/VsTestRunner2" className="Microsoft.VisualStudio.Services.Agent.Tests.Worker.VariablesL0" name="IsReadOnly_RespectsSystemVariables" />
    </UnitTest>
    <UnitTest name="Microsoft.VisualStudio.Services.Agent.Tests.Worker.TestResults.XUnitResultReaderTests.ReadsResultsReturnsCorrectValuesInDifferentCulture" storage="c:\users\ComputerName\src\test\bin\debug\net6\win-x64\test.dll" id="5bf26135-cffc-e583-fb69-660eedb3d213">
      <Execution id="3f4412d1-6183-4d26-b252-fd39b8be688d" />
      <TestMethod codeBase="C:\Users\ComputerName\src\Test\bin\Debug\net6\win-x64\Test.dll" adapterTypeName="executor://xunit/VsTestRunner2" className="Microsoft.VisualStudio.Services.Agent.Tests.Worker.TestResults.XUnitResultReaderTests" name="ReadsResultsReturnsCorrectValuesInDifferentCulture" />
    </UnitTest>
    <UnitTest name="Microsoft.VisualStudio.Services.Agent.Tests.Worker.TestResults.JunitResultReaderTests.DefaultRunTitleIsHonouredForMultiSuiteRuns" storage="c:\users\ComputerName\src\test\bin\debug\net6\win-x64\test.dll" id="432cfc47-2a5f-9173-b2eb-2af874a3e1b4">
      <Execution id="551a9cab-e194-4f5d-bda4-e877bfa08576" />
      <TestMethod codeBase="C:\Users\ComputerName\src\Test\bin\Debug\net6\win-x64\Test.dll" adapterTypeName="executor://xunit/VsTestRunner2" className="Microsoft.VisualStudio.Services.Agent.Tests.Worker.TestResults.JunitResultReaderTests" name="DefaultRunTitleIsHonouredForMultiSuiteRuns" />
    </UnitTest>
    <UnitTest name="Microsoft.VisualStudio.Services.Agent.Tests.Plugin.RepositoryPluginL0.RepositoryPlugin_CheckoutTask_MergesCheckoutOptions_CaseInsensitive" storage="c:\users\ComputerName\src\test\bin\debug\net6\win-x64\test.dll" id="f3cf92d0-3045-e682-38d1-b2fbbdefe46b">
      <Execution id="660bfc7b-241a-43ba-9452-a8578f71272f" />
      <TestMethod codeBase="C:\Users\ComputerName\src\Test\bin\Debug\net6\win-x64\Test.dll" adapterTypeName="executor://xunit/VsTestRunner2" className="Microsoft.VisualStudio.Services.Agent.Tests.Plugin.RepositoryPluginL0" name="RepositoryPlugin_CheckoutTask_MergesCheckoutOptions_CaseInsensitive" />
    </UnitTest>
    <UnitTest name="Microsoft.VisualStudio.Services.Agent.Tests.CommandSettingsL0.GetsCommandRunWithoutRun" storage="c:\users\ComputerName\src\test\bin\debug\net6\win-x64\test.dll" id="63d3699c-f8f5-6ccf-03a8-52aa2c41cac1">
      <Execution id="c1f42174-98bc-4b66-8dfa-015058f02e6a" />
      <TestMethod codeBase="C:\Users\ComputerName\src\Test\bin\Debug\net6\win-x64\Test.dll" adapterTypeName="executor://xunit/VsTestRunner2" className="Microsoft.VisualStudio.Services.Agent.Tests.CommandSettingsL0" name="GetsCommandRunWithoutRun" />
    </UnitTest>
    <UnitTest name="Microsoft.VisualStudio.Services.Agent.Tests.Worker.TaskCommandExtensionL0.SetEndpointInvalidEndpointField" storage="c:\users\ComputerName\src\test\bin\debug\net6\win-x64\test.dll" id="52f7d93b-fbd4-64db-d0a3-f16fc4e561f7">
      <Execution id="4aa03b91-fcbc-4e58-bc77-1e71352bd2fa" />
      <TestMethod codeBase="C:\Users\ComputerName\src\Test\bin\Debug\net6\win-x64\Test.dll" adapterTypeName="executor://xunit/VsTestRunner2" className="Microsoft.VisualStudio.Services.Agent.Tests.Worker.TaskCommandExtensionL0" name="SetEndpointInvalidEndpointField" />
    </UnitTest>
    <UnitTest name="Microsoft.VisualStudio.Services.Agent.Tests.Worker.TestResults.XUnitResultReaderTests.VerifyTestCaseStartDate" storage="c:\users\ComputerName\src\test\bin\debug\net6\win-x64\test.dll" id="c4cc050c-dc82-755c-a3b7-c8a72cea9243">
      <Execution id="e6a3ab33-fcf0-46e4-b1c0-73d179d95428" />
      <TestMethod codeBase="C:\Users\ComputerName\src\Test\bin\Debug\net6\win-x64\Test.dll" adapterTypeName="executor://xunit/VsTestRunner2" className="Microsoft.VisualStudio.Services.Agent.Tests.Worker.TestResults.XUnitResultReaderTests" name="VerifyTestCaseStartDate" />
    </UnitTest>
    <UnitTest name="Microsoft.VisualStudio.Services.Agent.Tests.Worker.ExecutionContextL0.SidecarContainers_VerifyNotJobContainers" storage="c:\users\ComputerName\src\test\bin\debug\net6\win-x64\test.dll" id="cf61b541-fb11-e210-1801-bc5690d18534">
      <Execution id="55735e74-0233-413e-819d-22c17f6f3978" />
      <TestMethod codeBase="C:\Users\ComputerName\src\Test\bin\Debug\net6\win-x64\Test.dll" adapterTypeName="executor://xunit/VsTestRunner2" className="Microsoft.VisualStudio.Services.Agent.Tests.Worker.ExecutionContextL0" name="SidecarContainers_VerifyNotJobContainers" />
    </UnitTest>
    <UnitTest name="Microsoft.VisualStudio.Services.Agent.Tests.HostContextL0.UrlSecretsAreMasked(input: &quot;https://user:pass@example.com/weird:thing@path&quot;, expected: &quot;https://user:***@example.com/weird:thing@path&quot;)" storage="c:\users\ComputerName\src\test\bin\debug\net6\win-x64\test.dll" id="ea2c4754-f821-f01a-8d76-a6ace413087d">
      <Execution id="fc898f6b-e8f2-4ae6-b4cb-d4dba9a4ef72" />
      <TestMethod codeBase="C:\Users\ComputerName\src\Test\bin\Debug\net6\win-x64\Test.dll" adapterTypeName="executor://xunit/VsTestRunner2" className="Microsoft.VisualStudio.Services.Agent.Tests.HostContextL0" name="UrlSecretsAreMasked (425ce5eec798bb039e4e627d090a288b9da7d0d1)" />
    </UnitTest>
    <UnitTest name="Microsoft.VisualStudio.Services.Agent.Tests.CommandSettingsL0.PromptsForCollectionName" storage="c:\users\ComputerName\src\test\bin\debug\net6\win-x64\test.dll" id="4698055e-1676-c8ca-e75f-a8511d107d3a">
      <Execution id="0a220cdc-a45f-4032-8169-3f10b5fafea6" />
      <TestMethod codeBase="C:\Users\ComputerName\src\Test\bin\Debug\net6\win-x64\Test.dll" adapterTypeName="executor://xunit/VsTestRunner2" className="Microsoft.VisualStudio.Services.Agent.Tests.CommandSettingsL0" name="PromptsForCollectionName" />
    </UnitTest>
    <UnitTest name="Test.L0.Worker.Handlers.ProcessHandlerHelperL0.TestNoChanges(input: &quot;%var&quot;)" storage="c:\users\ComputerName\src\test\bin\debug\net6\win-x64\test.dll" id="df0d8e09-b0be-a4e8-8822-13df877bc5cb">
      <Execution id="bcf3b7b2-7da9-47dd-8a45-482a2981d54c" />
      <TestMethod codeBase="C:\Users\ComputerName\src\Test\bin\Debug\net6\win-x64\Test.dll" adapterTypeName="executor://xunit/VsTestRunner2" className="Test.L0.Worker.Handlers.ProcessHandlerHelperL0" name="TestNoChanges (2bcfe96f89ce1b9f554db6bfe4b0d2db564c6fe9)" />
    </UnitTest>
    <UnitTest name="Microsoft.VisualStudio.Services.Agent.Tests.Worker.Build.TrackingConfigL0.TrackingConfig_copy_legacy_ctor_should_fill_in_fields_correctly" storage="c:\users\ComputerName\src\test\bin\debug\net6\win-x64\test.dll" id="cff59e22-20b2-18ca-a65e-fac7f79354b6">
      <Execution id="fd7143b6-6bd8-4fcb-bce2-aaabea033354" />
      <TestMethod codeBase="C:\Users\ComputerName\src\Test\bin\Debug\net6\win-x64\Test.dll" adapterTypeName="executor://xunit/VsTestRunner2" className="Microsoft.VisualStudio.Services.Agent.Tests.Worker.Build.TrackingConfigL0" name="TrackingConfig_copy_legacy_ctor_should_fill_in_fields_correctly" />
    </UnitTest>
    <UnitTest name="Microsoft.VisualStudio.Services.Agent.Tests.CommandSettingsL0.ValidateArgs" storage="c:\users\ComputerName\src\test\bin\debug\net6\win-x64\test.dll" id="96a5adad-d42f-f256-291e-a3845c041e2b">
      <Execution id="86b475ce-6350-4c12-bf47-cd17109687b3" />
      <TestMethod codeBase="C:\Users\ComputerName\src\Test\bin\Debug\net6\win-x64\Test.dll" adapterTypeName="executor://xunit/VsTestRunner2" className="Microsoft.VisualStudio.Services.Agent.Tests.CommandSettingsL0" name="ValidateArgs" />
    </UnitTest>
    <UnitTest name="Microsoft.VisualStudio.Services.Agent.Tests.Worker.TestResults.NunitResultReaderTests.PublishNUnitSimpleTransformResults" storage="c:\users\ComputerName\src\test\bin\debug\net6\win-x64\test.dll" id="e870ea52-2d30-66e0-0886-9ee6e76c855a">
      <Execution id="a024f2c6-71f0-4a4a-8b66-87179b6bb50c" />
      <TestMethod codeBase="C:\Users\ComputerName\src\Test\bin\Debug\net6\win-x64\Test.dll" adapterTypeName="executor://xunit/VsTestRunner2" className="Microsoft.VisualStudio.Services.Agent.Tests.Worker.TestResults.NunitResultReaderTests" name="PublishNUnitSimpleTransformResults" />
    </UnitTest>
    <UnitTest name="Microsoft.VisualStudio.Services.Agent.Tests.Util.StringUtilL0.DeactivateVsoCommandsFromStringTest(input: &quot;## vso&quot;, expected: &quot;## vso&quot;)" storage="c:\users\ComputerName\src\test\bin\debug\net6\win-x64\test.dll" id="9a426495-3667-2aaf-3a5b-dfa364a57e49">
      <Execution id="a841c5bb-11b4-458c-9712-cba77f111ac9" />
      <TestMethod codeBase="C:\Users\ComputerName\src\Test\bin\Debug\net6\win-x64\Test.dll" adapterTypeName="executor://xunit/VsTestRunner2" className="Microsoft.VisualStudio.Services.Agent.Tests.Util.StringUtilL0" name="DeactivateVsoCommandsFromStringTest (61a3bc09a8a8929b9ab62db9237f3e9320276cf3)" />
    </UnitTest>
    <UnitTest name="Microsoft.VisualStudio.Services.Agent.Tests.CommandSettingsL0.GetsFlagDeploymentAgent" storage="c:\users\ComputerName\src\test\bin\debug\net6\win-x64\test.dll" id="60fe4059-8e9b-7761-a65b-8e8eff085214">
      <Execution id="e98bc917-9f8b-4a7d-b490-2f16cffe5d4b" />
      <TestMethod codeBase="C:\Users\ComputerName\src\Test\bin\Debug\net6\win-x64\Test.dll" adapterTypeName="executor://xunit/VsTestRunner2" className="Microsoft.VisualStudio.Services.Agent.Tests.CommandSettingsL0" name="GetsFlagDeploymentAgent" />
    </UnitTest>
    <UnitTest name="Microsoft.VisualStudio.Services.Agent.Tests.Listener.AgentL0.TestConfigureCLI(arg: &quot;remove&quot;, IsConfigured: True, expected: 0)" storage="c:\users\ComputerName\src\test\bin\debug\net6\win-x64\test.dll" id="85fd67a0-000d-81e3-8852-45c2c6a9b034">
      <Execution id="bfab3781-f7bd-42e8-856c-7333110d113e" />
      <TestMethod codeBase="C:\Users\ComputerName\src\Test\bin\Debug\net6\win-x64\Test.dll" adapterTypeName="executor://xunit/VsTestRunner2" className="Microsoft.VisualStudio.Services.Agent.Tests.Listener.AgentL0" name="TestConfigureCLI (3bd258232041c8d6ec176167f093b81a3899bdf0)" />
    </UnitTest>
    <UnitTest name="Microsoft.VisualStudio.Services.Agent.Tests.HostContextExtensionL0.CreateHttpClientHandlerForCertValidationSkipCert" storage="c:\users\ComputerName\src\test\bin\debug\net6\win-x64\test.dll" id="d7d32eec-fe4f-8e24-a7fa-df379221102e">
      <Execution id="6a1e0c52-cc35-4e31-ad61-ef72760c8e3f" />
      <TestMethod codeBase="C:\Users\ComputerName\src\Test\bin\Debug\net6\win-x64\Test.dll" adapterTypeName="executor://xunit/VsTestRunner2" className="Microsoft.VisualStudio.Services.Agent.Tests.HostContextExtensionL0" name="CreateHttpClientHandlerForCertValidationSkipCert" />
    </UnitTest>
    <UnitTest name="Test.L0.Plugin.TestFilePublisher.TestFileFinderL0.TestFileFinder_FindFilesWithEmptySearchFolders" storage="c:\users\ComputerName\src\test\bin\debug\net6\win-x64\test.dll" id="d12ff300-9a0c-7a73-6bfd-c0ecca682acc">
      <Execution id="af633d4c-e0c8-4384-bb42-4d69a9a5b49a" />
      <TestMethod codeBase="C:\Users\ComputerName\src\Test\bin\Debug\net6\win-x64\Test.dll" adapterTypeName="executor://xunit/VsTestRunner2" className="Test.L0.Plugin.TestFilePublisher.TestFileFinderL0" name="TestFileFinder_FindFilesWithEmptySearchFolders" />
    </UnitTest>
    <UnitTest name="Microsoft.VisualStudio.Services.Agent.Tests.KnobL0.ExperimentalKnobTests" storage="c:\users\ComputerName\src\test\bin\debug\net6\win-x64\test.dll" id="98ca5869-1ef3-c0d8-d7b1-0acb3f6e01b9">
      <Execution id="04232c11-266d-4d1d-926d-78309704c245" />
      <TestMethod codeBase="C:\Users\ComputerName\src\Test\bin\Debug\net6\win-x64\Test.dll" adapterTypeName="executor://xunit/VsTestRunner2" className="Microsoft.VisualStudio.Services.Agent.Tests.KnobL0" name="ExperimentalKnobTests" />
    </UnitTest>
    <UnitTest name="Microsoft.VisualStudio.Services.Agent.Tests.Listener.AgentL0.TestRunOnce" storage="c:\users\ComputerName\src\test\bin\debug\net6\win-x64\test.dll" id="d53531c6-e8a7-ea15-d9bc-a36938332bb7">
      <Execution id="67bbfe1f-1da6-41d4-9e00-6cb87fe490df" />
      <TestMethod codeBase="C:\Users\ComputerName\src\Test\bin\Debug\net6\win-x64\Test.dll" adapterTypeName="executor://xunit/VsTestRunner2" className="Microsoft.VisualStudio.Services.Agent.Tests.Listener.AgentL0" name="TestRunOnce" />
    </UnitTest>
    <UnitTest name="Microsoft.VisualStudio.Services.Agent.Tests.Plugin.RepositoryPluginL0.RepositoryPlugin_CheckoutTask_MergesCheckoutOptions_UnexpectedCheckoutOption" storage="c:\users\ComputerName\src\test\bin\debug\net6\win-x64\test.dll" id="0cc95d41-a4c7-933c-a716-4546a19ef3da">
      <Execution id="ace476a3-6243-4575-a092-752f8e7ca087" />
      <TestMethod codeBase="C:\Users\ComputerName\src\Test\bin\Debug\net6\win-x64\Test.dll" adapterTypeName="executor://xunit/VsTestRunner2" className="Microsoft.VisualStudio.Services.Agent.Tests.Plugin.RepositoryPluginL0" name="RepositoryPlugin_CheckoutTask_MergesCheckoutOptions_UnexpectedCheckoutOption" />
    </UnitTest>
    <UnitTest name="Test.L0.Worker.Handlers.ProcessHandlerHelperL0.ArgsValidation_Passes(inputArgs: &quot;&quot;, envVarValue: &quot;&quot;)" storage="c:\users\ComputerName\src\test\bin\debug\net6\win-x64\test.dll" id="1e809f7c-d80d-c13f-5b5f-dc09722d4b48">
      <Execution id="1f91812e-6371-482b-b584-a21764d418fb" />
      <TestMethod codeBase="C:\Users\ComputerName\src\Test\bin\Debug\net6\win-x64\Test.dll" adapterTypeName="executor://xunit/VsTestRunner2" className="Test.L0.Worker.Handlers.ProcessHandlerHelperL0" name="ArgsValidation_Passes (fd648c3f10f87446fda2e5aeb99a2899ba182fb0)" />
    </UnitTest>
    <UnitTest name="Microsoft.VisualStudio.Services.Agent.Tests.Worker.TaskManagerL0.ReplacesMultipleMacroInstances" storage="c:\users\ComputerName\src\test\bin\debug\net6\win-x64\test.dll" id="6a45c3f1-eccc-63ad-6a43-72b14cfb95e9">
      <Execution id="89b997b7-c8ce-40c0-b0f8-626d912e5bc7" />
      <TestMethod codeBase="C:\Users\ComputerName\src\Test\bin\Debug\net6\win-x64\Test.dll" adapterTypeName="executor://xunit/VsTestRunner2" className="Microsoft.VisualStudio.Services.Agent.Tests.Worker.TaskManagerL0" name="ReplacesMultipleMacroInstances" />
    </UnitTest>
    <UnitTest name="Microsoft.VisualStudio.Services.Agent.Tests.Worker.Build.TrackingManagerL0.LoadsTrackingConfig_FileFormatVersion1" storage="c:\users\ComputerName\src\test\bin\debug\net6\win-x64\test.dll" id="e1af3575-7637-292c-4441-5c3133f0a77b">
      <Execution id="609ec881-f362-4ae5-92a8-83086daf4a99" />
      <TestMethod codeBase="C:\Users\ComputerName\src\Test\bin\Debug\net6\win-x64\Test.dll" adapterTypeName="executor://xunit/VsTestRunner2" className="Microsoft.VisualStudio.Services.Agent.Tests.Worker.Build.TrackingManagerL0" name="LoadsTrackingConfig_FileFormatVersion1" />
    </UnitTest>
    <UnitTest name="Microsoft.VisualStudio.Services.Agent.Tests.PipelineCache.MatchingTests.DetermineFileEnumerationExactFileNameRecursive" storage="c:\users\ComputerName\src\test\bin\debug\net6\win-x64\test.dll" id="558291f8-bd02-470a-1603-213e4fe36aec">
      <Execution id="df741d71-46c0-4611-8c99-8a4f91c0324f" />
      <TestMethod codeBase="C:\Users\ComputerName\src\Test\bin\Debug\net6\win-x64\Test.dll" adapterTypeName="executor://xunit/VsTestRunner2" className="Microsoft.VisualStudio.Services.Agent.Tests.PipelineCache.MatchingTests" name="DetermineFileEnumerationExactFileNameRecursive" />
    </UnitTest>
    <UnitTest name="Test.L0.Plugin.TestResultParser.LogPreProcessorL0.LogPreProcessorRemovesWarningLines" storage="c:\users\ComputerName\src\test\bin\debug\net6\win-x64\test.dll" id="e79e2cf0-23ed-a066-6b07-49451da56c43">
      <Execution id="cd9bb690-e04a-49da-9898-3d7d735d8f76" />
      <TestMethod codeBase="C:\Users\ComputerName\src\Test\bin\Debug\net6\win-x64\Test.dll" adapterTypeName="executor://xunit/VsTestRunner2" className="Test.L0.Plugin.TestResultParser.LogPreProcessorL0" name="LogPreProcessorRemovesWarningLines" />
    </UnitTest>
    <UnitTest name="Microsoft.VisualStudio.Services.Agent.Tests.Worker.TestResults.TestRunPublisherTests.PublishConsoleLogIsSuccessful" storage="c:\users\ComputerName\src\test\bin\debug\net6\win-x64\test.dll" id="67cab95d-e0be-4c19-a8e5-bac1dbe59cf0">
      <Execution id="9624194e-a488-43a2-9aa6-19a44fb82ec9" />
      <TestMethod codeBase="C:\Users\ComputerName\src\Test\bin\Debug\net6\win-x64\Test.dll" adapterTypeName="executor://xunit/VsTestRunner2" className="Microsoft.VisualStudio.Services.Agent.Tests.Worker.TestResults.TestRunPublisherTests" name="PublishConsoleLogIsSuccessful" />
    </UnitTest>
    <UnitTest name="Microsoft.VisualStudio.Services.Agent.Tests.KnobL0.NotRightKnobTypeSetTest" storage="c:\users\ComputerName\src\test\bin\debug\net6\win-x64\test.dll" id="d066157d-815b-f760-c469-fd47be8ec2f6">
      <Execution id="02a44ccf-8131-49cc-a32c-09b74eb6efb5" />
      <TestMethod codeBase="C:\Users\ComputerName\src\Test\bin\Debug\net6\win-x64\Test.dll" adapterTypeName="executor://xunit/VsTestRunner2" className="Microsoft.VisualStudio.Services.Agent.Tests.KnobL0" name="NotRightKnobTypeSetTest" />
    </UnitTest>
    <UnitTest name="Microsoft.VisualStudio.Services.Agent.Tests.HostContextL0.UrlSecretsAreMasked(input: &quot;https://user:pass@example.com:8080/path&quot;, expected: &quot;https://user:***@example.com:8080/path&quot;)" storage="c:\users\ComputerName\src\test\bin\debug\net6\win-x64\test.dll" id="8d758de9-7bcf-6f98-0d14-1a5e297230bf">
      <Execution id="51d85c92-c119-4cbb-90c7-8d95bb031126" />
      <TestMethod codeBase="C:\Users\ComputerName\src\Test\bin\Debug\net6\win-x64\Test.dll" adapterTypeName="executor://xunit/VsTestRunner2" className="Microsoft.VisualStudio.Services.Agent.Tests.HostContextL0" name="UrlSecretsAreMasked (0af8054586f761724c6ce694791f6af424661dc1)" />
    </UnitTest>
    <UnitTest name="Microsoft.VisualStudio.Services.Agent.Tests.Worker.JobRunnerL0.DontUploadDiagnosticLogIfEnvironmentVariableFalse" storage="c:\users\ComputerName\src\test\bin\debug\net6\win-x64\test.dll" id="3bc2c5f2-fd49-8625-b751-af29ed09e859">
      <Execution id="ba8fb7ce-911e-4dfe-b157-6ca4238361dd" />
      <TestMethod codeBase="C:\Users\ComputerName\src\Test\bin\Debug\net6\win-x64\Test.dll" adapterTypeName="executor://xunit/VsTestRunner2" className="Microsoft.VisualStudio.Services.Agent.Tests.Worker.JobRunnerL0" name="DontUploadDiagnosticLogIfEnvironmentVariableFalse" />
    </UnitTest>
    <UnitTest name="Microsoft.VisualStudio.Services.Agent.Tests.Worker.Build.GitSourceProviderL0.GetSourceGitFetchPR" storage="c:\users\ComputerName\src\test\bin\debug\net6\win-x64\test.dll" id="d901e88e-3f4c-cf8c-82d2-c9780a9816e9">
      <Execution id="c8bde080-d15d-44fb-bc41-41c02fc18a20" />
      <TestMethod codeBase="C:\Users\ComputerName\src\Test\bin\Debug\net6\win-x64\Test.dll" adapterTypeName="executor://xunit/VsTestRunner2" className="Microsoft.VisualStudio.Services.Agent.Tests.Worker.Build.GitSourceProviderL0" name="GetSourceGitFetchPR" />
    </UnitTest>
    <UnitTest name="Microsoft.VisualStudio.Services.Agent.Tests.Util.StringUtilL0.ConvertNullOrEmptryStringToBool" storage="c:\users\ComputerName\src\test\bin\debug\net6\win-x64\test.dll" id="209d149a-3569-1f3a-f5c8-e653842ad788">
      <Execution id="c4011e85-6787-46a3-9fd9-258441cb45a0" />
      <TestMethod codeBase="C:\Users\ComputerName\src\Test\bin\Debug\net6\win-x64\Test.dll" adapterTypeName="executor://xunit/VsTestRunner2" className="Microsoft.VisualStudio.Services.Agent.Tests.Util.StringUtilL0" name="ConvertNullOrEmptryStringToBool" />
    </UnitTest>
    <UnitTest name="Microsoft.VisualStudio.Services.Agent.Tests.Worker.Build.TfsVCSourceProvider_WorkspaceUtilL0.DoesNotMatch_Map_LocalPath" storage="c:\users\ComputerName\src\test\bin\debug\net6\win-x64\test.dll" id="2cb102a7-fe93-0ab0-756c-c02ad963d50e">
      <Execution id="176e1c2f-def0-48bf-8a6a-5122c8c5d902" />
      <TestMethod codeBase="C:\Users\ComputerName\src\Test\bin\Debug\net6\win-x64\Test.dll" adapterTypeName="executor://xunit/VsTestRunner2" className="Microsoft.VisualStudio.Services.Agent.Tests.Worker.Build.TfsVCSourceProvider_WorkspaceUtilL0" name="DoesNotMatch_Map_LocalPath" />
    </UnitTest>
    <UnitTest name="Microsoft.VisualStudio.Services.Agent.Tests.CommandSettingsL0.PromptsForToken" storage="c:\users\ComputerName\src\test\bin\debug\net6\win-x64\test.dll" id="0c9410a8-5fbb-4f4a-3dae-2de110484119">
      <Execution id="b0c23703-49db-4265-a730-fc65efda0d89" />
      <TestMethod codeBase="C:\Users\ComputerName\src\Test\bin\Debug\net6\win-x64\Test.dll" adapterTypeName="executor://xunit/VsTestRunner2" className="Microsoft.VisualStudio.Services.Agent.Tests.CommandSettingsL0" name="PromptsForToken" />
    </UnitTest>
    <UnitTest name="Microsoft.VisualStudio.Services.Agent.Tests.Worker.Build.TrackingManagerL0.MergeTrackingConfig_EmptySourcesDirectoryOfPreviousConfig" storage="c:\users\ComputerName\src\test\bin\debug\net6\win-x64\test.dll" id="c7f80ee4-2a1f-4369-c29e-f36bc665d63b">
      <Execution id="b2f6b14b-a1ff-40b9-8406-ef6814f71596" />
      <TestMethod codeBase="C:\Users\ComputerName\src\Test\bin\Debug\net6\win-x64\Test.dll" adapterTypeName="executor://xunit/VsTestRunner2" className="Microsoft.VisualStudio.Services.Agent.Tests.Worker.Build.TrackingManagerL0" name="MergeTrackingConfig_EmptySourcesDirectoryOfPreviousConfig" />
    </UnitTest>
    <UnitTest name="Microsoft.VisualStudio.Services.Agent.Tests.Worker.ExpressionManagerL0.CanceledFunction" storage="c:\users\ComputerName\src\test\bin\debug\net6\win-x64\test.dll" id="f5736cc7-a23e-4c17-2666-159ac66d66ac">
      <Execution id="eec90581-20bf-48c3-bbb0-96b879fd9c4b" />
      <TestMethod codeBase="C:\Users\ComputerName\src\Test\bin\Debug\net6\win-x64\Test.dll" adapterTypeName="executor://xunit/VsTestRunner2" className="Microsoft.VisualStudio.Services.Agent.Tests.Worker.ExpressionManagerL0" name="CanceledFunction" />
    </UnitTest>
    <UnitTest name="Microsoft.VisualStudio.Services.Agent.Tests.Worker.Build.GitSourceProviderL0.TestSetGitConfiguration(featureFlagsStatus: False)" storage="c:\users\ComputerName\src\test\bin\debug\net6\win-x64\test.dll" id="b909a6a5-6b2d-da93-6f6a-83302fbc0a70">
      <Execution id="30cfa86a-9c5e-4840-9524-28cc6d3d9cf7" />
      <TestMethod codeBase="C:\Users\ComputerName\src\Test\bin\Debug\net6\win-x64\Test.dll" adapterTypeName="executor://xunit/VsTestRunner2" className="Microsoft.VisualStudio.Services.Agent.Tests.Worker.Build.GitSourceProviderL0" name="TestSetGitConfiguration (b8c64d054d927101087250018587f01d9a1c3276)" />
    </UnitTest>
    <UnitTest name="Test.L0.Plugin.TestFilePublisher.TestFilePublisherLogPluginL0.TestFilePublisherLogPlugin_DisableIfOnPremPipeline" storage="c:\users\ComputerName\src\test\bin\debug\net6\win-x64\test.dll" id="7bf3405c-04a1-46c4-c648-e1877d21a384">
      <Execution id="a5d7db5b-15c1-44c0-aa19-287679c4fc9f" />
      <TestMethod codeBase="C:\Users\ComputerName\src\Test\bin\Debug\net6\win-x64\Test.dll" adapterTypeName="executor://xunit/VsTestRunner2" className="Test.L0.Plugin.TestFilePublisher.TestFilePublisherLogPluginL0" name="TestFilePublisherLogPlugin_DisableIfOnPremPipeline" />
    </UnitTest>
    <UnitTest name="Microsoft.VisualStudio.Services.Agent.Tests.Listener.Configuration.ServiceControlManagerL0.CalculateServiceNameL0" storage="c:\users\ComputerName\src\test\bin\debug\net6\win-x64\test.dll" id="13f69623-5bb7-0d76-a059-74fb72e80d3a">
      <Execution id="78395d6a-2bb4-4f1e-b8ec-c05b82039a7c" />
      <TestMethod codeBase="C:\Users\ComputerName\src\Test\bin\Debug\net6\win-x64\Test.dll" adapterTypeName="executor://xunit/VsTestRunner2" className="Microsoft.VisualStudio.Services.Agent.Tests.Listener.Configuration.ServiceControlManagerL0" name="CalculateServiceNameL0" />
    </UnitTest>
    <UnitTest name="Microsoft.VisualStudio.Services.Agent.Tests.Worker.CodeCoverage.CodeCoverageCommandExtensionTests.PublishCodeCoverageWithRelease" storage="c:\users\ComputerName\src\test\bin\debug\net6\win-x64\test.dll" id="410674e7-1a17-b5ae-92b1-a8c050fbd57c">
      <Execution id="bffb432f-e734-468b-be4d-88ef3c55fea9" />
      <TestMethod codeBase="C:\Users\ComputerName\src\Test\bin\Debug\net6\win-x64\Test.dll" adapterTypeName="executor://xunit/VsTestRunner2" className="Microsoft.VisualStudio.Services.Agent.Tests.Worker.CodeCoverage.CodeCoverageCommandExtensionTests" name="PublishCodeCoverageWithRelease" />
    </UnitTest>
    <UnitTest name="Microsoft.VisualStudio.Services.Agent.Tests.L0.Util.WindowsProcessUtilL0.Test_GetParentProcess_ViaInterop" storage="c:\users\ComputerName\src\test\bin\debug\net6\win-x64\test.dll" id="7eca1906-6339-f177-6540-a170f3718df4">
      <Execution id="ee4961f7-858d-4911-95c9-44255fff9bc0" />
      <TestMethod codeBase="C:\Users\ComputerName\src\Test\bin\Debug\net6\win-x64\Test.dll" adapterTypeName="executor://xunit/VsTestRunner2" className="Microsoft.VisualStudio.Services.Agent.Tests.L0.Util.WindowsProcessUtilL0" name="Test_GetParentProcess_ViaInterop" />
    </UnitTest>
    <UnitTest name="Microsoft.VisualStudio.Services.Agent.Tests.Worker.SetVariableRestrictionsL0.NullVariableRestrictions" storage="c:\users\ComputerName\src\test\bin\debug\net6\win-x64\test.dll" id="19b0e4d6-d6a6-147b-2b0b-a74c25e78432">
      <Execution id="62e2afc1-3f6a-4af0-9cf5-b13668d35595" />
      <TestMethod codeBase="C:\Users\ComputerName\src\Test\bin\Debug\net6\win-x64\Test.dll" adapterTypeName="executor://xunit/VsTestRunner2" className="Microsoft.VisualStudio.Services.Agent.Tests.Worker.SetVariableRestrictionsL0" name="NullVariableRestrictions" />
    </UnitTest>
    <UnitTest name="Microsoft.VisualStudio.Services.Agent.Tests.Worker.Build.GitSourceProviderL0.GetSourceGitShallowFetch" storage="c:\users\ComputerName\src\test\bin\debug\net6\win-x64\test.dll" id="38c7ebfe-e2e5-04b0-93fa-8c170162923a">
      <Execution id="d27f3b3d-52bb-4d17-a956-a29309f798a3" />
      <TestMethod codeBase="C:\Users\ComputerName\src\Test\bin\Debug\net6\win-x64\Test.dll" adapterTypeName="executor://xunit/VsTestRunner2" className="Microsoft.VisualStudio.Services.Agent.Tests.Worker.Build.GitSourceProviderL0" name="GetSourceGitShallowFetch" />
    </UnitTest>
    <UnitTest name="Microsoft.VisualStudio.Services.Agent.Tests.Worker.Build.GitSourceProviderL0.GetSourceReCloneOnUrlNotMatch" storage="c:\users\ComputerName\src\test\bin\debug\net6\win-x64\test.dll" id="13348d74-5c3b-87dd-afe8-f5ed8a70ba71">
      <Execution id="40fdcdb1-dfb2-442a-b325-6d3866fe3860" />
      <TestMethod codeBase="C:\Users\ComputerName\src\Test\bin\Debug\net6\win-x64\Test.dll" adapterTypeName="executor://xunit/VsTestRunner2" className="Microsoft.VisualStudio.Services.Agent.Tests.Worker.Build.GitSourceProviderL0" name="GetSourceReCloneOnUrlNotMatch" />
    </UnitTest>
    <UnitTest name="Microsoft.VisualStudio.Services.Agent.Tests.Worker.Container.DockerUtilL0.RegexParsesDockerPort" storage="c:\users\ComputerName\src\test\bin\debug\net6\win-x64\test.dll" id="5a641645-2088-f3bf-cea3-2f2ef39ad45b">
      <Execution id="131f9265-bfdf-4982-a325-7f83ff197bf5" />
      <TestMethod codeBase="C:\Users\ComputerName\src\Test\bin\Debug\net6\win-x64\Test.dll" adapterTypeName="executor://xunit/VsTestRunner2" className="Microsoft.VisualStudio.Services.Agent.Tests.Worker.Container.DockerUtilL0" name="RegexParsesDockerPort" />
    </UnitTest>
    <UnitTest name="Microsoft.VisualStudio.Services.Agent.Tests.Util.IOUtilL0.DeleteDirectory_DeletesDirectoryReparsePointsBeforeDirectories" storage="c:\users\ComputerName\src\test\bin\debug\net6\win-x64\test.dll" id="2969ec70-5147-de20-309d-7410ee676376">
      <Execution id="0595f16a-dc70-43df-9c5e-1b6a1bdea9cf" />
      <TestMethod codeBase="C:\Users\ComputerName\src\Test\bin\Debug\net6\win-x64\Test.dll" adapterTypeName="executor://xunit/VsTestRunner2" className="Microsoft.VisualStudio.Services.Agent.Tests.Util.IOUtilL0" name="DeleteDirectory_DeletesDirectoryReparsePointsBeforeDirectories" />
    </UnitTest>
    <UnitTest name="Microsoft.VisualStudio.Services.Agent.Tests.Worker.JobRunnerL0.UpdateWebConsoleLineRateIfJobServerQueueIsNotNull" storage="c:\users\ComputerName\src\test\bin\debug\net6\win-x64\test.dll" id="483bc69b-d3e9-3089-9d40-9064ac7dbf73">
      <Execution id="3d5ee14a-dd5b-4ceb-9c2b-1fba4b6ceaf9" />
      <TestMethod codeBase="C:\Users\ComputerName\src\Test\bin\Debug\net6\win-x64\Test.dll" adapterTypeName="executor://xunit/VsTestRunner2" className="Microsoft.VisualStudio.Services.Agent.Tests.Worker.JobRunnerL0" name="UpdateWebConsoleLineRateIfJobServerQueueIsNotNull" />
    </UnitTest>
    <UnitTest name="Microsoft.VisualStudio.Services.Agent.Tests.SecretMaskerL0.SecretMaskerTests_ReplacesMultipleAdjacentInstances" storage="c:\users\ComputerName\src\test\bin\debug\net6\win-x64\test.dll" id="313ef4c0-2e4b-1a5f-33c5-ee8a18d23ede">
      <Execution id="4a8365e8-2e5f-4d54-aacd-f7b79c178b08" />
      <TestMethod codeBase="C:\Users\ComputerName\src\Test\bin\Debug\net6\win-x64\Test.dll" adapterTypeName="executor://xunit/VsTestRunner2" className="Microsoft.VisualStudio.Services.Agent.Tests.SecretMaskerL0" name="SecretMaskerTests_ReplacesMultipleAdjacentInstances" />
    </UnitTest>
    <UnitTest name="Microsoft.VisualStudio.Services.Agent.Tests.Util.StringUtilL0.ConvertStringToBool" storage="c:\users\ComputerName\src\test\bin\debug\net6\win-x64\test.dll" id="5b8a68dc-e985-a77e-40ae-3b322dc4f33b">
      <Execution id="123100a7-4a8a-4ea3-a800-0f5dd8f5b6ee" />
      <TestMethod codeBase="C:\Users\ComputerName\src\Test\bin\Debug\net6\win-x64\Test.dll" adapterTypeName="executor://xunit/VsTestRunner2" className="Microsoft.VisualStudio.Services.Agent.Tests.Util.StringUtilL0" name="ConvertStringToBool" />
    </UnitTest>
    <UnitTest name="Microsoft.VisualStudio.Services.Agent.Tests.Util.ArgUtilL0.Equal_ThrowsWhenStructsAreNotEqual" storage="c:\users\ComputerName\src\test\bin\debug\net6\win-x64\test.dll" id="edc239ff-8d57-df0d-39e1-27fd324f5c1f">
      <Execution id="0c4fe843-53d1-464e-adc1-438398a7bedb" />
      <TestMethod codeBase="C:\Users\ComputerName\src\Test\bin\Debug\net6\win-x64\Test.dll" adapterTypeName="executor://xunit/VsTestRunner2" className="Microsoft.VisualStudio.Services.Agent.Tests.Util.ArgUtilL0" name="Equal_ThrowsWhenStructsAreNotEqual" />
    </UnitTest>
    <UnitTest name="Microsoft.VisualStudio.Services.Agent.Tests.Worker.TaskCommandExtensionL0.SetEndpointInvalidEndpointId" storage="c:\users\ComputerName\src\test\bin\debug\net6\win-x64\test.dll" id="9fa1070c-0edb-f51c-2bb5-25a8280dc0a4">
      <Execution id="5dba02eb-5089-42b6-87c1-ce4fcc2089fd" />
      <TestMethod codeBase="C:\Users\ComputerName\src\Test\bin\Debug\net6\win-x64\Test.dll" adapterTypeName="executor://xunit/VsTestRunner2" className="Microsoft.VisualStudio.Services.Agent.Tests.Worker.TaskCommandExtensionL0" name="SetEndpointInvalidEndpointId" />
    </UnitTest>
    <UnitTest name="Microsoft.VisualStudio.Services.Agent.Tests.SecretMaskerL0.SecretMaskerTests_RemoveEncodedSecrets" storage="c:\users\ComputerName\src\test\bin\debug\net6\win-x64\test.dll" id="38525529-dce0-1563-f93e-42da9b3deaf0">
      <Execution id="9bc16da6-8145-4b09-83bf-b1b2304916cc" />
      <TestMethod codeBase="C:\Users\ComputerName\src\Test\bin\Debug\net6\win-x64\Test.dll" adapterTypeName="executor://xunit/VsTestRunner2" className="Microsoft.VisualStudio.Services.Agent.Tests.SecretMaskerL0" name="SecretMaskerTests_RemoveEncodedSecrets" />
    </UnitTest>
    <UnitTest name="Microsoft.VisualStudio.Services.Agent.Tests.Listener.PipelineParserL0.CheckoutStep" storage="c:\users\ComputerName\src\test\bin\debug\net6\win-x64\test.dll" id="b3254095-e399-e782-8521-f5588cb5dbff">
      <Execution id="46551cb8-f770-4fff-94e0-3f5c2e066a60" />
      <TestMethod codeBase="C:\Users\ComputerName\src\Test\bin\Debug\net6\win-x64\Test.dll" adapterTypeName="executor://xunit/VsTestRunner2" className="Microsoft.VisualStudio.Services.Agent.Tests.Listener.PipelineParserL0" name="CheckoutStep" />
    </UnitTest>
    <UnitTest name="Microsoft.VisualStudio.Services.Agent.Tests.Worker.Build.TrackingManagerL0.UpdatesTopLevelTrackingConfig" storage="c:\users\ComputerName\src\test\bin\debug\net6\win-x64\test.dll" id="591c6937-c92a-da12-4dda-b231351457b8">
      <Execution id="5d47209b-b0ac-4860-882a-b4641ad84f6b" />
      <TestMethod codeBase="C:\Users\ComputerName\src\Test\bin\Debug\net6\win-x64\Test.dll" adapterTypeName="executor://xunit/VsTestRunner2" className="Microsoft.VisualStudio.Services.Agent.Tests.Worker.Build.TrackingManagerL0" name="UpdatesTopLevelTrackingConfig" />
    </UnitTest>
    <UnitTest name="Test.L0.Worker.Handlers.ProcessHandlerHelperTelemetryL0.NotClosedEnv(inputArgs: &quot;%1&quot;, expectedPosition: 0)" storage="c:\users\ComputerName\src\test\bin\debug\net6\win-x64\test.dll" id="93258a59-7fb1-9ba5-8f50-7d034d2e21c2">
      <Execution id="05fb71c0-1239-42bb-992b-ca6df3a408ac" />
      <TestMethod codeBase="C:\Users\ComputerName\src\Test\bin\Debug\net6\win-x64\Test.dll" adapterTypeName="executor://xunit/VsTestRunner2" className="Test.L0.Worker.Handlers.ProcessHandlerHelperTelemetryL0" name="NotClosedEnv (074548fa462a4d04ca32c261e9b380578179fc8f)" />
    </UnitTest>
    <UnitTest name="Microsoft.VisualStudio.Services.Agent.Tests.Plugin.RepositoryPluginL0.RepositoryPlugin_InvalidPathInputDirectlyToWorkingDirectory_AllowWorkingDirectoryRepositorie" storage="c:\users\ComputerName\src\test\bin\debug\net6\win-x64\test.dll" id="48f77f0f-5fbc-680e-024f-f3f9cc52c771">
      <Execution id="b70b2092-3253-4932-aeeb-a7796746bc19" />
      <TestMethod codeBase="C:\Users\ComputerName\src\Test\bin\Debug\net6\win-x64\Test.dll" adapterTypeName="executor://xunit/VsTestRunner2" className="Microsoft.VisualStudio.Services.Agent.Tests.Plugin.RepositoryPluginL0" name="RepositoryPlugin_InvalidPathInputDirectlyToWorkingDirectory_AllowWorkingDirectoryRepositorie" />
    </UnitTest>
    <UnitTest name="Microsoft.VisualStudio.Services.Agent.Tests.Worker.Build.TrackingConfigHashAlgorithmL0.ComputeHash_with_single_repo_should_return_correct_hash" storage="c:\users\ComputerName\src\test\bin\debug\net6\win-x64\test.dll" id="d76ddd16-3473-9619-06bf-9bf56264dcc0">
      <Execution id="64ac8473-2f67-4763-b34f-23c61dc4f16f" />
      <TestMethod codeBase="C:\Users\ComputerName\src\Test\bin\Debug\net6\win-x64\Test.dll" adapterTypeName="executor://xunit/VsTestRunner2" className="Microsoft.VisualStudio.Services.Agent.Tests.Worker.Build.TrackingConfigHashAlgorithmL0" name="ComputeHash_with_single_repo_should_return_correct_hash" />
    </UnitTest>
    <UnitTest name="Microsoft.VisualStudio.Services.Agent.Tests.Worker.TaskManagerL0.ExtractsAnAlreadyDownloadedZipToTheCorrectLocationWhenExtractTask" storage="c:\users\ComputerName\src\test\bin\debug\net6\win-x64\test.dll" id="83876439-ad90-8037-e0d3-a930c65432bb">
      <Execution id="c06fb498-93eb-4ff2-bb34-5b3d5ee86868" />
      <TestMethod codeBase="C:\Users\ComputerName\src\Test\bin\Debug\net6\win-x64\Test.dll" adapterTypeName="executor://xunit/VsTestRunner2" className="Microsoft.VisualStudio.Services.Agent.Tests.Worker.TaskManagerL0" name="ExtractsAnAlreadyDownloadedZipToTheCorrectLocationWhenExtractTask" />
    </UnitTest>
    <UnitTest name="Microsoft.VisualStudio.Services.Agent.Tests.Listener.Configuration.ArgumentValidatorTestsL0.AuthSchemeValidator" storage="c:\users\ComputerName\src\test\bin\debug\net6\win-x64\test.dll" id="7e983f47-f8e4-6e6f-9bf5-261ff1b745c3">
      <Execution id="c57d46f5-6002-4aad-ab2e-bd185f3fc055" />
      <TestMethod codeBase="C:\Users\ComputerName\src\Test\bin\Debug\net6\win-x64\Test.dll" adapterTypeName="executor://xunit/VsTestRunner2" className="Microsoft.VisualStudio.Services.Agent.Tests.Listener.Configuration.ArgumentValidatorTestsL0" name="AuthSchemeValidator" />
    </UnitTest>
    <UnitTest name="Test.L0.Plugin.TestResultParser.PipelineTestRunPublisherL0.PipelineTestRunPublisher_PublishTestRun_ValidateTestResults" storage="c:\users\ComputerName\src\test\bin\debug\net6\win-x64\test.dll" id="2c404532-8e05-fb2c-21a8-fb79bad854a1">
      <Execution id="48a9f9ce-0673-4170-9099-7dc64e520515" />
      <TestMethod codeBase="C:\Users\ComputerName\src\Test\bin\Debug\net6\win-x64\Test.dll" adapterTypeName="executor://xunit/VsTestRunner2" className="Test.L0.Plugin.TestResultParser.PipelineTestRunPublisherL0" name="PipelineTestRunPublisher_PublishTestRun_ValidateTestResults" />
    </UnitTest>
    <UnitTest name="Test.L0.Worker.Handlers.ProcessHandlerHelperTelemetryL0.FoundPrefixesTest(inputArgs: &quot;%var% %&quot;, expectedCount: 2)" storage="c:\users\ComputerName\src\test\bin\debug\net6\win-x64\test.dll" id="858bfeb7-706e-45f4-07af-344f59c5fb65">
      <Execution id="a1bfa4a3-a102-4a70-b5aa-9962511eead3" />
      <TestMethod codeBase="C:\Users\ComputerName\src\Test\bin\Debug\net6\win-x64\Test.dll" adapterTypeName="executor://xunit/VsTestRunner2" className="Test.L0.Worker.Handlers.ProcessHandlerHelperTelemetryL0" name="FoundPrefixesTest (8c0ec5c551e7d8edc1a02e22ed73370b7ae1972f)" />
    </UnitTest>
    <UnitTest name="Microsoft.VisualStudio.Services.Agent.Tests.Worker.VariablesL0.Set_CanConvertAPublicValueIntoASecretValue" storage="c:\users\ComputerName\src\test\bin\debug\net6\win-x64\test.dll" id="c8595977-02fa-4305-861c-086df602b22e">
      <Execution id="cc17d5f5-14b5-4cac-9a26-60692d901328" />
      <TestMethod codeBase="C:\Users\ComputerName\src\Test\bin\Debug\net6\win-x64\Test.dll" adapterTypeName="executor://xunit/VsTestRunner2" className="Microsoft.VisualStudio.Services.Agent.Tests.Worker.VariablesL0" name="Set_CanConvertAPublicValueIntoASecretValue" />
    </UnitTest>
    <UnitTest name="Microsoft.VisualStudio.Services.Agent.Tests.Listener.PagingLoggerL0.CalculateLineNumbersWithoutOpenGroupTag" storage="c:\users\ComputerName\src\test\bin\debug\net6\win-x64\test.dll" id="29ae052a-d3b6-1c55-0121-d2c714f7ccfd">
      <Execution id="0742350c-c917-4e9f-a862-b1be25acae1b" />
      <TestMethod codeBase="C:\Users\ComputerName\src\Test\bin\Debug\net6\win-x64\Test.dll" adapterTypeName="executor://xunit/VsTestRunner2" className="Microsoft.VisualStudio.Services.Agent.Tests.Listener.PagingLoggerL0" name="CalculateLineNumbersWithoutOpenGroupTag" />
    </UnitTest>
    <UnitTest name="Microsoft.VisualStudio.Services.Agent.Tests.LocStringsL0.IsNotMissingListenerLocStrings" storage="c:\users\ComputerName\src\test\bin\debug\net6\win-x64\test.dll" id="995a2bce-2ddb-dbfb-9387-426dd99a460a">
      <Execution id="26aed9d9-e9cf-4ce1-946a-b49103290dff" />
      <TestMethod codeBase="C:\Users\ComputerName\src\Test\bin\Debug\net6\win-x64\Test.dll" adapterTypeName="executor://xunit/VsTestRunner2" className="Microsoft.VisualStudio.Services.Agent.Tests.LocStringsL0" name="IsNotMissingListenerLocStrings" />
    </UnitTest>
    <UnitTest name="Microsoft.VisualStudio.Services.Agent.Tests.Util.IOUtilL0.DeleteDirectory_DeletesWithRetry_Success" storage="c:\users\ComputerName\src\test\bin\debug\net6\win-x64\test.dll" id="35b8f05e-0e8e-4a04-32d7-1b3ca4ad4e40">
      <Execution id="062f9a2e-37f5-4362-8941-25c4d449dd1a" />
      <TestMethod codeBase="C:\Users\ComputerName\src\Test\bin\Debug\net6\win-x64\Test.dll" adapterTypeName="executor://xunit/VsTestRunner2" className="Microsoft.VisualStudio.Services.Agent.Tests.Util.IOUtilL0" name="DeleteDirectory_DeletesWithRetry_Success" />
    </UnitTest>
    <UnitTest name="Microsoft.VisualStudio.Services.Agent.Tests.ProcessInvokerL0.RedirectSTDINKeepStreamOpen" storage="c:\users\ComputerName\src\test\bin\debug\net6\win-x64\test.dll" id="0ce171b7-9e62-2944-8889-6d215f7ce3a6">
      <Execution id="61d987a2-c840-4ea7-a905-df11a5264178" />
      <TestMethod codeBase="C:\Users\ComputerName\src\Test\bin\Debug\net6\win-x64\Test.dll" adapterTypeName="executor://xunit/VsTestRunner2" className="Microsoft.VisualStudio.Services.Agent.Tests.ProcessInvokerL0" name="RedirectSTDINKeepStreamOpen" />
    </UnitTest>
    <UnitTest name="Microsoft.VisualStudio.Services.Agent.Tests.Worker.TestResults.XUnitResultReaderTests.VerifyStartDateIsNotEmpty" storage="c:\users\ComputerName\src\test\bin\debug\net6\win-x64\test.dll" id="4564d6ef-8013-b899-ecf1-d4f54af73ee0">
      <Execution id="7ebdd857-3463-4ac8-9634-7ac7917bd1ac" />
      <TestMethod codeBase="C:\Users\ComputerName\src\Test\bin\Debug\net6\win-x64\Test.dll" adapterTypeName="executor://xunit/VsTestRunner2" className="Microsoft.VisualStudio.Services.Agent.Tests.Worker.TestResults.XUnitResultReaderTests" name="VerifyStartDateIsNotEmpty" />
    </UnitTest>
    <UnitTest name="Microsoft.VisualStudio.Services.Agent.Tests.Listener.MessageListenerL0.GetNextMessage" storage="c:\users\ComputerName\src\test\bin\debug\net6\win-x64\test.dll" id="d3ebed8c-99d8-2eda-3280-99f35149107c">
      <Execution id="4e9216b6-8c10-4e4b-8531-a51e1cc809b6" />
      <TestMethod codeBase="C:\Users\ComputerName\src\Test\bin\Debug\net6\win-x64\Test.dll" adapterTypeName="executor://xunit/VsTestRunner2" className="Microsoft.VisualStudio.Services.Agent.Tests.Listener.MessageListenerL0" name="GetNextMessage" />
    </UnitTest>
    <UnitTest name="Test.L0.Worker.Handlers.ProcessHandlerHelperL0.NestedVariablesNotExpands" storage="c:\users\ComputerName\src\test\bin\debug\net6\win-x64\test.dll" id="687ff9aa-a96e-936b-72a0-5a809c9fc9bf">
      <Execution id="817ac7af-de03-43f3-b620-79aca0ef59f9" />
      <TestMethod codeBase="C:\Users\ComputerName\src\Test\bin\Debug\net6\win-x64\Test.dll" adapterTypeName="executor://xunit/VsTestRunner2" className="Test.L0.Worker.Handlers.ProcessHandlerHelperL0" name="NestedVariablesNotExpands" />
    </UnitTest>
    <UnitTest name="Microsoft.VisualStudio.Services.Agent.Tests.ProcessInvokerL0.TestCancel" storage="c:\users\ComputerName\src\test\bin\debug\net6\win-x64\test.dll" id="773dfba1-017b-442c-0666-e5d24b4f44fe">
      <Execution id="526ea24f-8c71-4ffb-8d31-36e15b44dc64" />
      <TestMethod codeBase="C:\Users\ComputerName\src\Test\bin\Debug\net6\win-x64\Test.dll" adapterTypeName="executor://xunit/VsTestRunner2" className="Microsoft.VisualStudio.Services.Agent.Tests.ProcessInvokerL0" name="TestCancel" />
    </UnitTest>
    <UnitTest name="Microsoft.VisualStudio.Services.Agent.Tests.SecretMaskerL0.SecretMaskerTests_Encoder_JsonStringEscape" storage="c:\users\ComputerName\src\test\bin\debug\net6\win-x64\test.dll" id="a0ac8b56-35e4-0acd-b92e-58fee024613c">
      <Execution id="c4ab15cb-5ca1-4807-b313-b9163da6c3ba" />
      <TestMethod codeBase="C:\Users\ComputerName\src\Test\bin\Debug\net6\win-x64\Test.dll" adapterTypeName="executor://xunit/VsTestRunner2" className="Microsoft.VisualStudio.Services.Agent.Tests.SecretMaskerL0" name="SecretMaskerTests_Encoder_JsonStringEscape" />
    </UnitTest>
    <UnitTest name="Microsoft.VisualStudio.Services.Agent.Tests.Worker.TaskCommandExtensionL0.SetEndpointAuthParameter" storage="c:\users\ComputerName\src\test\bin\debug\net6\win-x64\test.dll" id="573b425c-4465-16b9-ad7f-b8fd91fd1427">
      <Execution id="2109f3dc-2ae3-4b1a-9f80-09cc158b5fb9" />
      <TestMethod codeBase="C:\Users\ComputerName\src\Test\bin\Debug\net6\win-x64\Test.dll" adapterTypeName="executor://xunit/VsTestRunner2" className="Microsoft.VisualStudio.Services.Agent.Tests.Worker.TaskCommandExtensionL0" name="SetEndpointAuthParameter" />
    </UnitTest>
    <UnitTest name="Test.L0.Plugin.TestFilePublisher.TestFilePublisherL0.TestFilePublisher_PublishTestFiles" storage="c:\users\ComputerName\src\test\bin\debug\net6\win-x64\test.dll" id="17ab09f3-fcb1-5d35-c344-9c5b553a2e92">
      <Execution id="b77dd37b-51dc-464c-a79e-503bd53ad3c9" />
      <TestMethod codeBase="C:\Users\ComputerName\src\Test\bin\Debug\net6\win-x64\Test.dll" adapterTypeName="executor://xunit/VsTestRunner2" className="Test.L0.Plugin.TestFilePublisher.TestFilePublisherL0" name="TestFilePublisher_PublishTestFiles" />
    </UnitTest>
    <UnitTest name="Microsoft.VisualStudio.Services.Agent.Tests.Util.IOUtilL0.DeleteDirectory_DeletesReadOnlyFiles" storage="c:\users\ComputerName\src\test\bin\debug\net6\win-x64\test.dll" id="77cc3f99-fced-b2f3-fa7c-e8ac7402a309">
      <Execution id="004833f2-744c-4c52-bd28-2c158b02322b" />
      <TestMethod codeBase="C:\Users\ComputerName\src\Test\bin\Debug\net6\win-x64\Test.dll" adapterTypeName="executor://xunit/VsTestRunner2" className="Microsoft.VisualStudio.Services.Agent.Tests.Util.IOUtilL0" name="DeleteDirectory_DeletesReadOnlyFiles" />
    </UnitTest>
    <UnitTest name="Microsoft.VisualStudio.Services.Agent.Tests.Worker.Build.BuildDirectoryManagerL0.CreatesNewConfigWhenHashKeyIsDifferent" storage="c:\users\ComputerName\src\test\bin\debug\net6\win-x64\test.dll" id="bb53534a-846e-e39e-b1f0-8d5b7d3b80d9">
      <Execution id="fec06e95-8b6b-4390-b490-67d69bc6f936" />
      <TestMethod codeBase="C:\Users\ComputerName\src\Test\bin\Debug\net6\win-x64\Test.dll" adapterTypeName="executor://xunit/VsTestRunner2" className="Microsoft.VisualStudio.Services.Agent.Tests.Worker.Build.BuildDirectoryManagerL0" name="CreatesNewConfigWhenHashKeyIsDifferent" />
    </UnitTest>
    <UnitTest name="Microsoft.VisualStudio.Services.Agent.Tests.Util.RepositoryUtilL0.GetCloneDirectory_REPO_should_throw_on_null" storage="c:\users\ComputerName\src\test\bin\debug\net6\win-x64\test.dll" id="5d850277-9428-4b7e-720b-f19605653c7a">
      <Execution id="4d3554da-b370-450d-b376-84341bca5be3" />
      <TestMethod codeBase="C:\Users\ComputerName\src\Test\bin\Debug\net6\win-x64\Test.dll" adapterTypeName="executor://xunit/VsTestRunner2" className="Microsoft.VisualStudio.Services.Agent.Tests.Util.RepositoryUtilL0" name="GetCloneDirectory_REPO_should_throw_on_null" />
    </UnitTest>
    <UnitTest name="Test.L0.Plugin.TestFilePublisher.TestFilePublisherLogPluginL0.TestFilePublisherLogPlugin_DisableIfExceptionThrown" storage="c:\users\ComputerName\src\test\bin\debug\net6\win-x64\test.dll" id="917b492e-757a-8a07-8a0d-46f1bc126e74">
      <Execution id="8450e253-50ef-405b-b62e-9b122ea8d827" />
      <TestMethod codeBase="C:\Users\ComputerName\src\Test\bin\Debug\net6\win-x64\Test.dll" adapterTypeName="executor://xunit/VsTestRunner2" className="Test.L0.Plugin.TestFilePublisher.TestFilePublisherLogPluginL0" name="TestFilePublisherLogPlugin_DisableIfExceptionThrown" />
    </UnitTest>
    <UnitTest name="Microsoft.VisualStudio.Services.Agent.Tests.Worker.CodeCoverage.JacocoSummaryReaderTests.VerifyJacocoCoverageStatisticsForValidSummaryFile" storage="c:\users\ComputerName\src\test\bin\debug\net6\win-x64\test.dll" id="ec681d95-bbd8-b008-e21a-60d83d0bb04c">
      <Execution id="ca76b134-ae14-414e-8324-6593bcc8197c" />
      <TestMethod codeBase="C:\Users\ComputerName\src\Test\bin\Debug\net6\win-x64\Test.dll" adapterTypeName="executor://xunit/VsTestRunner2" className="Microsoft.VisualStudio.Services.Agent.Tests.Worker.CodeCoverage.JacocoSummaryReaderTests" name="VerifyJacocoCoverageStatisticsForValidSummaryFile" />
    </UnitTest>
    <UnitTest name="Microsoft.VisualStudio.Services.Agent.Tests.Worker.Build.BuildJobExtensionL0.CheckMultiRepoWithPathInputToDefaultPath" storage="c:\users\ComputerName\src\test\bin\debug\net6\win-x64\test.dll" id="755a3aca-9464-b69d-84aa-9e9b26924bc5">
      <Execution id="03a11a1b-e3f5-48ea-b4ff-706862f06b06" />
      <TestMethod codeBase="C:\Users\ComputerName\src\Test\bin\Debug\net6\win-x64\Test.dll" adapterTypeName="executor://xunit/VsTestRunner2" className="Microsoft.VisualStudio.Services.Agent.Tests.Worker.Build.BuildJobExtensionL0" name="CheckMultiRepoWithPathInputToDefaultPath" />
    </UnitTest>
    <UnitTest name="Microsoft.VisualStudio.Services.Agent.Tests.CommandSettingsL0.PromptsForWindowsLogonAccount" storage="c:\users\ComputerName\src\test\bin\debug\net6\win-x64\test.dll" id="7bceea39-4544-e593-f888-fe1122944dcc">
      <Execution id="91c777be-031f-4812-88db-000d1a94ac84" />
      <TestMethod codeBase="C:\Users\ComputerName\src\Test\bin\Debug\net6\win-x64\Test.dll" adapterTypeName="executor://xunit/VsTestRunner2" className="Microsoft.VisualStudio.Services.Agent.Tests.CommandSettingsL0" name="PromptsForWindowsLogonAccount" />
    </UnitTest>
    <UnitTest name="Microsoft.VisualStudio.Services.Agent.Tests.Listener.PipelineParserL0.PhaseVariables_Simple" storage="c:\users\ComputerName\src\test\bin\debug\net6\win-x64\test.dll" id="11c80d87-aad8-6a52-7ad1-726d733f76e4">
      <Execution id="fb6b913e-534b-4970-9dae-91c28a82af4c" />
      <TestMethod codeBase="C:\Users\ComputerName\src\Test\bin\Debug\net6\win-x64\Test.dll" adapterTypeName="executor://xunit/VsTestRunner2" className="Microsoft.VisualStudio.Services.Agent.Tests.Listener.PipelineParserL0" name="PhaseVariables_Simple" />
    </UnitTest>
    <UnitTest name="Microsoft.VisualStudio.Services.Agent.Tests.SecretMaskerL0.SecretMaskerTests_Encoder_UriDataEscape" storage="c:\users\ComputerName\src\test\bin\debug\net6\win-x64\test.dll" id="7ff1f793-b19a-fcdd-3a9d-470c9983596b">
      <Execution id="f36a3712-4c79-476c-bce3-0935b115d5ae" />
      <TestMethod codeBase="C:\Users\ComputerName\src\Test\bin\Debug\net6\win-x64\Test.dll" adapterTypeName="executor://xunit/VsTestRunner2" className="Microsoft.VisualStudio.Services.Agent.Tests.SecretMaskerL0" name="SecretMaskerTests_Encoder_UriDataEscape" />
    </UnitTest>
    <UnitTest name="Microsoft.VisualStudio.Services.Agent.Tests.TestFileContainerProviderL0.TestGettingArtifactItemsWithMinimatchPattern(pttrn: [&quot;**&quot;, &quot;   !**/Folder1/**  &quot;, &quot;!!**/File3.txt&quot;], count: 4, expectedPaths: [&quot;ArtifactForTest&quot;, &quot;ArtifactForTest/File1.txt&quot;, &quot;ArtifactForTest/Folder1&quot;, &quot;ArtifactForTest/Folder1/Folder2/File3.txt&quot;])" storage="c:\users\ComputerName\src\test\bin\debug\net6\win-x64\test.dll" id="6b623ca5-a15e-640a-943b-120bf92bfebf">
      <Execution id="18c7141e-c52f-4c3f-8fba-f9c0d8a9fdcc" />
      <TestMethod codeBase="C:\Users\ComputerName\src\Test\bin\Debug\net6\win-x64\Test.dll" adapterTypeName="executor://xunit/VsTestRunner2" className="Microsoft.VisualStudio.Services.Agent.Tests.TestFileContainerProviderL0" name="TestGettingArtifactItemsWithMinimatchPattern (cfc6c3fc4e4be7eb4b6eef2451bb5534405ac28c)" />
    </UnitTest>
    <UnitTest name="Microsoft.VisualStudio.Services.Agent.Tests.Worker.TestResults.TestRunPublisherTests.AddResultsWithSubResultsAttachmentsCallsRightApi" storage="c:\users\ComputerName\src\test\bin\debug\net6\win-x64\test.dll" id="d213957b-2862-3169-b914-cc127e5ff978">
      <Execution id="d4dc9fc3-62fb-4ebf-b876-a3e548e1fb09" />
      <TestMethod codeBase="C:\Users\ComputerName\src\Test\bin\Debug\net6\win-x64\Test.dll" adapterTypeName="executor://xunit/VsTestRunner2" className="Microsoft.VisualStudio.Services.Agent.Tests.Worker.TestResults.TestRunPublisherTests" name="AddResultsWithSubResultsAttachmentsCallsRightApi" />
    </UnitTest>
    <UnitTest name="Microsoft.VisualStudio.Services.Agent.Tests.CommandSettingsL0.PassesUnattendedToReadBool" storage="c:\users\ComputerName\src\test\bin\debug\net6\win-x64\test.dll" id="22495123-fed9-55b4-a37f-521c3f264151">
      <Execution id="af01273c-6a54-4407-b0ad-bf4c09f06822" />
      <TestMethod codeBase="C:\Users\ComputerName\src\Test\bin\Debug\net6\win-x64\Test.dll" adapterTypeName="executor://xunit/VsTestRunner2" className="Microsoft.VisualStudio.Services.Agent.Tests.CommandSettingsL0" name="PassesUnattendedToReadBool" />
    </UnitTest>
    <UnitTest name="Test.L0.Worker.Handlers.CmdArgsSanitizerL0.SanitizeTest(inputArgs: &quot;1; 2&quot;, expectedArgs: &quot;1_#removed#_ 2&quot;)" storage="c:\users\ComputerName\src\test\bin\debug\net6\win-x64\test.dll" id="f4b95f82-9e99-c66b-92db-e9afad8b5d35">
      <Execution id="2e5305b6-07fe-4fbf-8220-00130e92cd82" />
      <TestMethod codeBase="C:\Users\ComputerName\src\Test\bin\Debug\net6\win-x64\Test.dll" adapterTypeName="executor://xunit/VsTestRunner2" className="Test.L0.Worker.Handlers.CmdArgsSanitizerL0" name="SanitizeTest (6757be66ca30d99c7b7ec577655f4648ce04937b)" />
    </UnitTest>
    <UnitTest name="Microsoft.VisualStudio.Services.Agent.Tests.Util.ArgUtilL0.Equal_ThrowsWhenExpectedObjectIsNull" storage="c:\users\ComputerName\src\test\bin\debug\net6\win-x64\test.dll" id="945d8bd7-936a-3dfb-9f75-7b5b1ef0c8e3">
      <Execution id="a47aff80-30f2-4285-a1b8-fc090f05fe7b" />
      <TestMethod codeBase="C:\Users\ComputerName\src\Test\bin\Debug\net6\win-x64\Test.dll" adapterTypeName="executor://xunit/VsTestRunner2" className="Microsoft.VisualStudio.Services.Agent.Tests.Util.ArgUtilL0" name="Equal_ThrowsWhenExpectedObjectIsNull" />
    </UnitTest>
    <UnitTest name="Microsoft.VisualStudio.Services.Agent.Tests.Worker.Release.TfsVCArtifactL0.MissingEndpointShouldThrowException" storage="c:\users\ComputerName\src\test\bin\debug\net6\win-x64\test.dll" id="bd5950a8-5551-bd1f-504f-eeeac280b81f">
      <Execution id="5f37d2f0-c1de-48a6-a4b0-ca835990524c" />
      <TestMethod codeBase="C:\Users\ComputerName\src\Test\bin\Debug\net6\win-x64\Test.dll" adapterTypeName="executor://xunit/VsTestRunner2" className="Microsoft.VisualStudio.Services.Agent.Tests.Worker.Release.TfsVCArtifactL0" name="MissingEndpointShouldThrowException" />
    </UnitTest>
    <UnitTest name="Microsoft.VisualStudio.Services.Agent.Tests.Worker.TestResults.NunitResultReaderTests.VerifyEndDateIsEmptyWhenEndTimeisUnavailablenunit3" storage="c:\users\ComputerName\src\test\bin\debug\net6\win-x64\test.dll" id="10649c52-a5e7-e677-f640-fe478f7e5882">
      <Execution id="464e9207-55c5-434e-bdcf-f8b714e779e3" />
      <TestMethod codeBase="C:\Users\ComputerName\src\Test\bin\Debug\net6\win-x64\Test.dll" adapterTypeName="executor://xunit/VsTestRunner2" className="Microsoft.VisualStudio.Services.Agent.Tests.Worker.TestResults.NunitResultReaderTests" name="VerifyEndDateIsEmptyWhenEndTimeisUnavailablenunit3" />
    </UnitTest>
    <UnitTest name="Microsoft.VisualStudio.Services.Agent.Tests.Util.RepositoryUtilL0.GetPrimaryRepository_should_return_correct_value_when_called" storage="c:\users\ComputerName\src\test\bin\debug\net6\win-x64\test.dll" id="59a86a71-017c-aad9-f381-3b8653c42811">
      <Execution id="c972850f-3b87-443d-a01d-c669ea7d03c0" />
      <TestMethod codeBase="C:\Users\ComputerName\src\Test\bin\Debug\net6\win-x64\Test.dll" adapterTypeName="executor://xunit/VsTestRunner2" className="Microsoft.VisualStudio.Services.Agent.Tests.Util.RepositoryUtilL0" name="GetPrimaryRepository_should_return_correct_value_when_called" />
    </UnitTest>
    <UnitTest name="Test.L0.Plugin.TestResultParser.EnumerableExtensionL0.ListShouldBeBatchedIfSizeIsLessThanBatch" storage="c:\users\ComputerName\src\test\bin\debug\net6\win-x64\test.dll" id="99061bae-ce92-6cb0-2154-c30ffb331071">
      <Execution id="2bfcd735-ce8e-4f13-8695-2d2fc8a60477" />
      <TestMethod codeBase="C:\Users\ComputerName\src\Test\bin\Debug\net6\win-x64\Test.dll" adapterTypeName="executor://xunit/VsTestRunner2" className="Test.L0.Plugin.TestResultParser.EnumerableExtensionL0" name="ListShouldBeBatchedIfSizeIsLessThanBatch" />
    </UnitTest>
    <UnitTest name="Microsoft.VisualStudio.Services.Agent.Tests.CommandSettingsL0.GetsFlagDeploymentAgentWithBackCompat" storage="c:\users\ComputerName\src\test\bin\debug\net6\win-x64\test.dll" id="defef477-ab74-e16f-8c8f-1e265d3930f1">
      <Execution id="62ccb9f9-29a6-49cb-b6d7-490ae2365cab" />
      <TestMethod codeBase="C:\Users\ComputerName\src\Test\bin\Debug\net6\win-x64\Test.dll" adapterTypeName="executor://xunit/VsTestRunner2" className="Microsoft.VisualStudio.Services.Agent.Tests.CommandSettingsL0" name="GetsFlagDeploymentAgentWithBackCompat" />
    </UnitTest>
    <UnitTest name="Microsoft.VisualStudio.Services.Agent.Tests.Worker.TaskManagerL0.PreservesTaskZipTaskWhenInSignatureVerification" storage="c:\users\ComputerName\src\test\bin\debug\net6\win-x64\test.dll" id="5546c02a-4052-810b-e2c5-7de8ffd7fe92">
      <Execution id="116e6291-7d10-47fb-9e1a-28ebfb166e68" />
      <TestMethod codeBase="C:\Users\ComputerName\src\Test\bin\Debug\net6\win-x64\Test.dll" adapterTypeName="executor://xunit/VsTestRunner2" className="Microsoft.VisualStudio.Services.Agent.Tests.Worker.TaskManagerL0" name="PreservesTaskZipTaskWhenInSignatureVerification" />
    </UnitTest>
    <UnitTest name="Microsoft.VisualStudio.Services.Agent.Tests.Worker.CodeCoverage.CodeCoverageCommandExtensionTests.PublishCodeCoverageWithInvalidCCTool" storage="c:\users\ComputerName\src\test\bin\debug\net6\win-x64\test.dll" id="ae7c062d-4c9d-98ab-f8ee-711060d13585">
      <Execution id="6e76513c-a1b5-4963-aaf1-6fc968e2150c" />
      <TestMethod codeBase="C:\Users\ComputerName\src\Test\bin\Debug\net6\win-x64\Test.dll" adapterTypeName="executor://xunit/VsTestRunner2" className="Microsoft.VisualStudio.Services.Agent.Tests.Worker.CodeCoverage.CodeCoverageCommandExtensionTests" name="PublishCodeCoverageWithInvalidCCTool" />
    </UnitTest>
    <UnitTest name="Microsoft.VisualStudio.Services.Agent.Tests.Listener.JobDispatcherL0.DispatcherRenewJobRequestStopOnExpiredRequest" storage="c:\users\ComputerName\src\test\bin\debug\net6\win-x64\test.dll" id="2b9f6cf6-0090-44d9-e835-76ae370d24c1">
      <Execution id="715f0e6f-4857-4316-a551-cba4bce1dade" />
      <TestMethod codeBase="C:\Users\ComputerName\src\Test\bin\Debug\net6\win-x64\Test.dll" adapterTypeName="executor://xunit/VsTestRunner2" className="Microsoft.VisualStudio.Services.Agent.Tests.Listener.JobDispatcherL0" name="DispatcherRenewJobRequestStopOnExpiredRequest" />
    </UnitTest>
    <UnitTest name="Test.L0.Worker.Handlers.CmdArgsSanitizerL0.SanitizeSkipTest(inputArgs: &quot;, / \\ aA zZ 09 ' \&quot; - = : . * + ? ^ %&quot;)" storage="c:\users\ComputerName\src\test\bin\debug\net6\win-x64\test.dll" id="a486b41f-6ac6-03ff-8499-8aa50f33906e">
      <Execution id="5c1a2eec-7dd2-4726-a301-7847107e05df" />
      <TestMethod codeBase="C:\Users\ComputerName\src\Test\bin\Debug\net6\win-x64\Test.dll" adapterTypeName="executor://xunit/VsTestRunner2" className="Test.L0.Worker.Handlers.CmdArgsSanitizerL0" name="SanitizeSkipTest (318cfc5bee05dd35b2da256079b6a1eae40541e9)" />
    </UnitTest>
    <UnitTest name="Microsoft.VisualStudio.Services.Agent.Tests.Util.VssUtilL0.VerifyOverwriteVssConnectionSetting" storage="c:\users\ComputerName\src\test\bin\debug\net6\win-x64\test.dll" id="75aee7c8-a7e7-4909-3f3e-2338e056c053">
      <Execution id="ebef7520-e785-44e3-a208-0b32eeacdc90" />
      <TestMethod codeBase="C:\Users\ComputerName\src\Test\bin\Debug\net6\win-x64\Test.dll" adapterTypeName="executor://xunit/VsTestRunner2" className="Microsoft.VisualStudio.Services.Agent.Tests.Util.VssUtilL0" name="VerifyOverwriteVssConnectionSetting" />
    </UnitTest>
    <UnitTest name="Microsoft.VisualStudio.Services.Agent.Tests.Worker.TaskCommandExtensionL0.SetEndpointDataParameter" storage="c:\users\ComputerName\src\test\bin\debug\net6\win-x64\test.dll" id="113e7c93-ddc0-8471-9987-f90f8791175a">
      <Execution id="d7587f29-45e5-4576-a4e1-85b34bab8020" />
      <TestMethod codeBase="C:\Users\ComputerName\src\Test\bin\Debug\net6\win-x64\Test.dll" adapterTypeName="executor://xunit/VsTestRunner2" className="Microsoft.VisualStudio.Services.Agent.Tests.Worker.TaskCommandExtensionL0" name="SetEndpointDataParameter" />
    </UnitTest>
    <UnitTest name="Microsoft.VisualStudio.Services.Agent.Tests.Worker.TaskManagerL0.BubblesCancellation" storage="c:\users\ComputerName\src\test\bin\debug\net6\win-x64\test.dll" id="e8587a06-7da9-1ce5-e88a-13b691f25f77">
      <Execution id="97466c66-ee00-4f29-a607-34faf7b760f7" />
      <TestMethod codeBase="C:\Users\ComputerName\src\Test\bin\Debug\net6\win-x64\Test.dll" adapterTypeName="executor://xunit/VsTestRunner2" className="Microsoft.VisualStudio.Services.Agent.Tests.Worker.TaskManagerL0" name="BubblesCancellation" />
    </UnitTest>
    <UnitTest name="Test.L0.Listener.Configuration.NativeWindowsServiceHelperL0.EnsureIsManagedServiceAccount_FalseForNonManagedAccount" storage="c:\users\ComputerName\src\test\bin\debug\net6\win-x64\test.dll" id="fc41daf1-d636-1b3c-71ec-55e65c3dc4b5">
      <Execution id="fb3a6261-1bf0-42ff-8acb-09a8e75912b7" />
      <TestMethod codeBase="C:\Users\ComputerName\src\Test\bin\Debug\net6\win-x64\Test.dll" adapterTypeName="executor://xunit/VsTestRunner2" className="Test.L0.Listener.Configuration.NativeWindowsServiceHelperL0" name="EnsureIsManagedServiceAccount_FalseForNonManagedAccount" />
    </UnitTest>
    <UnitTest name="Microsoft.VisualStudio.Services.Agent.Tests.TestFileContainerProviderL0.TestGettingArtifactItemsWithMinimatchPattern(pttrn: [&quot;**&quot;, &quot;!**/File2*&quot;], count: 5, expectedPaths: [&quot;ArtifactForTest&quot;, &quot;ArtifactForTest/File1.txt&quot;, &quot;ArtifactForTest/Folder1&quot;, &quot;ArtifactForTest/Folder1/Folder2&quot;, &quot;ArtifactForTest/Folder1/Folder2/File3.txt&quot;])" storage="c:\users\ComputerName\src\test\bin\debug\net6\win-x64\test.dll" id="fb5a251b-38fd-8c12-564e-88d1784308fa">
      <Execution id="64c9d0d7-1b96-4c4f-a9e5-717b459c1939" />
      <TestMethod codeBase="C:\Users\ComputerName\src\Test\bin\Debug\net6\win-x64\Test.dll" adapterTypeName="executor://xunit/VsTestRunner2" className="Microsoft.VisualStudio.Services.Agent.Tests.TestFileContainerProviderL0" name="TestGettingArtifactItemsWithMinimatchPattern (2a7fa4c40fa1193502e415b289a8c481859f7f55)" />
    </UnitTest>
    <UnitTest name="Microsoft.VisualStudio.Services.Agent.Tests.Worker.ExecutionContextL0.TranslatePathForStepTarget_should_convert_path_only_for_containers(isCheckout: False, jobTarget: null, stepTarget: &quot;host&quot;)" storage="c:\users\ComputerName\src\test\bin\debug\net6\win-x64\test.dll" id="849aa709-4ebe-a798-6e9a-c1913621fc0e">
      <Execution id="4cc18e05-8a27-41bd-8530-6ddcea253113" />
      <TestMethod codeBase="C:\Users\ComputerName\src\Test\bin\Debug\net6\win-x64\Test.dll" adapterTypeName="executor://xunit/VsTestRunner2" className="Microsoft.VisualStudio.Services.Agent.Tests.Worker.ExecutionContextL0" name="TranslatePathForStepTarget_should_convert_path_only_for_containers (762f853a20de751a2824973d076f5ebd7f4eeaa2)" />
    </UnitTest>
    <UnitTest name="Microsoft.VisualStudio.Services.Agent.Tests.Util.IOUtilL0.DeleteDirectory_DeletesWithRetry_CancellationRequested" storage="c:\users\ComputerName\src\test\bin\debug\net6\win-x64\test.dll" id="9bcdf09c-a5ff-29ba-8855-cd62a3e12c8c">
      <Execution id="b675a7fb-5cd7-40ff-a10d-a62804404b25" />
      <TestMethod codeBase="C:\Users\ComputerName\src\Test\bin\Debug\net6\win-x64\Test.dll" adapterTypeName="executor://xunit/VsTestRunner2" className="Microsoft.VisualStudio.Services.Agent.Tests.Util.IOUtilL0" name="DeleteDirectory_DeletesWithRetry_CancellationRequested" />
    </UnitTest>
    <UnitTest name="Microsoft.VisualStudio.Services.Agent.Tests.ProcessInvokerL0.SuccessExitsWithCodeZero" storage="c:\users\ComputerName\src\test\bin\debug\net6\win-x64\test.dll" id="4b620685-de1a-dc68-478c-d301136d1cb6">
      <Execution id="78bb69f8-9287-4ba1-b07c-101a2e5967da" />
      <TestMethod codeBase="C:\Users\ComputerName\src\Test\bin\Debug\net6\win-x64\Test.dll" adapterTypeName="executor://xunit/VsTestRunner2" className="Microsoft.VisualStudio.Services.Agent.Tests.ProcessInvokerL0" name="SuccessExitsWithCodeZero" />
    </UnitTest>
    <UnitTest name="Microsoft.VisualStudio.Services.Agent.Tests.Worker.SetVariableRestrictionsL0.MiniMatchAllowed" storage="c:\users\ComputerName\src\test\bin\debug\net6\win-x64\test.dll" id="72a48d86-9238-0281-4b55-565674c52eaf">
      <Execution id="161227f9-79a8-475f-ba6f-4f7c2fab733c" />
      <TestMethod codeBase="C:\Users\ComputerName\src\Test\bin\Debug\net6\win-x64\Test.dll" adapterTypeName="executor://xunit/VsTestRunner2" className="Microsoft.VisualStudio.Services.Agent.Tests.Worker.SetVariableRestrictionsL0" name="MiniMatchAllowed" />
    </UnitTest>
    <UnitTest name="Microsoft.VisualStudio.Services.Agent.Tests.Util.RepositoryUtilL0.HasMultipleCheckouts_should_return_true_when_set_correctly" storage="c:\users\ComputerName\src\test\bin\debug\net6\win-x64\test.dll" id="45839b3c-f91f-b448-5f64-c25bd4a10b0d">
      <Execution id="e1b1f09e-430d-4a11-8c7e-2ea003b78bce" />
      <TestMethod codeBase="C:\Users\ComputerName\src\Test\bin\Debug\net6\win-x64\Test.dll" adapterTypeName="executor://xunit/VsTestRunner2" className="Microsoft.VisualStudio.Services.Agent.Tests.Util.RepositoryUtilL0" name="HasMultipleCheckouts_should_return_true_when_set_correctly" />
    </UnitTest>
    <UnitTest name="Test.L0.Worker.Handlers.CmdArgsSanitizerL0.SanitizeSkipTest(inputArgs: &quot;1 ^; 2 ^&amp;^&amp; 3 ^&lt; ^&gt; ^| ^^&quot;)" storage="c:\users\ComputerName\src\test\bin\debug\net6\win-x64\test.dll" id="f74f4d1d-4713-9330-9071-ac8ab5006900">
      <Execution id="e6b48078-3af3-430b-a173-d2c35ed9b3ec" />
      <TestMethod codeBase="C:\Users\ComputerName\src\Test\bin\Debug\net6\win-x64\Test.dll" adapterTypeName="executor://xunit/VsTestRunner2" className="Test.L0.Worker.Handlers.CmdArgsSanitizerL0" name="SanitizeSkipTest (eade4dd96b45637dbecad42a45724c65069cef49)" />
    </UnitTest>
    <UnitTest name="Microsoft.VisualStudio.Services.Agent.Tests.Worker.Release.TfsGitArtifactL0.ShouldThrowIfEndpointsDoNotContainTfsGitEndpoint" storage="c:\users\ComputerName\src\test\bin\debug\net6\win-x64\test.dll" id="d36fdb8e-daed-cd13-a69e-bb2f2509b62d">
      <Execution id="98e6111f-75e2-4a6c-9c7d-3972ad39a122" />
      <TestMethod codeBase="C:\Users\ComputerName\src\Test\bin\Debug\net6\win-x64\Test.dll" adapterTypeName="executor://xunit/VsTestRunner2" className="Microsoft.VisualStudio.Services.Agent.Tests.Worker.Release.TfsGitArtifactL0" name="ShouldThrowIfEndpointsDoNotContainTfsGitEndpoint" />
    </UnitTest>
    <UnitTest name="Test.L0.Plugin.TestResultParser.TestRunManagerL0.TestRunManager_PublishMultipleRunsWithExceptions" storage="c:\users\ComputerName\src\test\bin\debug\net6\win-x64\test.dll" id="5c2be80e-5269-4c60-669f-698802b60b5c">
      <Execution id="19a16347-131f-437b-841f-d8812ebc9c52" />
      <TestMethod codeBase="C:\Users\ComputerName\src\Test\bin\Debug\net6\win-x64\Test.dll" adapterTypeName="executor://xunit/VsTestRunner2" className="Test.L0.Plugin.TestResultParser.TestRunManagerL0" name="TestRunManager_PublishMultipleRunsWithExceptions" />
    </UnitTest>
    <UnitTest name="Microsoft.VisualStudio.Services.Agent.Tests.Util.WhichUtilL0.WhichThrowsWhenRequireAndNotFound" storage="c:\users\ComputerName\src\test\bin\debug\net6\win-x64\test.dll" id="f2827fce-36b7-497b-2fab-99fed83643d0">
      <Execution id="692cad0f-529a-4801-bcf7-e564468dbeb3" />
      <TestMethod codeBase="C:\Users\ComputerName\src\Test\bin\Debug\net6\win-x64\Test.dll" adapterTypeName="executor://xunit/VsTestRunner2" className="Microsoft.VisualStudio.Services.Agent.Tests.Util.WhichUtilL0" name="WhichThrowsWhenRequireAndNotFound" />
    </UnitTest>
    <UnitTest name="Microsoft.VisualStudio.Services.Agent.Tests.Worker.Build.TrackingManagerL0.LoadsTrackingConfig_FileFormatVersion1_InvalidJson" storage="c:\users\ComputerName\src\test\bin\debug\net6\win-x64\test.dll" id="5210fcc2-17b5-23a0-1433-9648561dd0fe">
      <Execution id="6de41106-5a8d-4f79-b1a9-6df85b71ead9" />
      <TestMethod codeBase="C:\Users\ComputerName\src\Test\bin\Debug\net6\win-x64\Test.dll" adapterTypeName="executor://xunit/VsTestRunner2" className="Microsoft.VisualStudio.Services.Agent.Tests.Worker.Build.TrackingManagerL0" name="LoadsTrackingConfig_FileFormatVersion1_InvalidJson" />
    </UnitTest>
    <UnitTest name="Microsoft.VisualStudio.Services.Agent.Tests.SecretMaskerL0.IsSimpleUrlNotMasked" storage="c:\users\ComputerName\src\test\bin\debug\net6\win-x64\test.dll" id="096e789d-68e0-97b8-6e94-1e5c47e222e0">
      <Execution id="3ec495c9-b0ac-4101-a6f3-1895ab080dc1" />
      <TestMethod codeBase="C:\Users\ComputerName\src\Test\bin\Debug\net6\win-x64\Test.dll" adapterTypeName="executor://xunit/VsTestRunner2" className="Microsoft.VisualStudio.Services.Agent.Tests.SecretMaskerL0" name="IsSimpleUrlNotMasked" />
    </UnitTest>
    <UnitTest name="Microsoft.VisualStudio.Services.Agent.Tests.CommandSettingsL0.PromptsForDeploymentPoolName" storage="c:\users\ComputerName\src\test\bin\debug\net6\win-x64\test.dll" id="55e5a409-62f2-9662-7c9c-c63bb10d25f1">
      <Execution id="7fd8da40-b0fd-4da6-beda-021ea44c855e" />
      <TestMethod codeBase="C:\Users\ComputerName\src\Test\bin\Debug\net6\win-x64\Test.dll" adapterTypeName="executor://xunit/VsTestRunner2" className="Microsoft.VisualStudio.Services.Agent.Tests.CommandSettingsL0" name="PromptsForDeploymentPoolName" />
    </UnitTest>
    <UnitTest name="Microsoft.VisualStudio.Services.Agent.Tests.Worker.VariablesL0.GetBoolean_DoesNotThrowWhenNull" storage="c:\users\ComputerName\src\test\bin\debug\net6\win-x64\test.dll" id="68005d44-aa15-d131-fb99-22cdd74742a5">
      <Execution id="d9dd8fde-fc32-4cfa-8b48-0422fbd38101" />
      <TestMethod codeBase="C:\Users\ComputerName\src\Test\bin\Debug\net6\win-x64\Test.dll" adapterTypeName="executor://xunit/VsTestRunner2" className="Microsoft.VisualStudio.Services.Agent.Tests.Worker.VariablesL0" name="GetBoolean_DoesNotThrowWhenNull" />
    </UnitTest>
    <UnitTest name="Microsoft.VisualStudio.Services.Agent.Tests.Listener.AgentL0.TestConfigureCLI(arg: &quot;configure&quot;, IsConfigured: False, expected: 0)" storage="c:\users\ComputerName\src\test\bin\debug\net6\win-x64\test.dll" id="7220169d-aec4-9330-ae5f-c4a89d2b93c1">
      <Execution id="d8e3e886-1920-4851-bba2-41994fca1160" />
      <TestMethod codeBase="C:\Users\ComputerName\src\Test\bin\Debug\net6\win-x64\Test.dll" adapterTypeName="executor://xunit/VsTestRunner2" className="Microsoft.VisualStudio.Services.Agent.Tests.Listener.AgentL0" name="TestConfigureCLI (bb0458733c5c17e5b8fa9c66daad4fb00cd69f93)" />
    </UnitTest>
    <UnitTest name="Microsoft.VisualStudio.Services.Agent.Tests.Util.StringUtilL0.DeactivateVsoCommandsFromStringTest(input: &quot;##vs&quot;, expected: &quot;##vs&quot;)" storage="c:\users\ComputerName\src\test\bin\debug\net6\win-x64\test.dll" id="e7fd1d70-4c92-a197-ed79-3dd08b8ada77">
      <Execution id="45aafe29-bb7c-4ac2-9187-74393f0f8b72" />
      <TestMethod codeBase="C:\Users\ComputerName\src\Test\bin\Debug\net6\win-x64\Test.dll" adapterTypeName="executor://xunit/VsTestRunner2" className="Microsoft.VisualStudio.Services.Agent.Tests.Util.StringUtilL0" name="DeactivateVsoCommandsFromStringTest (2136b117b68af9152583b254402521536208a0f0)" />
    </UnitTest>
    <UnitTest name="Test.L0.Plugin.TestFilePublisher.TestFilePublisherL0.TestFilePublisher_DontPublishWhenNoMatchingFilesFound" storage="c:\users\ComputerName\src\test\bin\debug\net6\win-x64\test.dll" id="9c890ba8-2b68-8018-39c6-02c8d5c0ba47">
      <Execution id="7d54c2d0-60f4-4ea8-8c2d-522438a5f1c8" />
      <TestMethod codeBase="C:\Users\ComputerName\src\Test\bin\Debug\net6\win-x64\Test.dll" adapterTypeName="executor://xunit/VsTestRunner2" className="Test.L0.Plugin.TestFilePublisher.TestFilePublisherL0" name="TestFilePublisher_DontPublishWhenNoMatchingFilesFound" />
    </UnitTest>
    <UnitTest name="Microsoft.VisualStudio.Services.Agent.Tests.Worker.TestResults.NunitResultReaderTests.VerifyEndDateIsEmptyWhenNoRunTimeIsAvailable" storage="c:\users\ComputerName\src\test\bin\debug\net6\win-x64\test.dll" id="487e1219-bb5b-ddc0-04b9-e89dd4543fbd">
      <Execution id="2621ac68-ce40-46d9-8f68-ca9fe512b166" />
      <TestMethod codeBase="C:\Users\ComputerName\src\Test\bin\Debug\net6\win-x64\Test.dll" adapterTypeName="executor://xunit/VsTestRunner2" className="Microsoft.VisualStudio.Services.Agent.Tests.Worker.TestResults.NunitResultReaderTests" name="VerifyEndDateIsEmptyWhenNoRunTimeIsAvailable" />
    </UnitTest>
    <UnitTest name="Microsoft.VisualStudio.Services.Agent.Tests.Worker.TestResults.JunitResultReaderTests.ResultsWithoutMandatoryFieldsAreSkipped" storage="c:\users\ComputerName\src\test\bin\debug\net6\win-x64\test.dll" id="b7f4a808-5d99-4286-97d7-92af9a4890d3">
      <Execution id="c1babccb-2189-4a59-b4fa-e9e220810df8" />
      <TestMethod codeBase="C:\Users\ComputerName\src\Test\bin\Debug\net6\win-x64\Test.dll" adapterTypeName="executor://xunit/VsTestRunner2" className="Microsoft.VisualStudio.Services.Agent.Tests.Worker.TestResults.JunitResultReaderTests" name="ResultsWithoutMandatoryFieldsAreSkipped" />
    </UnitTest>
    <UnitTest name="Microsoft.VisualStudio.Services.Agent.Tests.Worker.TaskCommandExtensionL0.SetEndpointWithoutEndpointField" storage="c:\users\ComputerName\src\test\bin\debug\net6\win-x64\test.dll" id="c0dfc9ec-001d-b40c-5c56-4aca1a12f154">
      <Execution id="2ae5ffe0-be95-4b5d-b634-9afcb462a090" />
      <TestMethod codeBase="C:\Users\ComputerName\src\Test\bin\Debug\net6\win-x64\Test.dll" adapterTypeName="executor://xunit/VsTestRunner2" className="Microsoft.VisualStudio.Services.Agent.Tests.Worker.TaskCommandExtensionL0" name="SetEndpointWithoutEndpointField" />
    </UnitTest>
    <UnitTest name="Microsoft.VisualStudio.Services.Agent.Tests.Worker.TestResults.NunitResultReaderTests.VerifyTestRunDuration" storage="c:\users\ComputerName\src\test\bin\debug\net6\win-x64\test.dll" id="968075e3-011d-2516-388b-e7a78b573e9b">
      <Execution id="64c81407-8ad8-4651-b999-4ec9a7dc48d3" />
      <TestMethod codeBase="C:\Users\ComputerName\src\Test\bin\Debug\net6\win-x64\Test.dll" adapterTypeName="executor://xunit/VsTestRunner2" className="Microsoft.VisualStudio.Services.Agent.Tests.Worker.TestResults.NunitResultReaderTests" name="VerifyTestRunDuration" />
    </UnitTest>
    <UnitTest name="Test.L0.Worker.Handlers.CmdArgsSanitizerL0.Telemetry_ReturnsNull(inputArgs: &quot;&quot;)" storage="c:\users\ComputerName\src\test\bin\debug\net6\win-x64\test.dll" id="06f81fd0-7de6-46d7-4c46-791ccdd72c02">
      <Execution id="d0e4407b-5950-49a0-9507-358a061ec801" />
      <TestMethod codeBase="C:\Users\ComputerName\src\Test\bin\Debug\net6\win-x64\Test.dll" adapterTypeName="executor://xunit/VsTestRunner2" className="Test.L0.Worker.Handlers.CmdArgsSanitizerL0" name="Telemetry_ReturnsNull (a4baa36e61ef0ab327aa248f9cc5bb8bbac30361)" />
    </UnitTest>
    <UnitTest name="Microsoft.VisualStudio.Services.Agent.Tests.Util.StringUtilL0.DeactivateVsoCommandsFromStringTest(input: &quot;##VsO&quot;, expected: &quot;**vso&quot;)" storage="c:\users\ComputerName\src\test\bin\debug\net6\win-x64\test.dll" id="7320d0d0-aec0-0e2c-dfc8-3fefd791524d">
      <Execution id="3ed3b4f6-c0fa-4764-b437-fed726cd8a24" />
      <TestMethod codeBase="C:\Users\ComputerName\src\Test\bin\Debug\net6\win-x64\Test.dll" adapterTypeName="executor://xunit/VsTestRunner2" className="Microsoft.VisualStudio.Services.Agent.Tests.Util.StringUtilL0" name="DeactivateVsoCommandsFromStringTest (7e5fc4d9d382ed200dc28d1683bd4de1a1dca5fe)" />
    </UnitTest>
    <UnitTest name="Microsoft.VisualStudio.Services.Agent.Tests.Listener.Configuration.ConfigurationManagerL0.CanEnsureEnvironmentVMResourceConfigureVSTSScenario" storage="c:\users\ComputerName\src\test\bin\debug\net6\win-x64\test.dll" id="0086a988-136e-57b9-a58b-5efa7d4f0c1e">
      <Execution id="fda0ac4b-9707-40ce-89ae-a0446a4ed830" />
      <TestMethod codeBase="C:\Users\ComputerName\src\Test\bin\Debug\net6\win-x64\Test.dll" adapterTypeName="executor://xunit/VsTestRunner2" className="Microsoft.VisualStudio.Services.Agent.Tests.Listener.Configuration.ConfigurationManagerL0" name="CanEnsureEnvironmentVMResourceConfigureVSTSScenario" />
    </UnitTest>
    <UnitTest name="Microsoft.VisualStudio.Services.Agent.Tests.LogPluginHost.LogPluginHostL0.LogPluginHost_RunMultiplePlugins" storage="c:\users\ComputerName\src\test\bin\debug\net6\win-x64\test.dll" id="89431f86-8db5-0206-372b-b89fca66cf1a">
      <Execution id="3556de85-fd35-4a4e-b714-615d27b33d59" />
      <TestMethod codeBase="C:\Users\ComputerName\src\Test\bin\Debug\net6\win-x64\Test.dll" adapterTypeName="executor://xunit/VsTestRunner2" className="Microsoft.VisualStudio.Services.Agent.Tests.LogPluginHost.LogPluginHostL0" name="LogPluginHost_RunMultiplePlugins" />
    </UnitTest>
    <UnitTest name="Microsoft.VisualStudio.Services.Agent.Tests.Worker.TestResults.TrxReaderTests.VerifyNoCoverageSourceFilesAndPdbsAreAddedAsRunLevelAttachmentsIfSkipFlagIsSet" storage="c:\users\ComputerName\src\test\bin\debug\net6\win-x64\test.dll" id="311df49c-5c55-4c01-e498-9e17ccd7690e">
      <Execution id="a13556fe-9433-4f5f-bf56-910d1b65764b" />
      <TestMethod codeBase="C:\Users\ComputerName\src\Test\bin\Debug\net6\win-x64\Test.dll" adapterTypeName="executor://xunit/VsTestRunner2" className="Microsoft.VisualStudio.Services.Agent.Tests.Worker.TestResults.TrxReaderTests" name="VerifyNoCoverageSourceFilesAndPdbsAreAddedAsRunLevelAttachmentsIfSkipFlagIsSet" />
    </UnitTest>
    <UnitTest name="Microsoft.VisualStudio.Services.Agent.Tests.Worker.TestResults.XUnitResultReaderTests.Xunit_DtdProhibitedXmlShouldReturnNull" storage="c:\users\ComputerName\src\test\bin\debug\net6\win-x64\test.dll" id="96ba2252-5ed5-98a0-b5c0-0b753b6dd055">
      <Execution id="31dd23ac-6553-4ff5-a07d-9fe560342db1" />
      <TestMethod codeBase="C:\Users\ComputerName\src\Test\bin\Debug\net6\win-x64\Test.dll" adapterTypeName="executor://xunit/VsTestRunner2" className="Microsoft.VisualStudio.Services.Agent.Tests.Worker.TestResults.XUnitResultReaderTests" name="Xunit_DtdProhibitedXmlShouldReturnNull" />
    </UnitTest>
    <UnitTest name="Microsoft.VisualStudio.Services.Agent.Tests.PipelineCache.MatchingTests.DoubleAsteriskAsPartOfPathSegment" storage="c:\users\ComputerName\src\test\bin\debug\net6\win-x64\test.dll" id="a3aa3a58-4efd-633f-ea73-54227708176c">
      <Execution id="a0be404b-7166-4eb5-bb01-039167a90e26" />
      <TestMethod codeBase="C:\Users\ComputerName\src\Test\bin\Debug\net6\win-x64\Test.dll" adapterTypeName="executor://xunit/VsTestRunner2" className="Microsoft.VisualStudio.Services.Agent.Tests.PipelineCache.MatchingTests" name="DoubleAsteriskAsPartOfPathSegment" />
    </UnitTest>
    <UnitTest name="Microsoft.VisualStudio.Services.Agent.Tests.CommandSettingsL0.GetsArgCaseInsensitive" storage="c:\users\ComputerName\src\test\bin\debug\net6\win-x64\test.dll" id="12408c79-3737-c1ed-ad08-a79a0f96be3c">
      <Execution id="83f56783-4326-40e5-b096-62b09c846735" />
      <TestMethod codeBase="C:\Users\ComputerName\src\Test\bin\Debug\net6\win-x64\Test.dll" adapterTypeName="executor://xunit/VsTestRunner2" className="Microsoft.VisualStudio.Services.Agent.Tests.CommandSettingsL0" name="GetsArgCaseInsensitive" />
    </UnitTest>
    <UnitTest name="Microsoft.VisualStudio.Services.Agent.Tests.SecretMaskerL0.SecretMaskerTests_ReplacesAdjacentSecrets" storage="c:\users\ComputerName\src\test\bin\debug\net6\win-x64\test.dll" id="ec936661-7322-f5ad-1765-bff00d7dc2a9">
      <Execution id="29193177-ccf8-4a1a-a270-d7589027fb9a" />
      <TestMethod codeBase="C:\Users\ComputerName\src\Test\bin\Debug\net6\win-x64\Test.dll" adapterTypeName="executor://xunit/VsTestRunner2" className="Microsoft.VisualStudio.Services.Agent.Tests.SecretMaskerL0" name="SecretMaskerTests_ReplacesAdjacentSecrets" />
    </UnitTest>
    <UnitTest name="Microsoft.VisualStudio.Services.Agent.Tests.Worker.TestResults.TrxReaderTests.ReadsResultsReturnsCorrectValuesInDifferentCulture" storage="c:\users\ComputerName\src\test\bin\debug\net6\win-x64\test.dll" id="d0b7cc21-40cc-3262-f1b4-f4c818beed1b">
      <Execution id="08b07773-8474-4021-a568-4369cbc976e3" />
      <TestMethod codeBase="C:\Users\ComputerName\src\Test\bin\Debug\net6\win-x64\Test.dll" adapterTypeName="executor://xunit/VsTestRunner2" className="Microsoft.VisualStudio.Services.Agent.Tests.Worker.TestResults.TrxReaderTests" name="ReadsResultsReturnsCorrectValuesInDifferentCulture" />
    </UnitTest>
    <UnitTest name="Microsoft.VisualStudio.Services.Agent.Tests.Listener.AgentL0.TestRunOnceHandleUpdateMessage" storage="c:\users\ComputerName\src\test\bin\debug\net6\win-x64\test.dll" id="19d633af-831b-41ca-abc4-d7f5a7b0a91e">
      <Execution id="779fafe6-6fd3-4818-9344-0f930eafc0ab" />
      <TestMethod codeBase="C:\Users\ComputerName\src\Test\bin\Debug\net6\win-x64\Test.dll" adapterTypeName="executor://xunit/VsTestRunner2" className="Microsoft.VisualStudio.Services.Agent.Tests.Listener.AgentL0" name="TestRunOnceHandleUpdateMessage" />
    </UnitTest>
    <UnitTest name="Microsoft.VisualStudio.Services.Agent.Tests.Worker.TestResults.JunitResultReaderTests.VerifyRunTypeIsSet" storage="c:\users\ComputerName\src\test\bin\debug\net6\win-x64\test.dll" id="fff4547d-6701-f32f-5723-9b3108816082">
      <Execution id="13863906-3140-4060-8fb4-98159c7f963b" />
      <TestMethod codeBase="C:\Users\ComputerName\src\Test\bin\Debug\net6\win-x64\Test.dll" adapterTypeName="executor://xunit/VsTestRunner2" className="Microsoft.VisualStudio.Services.Agent.Tests.Worker.TestResults.JunitResultReaderTests" name="VerifyRunTypeIsSet" />
    </UnitTest>
    <UnitTest name="Microsoft.VisualStudio.Services.Agent.Tests.Worker.TestResults.TrxReaderTests.ReadResultsDoesNotFailWithFinishTimeLessThanStartTime" storage="c:\users\ComputerName\src\test\bin\debug\net6\win-x64\test.dll" id="d46b49fc-824c-0018-5894-fc8ea526f194">
      <Execution id="0f6cab88-c321-4e6e-84d3-2b22951cbf2d" />
      <TestMethod codeBase="C:\Users\ComputerName\src\Test\bin\Debug\net6\win-x64\Test.dll" adapterTypeName="executor://xunit/VsTestRunner2" className="Microsoft.VisualStudio.Services.Agent.Tests.Worker.TestResults.TrxReaderTests" name="ReadResultsDoesNotFailWithFinishTimeLessThanStartTime" />
    </UnitTest>
    <UnitTest name="Test.L0.Worker.Build.WorkspaceMaintenanceProvicerL0.ShouldMarkExpiredForGarbageCollection" storage="c:\users\ComputerName\src\test\bin\debug\net6\win-x64\test.dll" id="499235e9-3104-c62d-792e-3937a922d02b">
      <Execution id="4904c2a9-6443-45e2-b302-ac9da1752452" />
      <TestMethod codeBase="C:\Users\ComputerName\src\Test\bin\Debug\net6\win-x64\Test.dll" adapterTypeName="executor://xunit/VsTestRunner2" className="Test.L0.Worker.Build.WorkspaceMaintenanceProvicerL0" name="ShouldMarkExpiredForGarbageCollection" />
    </UnitTest>
    <UnitTest name="Test.L0.Plugin.TestResultParser.TestRunManagerL0.TestRunManager_PublishTestRun" storage="c:\users\ComputerName\src\test\bin\debug\net6\win-x64\test.dll" id="c1d5c2d0-9f85-08fd-e951-fdc37565d564">
      <Execution id="3e0f49ab-c5ae-4bbc-91ae-fcc909dd46c4" />
      <TestMethod codeBase="C:\Users\ComputerName\src\Test\bin\Debug\net6\win-x64\Test.dll" adapterTypeName="executor://xunit/VsTestRunner2" className="Test.L0.Plugin.TestResultParser.TestRunManagerL0" name="TestRunManager_PublishTestRun" />
    </UnitTest>
    <UnitTest name="Microsoft.VisualStudio.Services.Agent.Tests.Listener.Configuration.ArgumentValidatorTestsL0.ServerUrlValidator" storage="c:\users\ComputerName\src\test\bin\debug\net6\win-x64\test.dll" id="46a2cd76-e353-7772-6343-5eb9585d8fb6">
      <Execution id="477b799c-f225-49d3-97f2-316b421f3985" />
      <TestMethod codeBase="C:\Users\ComputerName\src\Test\bin\Debug\net6\win-x64\Test.dll" adapterTypeName="executor://xunit/VsTestRunner2" className="Microsoft.VisualStudio.Services.Agent.Tests.Listener.Configuration.ArgumentValidatorTestsL0" name="ServerUrlValidator" />
    </UnitTest>
    <UnitTest name="Microsoft.VisualStudio.Services.Agent.Tests.SecretMaskerL0.IsUserInfoWithSpecialCharactersMaskedCorrectly" storage="c:\users\ComputerName\src\test\bin\debug\net6\win-x64\test.dll" id="08ed25aa-ae89-81b5-fe60-9780b969e08e">
      <Execution id="641bdcc4-6a05-42c0-b0d4-f1d29cda8206" />
      <TestMethod codeBase="C:\Users\ComputerName\src\Test\bin\Debug\net6\win-x64\Test.dll" adapterTypeName="executor://xunit/VsTestRunner2" className="Microsoft.VisualStudio.Services.Agent.Tests.SecretMaskerL0" name="IsUserInfoWithSpecialCharactersMaskedCorrectly" />
    </UnitTest>
    <UnitTest name="Microsoft.VisualStudio.Services.Agent.Tests.Worker.StepsRunnerL0.TreatsConditionErrorAsFailure" storage="c:\users\ComputerName\src\test\bin\debug\net6\win-x64\test.dll" id="d0a556b6-4129-ec70-1c9b-6315d691e025">
      <Execution id="d492132a-8035-447e-9082-4af086b7be8d" />
      <TestMethod codeBase="C:\Users\ComputerName\src\Test\bin\Debug\net6\win-x64\Test.dll" adapterTypeName="executor://xunit/VsTestRunner2" className="Microsoft.VisualStudio.Services.Agent.Tests.Worker.StepsRunnerL0" name="TreatsConditionErrorAsFailure" />
    </UnitTest>
    <UnitTest name="Microsoft.VisualStudio.Services.Agent.Tests.Worker.TestResults.TestRunPublisherTests.StartTestRunCallsRightApi" storage="c:\users\ComputerName\src\test\bin\debug\net6\win-x64\test.dll" id="c20cf082-db9d-b649-1e96-c1510632898d">
      <Execution id="790231d9-64f1-4d3b-ab44-8d62a2184cb3" />
      <TestMethod codeBase="C:\Users\ComputerName\src\Test\bin\Debug\net6\win-x64\Test.dll" adapterTypeName="executor://xunit/VsTestRunner2" className="Microsoft.VisualStudio.Services.Agent.Tests.Worker.TestResults.TestRunPublisherTests" name="StartTestRunCallsRightApi" />
    </UnitTest>
    <UnitTest name="Microsoft.VisualStudio.Services.Agent.Tests.Worker.TestResults.XUnitResultReaderTests.VerifyLastTestCaseEndDateNotGreaterThanTestRunTotalTime" storage="c:\users\ComputerName\src\test\bin\debug\net6\win-x64\test.dll" id="98c38a35-a0f4-eebc-c203-5d6892dc2342">
      <Execution id="4fe811b6-f950-4f71-8913-a3a6967aeacc" />
      <TestMethod codeBase="C:\Users\ComputerName\src\Test\bin\Debug\net6\win-x64\Test.dll" adapterTypeName="executor://xunit/VsTestRunner2" className="Microsoft.VisualStudio.Services.Agent.Tests.Worker.TestResults.XUnitResultReaderTests" name="VerifyLastTestCaseEndDateNotGreaterThanTestRunTotalTime" />
    </UnitTest>
    <UnitTest name="Microsoft.VisualStudio.Services.Agent.Tests.Worker.TestResults.XUnitResultReaderTests.VerifyRunTypeIsSet" storage="c:\users\ComputerName\src\test\bin\debug\net6\win-x64\test.dll" id="b21002f7-871a-4ac8-e7a0-81290fa4fe4a">
      <Execution id="d66d45ed-87c1-44c5-b324-d53728fd79aa" />
      <TestMethod codeBase="C:\Users\ComputerName\src\Test\bin\Debug\net6\win-x64\Test.dll" adapterTypeName="executor://xunit/VsTestRunner2" className="Microsoft.VisualStudio.Services.Agent.Tests.Worker.TestResults.XUnitResultReaderTests" name="VerifyRunTypeIsSet" />
    </UnitTest>
    <UnitTest name="Microsoft.VisualStudio.Services.Agent.Tests.Worker.TestResults.TestRunPublisherTests.EndTestRunCallsRightApi" storage="c:\users\ComputerName\src\test\bin\debug\net6\win-x64\test.dll" id="ceaa5842-1999-ae5b-3b33-dcb6929e76c5">
      <Execution id="24ccf371-a618-498a-8b75-98fe3f41d452" />
      <TestMethod codeBase="C:\Users\ComputerName\src\Test\bin\Debug\net6\win-x64\Test.dll" adapterTypeName="executor://xunit/VsTestRunner2" className="Microsoft.VisualStudio.Services.Agent.Tests.Worker.TestResults.TestRunPublisherTests" name="EndTestRunCallsRightApi" />
    </UnitTest>
    <UnitTest name="Microsoft.VisualStudio.Services.Agent.Tests.HostContextL0.CreateServiceReturnsNewInstance" storage="c:\users\ComputerName\src\test\bin\debug\net6\win-x64\test.dll" id="a4f7c891-4656-2165-6acf-2ae36803e79b">
      <Execution id="5db772ed-beac-435b-a13e-ef8ea44bc5ba" />
      <TestMethod codeBase="C:\Users\ComputerName\src\Test\bin\Debug\net6\win-x64\Test.dll" adapterTypeName="executor://xunit/VsTestRunner2" className="Microsoft.VisualStudio.Services.Agent.Tests.HostContextL0" name="CreateServiceReturnsNewInstance" />
    </UnitTest>
    <UnitTest name="Microsoft.VisualStudio.Services.Agent.Tests.Worker.WorkerL0.VerifyIfOtherVariablesNotDeactivatesVsoCommands" storage="c:\users\ComputerName\src\test\bin\debug\net6\win-x64\test.dll" id="7561dfc6-4c32-0fb1-a6d5-2674b5da20f6">
      <Execution id="25a1f7de-ef48-423b-aff7-2ca05471c8de" />
      <TestMethod codeBase="C:\Users\ComputerName\src\Test\bin\Debug\net6\win-x64\Test.dll" adapterTypeName="executor://xunit/VsTestRunner2" className="Microsoft.VisualStudio.Services.Agent.Tests.Worker.WorkerL0" name="VerifyIfOtherVariablesNotDeactivatesVsoCommands" />
    </UnitTest>
    <UnitTest name="Microsoft.VisualStudio.Services.Agent.Tests.Worker.StepsRunnerL0.RunNormalStepsAllStepPass" storage="c:\users\ComputerName\src\test\bin\debug\net6\win-x64\test.dll" id="404aa43b-1521-318b-f8a0-5e923f1b4886">
      <Execution id="797c8866-fe9b-47b8-8b41-754293b6b2d4" />
      <TestMethod codeBase="C:\Users\ComputerName\src\Test\bin\Debug\net6\win-x64\Test.dll" adapterTypeName="executor://xunit/VsTestRunner2" className="Microsoft.VisualStudio.Services.Agent.Tests.Worker.StepsRunnerL0" name="RunNormalStepsAllStepPass" />
    </UnitTest>
    <UnitTest name="Microsoft.VisualStudio.Services.Agent.Tests.Plugin.RepositoryPluginL0.RepositoryPlugin_CheckoutTask_MergesCheckoutOptions_FeatureFlagOff" storage="c:\users\ComputerName\src\test\bin\debug\net6\win-x64\test.dll" id="cf7fdf47-d29c-e889-7f57-e5ef4fc8ee2a">
      <Execution id="fd5b9e79-db7d-4a18-8d3c-628b9756194d" />
      <TestMethod codeBase="C:\Users\ComputerName\src\Test\bin\Debug\net6\win-x64\Test.dll" adapterTypeName="executor://xunit/VsTestRunner2" className="Microsoft.VisualStudio.Services.Agent.Tests.Plugin.RepositoryPluginL0" name="RepositoryPlugin_CheckoutTask_MergesCheckoutOptions_FeatureFlagOff" />
    </UnitTest>
    <UnitTest name="Test.L0.Worker.Handlers.ProcessHandlerHelperL0.EmptyLineTest" storage="c:\users\ComputerName\src\test\bin\debug\net6\win-x64\test.dll" id="d4c63037-dc9a-6f84-e445-db042e5b8c27">
      <Execution id="1691286f-fb86-4ced-8b58-1d016a7367c5" />
      <TestMethod codeBase="C:\Users\ComputerName\src\Test\bin\Debug\net6\win-x64\Test.dll" adapterTypeName="executor://xunit/VsTestRunner2" className="Test.L0.Worker.Handlers.ProcessHandlerHelperL0" name="EmptyLineTest" />
    </UnitTest>
    <UnitTest name="Microsoft.VisualStudio.Services.Agent.Tests.Worker.JobExtensionL0.JobExtensionSetupInfoMSI" storage="c:\users\ComputerName\src\test\bin\debug\net6\win-x64\test.dll" id="7d13dfcd-0a1f-03d9-c8ff-108af9fbc3ea">
      <Execution id="a1da9fa4-673b-4d1e-9a0b-8e7d00df7031" />
      <TestMethod codeBase="C:\Users\ComputerName\src\Test\bin\Debug\net6\win-x64\Test.dll" adapterTypeName="executor://xunit/VsTestRunner2" className="Microsoft.VisualStudio.Services.Agent.Tests.Worker.JobExtensionL0" name="JobExtensionSetupInfoMSI" />
    </UnitTest>
    <UnitTest name="Microsoft.VisualStudio.Services.Agent.Tests.Worker.TestResults.NunitResultReaderTests.PublishNUnitResultFile" storage="c:\users\ComputerName\src\test\bin\debug\net6\win-x64\test.dll" id="e3d63c19-16af-6134-355a-33599c5346e5">
      <Execution id="3a5b3951-2a69-48d4-8e2c-f4c4cf6912bc" />
      <TestMethod codeBase="C:\Users\ComputerName\src\Test\bin\Debug\net6\win-x64\Test.dll" adapterTypeName="executor://xunit/VsTestRunner2" className="Microsoft.VisualStudio.Services.Agent.Tests.Worker.TestResults.NunitResultReaderTests" name="PublishNUnitResultFile" />
    </UnitTest>
    <UnitTest name="Microsoft.VisualStudio.Services.Agent.Tests.Worker.JobExtensionL0.JobExtensionSetupInfo" storage="c:\users\ComputerName\src\test\bin\debug\net6\win-x64\test.dll" id="6a220b54-8b95-9018-73bb-ba9a08ea3273">
      <Execution id="fb061c5a-7b26-4de0-a19f-a73296e2cf68" />
      <TestMethod codeBase="C:\Users\ComputerName\src\Test\bin\Debug\net6\win-x64\Test.dll" adapterTypeName="executor://xunit/VsTestRunner2" className="Microsoft.VisualStudio.Services.Agent.Tests.Worker.JobExtensionL0" name="JobExtensionSetupInfo" />
    </UnitTest>
    <UnitTest name="Microsoft.VisualStudio.Services.Agent.Tests.Plugin.RepositoryPluginL0.RepositoryPlugin_HandleProxyConfig" storage="c:\users\ComputerName\src\test\bin\debug\net6\win-x64\test.dll" id="b5449bd2-7b04-b4ae-c29d-79953fa814e6">
      <Execution id="0afd91d4-a8d8-4905-8914-22e24bdadadb" />
      <TestMethod codeBase="C:\Users\ComputerName\src\Test\bin\Debug\net6\win-x64\Test.dll" adapterTypeName="executor://xunit/VsTestRunner2" className="Microsoft.VisualStudio.Services.Agent.Tests.Plugin.RepositoryPluginL0" name="RepositoryPlugin_HandleProxyConfig" />
    </UnitTest>
    <UnitTest name="Microsoft.VisualStudio.Services.Agent.Tests.Worker.JobExtensionL0.JobExtensionIntraTaskStateMSI" storage="c:\users\ComputerName\src\test\bin\debug\net6\win-x64\test.dll" id="ccb30879-1346-d178-d14c-45ed17f39452">
      <Execution id="bf398bf5-b547-44ba-8eeb-b2cd448bc008" />
      <TestMethod codeBase="C:\Users\ComputerName\src\Test\bin\Debug\net6\win-x64\Test.dll" adapterTypeName="executor://xunit/VsTestRunner2" className="Microsoft.VisualStudio.Services.Agent.Tests.Worker.JobExtensionL0" name="JobExtensionIntraTaskStateMSI" />
    </UnitTest>
    <UnitTest name="Microsoft.VisualStudio.Services.Agent.Tests.Worker.VariablesL0.Constructor_AppliesMaskHints" storage="c:\users\ComputerName\src\test\bin\debug\net6\win-x64\test.dll" id="7c83c986-d86b-c8b1-428b-ceb9762582b9">
      <Execution id="93061f5e-0328-464e-af7d-ea10c3a57000" />
      <TestMethod codeBase="C:\Users\ComputerName\src\Test\bin\Debug\net6\win-x64\Test.dll" adapterTypeName="executor://xunit/VsTestRunner2" className="Microsoft.VisualStudio.Services.Agent.Tests.Worker.VariablesL0" name="Constructor_AppliesMaskHints" />
    </UnitTest>
    <UnitTest name="Microsoft.VisualStudio.Services.Agent.Tests.Worker.SetVariableRestrictionsL0.NoRestrictions" storage="c:\users\ComputerName\src\test\bin\debug\net6\win-x64\test.dll" id="c081d251-d091-a9e3-8c0a-22a1a16f4b5c">
      <Execution id="286cada5-c4d9-4f91-bd5e-d698f2e5b2c1" />
      <TestMethod codeBase="C:\Users\ComputerName\src\Test\bin\Debug\net6\win-x64\Test.dll" adapterTypeName="executor://xunit/VsTestRunner2" className="Microsoft.VisualStudio.Services.Agent.Tests.Worker.SetVariableRestrictionsL0" name="NoRestrictions" />
    </UnitTest>
    <UnitTest name="Microsoft.VisualStudio.Services.Agent.Tests.Worker.ExecutionContextL0.TranslatePathForStepTarget_should_convert_path_only_for_containers(isCheckout: True, jobTarget: &quot;container&quot;, stepTarget: &quot;host&quot;)" storage="c:\users\ComputerName\src\test\bin\debug\net6\win-x64\test.dll" id="5cf226f4-18a3-993b-ee19-7846b2457011">
      <Execution id="a19f906b-0227-4316-8315-621d6d85971d" />
      <TestMethod codeBase="C:\Users\ComputerName\src\Test\bin\Debug\net6\win-x64\Test.dll" adapterTypeName="executor://xunit/VsTestRunner2" className="Microsoft.VisualStudio.Services.Agent.Tests.Worker.ExecutionContextL0" name="TranslatePathForStepTarget_should_convert_path_only_for_containers (30aa014d3c06179381c3b4ce87ece77f6676f215)" />
    </UnitTest>
    <UnitTest name="Microsoft.VisualStudio.Services.Agent.Tests.LogPluginHost.LogPluginHostL0.LogPluginHost_RunSinglePluginWithEmptyLinesInput" storage="c:\users\ComputerName\src\test\bin\debug\net6\win-x64\test.dll" id="0b42dc6e-db65-3ff9-f8e6-7df5cdb0f09a">
      <Execution id="9fa8da74-a3c2-4616-b8a6-78e48e5542f4" />
      <TestMethod codeBase="C:\Users\ComputerName\src\Test\bin\Debug\net6\win-x64\Test.dll" adapterTypeName="executor://xunit/VsTestRunner2" className="Microsoft.VisualStudio.Services.Agent.Tests.LogPluginHost.LogPluginHostL0" name="LogPluginHost_RunSinglePluginWithEmptyLinesInput" />
    </UnitTest>
    <UnitTest name="Microsoft.VisualStudio.Services.Agent.Tests.Worker.TestResults.NunitResultReaderTests.PublishBasicNUnitResultsAddsResultsFileByDefault" storage="c:\users\ComputerName\src\test\bin\debug\net6\win-x64\test.dll" id="acf8e79d-1eb0-838a-598a-d803d344097a">
      <Execution id="de50798d-9732-468a-9ad5-cafb2be92d67" />
      <TestMethod codeBase="C:\Users\ComputerName\src\Test\bin\Debug\net6\win-x64\Test.dll" adapterTypeName="executor://xunit/VsTestRunner2" className="Microsoft.VisualStudio.Services.Agent.Tests.Worker.TestResults.NunitResultReaderTests" name="PublishBasicNUnitResultsAddsResultsFileByDefault" />
    </UnitTest>
    <UnitTest name="Microsoft.VisualStudio.Services.Agent.Tests.Listener.Configuration.ArgumentValidatorTestsL0.WindowsLogonAccountValidator" storage="c:\users\ComputerName\src\test\bin\debug\net6\win-x64\test.dll" id="2e6cc588-b51f-7672-8c78-bf4e87d477f0">
      <Execution id="ae7a65da-1ae8-4226-9918-3ea773648974" />
      <TestMethod codeBase="C:\Users\ComputerName\src\Test\bin\Debug\net6\win-x64\Test.dll" adapterTypeName="executor://xunit/VsTestRunner2" className="Microsoft.VisualStudio.Services.Agent.Tests.Listener.Configuration.ArgumentValidatorTestsL0" name="WindowsLogonAccountValidator" />
    </UnitTest>
    <UnitTest name="Microsoft.VisualStudio.Services.Agent.Tests.CommandSettingsL0.GetsFlagUnattendedFromEnvVar" storage="c:\users\ComputerName\src\test\bin\debug\net6\win-x64\test.dll" id="0de7d7e3-794c-13b3-aa3c-550b21a8a76b">
      <Execution id="d48c6081-ef85-47f8-b7c2-62954232005f" />
      <TestMethod codeBase="C:\Users\ComputerName\src\Test\bin\Debug\net6\win-x64\Test.dll" adapterTypeName="executor://xunit/VsTestRunner2" className="Microsoft.VisualStudio.Services.Agent.Tests.CommandSettingsL0" name="GetsFlagUnattendedFromEnvVar" />
    </UnitTest>
    <UnitTest name="Microsoft.VisualStudio.Services.Agent.Tests.Worker.TestResults.JunitResultReaderTests.VerifyWithJustTestSuite" storage="c:\users\ComputerName\src\test\bin\debug\net6\win-x64\test.dll" id="069edd28-1132-0bbe-1658-c82c63615ff5">
      <Execution id="3d88304e-069b-4d36-b155-9f85cc178a8f" />
      <TestMethod codeBase="C:\Users\ComputerName\src\Test\bin\Debug\net6\win-x64\Test.dll" adapterTypeName="executor://xunit/VsTestRunner2" className="Microsoft.VisualStudio.Services.Agent.Tests.Worker.TestResults.JunitResultReaderTests" name="VerifyWithJustTestSuite" />
    </UnitTest>
    <UnitTest name="Microsoft.VisualStudio.Services.Agent.Tests.Worker.Build.TrackingConfigHashAlgorithmL0.ComputeHash_should_throw_when_parameters_invalid" storage="c:\users\ComputerName\src\test\bin\debug\net6\win-x64\test.dll" id="3faf3d16-ea51-6917-cc60-1be5d218e797">
      <Execution id="e9caec5c-1e09-4fa3-a535-1f4b065f794c" />
      <TestMethod codeBase="C:\Users\ComputerName\src\Test\bin\Debug\net6\win-x64\Test.dll" adapterTypeName="executor://xunit/VsTestRunner2" className="Microsoft.VisualStudio.Services.Agent.Tests.Worker.Build.TrackingConfigHashAlgorithmL0" name="ComputeHash_should_throw_when_parameters_invalid" />
    </UnitTest>
    <UnitTest name="Microsoft.VisualStudio.Services.Agent.Tests.Worker.StepsRunnerL0.SetsJobResultCorrectly" storage="c:\users\ComputerName\src\test\bin\debug\net6\win-x64\test.dll" id="9177d70e-4335-49d1-cdf1-38740915363b">
      <Execution id="fd3e43fb-283e-4d71-b847-8513a50764d2" />
      <TestMethod codeBase="C:\Users\ComputerName\src\Test\bin\Debug\net6\win-x64\Test.dll" adapterTypeName="executor://xunit/VsTestRunner2" className="Microsoft.VisualStudio.Services.Agent.Tests.Worker.StepsRunnerL0" name="SetsJobResultCorrectly" />
    </UnitTest>
    <UnitTest name="Microsoft.VisualStudio.Services.Agent.Tests.Worker.StepsRunnerL0.AlwaysMeansAlways" storage="c:\users\ComputerName\src\test\bin\debug\net6\win-x64\test.dll" id="91f1412c-d692-a17d-f721-4f70a228472b">
      <Execution id="98f6dcd5-dba2-4b98-8124-77ddab4f56aa" />
      <TestMethod codeBase="C:\Users\ComputerName\src\Test\bin\Debug\net6\win-x64\Test.dll" adapterTypeName="executor://xunit/VsTestRunner2" className="Microsoft.VisualStudio.Services.Agent.Tests.Worker.StepsRunnerL0" name="AlwaysMeansAlways" />
    </UnitTest>
    <UnitTest name="Microsoft.VisualStudio.Services.Agent.Tests.Worker.CodeCoverage.CoberturaSummaryReaderTests.VerifyCoberturaCoverageStatisticsForValidSummaryFile" storage="c:\users\ComputerName\src\test\bin\debug\net6\win-x64\test.dll" id="da682938-b128-9673-6b1a-14f7f114832f">
      <Execution id="e97b2a36-f0c1-4c90-a32c-52b27eef50c3" />
      <TestMethod codeBase="C:\Users\ComputerName\src\Test\bin\Debug\net6\win-x64\Test.dll" adapterTypeName="executor://xunit/VsTestRunner2" className="Microsoft.VisualStudio.Services.Agent.Tests.Worker.CodeCoverage.CoberturaSummaryReaderTests" name="VerifyCoberturaCoverageStatisticsForValidSummaryFile" />
    </UnitTest>
    <UnitTest name="Microsoft.VisualStudio.Services.Agent.Tests.CommandSettingsL0.GetsStartUpType" storage="c:\users\ComputerName\src\test\bin\debug\net6\win-x64\test.dll" id="83ec74cf-ae3e-98d3-9ddb-a03e0af8a8e2">
      <Execution id="e4cbcaa9-c4e1-46cb-825f-544ec6ba22fc" />
      <TestMethod codeBase="C:\Users\ComputerName\src\Test\bin\Debug\net6\win-x64\Test.dll" adapterTypeName="executor://xunit/VsTestRunner2" className="Microsoft.VisualStudio.Services.Agent.Tests.CommandSettingsL0" name="GetsStartUpType" />
    </UnitTest>
    <UnitTest name="Microsoft.VisualStudio.Services.Agent.Tests.CommandSettingsL0.PromptsForUserName" storage="c:\users\ComputerName\src\test\bin\debug\net6\win-x64\test.dll" id="e73d872c-7dbe-a7dd-f51f-23c6e92247d3">
      <Execution id="be53a13c-7393-40f0-8ade-7dfe8dfe71a8" />
      <TestMethod codeBase="C:\Users\ComputerName\src\Test\bin\Debug\net6\win-x64\Test.dll" adapterTypeName="executor://xunit/VsTestRunner2" className="Microsoft.VisualStudio.Services.Agent.Tests.CommandSettingsL0" name="PromptsForUserName" />
    </UnitTest>
    <UnitTest name="Microsoft.VisualStudio.Services.Agent.Tests.Worker.TaskCommandExtensionL0.IssueSourceValidationFailedBecauseCorrelationIdWasInvalid" storage="c:\users\ComputerName\src\test\bin\debug\net6\win-x64\test.dll" id="b0c17e4b-59cc-dfa2-58aa-2d20753b2793">
      <Execution id="275406ca-c5de-4d4e-bcf2-16cee6fc075e" />
      <TestMethod codeBase="C:\Users\ComputerName\src\Test\bin\Debug\net6\win-x64\Test.dll" adapterTypeName="executor://xunit/VsTestRunner2" className="Microsoft.VisualStudio.Services.Agent.Tests.Worker.TaskCommandExtensionL0" name="IssueSourceValidationFailedBecauseCorrelationIdWasInvalid" />
    </UnitTest>
    <UnitTest name="Test.L0.Plugin.TestResultParser.LogPreProcessorL0.LogPreProcessorShouldLeaveInfoLinesIntact" storage="c:\users\ComputerName\src\test\bin\debug\net6\win-x64\test.dll" id="f8e75e0b-28e6-6d5d-2009-5382d36ecacd">
      <Execution id="7ea0da47-fa80-41d9-a17f-a4831ad59a4e" />
      <TestMethod codeBase="C:\Users\ComputerName\src\Test\bin\Debug\net6\win-x64\Test.dll" adapterTypeName="executor://xunit/VsTestRunner2" className="Test.L0.Plugin.TestResultParser.LogPreProcessorL0" name="LogPreProcessorShouldLeaveInfoLinesIntact" />
    </UnitTest>
    <UnitTest name="Microsoft.VisualStudio.Services.Agent.Tests.LoggedSecretMaskerL0.LoggedSecretMasker_ShortSecret_Removes_From_Dictionary_BoundaryValue" storage="c:\users\ComputerName\src\test\bin\debug\net6\win-x64\test.dll" id="7c575fc9-f08b-8649-c294-f260d4a96eaa">
      <Execution id="de6d68d3-c739-471a-b416-5a9bebf54e74" />
      <TestMethod codeBase="C:\Users\ComputerName\src\Test\bin\Debug\net6\win-x64\Test.dll" adapterTypeName="executor://xunit/VsTestRunner2" className="Microsoft.VisualStudio.Services.Agent.Tests.LoggedSecretMaskerL0" name="LoggedSecretMasker_ShortSecret_Removes_From_Dictionary_BoundaryValue" />
    </UnitTest>
    <UnitTest name="Microsoft.VisualStudio.Services.Agent.Tests.Worker.CodeCoverage.CodeCoverageUtilitiesTests.ThrowsIfParameterNull" storage="c:\users\ComputerName\src\test\bin\debug\net6\win-x64\test.dll" id="8bc875ba-c1ff-ee10-d29f-a39f04c7c8ef">
      <Execution id="ad13727c-27d2-4ca9-bbb6-34d309a8454d" />
      <TestMethod codeBase="C:\Users\ComputerName\src\Test\bin\Debug\net6\win-x64\Test.dll" adapterTypeName="executor://xunit/VsTestRunner2" className="Microsoft.VisualStudio.Services.Agent.Tests.Worker.CodeCoverage.CodeCoverageUtilitiesTests" name="ThrowsIfParameterNull" />
    </UnitTest>
    <UnitTest name="Microsoft.VisualStudio.Services.Agent.Tests.Util.ArgUtilL0.Equal_ThrowsWhenActualObjectIsNull" storage="c:\users\ComputerName\src\test\bin\debug\net6\win-x64\test.dll" id="16435927-29a5-d1e1-76c8-7c9bf15eb04a">
      <Execution id="0a6bfad2-e108-4d9a-aab7-713786acf468" />
      <TestMethod codeBase="C:\Users\ComputerName\src\Test\bin\Debug\net6\win-x64\Test.dll" adapterTypeName="executor://xunit/VsTestRunner2" className="Microsoft.VisualStudio.Services.Agent.Tests.Util.ArgUtilL0" name="Equal_ThrowsWhenActualObjectIsNull" />
    </UnitTest>
    <UnitTest name="Microsoft.VisualStudio.Services.Agent.Tests.Worker.Build.BuildDirectoryManagerL0.UpdatesExistingConfig" storage="c:\users\ComputerName\src\test\bin\debug\net6\win-x64\test.dll" id="817645ca-e8ad-9fd8-d968-c66e9427a520">
      <Execution id="27acd1de-98f9-405d-a0a8-c2a61bf0268e" />
      <TestMethod codeBase="C:\Users\ComputerName\src\Test\bin\Debug\net6\win-x64\Test.dll" adapterTypeName="executor://xunit/VsTestRunner2" className="Microsoft.VisualStudio.Services.Agent.Tests.Worker.Build.BuildDirectoryManagerL0" name="UpdatesExistingConfig" />
    </UnitTest>
    <UnitTest name="Microsoft.VisualStudio.Services.Agent.Tests.Listener.PipelineParserL0.PowerShellStep" storage="c:\users\ComputerName\src\test\bin\debug\net6\win-x64\test.dll" id="e94ce787-2531-86e8-e50e-7b2ab774bec2">
      <Execution id="76d29add-fb7c-44a1-bb9e-5c8fd3347d62" />
      <TestMethod codeBase="C:\Users\ComputerName\src\Test\bin\Debug\net6\win-x64\Test.dll" adapterTypeName="executor://xunit/VsTestRunner2" className="Microsoft.VisualStudio.Services.Agent.Tests.Listener.PipelineParserL0" name="PowerShellStep" />
    </UnitTest>
    <UnitTest name="Microsoft.VisualStudio.Services.Agent.Tests.Util.RepositoryUtilL0.HasMultipleCheckouts_should_not_throw" storage="c:\users\ComputerName\src\test\bin\debug\net6\win-x64\test.dll" id="360a6475-5113-f3d3-e61e-6057d9a5b904">
      <Execution id="f6c52ed3-4691-4df8-a1e3-1e3830fc3e08" />
      <TestMethod codeBase="C:\Users\ComputerName\src\Test\bin\Debug\net6\win-x64\Test.dll" adapterTypeName="executor://xunit/VsTestRunner2" className="Microsoft.VisualStudio.Services.Agent.Tests.Util.RepositoryUtilL0" name="HasMultipleCheckouts_should_not_throw" />
    </UnitTest>
    <UnitTest name="Microsoft.VisualStudio.Services.Agent.Tests.Listener.PipelineParserL0.PhaseServerTarget" storage="c:\users\ComputerName\src\test\bin\debug\net6\win-x64\test.dll" id="55b85cf1-df20-fab4-8d80-1c12e90433d7">
      <Execution id="a8f5dac4-c6eb-449e-8f58-311862e0f880" />
      <TestMethod codeBase="C:\Users\ComputerName\src\Test\bin\Debug\net6\win-x64\Test.dll" adapterTypeName="executor://xunit/VsTestRunner2" className="Microsoft.VisualStudio.Services.Agent.Tests.Listener.PipelineParserL0" name="PhaseServerTarget" />
    </UnitTest>
    <UnitTest name="Microsoft.VisualStudio.Services.Agent.Tests.TestFileContainerProviderL0.TestGettingArtifactItemsWithMinimatchPattern(pttrn: [&quot;**/Folder1/**&quot;, &quot;!**/File3.txt&quot;], count: 3, expectedPaths: [&quot;ArtifactForTest/Folder1/File2.txt&quot;, &quot;ArtifactForTest/Folder1/File21.txt&quot;, &quot;ArtifactForTest/Folder1/Folder2&quot;])" storage="c:\users\ComputerName\src\test\bin\debug\net6\win-x64\test.dll" id="8773b68a-e8ea-a780-65a9-e580f2b03d35">
      <Execution id="3d4a2093-2231-4401-8e19-d8cd0305fff9" />
      <TestMethod codeBase="C:\Users\ComputerName\src\Test\bin\Debug\net6\win-x64\Test.dll" adapterTypeName="executor://xunit/VsTestRunner2" className="Microsoft.VisualStudio.Services.Agent.Tests.TestFileContainerProviderL0" name="TestGettingArtifactItemsWithMinimatchPattern (982621059c1ebf54455551771cfaeb191a3b3a02)" />
    </UnitTest>
    <UnitTest name="Microsoft.VisualStudio.Services.Agent.Tests.Util.IOUtilL0.GetDirectoryName_WindowsStyle" storage="c:\users\ComputerName\src\test\bin\debug\net6\win-x64\test.dll" id="2fb3db54-85cc-8a31-acbd-0b01c72f0540">
      <Execution id="768df2c0-445d-4386-acd5-2bc6801ac879" />
      <TestMethod codeBase="C:\Users\ComputerName\src\Test\bin\Debug\net6\win-x64\Test.dll" adapterTypeName="executor://xunit/VsTestRunner2" className="Microsoft.VisualStudio.Services.Agent.Tests.Util.IOUtilL0" name="GetDirectoryName_WindowsStyle" />
    </UnitTest>
    <UnitTest name="Microsoft.VisualStudio.Services.Agent.Tests.PipelineCache.MatchingTests.DetermineFileEnumerationRecursive" storage="c:\users\ComputerName\src\test\bin\debug\net6\win-x64\test.dll" id="457eb3da-c7c3-0432-350a-2f6f8d4253e4">
      <Execution id="d9e863d1-52ca-4aa5-a0ee-aa60c47b119a" />
      <TestMethod codeBase="C:\Users\ComputerName\src\Test\bin\Debug\net6\win-x64\Test.dll" adapterTypeName="executor://xunit/VsTestRunner2" className="Microsoft.VisualStudio.Services.Agent.Tests.PipelineCache.MatchingTests" name="DetermineFileEnumerationRecursive" />
    </UnitTest>
    <UnitTest name="Test.L0.Plugin.TestFilePublisher.TestFilePublisherL0.TestFilePublisher_WhenPublishedRunsAreNull" storage="c:\users\ComputerName\src\test\bin\debug\net6\win-x64\test.dll" id="68e25152-1c90-8404-b5cc-34fe6a58ded1">
      <Execution id="48444238-bd35-4b89-85d2-002e17687a4f" />
      <TestMethod codeBase="C:\Users\ComputerName\src\Test\bin\Debug\net6\win-x64\Test.dll" adapterTypeName="executor://xunit/VsTestRunner2" className="Test.L0.Plugin.TestFilePublisher.TestFilePublisherL0" name="TestFilePublisher_WhenPublishedRunsAreNull" />
    </UnitTest>
    <UnitTest name="Microsoft.VisualStudio.Services.Agent.Tests.Worker.Release.JenkinsArtifactL0.MissingStartVersionShouldDownloadCommitsFromSingleBuild" storage="c:\users\ComputerName\src\test\bin\debug\net6\win-x64\test.dll" id="eaaf1a75-5b8d-29cd-e3dc-447c15914986">
      <Execution id="b04179f8-bfe3-4bff-af95-be5f39b7d399" />
      <TestMethod codeBase="C:\Users\ComputerName\src\Test\bin\Debug\net6\win-x64\Test.dll" adapterTypeName="executor://xunit/VsTestRunner2" className="Microsoft.VisualStudio.Services.Agent.Tests.Worker.Release.JenkinsArtifactL0" name="MissingStartVersionShouldDownloadCommitsFromSingleBuild" />
    </UnitTest>
    <UnitTest name="Microsoft.VisualStudio.Services.Agent.Tests.CommandSettingsL0.PromptsWhenInvalid" storage="c:\users\ComputerName\src\test\bin\debug\net6\win-x64\test.dll" id="8ac51010-fb8d-0fff-8eef-beeaf49637c5">
      <Execution id="3f99f361-d899-452a-8e67-6c922308e377" />
      <TestMethod codeBase="C:\Users\ComputerName\src\Test\bin\Debug\net6\win-x64\Test.dll" adapterTypeName="executor://xunit/VsTestRunner2" className="Microsoft.VisualStudio.Services.Agent.Tests.CommandSettingsL0" name="PromptsWhenInvalid" />
    </UnitTest>
    <UnitTest name="Test.L0.Worker.Handlers.CmdArgsSanitizerL0.Telemetry_ReturnsNull(inputArgs: &quot;123&quot;)" storage="c:\users\ComputerName\src\test\bin\debug\net6\win-x64\test.dll" id="8bf9be24-1d5e-d6a3-509b-f2a6b23146d0">
      <Execution id="f5d5c73c-307c-4ea5-8aef-a4e190490740" />
      <TestMethod codeBase="C:\Users\ComputerName\src\Test\bin\Debug\net6\win-x64\Test.dll" adapterTypeName="executor://xunit/VsTestRunner2" className="Test.L0.Worker.Handlers.CmdArgsSanitizerL0" name="Telemetry_ReturnsNull (bdc4c7c8c906fe7734815e03ea1084c15493629e)" />
    </UnitTest>
    <UnitTest name="Microsoft.VisualStudio.Services.Agent.Tests.CommandSettingsL0.GetsFlagAddDeploymentGroupTagsBackCompat" storage="c:\users\ComputerName\src\test\bin\debug\net6\win-x64\test.dll" id="d9ad0c09-af8c-7d65-3631-85cab3404b72">
      <Execution id="6d9c9c49-a3b5-472e-bd70-c94974ca9354" />
      <TestMethod codeBase="C:\Users\ComputerName\src\Test\bin\Debug\net6\win-x64\Test.dll" adapterTypeName="executor://xunit/VsTestRunner2" className="Microsoft.VisualStudio.Services.Agent.Tests.CommandSettingsL0" name="GetsFlagAddDeploymentGroupTagsBackCompat" />
    </UnitTest>
    <UnitTest name="Test.L0.Worker.Handlers.CmdArgsSanitizerL0.SanitizeTest(inputArgs: &quot;; &amp; &gt; &lt; |&quot;, expectedArgs: &quot;_#removed#_ _#removed#_ _#removed#_ _#removed#_ _#&quot;...)" storage="c:\users\ComputerName\src\test\bin\debug\net6\win-x64\test.dll" id="58a13e13-3bda-840a-2350-a8c5e15612cf">
      <Execution id="71a96367-5c38-42c3-ad5e-8852e9f23c13" />
      <TestMethod codeBase="C:\Users\ComputerName\src\Test\bin\Debug\net6\win-x64\Test.dll" adapterTypeName="executor://xunit/VsTestRunner2" className="Test.L0.Worker.Handlers.CmdArgsSanitizerL0" name="SanitizeTest (daecb79c16fa6e072c3892ad0ba42ca7f4f2d227)" />
    </UnitTest>
    <UnitTest name="Microsoft.VisualStudio.Services.Agent.Tests.Worker.TaskManagerL0.DoesNotMatchPlatform" storage="c:\users\ComputerName\src\test\bin\debug\net6\win-x64\test.dll" id="de69f077-7450-cbc6-a2e1-db51543578a9">
      <Execution id="94c8a193-4871-4436-916e-7483253716e8" />
      <TestMethod codeBase="C:\Users\ComputerName\src\Test\bin\Debug\net6\win-x64\Test.dll" adapterTypeName="executor://xunit/VsTestRunner2" className="Microsoft.VisualStudio.Services.Agent.Tests.Worker.TaskManagerL0" name="DoesNotMatchPlatform" />
    </UnitTest>
    <UnitTest name="Microsoft.VisualStudio.Services.Agent.Tests.Worker.LoggingCommandL0.CommandParserTest" storage="c:\users\ComputerName\src\test\bin\debug\net6\win-x64\test.dll" id="b5d70720-0eeb-356b-c4c4-292651017d89">
      <Execution id="32018519-5f8a-4656-b17f-e16820fcb287" />
      <TestMethod codeBase="C:\Users\ComputerName\src\Test\bin\Debug\net6\win-x64\Test.dll" adapterTypeName="executor://xunit/VsTestRunner2" className="Microsoft.VisualStudio.Services.Agent.Tests.Worker.LoggingCommandL0" name="CommandParserTest" />
    </UnitTest>
    <UnitTest name="Microsoft.VisualStudio.Services.Agent.Tests.Worker.TestResults.TrxReaderTests.VerifyDataCollectorFilesAndPdbsAreAddedAsRunLevelAttachments" storage="c:\users\ComputerName\src\test\bin\debug\net6\win-x64\test.dll" id="7197a51f-3590-9b1c-7c3d-edba40007a96">
      <Execution id="3d841643-51ca-49ed-b79b-77c77d64cc69" />
      <TestMethod codeBase="C:\Users\ComputerName\src\Test\bin\Debug\net6\win-x64\Test.dll" adapterTypeName="executor://xunit/VsTestRunner2" className="Microsoft.VisualStudio.Services.Agent.Tests.Worker.TestResults.TrxReaderTests" name="VerifyDataCollectorFilesAndPdbsAreAddedAsRunLevelAttachments" />
    </UnitTest>
    <UnitTest name="Microsoft.VisualStudio.Services.Agent.Tests.Worker.VariablesL0.RecalculateExpanded_RetainsUpdatedSecretness" storage="c:\users\ComputerName\src\test\bin\debug\net6\win-x64\test.dll" id="bfb5821e-d2b2-6eaf-79ac-660233e27981">
      <Execution id="da5d78f1-0167-4625-ab37-a2d929cb6a20" />
      <TestMethod codeBase="C:\Users\ComputerName\src\Test\bin\Debug\net6\win-x64\Test.dll" adapterTypeName="executor://xunit/VsTestRunner2" className="Microsoft.VisualStudio.Services.Agent.Tests.Worker.VariablesL0" name="RecalculateExpanded_RetainsUpdatedSecretness" />
    </UnitTest>
    <UnitTest name="Microsoft.VisualStudio.Services.Agent.Tests.Worker.TestResults.JunitResultReaderTests.VerifyTestCaseCompletedDate" storage="c:\users\ComputerName\src\test\bin\debug\net6\win-x64\test.dll" id="e27cc6eb-d6e1-711d-9a0d-20d962f042a9">
      <Execution id="bd7b8b26-2b57-4e35-b476-06a5566c5fc2" />
      <TestMethod codeBase="C:\Users\ComputerName\src\Test\bin\Debug\net6\win-x64\Test.dll" adapterTypeName="executor://xunit/VsTestRunner2" className="Microsoft.VisualStudio.Services.Agent.Tests.Worker.TestResults.JunitResultReaderTests" name="VerifyTestCaseCompletedDate" />
    </UnitTest>
    <UnitTest name="Microsoft.VisualStudio.Services.Agent.Tests.Worker.VariablesL0.Constructor_DetectsNonadjacentCyclicalReference" storage="c:\users\ComputerName\src\test\bin\debug\net6\win-x64\test.dll" id="dd6c7ce1-5f1a-c07d-9d28-d3326234a8be">
      <Execution id="dab3c96a-7d98-4a9d-a3f1-f2dd4608472d" />
      <TestMethod codeBase="C:\Users\ComputerName\src\Test\bin\Debug\net6\win-x64\Test.dll" adapterTypeName="executor://xunit/VsTestRunner2" className="Microsoft.VisualStudio.Services.Agent.Tests.Worker.VariablesL0" name="Constructor_DetectsNonadjacentCyclicalReference" />
    </UnitTest>
    <UnitTest name="Microsoft.VisualStudio.Services.Agent.Tests.Listener.AgentL0.TestInfoArgumentsCLI(arg: &quot;--help&quot;, expected: 0)" storage="c:\users\ComputerName\src\test\bin\debug\net6\win-x64\test.dll" id="c21d144d-01ba-0b73-dd46-e78287fde987">
      <Execution id="b56cde6b-e1e1-452f-9bdd-a66c668223eb" />
      <TestMethod codeBase="C:\Users\ComputerName\src\Test\bin\Debug\net6\win-x64\Test.dll" adapterTypeName="executor://xunit/VsTestRunner2" className="Microsoft.VisualStudio.Services.Agent.Tests.Listener.AgentL0" name="TestInfoArgumentsCLI (fc179510823fb08b7c4304abade5fdc928e903c3)" />
    </UnitTest>
    <UnitTest name="Microsoft.VisualStudio.Services.Agent.Tests.NodeHandlerL0.UseNewNodeForNodeHandlerEnvVarSet" storage="c:\users\ComputerName\src\test\bin\debug\net6\win-x64\test.dll" id="c874d449-cdde-9a69-1fae-0d1670b839cc">
      <Execution id="22b3c6e5-6fe7-4343-a418-03f2cc9f8194" />
      <TestMethod codeBase="C:\Users\ComputerName\src\Test\bin\Debug\net6\win-x64\Test.dll" adapterTypeName="executor://xunit/VsTestRunner2" className="Microsoft.VisualStudio.Services.Agent.Tests.NodeHandlerL0" name="UseNewNodeForNodeHandlerEnvVarSet" />
    </UnitTest>
    <UnitTest name="Microsoft.VisualStudio.Services.Agent.Tests.Worker.ExecutionContextL0.StepTarget_RestrictedCommands_Host" storage="c:\users\ComputerName\src\test\bin\debug\net6\win-x64\test.dll" id="bce0d1ed-ccf1-a5e2-5556-f4bba87a45f6">
      <Execution id="4229b2e0-37ee-4f45-afff-a20869cee40f" />
      <TestMethod codeBase="C:\Users\ComputerName\src\Test\bin\Debug\net6\win-x64\Test.dll" adapterTypeName="executor://xunit/VsTestRunner2" className="Microsoft.VisualStudio.Services.Agent.Tests.Worker.ExecutionContextL0" name="StepTarget_RestrictedCommands_Host" />
    </UnitTest>
    <UnitTest name="Microsoft.VisualStudio.Services.Agent.Tests.Worker.ExecutionContextL0.TranslatePathForStepTarget_should_convert_path_only_for_containers(isCheckout: False, jobTarget: &quot;container&quot;, stepTarget: null)" storage="c:\users\ComputerName\src\test\bin\debug\net6\win-x64\test.dll" id="ea8090e9-fdaf-2a45-96b7-ceba59f26a6e">
      <Execution id="ed789bd4-d5ef-4f22-95a6-6e51aa1154e0" />
      <TestMethod codeBase="C:\Users\ComputerName\src\Test\bin\Debug\net6\win-x64\Test.dll" adapterTypeName="executor://xunit/VsTestRunner2" className="Microsoft.VisualStudio.Services.Agent.Tests.Worker.ExecutionContextL0" name="TranslatePathForStepTarget_should_convert_path_only_for_containers (9d9131c21a0340d855c5c18df4637aa4d79e5888)" />
    </UnitTest>
    <UnitTest name="Microsoft.VisualStudio.Services.Agent.Tests.NodeHandlerL0.UseNewNodeForNewNodeHandler(nodeVersion: &quot;node20_1&quot;)" storage="c:\users\ComputerName\src\test\bin\debug\net6\win-x64\test.dll" id="a87cdfb6-dd6a-fd2f-1ac5-c0b5112ec835">
      <Execution id="edbec395-59eb-4b0a-bdb7-d0939f268da7" />
      <TestMethod codeBase="C:\Users\ComputerName\src\Test\bin\Debug\net6\win-x64\Test.dll" adapterTypeName="executor://xunit/VsTestRunner2" className="Microsoft.VisualStudio.Services.Agent.Tests.NodeHandlerL0" name="UseNewNodeForNewNodeHandler (4a58a359250eedce036504d7f93264487cd48cfb)" />
    </UnitTest>
    <UnitTest name="Microsoft.VisualStudio.Services.Agent.Tests.Worker.TestResults.NunitResultReaderTests.VerifyStartDateIsEmptyWhenStartTimeisUnavailablenunit3" storage="c:\users\ComputerName\src\test\bin\debug\net6\win-x64\test.dll" id="cd3e4cd8-86d2-06ce-fad1-9767fc239845">
      <Execution id="f1707d98-8be7-4844-82c5-df835724c18e" />
      <TestMethod codeBase="C:\Users\ComputerName\src\Test\bin\Debug\net6\win-x64\Test.dll" adapterTypeName="executor://xunit/VsTestRunner2" className="Microsoft.VisualStudio.Services.Agent.Tests.Worker.TestResults.NunitResultReaderTests" name="VerifyStartDateIsEmptyWhenStartTimeisUnavailablenunit3" />
    </UnitTest>
    <UnitTest name="Microsoft.VisualStudio.Services.Agent.Tests.Worker.Build.TrackingManagerL0.CreatesTrackingConfig" storage="c:\users\ComputerName\src\test\bin\debug\net6\win-x64\test.dll" id="d3fffbe4-2c6b-ceb0-aedd-25eaa80dffa4">
      <Execution id="ebd2b6c8-9558-444c-9378-ffeef02f0174" />
      <TestMethod codeBase="C:\Users\ComputerName\src\Test\bin\Debug\net6\win-x64\Test.dll" adapterTypeName="executor://xunit/VsTestRunner2" className="Microsoft.VisualStudio.Services.Agent.Tests.Worker.Build.TrackingManagerL0" name="CreatesTrackingConfig" />
    </UnitTest>
    <UnitTest name="Test.L0.Worker.Handlers.ProcessHandlerHelperL0.TestWithCloseVars(inputArgs: &quot;%VAR1% %VAR2%%VAR3%&quot;, expectedArgs: &quot;1 23&quot;)" storage="c:\users\ComputerName\src\test\bin\debug\net6\win-x64\test.dll" id="2ab63b07-ee0c-00a7-c361-ed8dbfdf6455">
      <Execution id="c950436f-b239-4e50-9848-bc07a5477580" />
      <TestMethod codeBase="C:\Users\ComputerName\src\Test\bin\Debug\net6\win-x64\Test.dll" adapterTypeName="executor://xunit/VsTestRunner2" className="Test.L0.Worker.Handlers.ProcessHandlerHelperL0" name="TestWithCloseVars (a6067d1c7dbee89e34446ea289c8e819acc04a0a)" />
    </UnitTest>
    <UnitTest name="Microsoft.VisualStudio.Services.Agent.Tests.Worker.ExecutionContextL0.TranslatePathForStepTarget_should_convert_path_only_for_containers(isCheckout: True, jobTarget: null, stepTarget: &quot;container&quot;)" storage="c:\users\ComputerName\src\test\bin\debug\net6\win-x64\test.dll" id="8d30cb0e-a823-3adb-0740-e4a83a75ba85">
      <Execution id="b2b452bf-1fc9-4f61-8c31-a071091d6241" />
      <TestMethod codeBase="C:\Users\ComputerName\src\Test\bin\Debug\net6\win-x64\Test.dll" adapterTypeName="executor://xunit/VsTestRunner2" className="Microsoft.VisualStudio.Services.Agent.Tests.Worker.ExecutionContextL0" name="TranslatePathForStepTarget_should_convert_path_only_for_containers (cbe84366830dc6dc490f57a16afc68992bdbda8e)" />
    </UnitTest>
    <UnitTest name="Microsoft.VisualStudio.Services.Agent.Tests.Worker.TaskManagerL0.ReplacesMacros" storage="c:\users\ComputerName\src\test\bin\debug\net6\win-x64\test.dll" id="bd52a2d9-ae93-0536-13ca-c83c0e7d6094">
      <Execution id="7852b227-21f8-4b2a-8db5-a0505687336c" />
      <TestMethod codeBase="C:\Users\ComputerName\src\Test\bin\Debug\net6\win-x64\Test.dll" adapterTypeName="executor://xunit/VsTestRunner2" className="Microsoft.VisualStudio.Services.Agent.Tests.Worker.TaskManagerL0" name="ReplacesMacros" />
    </UnitTest>
    <UnitTest name="Test.L0.Worker.Handlers.ProcessHandlerHelperTelemetryL0.CountsVariablesStartFromEscSymbol" storage="c:\users\ComputerName\src\test\bin\debug\net6\win-x64\test.dll" id="be721bc1-a281-e1a2-36bf-3035a2c8d6d8">
      <Execution id="1a4135a4-c08f-4238-8c5f-ee3c85f96321" />
      <TestMethod codeBase="C:\Users\ComputerName\src\Test\bin\Debug\net6\win-x64\Test.dll" adapterTypeName="executor://xunit/VsTestRunner2" className="Test.L0.Worker.Handlers.ProcessHandlerHelperTelemetryL0" name="CountsVariablesStartFromEscSymbol" />
    </UnitTest>
    <UnitTest name="Microsoft.VisualStudio.Services.Agent.Tests.Listener.PagingLoggerL0.WriteAndShipLog" storage="c:\users\ComputerName\src\test\bin\debug\net6\win-x64\test.dll" id="dce07f74-3f0a-7d99-a109-4b242c9c9876">
      <Execution id="d369c7f2-8bcb-4917-89a9-9e63fc531efe" />
      <TestMethod codeBase="C:\Users\ComputerName\src\Test\bin\Debug\net6\win-x64\Test.dll" adapterTypeName="executor://xunit/VsTestRunner2" className="Microsoft.VisualStudio.Services.Agent.Tests.Listener.PagingLoggerL0" name="WriteAndShipLog" />
    </UnitTest>
    <UnitTest name="Test.L0.Plugin.TestResultParser.TestResultLogPluginL0.TestResultLogPlugin_DisableIfExceptionThrown" storage="c:\users\ComputerName\src\test\bin\debug\net6\win-x64\test.dll" id="00bb996b-9d41-5c37-81fb-f68b4e76cd82">
      <Execution id="05345744-01a1-451b-aa4f-728fc92c7540" />
      <TestMethod codeBase="C:\Users\ComputerName\src\Test\bin\Debug\net6\win-x64\Test.dll" adapterTypeName="executor://xunit/VsTestRunner2" className="Test.L0.Plugin.TestResultParser.TestResultLogPluginL0" name="TestResultLogPlugin_DisableIfExceptionThrown" />
    </UnitTest>
    <UnitTest name="Test.L0.Worker.Handlers.ProcessHandlerHelperL0.ArgsValidation_Failes(inputArgs: &quot;1 | whoami&quot;, envVarValue: &quot;&quot;)" storage="c:\users\ComputerName\src\test\bin\debug\net6\win-x64\test.dll" id="509cfb5a-68f9-9480-515e-6acee38cd03e">
      <Execution id="ac71f587-f934-4be9-b0f3-df0f912c0fb7" />
      <TestMethod codeBase="C:\Users\ComputerName\src\Test\bin\Debug\net6\win-x64\Test.dll" adapterTypeName="executor://xunit/VsTestRunner2" className="Test.L0.Worker.Handlers.ProcessHandlerHelperL0" name="ArgsValidation_Failes (e64c3abb127b4e5d3e4dda7920b063c3892d625c)" />
    </UnitTest>
    <UnitTest name="Microsoft.VisualStudio.Services.Agent.Tests.Worker.CodeCoverage.CodeCoverageCommandExtensionTests.PublishesCCFilesWhenCodeCoverageDataIsNull" storage="c:\users\ComputerName\src\test\bin\debug\net6\win-x64\test.dll" id="4548daa2-1783-c1c9-0e60-e09eaa0e3212">
      <Execution id="9e2d0826-caec-4349-9d4f-5dc43b442fb8" />
      <TestMethod codeBase="C:\Users\ComputerName\src\Test\bin\Debug\net6\win-x64\Test.dll" adapterTypeName="executor://xunit/VsTestRunner2" className="Microsoft.VisualStudio.Services.Agent.Tests.Worker.CodeCoverage.CodeCoverageCommandExtensionTests" name="PublishesCCFilesWhenCodeCoverageDataIsNull" />
    </UnitTest>
    <UnitTest name="Microsoft.VisualStudio.Services.Agent.Tests.Util.StringUtilL0.DeactivateVsoCommandsFromStringTest(input: null, expected: &quot;&quot;)" storage="c:\users\ComputerName\src\test\bin\debug\net6\win-x64\test.dll" id="af42aa4a-a3b3-67c4-1313-4812803013f1">
      <Execution id="e7a5562d-8078-485f-959d-ebfdc46a47a6" />
      <TestMethod codeBase="C:\Users\ComputerName\src\Test\bin\Debug\net6\win-x64\Test.dll" adapterTypeName="executor://xunit/VsTestRunner2" className="Microsoft.VisualStudio.Services.Agent.Tests.Util.StringUtilL0" name="DeactivateVsoCommandsFromStringTest (2d584dd3d56bc6b451fd2435ecb933db7b13e5f9)" />
    </UnitTest>
    <UnitTest name="Microsoft.VisualStudio.Services.Agent.Tests.CommandSettingsL0.PassesUnattendedToReadValue" storage="c:\users\ComputerName\src\test\bin\debug\net6\win-x64\test.dll" id="193bc478-eb30-4a04-df52-80924e2ecea4">
      <Execution id="f511bc07-05f9-4e97-91b1-e35c5d72da48" />
      <TestMethod codeBase="C:\Users\ComputerName\src\Test\bin\Debug\net6\win-x64\Test.dll" adapterTypeName="executor://xunit/VsTestRunner2" className="Microsoft.VisualStudio.Services.Agent.Tests.CommandSettingsL0" name="PassesUnattendedToReadValue" />
    </UnitTest>
    <UnitTest name="Microsoft.VisualStudio.Services.Agent.Tests.Worker.TestResults.ResultsCommandTests.Publish_NullTestRunner" storage="c:\users\ComputerName\src\test\bin\debug\net6\win-x64\test.dll" id="2acdbb6a-2e9e-2039-5c6f-1ac7ded24518">
      <Execution id="5aac1a57-6ecd-4b54-be2f-2dd0e944b64e" />
      <TestMethod codeBase="C:\Users\ComputerName\src\Test\bin\Debug\net6\win-x64\Test.dll" adapterTypeName="executor://xunit/VsTestRunner2" className="Microsoft.VisualStudio.Services.Agent.Tests.Worker.TestResults.ResultsCommandTests" name="Publish_NullTestRunner" />
    </UnitTest>
    <UnitTest name="Microsoft.VisualStudio.Services.Agent.Tests.NodeHandlerL0.UseLTSNodeIfUseNodeKnobIsLTS" storage="c:\users\ComputerName\src\test\bin\debug\net6\win-x64\test.dll" id="9257a1cd-c049-c678-886c-beda29ce90c7">
      <Execution id="6e3a55f5-f503-4e07-bb4f-0e4c301f36f4" />
      <TestMethod codeBase="C:\Users\ComputerName\src\Test\bin\Debug\net6\win-x64\Test.dll" adapterTypeName="executor://xunit/VsTestRunner2" className="Microsoft.VisualStudio.Services.Agent.Tests.NodeHandlerL0" name="UseLTSNodeIfUseNodeKnobIsLTS" />
    </UnitTest>
    <UnitTest name="Microsoft.VisualStudio.Services.Agent.Tests.ProcessInvokerL0.DisableWorkerCommands" storage="c:\users\ComputerName\src\test\bin\debug\net6\win-x64\test.dll" id="6b355e2e-89c7-e1da-1131-ca87628e3fe7">
      <Execution id="1954afcd-961d-4ece-ad1c-59a4c2f425d0" />
      <TestMethod codeBase="C:\Users\ComputerName\src\Test\bin\Debug\net6\win-x64\Test.dll" adapterTypeName="executor://xunit/VsTestRunner2" className="Microsoft.VisualStudio.Services.Agent.Tests.ProcessInvokerL0" name="DisableWorkerCommands" />
    </UnitTest>
    <UnitTest name="Microsoft.VisualStudio.Services.Agent.Tests.PipelineCache.FingerprintCreatorTests.Fingerprint_ExcludeExactMisses" storage="c:\users\ComputerName\src\test\bin\debug\net6\win-x64\test.dll" id="d3033e2a-bfcd-0544-243e-c2821de52e30">
      <Execution id="5bdcddc8-854f-46ff-aa24-c962686a5d60" />
      <TestMethod codeBase="C:\Users\ComputerName\src\Test\bin\Debug\net6\win-x64\Test.dll" adapterTypeName="executor://xunit/VsTestRunner2" className="Microsoft.VisualStudio.Services.Agent.Tests.PipelineCache.FingerprintCreatorTests" name="Fingerprint_ExcludeExactMisses" />
    </UnitTest>
    <UnitTest name="Test.L0.Plugin.TestResultParser.TestRunManagerL0.TestRunManager_PublishMultipleRuns" storage="c:\users\ComputerName\src\test\bin\debug\net6\win-x64\test.dll" id="3717268a-c560-22c4-edde-534b6ab14f05">
      <Execution id="4e3cec78-e86c-46ba-9a09-3a22bcccf9c8" />
      <TestMethod codeBase="C:\Users\ComputerName\src\Test\bin\Debug\net6\win-x64\Test.dll" adapterTypeName="executor://xunit/VsTestRunner2" className="Test.L0.Plugin.TestResultParser.TestRunManagerL0" name="TestRunManager_PublishMultipleRuns" />
    </UnitTest>
    <UnitTest name="Microsoft.VisualStudio.Services.Agent.Tests.Worker.TestResults.JunitResultReaderTests.VerifyTestRunContextOwnerShouldNotBeUsedForTestCaseOwner" storage="c:\users\ComputerName\src\test\bin\debug\net6\win-x64\test.dll" id="8372c3a2-7d93-c729-3cb8-e8898e4c12b7">
      <Execution id="74aea7b5-baa0-4c63-aab5-91496c08dc68" />
      <TestMethod codeBase="C:\Users\ComputerName\src\Test\bin\Debug\net6\win-x64\Test.dll" adapterTypeName="executor://xunit/VsTestRunner2" className="Microsoft.VisualStudio.Services.Agent.Tests.Worker.TestResults.JunitResultReaderTests" name="VerifyTestRunContextOwnerShouldNotBeUsedForTestCaseOwner" />
    </UnitTest>
    <UnitTest name="Microsoft.VisualStudio.Services.Agent.Tests.Worker.Build.TrackingManagerL0.MergeTrackingConfig_EmptyCollectionUrlOfPreviousConfig" storage="c:\users\ComputerName\src\test\bin\debug\net6\win-x64\test.dll" id="8e8f2591-7fda-0edf-217c-6692a69df3a9">
      <Execution id="1fbb0693-efbf-4b95-a4b5-4e3959168129" />
      <TestMethod codeBase="C:\Users\ComputerName\src\Test\bin\Debug\net6\win-x64\Test.dll" adapterTypeName="executor://xunit/VsTestRunner2" className="Microsoft.VisualStudio.Services.Agent.Tests.Worker.Build.TrackingManagerL0" name="MergeTrackingConfig_EmptyCollectionUrlOfPreviousConfig" />
    </UnitTest>
    <UnitTest name="Microsoft.VisualStudio.Services.Agent.Tests.Worker.TestResults.XUnitResultReaderTests.PublishBasicXUnitResultsSkipsAddingResultsFileWhenFlagged" storage="c:\users\ComputerName\src\test\bin\debug\net6\win-x64\test.dll" id="57c1ef6d-3cc6-3148-b3e3-2cfb6ba149f1">
      <Execution id="917b795f-7226-43e7-9c29-e8f9a7e5b7e4" />
      <TestMethod codeBase="C:\Users\ComputerName\src\Test\bin\Debug\net6\win-x64\Test.dll" adapterTypeName="executor://xunit/VsTestRunner2" className="Microsoft.VisualStudio.Services.Agent.Tests.Worker.TestResults.XUnitResultReaderTests" name="PublishBasicXUnitResultsSkipsAddingResultsFileWhenFlagged" />
    </UnitTest>
    <UnitTest name="Microsoft.VisualStudio.Services.Agent.Tests.Worker.TaskCommandExtensionL0.SetEndpointUrlParameter" storage="c:\users\ComputerName\src\test\bin\debug\net6\win-x64\test.dll" id="8b1900bb-77f4-8416-19cc-baadc6b6565d">
      <Execution id="3b752111-137d-4e92-b0bd-8116ac094f2f" />
      <TestMethod codeBase="C:\Users\ComputerName\src\Test\bin\Debug\net6\win-x64\Test.dll" adapterTypeName="executor://xunit/VsTestRunner2" className="Microsoft.VisualStudio.Services.Agent.Tests.Worker.TaskCommandExtensionL0" name="SetEndpointUrlParameter" />
    </UnitTest>
    <UnitTest name="Microsoft.VisualStudio.Services.Agent.Tests.Listener.AgentL0.TestInfoArgumentsCLI(arg: &quot;--bad-argument&quot;, expected: 1)" storage="c:\users\ComputerName\src\test\bin\debug\net6\win-x64\test.dll" id="d52cc67a-71fc-c620-c6ad-07ad08539632">
      <Execution id="5082acbf-e22f-4e6c-95b3-7b96a95b6b83" />
      <TestMethod codeBase="C:\Users\ComputerName\src\Test\bin\Debug\net6\win-x64\Test.dll" adapterTypeName="executor://xunit/VsTestRunner2" className="Microsoft.VisualStudio.Services.Agent.Tests.Listener.AgentL0" name="TestInfoArgumentsCLI (53cdd84801007e9d136f07921b8dfcd68e09273f)" />
    </UnitTest>
    <UnitTest name="Microsoft.VisualStudio.Services.Agent.Tests.SecretMaskerL0.SecretMaskerTests_MinLengthSetThroughConstructor" storage="c:\users\ComputerName\src\test\bin\debug\net6\win-x64\test.dll" id="1cae0dcb-fc8e-974d-0fd9-dd5b490618ed">
      <Execution id="8f685d61-3725-4899-bc6f-b498ed453612" />
      <TestMethod codeBase="C:\Users\ComputerName\src\Test\bin\Debug\net6\win-x64\Test.dll" adapterTypeName="executor://xunit/VsTestRunner2" className="Microsoft.VisualStudio.Services.Agent.Tests.SecretMaskerL0" name="SecretMaskerTests_MinLengthSetThroughConstructor" />
    </UnitTest>
    <UnitTest name="Microsoft.VisualStudio.Services.Agent.Tests.Worker.Release.GitHubArtifactL0.GitHubArtifactShouldCallGetSourceWithCorrectParameter" storage="c:\users\ComputerName\src\test\bin\debug\net6\win-x64\test.dll" id="376c5e6b-ca81-7605-075f-04731d4f316f">
      <Execution id="ad8a9e16-d1e3-4f10-a4df-f0625f08466c" />
      <TestMethod codeBase="C:\Users\ComputerName\src\Test\bin\Debug\net6\win-x64\Test.dll" adapterTypeName="executor://xunit/VsTestRunner2" className="Microsoft.VisualStudio.Services.Agent.Tests.Worker.Release.GitHubArtifactL0" name="GitHubArtifactShouldCallGetSourceWithCorrectParameter" />
    </UnitTest>
    <UnitTest name="Microsoft.VisualStudio.Services.Agent.Tests.Listener.PagingLoggerL0.CalculateLineNumbersWithoutCloseGroupTag" storage="c:\users\ComputerName\src\test\bin\debug\net6\win-x64\test.dll" id="25d06efa-b1db-0405-02b3-07af04673976">
      <Execution id="a7f8cdbb-9f80-4fc5-bb8e-22cd567a5f36" />
      <TestMethod codeBase="C:\Users\ComputerName\src\Test\bin\Debug\net6\win-x64\Test.dll" adapterTypeName="executor://xunit/VsTestRunner2" className="Microsoft.VisualStudio.Services.Agent.Tests.Listener.PagingLoggerL0" name="CalculateLineNumbersWithoutCloseGroupTag" />
    </UnitTest>
    <UnitTest name="Microsoft.VisualStudio.Services.Agent.Tests.Util.IOUtilL0.GetRelativePathWindows" storage="c:\users\ComputerName\src\test\bin\debug\net6\win-x64\test.dll" id="f3f0717d-1691-e58d-2186-599fef3faa7d">
      <Execution id="ca0ff173-c6bf-4269-b0ff-13b7c346892f" />
      <TestMethod codeBase="C:\Users\ComputerName\src\Test\bin\Debug\net6\win-x64\Test.dll" adapterTypeName="executor://xunit/VsTestRunner2" className="Microsoft.VisualStudio.Services.Agent.Tests.Util.IOUtilL0" name="GetRelativePathWindows" />
    </UnitTest>
    <UnitTest name="Microsoft.VisualStudio.Services.Agent.Tests.Util.StringUtilL0.DeactivateVsoCommandsFromStringTest(input: &quot;#vso&quot;, expected: &quot;#vso&quot;)" storage="c:\users\ComputerName\src\test\bin\debug\net6\win-x64\test.dll" id="6c0e324b-db2a-5b78-3498-e865b272e0ef">
      <Execution id="2ab6c561-6628-4837-9e3c-8ddb396495ba" />
      <TestMethod codeBase="C:\Users\ComputerName\src\Test\bin\Debug\net6\win-x64\Test.dll" adapterTypeName="executor://xunit/VsTestRunner2" className="Microsoft.VisualStudio.Services.Agent.Tests.Util.StringUtilL0" name="DeactivateVsoCommandsFromStringTest (006a2341fb81640da202a223d159b9535971cf6e)" />
    </UnitTest>
    <UnitTest name="Microsoft.VisualStudio.Services.Agent.Tests.Worker.Release.ReleaseJobExtensionL0.GetRootedPathShouldReturnRootedPathIfPathIsResolvedBySourceProvider" storage="c:\users\ComputerName\src\test\bin\debug\net6\win-x64\test.dll" id="3024f29b-b0bb-ed34-84c4-d81a250cd76d">
      <Execution id="141d24ba-a90f-446d-acfa-403ca50a1235" />
      <TestMethod codeBase="C:\Users\ComputerName\src\Test\bin\Debug\net6\win-x64\Test.dll" adapterTypeName="executor://xunit/VsTestRunner2" className="Microsoft.VisualStudio.Services.Agent.Tests.Worker.Release.ReleaseJobExtensionL0" name="GetRootedPathShouldReturnRootedPathIfPathIsResolvedBySourceProvider" />
    </UnitTest>
    <UnitTest name="Microsoft.VisualStudio.Services.Agent.Tests.Worker.Build.TestGitCommandManagerL0.TestGetInternalGitPaths(gitFeatureFlagStatus: True)" storage="c:\users\ComputerName\src\test\bin\debug\net6\win-x64\test.dll" id="7871f9a2-280e-d416-dcca-188c34620731">
      <Execution id="bcd3796f-fa90-4023-b803-a8efbeafca7c" />
      <TestMethod codeBase="C:\Users\ComputerName\src\Test\bin\Debug\net6\win-x64\Test.dll" adapterTypeName="executor://xunit/VsTestRunner2" className="Microsoft.VisualStudio.Services.Agent.Tests.Worker.Build.TestGitCommandManagerL0" name="TestGetInternalGitPaths (7a64c6d778f9298376b8286608cea49d9a7b15aa)" />
    </UnitTest>
    <UnitTest name="Microsoft.VisualStudio.Services.Agent.Tests.Util.IOUtilL0.DeleteDirectory_DeletesReadOnlyDirectories" storage="c:\users\ComputerName\src\test\bin\debug\net6\win-x64\test.dll" id="8c281861-d01a-c36d-a3c6-bdf8d61c6de3">
      <Execution id="3788bcb4-a6f1-4a5c-b65d-a1e193bc0006" />
      <TestMethod codeBase="C:\Users\ComputerName\src\Test\bin\Debug\net6\win-x64\Test.dll" adapterTypeName="executor://xunit/VsTestRunner2" className="Microsoft.VisualStudio.Services.Agent.Tests.Util.IOUtilL0" name="DeleteDirectory_DeletesReadOnlyDirectories" />
    </UnitTest>
    <UnitTest name="Microsoft.VisualStudio.Services.Agent.Tests.SecretMaskerL0.SecretMaskerTests_HandlesNoMasks" storage="c:\users\ComputerName\src\test\bin\debug\net6\win-x64\test.dll" id="49c85f5d-6c9c-577c-a924-71a73bf445d6">
      <Execution id="3fc5bce0-9da1-4f41-aa98-11ec6e51413f" />
      <TestMethod codeBase="C:\Users\ComputerName\src\Test\bin\Debug\net6\win-x64\Test.dll" adapterTypeName="executor://xunit/VsTestRunner2" className="Microsoft.VisualStudio.Services.Agent.Tests.SecretMaskerL0" name="SecretMaskerTests_HandlesNoMasks" />
    </UnitTest>
    <UnitTest name="Microsoft.VisualStudio.Services.Agent.Tests.ServiceInterfacesL0.CommonInterfacesSpecifyDefaultImplementation" storage="c:\users\ComputerName\src\test\bin\debug\net6\win-x64\test.dll" id="ca5e23be-f508-b42d-05c0-e9dc5f4c69d5">
      <Execution id="42f733df-1c79-4e1e-ac4e-a0b10815c132" />
      <TestMethod codeBase="C:\Users\ComputerName\src\Test\bin\Debug\net6\win-x64\Test.dll" adapterTypeName="executor://xunit/VsTestRunner2" className="Microsoft.VisualStudio.Services.Agent.Tests.ServiceInterfacesL0" name="CommonInterfacesSpecifyDefaultImplementation" />
    </UnitTest>
    <UnitTest name="Microsoft.VisualStudio.Services.Agent.Tests.Worker.VariablesL0.Constructor_ExpandsValueWithDeepRecursion" storage="c:\users\ComputerName\src\test\bin\debug\net6\win-x64\test.dll" id="25860881-25ed-72cc-d73e-8c93d7301c52">
      <Execution id="bddc194e-efbc-4903-8628-80b0f22c0004" />
      <TestMethod codeBase="C:\Users\ComputerName\src\Test\bin\Debug\net6\win-x64\Test.dll" adapterTypeName="executor://xunit/VsTestRunner2" className="Microsoft.VisualStudio.Services.Agent.Tests.Worker.VariablesL0" name="Constructor_ExpandsValueWithDeepRecursion" />
    </UnitTest>
    <UnitTest name="Microsoft.VisualStudio.Services.Agent.Tests.Plugin.RepositoryPluginL0.RepositoryPlugin_NoPathInput" storage="c:\users\ComputerName\src\test\bin\debug\net6\win-x64\test.dll" id="3978fb3b-aac2-72dc-9482-3f27324d8e34">
      <Execution id="9da7dfe1-ac67-4d0e-9bde-b638a5d9b8bf" />
      <TestMethod codeBase="C:\Users\ComputerName\src\Test\bin\Debug\net6\win-x64\Test.dll" adapterTypeName="executor://xunit/VsTestRunner2" className="Microsoft.VisualStudio.Services.Agent.Tests.Plugin.RepositoryPluginL0" name="RepositoryPlugin_NoPathInput" />
    </UnitTest>
    <UnitTest name="Microsoft.VisualStudio.Services.Agent.Tests.Worker.VariablesL0.ExpandValues_HandlesPreceedingPrefix" storage="c:\users\ComputerName\src\test\bin\debug\net6\win-x64\test.dll" id="a8f0bf07-678e-d981-0cbc-1576a7aaac1a">
      <Execution id="df6ec794-6d4b-4363-860d-4f05107a2129" />
      <TestMethod codeBase="C:\Users\ComputerName\src\Test\bin\Debug\net6\win-x64\Test.dll" adapterTypeName="executor://xunit/VsTestRunner2" className="Microsoft.VisualStudio.Services.Agent.Tests.Worker.VariablesL0" name="ExpandValues_HandlesPreceedingPrefix" />
    </UnitTest>
    <UnitTest name="Microsoft.VisualStudio.Services.Agent.Tests.Worker.Build.BuildJobExtensionL0.CheckSingleRepoWithoutPathInput" storage="c:\users\ComputerName\src\test\bin\debug\net6\win-x64\test.dll" id="a548da95-a768-a015-f9d3-aa6a3e1d73ef">
      <Execution id="00092e72-bbaf-41a4-9ab4-14abd05ab8e3" />
      <TestMethod codeBase="C:\Users\ComputerName\src\Test\bin\Debug\net6\win-x64\Test.dll" adapterTypeName="executor://xunit/VsTestRunner2" className="Microsoft.VisualStudio.Services.Agent.Tests.Worker.Build.BuildJobExtensionL0" name="CheckSingleRepoWithoutPathInput" />
    </UnitTest>
    <UnitTest name="Microsoft.VisualStudio.Services.Agent.Tests.Worker.TestResults.JunitResultReaderTests.VerifyLastTestCaseEndDateNotGreaterThanTestRunTotalTime" storage="c:\users\ComputerName\src\test\bin\debug\net6\win-x64\test.dll" id="4a7b98d3-f8bf-604e-60b3-b51800d9cc8e">
      <Execution id="4cc31c0b-391c-4149-af4a-1ff0d5db4807" />
      <TestMethod codeBase="C:\Users\ComputerName\src\Test\bin\Debug\net6\win-x64\Test.dll" adapterTypeName="executor://xunit/VsTestRunner2" className="Microsoft.VisualStudio.Services.Agent.Tests.Worker.TestResults.JunitResultReaderTests" name="VerifyLastTestCaseEndDateNotGreaterThanTestRunTotalTime" />
    </UnitTest>
    <UnitTest name="Microsoft.VisualStudio.Services.Agent.Tests.Worker.TaskCommandExtensionL0.SetEndpointWithoutValue" storage="c:\users\ComputerName\src\test\bin\debug\net6\win-x64\test.dll" id="66210fda-b7c4-305e-57b3-a53f8649d566">
      <Execution id="0f1ffc18-ada5-499c-940c-aeb850540a0f" />
      <TestMethod codeBase="C:\Users\ComputerName\src\Test\bin\Debug\net6\win-x64\Test.dll" adapterTypeName="executor://xunit/VsTestRunner2" className="Microsoft.VisualStudio.Services.Agent.Tests.Worker.TaskCommandExtensionL0" name="SetEndpointWithoutValue" />
    </UnitTest>
    <UnitTest name="Microsoft.VisualStudio.Services.Agent.Tests.Worker.Build.TfsVCSourceProvider_WorkspaceUtilL0.DoesNotMatch_Cloak_ServerPath" storage="c:\users\ComputerName\src\test\bin\debug\net6\win-x64\test.dll" id="68041408-2e88-065c-6b50-541fb29d2863">
      <Execution id="cd456665-0d20-4165-abcb-1a581555e669" />
      <TestMethod codeBase="C:\Users\ComputerName\src\Test\bin\Debug\net6\win-x64\Test.dll" adapterTypeName="executor://xunit/VsTestRunner2" className="Microsoft.VisualStudio.Services.Agent.Tests.Worker.Build.TfsVCSourceProvider_WorkspaceUtilL0" name="DoesNotMatch_Cloak_ServerPath" />
    </UnitTest>
    <UnitTest name="Microsoft.VisualStudio.Services.Agent.Tests.Util.IOUtilL0.ValidateExecutePermission_ExceedsFailsafe" storage="c:\users\ComputerName\src\test\bin\debug\net6\win-x64\test.dll" id="47972eb5-0d18-e20a-212f-1df63346fc45">
      <Execution id="7eda9876-a27d-46d3-bb66-9c77614ba854" />
      <TestMethod codeBase="C:\Users\ComputerName\src\Test\bin\Debug\net6\win-x64\Test.dll" adapterTypeName="executor://xunit/VsTestRunner2" className="Microsoft.VisualStudio.Services.Agent.Tests.Util.IOUtilL0" name="ValidateExecutePermission_ExceedsFailsafe" />
    </UnitTest>
    <UnitTest name="Microsoft.VisualStudio.Services.Agent.Tests.Worker.TestResults.TestRunPublisherTests.AddResultsWithAttachmentsCallsRightApi" storage="c:\users\ComputerName\src\test\bin\debug\net6\win-x64\test.dll" id="abe203f4-a6be-fad1-da9d-78af186b662b">
      <Execution id="2d3ffeae-129b-4e2f-a88c-964f18f17cbf" />
      <TestMethod codeBase="C:\Users\ComputerName\src\Test\bin\Debug\net6\win-x64\Test.dll" adapterTypeName="executor://xunit/VsTestRunner2" className="Microsoft.VisualStudio.Services.Agent.Tests.Worker.TestResults.TestRunPublisherTests" name="AddResultsWithAttachmentsCallsRightApi" />
    </UnitTest>
    <UnitTest name="Microsoft.VisualStudio.Services.Agent.Tests.Worker.TestResults.JunitResultReaderTests.VerifyDurationAsSumOfTestCaseTimeWhenTestSuiteTimeTagNotAvailable" storage="c:\users\ComputerName\src\test\bin\debug\net6\win-x64\test.dll" id="fa70dd62-9138-2de1-ac93-98e3237abc0c">
      <Execution id="319794e6-579b-4ca3-982c-15f403e36407" />
      <TestMethod codeBase="C:\Users\ComputerName\src\Test\bin\Debug\net6\win-x64\Test.dll" adapterTypeName="executor://xunit/VsTestRunner2" className="Microsoft.VisualStudio.Services.Agent.Tests.Worker.TestResults.JunitResultReaderTests" name="VerifyDurationAsSumOfTestCaseTimeWhenTestSuiteTimeTagNotAvailable" />
    </UnitTest>
    <UnitTest name="Microsoft.VisualStudio.Services.Agent.Tests.Worker.Release.ReleaseJobExtensionL0.GetRootedPathShouldReturnRootedPathIfPathIsRelative" storage="c:\users\ComputerName\src\test\bin\debug\net6\win-x64\test.dll" id="d35ecc81-d2f7-4c08-3636-523f71c869af">
      <Execution id="d1f0cb43-2f09-40b0-ae9d-9b0fb429d699" />
      <TestMethod codeBase="C:\Users\ComputerName\src\Test\bin\Debug\net6\win-x64\Test.dll" adapterTypeName="executor://xunit/VsTestRunner2" className="Microsoft.VisualStudio.Services.Agent.Tests.Worker.Release.ReleaseJobExtensionL0" name="GetRootedPathShouldReturnRootedPathIfPathIsRelative" />
    </UnitTest>
    <UnitTest name="Microsoft.VisualStudio.Services.Agent.Tests.PipelineCache.FingerprintCreatorTests.Fingerprint_ReservedFails" storage="c:\users\ComputerName\src\test\bin\debug\net6\win-x64\test.dll" id="b9d7a949-98bb-f51c-647c-cf359126d5a5">
      <Execution id="e20349c0-c94c-4de1-97dd-fed5f16731cb" />
      <TestMethod codeBase="C:\Users\ComputerName\src\Test\bin\Debug\net6\win-x64\Test.dll" adapterTypeName="executor://xunit/VsTestRunner2" className="Microsoft.VisualStudio.Services.Agent.Tests.PipelineCache.FingerprintCreatorTests" name="Fingerprint_ReservedFails" />
    </UnitTest>
    <UnitTest name="Test.L0.Plugin.TestGitCliManager.TestGitCliManagerL0.TestGetInternalGitPaths(gitFeatureFlagStatus: True)" storage="c:\users\ComputerName\src\test\bin\debug\net6\win-x64\test.dll" id="991a8d52-96a6-764b-f798-e79f0f5cd788">
      <Execution id="b4a329c0-4b30-40e1-b42e-1d5236a3afde" />
      <TestMethod codeBase="C:\Users\ComputerName\src\Test\bin\Debug\net6\win-x64\Test.dll" adapterTypeName="executor://xunit/VsTestRunner2" className="Test.L0.Plugin.TestGitCliManager.TestGitCliManagerL0" name="TestGetInternalGitPaths (82c332d9d9fd143cec4daea56feaba647ba393f6)" />
    </UnitTest>
    <UnitTest name="Microsoft.VisualStudio.Services.Agent.Tests.ServiceInterfacesL0.WorkerInterfacesSpecifyDefaultImplementation" storage="c:\users\ComputerName\src\test\bin\debug\net6\win-x64\test.dll" id="624df014-98f3-5090-7b8b-18c8e35fcc0c">
      <Execution id="2a6bc26f-65a9-4129-800f-6413acdb9423" />
      <TestMethod codeBase="C:\Users\ComputerName\src\Test\bin\Debug\net6\win-x64\Test.dll" adapterTypeName="executor://xunit/VsTestRunner2" className="Microsoft.VisualStudio.Services.Agent.Tests.ServiceInterfacesL0" name="WorkerInterfacesSpecifyDefaultImplementation" />
    </UnitTest>
    <UnitTest name="Microsoft.VisualStudio.Services.Agent.Tests.Worker.TestResults.ResultsCommandTests.Publish_NullTestResultFiles" storage="c:\users\ComputerName\src\test\bin\debug\net6\win-x64\test.dll" id="6f4b6be3-5bc5-43cb-66e9-d4700e7c6f70">
      <Execution id="a77de793-76a9-4789-a9d9-651f36478d21" />
      <TestMethod codeBase="C:\Users\ComputerName\src\Test\bin\Debug\net6\win-x64\Test.dll" adapterTypeName="executor://xunit/VsTestRunner2" className="Microsoft.VisualStudio.Services.Agent.Tests.Worker.TestResults.ResultsCommandTests" name="Publish_NullTestResultFiles" />
    </UnitTest>
    <UnitTest name="Microsoft.VisualStudio.Services.Agent.Tests.CommandSettingsL0.GetsCommandConfigure" storage="c:\users\ComputerName\src\test\bin\debug\net6\win-x64\test.dll" id="8ca3649a-55a5-5ca7-e3f0-4335d765846e">
      <Execution id="585d9920-71d8-478d-8b96-e244cf1ac1d8" />
      <TestMethod codeBase="C:\Users\ComputerName\src\Test\bin\Debug\net6\win-x64\Test.dll" adapterTypeName="executor://xunit/VsTestRunner2" className="Microsoft.VisualStudio.Services.Agent.Tests.CommandSettingsL0" name="GetsCommandConfigure" />
    </UnitTest>
    <UnitTest name="Microsoft.VisualStudio.Services.Agent.Tests.CommandSettingsL0.PromptsForProjectName" storage="c:\users\ComputerName\src\test\bin\debug\net6\win-x64\test.dll" id="fc7c7d58-96b7-e8fe-bd57-e59538dc337f">
      <Execution id="b458989d-d0c9-4941-bcd5-ff8e4fdf43e3" />
      <TestMethod codeBase="C:\Users\ComputerName\src\Test\bin\Debug\net6\win-x64\Test.dll" adapterTypeName="executor://xunit/VsTestRunner2" className="Microsoft.VisualStudio.Services.Agent.Tests.CommandSettingsL0" name="PromptsForProjectName" />
    </UnitTest>
    <UnitTest name="Microsoft.VisualStudio.Services.Agent.Tests.Listener.PagingLoggerL0.CalculateLineNumbersWithUpperCaseGroupTag" storage="c:\users\ComputerName\src\test\bin\debug\net6\win-x64\test.dll" id="08b05dce-cb2c-8cee-b5a8-c93df8c759e5">
      <Execution id="1e34b52f-d2e1-495c-ae67-15d0e98f0ce0" />
      <TestMethod codeBase="C:\Users\ComputerName\src\Test\bin\Debug\net6\win-x64\Test.dll" adapterTypeName="executor://xunit/VsTestRunner2" className="Microsoft.VisualStudio.Services.Agent.Tests.Listener.PagingLoggerL0" name="CalculateLineNumbersWithUpperCaseGroupTag" />
    </UnitTest>
    <UnitTest name="Microsoft.VisualStudio.Services.Agent.Tests.Worker.Release.JenkinsArtifactL0.CommitsShoulHaveUrlIfItsGitRepo" storage="c:\users\ComputerName\src\test\bin\debug\net6\win-x64\test.dll" id="becac56f-40a5-7d27-51e4-dd3d3d2c4f2b">
      <Execution id="c6b01c5d-5aa1-48df-8b40-83b20a8aaca7" />
      <TestMethod codeBase="C:\Users\ComputerName\src\Test\bin\Debug\net6\win-x64\Test.dll" adapterTypeName="executor://xunit/VsTestRunner2" className="Microsoft.VisualStudio.Services.Agent.Tests.Worker.Release.JenkinsArtifactL0" name="CommitsShoulHaveUrlIfItsGitRepo" />
    </UnitTest>
    <UnitTest name="Microsoft.VisualStudio.Services.Agent.Tests.CommandSettingsL0.ValidateCommands" storage="c:\users\ComputerName\src\test\bin\debug\net6\win-x64\test.dll" id="c2b09fdb-aee7-7097-659a-01ed7ca4daf5">
      <Execution id="2b89fde5-efe1-4107-9be8-e75d10e06d5a" />
      <TestMethod codeBase="C:\Users\ComputerName\src\Test\bin\Debug\net6\win-x64\Test.dll" adapterTypeName="executor://xunit/VsTestRunner2" className="Microsoft.VisualStudio.Services.Agent.Tests.CommandSettingsL0" name="ValidateCommands" />
    </UnitTest>
    <UnitTest name="Microsoft.VisualStudio.Services.Agent.Tests.Worker.Results.CTestResultReaderTests.VerifyLastTestCaseEndDateNotGreaterThanTestRunTotalTime" storage="c:\users\ComputerName\src\test\bin\debug\net6\win-x64\test.dll" id="6069f1fb-9fb0-4a18-d93e-19ebe41e3521">
      <Execution id="44ee7e20-c24f-46b6-bd5a-c0fb1c7e9ecf" />
      <TestMethod codeBase="C:\Users\ComputerName\src\Test\bin\Debug\net6\win-x64\Test.dll" adapterTypeName="executor://xunit/VsTestRunner2" className="Microsoft.VisualStudio.Services.Agent.Tests.Worker.Results.CTestResultReaderTests" name="VerifyLastTestCaseEndDateNotGreaterThanTestRunTotalTime" />
    </UnitTest>
    <UnitTest name="Microsoft.VisualStudio.Services.Agent.Tests.Worker.TestResults.JunitResultReaderTests.PublishBasicNestedJUnitResults" storage="c:\users\ComputerName\src\test\bin\debug\net6\win-x64\test.dll" id="61e73309-432c-0904-b94b-e6f9bc3dd8a1">
      <Execution id="9539e679-5acb-4101-83d7-e6a351a337a8" />
      <TestMethod codeBase="C:\Users\ComputerName\src\Test\bin\Debug\net6\win-x64\Test.dll" adapterTypeName="executor://xunit/VsTestRunner2" className="Microsoft.VisualStudio.Services.Agent.Tests.Worker.TestResults.JunitResultReaderTests" name="PublishBasicNestedJUnitResults" />
    </UnitTest>
    <UnitTest name="Test.L0.Plugin.TestResultParser.EnumerableExtensionL0.ListShouldBeBatchedAsPerRequestedSize" storage="c:\users\ComputerName\src\test\bin\debug\net6\win-x64\test.dll" id="9ca86ade-bc47-c8b4-a558-a8ec9ff934de">
      <Execution id="96bb3fe3-4f9f-4d07-8e96-05b6f63215c9" />
      <TestMethod codeBase="C:\Users\ComputerName\src\Test\bin\Debug\net6\win-x64\Test.dll" adapterTypeName="executor://xunit/VsTestRunner2" className="Test.L0.Plugin.TestResultParser.EnumerableExtensionL0" name="ListShouldBeBatchedAsPerRequestedSize" />
    </UnitTest>
    <UnitTest name="Microsoft.VisualStudio.Services.Agent.Tests.Worker.TestResults.JunitResultReaderTests.VerifyDurationAsSumOfAssemblyTimeWhenTimestampNotParseable" storage="c:\users\ComputerName\src\test\bin\debug\net6\win-x64\test.dll" id="d58318d9-eae7-be51-b5da-4114628cef12">
      <Execution id="7630ea6c-62ef-4554-bef4-e2ec5e2de3ee" />
      <TestMethod codeBase="C:\Users\ComputerName\src\Test\bin\Debug\net6\win-x64\Test.dll" adapterTypeName="executor://xunit/VsTestRunner2" className="Microsoft.VisualStudio.Services.Agent.Tests.Worker.TestResults.JunitResultReaderTests" name="VerifyDurationAsSumOfAssemblyTimeWhenTimestampNotParseable" />
    </UnitTest>
    <UnitTest name="Microsoft.VisualStudio.Services.Agent.Tests.Worker.TestResults.NunitResultReaderTests.PublishNUnit3ResultsWhenThereIsNoBuild" storage="c:\users\ComputerName\src\test\bin\debug\net6\win-x64\test.dll" id="27afcb2b-d122-61ff-7940-ea9577409ddb">
      <Execution id="38067d28-1017-44f7-b132-a7914b30f844" />
      <TestMethod codeBase="C:\Users\ComputerName\src\Test\bin\Debug\net6\win-x64\Test.dll" adapterTypeName="executor://xunit/VsTestRunner2" className="Microsoft.VisualStudio.Services.Agent.Tests.Worker.TestResults.NunitResultReaderTests" name="PublishNUnit3ResultsWhenThereIsNoBuild" />
    </UnitTest>
    <UnitTest name="Test.L0.Plugin.TestResultParser.PipelineTestRunPublisherL0.PipelineTestRunPublisher_PublishTestRun_ForBatchedResults" storage="c:\users\ComputerName\src\test\bin\debug\net6\win-x64\test.dll" id="267fe64e-7307-1968-9c1f-55e59202a962">
      <Execution id="84ca8e52-8c6e-4bf3-9e17-d1b07eda285b" />
      <TestMethod codeBase="C:\Users\ComputerName\src\Test\bin\Debug\net6\win-x64\Test.dll" adapterTypeName="executor://xunit/VsTestRunner2" className="Test.L0.Plugin.TestResultParser.PipelineTestRunPublisherL0" name="PipelineTestRunPublisher_PublishTestRun_ForBatchedResults" />
    </UnitTest>
    <UnitTest name="Microsoft.VisualStudio.Services.Agent.Tests.Worker.TestResults.NunitResultReaderTests.VerifyStartDateIsEmptyWhenNoRunTimeIsAvailable" storage="c:\users\ComputerName\src\test\bin\debug\net6\win-x64\test.dll" id="16a142a3-f1f1-31f7-1cb7-543846fb658e">
      <Execution id="357d5669-dfee-4a80-bfdc-c2b9c9a39931" />
      <TestMethod codeBase="C:\Users\ComputerName\src\Test\bin\Debug\net6\win-x64\Test.dll" adapterTypeName="executor://xunit/VsTestRunner2" className="Microsoft.VisualStudio.Services.Agent.Tests.Worker.TestResults.NunitResultReaderTests" name="VerifyStartDateIsEmptyWhenNoRunTimeIsAvailable" />
    </UnitTest>
    <UnitTest name="Microsoft.VisualStudio.Services.Agent.Tests.Listener.UserCapabilitiesProviderTestL0.TestGetCapabilitiesWithDotCapabilities" storage="c:\users\ComputerName\src\test\bin\debug\net6\win-x64\test.dll" id="6face593-1535-4097-15b0-32e158fa0c45">
      <Execution id="f4b66eb3-6878-404c-9fbf-41237abbe5eb" />
      <TestMethod codeBase="C:\Users\ComputerName\src\Test\bin\Debug\net6\win-x64\Test.dll" adapterTypeName="executor://xunit/VsTestRunner2" className="Microsoft.VisualStudio.Services.Agent.Tests.Listener.UserCapabilitiesProviderTestL0" name="TestGetCapabilitiesWithDotCapabilities" />
    </UnitTest>
    <UnitTest name="Microsoft.VisualStudio.Services.Agent.Tests.Worker.CodeCoverage.CodeCoverageUtilitiesTests.CopyFilesWithDirectoryStructureWhenFilesWithDifferentNamesAreGiven" storage="c:\users\ComputerName\src\test\bin\debug\net6\win-x64\test.dll" id="b07c4669-e1f8-5a3d-5868-9be01eae1f0b">
      <Execution id="aa320789-a446-421c-8cad-c327ac28514d" />
      <TestMethod codeBase="C:\Users\ComputerName\src\Test\bin\Debug\net6\win-x64\Test.dll" adapterTypeName="executor://xunit/VsTestRunner2" className="Microsoft.VisualStudio.Services.Agent.Tests.Worker.CodeCoverage.CodeCoverageUtilitiesTests" name="CopyFilesWithDirectoryStructureWhenFilesWithDifferentNamesAreGiven" />
    </UnitTest>
    <UnitTest name="Microsoft.VisualStudio.Services.Agent.Tests.Worker.ExpressionManagerL0.SucceededFunction" storage="c:\users\ComputerName\src\test\bin\debug\net6\win-x64\test.dll" id="d7c53e69-b940-71f8-ae5c-c4e310a70b8c">
      <Execution id="5a8d9005-f2a7-4e29-8921-939d4393782c" />
      <TestMethod codeBase="C:\Users\ComputerName\src\Test\bin\Debug\net6\win-x64\Test.dll" adapterTypeName="executor://xunit/VsTestRunner2" className="Microsoft.VisualStudio.Services.Agent.Tests.Worker.ExpressionManagerL0" name="SucceededFunction" />
    </UnitTest>
    <UnitTest name="Test.L0.Plugin.TestResultParser.PipelineTestRunPublisherL0.PipelineTestRunPublisher_PublishTestRun" storage="c:\users\ComputerName\src\test\bin\debug\net6\win-x64\test.dll" id="efa1ab7c-fe24-2c36-47ee-07800b65ac08">
      <Execution id="804867c4-63b2-4090-8ee3-4f2895d3f779" />
      <TestMethod codeBase="C:\Users\ComputerName\src\Test\bin\Debug\net6\win-x64\Test.dll" adapterTypeName="executor://xunit/VsTestRunner2" className="Test.L0.Plugin.TestResultParser.PipelineTestRunPublisherL0" name="PipelineTestRunPublisher_PublishTestRun" />
    </UnitTest>
    <UnitTest name="Microsoft.VisualStudio.Services.Agent.Tests.Worker.ExecutionContextL0.TranslatePathForStepTarget_should_convert_path_only_for_containers(isCheckout: False, jobTarget: null, stepTarget: &quot;container&quot;)" storage="c:\users\ComputerName\src\test\bin\debug\net6\win-x64\test.dll" id="96ab011f-bbe7-8dd5-0990-efcff3206787">
      <Execution id="820aa949-8792-42ed-9639-dd84ba3970cc" />
      <TestMethod codeBase="C:\Users\ComputerName\src\Test\bin\Debug\net6\win-x64\Test.dll" adapterTypeName="executor://xunit/VsTestRunner2" className="Microsoft.VisualStudio.Services.Agent.Tests.Worker.ExecutionContextL0" name="TranslatePathForStepTarget_should_convert_path_only_for_containers (b76f890e306c2695c700272846f008155130cd6a)" />
    </UnitTest>
    <UnitTest name="Microsoft.VisualStudio.Services.Agent.Tests.CommandSettingsL0.GetsFlagRunAsService" storage="c:\users\ComputerName\src\test\bin\debug\net6\win-x64\test.dll" id="e12d1e7e-1346-3e44-59ab-4d726f9fcd6c">
      <Execution id="0b2db683-77f4-4691-bd2f-6a049085cfaf" />
      <TestMethod codeBase="C:\Users\ComputerName\src\Test\bin\Debug\net6\win-x64\Test.dll" adapterTypeName="executor://xunit/VsTestRunner2" className="Microsoft.VisualStudio.Services.Agent.Tests.CommandSettingsL0" name="GetsFlagRunAsService" />
    </UnitTest>
    <UnitTest name="Microsoft.VisualStudio.Services.Agent.Tests.Listener.AgentL0.TestExitsIfUnconfigured" storage="c:\users\ComputerName\src\test\bin\debug\net6\win-x64\test.dll" id="8b49b490-b13d-5345-316e-3291bfe20372">
      <Execution id="e6d2816b-837e-4d31-81b2-c919e5ebe1c5" />
      <TestMethod codeBase="C:\Users\ComputerName\src\Test\bin\Debug\net6\win-x64\Test.dll" adapterTypeName="executor://xunit/VsTestRunner2" className="Microsoft.VisualStudio.Services.Agent.Tests.Listener.AgentL0" name="TestExitsIfUnconfigured" />
    </UnitTest>
    <UnitTest name="Microsoft.VisualStudio.Services.Agent.Tests.PipelineCache.FingerprintCreatorTests.Fingerprint_FileAbsolute" storage="c:\users\ComputerName\src\test\bin\debug\net6\win-x64\test.dll" id="9e9a3bc4-2bbd-1fe9-67af-a6f9adb5f6e1">
      <Execution id="820ac198-8384-4806-9b3c-c86404ad6560" />
      <TestMethod codeBase="C:\Users\ComputerName\src\Test\bin\Debug\net6\win-x64\Test.dll" adapterTypeName="executor://xunit/VsTestRunner2" className="Microsoft.VisualStudio.Services.Agent.Tests.PipelineCache.FingerprintCreatorTests" name="Fingerprint_FileAbsolute" />
    </UnitTest>
    <UnitTest name="Microsoft.VisualStudio.Services.Agent.Tests.Listener.AgentL0.TestInfoArgumentsCLI(arg: &quot;--commit&quot;, expected: 0)" storage="c:\users\ComputerName\src\test\bin\debug\net6\win-x64\test.dll" id="998724ef-e14a-b354-9fc7-7b81deecc5ea">
      <Execution id="f18dc408-d507-4263-a943-db60a26c451b" />
      <TestMethod codeBase="C:\Users\ComputerName\src\Test\bin\Debug\net6\win-x64\Test.dll" adapterTypeName="executor://xunit/VsTestRunner2" className="Microsoft.VisualStudio.Services.Agent.Tests.Listener.AgentL0" name="TestInfoArgumentsCLI (6920ac1e9051046d30c16910a6bdb61953375ce1)" />
    </UnitTest>
    <UnitTest name="Microsoft.VisualStudio.Services.Agent.Tests.Worker.Release.JenkinsArtifactL0.JenkinsRollbackCommitsShouldBeFetched" storage="c:\users\ComputerName\src\test\bin\debug\net6\win-x64\test.dll" id="356b32f7-0650-656e-bd0f-2ccb6788b727">
      <Execution id="892d6817-92d2-4256-964f-41d5317d65b5" />
      <TestMethod codeBase="C:\Users\ComputerName\src\Test\bin\Debug\net6\win-x64\Test.dll" adapterTypeName="executor://xunit/VsTestRunner2" className="Microsoft.VisualStudio.Services.Agent.Tests.Worker.Release.JenkinsArtifactL0" name="JenkinsRollbackCommitsShouldBeFetched" />
    </UnitTest>
    <UnitTest name="Test.L0.Plugin.TestFilePublisher.TestFilePublisherLogPluginL0.TestFilePublisherLogPlugin_DisableForInvalidBuildContext" storage="c:\users\ComputerName\src\test\bin\debug\net6\win-x64\test.dll" id="d2c09644-1c2e-b78d-0087-b1032231944e">
      <Execution id="b966d4ba-5a5b-4c9b-83f5-da277f6bbc7a" />
      <TestMethod codeBase="C:\Users\ComputerName\src\Test\bin\Debug\net6\win-x64\Test.dll" adapterTypeName="executor://xunit/VsTestRunner2" className="Test.L0.Plugin.TestFilePublisher.TestFilePublisherLogPluginL0" name="TestFilePublisherLogPlugin_DisableForInvalidBuildContext" />
    </UnitTest>
    <UnitTest name="Test.L0.Worker.PluginInternalUpdateRepositoryPathCommandL0.Execute_should_set_paths_appropriately_for_self_repo" storage="c:\users\ComputerName\src\test\bin\debug\net6\win-x64\test.dll" id="f76634b8-0cce-39eb-c1a5-b3232426b99c">
      <Execution id="ec46b830-6d32-4ba3-9134-c809812459b7" />
      <TestMethod codeBase="C:\Users\ComputerName\src\Test\bin\Debug\net6\win-x64\Test.dll" adapterTypeName="executor://xunit/VsTestRunner2" className="Test.L0.Worker.PluginInternalUpdateRepositoryPathCommandL0" name="Execute_should_set_paths_appropriately_for_self_repo" />
    </UnitTest>
    <UnitTest name="Microsoft.VisualStudio.Services.Agent.Tests.Worker.Build.TfsVCSourceProvider_WorkspaceUtilL0.DoesNotMatch_WorkspaceName" storage="c:\users\ComputerName\src\test\bin\debug\net6\win-x64\test.dll" id="06b658cd-03e4-17b8-802a-1eefb78c8f81">
      <Execution id="ea5eee69-db83-4f7d-8b31-6d5836076adf" />
      <TestMethod codeBase="C:\Users\ComputerName\src\Test\bin\Debug\net6\win-x64\Test.dll" adapterTypeName="executor://xunit/VsTestRunner2" className="Microsoft.VisualStudio.Services.Agent.Tests.Worker.Build.TfsVCSourceProvider_WorkspaceUtilL0" name="DoesNotMatch_WorkspaceName" />
    </UnitTest>
    <UnitTest name="Microsoft.VisualStudio.Services.Agent.Tests.Worker.TaskRunnerL0.GetHandlerContainerTargetTests" storage="c:\users\ComputerName\src\test\bin\debug\net6\win-x64\test.dll" id="950aae1c-0ad0-9165-2b37-8529ebafb9f7">
      <Execution id="79182634-4c82-41c4-b04d-d7b124976de2" />
      <TestMethod codeBase="C:\Users\ComputerName\src\Test\bin\Debug\net6\win-x64\Test.dll" adapterTypeName="executor://xunit/VsTestRunner2" className="Microsoft.VisualStudio.Services.Agent.Tests.Worker.TaskRunnerL0" name="GetHandlerContainerTargetTests" />
    </UnitTest>
    <UnitTest name="Microsoft.VisualStudio.Services.Agent.Tests.ProcessExtensionL0.SuccessReadProcessEnv" storage="c:\users\ComputerName\src\test\bin\debug\net6\win-x64\test.dll" id="c435a49b-4a2e-9a0f-44b5-b675a60746bd">
      <Execution id="7948ecf2-f9c9-4fee-a9b7-e1a62f830d9f" />
      <TestMethod codeBase="C:\Users\ComputerName\src\Test\bin\Debug\net6\win-x64\Test.dll" adapterTypeName="executor://xunit/VsTestRunner2" className="Microsoft.VisualStudio.Services.Agent.Tests.ProcessExtensionL0" name="SuccessReadProcessEnv" />
    </UnitTest>
    <UnitTest name="Microsoft.VisualStudio.Services.Agent.Tests.SecretMaskerL0.SecretMaskerTests_Encoder_BackslashEscape" storage="c:\users\ComputerName\src\test\bin\debug\net6\win-x64\test.dll" id="1fed4f26-f7f9-4599-7509-fdd286f2c86e">
      <Execution id="111e2e9c-64d0-4bf1-88f5-5dd70d4d8319" />
      <TestMethod codeBase="C:\Users\ComputerName\src\Test\bin\Debug\net6\win-x64\Test.dll" adapterTypeName="executor://xunit/VsTestRunner2" className="Microsoft.VisualStudio.Services.Agent.Tests.SecretMaskerL0" name="SecretMaskerTests_Encoder_BackslashEscape" />
    </UnitTest>
    <UnitTest name="Microsoft.VisualStudio.Services.Agent.Tests.LogPluginHost.LogPluginHostL0.LogPluginHost_HandleProxyConfig" storage="c:\users\ComputerName\src\test\bin\debug\net6\win-x64\test.dll" id="9bfd8315-da2b-67bc-985a-90b7eb15910d">
      <Execution id="af367fb2-75b7-4a53-a51f-6486a7c750c0" />
      <TestMethod codeBase="C:\Users\ComputerName\src\Test\bin\Debug\net6\win-x64\Test.dll" adapterTypeName="executor://xunit/VsTestRunner2" className="Microsoft.VisualStudio.Services.Agent.Tests.LogPluginHost.LogPluginHostL0" name="LogPluginHost_HandleProxyConfig" />
    </UnitTest>
    <UnitTest name="Microsoft.VisualStudio.Services.Agent.Tests.Worker.TaskCommandExtensionL0.IssueSourceValidationFailedBecauseCorrelationIdWasAbsent" storage="c:\users\ComputerName\src\test\bin\debug\net6\win-x64\test.dll" id="82d69007-24ca-b3f0-3f84-eb94a94f0951">
      <Execution id="18a0dd6b-7731-4149-ac63-cce1eaa5505b" />
      <TestMethod codeBase="C:\Users\ComputerName\src\Test\bin\Debug\net6\win-x64\Test.dll" adapterTypeName="executor://xunit/VsTestRunner2" className="Microsoft.VisualStudio.Services.Agent.Tests.Worker.TaskCommandExtensionL0" name="IssueSourceValidationFailedBecauseCorrelationIdWasAbsent" />
    </UnitTest>
    <UnitTest name="Microsoft.VisualStudio.Services.Agent.Tests.SecretMaskerL0.SecretMaskerTests_NotAddShortEncodedSecrets" storage="c:\users\ComputerName\src\test\bin\debug\net6\win-x64\test.dll" id="5e4828b2-9493-9e8b-b647-fbad68208946">
      <Execution id="43d4391e-d76c-4f32-9937-b427e71135ae" />
      <TestMethod codeBase="C:\Users\ComputerName\src\Test\bin\Debug\net6\win-x64\Test.dll" adapterTypeName="executor://xunit/VsTestRunner2" className="Microsoft.VisualStudio.Services.Agent.Tests.SecretMaskerL0" name="SecretMaskerTests_NotAddShortEncodedSecrets" />
    </UnitTest>
    <UnitTest name="Microsoft.VisualStudio.Services.Agent.Tests.Worker.Build.BuildDirectoryManagerL0.UpdateDirectory_AllowWorkingDirectoryRepositories" storage="c:\users\ComputerName\src\test\bin\debug\net6\win-x64\test.dll" id="bd5e9ce5-7690-7cb7-9796-a670160547af">
      <Execution id="b5445d60-28be-434d-a485-c99d8c1974cc" />
      <TestMethod codeBase="C:\Users\ComputerName\src\Test\bin\Debug\net6\win-x64\Test.dll" adapterTypeName="executor://xunit/VsTestRunner2" className="Microsoft.VisualStudio.Services.Agent.Tests.Worker.Build.BuildDirectoryManagerL0" name="UpdateDirectory_AllowWorkingDirectoryRepositories" />
    </UnitTest>
    <UnitTest name="Microsoft.VisualStudio.Services.Agent.Tests.Worker.TaskManagerL0.DeserializesPlatformSupportedHandlersOnly" storage="c:\users\ComputerName\src\test\bin\debug\net6\win-x64\test.dll" id="1d7316b2-9e8d-42cf-dd10-0a4a826a840f">
      <Execution id="c42d525a-0972-431f-af7d-a787e7d65ddc" />
      <TestMethod codeBase="C:\Users\ComputerName\src\Test\bin\Debug\net6\win-x64\Test.dll" adapterTypeName="executor://xunit/VsTestRunner2" className="Microsoft.VisualStudio.Services.Agent.Tests.Worker.TaskManagerL0" name="DeserializesPlatformSupportedHandlersOnly" />
    </UnitTest>
    <UnitTest name="Microsoft.VisualStudio.Services.Agent.Tests.Worker.Build.TfsVCSourceProviderL0.InterpretsSingleLevel" storage="c:\users\ComputerName\src\test\bin\debug\net6\win-x64\test.dll" id="07fa9252-b4f1-0f20-eb9c-df982688b64d">
      <Execution id="d87d4499-c483-409d-b48a-a433876bd403" />
      <TestMethod codeBase="C:\Users\ComputerName\src\Test\bin\Debug\net6\win-x64\Test.dll" adapterTypeName="executor://xunit/VsTestRunner2" className="Microsoft.VisualStudio.Services.Agent.Tests.Worker.Build.TfsVCSourceProviderL0" name="InterpretsSingleLevel" />
    </UnitTest>
    <UnitTest name="Microsoft.VisualStudio.Services.Agent.Tests.Worker.Build.TfsVCSourceProvider_WorkspaceUtilL0.DoesNotMatch_Map_Recursive" storage="c:\users\ComputerName\src\test\bin\debug\net6\win-x64\test.dll" id="55e0032f-922f-0304-97b9-a2ce56fab20f">
      <Execution id="679f1d4e-5d14-4ba0-9f70-3e87cc5d5751" />
      <TestMethod codeBase="C:\Users\ComputerName\src\Test\bin\Debug\net6\win-x64\Test.dll" adapterTypeName="executor://xunit/VsTestRunner2" className="Microsoft.VisualStudio.Services.Agent.Tests.Worker.Build.TfsVCSourceProvider_WorkspaceUtilL0" name="DoesNotMatch_Map_Recursive" />
    </UnitTest>
    <UnitTest name="Microsoft.VisualStudio.Services.Agent.Tests.Worker.VariablesL0.Constructor_ExpandsValueWithConsecutiveMacros" storage="c:\users\ComputerName\src\test\bin\debug\net6\win-x64\test.dll" id="84306ba9-f0b4-49cb-93d3-a26da2c7ec7e">
      <Execution id="80c7d010-73bb-47b5-b09a-42ed56abec51" />
      <TestMethod codeBase="C:\Users\ComputerName\src\Test\bin\Debug\net6\win-x64\Test.dll" adapterTypeName="executor://xunit/VsTestRunner2" className="Microsoft.VisualStudio.Services.Agent.Tests.Worker.VariablesL0" name="Constructor_ExpandsValueWithConsecutiveMacros" />
    </UnitTest>
    <UnitTest name="Microsoft.VisualStudio.Services.Agent.Tests.Util.IOUtilL0.ValidateExecutePermission_DoesNotExceedFailsafe" storage="c:\users\ComputerName\src\test\bin\debug\net6\win-x64\test.dll" id="47846aba-1d03-2bb3-edc5-230ded063c9b">
      <Execution id="9da8e885-ac8c-4da8-9482-760a0ecf93dc" />
      <TestMethod codeBase="C:\Users\ComputerName\src\Test\bin\Debug\net6\win-x64\Test.dll" adapterTypeName="executor://xunit/VsTestRunner2" className="Microsoft.VisualStudio.Services.Agent.Tests.Util.IOUtilL0" name="ValidateExecutePermission_DoesNotExceedFailsafe" />
    </UnitTest>
    <UnitTest name="Microsoft.VisualStudio.Services.Agent.Tests.Worker.TestResults.NunitResultReaderTests.CustomRunTitleIsHonouredEvenIfXmlHasTitle" storage="c:\users\ComputerName\src\test\bin\debug\net6\win-x64\test.dll" id="94db58ca-3939-1cb2-e2d2-09a0e07b6b70">
      <Execution id="5aeef567-c032-4dd6-9b0c-6d63eec5abee" />
      <TestMethod codeBase="C:\Users\ComputerName\src\Test\bin\Debug\net6\win-x64\Test.dll" adapterTypeName="executor://xunit/VsTestRunner2" className="Microsoft.VisualStudio.Services.Agent.Tests.Worker.TestResults.NunitResultReaderTests" name="CustomRunTitleIsHonouredEvenIfXmlHasTitle" />
    </UnitTest>
    <UnitTest name="Microsoft.VisualStudio.Services.Agent.Tests.Worker.TestResults.NunitResultReaderTests.CheckDurationIsSetToZeroIfNegative" storage="c:\users\ComputerName\src\test\bin\debug\net6\win-x64\test.dll" id="75c58202-7455-7227-9d0e-3dedf5ef60ec">
      <Execution id="ea03f6e6-03db-4605-90f9-7ca09ac4acff" />
      <TestMethod codeBase="C:\Users\ComputerName\src\Test\bin\Debug\net6\win-x64\Test.dll" adapterTypeName="executor://xunit/VsTestRunner2" className="Microsoft.VisualStudio.Services.Agent.Tests.Worker.TestResults.NunitResultReaderTests" name="CheckDurationIsSetToZeroIfNegative" />
    </UnitTest>
    <UnitTest name="Microsoft.VisualStudio.Services.Agent.Tests.Worker.VariablesL0.IsReadOnly_RespectsUserReadOnlyVariables" storage="c:\users\ComputerName\src\test\bin\debug\net6\win-x64\test.dll" id="03e56dc6-10dc-c5a9-9314-c2bb63a6f4d7">
      <Execution id="b8c2aa98-7235-4bcb-b67e-2b7d0b69d0ba" />
      <TestMethod codeBase="C:\Users\ComputerName\src\Test\bin\Debug\net6\win-x64\Test.dll" adapterTypeName="executor://xunit/VsTestRunner2" className="Microsoft.VisualStudio.Services.Agent.Tests.Worker.VariablesL0" name="IsReadOnly_RespectsUserReadOnlyVariables" />
    </UnitTest>
    <UnitTest name="Microsoft.VisualStudio.Services.Agent.Tests.Worker.TestResults.NunitResultReaderTests.PublishBasicNUnitResultsSkipsAddingResultsFileWhenFlagged" storage="c:\users\ComputerName\src\test\bin\debug\net6\win-x64\test.dll" id="1d062911-72c1-9fc2-581a-4bd08f7ea52c">
      <Execution id="208898d3-3382-4982-87e7-d529c0ef6a23" />
      <TestMethod codeBase="C:\Users\ComputerName\src\Test\bin\Debug\net6\win-x64\Test.dll" adapterTypeName="executor://xunit/VsTestRunner2" className="Microsoft.VisualStudio.Services.Agent.Tests.Worker.TestResults.NunitResultReaderTests" name="PublishBasicNUnitResultsSkipsAddingResultsFileWhenFlagged" />
    </UnitTest>
    <UnitTest name="Microsoft.VisualStudio.Services.Agent.Tests.Worker.Build.TfsVCSourceProvider_WorkspaceUtilL0.Matches" storage="c:\users\ComputerName\src\test\bin\debug\net6\win-x64\test.dll" id="aff02942-e3ea-b51b-de59-4ba0097947f3">
      <Execution id="fd284e33-c315-48b1-9a59-bee0efbe1156" />
      <TestMethod codeBase="C:\Users\ComputerName\src\Test\bin\Debug\net6\win-x64\Test.dll" adapterTypeName="executor://xunit/VsTestRunner2" className="Microsoft.VisualStudio.Services.Agent.Tests.Worker.Build.TfsVCSourceProvider_WorkspaceUtilL0" name="Matches" />
    </UnitTest>
    <UnitTest name="Microsoft.VisualStudio.Services.Agent.Tests.Worker.ExecutionContextL0.InitializeJob_should_set_JobSettings_multicheckout" storage="c:\users\ComputerName\src\test\bin\debug\net6\win-x64\test.dll" id="481ae223-b570-1660-98ed-d1139f03230e">
      <Execution id="b616f07b-d7fb-4f42-b190-778835843f10" />
      <TestMethod codeBase="C:\Users\ComputerName\src\Test\bin\Debug\net6\win-x64\Test.dll" adapterTypeName="executor://xunit/VsTestRunner2" className="Microsoft.VisualStudio.Services.Agent.Tests.Worker.ExecutionContextL0" name="InitializeJob_should_set_JobSettings_multicheckout" />
    </UnitTest>
    <UnitTest name="Microsoft.VisualStudio.Services.Agent.Tests.Util.IOUtilL0.DeleteDirectory_DoesNotFollowNestLevel2DirectoryReparsePoint" storage="c:\users\ComputerName\src\test\bin\debug\net6\win-x64\test.dll" id="f21cc8fb-3afc-d840-fc71-653d72ca920c">
      <Execution id="4a7d8528-ed00-4811-a4ff-d49baf95c64d" />
      <TestMethod codeBase="C:\Users\ComputerName\src\Test\bin\Debug\net6\win-x64\Test.dll" adapterTypeName="executor://xunit/VsTestRunner2" className="Microsoft.VisualStudio.Services.Agent.Tests.Util.IOUtilL0" name="DeleteDirectory_DoesNotFollowNestLevel2DirectoryReparsePoint" />
    </UnitTest>
    <UnitTest name="Microsoft.VisualStudio.Services.Agent.Tests.Listener.AgentL0.TestExecuteCommandForRunAsService" storage="c:\users\ComputerName\src\test\bin\debug\net6\win-x64\test.dll" id="286e2e1d-bd8b-8bd0-2f7b-f25ce5ac8be3">
      <Execution id="a87e5298-52b1-4b5a-8711-ac33770965f2" />
      <TestMethod codeBase="C:\Users\ComputerName\src\Test\bin\Debug\net6\win-x64\Test.dll" adapterTypeName="executor://xunit/VsTestRunner2" className="Microsoft.VisualStudio.Services.Agent.Tests.Listener.AgentL0" name="TestExecuteCommandForRunAsService" />
    </UnitTest>
    <UnitTest name="Microsoft.VisualStudio.Services.Agent.Tests.Listener.Configuration.ConfigurationManagerL0.CanEnsureMachineGroupAgentConfigureVSTSScenarioWithTags" storage="c:\users\ComputerName\src\test\bin\debug\net6\win-x64\test.dll" id="9018cdf7-a2e2-2fde-7eff-c4b9746a519b">
      <Execution id="6e3c036b-8e1d-4c90-98c9-590a3fc6be35" />
      <TestMethod codeBase="C:\Users\ComputerName\src\Test\bin\Debug\net6\win-x64\Test.dll" adapterTypeName="executor://xunit/VsTestRunner2" className="Microsoft.VisualStudio.Services.Agent.Tests.Listener.Configuration.ConfigurationManagerL0" name="CanEnsureMachineGroupAgentConfigureVSTSScenarioWithTags" />
    </UnitTest>
    <UnitTest name="Microsoft.VisualStudio.Services.Agent.Tests.Worker.TestResults.TrxReaderTests.ResultsWithoutTestNamesAreSkipped" storage="c:\users\ComputerName\src\test\bin\debug\net6\win-x64\test.dll" id="7aa1187e-7035-e522-903a-3cf69868db45">
      <Execution id="2b833026-02a3-46cf-9282-bad4519711f5" />
      <TestMethod codeBase="C:\Users\ComputerName\src\Test\bin\Debug\net6\win-x64\Test.dll" adapterTypeName="executor://xunit/VsTestRunner2" className="Microsoft.VisualStudio.Services.Agent.Tests.Worker.TestResults.TrxReaderTests" name="ResultsWithoutTestNamesAreSkipped" />
    </UnitTest>
    <UnitTest name="Microsoft.VisualStudio.Services.Agent.Tests.Worker.Release.ReleaseJobExtensionL0.PreapreAsyncShouldInitializeAgentIfSkipArtifactDownloadIsTrue" storage="c:\users\ComputerName\src\test\bin\debug\net6\win-x64\test.dll" id="0af62556-bc01-8941-7d5b-8307e0e0b9fb">
      <Execution id="53a5bf5d-463d-4e79-9717-b2545b773178" />
      <TestMethod codeBase="C:\Users\ComputerName\src\Test\bin\Debug\net6\win-x64\Test.dll" adapterTypeName="executor://xunit/VsTestRunner2" className="Microsoft.VisualStudio.Services.Agent.Tests.Worker.Release.ReleaseJobExtensionL0" name="PreapreAsyncShouldInitializeAgentIfSkipArtifactDownloadIsTrue" />
    </UnitTest>
    <UnitTest name="Microsoft.VisualStudio.Services.Agent.Tests.Worker.TestResults.JunitResultReaderTests.VerifyDurationsCalculationsInDifferentCulture" storage="c:\users\ComputerName\src\test\bin\debug\net6\win-x64\test.dll" id="f1d073e7-9bbb-9bd1-8d7e-7fb9867a74fc">
      <Execution id="0448ba24-74af-4313-aa2b-a8fcb3977e4e" />
      <TestMethod codeBase="C:\Users\ComputerName\src\Test\bin\Debug\net6\win-x64\Test.dll" adapterTypeName="executor://xunit/VsTestRunner2" className="Microsoft.VisualStudio.Services.Agent.Tests.Worker.TestResults.JunitResultReaderTests" name="VerifyDurationsCalculationsInDifferentCulture" />
    </UnitTest>
    <UnitTest name="Microsoft.VisualStudio.Services.Agent.Tests.Worker.TestResults.XUnitResultReaderTests.PublishBasicXUnitResultsAddsResultsFileByDefault" storage="c:\users\ComputerName\src\test\bin\debug\net6\win-x64\test.dll" id="3ded5e63-5328-5b2a-6aaf-a10157c1d1ca">
      <Execution id="a8f1695b-71d1-4cd4-b713-66a2839e8a0f" />
      <TestMethod codeBase="C:\Users\ComputerName\src\Test\bin\Debug\net6\win-x64\Test.dll" adapterTypeName="executor://xunit/VsTestRunner2" className="Microsoft.VisualStudio.Services.Agent.Tests.Worker.TestResults.XUnitResultReaderTests" name="PublishBasicXUnitResultsAddsResultsFileByDefault" />
    </UnitTest>
    <UnitTest name="Microsoft.VisualStudio.Services.Agent.Tests.Worker.TestResults.JunitResultReaderTests.VerifyPublishingStandardLogs" storage="c:\users\ComputerName\src\test\bin\debug\net6\win-x64\test.dll" id="24727710-2fb3-cb7c-1ad8-686468fd18e6">
      <Execution id="b86003bd-4a84-494a-88a7-160b26cc5483" />
      <TestMethod codeBase="C:\Users\ComputerName\src\Test\bin\Debug\net6\win-x64\Test.dll" adapterTypeName="executor://xunit/VsTestRunner2" className="Microsoft.VisualStudio.Services.Agent.Tests.Worker.TestResults.JunitResultReaderTests" name="VerifyPublishingStandardLogs" />
    </UnitTest>
    <UnitTest name="Microsoft.VisualStudio.Services.Agent.Tests.Listener.PipelineParserL0.MaxObjectDepth_Mapping" storage="c:\users\ComputerName\src\test\bin\debug\net6\win-x64\test.dll" id="914cbc0f-2f5d-785a-bd09-aadeb85cd72f">
      <Execution id="3da61c0e-688b-41b0-baa6-d7c9c6b70608" />
      <TestMethod codeBase="C:\Users\ComputerName\src\Test\bin\Debug\net6\win-x64\Test.dll" adapterTypeName="executor://xunit/VsTestRunner2" className="Microsoft.VisualStudio.Services.Agent.Tests.Listener.PipelineParserL0" name="MaxObjectDepth_Mapping" />
    </UnitTest>
    <UnitTest name="Microsoft.VisualStudio.Services.Agent.Tests.PipelineCache.FingerprintCreatorTests.ParseSingleLineAsNew" storage="c:\users\ComputerName\src\test\bin\debug\net6\win-x64\test.dll" id="a1d71fc8-66a9-3167-ad62-c020987c74fa">
      <Execution id="2f4c0b36-aabc-40be-b373-9d1eea4bd985" />
      <TestMethod codeBase="C:\Users\ComputerName\src\Test\bin\Debug\net6\win-x64\Test.dll" adapterTypeName="executor://xunit/VsTestRunner2" className="Microsoft.VisualStudio.Services.Agent.Tests.PipelineCache.FingerprintCreatorTests" name="ParseSingleLineAsNew" />
    </UnitTest>
    <UnitTest name="Microsoft.VisualStudio.Services.Agent.Tests.Worker.TaskManagerL0.LoadsDefinition" storage="c:\users\ComputerName\src\test\bin\debug\net6\win-x64\test.dll" id="e322a1b9-c248-7fd9-9980-0561a2970106">
      <Execution id="b09fa93f-440f-44fd-b71c-5856cf041984" />
      <TestMethod codeBase="C:\Users\ComputerName\src\Test\bin\Debug\net6\win-x64\Test.dll" adapterTypeName="executor://xunit/VsTestRunner2" className="Microsoft.VisualStudio.Services.Agent.Tests.Worker.TaskManagerL0" name="LoadsDefinition" />
    </UnitTest>
    <UnitTest name="Microsoft.VisualStudio.Services.Agent.Tests.KnobL0.HasAgentKnobs" storage="c:\users\ComputerName\src\test\bin\debug\net6\win-x64\test.dll" id="48167dfd-39f9-c9a1-f086-a5005282569f">
      <Execution id="dd0a776e-8612-49b8-a9ac-675d6bdb5185" />
      <TestMethod codeBase="C:\Users\ComputerName\src\Test\bin\Debug\net6\win-x64\Test.dll" adapterTypeName="executor://xunit/VsTestRunner2" className="Microsoft.VisualStudio.Services.Agent.Tests.KnobL0" name="HasAgentKnobs" />
    </UnitTest>
    <UnitTest name="Microsoft.VisualStudio.Services.Agent.Tests.Worker.ExecutionContextL0.StepTarget_LoadStepContainersWithoutJobContainer" storage="c:\users\ComputerName\src\test\bin\debug\net6\win-x64\test.dll" id="d155fea3-8fd1-be4c-6469-10d0bf8c60a2">
      <Execution id="ca36f08b-bc70-47c1-bede-4e860d62955b" />
      <TestMethod codeBase="C:\Users\ComputerName\src\Test\bin\Debug\net6\win-x64\Test.dll" adapterTypeName="executor://xunit/VsTestRunner2" className="Microsoft.VisualStudio.Services.Agent.Tests.Worker.ExecutionContextL0" name="StepTarget_LoadStepContainersWithoutJobContainer" />
    </UnitTest>
    <UnitTest name="Microsoft.VisualStudio.Services.Agent.Tests.Worker.Container.ContainerInfoL0.DefaultContainerInfoMappings" storage="c:\users\ComputerName\src\test\bin\debug\net6\win-x64\test.dll" id="67631c37-67bc-32a1-fa74-9123d4afdd57">
      <Execution id="076249b1-d56e-4e77-9947-3e1a2c3886a8" />
      <TestMethod codeBase="C:\Users\ComputerName\src\Test\bin\Debug\net6\win-x64\Test.dll" adapterTypeName="executor://xunit/VsTestRunner2" className="Microsoft.VisualStudio.Services.Agent.Tests.Worker.Container.ContainerInfoL0" name="DefaultContainerInfoMappings" />
    </UnitTest>
    <UnitTest name="Microsoft.VisualStudio.Services.Agent.Tests.NodeHandlerL0.ThrowExceptionIfUseNodeKnobIsLTSAndLTSNotAvailable" storage="c:\users\ComputerName\src\test\bin\debug\net6\win-x64\test.dll" id="01ee7c42-78bf-1491-590d-e5388d38594f">
      <Execution id="918753a6-d9a0-40c5-917b-f92bc763237b" />
      <TestMethod codeBase="C:\Users\ComputerName\src\Test\bin\Debug\net6\win-x64\Test.dll" adapterTypeName="executor://xunit/VsTestRunner2" className="Microsoft.VisualStudio.Services.Agent.Tests.NodeHandlerL0" name="ThrowExceptionIfUseNodeKnobIsLTSAndLTSNotAvailable" />
    </UnitTest>
    <UnitTest name="Microsoft.VisualStudio.Services.Agent.Tests.Worker.CodeCoverage.JacocoSummaryReaderTests.VerifyEmptyXmlFile" storage="c:\users\ComputerName\src\test\bin\debug\net6\win-x64\test.dll" id="61057d89-9898-7225-841f-5a19ec68c256">
      <Execution id="b15448df-c882-42da-9ccd-9f507a438166" />
      <TestMethod codeBase="C:\Users\ComputerName\src\Test\bin\Debug\net6\win-x64\Test.dll" adapterTypeName="executor://xunit/VsTestRunner2" className="Microsoft.VisualStudio.Services.Agent.Tests.Worker.CodeCoverage.JacocoSummaryReaderTests" name="VerifyEmptyXmlFile" />
    </UnitTest>
    <UnitTest name="Microsoft.VisualStudio.Services.Agent.Tests.Worker.Build.TrackingManagerL0.CreatesTopLevelTrackingConfig" storage="c:\users\ComputerName\src\test\bin\debug\net6\win-x64\test.dll" id="198ef69c-3ba3-58e1-c048-180eadd58e71">
      <Execution id="209a195b-a845-4bd3-a750-80fb8c585f6d" />
      <TestMethod codeBase="C:\Users\ComputerName\src\Test\bin\Debug\net6\win-x64\Test.dll" adapterTypeName="executor://xunit/VsTestRunner2" className="Microsoft.VisualStudio.Services.Agent.Tests.Worker.Build.TrackingManagerL0" name="CreatesTopLevelTrackingConfig" />
    </UnitTest>
    <UnitTest name="Microsoft.VisualStudio.Services.Agent.Tests.KnobL0.BasicKnobTests" storage="c:\users\ComputerName\src\test\bin\debug\net6\win-x64\test.dll" id="346fc2e6-7c14-7b36-a0c0-4ea94abd5420">
      <Execution id="0e7d7865-0e58-434b-b0a0-1666dd8161e6" />
      <TestMethod codeBase="C:\Users\ComputerName\src\Test\bin\Debug\net6\win-x64\Test.dll" adapterTypeName="executor://xunit/VsTestRunner2" className="Microsoft.VisualStudio.Services.Agent.Tests.KnobL0" name="BasicKnobTests" />
    </UnitTest>
    <UnitTest name="Microsoft.VisualStudio.Services.Agent.Tests.Worker.Build.TrackingManagerL0.MergeTrackingConfig_CheckIfReturnsValidConfigIfBuildOverrideIsFalse" storage="c:\users\ComputerName\src\test\bin\debug\net6\win-x64\test.dll" id="d9386c61-c18a-ac65-d793-52f7f3c79154">
      <Execution id="f87973b6-26ec-4029-b172-5b25dab798a9" />
      <TestMethod codeBase="C:\Users\ComputerName\src\Test\bin\Debug\net6\win-x64\Test.dll" adapterTypeName="executor://xunit/VsTestRunner2" className="Microsoft.VisualStudio.Services.Agent.Tests.Worker.Build.TrackingManagerL0" name="MergeTrackingConfig_CheckIfReturnsValidConfigIfBuildOverrideIsFalse" />
    </UnitTest>
    <UnitTest name="Test.L0.Worker.Handlers.ProcessHandlerHelperL0.ArgsValidation_Passes(inputArgs: &quot;%&quot;, envVarValue: &quot;&quot;)" storage="c:\users\ComputerName\src\test\bin\debug\net6\win-x64\test.dll" id="8e9db03c-9fb5-6fc2-9781-5cceb7605169">
      <Execution id="af2e8add-ad27-4630-9c36-cca1b9cbf4c1" />
      <TestMethod codeBase="C:\Users\ComputerName\src\Test\bin\Debug\net6\win-x64\Test.dll" adapterTypeName="executor://xunit/VsTestRunner2" className="Test.L0.Worker.Handlers.ProcessHandlerHelperL0" name="ArgsValidation_Passes (8970b06adacf8ad4ad1b88748c8d1a12a3b5da05)" />
    </UnitTest>
    <UnitTest name="Test.L0.Worker.Handlers.ProcessHandlerL0.ProcessHandlerV2_Validation_passes" storage="c:\users\ComputerName\src\test\bin\debug\net6\win-x64\test.dll" id="12532231-7166-1ced-12f6-d2547b384ffe">
      <Execution id="c335f64c-6f4f-4da1-852a-dd1ba2f05cac" />
      <TestMethod codeBase="C:\Users\ComputerName\src\Test\bin\Debug\net6\win-x64\Test.dll" adapterTypeName="executor://xunit/VsTestRunner2" className="Test.L0.Worker.Handlers.ProcessHandlerL0" name="ProcessHandlerV2_Validation_passes" />
    </UnitTest>
    <UnitTest name="Microsoft.VisualStudio.Services.Agent.Tests.LogPluginHost.LogPluginHostL0.LogPluginHost_ShortCircuitSlowPlugin" storage="c:\users\ComputerName\src\test\bin\debug\net6\win-x64\test.dll" id="87697eb7-2dca-5742-6849-46a2a7985481">
      <Execution id="252418ea-32cc-480b-b60f-6bb7a2776dd7" />
      <TestMethod codeBase="C:\Users\ComputerName\src\Test\bin\Debug\net6\win-x64\Test.dll" adapterTypeName="executor://xunit/VsTestRunner2" className="Microsoft.VisualStudio.Services.Agent.Tests.LogPluginHost.LogPluginHostL0" name="LogPluginHost_ShortCircuitSlowPlugin" />
    </UnitTest>
    <UnitTest name="Microsoft.VisualStudio.Services.Agent.Tests.Worker.Release.JenkinsArtifactL0.JenkinsCommitsShouldLogAnIssueIfBuildIsDeleted" storage="c:\users\ComputerName\src\test\bin\debug\net6\win-x64\test.dll" id="e279befb-29c2-5ab3-4ed2-eff7017a50f1">
      <Execution id="b0410dfb-5b50-4539-b8dd-fd04349486ef" />
      <TestMethod codeBase="C:\Users\ComputerName\src\Test\bin\Debug\net6\win-x64\Test.dll" adapterTypeName="executor://xunit/VsTestRunner2" className="Microsoft.VisualStudio.Services.Agent.Tests.Worker.Release.JenkinsArtifactL0" name="JenkinsCommitsShouldLogAnIssueIfBuildIsDeleted" />
    </UnitTest>
    <UnitTest name="Microsoft.VisualStudio.Services.Agent.Tests.Worker.TaskCommandExtensionL0.IssueSourceValidationSuccessed" storage="c:\users\ComputerName\src\test\bin\debug\net6\win-x64\test.dll" id="54ab08a7-20b0-cc23-3ac1-6ac699ccd356">
      <Execution id="a47c91f3-5b4b-4af3-933e-0fc0800b155e" />
      <TestMethod codeBase="C:\Users\ComputerName\src\Test\bin\Debug\net6\win-x64\Test.dll" adapterTypeName="executor://xunit/VsTestRunner2" className="Microsoft.VisualStudio.Services.Agent.Tests.Worker.TaskCommandExtensionL0" name="IssueSourceValidationSuccessed" />
    </UnitTest>
    <UnitTest name="Microsoft.VisualStudio.Services.Agent.Tests.Worker.TestResults.NunitResultReaderTests.PublishNUnit3ResultsShouldConsiderTestCaseAttachments" storage="c:\users\ComputerName\src\test\bin\debug\net6\win-x64\test.dll" id="fd7f2faf-3cdd-8c0e-8518-a0aa671f9ef0">
      <Execution id="bdff4330-0e30-4736-892f-f010dd225eeb" />
      <TestMethod codeBase="C:\Users\ComputerName\src\Test\bin\Debug\net6\win-x64\Test.dll" adapterTypeName="executor://xunit/VsTestRunner2" className="Microsoft.VisualStudio.Services.Agent.Tests.Worker.TestResults.NunitResultReaderTests" name="PublishNUnit3ResultsShouldConsiderTestCaseAttachments" />
    </UnitTest>
    <UnitTest name="Test.L0.Worker.Handlers.ProcessHandlerHelperL0.ArgsValidation_Failes(inputArgs: &quot;%var%&quot;, envVarValue: &quot;1 &amp; echo 23&quot;)" storage="c:\users\ComputerName\src\test\bin\debug\net6\win-x64\test.dll" id="6017a490-6ddc-b2d1-8662-ef68e4ac2ded">
      <Execution id="34bf41ce-362b-4351-b46d-eed33ecb5621" />
      <TestMethod codeBase="C:\Users\ComputerName\src\Test\bin\Debug\net6\win-x64\Test.dll" adapterTypeName="executor://xunit/VsTestRunner2" className="Test.L0.Worker.Handlers.ProcessHandlerHelperL0" name="ArgsValidation_Failes (03e754df5a059db78784343911b92fcc8bf7eba6)" />
    </UnitTest>
    <UnitTest name="Microsoft.VisualStudio.Services.Agent.Tests.Worker.Telemetry.TelemetryCommandExtensionTests.PublishTelemetryCommandWithExceptionFromServer" storage="c:\users\ComputerName\src\test\bin\debug\net6\win-x64\test.dll" id="54917d47-1d61-0e28-a3d9-0e8cf9bc47e1">
      <Execution id="a91f5958-f5cc-4f09-b06d-9d28af928760" />
      <TestMethod codeBase="C:\Users\ComputerName\src\Test\bin\Debug\net6\win-x64\Test.dll" adapterTypeName="executor://xunit/VsTestRunner2" className="Microsoft.VisualStudio.Services.Agent.Tests.Worker.Telemetry.TelemetryCommandExtensionTests" name="PublishTelemetryCommandWithExceptionFromServer" />
    </UnitTest>
    <UnitTest name="Microsoft.VisualStudio.Services.Agent.Tests.KnobL0.SpecificKnobTypeNotPresentTest" storage="c:\users\ComputerName\src\test\bin\debug\net6\win-x64\test.dll" id="4280b5ec-b9b1-e28d-f2e3-4db23f5d007e">
      <Execution id="ecb58463-4de7-454a-8c6d-7b2cefdc5870" />
      <TestMethod codeBase="C:\Users\ComputerName\src\Test\bin\Debug\net6\win-x64\Test.dll" adapterTypeName="executor://xunit/VsTestRunner2" className="Microsoft.VisualStudio.Services.Agent.Tests.KnobL0" name="SpecificKnobTypeNotPresentTest" />
    </UnitTest>
    <UnitTest name="Microsoft.VisualStudio.Services.Agent.Tests.Worker.CodeCoverage.JacocoSummaryReaderTests.VerifyInvalidXmlFile" storage="c:\users\ComputerName\src\test\bin\debug\net6\win-x64\test.dll" id="74673a89-9840-c0be-dd1c-416118978760">
      <Execution id="a781257a-74a1-47e1-bfdf-0df0b951f0a5" />
      <TestMethod codeBase="C:\Users\ComputerName\src\Test\bin\Debug\net6\win-x64\Test.dll" adapterTypeName="executor://xunit/VsTestRunner2" className="Microsoft.VisualStudio.Services.Agent.Tests.Worker.CodeCoverage.JacocoSummaryReaderTests" name="VerifyInvalidXmlFile" />
    </UnitTest>
    <UnitTest name="Microsoft.VisualStudio.Services.Agent.Tests.Worker.Release.FetchEngineL0.ShouldNotDoParallelDownloadIfSpecified" storage="c:\users\ComputerName\src\test\bin\debug\net6\win-x64\test.dll" id="6ce59ee0-3e3a-c463-72d0-d9b4601f4144">
      <Execution id="2d50e9e3-725d-48a2-999c-9e43f511ff51" />
      <TestMethod codeBase="C:\Users\ComputerName\src\Test\bin\Debug\net6\win-x64\Test.dll" adapterTypeName="executor://xunit/VsTestRunner2" className="Microsoft.VisualStudio.Services.Agent.Tests.Worker.Release.FetchEngineL0" name="ShouldNotDoParallelDownloadIfSpecified" />
    </UnitTest>
    <UnitTest name="Microsoft.VisualStudio.Services.Agent.Tests.Worker.CodeCoverage.CoberturaSummaryReaderTests.VerifyInvalidXmlFile" storage="c:\users\ComputerName\src\test\bin\debug\net6\win-x64\test.dll" id="ebe689fc-df0a-d6e1-e951-f9981b91830e">
      <Execution id="c48bf394-fce2-44f2-b389-5a7741b3cd1c" />
      <TestMethod codeBase="C:\Users\ComputerName\src\Test\bin\Debug\net6\win-x64\Test.dll" adapterTypeName="executor://xunit/VsTestRunner2" className="Microsoft.VisualStudio.Services.Agent.Tests.Worker.CodeCoverage.CoberturaSummaryReaderTests" name="VerifyInvalidXmlFile" />
    </UnitTest>
    <UnitTest name="Microsoft.VisualStudio.Services.Agent.Tests.Listener.AgentAutoLogonTestL0.TestAutoLogonUnConfigureForDifferentUser" storage="c:\users\ComputerName\src\test\bin\debug\net6\win-x64\test.dll" id="6dcc72e1-c40e-0da6-ea50-7342e0e3b526">
      <Execution id="3baf6e61-0a8b-4107-a6cb-961275fe8436" />
      <TestMethod codeBase="C:\Users\ComputerName\src\Test\bin\Debug\net6\win-x64\Test.dll" adapterTypeName="executor://xunit/VsTestRunner2" className="Microsoft.VisualStudio.Services.Agent.Tests.Listener.AgentAutoLogonTestL0" name="TestAutoLogonUnConfigureForDifferentUser" />
    </UnitTest>
    <UnitTest name="Microsoft.VisualStudio.Services.Agent.Tests.CommandSettingsL0.GetsFlagAddDeploymentGroupTags" storage="c:\users\ComputerName\src\test\bin\debug\net6\win-x64\test.dll" id="045afc0d-b095-905d-a730-58575fb08e2a">
      <Execution id="f9f5298c-8b99-4461-807c-b4f02519d023" />
      <TestMethod codeBase="C:\Users\ComputerName\src\Test\bin\Debug\net6\win-x64\Test.dll" adapterTypeName="executor://xunit/VsTestRunner2" className="Microsoft.VisualStudio.Services.Agent.Tests.CommandSettingsL0" name="GetsFlagAddDeploymentGroupTags" />
    </UnitTest>
    <UnitTest name="Test.L0.Worker.Release.ReleaseDirectoryManagerL0.PrepareArtifactsDirectoryShouldReturnValidMapIfTheWorkingDirectoryIsEmpty" storage="c:\users\ComputerName\src\test\bin\debug\net6\win-x64\test.dll" id="2695bacc-289b-25ff-9de4-a4d95c9dafc1">
      <Execution id="e8c85534-9494-4206-afbf-ff84f095cf64" />
      <TestMethod codeBase="C:\Users\ComputerName\src\Test\bin\Debug\net6\win-x64\Test.dll" adapterTypeName="executor://xunit/VsTestRunner2" className="Test.L0.Worker.Release.ReleaseDirectoryManagerL0" name="PrepareArtifactsDirectoryShouldReturnValidMapIfTheWorkingDirectoryIsEmpty" />
    </UnitTest>
    <UnitTest name="Microsoft.VisualStudio.Services.Agent.Tests.Worker.Results.CTestResultReaderTests.VerifyTestRunTimeIsSetToZeroIfDurationIsNegative" storage="c:\users\ComputerName\src\test\bin\debug\net6\win-x64\test.dll" id="e876492b-c1e6-5df4-2cb4-10c5402e5459">
      <Execution id="6f877876-3bb6-42cd-adb9-da321aa4954f" />
      <TestMethod codeBase="C:\Users\ComputerName\src\Test\bin\Debug\net6\win-x64\Test.dll" adapterTypeName="executor://xunit/VsTestRunner2" className="Microsoft.VisualStudio.Services.Agent.Tests.Worker.Results.CTestResultReaderTests" name="VerifyTestRunTimeIsSetToZeroIfDurationIsNegative" />
    </UnitTest>
    <UnitTest name="Microsoft.VisualStudio.Services.Agent.Tests.HostContextL0.UrlSecretsAreMasked(input: &quot;http://user:pass@example.com/path&quot;, expected: &quot;http://user:***@example.com/path&quot;)" storage="c:\users\ComputerName\src\test\bin\debug\net6\win-x64\test.dll" id="2702f22e-e3b6-3a5e-8d76-db0ff7e52005">
      <Execution id="b585e54e-6ef8-4ecd-83a5-12a9fba28f33" />
      <TestMethod codeBase="C:\Users\ComputerName\src\Test\bin\Debug\net6\win-x64\Test.dll" adapterTypeName="executor://xunit/VsTestRunner2" className="Microsoft.VisualStudio.Services.Agent.Tests.HostContextL0" name="UrlSecretsAreMasked (96922d4d1899c4f8e6bbb3b2542084002c5d3b82)" />
    </UnitTest>
    <UnitTest name="Test.L0.Worker.Handlers.ProcessHandlerHelperL0.SkipsInvalidEnv" storage="c:\users\ComputerName\src\test\bin\debug\net6\win-x64\test.dll" id="82c736dc-2682-679b-bd2e-2f3aed8b104c">
      <Execution id="9dbea4dd-0b5c-49ea-9f81-eb6c4a269589" />
      <TestMethod codeBase="C:\Users\ComputerName\src\Test\bin\Debug\net6\win-x64\Test.dll" adapterTypeName="executor://xunit/VsTestRunner2" className="Test.L0.Worker.Handlers.ProcessHandlerHelperL0" name="SkipsInvalidEnv" />
    </UnitTest>
    <UnitTest name="Test.L0.Plugin.TestFilePublisher.TestFilePublisherLogPluginL0.TestFilePublisherLogPlugin_EnableForBuildPipeline" storage="c:\users\ComputerName\src\test\bin\debug\net6\win-x64\test.dll" id="68f5230d-eff0-8211-35bc-057b02eb9c04">
      <Execution id="1d85d964-97a3-4665-a714-caaaa339f344" />
      <TestMethod codeBase="C:\Users\ComputerName\src\Test\bin\Debug\net6\win-x64\Test.dll" adapterTypeName="executor://xunit/VsTestRunner2" className="Test.L0.Plugin.TestFilePublisher.TestFilePublisherLogPluginL0" name="TestFilePublisherLogPlugin_EnableForBuildPipeline" />
    </UnitTest>
    <UnitTest name="Microsoft.VisualStudio.Services.Agent.Tests.Worker.Build.TrackingManagerL0.LoadsTrackingConfig_FileFormatVersion1_MissingProperty" storage="c:\users\ComputerName\src\test\bin\debug\net6\win-x64\test.dll" id="7c7cd4bc-d5ba-f27e-75b1-ac1da13738c2">
      <Execution id="f387da4e-9d3a-4af3-9989-31848ee6deb9" />
      <TestMethod codeBase="C:\Users\ComputerName\src\Test\bin\Debug\net6\win-x64\Test.dll" adapterTypeName="executor://xunit/VsTestRunner2" className="Microsoft.VisualStudio.Services.Agent.Tests.Worker.Build.TrackingManagerL0" name="LoadsTrackingConfig_FileFormatVersion1_MissingProperty" />
    </UnitTest>
    <UnitTest name="Microsoft.VisualStudio.Services.Agent.Tests.Listener.PipelineParserL0.MaxObjectDepth_Mixed" storage="c:\users\ComputerName\src\test\bin\debug\net6\win-x64\test.dll" id="8a20df39-decd-f273-f100-396910d78c97">
      <Execution id="91fe8831-168a-4101-b066-1d8effa7d1a1" />
      <TestMethod codeBase="C:\Users\ComputerName\src\Test\bin\Debug\net6\win-x64\Test.dll" adapterTypeName="executor://xunit/VsTestRunner2" className="Microsoft.VisualStudio.Services.Agent.Tests.Listener.PipelineParserL0" name="MaxObjectDepth_Mixed" />
    </UnitTest>
    <UnitTest name="Microsoft.VisualStudio.Services.Agent.Tests.Worker.Container.ContainerInfoL0.TranslateContainerPathForImageOSTestsWindowsToLinux" storage="c:\users\ComputerName\src\test\bin\debug\net6\win-x64\test.dll" id="de462d27-00da-e625-a112-91cc93aa4e1b">
      <Execution id="f70e6b37-8906-4a9c-9924-fc00a6e44117" />
      <TestMethod codeBase="C:\Users\ComputerName\src\Test\bin\Debug\net6\win-x64\Test.dll" adapterTypeName="executor://xunit/VsTestRunner2" className="Microsoft.VisualStudio.Services.Agent.Tests.Worker.Container.ContainerInfoL0" name="TranslateContainerPathForImageOSTestsWindowsToLinux" />
    </UnitTest>
    <UnitTest name="Microsoft.VisualStudio.Services.Agent.Tests.PipelineCache.MatchingTests.DetermineFileEnumerationExact" storage="c:\users\ComputerName\src\test\bin\debug\net6\win-x64\test.dll" id="b8cac327-9767-850a-09d0-a769e7990271">
      <Execution id="97d8ee33-3a16-47a7-811f-ff92d2983443" />
      <TestMethod codeBase="C:\Users\ComputerName\src\Test\bin\Debug\net6\win-x64\Test.dll" adapterTypeName="executor://xunit/VsTestRunner2" className="Microsoft.VisualStudio.Services.Agent.Tests.PipelineCache.MatchingTests" name="DetermineFileEnumerationExact" />
    </UnitTest>
    <UnitTest name="Microsoft.VisualStudio.Services.Agent.Tests.Worker.Build.BuildDirectoryManagerL0.UpdateDirectoryFailOnInvalidPath_DontAllowWorkingDirectoryRepositories" storage="c:\users\ComputerName\src\test\bin\debug\net6\win-x64\test.dll" id="bb977460-8a29-83d5-7efb-f188eb76d990">
      <Execution id="48fbceae-94f9-41fd-8f40-cb3aae65bd48" />
      <TestMethod codeBase="C:\Users\ComputerName\src\Test\bin\Debug\net6\win-x64\Test.dll" adapterTypeName="executor://xunit/VsTestRunner2" className="Microsoft.VisualStudio.Services.Agent.Tests.Worker.Build.BuildDirectoryManagerL0" name="UpdateDirectoryFailOnInvalidPath_DontAllowWorkingDirectoryRepositories" />
    </UnitTest>
    <UnitTest name="Test.L0.Worker.Handlers.ProcessHandlerHelperL0.BasicTest" storage="c:\users\ComputerName\src\test\bin\debug\net6\win-x64\test.dll" id="479b1bbb-92d8-2c5a-a778-ef17cc199f65">
      <Execution id="47cda8a8-4670-4ec4-964c-545e71df6dd2" />
      <TestMethod codeBase="C:\Users\ComputerName\src\Test\bin\Debug\net6\win-x64\Test.dll" adapterTypeName="executor://xunit/VsTestRunner2" className="Test.L0.Worker.Handlers.ProcessHandlerHelperL0" name="BasicTest" />
    </UnitTest>
    <UnitTest name="Microsoft.VisualStudio.Services.Agent.Tests.Worker.Telemetry.TelemetryCommandExtensionTests.PublishTelemetryWithoutCommandEvent" storage="c:\users\ComputerName\src\test\bin\debug\net6\win-x64\test.dll" id="d280de51-0189-d5ff-b159-9b5d03da042f">
      <Execution id="876d54be-ddad-4cf9-96da-203ed1e44af8" />
      <TestMethod codeBase="C:\Users\ComputerName\src\Test\bin\Debug\net6\win-x64\Test.dll" adapterTypeName="executor://xunit/VsTestRunner2" className="Microsoft.VisualStudio.Services.Agent.Tests.Worker.Telemetry.TelemetryCommandExtensionTests" name="PublishTelemetryWithoutCommandEvent" />
    </UnitTest>
    <UnitTest name="Test.L0.Plugin.TestResultParser.TestResultLogPluginL0.TestResultLogPlugin_EnableForBuildPipeline" storage="c:\users\ComputerName\src\test\bin\debug\net6\win-x64\test.dll" id="d138ff06-6f66-c54e-f5af-ebf7e7a0e3d4">
      <Execution id="4ad8267b-0080-432d-b45e-082d84abca50" />
      <TestMethod codeBase="C:\Users\ComputerName\src\Test\bin\Debug\net6\win-x64\Test.dll" adapterTypeName="executor://xunit/VsTestRunner2" className="Test.L0.Plugin.TestResultParser.TestResultLogPluginL0" name="TestResultLogPlugin_EnableForBuildPipeline" />
    </UnitTest>
    <UnitTest name="Microsoft.VisualStudio.Services.Agent.Tests.Worker.Results.CTestResultReaderTests.VerifyCTestReadResultsDoesNotFailWithoutFinishTime" storage="c:\users\ComputerName\src\test\bin\debug\net6\win-x64\test.dll" id="b729d9c6-f4ca-a10c-c210-d7658c206cff">
      <Execution id="10253afe-3eb4-46b6-ba3a-d91bf27daf90" />
      <TestMethod codeBase="C:\Users\ComputerName\src\Test\bin\Debug\net6\win-x64\Test.dll" adapterTypeName="executor://xunit/VsTestRunner2" className="Microsoft.VisualStudio.Services.Agent.Tests.Worker.Results.CTestResultReaderTests" name="VerifyCTestReadResultsDoesNotFailWithoutFinishTime" />
    </UnitTest>
    <UnitTest name="Microsoft.VisualStudio.Services.Agent.Tests.Worker.Release.TfsGitArtifactL0.TfsGitArtifactShouldCallGetSourceWithCorrectParameter" storage="c:\users\ComputerName\src\test\bin\debug\net6\win-x64\test.dll" id="44e647eb-205c-d1f6-abcb-c542b63548af">
      <Execution id="3a9aa29a-c614-4380-957d-f967ed09afc8" />
      <TestMethod codeBase="C:\Users\ComputerName\src\Test\bin\Debug\net6\win-x64\Test.dll" adapterTypeName="executor://xunit/VsTestRunner2" className="Microsoft.VisualStudio.Services.Agent.Tests.Worker.Release.TfsGitArtifactL0" name="TfsGitArtifactShouldCallGetSourceWithCorrectParameter" />
    </UnitTest>
    <UnitTest name="Microsoft.VisualStudio.Services.Agent.Tests.HostContextL0.UrlSecretsAreMasked(input: &quot;https://example.com/weird:thing@path&quot;, expected: &quot;https://example.com/weird:thing@path&quot;)" storage="c:\users\ComputerName\src\test\bin\debug\net6\win-x64\test.dll" id="a1c58ac9-8648-605f-9bbd-7d3d8fb1b301">
      <Execution id="e55bb0b2-3a54-440e-96f8-e632fcd1b9ae" />
      <TestMethod codeBase="C:\Users\ComputerName\src\Test\bin\Debug\net6\win-x64\Test.dll" adapterTypeName="executor://xunit/VsTestRunner2" className="Microsoft.VisualStudio.Services.Agent.Tests.HostContextL0" name="UrlSecretsAreMasked (632fd510cf3db9912136ff02f363b417314a2eed)" />
    </UnitTest>
    <UnitTest name="Microsoft.VisualStudio.Services.Agent.Tests.CommandSettingsL0.GetsFlagHelp" storage="c:\users\ComputerName\src\test\bin\debug\net6\win-x64\test.dll" id="dd380f5c-60bd-42d3-3c4a-eca34ed8b54f">
      <Execution id="2c7a6806-4e1a-4379-ba83-58204ea01b79" />
      <TestMethod codeBase="C:\Users\ComputerName\src\Test\bin\Debug\net6\win-x64\Test.dll" adapterTypeName="executor://xunit/VsTestRunner2" className="Microsoft.VisualStudio.Services.Agent.Tests.CommandSettingsL0" name="GetsFlagHelp" />
    </UnitTest>
    <UnitTest name="Test.L0.Plugin.TestResultParser.TestResultLogPluginL0.TestResultLogPlugin_DisableIfNotBuildPipeline" storage="c:\users\ComputerName\src\test\bin\debug\net6\win-x64\test.dll" id="166177ed-8449-f6d4-d24e-8ff26e0e796a">
      <Execution id="634dce9e-91b2-40a7-8786-66b1c481c2dd" />
      <TestMethod codeBase="C:\Users\ComputerName\src\Test\bin\Debug\net6\win-x64\Test.dll" adapterTypeName="executor://xunit/VsTestRunner2" className="Test.L0.Plugin.TestResultParser.TestResultLogPluginL0" name="TestResultLogPlugin_DisableIfNotBuildPipeline" />
    </UnitTest>
    <UnitTest name="Microsoft.VisualStudio.Services.Agent.Tests.TestFileContainerProviderL0.TestGettingArtifactItemsWithMinimatchPattern(pttrn: [&quot;**&quot;, &quot;!**/Folder1/**&quot;, &quot;!!**/File3.txt&quot;], count: 4, expectedPaths: [&quot;ArtifactForTest&quot;, &quot;ArtifactForTest/File1.txt&quot;, &quot;ArtifactForTest/Folder1&quot;, &quot;ArtifactForTest/Folder1/Folder2/File3.txt&quot;])" storage="c:\users\ComputerName\src\test\bin\debug\net6\win-x64\test.dll" id="666cd8c4-1308-d17c-575d-430f200bde6c">
      <Execution id="c2a54d76-bba5-4a23-893c-c0a70236c8c5" />
      <TestMethod codeBase="C:\Users\ComputerName\src\Test\bin\Debug\net6\win-x64\Test.dll" adapterTypeName="executor://xunit/VsTestRunner2" className="Microsoft.VisualStudio.Services.Agent.Tests.TestFileContainerProviderL0" name="TestGettingArtifactItemsWithMinimatchPattern (004839ff5ad370778021d8ce02833568e5da060c)" />
    </UnitTest>
    <UnitTest name="Microsoft.VisualStudio.Services.Agent.Tests.Worker.CodeCoverage.CodeCoverageCommandExtensionTests.PublishCodeCoverageWithNoSummaryFileInput" storage="c:\users\ComputerName\src\test\bin\debug\net6\win-x64\test.dll" id="840bafc5-ca42-33eb-e018-172af931086d">
      <Execution id="ab61dacc-1d42-4855-930d-0ee90c2abed7" />
      <TestMethod codeBase="C:\Users\ComputerName\src\Test\bin\Debug\net6\win-x64\Test.dll" adapterTypeName="executor://xunit/VsTestRunner2" className="Microsoft.VisualStudio.Services.Agent.Tests.Worker.CodeCoverage.CodeCoverageCommandExtensionTests" name="PublishCodeCoverageWithNoSummaryFileInput" />
    </UnitTest>
    <UnitTest name="Microsoft.VisualStudio.Services.Agent.Tests.Worker.TestResults.TrxReaderTests.VerifyReadResultsReturnsCorrectTestStartAndEndDateTime" storage="c:\users\ComputerName\src\test\bin\debug\net6\win-x64\test.dll" id="ffbfcf5b-bd5a-cad5-2987-3d33a8f07e99">
      <Execution id="9b0cf7a3-0f52-45a5-9ee7-70579af5e545" />
      <TestMethod codeBase="C:\Users\ComputerName\src\Test\bin\Debug\net6\win-x64\Test.dll" adapterTypeName="executor://xunit/VsTestRunner2" className="Microsoft.VisualStudio.Services.Agent.Tests.Worker.TestResults.TrxReaderTests" name="VerifyReadResultsReturnsCorrectTestStartAndEndDateTime" />
    </UnitTest>
    <UnitTest name="Microsoft.VisualStudio.Services.Agent.Tests.PipelineCache.FingerprintTests.FingerprintEqualityWorks" storage="c:\users\ComputerName\src\test\bin\debug\net6\win-x64\test.dll" id="e2c40b7b-ba22-9725-1979-4108f5f17912">
      <Execution id="2b773838-022e-45a4-950b-9bd5d7863244" />
      <TestMethod codeBase="C:\Users\ComputerName\src\Test\bin\Debug\net6\win-x64\Test.dll" adapterTypeName="executor://xunit/VsTestRunner2" className="Microsoft.VisualStudio.Services.Agent.Tests.PipelineCache.FingerprintTests" name="FingerprintEqualityWorks" />
    </UnitTest>
    <UnitTest name="Microsoft.VisualStudio.Services.Agent.Tests.Worker.TestResults.JunitResultReaderTests.VerifyTestRunDurationWhenTotalTimeIsInMilliseconds" storage="c:\users\ComputerName\src\test\bin\debug\net6\win-x64\test.dll" id="2f5b32b1-1563-7e81-7186-7a5b687bfdd8">
      <Execution id="7181739b-dbd9-4f76-8f28-5c084755e4ee" />
      <TestMethod codeBase="C:\Users\ComputerName\src\Test\bin\Debug\net6\win-x64\Test.dll" adapterTypeName="executor://xunit/VsTestRunner2" className="Microsoft.VisualStudio.Services.Agent.Tests.Worker.TestResults.JunitResultReaderTests" name="VerifyTestRunDurationWhenTotalTimeIsInMilliseconds" />
    </UnitTest>
    <UnitTest name="Microsoft.VisualStudio.Services.Agent.Tests.Worker.ExecutionContextL0.TranslatePathForStepTarget_should_convert_path_only_for_containers(isCheckout: True, jobTarget: &quot;container&quot;, stepTarget: &quot;container&quot;)" storage="c:\users\ComputerName\src\test\bin\debug\net6\win-x64\test.dll" id="176dac77-57c4-830c-a11a-db5f35d672a4">
      <Execution id="f7ba6df5-d9ae-4517-aaed-eede9a51663f" />
      <TestMethod codeBase="C:\Users\ComputerName\src\Test\bin\Debug\net6\win-x64\Test.dll" adapterTypeName="executor://xunit/VsTestRunner2" className="Microsoft.VisualStudio.Services.Agent.Tests.Worker.ExecutionContextL0" name="TranslatePathForStepTarget_should_convert_path_only_for_containers (29637974e2a04eae95c22a4d30b774766b884c9e)" />
    </UnitTest>
    <UnitTest name="Microsoft.VisualStudio.Services.Agent.Tests.Worker.TaskDecoratorManagerL0.IsInjectedTaskForTarget_TaskWithTargetPrefix" storage="c:\users\ComputerName\src\test\bin\debug\net6\win-x64\test.dll" id="bf20891c-b59d-0a98-0fd4-c3a74366f3f5">
      <Execution id="826da7ce-bedb-4d7a-bedd-be9bd05ef65c" />
      <TestMethod codeBase="C:\Users\ComputerName\src\Test\bin\Debug\net6\win-x64\Test.dll" adapterTypeName="executor://xunit/VsTestRunner2" className="Microsoft.VisualStudio.Services.Agent.Tests.Worker.TaskDecoratorManagerL0" name="IsInjectedTaskForTarget_TaskWithTargetPrefix" />
    </UnitTest>
    <UnitTest name="Microsoft.VisualStudio.Services.Agent.Tests.Worker.TestResults.JunitResultReaderTests.VerifyBehaviorWhenDefaultDateTimePassed" storage="c:\users\ComputerName\src\test\bin\debug\net6\win-x64\test.dll" id="557b0d3e-ef30-b7c6-285d-b73d77337801">
      <Execution id="ed46ceb5-6244-42b0-b266-e1d6a86815c7" />
      <TestMethod codeBase="C:\Users\ComputerName\src\Test\bin\Debug\net6\win-x64\Test.dll" adapterTypeName="executor://xunit/VsTestRunner2" className="Microsoft.VisualStudio.Services.Agent.Tests.Worker.TestResults.JunitResultReaderTests" name="VerifyBehaviorWhenDefaultDateTimePassed" />
    </UnitTest>
    <UnitTest name="Microsoft.VisualStudio.Services.Agent.Tests.Listener.JobDispatcherL0.DispatcherRenewJobRequestStopOnJobTokenExpiredExceptions" storage="c:\users\ComputerName\src\test\bin\debug\net6\win-x64\test.dll" id="de5cd456-1702-81b1-5de8-c4904881bad2">
      <Execution id="99796447-de02-4b26-a13b-9922202b12a4" />
      <TestMethod codeBase="C:\Users\ComputerName\src\Test\bin\Debug\net6\win-x64\Test.dll" adapterTypeName="executor://xunit/VsTestRunner2" className="Microsoft.VisualStudio.Services.Agent.Tests.Listener.JobDispatcherL0" name="DispatcherRenewJobRequestStopOnJobTokenExpiredExceptions" />
    </UnitTest>
    <UnitTest name="Microsoft.VisualStudio.Services.Agent.Tests.Plugin.RepositoryPluginL0.RepositoryPlugin_InvalidPathInput_AllowWorkingDirectoryRepositorie" storage="c:\users\ComputerName\src\test\bin\debug\net6\win-x64\test.dll" id="a96a57af-3265-732d-fe75-2d7e74accbb2">
      <Execution id="40c0c11d-e64c-48ad-8c2b-864a76c4b12b" />
      <TestMethod codeBase="C:\Users\ComputerName\src\Test\bin\Debug\net6\win-x64\Test.dll" adapterTypeName="executor://xunit/VsTestRunner2" className="Microsoft.VisualStudio.Services.Agent.Tests.Plugin.RepositoryPluginL0" name="RepositoryPlugin_InvalidPathInput_AllowWorkingDirectoryRepositorie" />
    </UnitTest>
    <UnitTest name="Microsoft.VisualStudio.Services.Agent.Tests.LogPluginHost.LogPluginHostL0.LogPluginHost_SlowPluginRecover" storage="c:\users\ComputerName\src\test\bin\debug\net6\win-x64\test.dll" id="e4c274c6-487f-242d-4213-0a44065794fb">
      <Execution id="445a1e9b-33de-4d10-8159-f0dd9a0771db" />
      <TestMethod codeBase="C:\Users\ComputerName\src\Test\bin\Debug\net6\win-x64\Test.dll" adapterTypeName="executor://xunit/VsTestRunner2" className="Microsoft.VisualStudio.Services.Agent.Tests.LogPluginHost.LogPluginHostL0" name="LogPluginHost_SlowPluginRecover" />
    </UnitTest>
    <UnitTest name="Microsoft.VisualStudio.Services.Agent.Tests.CommandSettingsL0.DeploymentGroupNameBackCompat" storage="c:\users\ComputerName\src\test\bin\debug\net6\win-x64\test.dll" id="e3d2e421-e9dd-b66b-5494-d5b2e2356f7b">
      <Execution id="0261737d-3e20-4f90-940a-db67a8ab8d5a" />
      <TestMethod codeBase="C:\Users\ComputerName\src\Test\bin\Debug\net6\win-x64\Test.dll" adapterTypeName="executor://xunit/VsTestRunner2" className="Microsoft.VisualStudio.Services.Agent.Tests.CommandSettingsL0" name="DeploymentGroupNameBackCompat" />
    </UnitTest>
    <UnitTest name="Microsoft.VisualStudio.Services.Agent.Tests.Worker.VariablesL0.Set_CanStoreANewSecret" storage="c:\users\ComputerName\src\test\bin\debug\net6\win-x64\test.dll" id="e23498b6-1f49-3140-40de-4ec4506e0b69">
      <Execution id="2da8d38c-c7ac-4a6c-951e-0b87fa264f44" />
      <TestMethod codeBase="C:\Users\ComputerName\src\Test\bin\Debug\net6\win-x64\Test.dll" adapterTypeName="executor://xunit/VsTestRunner2" className="Microsoft.VisualStudio.Services.Agent.Tests.Worker.VariablesL0" name="Set_CanStoreANewSecret" />
    </UnitTest>
    <UnitTest name="Microsoft.VisualStudio.Services.Agent.Tests.LogPluginHost.LogPluginHostL0.LogPluginHost_RunSinglePlugin" storage="c:\users\ComputerName\src\test\bin\debug\net6\win-x64\test.dll" id="9540d8b2-3477-465d-5f68-ac92bc210a52">
      <Execution id="e023f31b-9bc3-450e-8a4c-605c410adc7e" />
      <TestMethod codeBase="C:\Users\ComputerName\src\Test\bin\Debug\net6\win-x64\Test.dll" adapterTypeName="executor://xunit/VsTestRunner2" className="Microsoft.VisualStudio.Services.Agent.Tests.LogPluginHost.LogPluginHostL0" name="LogPluginHost_RunSinglePlugin" />
    </UnitTest>
    <UnitTest name="Microsoft.VisualStudio.Services.Agent.Tests.Worker.CodeCoverage.CodeCoverageCommandExtensionTests.PublishCCWithBothReportDirectoryAndAdditioanlFilesInputs" storage="c:\users\ComputerName\src\test\bin\debug\net6\win-x64\test.dll" id="ef75a2fa-9fbe-4306-45f9-71d2e7c582f7">
      <Execution id="ebb24b8f-0d54-4200-bc6f-616d6a781dfe" />
      <TestMethod codeBase="C:\Users\ComputerName\src\Test\bin\Debug\net6\win-x64\Test.dll" adapterTypeName="executor://xunit/VsTestRunner2" className="Microsoft.VisualStudio.Services.Agent.Tests.Worker.CodeCoverage.CodeCoverageCommandExtensionTests" name="PublishCCWithBothReportDirectoryAndAdditioanlFilesInputs" />
    </UnitTest>
    <UnitTest name="Test.L0.Worker.PluginInternalUpdateRepositoryPathCommandL0.Execute_should_set_paths_appropriately_for_nonSelf_repo_with_multiple_checkouts" storage="c:\users\ComputerName\src\test\bin\debug\net6\win-x64\test.dll" id="77f62372-5015-8fbc-04cd-0c4cfca1455e">
      <Execution id="14487c24-32ee-44c5-818d-06b982c14f80" />
      <TestMethod codeBase="C:\Users\ComputerName\src\Test\bin\Debug\net6\win-x64\Test.dll" adapterTypeName="executor://xunit/VsTestRunner2" className="Test.L0.Worker.PluginInternalUpdateRepositoryPathCommandL0" name="Execute_should_set_paths_appropriately_for_nonSelf_repo_with_multiple_checkouts" />
    </UnitTest>
    <UnitTest name="Microsoft.VisualStudio.Services.Agent.Tests.ExtensionManagerL0.LoadsTypeFromString" storage="c:\users\ComputerName\src\test\bin\debug\net6\win-x64\test.dll" id="04ccab34-b1d4-e71d-4593-15f6c6fc137f">
      <Execution id="7465d904-3852-4cba-b65a-f172658ce5e7" />
      <TestMethod codeBase="C:\Users\ComputerName\src\Test\bin\Debug\net6\win-x64\Test.dll" adapterTypeName="executor://xunit/VsTestRunner2" className="Microsoft.VisualStudio.Services.Agent.Tests.ExtensionManagerL0" name="LoadsTypeFromString" />
    </UnitTest>
    <UnitTest name="Microsoft.VisualStudio.Services.Agent.Tests.Worker.AgentPluginManagerL0.GetTaskPluginsTests" storage="c:\users\ComputerName\src\test\bin\debug\net6\win-x64\test.dll" id="76083b25-7b36-1463-ff58-1b34f73950c0">
      <Execution id="91fb9178-545a-48d1-a7a4-75ceb0a32aa0" />
      <TestMethod codeBase="C:\Users\ComputerName\src\Test\bin\Debug\net6\win-x64\Test.dll" adapterTypeName="executor://xunit/VsTestRunner2" className="Microsoft.VisualStudio.Services.Agent.Tests.Worker.AgentPluginManagerL0" name="GetTaskPluginsTests" />
    </UnitTest>
    <UnitTest name="Microsoft.VisualStudio.Services.Agent.Tests.Worker.CodeCoverage.CodeCoverageCommandExtensionTests.Publish_WithIndexHtmFileinReportDirectory" storage="c:\users\ComputerName\src\test\bin\debug\net6\win-x64\test.dll" id="ffd7348a-1894-bbdb-a4a7-03b5b94151a0">
      <Execution id="2f3dd470-5d52-4612-8c7e-cd586ab30e5b" />
      <TestMethod codeBase="C:\Users\ComputerName\src\Test\bin\Debug\net6\win-x64\Test.dll" adapterTypeName="executor://xunit/VsTestRunner2" className="Microsoft.VisualStudio.Services.Agent.Tests.Worker.CodeCoverage.CodeCoverageCommandExtensionTests" name="Publish_WithIndexHtmFileinReportDirectory" />
    </UnitTest>
    <UnitTest name="Microsoft.VisualStudio.Services.Agent.Tests.Worker.TaskManagerL0.RetryStreamException" storage="c:\users\ComputerName\src\test\bin\debug\net6\win-x64\test.dll" id="d9f1f6a5-b088-d34d-f35a-9f399c453df0">
      <Execution id="0799c874-a964-4571-992e-65942ec0d93e" />
      <TestMethod codeBase="C:\Users\ComputerName\src\Test\bin\Debug\net6\win-x64\Test.dll" adapterTypeName="executor://xunit/VsTestRunner2" className="Microsoft.VisualStudio.Services.Agent.Tests.Worker.TaskManagerL0" name="RetryStreamException" />
    </UnitTest>
    <UnitTest name="Microsoft.VisualStudio.Services.Agent.Tests.Util.IOUtilL0.Delete_DeletesFile" storage="c:\users\ComputerName\src\test\bin\debug\net6\win-x64\test.dll" id="5bc9ca66-1341-38c0-f6f5-05839b245f52">
      <Execution id="bbc3c470-9cad-497b-9c9a-b438f2295838" />
      <TestMethod codeBase="C:\Users\ComputerName\src\Test\bin\Debug\net6\win-x64\Test.dll" adapterTypeName="executor://xunit/VsTestRunner2" className="Microsoft.VisualStudio.Services.Agent.Tests.Util.IOUtilL0" name="Delete_DeletesFile" />
    </UnitTest>
    <UnitTest name="Test.L0.Worker.Handlers.ProcessHandlerHelperL0.TestWithCloseVars(inputArgs: &quot;%VAR1%%VAR2%%VAR3%&quot;, expectedArgs: &quot;123&quot;)" storage="c:\users\ComputerName\src\test\bin\debug\net6\win-x64\test.dll" id="157aad09-2dd1-f2d2-9424-7ac38f9dfbf7">
      <Execution id="1c171351-2ffe-479b-8769-7a4717daef06" />
      <TestMethod codeBase="C:\Users\ComputerName\src\Test\bin\Debug\net6\win-x64\Test.dll" adapterTypeName="executor://xunit/VsTestRunner2" className="Test.L0.Worker.Handlers.ProcessHandlerHelperL0" name="TestWithCloseVars (5c0fee82021e314f9fb373accf8abc57fc2946c8)" />
    </UnitTest>
    <UnitTest name="Microsoft.VisualStudio.Services.Agent.Tests.Worker.Build.TrackingConfigL0.TrackingConfig_parameterless_ctor_should_return_almost_empty_object" storage="c:\users\ComputerName\src\test\bin\debug\net6\win-x64\test.dll" id="33c7b5d6-738e-70d1-1699-a1c99fedb872">
      <Execution id="fa4d1c06-acd1-4735-a93d-5f36e9469023" />
      <TestMethod codeBase="C:\Users\ComputerName\src\Test\bin\Debug\net6\win-x64\Test.dll" adapterTypeName="executor://xunit/VsTestRunner2" className="Microsoft.VisualStudio.Services.Agent.Tests.Worker.Build.TrackingConfigL0" name="TrackingConfig_parameterless_ctor_should_return_almost_empty_object" />
    </UnitTest>
    <UnitTest name="Microsoft.VisualStudio.Services.Agent.Tests.TestFileContainerProviderL0.TestGettingArtifactItemsWithMinimatchPattern(pttrn: [&quot;**&quot;, &quot;!**/File2.txt&quot;], count: 6, expectedPaths: [&quot;ArtifactForTest&quot;, &quot;ArtifactForTest/File1.txt&quot;, &quot;ArtifactForTest/Folder1&quot;, &quot;ArtifactForTest/Folder1/File21.txt&quot;, &quot;ArtifactForTest/Folder1/Folder2&quot;, ...])" storage="c:\users\ComputerName\src\test\bin\debug\net6\win-x64\test.dll" id="f6d70230-6398-8e1b-fe8b-3b03025c1516">
      <Execution id="100ae2f5-6498-462d-9b4c-03e9379d6c2a" />
      <TestMethod codeBase="C:\Users\ComputerName\src\Test\bin\Debug\net6\win-x64\Test.dll" adapterTypeName="executor://xunit/VsTestRunner2" className="Microsoft.VisualStudio.Services.Agent.Tests.TestFileContainerProviderL0" name="TestGettingArtifactItemsWithMinimatchPattern (9398f217f735c019f86f6eb0dd4fb440c3ecac8a)" />
    </UnitTest>
    <UnitTest name="Microsoft.VisualStudio.Services.Agent.Tests.Worker.ExecutionContextL0.InitializeJob_should_set_JobSettings" storage="c:\users\ComputerName\src\test\bin\debug\net6\win-x64\test.dll" id="50c672db-8665-88b8-40d6-8f7801c2e606">
      <Execution id="537d4906-7324-4e21-816e-f280e42fa5af" />
      <TestMethod codeBase="C:\Users\ComputerName\src\Test\bin\Debug\net6\win-x64\Test.dll" adapterTypeName="executor://xunit/VsTestRunner2" className="Microsoft.VisualStudio.Services.Agent.Tests.Worker.ExecutionContextL0" name="InitializeJob_should_set_JobSettings" />
    </UnitTest>
    <UnitTest name="Microsoft.VisualStudio.Services.Agent.Tests.HostContextL0.UrlSecretsAreMasked(input: &quot;ssh://example.com/path&quot;, expected: &quot;ssh://example.com/path&quot;)" storage="c:\users\ComputerName\src\test\bin\debug\net6\win-x64\test.dll" id="d262823b-fbd5-d9f1-f868-01a4a550b5ea">
      <Execution id="c0f9fcc5-73ec-4516-88d5-7481c1567551" />
      <TestMethod codeBase="C:\Users\ComputerName\src\Test\bin\Debug\net6\win-x64\Test.dll" adapterTypeName="executor://xunit/VsTestRunner2" className="Microsoft.VisualStudio.Services.Agent.Tests.HostContextL0" name="UrlSecretsAreMasked (4eb08b0920f2408a30495e1603ffcd89d22f0c5a)" />
    </UnitTest>
    <UnitTest name="Microsoft.VisualStudio.Services.Agent.Tests.Worker.CodeCoverage.CoberturaSummaryReaderTests.VerifyEmptyXmlFile" storage="c:\users\ComputerName\src\test\bin\debug\net6\win-x64\test.dll" id="2f944005-c545-b4a7-c07b-90f398bed538">
      <Execution id="4db37aad-1930-4beb-867f-322d70f3973c" />
      <TestMethod codeBase="C:\Users\ComputerName\src\Test\bin\Debug\net6\win-x64\Test.dll" adapterTypeName="executor://xunit/VsTestRunner2" className="Microsoft.VisualStudio.Services.Agent.Tests.Worker.CodeCoverage.CoberturaSummaryReaderTests" name="VerifyEmptyXmlFile" />
    </UnitTest>
    <UnitTest name="Microsoft.VisualStudio.Services.Agent.Tests.Worker.JobRunnerL0.DontUpdateWebConsoleLineRateIfJobServerQueueIsNullMSI" storage="c:\users\ComputerName\src\test\bin\debug\net6\win-x64\test.dll" id="79462b42-50dd-cb49-3233-01dd6be86afd">
      <Execution id="d5288029-534a-4500-99ef-6e9cef6eac9b" />
      <TestMethod codeBase="C:\Users\ComputerName\src\Test\bin\Debug\net6\win-x64\Test.dll" adapterTypeName="executor://xunit/VsTestRunner2" className="Microsoft.VisualStudio.Services.Agent.Tests.Worker.JobRunnerL0" name="DontUpdateWebConsoleLineRateIfJobServerQueueIsNullMSI" />
    </UnitTest>
    <UnitTest name="Microsoft.VisualStudio.Services.Agent.Tests.Worker.ExecutionContextL0.TranslatePathForStepTarget_should_convert_path_only_for_containers(isCheckout: False, jobTarget: null, stepTarget: null)" storage="c:\users\ComputerName\src\test\bin\debug\net6\win-x64\test.dll" id="8f3be23c-8ad1-3953-6ff2-2eed37bf42f3">
      <Execution id="fa03dd8e-8db5-4e57-8421-fd180ad2c09e" />
      <TestMethod codeBase="C:\Users\ComputerName\src\Test\bin\Debug\net6\win-x64\Test.dll" adapterTypeName="executor://xunit/VsTestRunner2" className="Microsoft.VisualStudio.Services.Agent.Tests.Worker.ExecutionContextL0" name="TranslatePathForStepTarget_should_convert_path_only_for_containers (2ba4255dfe07ff6745536d0656e3eb7773dd2cbd)" />
    </UnitTest>
    <UnitTest name="Microsoft.VisualStudio.Services.Agent.Tests.Util.IOUtilL0.DeleteFile_DeletesReadOnlyFile" storage="c:\users\ComputerName\src\test\bin\debug\net6\win-x64\test.dll" id="3a038b8a-660f-1417-98ef-9c4e2b5005c8">
      <Execution id="f5811214-8bf1-4b9e-ade7-f8b2e1846a07" />
      <TestMethod codeBase="C:\Users\ComputerName\src\Test\bin\Debug\net6\win-x64\Test.dll" adapterTypeName="executor://xunit/VsTestRunner2" className="Microsoft.VisualStudio.Services.Agent.Tests.Util.IOUtilL0" name="DeleteFile_DeletesReadOnlyFile" />
    </UnitTest>
    <UnitTest name="Microsoft.VisualStudio.Services.Agent.Tests.TestFileContainerProviderL0.TestGettingArtifactItemsWithMinimatchPattern(pttrn: [&quot;**/File*.txt&quot;, &quot;!**/File3.txt&quot;], count: 3, expectedPaths: [&quot;ArtifactForTest/File1.txt&quot;, &quot;ArtifactForTest/Folder1/File2.txt&quot;, &quot;ArtifactForTest/Folder1/File21.txt&quot;])" storage="c:\users\ComputerName\src\test\bin\debug\net6\win-x64\test.dll" id="e934464c-438a-3363-21df-8ad004110d3f">
      <Execution id="1f0ff1b9-062e-4015-9f68-82377aff6809" />
      <TestMethod codeBase="C:\Users\ComputerName\src\Test\bin\Debug\net6\win-x64\Test.dll" adapterTypeName="executor://xunit/VsTestRunner2" className="Microsoft.VisualStudio.Services.Agent.Tests.TestFileContainerProviderL0" name="TestGettingArtifactItemsWithMinimatchPattern (783e3a305e9d3234be13c2a9af3b142d1c05ec27)" />
    </UnitTest>
    <UnitTest name="Microsoft.VisualStudio.Services.Agent.Tests.Worker.TestResults.TrxReaderTests.ResultsWithInvalidStartDate" storage="c:\users\ComputerName\src\test\bin\debug\net6\win-x64\test.dll" id="de2daace-81e3-095e-05af-b050daa55cb2">
      <Execution id="d04557f5-b42b-4b6b-8832-c6c05c403bc7" />
      <TestMethod codeBase="C:\Users\ComputerName\src\Test\bin\Debug\net6\win-x64\Test.dll" adapterTypeName="executor://xunit/VsTestRunner2" className="Microsoft.VisualStudio.Services.Agent.Tests.Worker.TestResults.TrxReaderTests" name="ResultsWithInvalidStartDate" />
    </UnitTest>
    <UnitTest name="Microsoft.VisualStudio.Services.Agent.Tests.Worker.VariablesL0.Constructor_SetsNullAsEmpty" storage="c:\users\ComputerName\src\test\bin\debug\net6\win-x64\test.dll" id="85fe2294-1cae-e65d-bd1c-dedf66ad94b2">
      <Execution id="6de12660-b1b0-4823-ac2b-602bf0ec377f" />
      <TestMethod codeBase="C:\Users\ComputerName\src\Test\bin\Debug\net6\win-x64\Test.dll" adapterTypeName="executor://xunit/VsTestRunner2" className="Microsoft.VisualStudio.Services.Agent.Tests.Worker.VariablesL0" name="Constructor_SetsNullAsEmpty" />
    </UnitTest>
    <UnitTest name="Microsoft.VisualStudio.Services.Agent.Tests.Worker.TestResults.ParserTests.PublishBasicNestedJUnitResults" storage="c:\users\ComputerName\src\test\bin\debug\net6\win-x64\test.dll" id="4f5d50fe-e053-ac91-0b52-357cec0bcc76">
      <Execution id="37a0ea3a-f7cb-46c4-8016-e084da38c3ff" />
      <TestMethod codeBase="C:\Users\ComputerName\src\Test\bin\Debug\net6\win-x64\Test.dll" adapterTypeName="executor://xunit/VsTestRunner2" className="Microsoft.VisualStudio.Services.Agent.Tests.Worker.TestResults.ParserTests" name="PublishBasicNestedJUnitResults" />
    </UnitTest>
    <UnitTest name="Microsoft.VisualStudio.Services.Agent.Tests.CommandSettingsL0.PromptsForDeploymentGroupName" storage="c:\users\ComputerName\src\test\bin\debug\net6\win-x64\test.dll" id="fc8e7496-3e92-4713-bd98-07f770078206">
      <Execution id="29a16999-9078-4d7c-8f36-c4bdb0f6e198" />
      <TestMethod codeBase="C:\Users\ComputerName\src\Test\bin\Debug\net6\win-x64\Test.dll" adapterTypeName="executor://xunit/VsTestRunner2" className="Microsoft.VisualStudio.Services.Agent.Tests.CommandSettingsL0" name="PromptsForDeploymentGroupName" />
    </UnitTest>
    <UnitTest name="Microsoft.VisualStudio.Services.Agent.Tests.Plugin.RepositoryPluginL0.RepositoryPlugin_CheckoutTask_MergesCheckoutOptions_Basic" storage="c:\users\ComputerName\src\test\bin\debug\net6\win-x64\test.dll" id="7fdaddc8-1272-433d-cd05-7e2019849d00">
      <Execution id="3c99eb5d-7b6c-497a-9555-9d3ce0117ba6" />
      <TestMethod codeBase="C:\Users\ComputerName\src\Test\bin\Debug\net6\win-x64\Test.dll" adapterTypeName="executor://xunit/VsTestRunner2" className="Microsoft.VisualStudio.Services.Agent.Tests.Plugin.RepositoryPluginL0" name="RepositoryPlugin_CheckoutTask_MergesCheckoutOptions_Basic" />
    </UnitTest>
    <UnitTest name="Microsoft.VisualStudio.Services.Agent.Tests.Worker.TestResults.JunitResultReaderTests.VerifyDurationAsSumOfAssemblyTimeWhenTimestampTagNotAvailable" storage="c:\users\ComputerName\src\test\bin\debug\net6\win-x64\test.dll" id="289fcbe9-b0de-e5ba-dffe-65fb94e57fff">
      <Execution id="4a879cad-109c-4d2e-9227-acc1901a8008" />
      <TestMethod codeBase="C:\Users\ComputerName\src\Test\bin\Debug\net6\win-x64\Test.dll" adapterTypeName="executor://xunit/VsTestRunner2" className="Microsoft.VisualStudio.Services.Agent.Tests.Worker.TestResults.JunitResultReaderTests" name="VerifyDurationAsSumOfAssemblyTimeWhenTimestampTagNotAvailable" />
    </UnitTest>
    <UnitTest name="Microsoft.VisualStudio.Services.Agent.Tests.PipelineCache.FingerprintCreatorTests.Fingerprint_FileRelative" storage="c:\users\ComputerName\src\test\bin\debug\net6\win-x64\test.dll" id="bdc08160-26af-8a03-3d54-f24d85bdb6fa">
      <Execution id="f9b4afc6-a111-4aba-a132-380dcdcdcdc9" />
      <TestMethod codeBase="C:\Users\ComputerName\src\Test\bin\Debug\net6\win-x64\Test.dll" adapterTypeName="executor://xunit/VsTestRunner2" className="Microsoft.VisualStudio.Services.Agent.Tests.PipelineCache.FingerprintCreatorTests" name="Fingerprint_FileRelative" />
    </UnitTest>
    <UnitTest name="Microsoft.VisualStudio.Services.Agent.Tests.Worker.VariablesL0.ExpandValues_HandlesConsecutiveMacros" storage="c:\users\ComputerName\src\test\bin\debug\net6\win-x64\test.dll" id="5de1090a-858d-d61b-86dd-26468ae5d4d9">
      <Execution id="bac15654-5a52-4757-9035-bbf3a72d55ac" />
      <TestMethod codeBase="C:\Users\ComputerName\src\Test\bin\Debug\net6\win-x64\Test.dll" adapterTypeName="executor://xunit/VsTestRunner2" className="Microsoft.VisualStudio.Services.Agent.Tests.Worker.VariablesL0" name="ExpandValues_HandlesConsecutiveMacros" />
    </UnitTest>
    <UnitTest name="Microsoft.VisualStudio.Services.Agent.Tests.PipelineCache.MatchingTests.ExcludeSingleFile" storage="c:\users\ComputerName\src\test\bin\debug\net6\win-x64\test.dll" id="bd9c4a8d-ef06-c7d6-20cc-5f3564c97beb">
      <Execution id="e290eea6-df76-496b-9a6b-a02d1fb7a049" />
      <TestMethod codeBase="C:\Users\ComputerName\src\Test\bin\Debug\net6\win-x64\Test.dll" adapterTypeName="executor://xunit/VsTestRunner2" className="Microsoft.VisualStudio.Services.Agent.Tests.PipelineCache.MatchingTests" name="ExcludeSingleFile" />
    </UnitTest>
    <UnitTest name="Microsoft.VisualStudio.Services.Agent.Tests.Util.IOUtilL0.DeleteDirectory_DeletesWithRetry_NonExistenDir" storage="c:\users\ComputerName\src\test\bin\debug\net6\win-x64\test.dll" id="6077de72-e789-60ab-8bd6-89648239c981">
      <Execution id="80289512-26a8-4579-a9ff-db5cd84be980" />
      <TestMethod codeBase="C:\Users\ComputerName\src\Test\bin\Debug\net6\win-x64\Test.dll" adapterTypeName="executor://xunit/VsTestRunner2" className="Microsoft.VisualStudio.Services.Agent.Tests.Util.IOUtilL0" name="DeleteDirectory_DeletesWithRetry_NonExistenDir" />
    </UnitTest>
    <UnitTest name="Microsoft.VisualStudio.Services.Agent.Tests.Worker.VariablesL0.GetEnum_DoesNotThrowWhenNull" storage="c:\users\ComputerName\src\test\bin\debug\net6\win-x64\test.dll" id="2187a1a9-e9b0-1faf-d4ce-6b1c46bdff4b">
      <Execution id="a2884aac-7b9a-424f-a6a2-a9ae4a5124fb" />
      <TestMethod codeBase="C:\Users\ComputerName\src\Test\bin\Debug\net6\win-x64\Test.dll" adapterTypeName="executor://xunit/VsTestRunner2" className="Microsoft.VisualStudio.Services.Agent.Tests.Worker.VariablesL0" name="GetEnum_DoesNotThrowWhenNull" />
    </UnitTest>
    <UnitTest name="Test.L0.Worker.Release.AgentUtlitiesL0.VetGetPrintableEnvironmentVariables" storage="c:\users\ComputerName\src\test\bin\debug\net6\win-x64\test.dll" id="42f0f850-5d8a-5c4e-3ee5-b9ea0a6d4fe2">
      <Execution id="a656672f-4b0a-47a8-998d-6e2e650c4c7b" />
      <TestMethod codeBase="C:\Users\ComputerName\src\Test\bin\Debug\net6\win-x64\Test.dll" adapterTypeName="executor://xunit/VsTestRunner2" className="Test.L0.Worker.Release.AgentUtlitiesL0" name="VetGetPrintableEnvironmentVariables" />
    </UnitTest>
    <UnitTest name="Microsoft.VisualStudio.Services.Agent.Tests.Worker.VariablesL0.Constructor_DetectsExcessiveDepth" storage="c:\users\ComputerName\src\test\bin\debug\net6\win-x64\test.dll" id="22d4da06-0793-f480-6561-ce32c1acb6b4">
      <Execution id="5045b630-16f2-469e-a9a9-27a71ee58580" />
      <TestMethod codeBase="C:\Users\ComputerName\src\Test\bin\Debug\net6\win-x64\Test.dll" adapterTypeName="executor://xunit/VsTestRunner2" className="Microsoft.VisualStudio.Services.Agent.Tests.Worker.VariablesL0" name="Constructor_DetectsExcessiveDepth" />
    </UnitTest>
    <UnitTest name="Microsoft.VisualStudio.Services.Agent.Tests.Worker.Telemetry.TelemetryCommandExtensionTests.PublishTelemetryCommandWithSpecialCiProps" storage="c:\users\ComputerName\src\test\bin\debug\net6\win-x64\test.dll" id="8ad3f1a0-88c9-0afd-727b-9e4bda9360e1">
      <Execution id="2c85bf8a-234b-4a0b-bff8-2ea385a7a1bc" />
      <TestMethod codeBase="C:\Users\ComputerName\src\Test\bin\Debug\net6\win-x64\Test.dll" adapterTypeName="executor://xunit/VsTestRunner2" className="Microsoft.VisualStudio.Services.Agent.Tests.Worker.Telemetry.TelemetryCommandExtensionTests" name="PublishTelemetryCommandWithSpecialCiProps" />
    </UnitTest>
    <UnitTest name="Microsoft.VisualStudio.Services.Agent.Tests.Worker.TestResults.JunitResultReaderTests.VerifyTestCaseDurationWhenTestCaseTimeIsInMilliseconds" storage="c:\users\ComputerName\src\test\bin\debug\net6\win-x64\test.dll" id="757d9991-e273-412c-6eb3-b9a73bee0ce7">
      <Execution id="13703417-6c78-4dfb-a411-9fcacbfbf86d" />
      <TestMethod codeBase="C:\Users\ComputerName\src\Test\bin\Debug\net6\win-x64\Test.dll" adapterTypeName="executor://xunit/VsTestRunner2" className="Microsoft.VisualStudio.Services.Agent.Tests.Worker.TestResults.JunitResultReaderTests" name="VerifyTestCaseDurationWhenTestCaseTimeIsInMilliseconds" />
    </UnitTest>
    <UnitTest name="Microsoft.VisualStudio.Services.Agent.Tests.Worker.TestResults.TrxReaderTests.VerifyNoDataCollectorFilesAndPdbsAreAddedAsRunLevelAttachmentsIfSkipFlagIsSet" storage="c:\users\ComputerName\src\test\bin\debug\net6\win-x64\test.dll" id="014a0f4f-2e77-1357-778b-d510876f7eef">
      <Execution id="0d62bbaa-e54d-4977-a374-d9b9e4e7ceaf" />
      <TestMethod codeBase="C:\Users\ComputerName\src\Test\bin\Debug\net6\win-x64\Test.dll" adapterTypeName="executor://xunit/VsTestRunner2" className="Microsoft.VisualStudio.Services.Agent.Tests.Worker.TestResults.TrxReaderTests" name="VerifyNoDataCollectorFilesAndPdbsAreAddedAsRunLevelAttachmentsIfSkipFlagIsSet" />
    </UnitTest>
    <UnitTest name="Microsoft.VisualStudio.Services.Agent.Tests.NodeHandlerL0.UseNewNodeForNewNodeHandler(nodeVersion: &quot;node10&quot;)" storage="c:\users\ComputerName\src\test\bin\debug\net6\win-x64\test.dll" id="2ababcf8-6bc7-65b0-f27a-0959b1119ef6">
      <Execution id="77baccd4-176e-4506-9a7e-c47e8a7d4527" />
      <TestMethod codeBase="C:\Users\ComputerName\src\Test\bin\Debug\net6\win-x64\Test.dll" adapterTypeName="executor://xunit/VsTestRunner2" className="Microsoft.VisualStudio.Services.Agent.Tests.NodeHandlerL0" name="UseNewNodeForNewNodeHandler (e6d83d7ebec2f3f06f6ccda19801be9be9c964a1)" />
    </UnitTest>
    <UnitTest name="Microsoft.VisualStudio.Services.Agent.Tests.ExtensionManagerL0.LoadsTypes" storage="c:\users\ComputerName\src\test\bin\debug\net6\win-x64\test.dll" id="5a5427c3-3254-0272-231e-5ebb629e79ba">
      <Execution id="48abbfe2-de16-47bc-af24-006167466ba4" />
      <TestMethod codeBase="C:\Users\ComputerName\src\Test\bin\Debug\net6\win-x64\Test.dll" adapterTypeName="executor://xunit/VsTestRunner2" className="Microsoft.VisualStudio.Services.Agent.Tests.ExtensionManagerL0" name="LoadsTypes" />
    </UnitTest>
    <UnitTest name="Microsoft.VisualStudio.Services.Agent.Tests.Worker.TestResults.JunitResultReaderTests.PublishBasicJUnitResultsSkipsAddingResultsFileWhenFlagged" storage="c:\users\ComputerName\src\test\bin\debug\net6\win-x64\test.dll" id="f17708d8-76b6-b9a7-756e-e641d9505943">
      <Execution id="1bc0ca52-bcee-4258-8ce9-73b64a11806a" />
      <TestMethod codeBase="C:\Users\ComputerName\src\Test\bin\Debug\net6\win-x64\Test.dll" adapterTypeName="executor://xunit/VsTestRunner2" className="Microsoft.VisualStudio.Services.Agent.Tests.Worker.TestResults.JunitResultReaderTests" name="PublishBasicJUnitResultsSkipsAddingResultsFileWhenFlagged" />
    </UnitTest>
    <UnitTest name="Microsoft.VisualStudio.Services.Agent.Tests.Worker.JobRunnerL0.DontUpdateWebConsoleLineRateIfJobServerQueueIsNull" storage="c:\users\ComputerName\src\test\bin\debug\net6\win-x64\test.dll" id="ac5b9677-328e-ef63-22bd-31dcb7019c07">
      <Execution id="bb6236e7-0ea4-4131-8cc3-e6d1f0cfeb2c" />
      <TestMethod codeBase="C:\Users\ComputerName\src\Test\bin\Debug\net6\win-x64\Test.dll" adapterTypeName="executor://xunit/VsTestRunner2" className="Microsoft.VisualStudio.Services.Agent.Tests.Worker.JobRunnerL0" name="DontUpdateWebConsoleLineRateIfJobServerQueueIsNull" />
    </UnitTest>
    <UnitTest name="Microsoft.VisualStudio.Services.Agent.Tests.Worker.TestResults.JunitResultReaderTests.VerifyCompletedTimeWhenTimeIsInvalid" storage="c:\users\ComputerName\src\test\bin\debug\net6\win-x64\test.dll" id="75378ef4-e1d4-e687-b726-0abb76cc6ed2">
      <Execution id="bbfcdf99-e146-4116-b6df-53e407bca4f4" />
      <TestMethod codeBase="C:\Users\ComputerName\src\Test\bin\Debug\net6\win-x64\Test.dll" adapterTypeName="executor://xunit/VsTestRunner2" className="Microsoft.VisualStudio.Services.Agent.Tests.Worker.TestResults.JunitResultReaderTests" name="VerifyCompletedTimeWhenTimeIsInvalid" />
    </UnitTest>
    <UnitTest name="Microsoft.VisualStudio.Services.Agent.Tests.Worker.StepsRunnerL0.RunsAlwaysSteps" storage="c:\users\ComputerName\src\test\bin\debug\net6\win-x64\test.dll" id="c12f8b3d-2f71-7a6b-89a2-2e5962ee4802">
      <Execution id="dd6f6118-c264-4257-99db-306d68be95d4" />
      <TestMethod codeBase="C:\Users\ComputerName\src\Test\bin\Debug\net6\win-x64\Test.dll" adapterTypeName="executor://xunit/VsTestRunner2" className="Microsoft.VisualStudio.Services.Agent.Tests.Worker.StepsRunnerL0" name="RunsAlwaysSteps" />
    </UnitTest>
    <UnitTest name="Microsoft.VisualStudio.Services.Agent.Tests.HostContextL0.UrlSecretsAreMasked(input: &quot;https://user:pass@example.com:8080/path\nhttps://u&quot;..., expected: &quot;https://user:***@example.com:8080/path\nhttps://us&quot;...)" storage="c:\users\ComputerName\src\test\bin\debug\net6\win-x64\test.dll" id="93055f4c-dea1-a00f-8771-3a70836b9566">
      <Execution id="21565958-434b-4ec1-bfc9-a16be80b763c" />
      <TestMethod codeBase="C:\Users\ComputerName\src\Test\bin\Debug\net6\win-x64\Test.dll" adapterTypeName="executor://xunit/VsTestRunner2" className="Microsoft.VisualStudio.Services.Agent.Tests.HostContextL0" name="UrlSecretsAreMasked (f589797550a250ce8eab4dca182065f6595f7db1)" />
    </UnitTest>
    <UnitTest name="Microsoft.VisualStudio.Services.Agent.Tests.Worker.TestResults.ParserTests.PublishBasicCTestResults" storage="c:\users\ComputerName\src\test\bin\debug\net6\win-x64\test.dll" id="87ddd94f-88d6-f3e3-1738-7aaa463a440e">
      <Execution id="03037017-d4f4-4eaf-aab1-7f51506978a2" />
      <TestMethod codeBase="C:\Users\ComputerName\src\Test\bin\Debug\net6\win-x64\Test.dll" adapterTypeName="executor://xunit/VsTestRunner2" className="Microsoft.VisualStudio.Services.Agent.Tests.Worker.TestResults.ParserTests" name="PublishBasicCTestResults" />
    </UnitTest>
    <UnitTest name="Microsoft.VisualStudio.Services.Agent.Tests.HostContextL0.UrlSecretsAreMasked(input: &quot;http://example.com/path&quot;, expected: &quot;http://example.com/path&quot;)" storage="c:\users\ComputerName\src\test\bin\debug\net6\win-x64\test.dll" id="fb823872-a527-fbc5-de19-422549acaac2">
      <Execution id="9ce7082f-9582-44fd-96b8-f1425517037b" />
      <TestMethod codeBase="C:\Users\ComputerName\src\Test\bin\Debug\net6\win-x64\Test.dll" adapterTypeName="executor://xunit/VsTestRunner2" className="Microsoft.VisualStudio.Services.Agent.Tests.HostContextL0" name="UrlSecretsAreMasked (a77f90e24d5db609900e8445d9132173dd05d80d)" />
    </UnitTest>
    <UnitTest name="Test.L0.Worker.Release.ReleaseDirectoryManagerL0.PrepareArtifactsDirectoryShouldReturnExistingMapIfItExists" storage="c:\users\ComputerName\src\test\bin\debug\net6\win-x64\test.dll" id="42888c43-85a7-f865-53b0-ced340fe2535">
      <Execution id="22485d98-a4f3-45ba-8add-5c0b77dc4234" />
      <TestMethod codeBase="C:\Users\ComputerName\src\Test\bin\Debug\net6\win-x64\Test.dll" adapterTypeName="executor://xunit/VsTestRunner2" className="Test.L0.Worker.Release.ReleaseDirectoryManagerL0" name="PrepareArtifactsDirectoryShouldReturnExistingMapIfItExists" />
    </UnitTest>
    <UnitTest name="Microsoft.VisualStudio.Services.Agent.Tests.Worker.Results.CTestResultReaderTests.VerifyTestCaseStartDate" storage="c:\users\ComputerName\src\test\bin\debug\net6\win-x64\test.dll" id="ecf09bf2-4037-736f-0fac-8b795e1a71d4">
      <Execution id="4fb59d29-a7ac-472f-b736-046ad4a19462" />
      <TestMethod codeBase="C:\Users\ComputerName\src\Test\bin\Debug\net6\win-x64\Test.dll" adapterTypeName="executor://xunit/VsTestRunner2" className="Microsoft.VisualStudio.Services.Agent.Tests.Worker.Results.CTestResultReaderTests" name="VerifyTestCaseStartDate" />
    </UnitTest>
    <UnitTest name="Microsoft.VisualStudio.Services.Agent.Tests.HostContextExtensionL0.CreateHttpClientHandlerForCertValidationDontSkipCert" storage="c:\users\ComputerName\src\test\bin\debug\net6\win-x64\test.dll" id="0c73261e-66d8-34d7-71d1-935f98337c9b">
      <Execution id="efc1af74-c9d6-4951-8c20-ccab8b4eaa9b" />
      <TestMethod codeBase="C:\Users\ComputerName\src\Test\bin\Debug\net6\win-x64\Test.dll" adapterTypeName="executor://xunit/VsTestRunner2" className="Microsoft.VisualStudio.Services.Agent.Tests.HostContextExtensionL0" name="CreateHttpClientHandlerForCertValidationDontSkipCert" />
    </UnitTest>
    <UnitTest name="Microsoft.VisualStudio.Services.Agent.Tests.CommandSettingsL0.PromptsForRunAsService" storage="c:\users\ComputerName\src\test\bin\debug\net6\win-x64\test.dll" id="27bd5533-7c73-cb9b-0c2f-6c849cbe0686">
      <Execution id="c6cae90d-88b4-4eb4-826c-389605c058a3" />
      <TestMethod codeBase="C:\Users\ComputerName\src\Test\bin\Debug\net6\win-x64\Test.dll" adapterTypeName="executor://xunit/VsTestRunner2" className="Microsoft.VisualStudio.Services.Agent.Tests.CommandSettingsL0" name="PromptsForRunAsService" />
    </UnitTest>
    <UnitTest name="Microsoft.VisualStudio.Services.Agent.Tests.Worker.WorkerCommandManagerL0.SimpleTests" storage="c:\users\ComputerName\src\test\bin\debug\net6\win-x64\test.dll" id="c049650e-5c8a-963e-901b-d243341dac60">
      <Execution id="e3250a90-eb9e-459e-9e48-a6955c77d3f6" />
      <TestMethod codeBase="C:\Users\ComputerName\src\Test\bin\Debug\net6\win-x64\Test.dll" adapterTypeName="executor://xunit/VsTestRunner2" className="Microsoft.VisualStudio.Services.Agent.Tests.Worker.WorkerCommandManagerL0" name="SimpleTests" />
    </UnitTest>
    <UnitTest name="Microsoft.VisualStudio.Services.Agent.Tests.SecretMaskerL0.SecretMaskerTests_NegativeMinSecretLengthSet" storage="c:\users\ComputerName\src\test\bin\debug\net6\win-x64\test.dll" id="375eda38-2526-6b2a-c8d3-0747f3ed99a5">
      <Execution id="b00c257e-e069-4d6b-8850-f1cabd26940b" />
      <TestMethod codeBase="C:\Users\ComputerName\src\Test\bin\Debug\net6\win-x64\Test.dll" adapterTypeName="executor://xunit/VsTestRunner2" className="Microsoft.VisualStudio.Services.Agent.Tests.SecretMaskerL0" name="SecretMaskerTests_NegativeMinSecretLengthSet" />
    </UnitTest>
    <UnitTest name="Microsoft.VisualStudio.Services.Agent.Tests.SecretMaskerL0.SecretMaskerTests_RemoveShortRegexes" storage="c:\users\ComputerName\src\test\bin\debug\net6\win-x64\test.dll" id="7af837ff-c723-73e8-aa45-5cd15a5a659f">
      <Execution id="e38af542-a911-418e-a413-0fbd69783bf1" />
      <TestMethod codeBase="C:\Users\ComputerName\src\Test\bin\Debug\net6\win-x64\Test.dll" adapterTypeName="executor://xunit/VsTestRunner2" className="Microsoft.VisualStudio.Services.Agent.Tests.SecretMaskerL0" name="SecretMaskerTests_RemoveShortRegexes" />
    </UnitTest>
    <UnitTest name="Test.L0.Plugin.TestResultParser.TestRunManagerL0.TestRunManager_PublishTestRun_TestSummaryWithoutTests" storage="c:\users\ComputerName\src\test\bin\debug\net6\win-x64\test.dll" id="740014ef-90d3-5ccc-03a7-2f2dc133199a">
      <Execution id="9aaff5d0-e1ce-479d-bc5d-e62db631b737" />
      <TestMethod codeBase="C:\Users\ComputerName\src\Test\bin\Debug\net6\win-x64\Test.dll" adapterTypeName="executor://xunit/VsTestRunner2" className="Test.L0.Plugin.TestResultParser.TestRunManagerL0" name="TestRunManager_PublishTestRun_TestSummaryWithoutTests" />
    </UnitTest>
    <UnitTest name="Test.L0.Plugin.TestResultParser.TestResultLogPluginL0.TestResultLogPlugin_DisableForInvalidBuildContext" storage="c:\users\ComputerName\src\test\bin\debug\net6\win-x64\test.dll" id="3bb498fc-b18d-d2d7-497f-8e1d67f54e43">
      <Execution id="f722c186-ba7a-493d-adad-4e895cbaf1df" />
      <TestMethod codeBase="C:\Users\ComputerName\src\Test\bin\Debug\net6\win-x64\Test.dll" adapterTypeName="executor://xunit/VsTestRunner2" className="Test.L0.Plugin.TestResultParser.TestResultLogPluginL0" name="TestResultLogPlugin_DisableForInvalidBuildContext" />
    </UnitTest>
    <UnitTest name="Microsoft.VisualStudio.Services.Agent.Tests.Worker.TestResults.TestRunPublisherTests.TrxFileUploadsWithCorrectAttachmentType" storage="c:\users\ComputerName\src\test\bin\debug\net6\win-x64\test.dll" id="ab4ce625-f7c8-fdea-8b70-98bd9aa3ba89">
      <Execution id="22e0f465-059a-4525-b629-27d6eaf15a56" />
      <TestMethod codeBase="C:\Users\ComputerName\src\Test\bin\Debug\net6\win-x64\Test.dll" adapterTypeName="executor://xunit/VsTestRunner2" className="Microsoft.VisualStudio.Services.Agent.Tests.Worker.TestResults.TestRunPublisherTests" name="TrxFileUploadsWithCorrectAttachmentType" />
    </UnitTest>
    <UnitTest name="Test.L0.Plugin.TestFilePublisher.TestFilePublisherL0.TestFilePublisher_PublishMultipleFiles" storage="c:\users\ComputerName\src\test\bin\debug\net6\win-x64\test.dll" id="0c105c1f-3338-d541-d7d1-dc3513c20632">
      <Execution id="e6fdff90-5fee-44ab-b12d-2d56112bff2b" />
      <TestMethod codeBase="C:\Users\ComputerName\src\Test\bin\Debug\net6\win-x64\Test.dll" adapterTypeName="executor://xunit/VsTestRunner2" className="Test.L0.Plugin.TestFilePublisher.TestFilePublisherL0" name="TestFilePublisher_PublishMultipleFiles" />
    </UnitTest>
    <UnitTest name="Microsoft.VisualStudio.Services.Agent.Tests.Util.IOUtilL0.DeleteFile_IgnoresDirectory" storage="c:\users\ComputerName\src\test\bin\debug\net6\win-x64\test.dll" id="db43f61c-fc07-28c8-7ad7-02592bcd5e9b">
      <Execution id="5b362ba0-3415-41f5-bd3c-f5388341b170" />
      <TestMethod codeBase="C:\Users\ComputerName\src\Test\bin\Debug\net6\win-x64\Test.dll" adapterTypeName="executor://xunit/VsTestRunner2" className="Microsoft.VisualStudio.Services.Agent.Tests.Util.IOUtilL0" name="DeleteFile_IgnoresDirectory" />
    </UnitTest>
    <UnitTest name="Microsoft.VisualStudio.Services.Agent.Tests.Worker.TaskManagerL0.MatchesPlatform" storage="c:\users\ComputerName\src\test\bin\debug\net6\win-x64\test.dll" id="1540e967-da31-7920-6c6c-0870a670538a">
      <Execution id="08e07d72-c232-428d-8a0f-fb172ccb6e7a" />
      <TestMethod codeBase="C:\Users\ComputerName\src\Test\bin\Debug\net6\win-x64\Test.dll" adapterTypeName="executor://xunit/VsTestRunner2" className="Microsoft.VisualStudio.Services.Agent.Tests.Worker.TaskManagerL0" name="MatchesPlatform" />
    </UnitTest>
    <UnitTest name="Microsoft.VisualStudio.Services.Agent.Tests.Listener.Configuration.PromptManagerTestsL0.PromptsAgainWhenEmpty" storage="c:\users\ComputerName\src\test\bin\debug\net6\win-x64\test.dll" id="269b2ca8-0e6f-fbef-4ccc-12e38377af08">
      <Execution id="2726ea17-f836-4ca2-b4d9-e08fd210376c" />
      <TestMethod codeBase="C:\Users\ComputerName\src\Test\bin\Debug\net6\win-x64\Test.dll" adapterTypeName="executor://xunit/VsTestRunner2" className="Microsoft.VisualStudio.Services.Agent.Tests.Listener.Configuration.PromptManagerTestsL0" name="PromptsAgainWhenEmpty" />
    </UnitTest>
    <UnitTest name="Microsoft.VisualStudio.Services.Agent.Tests.Plugin.RepositoryPluginL0.RepositoryPlugin_CheckoutTask_MergesCheckoutOptions_DoesNotClobberExistingValue" storage="c:\users\ComputerName\src\test\bin\debug\net6\win-x64\test.dll" id="434a36a3-b1ac-4650-7356-2fb133d2bff2">
      <Execution id="d68fff83-7f7e-4429-b3b0-c41de4d36f0f" />
      <TestMethod codeBase="C:\Users\ComputerName\src\Test\bin\Debug\net6\win-x64\Test.dll" adapterTypeName="executor://xunit/VsTestRunner2" className="Microsoft.VisualStudio.Services.Agent.Tests.Plugin.RepositoryPluginL0" name="RepositoryPlugin_CheckoutTask_MergesCheckoutOptions_DoesNotClobberExistingValue" />
    </UnitTest>
    <UnitTest name="Test.L0.Worker.PluginInternalUpdateRepositoryPathCommandL0.Execute_should_set_paths_appropriately_for_self_repo_with_multiple_checkouts" storage="c:\users\ComputerName\src\test\bin\debug\net6\win-x64\test.dll" id="25099e2e-8a0d-5751-4631-349df3e09adc">
      <Execution id="7054e26c-ebc1-48f2-a13f-051808509423" />
      <TestMethod codeBase="C:\Users\ComputerName\src\Test\bin\Debug\net6\win-x64\Test.dll" adapterTypeName="executor://xunit/VsTestRunner2" className="Test.L0.Worker.PluginInternalUpdateRepositoryPathCommandL0" name="Execute_should_set_paths_appropriately_for_self_repo_with_multiple_checkouts" />
    </UnitTest>
    <UnitTest name="Microsoft.VisualStudio.Services.Agent.Tests.PipelineCache.MatchingTests.DetermineFileEnumerationTopLevel" storage="c:\users\ComputerName\src\test\bin\debug\net6\win-x64\test.dll" id="d69d75be-23dc-51a2-aace-f6a0d99436e2">
      <Execution id="f4700eab-8d9e-4ed1-8268-0b37eaa10910" />
      <TestMethod codeBase="C:\Users\ComputerName\src\Test\bin\Debug\net6\win-x64\Test.dll" adapterTypeName="executor://xunit/VsTestRunner2" className="Microsoft.VisualStudio.Services.Agent.Tests.PipelineCache.MatchingTests" name="DetermineFileEnumerationTopLevel" />
    </UnitTest>
    <UnitTest name="Microsoft.VisualStudio.Services.Agent.Tests.Listener.Configuration.PromptManagerTestsL0.FallsBackToDefault" storage="c:\users\ComputerName\src\test\bin\debug\net6\win-x64\test.dll" id="f863c7e3-970b-911e-c684-8d8fdc9de941">
      <Execution id="e39c3362-1159-488e-bd36-47982bc4e34c" />
      <TestMethod codeBase="C:\Users\ComputerName\src\Test\bin\Debug\net6\win-x64\Test.dll" adapterTypeName="executor://xunit/VsTestRunner2" className="Microsoft.VisualStudio.Services.Agent.Tests.Listener.Configuration.PromptManagerTestsL0" name="FallsBackToDefault" />
    </UnitTest>
    <UnitTest name="Microsoft.VisualStudio.Services.Agent.Tests.Worker.SetVariableRestrictionsL0.PrependPathAllowed" storage="c:\users\ComputerName\src\test\bin\debug\net6\win-x64\test.dll" id="f3be8586-24e1-0c45-16d0-92f8e4ec41d4">
      <Execution id="a5015162-4a95-4c25-8aa8-5c7570c4e304" />
      <TestMethod codeBase="C:\Users\ComputerName\src\Test\bin\Debug\net6\win-x64\Test.dll" adapterTypeName="executor://xunit/VsTestRunner2" className="Microsoft.VisualStudio.Services.Agent.Tests.Worker.SetVariableRestrictionsL0" name="PrependPathAllowed" />
    </UnitTest>
    <UnitTest name="Microsoft.VisualStudio.Services.Agent.Tests.Worker.JobRunnerL0.UploadDiganosticLogIfEnvironmentVariableSetMSI" storage="c:\users\ComputerName\src\test\bin\debug\net6\win-x64\test.dll" id="10cb6c48-57f7-aa53-dd4d-8f0738a0e60e">
      <Execution id="42e9409e-3b34-4177-8ee2-2b6d30374e31" />
      <TestMethod codeBase="C:\Users\ComputerName\src\Test\bin\Debug\net6\win-x64\Test.dll" adapterTypeName="executor://xunit/VsTestRunner2" className="Microsoft.VisualStudio.Services.Agent.Tests.Worker.JobRunnerL0" name="UploadDiganosticLogIfEnvironmentVariableSetMSI" />
    </UnitTest>
    <UnitTest name="Microsoft.VisualStudio.Services.Agent.Tests.RegexSecretL0.GetPositions_ReturnsEmpty_WhenNoMatchesExist" storage="c:\users\ComputerName\src\test\bin\debug\net6\win-x64\test.dll" id="7f165852-a741-544a-b1c5-b27e8da08ba2">
      <Execution id="2b914dee-d6c0-4597-859a-161722dcf4fc" />
      <TestMethod codeBase="C:\Users\ComputerName\src\Test\bin\Debug\net6\win-x64\Test.dll" adapterTypeName="executor://xunit/VsTestRunner2" className="Microsoft.VisualStudio.Services.Agent.Tests.RegexSecretL0" name="GetPositions_ReturnsEmpty_WhenNoMatchesExist" />
    </UnitTest>
    <UnitTest name="Microsoft.VisualStudio.Services.Agent.Tests.Worker.TaskDecoratorManagerL0.IsInjectedTaskForTarget_TaskWithoutTargetPrefix" storage="c:\users\ComputerName\src\test\bin\debug\net6\win-x64\test.dll" id="712b7782-3b59-46d6-0e1f-1618439d9447">
      <Execution id="02578c5a-b7b4-493f-94f2-bf52bb2d112e" />
      <TestMethod codeBase="C:\Users\ComputerName\src\Test\bin\Debug\net6\win-x64\Test.dll" adapterTypeName="executor://xunit/VsTestRunner2" className="Microsoft.VisualStudio.Services.Agent.Tests.Worker.TaskDecoratorManagerL0" name="IsInjectedTaskForTarget_TaskWithoutTargetPrefix" />
    </UnitTest>
    <UnitTest name="Microsoft.VisualStudio.Services.Agent.Tests.CommandSettingsL0.ValidatePasswordCanStartWithDash" storage="c:\users\ComputerName\src\test\bin\debug\net6\win-x64\test.dll" id="7e427b8e-c5d6-495b-f0f7-dbf979562c0c">
      <Execution id="2e390572-4ba3-4b7b-91c5-ef11a3b84821" />
      <TestMethod codeBase="C:\Users\ComputerName\src\Test\bin\Debug\net6\win-x64\Test.dll" adapterTypeName="executor://xunit/VsTestRunner2" className="Microsoft.VisualStudio.Services.Agent.Tests.CommandSettingsL0" name="ValidatePasswordCanStartWithDash" />
    </UnitTest>
    <UnitTest name="Microsoft.VisualStudio.Services.Agent.Tests.Worker.TestResults.JunitResultReaderTests.Junit_DtdProhibitedXmlShouldReturnNull" storage="c:\users\ComputerName\src\test\bin\debug\net6\win-x64\test.dll" id="2cc86024-f78f-4003-5713-de727cced124">
      <Execution id="79629a66-461e-4b56-9186-28f5f79badb0" />
      <TestMethod codeBase="C:\Users\ComputerName\src\Test\bin\Debug\net6\win-x64\Test.dll" adapterTypeName="executor://xunit/VsTestRunner2" className="Microsoft.VisualStudio.Services.Agent.Tests.Worker.TestResults.JunitResultReaderTests" name="Junit_DtdProhibitedXmlShouldReturnNull" />
    </UnitTest>
    <UnitTest name="Microsoft.VisualStudio.Services.Agent.Tests.Worker.JobRunnerL0.DontUploadDiagnosticLogIfEnvironmentVariableFalseMSI" storage="c:\users\ComputerName\src\test\bin\debug\net6\win-x64\test.dll" id="9b2252df-8f9c-da5d-8ad1-4e728208530a">
      <Execution id="b17b4126-a84a-4c43-a7c0-1e39371433f4" />
      <TestMethod codeBase="C:\Users\ComputerName\src\Test\bin\Debug\net6\win-x64\Test.dll" adapterTypeName="executor://xunit/VsTestRunner2" className="Microsoft.VisualStudio.Services.Agent.Tests.Worker.JobRunnerL0" name="DontUploadDiagnosticLogIfEnvironmentVariableFalseMSI" />
    </UnitTest>
    <UnitTest name="Test.L0.Worker.Build.WorkspaceMaintenanceProvicerL0.ShouldDisposeCollectedGarbage" storage="c:\users\ComputerName\src\test\bin\debug\net6\win-x64\test.dll" id="0c71a211-d5a3-0b15-c036-7151d41bd7ac">
      <Execution id="54ff5cae-6319-4a4c-a487-250415e8ca95" />
      <TestMethod codeBase="C:\Users\ComputerName\src\Test\bin\Debug\net6\win-x64\Test.dll" adapterTypeName="executor://xunit/VsTestRunner2" className="Test.L0.Worker.Build.WorkspaceMaintenanceProvicerL0" name="ShouldDisposeCollectedGarbage" />
    </UnitTest>
    <UnitTest name="Microsoft.VisualStudio.Services.Agent.Tests.Util.TaskResultUtilL0.TaskResultReturnCodeTranslate" storage="c:\users\ComputerName\src\test\bin\debug\net6\win-x64\test.dll" id="6226a0be-8446-49c8-3dc3-4bed6f174608">
      <Execution id="3bf8cc21-db8b-4d4f-a2dc-53653a03b205" />
      <TestMethod codeBase="C:\Users\ComputerName\src\Test\bin\Debug\net6\win-x64\Test.dll" adapterTypeName="executor://xunit/VsTestRunner2" className="Microsoft.VisualStudio.Services.Agent.Tests.Util.TaskResultUtilL0" name="TaskResultReturnCodeTranslate" />
    </UnitTest>
    <UnitTest name="Microsoft.VisualStudio.Services.Agent.Tests.Worker.TestResults.NunitResultReaderTests.CustomRunTitleIsHonourednunit3" storage="c:\users\ComputerName\src\test\bin\debug\net6\win-x64\test.dll" id="0218c799-46db-9094-8f38-38e09b394a3d">
      <Execution id="70e07309-b753-4d34-bc91-80c681b08fae" />
      <TestMethod codeBase="C:\Users\ComputerName\src\Test\bin\Debug\net6\win-x64\Test.dll" adapterTypeName="executor://xunit/VsTestRunner2" className="Microsoft.VisualStudio.Services.Agent.Tests.Worker.TestResults.NunitResultReaderTests" name="CustomRunTitleIsHonourednunit3" />
    </UnitTest>
    <UnitTest name="Microsoft.VisualStudio.Services.Agent.Tests.SecretMaskerL0.SecretMaskerTests_Encoder" storage="c:\users\ComputerName\src\test\bin\debug\net6\win-x64\test.dll" id="6c45f825-abab-152c-bba4-80b263430324">
      <Execution id="5a4c124a-08fb-4ef4-8fbf-e1ac0f26d2e5" />
      <TestMethod codeBase="C:\Users\ComputerName\src\Test\bin\Debug\net6\win-x64\Test.dll" adapterTypeName="executor://xunit/VsTestRunner2" className="Microsoft.VisualStudio.Services.Agent.Tests.SecretMaskerL0" name="SecretMaskerTests_Encoder" />
    </UnitTest>
    <UnitTest name="Microsoft.VisualStudio.Services.Agent.Tests.CommandSettingsL0.PromptsForPool" storage="c:\users\ComputerName\src\test\bin\debug\net6\win-x64\test.dll" id="139be06f-51b7-9492-5b34-f938c290950b">
      <Execution id="e8964ca7-a073-4a92-9d95-6d4eecaf836f" />
      <TestMethod codeBase="C:\Users\ComputerName\src\Test\bin\Debug\net6\win-x64\Test.dll" adapterTypeName="executor://xunit/VsTestRunner2" className="Microsoft.VisualStudio.Services.Agent.Tests.CommandSettingsL0" name="PromptsForPool" />
    </UnitTest>
    <UnitTest name="Test.L0.Worker.Release.ReleaseDirectoryManagerL0.PrepareArtifactsDirectoryShouldReturnValidMapIfTheWorkingDirectoryContainsFolders" storage="c:\users\ComputerName\src\test\bin\debug\net6\win-x64\test.dll" id="f7ecb4fa-52e4-9123-ae3f-3163f6798305">
      <Execution id="c7695c89-4f4e-4cfb-9df0-7ba880dbf0c5" />
      <TestMethod codeBase="C:\Users\ComputerName\src\Test\bin\Debug\net6\win-x64\Test.dll" adapterTypeName="executor://xunit/VsTestRunner2" className="Test.L0.Worker.Release.ReleaseDirectoryManagerL0" name="PrepareArtifactsDirectoryShouldReturnValidMapIfTheWorkingDirectoryContainsFolders" />
    </UnitTest>
    <UnitTest name="Microsoft.VisualStudio.Services.Agent.Tests.Worker.ExecutionContextL0.StepTarget_VerifySet" storage="c:\users\ComputerName\src\test\bin\debug\net6\win-x64\test.dll" id="b7449577-f3be-2f6f-7f44-0d4dd7d388d9">
      <Execution id="32c6b527-151c-448d-8322-fea3c4ca86c0" />
      <TestMethod codeBase="C:\Users\ComputerName\src\Test\bin\Debug\net6\win-x64\Test.dll" adapterTypeName="executor://xunit/VsTestRunner2" className="Microsoft.VisualStudio.Services.Agent.Tests.Worker.ExecutionContextL0" name="StepTarget_VerifySet" />
    </UnitTest>
    <UnitTest name="Microsoft.VisualStudio.Services.Agent.Tests.Worker.TaskRunnerL0.GetHandlerContainerTargetPreferNodeDisabledTests" storage="c:\users\ComputerName\src\test\bin\debug\net6\win-x64\test.dll" id="f6c72f48-9456-4b88-ed0e-3755ae7d9070">
      <Execution id="cb41de2f-ab95-411e-80db-16b01fb82367" />
      <TestMethod codeBase="C:\Users\ComputerName\src\Test\bin\Debug\net6\win-x64\Test.dll" adapterTypeName="executor://xunit/VsTestRunner2" className="Microsoft.VisualStudio.Services.Agent.Tests.Worker.TaskRunnerL0" name="GetHandlerContainerTargetPreferNodeDisabledTests" />
    </UnitTest>
    <UnitTest name="Microsoft.VisualStudio.Services.Agent.Tests.Listener.AgentAutoLogonTestL0.TestAutoLogonConfiguration" storage="c:\users\ComputerName\src\test\bin\debug\net6\win-x64\test.dll" id="d59db1ba-f163-ffd1-b520-8ce2bd5f1143">
      <Execution id="6d20052d-ab22-449f-a751-319515456cfb" />
      <TestMethod codeBase="C:\Users\ComputerName\src\Test\bin\Debug\net6\win-x64\Test.dll" adapterTypeName="executor://xunit/VsTestRunner2" className="Microsoft.VisualStudio.Services.Agent.Tests.Listener.AgentAutoLogonTestL0" name="TestAutoLogonConfiguration" />
    </UnitTest>
    <UnitTest name="Microsoft.VisualStudio.Services.Agent.Tests.CommandSettingsL0.ValidateGoodCommandline" storage="c:\users\ComputerName\src\test\bin\debug\net6\win-x64\test.dll" id="bf9de493-afd5-5695-6295-d746dcfaa9cd">
      <Execution id="b054752e-fdc8-4e8a-b7f5-c4d2983db31a" />
      <TestMethod codeBase="C:\Users\ComputerName\src\Test\bin\Debug\net6\win-x64\Test.dll" adapterTypeName="executor://xunit/VsTestRunner2" className="Microsoft.VisualStudio.Services.Agent.Tests.CommandSettingsL0" name="ValidateGoodCommandline" />
    </UnitTest>
    <UnitTest name="Microsoft.VisualStudio.Services.Agent.Tests.CommandSettingsL0.GetsFlagAcceptTeeEula" storage="c:\users\ComputerName\src\test\bin\debug\net6\win-x64\test.dll" id="f7f6a38b-7888-673c-63d7-4f0299bf093f">
      <Execution id="490ec796-ef67-42a3-8b17-82b62ecf54b2" />
      <TestMethod codeBase="C:\Users\ComputerName\src\Test\bin\Debug\net6\win-x64\Test.dll" adapterTypeName="executor://xunit/VsTestRunner2" className="Microsoft.VisualStudio.Services.Agent.Tests.CommandSettingsL0" name="GetsFlagAcceptTeeEula" />
    </UnitTest>
    <UnitTest name="Microsoft.VisualStudio.Services.Agent.Tests.Worker.TestResults.JunitResultReaderTests.PublishJUnitKarmaResultFile" storage="c:\users\ComputerName\src\test\bin\debug\net6\win-x64\test.dll" id="f082a5fc-33ca-cf07-21bf-38e3475ab34d">
      <Execution id="dee8435d-62ee-4285-a2ad-6cff1d77018a" />
      <TestMethod codeBase="C:\Users\ComputerName\src\Test\bin\Debug\net6\win-x64\Test.dll" adapterTypeName="executor://xunit/VsTestRunner2" className="Microsoft.VisualStudio.Services.Agent.Tests.Worker.TestResults.JunitResultReaderTests" name="PublishJUnitKarmaResultFile" />
    </UnitTest>
    <UnitTest name="Microsoft.VisualStudio.Services.Agent.Tests.Worker.Build.TrackingManagerL0.LoadsTrackingConfig_NotExists" storage="c:\users\ComputerName\src\test\bin\debug\net6\win-x64\test.dll" id="140cb191-b763-33fb-d89f-8b702fa5cc3a">
      <Execution id="9ea15504-d17e-4cdf-b3b7-fac6654b4f97" />
      <TestMethod codeBase="C:\Users\ComputerName\src\Test\bin\Debug\net6\win-x64\Test.dll" adapterTypeName="executor://xunit/VsTestRunner2" className="Microsoft.VisualStudio.Services.Agent.Tests.Worker.Build.TrackingManagerL0" name="LoadsTrackingConfig_NotExists" />
    </UnitTest>
    <UnitTest name="Microsoft.VisualStudio.Services.Agent.Tests.Worker.TestResults.XUnitResultReaderTests.VerifyReadResultsReturnsDurationAsSumOfAssemblyTimeWhenRunDateNotAvailable" storage="c:\users\ComputerName\src\test\bin\debug\net6\win-x64\test.dll" id="7a183519-41d6-3aff-9335-fca507d53f5b">
      <Execution id="bf22144a-11c2-4d6f-9715-8b7132507718" />
      <TestMethod codeBase="C:\Users\ComputerName\src\Test\bin\Debug\net6\win-x64\Test.dll" adapterTypeName="executor://xunit/VsTestRunner2" className="Microsoft.VisualStudio.Services.Agent.Tests.Worker.TestResults.XUnitResultReaderTests" name="VerifyReadResultsReturnsDurationAsSumOfAssemblyTimeWhenRunDateNotAvailable" />
    </UnitTest>
    <UnitTest name="Microsoft.VisualStudio.Services.Agent.Tests.Listener.JobDispatcherL0.DispatcherRenewJobRequestRecoverFromExceptions" storage="c:\users\ComputerName\src\test\bin\debug\net6\win-x64\test.dll" id="f6073072-c555-3170-b676-fedd5427e6ea">
      <Execution id="2ffeb4a3-9407-40e7-b570-67a724171024" />
      <TestMethod codeBase="C:\Users\ComputerName\src\Test\bin\Debug\net6\win-x64\Test.dll" adapterTypeName="executor://xunit/VsTestRunner2" className="Microsoft.VisualStudio.Services.Agent.Tests.Listener.JobDispatcherL0" name="DispatcherRenewJobRequestRecoverFromExceptions" />
    </UnitTest>
    <UnitTest name="Microsoft.VisualStudio.Services.Agent.Tests.Worker.TestResults.XUnitResultReaderTests.VerifyReadResultsReturnsDurationAsSumOfTestCaseTimeWhenAssemblyTimeTagsNotAvailable" storage="c:\users\ComputerName\src\test\bin\debug\net6\win-x64\test.dll" id="a0783af1-07bb-887a-aeef-9cd4b33b6290">
      <Execution id="24f631dc-98a4-46be-b9f7-9e21be0b5869" />
      <TestMethod codeBase="C:\Users\ComputerName\src\Test\bin\Debug\net6\win-x64\Test.dll" adapterTypeName="executor://xunit/VsTestRunner2" className="Microsoft.VisualStudio.Services.Agent.Tests.Worker.TestResults.XUnitResultReaderTests" name="VerifyReadResultsReturnsDurationAsSumOfTestCaseTimeWhenAssemblyTimeTagsNotAvailable" />
    </UnitTest>
    <UnitTest name="Microsoft.VisualStudio.Services.Agent.Tests.Listener.AgentAutoLogonTestL0.TestAutoLogonRunOnce" storage="c:\users\ComputerName\src\test\bin\debug\net6\win-x64\test.dll" id="04f38f42-7b81-bed1-54b1-5d31072f9af1">
      <Execution id="3c190774-69e7-43e6-b9c3-39f7c596543d" />
      <TestMethod codeBase="C:\Users\ComputerName\src\Test\bin\Debug\net6\win-x64\Test.dll" adapterTypeName="executor://xunit/VsTestRunner2" className="Microsoft.VisualStudio.Services.Agent.Tests.Listener.AgentAutoLogonTestL0" name="TestAutoLogonRunOnce" />
    </UnitTest>
    <UnitTest name="Microsoft.VisualStudio.Services.Agent.Tests.VstsAgentWebProxyL0.CanProcessBypassHostsFromEnvironmentCorrectly" storage="c:\users\ComputerName\src\test\bin\debug\net6\win-x64\test.dll" id="136f8554-c35a-6c81-e10b-7dcb30d692b5">
      <Execution id="ff7e39d6-125d-4272-8a7a-f34bcdccba4c" />
      <TestMethod codeBase="C:\Users\ComputerName\src\Test\bin\Debug\net6\win-x64\Test.dll" adapterTypeName="executor://xunit/VsTestRunner2" className="Microsoft.VisualStudio.Services.Agent.Tests.VstsAgentWebProxyL0" name="CanProcessBypassHostsFromEnvironmentCorrectly" />
    </UnitTest>
    <UnitTest name="Microsoft.VisualStudio.Services.Agent.Tests.Worker.TestResults.XUnitResultReaderTests.VerifyReadResultsReturnsDurationAsDiffBetweenMinStartAndMaxCompletedTime" storage="c:\users\ComputerName\src\test\bin\debug\net6\win-x64\test.dll" id="09ad4a0a-273f-b215-0878-c40e820daf27">
      <Execution id="03f806c9-d3d5-4924-af26-23fa073b8b8d" />
      <TestMethod codeBase="C:\Users\ComputerName\src\Test\bin\Debug\net6\win-x64\Test.dll" adapterTypeName="executor://xunit/VsTestRunner2" className="Microsoft.VisualStudio.Services.Agent.Tests.Worker.TestResults.XUnitResultReaderTests" name="VerifyReadResultsReturnsDurationAsDiffBetweenMinStartAndMaxCompletedTime" />
    </UnitTest>
    <UnitTest name="Microsoft.VisualStudio.Services.Agent.Tests.Worker.ExecutionContextL0.InitializeJob_should_mark_primary_repository" storage="c:\users\ComputerName\src\test\bin\debug\net6\win-x64\test.dll" id="40049496-86d3-6c40-6598-0f190a3d7724">
      <Execution id="63a6c5b5-444e-435b-9185-e379c4bbd6ce" />
      <TestMethod codeBase="C:\Users\ComputerName\src\Test\bin\Debug\net6\win-x64\Test.dll" adapterTypeName="executor://xunit/VsTestRunner2" className="Microsoft.VisualStudio.Services.Agent.Tests.Worker.ExecutionContextL0" name="InitializeJob_should_mark_primary_repository" />
    </UnitTest>
    <UnitTest name="Microsoft.VisualStudio.Services.Agent.Tests.Util.UrlUtilL0.GetCredentialEmbeddedUrl_NoPassword" storage="c:\users\ComputerName\src\test\bin\debug\net6\win-x64\test.dll" id="ddea2e84-5b06-4239-035f-c72d8912c9b6">
      <Execution id="7c272a4a-6517-4ca9-abb7-84443c659a2a" />
      <TestMethod codeBase="C:\Users\ComputerName\src\Test\bin\Debug\net6\win-x64\Test.dll" adapterTypeName="executor://xunit/VsTestRunner2" className="Microsoft.VisualStudio.Services.Agent.Tests.Util.UrlUtilL0" name="GetCredentialEmbeddedUrl_NoPassword" />
    </UnitTest>
    <UnitTest name="Microsoft.VisualStudio.Services.Agent.Tests.Worker.TestResults.NunitResultReaderTests.PublishBasicNUnitResultsSkipsAddingResultsFileWhenFlaggednunit3" storage="c:\users\ComputerName\src\test\bin\debug\net6\win-x64\test.dll" id="9b1daeb4-eb8e-81ef-f5ab-254275d16805">
      <Execution id="fa6f1adf-e065-46f0-bd95-3f46c363d7ad" />
      <TestMethod codeBase="C:\Users\ComputerName\src\Test\bin\Debug\net6\win-x64\Test.dll" adapterTypeName="executor://xunit/VsTestRunner2" className="Microsoft.VisualStudio.Services.Agent.Tests.Worker.TestResults.NunitResultReaderTests" name="PublishBasicNUnitResultsSkipsAddingResultsFileWhenFlaggednunit3" />
    </UnitTest>
    <UnitTest name="Microsoft.VisualStudio.Services.Agent.Tests.CommandSettingsL0.GetsFlagReplace" storage="c:\users\ComputerName\src\test\bin\debug\net6\win-x64\test.dll" id="45215bee-3e4e-618a-2176-75c6a9e51d0f">
      <Execution id="28a7b1a2-802e-40c6-b59b-2e0c44735e1c" />
      <TestMethod codeBase="C:\Users\ComputerName\src\Test\bin\Debug\net6\win-x64\Test.dll" adapterTypeName="executor://xunit/VsTestRunner2" className="Microsoft.VisualStudio.Services.Agent.Tests.CommandSettingsL0" name="GetsFlagReplace" />
    </UnitTest>
    <UnitTest name="Test.L0.Plugin.TestResultParser.EnumerableExtensionL0.ListShouldBeBatchedForAnEmptyList" storage="c:\users\ComputerName\src\test\bin\debug\net6\win-x64\test.dll" id="751303bd-bbad-64f7-1ab0-a034a0ac3751">
      <Execution id="f123a925-fd59-4ddb-b58c-f4b9528d4091" />
      <TestMethod codeBase="C:\Users\ComputerName\src\Test\bin\Debug\net6\win-x64\Test.dll" adapterTypeName="executor://xunit/VsTestRunner2" className="Test.L0.Plugin.TestResultParser.EnumerableExtensionL0" name="ListShouldBeBatchedForAnEmptyList" />
    </UnitTest>
    <UnitTest name="Microsoft.VisualStudio.Services.Agent.Tests.HostContextL0.UrlSecretsAreMasked(input: &quot;https://example.com:8080/path&quot;, expected: &quot;https://example.com:8080/path&quot;)" storage="c:\users\ComputerName\src\test\bin\debug\net6\win-x64\test.dll" id="8015525c-dda4-7f70-46b2-3b50df287476">
      <Execution id="e64638f5-6fbf-4d7a-90f3-f5224e840c66" />
      <TestMethod codeBase="C:\Users\ComputerName\src\Test\bin\Debug\net6\win-x64\Test.dll" adapterTypeName="executor://xunit/VsTestRunner2" className="Microsoft.VisualStudio.Services.Agent.Tests.HostContextL0" name="UrlSecretsAreMasked (2942a4871723946e58895f0ccf264d26283cd2de)" />
    </UnitTest>
    <UnitTest name="Microsoft.VisualStudio.Services.Agent.Tests.Worker.Build.TrackingManagerL0.MergeTrackingConfig_EmptyRepositoryTypeOfPreviousConfig" storage="c:\users\ComputerName\src\test\bin\debug\net6\win-x64\test.dll" id="0db62437-c0c9-bf71-fa32-95eb156189cd">
      <Execution id="4d9bcdab-b4ae-4374-ac27-c5c383f3baf2" />
      <TestMethod codeBase="C:\Users\ComputerName\src\Test\bin\Debug\net6\win-x64\Test.dll" adapterTypeName="executor://xunit/VsTestRunner2" className="Microsoft.VisualStudio.Services.Agent.Tests.Worker.Build.TrackingManagerL0" name="MergeTrackingConfig_EmptyRepositoryTypeOfPreviousConfig" />
    </UnitTest>
    <UnitTest name="Test.L0.Plugin.TestResultParser.TestResultLogPluginL0.TestResultLogPlugin_DisableIfPublishTaskPresent" storage="c:\users\ComputerName\src\test\bin\debug\net6\win-x64\test.dll" id="c9f9f315-7cca-f5d9-3beb-b82957a227e5">
      <Execution id="36621acc-d6e4-4ec1-93b5-e68b1609db37" />
      <TestMethod codeBase="C:\Users\ComputerName\src\Test\bin\Debug\net6\win-x64\Test.dll" adapterTypeName="executor://xunit/VsTestRunner2" className="Test.L0.Plugin.TestResultParser.TestResultLogPluginL0" name="TestResultLogPlugin_DisableIfPublishTaskPresent" />
    </UnitTest>
    <UnitTest name="Microsoft.VisualStudio.Services.Agent.Tests.SecretMaskerL0.IsUserInfoMaskedCorrectly" storage="c:\users\ComputerName\src\test\bin\debug\net6\win-x64\test.dll" id="a02441e4-da29-2551-8803-678c56a07c9f">
      <Execution id="00a0ec27-0eb9-4265-ac30-f182d8f2904f" />
      <TestMethod codeBase="C:\Users\ComputerName\src\Test\bin\Debug\net6\win-x64\Test.dll" adapterTypeName="executor://xunit/VsTestRunner2" className="Microsoft.VisualStudio.Services.Agent.Tests.SecretMaskerL0" name="IsUserInfoMaskedCorrectly" />
    </UnitTest>
    <UnitTest name="Microsoft.VisualStudio.Services.Agent.Tests.ServiceInterfacesL0.AgentInterfacesSpecifyDefaultImplementation" storage="c:\users\ComputerName\src\test\bin\debug\net6\win-x64\test.dll" id="e8cce92f-52b4-f6ca-a5a1-680b079c2ef3">
      <Execution id="c255fb66-2bc9-49eb-8b69-84b1491f1bfb" />
      <TestMethod codeBase="C:\Users\ComputerName\src\Test\bin\Debug\net6\win-x64\Test.dll" adapterTypeName="executor://xunit/VsTestRunner2" className="Microsoft.VisualStudio.Services.Agent.Tests.ServiceInterfacesL0" name="AgentInterfacesSpecifyDefaultImplementation" />
    </UnitTest>
    <UnitTest name="Microsoft.VisualStudio.Services.Agent.Tests.Worker.TestResults.TestRunPublisherTests.AddResultsWithMultiHierarchySubResultsExceedMaxLevel" storage="c:\users\ComputerName\src\test\bin\debug\net6\win-x64\test.dll" id="01477433-2374-1599-8c70-96a53ae6bc61">
      <Execution id="13afd312-29cc-410c-b7db-4b9bfddad8dd" />
      <TestMethod codeBase="C:\Users\ComputerName\src\Test\bin\Debug\net6\win-x64\Test.dll" adapterTypeName="executor://xunit/VsTestRunner2" className="Microsoft.VisualStudio.Services.Agent.Tests.Worker.TestResults.TestRunPublisherTests" name="AddResultsWithMultiHierarchySubResultsExceedMaxLevel" />
    </UnitTest>
    <UnitTest name="Microsoft.VisualStudio.Services.Agent.Tests.CommandSettingsL0.PromptsWhenEmpty" storage="c:\users\ComputerName\src\test\bin\debug\net6\win-x64\test.dll" id="e6033d31-c26b-f78d-092d-63d03c0c2c1f">
      <Execution id="7ab5b626-130c-4f51-a626-ace93603dc28" />
      <TestMethod codeBase="C:\Users\ComputerName\src\Test\bin\Debug\net6\win-x64\Test.dll" adapterTypeName="executor://xunit/VsTestRunner2" className="Microsoft.VisualStudio.Services.Agent.Tests.CommandSettingsL0" name="PromptsWhenEmpty" />
    </UnitTest>
    <UnitTest name="Test.L0.Plugin.TestFilePublisher.TestFilePublisherL0.TestFilePublisher_DontPublishWhenFileExceptionsAreThrown" storage="c:\users\ComputerName\src\test\bin\debug\net6\win-x64\test.dll" id="85b077d1-2ff5-7cc4-0b93-6367b885dba0">
      <Execution id="98514b62-37b4-402b-88be-1f6d97d5bf4f" />
      <TestMethod codeBase="C:\Users\ComputerName\src\Test\bin\Debug\net6\win-x64\Test.dll" adapterTypeName="executor://xunit/VsTestRunner2" className="Test.L0.Plugin.TestFilePublisher.TestFilePublisherL0" name="TestFilePublisher_DontPublishWhenFileExceptionsAreThrown" />
    </UnitTest>
    <UnitTest name="Microsoft.VisualStudio.Services.Agent.Tests.Util.StringUtilL0.FormatAlwaysCallsFormat" storage="c:\users\ComputerName\src\test\bin\debug\net6\win-x64\test.dll" id="66864b3e-b56a-bc2a-9d2a-f8b741ffe8c9">
      <Execution id="cb53bf48-a05b-4b48-aaeb-8daef15fcc54" />
      <TestMethod codeBase="C:\Users\ComputerName\src\Test\bin\Debug\net6\win-x64\Test.dll" adapterTypeName="executor://xunit/VsTestRunner2" className="Microsoft.VisualStudio.Services.Agent.Tests.Util.StringUtilL0" name="FormatAlwaysCallsFormat" />
    </UnitTest>
    <UnitTest name="Microsoft.VisualStudio.Services.Agent.Tests.Worker.TestResults.JunitResultReaderTests.VerifyDurationAsDiffBetweenMinStartAndMaxCompletedDate" storage="c:\users\ComputerName\src\test\bin\debug\net6\win-x64\test.dll" id="c9ff9fb8-b24b-8b41-720d-80e589c99b97">
      <Execution id="e4318775-1fe2-4fbe-a767-22d7481e41e8" />
      <TestMethod codeBase="C:\Users\ComputerName\src\Test\bin\Debug\net6\win-x64\Test.dll" adapterTypeName="executor://xunit/VsTestRunner2" className="Microsoft.VisualStudio.Services.Agent.Tests.Worker.TestResults.JunitResultReaderTests" name="VerifyDurationAsDiffBetweenMinStartAndMaxCompletedDate" />
    </UnitTest>
    <UnitTest name="Microsoft.VisualStudio.Services.Agent.Tests.SecretMaskerL0.SecretMaskerTests_ReplacesValue" storage="c:\users\ComputerName\src\test\bin\debug\net6\win-x64\test.dll" id="26366759-d80b-b18f-0c46-2502560a073a">
      <Execution id="a13661f1-9bdc-4fe6-8de9-ea864216b66c" />
      <TestMethod codeBase="C:\Users\ComputerName\src\Test\bin\Debug\net6\win-x64\Test.dll" adapterTypeName="executor://xunit/VsTestRunner2" className="Microsoft.VisualStudio.Services.Agent.Tests.SecretMaskerL0" name="SecretMaskerTests_ReplacesValue" />
    </UnitTest>
    <UnitTest name="Microsoft.VisualStudio.Services.Agent.Tests.Util.IOUtilL0.DeleteDirectory_IgnoresFile" storage="c:\users\ComputerName\src\test\bin\debug\net6\win-x64\test.dll" id="5f47b793-9236-e9c6-be33-02672f1c9313">
      <Execution id="2196eafd-0e68-4277-b1d3-0e4986ab203f" />
      <TestMethod codeBase="C:\Users\ComputerName\src\Test\bin\Debug\net6\win-x64\Test.dll" adapterTypeName="executor://xunit/VsTestRunner2" className="Microsoft.VisualStudio.Services.Agent.Tests.Util.IOUtilL0" name="DeleteDirectory_IgnoresFile" />
    </UnitTest>
  </TestDefinitions>
  <TestEntries>
    <TestEntry testId="311df49c-5c55-4c01-e498-9e17ccd7690e" executionId="a13556fe-9433-4f5f-bf56-910d1b65764b" testListId="8c84fa94-04c1-424b-9868-57a2d4851a1d" />
    <TestEntry testId="ad609a6f-8acd-a7e3-3beb-5c8cf4d2c892" executionId="08941a68-e568-4aa5-b59e-a4c37fe2283b" testListId="8c84fa94-04c1-424b-9868-57a2d4851a1d" />
    <TestEntry testId="25188a79-9596-a057-a35c-cd3ab2819699" executionId="cf9adb43-22b9-4be7-ad7f-ff731505712d" testListId="8c84fa94-04c1-424b-9868-57a2d4851a1d" />
    <TestEntry testId="85fd67a0-000d-81e3-8852-45c2c6a9b034" executionId="bfab3781-f7bd-42e8-856c-7333110d113e" testListId="8c84fa94-04c1-424b-9868-57a2d4851a1d" />
    <TestEntry testId="e1a727d9-02dd-90f4-e055-0243bfaa4e7c" executionId="cb0e5019-34fa-49ca-8f4a-3aa12aaed582" testListId="8c84fa94-04c1-424b-9868-57a2d4851a1d" />
    <TestEntry testId="3a038b8a-660f-1417-98ef-9c4e2b5005c8" executionId="f5811214-8bf1-4b9e-ade7-f8b2e1846a07" testListId="8c84fa94-04c1-424b-9868-57a2d4851a1d" />
    <TestEntry testId="75378ef4-e1d4-e687-b726-0abb76cc6ed2" executionId="bbfcdf99-e146-4116-b6df-53e407bca4f4" testListId="8c84fa94-04c1-424b-9868-57a2d4851a1d" />
    <TestEntry testId="511bae8f-f87d-7ce1-0d74-6e3e99c5e506" executionId="2b0a0731-c5aa-48dd-b39f-b85d85057e83" testListId="8c84fa94-04c1-424b-9868-57a2d4851a1d" />
    <TestEntry testId="73be1a2f-068c-f45c-623a-791da701ffbc" executionId="a22f74fc-c6da-4d1a-b615-5ef1a19d7fbb" testListId="8c84fa94-04c1-424b-9868-57a2d4851a1d" />
    <TestEntry testId="da682938-b128-9673-6b1a-14f7f114832f" executionId="e97b2a36-f0c1-4c90-a32c-52b27eef50c3" testListId="8c84fa94-04c1-424b-9868-57a2d4851a1d" />
    <TestEntry testId="05894846-389a-3f19-9895-712017fdee7b" executionId="f7656a36-838f-4dfd-a6c0-650387de285e" testListId="8c84fa94-04c1-424b-9868-57a2d4851a1d" />
    <TestEntry testId="b3254095-e399-e782-8521-f5588cb5dbff" executionId="46551cb8-f770-4fff-94e0-3f5c2e066a60" testListId="8c84fa94-04c1-424b-9868-57a2d4851a1d" />
    <TestEntry testId="38979ce7-ea12-2e83-8f59-5528d01b2c3a" executionId="563c9afb-9c21-49e7-b604-5e878f20b74f" testListId="8c84fa94-04c1-424b-9868-57a2d4851a1d" />
    <TestEntry testId="2ab54dc2-9067-7595-a0ab-dd132d2eb641" executionId="c660ab9f-3064-47ea-af7b-bafc17b75c85" testListId="8c84fa94-04c1-424b-9868-57a2d4851a1d" />
    <TestEntry testId="f5736cc7-a23e-4c17-2666-159ac66d66ac" executionId="eec90581-20bf-48c3-bbb0-96b879fd9c4b" testListId="8c84fa94-04c1-424b-9868-57a2d4851a1d" />
    <TestEntry testId="4bba233d-13a9-ee40-0c1a-5b9716328b2f" executionId="1ced6a9a-ab09-4e05-b6e3-f8d4605dcf3f" testListId="8c84fa94-04c1-424b-9868-57a2d4851a1d" />
    <TestEntry testId="d9ad0c09-af8c-7d65-3631-85cab3404b72" executionId="6d9c9c49-a3b5-472e-bd70-c94974ca9354" testListId="8c84fa94-04c1-424b-9868-57a2d4851a1d" />
    <TestEntry testId="75c58202-7455-7227-9d0e-3dedf5ef60ec" executionId="ea03f6e6-03db-4605-90f9-7ca09ac4acff" testListId="8c84fa94-04c1-424b-9868-57a2d4851a1d" />
    <TestEntry testId="f3354edd-9300-bccb-877b-beb1e34794ef" executionId="18fec603-0158-4dad-853e-4023f5bdae62" testListId="8c84fa94-04c1-424b-9868-57a2d4851a1d" />
    <TestEntry testId="2d7f93b9-dd64-3095-f956-6f4fda594685" executionId="ce46397e-cf12-4885-b3eb-a420e3398dd3" testListId="8c84fa94-04c1-424b-9868-57a2d4851a1d" />
    <TestEntry testId="2ed5f705-7b36-aa00-7f29-75be7f4f9ed9" executionId="508a2a0d-c0bc-4fc9-ba13-a3b78a765a2a" testListId="8c84fa94-04c1-424b-9868-57a2d4851a1d" />
    <TestEntry testId="343858b0-c2f5-a8e4-cc8d-4ff792528bf9" executionId="12978b88-6aaf-45b4-8846-68c0f158c95b" testListId="8c84fa94-04c1-424b-9868-57a2d4851a1d" />
    <TestEntry testId="892d9ac5-d660-583d-e9d1-43e131e499bc" executionId="a566222d-789d-474c-8e17-39dbb14be838" testListId="8c84fa94-04c1-424b-9868-57a2d4851a1d" />
    <TestEntry testId="5c2be80e-5269-4c60-669f-698802b60b5c" executionId="19a16347-131f-437b-841f-d8812ebc9c52" testListId="8c84fa94-04c1-424b-9868-57a2d4851a1d" />
    <TestEntry testId="dd6c7ce1-5f1a-c07d-9d28-d3326234a8be" executionId="dab3c96a-7d98-4a9d-a3f1-f2dd4608472d" testListId="8c84fa94-04c1-424b-9868-57a2d4851a1d" />
    <TestEntry testId="d59db1ba-f163-ffd1-b520-8ce2bd5f1143" executionId="6d20052d-ab22-449f-a751-319515456cfb" testListId="8c84fa94-04c1-424b-9868-57a2d4851a1d" />
    <TestEntry testId="51263710-8e48-d62e-329f-5be9dc02f84f" executionId="6db5f17b-9100-47b7-b316-09dc44ab4325" testListId="8c84fa94-04c1-424b-9868-57a2d4851a1d" />
    <TestEntry testId="0a598714-9d4f-54ec-205a-faec8a210d15" executionId="84e5416b-375e-4219-a069-f37fe0c24265" testListId="8c84fa94-04c1-424b-9868-57a2d4851a1d" />
    <TestEntry testId="775afff1-6997-d9d7-5913-77971140f2a9" executionId="feadb925-0995-4802-a701-29e02e959bb0" testListId="8c84fa94-04c1-424b-9868-57a2d4851a1d" />
    <TestEntry testId="0136c670-0492-0af0-26e6-d2c416ba4253" executionId="09bebf06-3408-40d3-80c4-f5732f362d7b" testListId="8c84fa94-04c1-424b-9868-57a2d4851a1d" />
    <TestEntry testId="36b9ae72-6bca-9341-5337-1f5bb8f9c126" executionId="cd0197b1-fb63-4885-9224-73c66b45b03e" testListId="8c84fa94-04c1-424b-9868-57a2d4851a1d" />
    <TestEntry testId="e3fd22f9-d251-70b6-f89c-d16ebc03837f" executionId="1d445c2e-361f-47bb-a8c8-8c089c8f2999" testListId="8c84fa94-04c1-424b-9868-57a2d4851a1d" />
    <TestEntry testId="2160d9de-ad26-4a25-319f-7412c4ec02bb" executionId="54edf5ae-f344-4d2d-b048-335a4d3c9f36" testListId="8c84fa94-04c1-424b-9868-57a2d4851a1d" />
    <TestEntry testId="5e650431-0d07-6e53-2b15-ca6c0745fdb8" executionId="5c675022-f381-4d0b-b432-f8c8a9c88a7e" testListId="8c84fa94-04c1-424b-9868-57a2d4851a1d" />
    <TestEntry testId="ca5e23be-f508-b42d-05c0-e9dc5f4c69d5" executionId="42f733df-1c79-4e1e-ac4e-a0b10815c132" testListId="8c84fa94-04c1-424b-9868-57a2d4851a1d" />
    <TestEntry testId="8d1b16ea-cd10-c0ec-33c2-921ff41bcfcd" executionId="8fd94deb-6f74-4796-ab4e-4b2e18c4e9bc" testListId="8c84fa94-04c1-424b-9868-57a2d4851a1d" />
    <TestEntry testId="bd5e9ce5-7690-7cb7-9796-a670160547af" executionId="b5445d60-28be-434d-a485-c99d8c1974cc" testListId="8c84fa94-04c1-424b-9868-57a2d4851a1d" />
    <TestEntry testId="82c736dc-2682-679b-bd2e-2f3aed8b104c" executionId="9dbea4dd-0b5c-49ea-9f81-eb6c4a269589" testListId="8c84fa94-04c1-424b-9868-57a2d4851a1d" />
    <TestEntry testId="2a2aca6e-f297-7519-ed0b-96ef4cefc97f" executionId="4c14afba-a73a-411c-ba21-d9afe7a50b81" testListId="8c84fa94-04c1-424b-9868-57a2d4851a1d" />
    <TestEntry testId="d2c09644-1c2e-b78d-0087-b1032231944e" executionId="b966d4ba-5a5b-4c9b-83f5-da277f6bbc7a" testListId="8c84fa94-04c1-424b-9868-57a2d4851a1d" />
    <TestEntry testId="742ca703-c9c2-05a5-b79c-6264d1815f3f" executionId="5e97e764-e83b-43b8-89e6-818cf71e851b" testListId="8c84fa94-04c1-424b-9868-57a2d4851a1d" />
    <TestEntry testId="79462b42-50dd-cb49-3233-01dd6be86afd" executionId="d5288029-534a-4500-99ef-6e9cef6eac9b" testListId="8c84fa94-04c1-424b-9868-57a2d4851a1d" />
    <TestEntry testId="40b0733f-a5c0-1f13-2ff6-e6d1c682866f" executionId="c2a42c6d-8055-4280-a0d6-61838268df97" testListId="8c84fa94-04c1-424b-9868-57a2d4851a1d" />
    <TestEntry testId="82d69007-24ca-b3f0-3f84-eb94a94f0951" executionId="18a0dd6b-7731-4149-ac63-cce1eaa5505b" testListId="8c84fa94-04c1-424b-9868-57a2d4851a1d" />
    <TestEntry testId="b13666f2-080d-daa3-80b3-072af429a761" executionId="7a7abf0a-fc0d-4de7-9e07-ddffc71c5167" testListId="8c84fa94-04c1-424b-9868-57a2d4851a1d" />
    <TestEntry testId="8f9a1412-8e1d-a26d-812c-2a8d7adf2e47" executionId="384909ba-d894-49be-b2c5-265ac848a089" testListId="8c84fa94-04c1-424b-9868-57a2d4851a1d" />
    <TestEntry testId="01ee7c42-78bf-1491-590d-e5388d38594f" executionId="918753a6-d9a0-40c5-917b-f92bc763237b" testListId="8c84fa94-04c1-424b-9868-57a2d4851a1d" />
    <TestEntry testId="917b492e-757a-8a07-8a0d-46f1bc126e74" executionId="8450e253-50ef-405b-b62e-9b122ea8d827" testListId="8c84fa94-04c1-424b-9868-57a2d4851a1d" />
    <TestEntry testId="cc4fdcfd-af89-1d3b-7c47-c7556037c82d" executionId="a697c968-f32f-4329-b0e6-fa3d77cb113e" testListId="8c84fa94-04c1-424b-9868-57a2d4851a1d" />
    <TestEntry testId="e27cc6eb-d6e1-711d-9a0d-20d962f042a9" executionId="bd7b8b26-2b57-4e35-b476-06a5566c5fc2" testListId="8c84fa94-04c1-424b-9868-57a2d4851a1d" />
    <TestEntry testId="558291f8-bd02-470a-1603-213e4fe36aec" executionId="df741d71-46c0-4611-8c99-8a4f91c0324f" testListId="8c84fa94-04c1-424b-9868-57a2d4851a1d" />
    <TestEntry testId="8b1900bb-77f4-8416-19cc-baadc6b6565d" executionId="3b752111-137d-4e92-b0bd-8116ac094f2f" testListId="8c84fa94-04c1-424b-9868-57a2d4851a1d" />
    <TestEntry testId="7b7e10be-fb44-18b5-fef3-53f0aa884c92" executionId="b166bbd2-5844-4121-b0a3-47d08c4de997" testListId="8c84fa94-04c1-424b-9868-57a2d4851a1d" />
    <TestEntry testId="fb5a251b-38fd-8c12-564e-88d1784308fa" executionId="64c9d0d7-1b96-4c4f-a9e5-717b459c1939" testListId="8c84fa94-04c1-424b-9868-57a2d4851a1d" />
    <TestEntry testId="55e0032f-922f-0304-97b9-a2ce56fab20f" executionId="679f1d4e-5d14-4ba0-9f70-3e87cc5d5751" testListId="8c84fa94-04c1-424b-9868-57a2d4851a1d" />
    <TestEntry testId="b72fb091-ac7b-a766-7401-8602967a0f85" executionId="831801ff-075a-4989-9256-f1e693053cbd" testListId="8c84fa94-04c1-424b-9868-57a2d4851a1d" />
    <TestEntry testId="193bc478-eb30-4a04-df52-80924e2ecea4" executionId="f511bc07-05f9-4e97-91b1-e35c5d72da48" testListId="8c84fa94-04c1-424b-9868-57a2d4851a1d" />
    <TestEntry testId="04ccab34-b1d4-e71d-4593-15f6c6fc137f" executionId="7465d904-3852-4cba-b65a-f172658ce5e7" testListId="8c84fa94-04c1-424b-9868-57a2d4851a1d" />
    <TestEntry testId="9f3d9bff-292e-8d90-1bab-b5c30d55ad90" executionId="e0b13651-7f75-4c1f-b72f-1a03aecf75c2" testListId="8c84fa94-04c1-424b-9868-57a2d4851a1d" />
    <TestEntry testId="5cf226f4-18a3-993b-ee19-7846b2457011" executionId="a19f906b-0227-4316-8315-621d6d85971d" testListId="8c84fa94-04c1-424b-9868-57a2d4851a1d" />
    <TestEntry testId="596eee24-6c29-3187-f9e2-7c5dafa7f03f" executionId="6ea2be0b-6f0c-4148-be51-0dff18b1a54c" testListId="8c84fa94-04c1-424b-9868-57a2d4851a1d" />
    <TestEntry testId="0de7d7e3-794c-13b3-aa3c-550b21a8a76b" executionId="d48c6081-ef85-47f8-b7c2-62954232005f" testListId="8c84fa94-04c1-424b-9868-57a2d4851a1d" />
    <TestEntry testId="ee8539ad-49e7-ca54-14bc-9a2ebb5b54e3" executionId="485d7acf-f80b-4ce6-99e4-02c301e28fa8" testListId="8c84fa94-04c1-424b-9868-57a2d4851a1d" />
    <TestEntry testId="dd380f5c-60bd-42d3-3c4a-eca34ed8b54f" executionId="2c7a6806-4e1a-4379-ba83-58204ea01b79" testListId="8c84fa94-04c1-424b-9868-57a2d4851a1d" />
    <TestEntry testId="970faa73-2e6b-aa08-dc25-fd38ef365c57" executionId="86e92355-ff61-4b0a-9ed7-ae59d4b04d6f" testListId="8c84fa94-04c1-424b-9868-57a2d4851a1d" />
    <TestEntry testId="2187a1a9-e9b0-1faf-d4ce-6b1c46bdff4b" executionId="a2884aac-7b9a-424f-a6a2-a9ae4a5124fb" testListId="8c84fa94-04c1-424b-9868-57a2d4851a1d" />
    <TestEntry testId="732c2c42-47ff-b131-c9ce-cba9360a0162" executionId="66213b65-4ea9-4238-8b62-8568762bc965" testListId="8c84fa94-04c1-424b-9868-57a2d4851a1d" />
    <TestEntry testId="27afcb2b-d122-61ff-7940-ea9577409ddb" executionId="38067d28-1017-44f7-b132-a7914b30f844" testListId="8c84fa94-04c1-424b-9868-57a2d4851a1d" />
    <TestEntry testId="12bb8877-345c-637e-5b30-a6f1960bb8c8" executionId="7d8001d0-705d-4dc7-ba44-7feecaa7fd7b" testListId="8c84fa94-04c1-424b-9868-57a2d4851a1d" />
    <TestEntry testId="84261e44-7a9e-b624-b17b-56494047d4a3" executionId="428220da-71c9-4125-9172-4525e330e76d" testListId="8c84fa94-04c1-424b-9868-57a2d4851a1d" />
    <TestEntry testId="076ebc4f-ebdf-8959-72bd-c8be26741449" executionId="de19c95a-a067-43e7-a5b6-fe4bd0109613" testListId="8c84fa94-04c1-424b-9868-57a2d4851a1d" />
    <TestEntry testId="89431f86-8db5-0206-372b-b89fca66cf1a" executionId="3556de85-fd35-4a4e-b714-615d27b33d59" testListId="8c84fa94-04c1-424b-9868-57a2d4851a1d" />
    <TestEntry testId="f082a5fc-33ca-cf07-21bf-38e3475ab34d" executionId="dee8435d-62ee-4285-a2ad-6cff1d77018a" testListId="8c84fa94-04c1-424b-9868-57a2d4851a1d" />
    <TestEntry testId="7afee3c4-b1e7-4ea3-8ced-fac198d29497" executionId="a68c6728-827e-45b2-adda-1b015ae5c481" testListId="8c84fa94-04c1-424b-9868-57a2d4851a1d" />
    <TestEntry testId="e7ef87fd-2152-be20-b813-ef9a7c63f804" executionId="448efe1d-d1c2-4dbb-8120-9bfc763e81cb" testListId="8c84fa94-04c1-424b-9868-57a2d4851a1d" />
    <TestEntry testId="487bb204-a7df-a0a4-4a1b-2112e3fd678d" executionId="a6b47e3f-7859-4156-8ded-f64fc2e6456b" testListId="8c84fa94-04c1-424b-9868-57a2d4851a1d" />
    <TestEntry testId="5546c02a-4052-810b-e2c5-7de8ffd7fe92" executionId="116e6291-7d10-47fb-9e1a-28ebfb166e68" testListId="8c84fa94-04c1-424b-9868-57a2d4851a1d" />
    <TestEntry testId="59a86a71-017c-aad9-f381-3b8653c42811" executionId="c972850f-3b87-443d-a01d-c669ea7d03c0" testListId="8c84fa94-04c1-424b-9868-57a2d4851a1d" />
    <TestEntry testId="7561dfc6-4c32-0fb1-a6d5-2674b5da20f6" executionId="25a1f7de-ef48-423b-aff7-2ca05471c8de" testListId="8c84fa94-04c1-424b-9868-57a2d4851a1d" />
    <TestEntry testId="ec482b44-5589-c9d7-affe-0e386fe4c87d" executionId="68c14087-e4a2-407b-854b-81d1a45eaefb" testListId="8c84fa94-04c1-424b-9868-57a2d4851a1d" />
    <TestEntry testId="c8e44992-bc6b-0dc4-3e5d-cca11b6734e1" executionId="118ff7ba-03e5-4f48-ba0c-542fe9c51b3a" testListId="8c84fa94-04c1-424b-9868-57a2d4851a1d" />
    <TestEntry testId="cc51274f-94d9-23e5-fad4-f3203861b80b" executionId="9be1b8f8-03d3-410a-8cd8-140fc5172b02" testListId="8c84fa94-04c1-424b-9868-57a2d4851a1d" />
    <TestEntry testId="709abc80-9672-3f61-605c-221e96880a72" executionId="08cdb48f-3de5-4ea8-8b17-a8a55b6b2a53" testListId="8c84fa94-04c1-424b-9868-57a2d4851a1d" />
    <TestEntry testId="de2daace-81e3-095e-05af-b050daa55cb2" executionId="d04557f5-b42b-4b6b-8832-c6c05c403bc7" testListId="8c84fa94-04c1-424b-9868-57a2d4851a1d" />
    <TestEntry testId="38525529-dce0-1563-f93e-42da9b3deaf0" executionId="9bc16da6-8145-4b09-83bf-b1b2304916cc" testListId="8c84fa94-04c1-424b-9868-57a2d4851a1d" />
    <TestEntry testId="0c73261e-66d8-34d7-71d1-935f98337c9b" executionId="efc1af74-c9d6-4951-8c20-ccab8b4eaa9b" testListId="8c84fa94-04c1-424b-9868-57a2d4851a1d" />
    <TestEntry testId="8a20df39-decd-f273-f100-396910d78c97" executionId="91fe8831-168a-4101-b066-1d8effa7d1a1" testListId="8c84fa94-04c1-424b-9868-57a2d4851a1d" />
    <TestEntry testId="30dc0b31-1890-c554-b76e-55e02316e51a" executionId="969d82e7-07ea-4fa0-a6bf-2da6313f94c1" testListId="8c84fa94-04c1-424b-9868-57a2d4851a1d" />
    <TestEntry testId="cdb68dc0-7e5e-3fe4-47eb-b20adcbbbd74" executionId="76b8cf39-8a5d-4b7e-85ba-75845a4731f8" testListId="8c84fa94-04c1-424b-9868-57a2d4851a1d" />
    <TestEntry testId="aa97661a-46aa-38b7-aa1d-4ad5e2cf6f54" executionId="0e4274e3-8a4c-4bd8-a880-e2f9c2c7d516" testListId="8c84fa94-04c1-424b-9868-57a2d4851a1d" />
    <TestEntry testId="e77ac467-117f-3926-36da-4f132df0bdb5" executionId="6871ab58-fe25-4f35-a41c-db645e3f7f84" testListId="8c84fa94-04c1-424b-9868-57a2d4851a1d" />
    <TestEntry testId="b9d7a949-98bb-f51c-647c-cf359126d5a5" executionId="e20349c0-c94c-4de1-97dd-fed5f16731cb" testListId="8c84fa94-04c1-424b-9868-57a2d4851a1d" />
    <TestEntry testId="f7231fb5-3a5b-8672-84ae-ee622e6005bb" executionId="76a232bb-c7c3-4374-8647-7f172c61532a" testListId="8c84fa94-04c1-424b-9868-57a2d4851a1d" />
    <TestEntry testId="59c90193-bf3b-f574-7ae1-e575ede2426c" executionId="1b6255dc-9ddb-45d4-a2a0-e4aa8f1b968a" testListId="8c84fa94-04c1-424b-9868-57a2d4851a1d" />
    <TestEntry testId="2bed5334-3510-3821-5ba8-0d76c3ed7bc4" executionId="b98cfc9d-74d5-4ac7-9471-781b40936f91" testListId="8c84fa94-04c1-424b-9868-57a2d4851a1d" />
    <TestEntry testId="3f120e74-0372-a646-4e7e-a2405b389e13" executionId="9f151603-e78c-4c7a-a202-0e6eaf5db7b0" testListId="8c84fa94-04c1-424b-9868-57a2d4851a1d" />
    <TestEntry testId="591c6937-c92a-da12-4dda-b231351457b8" executionId="5d47209b-b0ac-4860-882a-b4641ad84f6b" testListId="8c84fa94-04c1-424b-9868-57a2d4851a1d" />
    <TestEntry testId="557b0d3e-ef30-b7c6-285d-b73d77337801" executionId="ed46ceb5-6244-42b0-b266-e1d6a86815c7" testListId="8c84fa94-04c1-424b-9868-57a2d4851a1d" />
    <TestEntry testId="91b49766-0b11-a2cc-33db-e13a7bf76a3b" executionId="b2abfa0b-672b-4bc8-9983-f56b24d98954" testListId="8c84fa94-04c1-424b-9868-57a2d4851a1d" />
    <TestEntry testId="76df44cd-55e6-513d-2331-704708f8a5d9" executionId="fa52bc55-7e69-4154-be8e-8ed90e1fde63" testListId="8c84fa94-04c1-424b-9868-57a2d4851a1d" />
    <TestEntry testId="b8cac327-9767-850a-09d0-a769e7990271" executionId="97d8ee33-3a16-47a7-811f-ff92d2983443" testListId="8c84fa94-04c1-424b-9868-57a2d4851a1d" />
    <TestEntry testId="9d96a0e2-bd47-6c50-a277-c20f2062ad92" executionId="2e4b6c35-dcdf-4a7e-862e-fa6d31e34418" testListId="8c84fa94-04c1-424b-9868-57a2d4851a1d" />
    <TestEntry testId="0c9410a8-5fbb-4f4a-3dae-2de110484119" executionId="b0c23703-49db-4265-a730-fc65efda0d89" testListId="8c84fa94-04c1-424b-9868-57a2d4851a1d" />
    <TestEntry testId="b7f4a808-5d99-4286-97d7-92af9a4890d3" executionId="c1babccb-2189-4a59-b4fa-e9e220810df8" testListId="8c84fa94-04c1-424b-9868-57a2d4851a1d" />
    <TestEntry testId="3de89a88-f599-e086-d428-92be26ac3cf2" executionId="1c37052e-e388-44ba-82fe-d1a6334391ca" testListId="8c84fa94-04c1-424b-9868-57a2d4851a1d" />
    <TestEntry testId="7320d0d0-aec0-0e2c-dfc8-3fefd791524d" executionId="3ed3b4f6-c0fa-4764-b437-fed726cd8a24" testListId="8c84fa94-04c1-424b-9868-57a2d4851a1d" />
    <TestEntry testId="eda2f050-4473-24b0-9592-6f2af01fd9be" executionId="9e2c4208-86ea-4f76-a89c-0cb65a13ca91" testListId="8c84fa94-04c1-424b-9868-57a2d4851a1d" />
    <TestEntry testId="8ad3f1a0-88c9-0afd-727b-9e4bda9360e1" executionId="2c85bf8a-234b-4a0b-bff8-2ea385a7a1bc" testListId="8c84fa94-04c1-424b-9868-57a2d4851a1d" />
    <TestEntry testId="f6d70230-6398-8e1b-fe8b-3b03025c1516" executionId="100ae2f5-6498-462d-9b4c-03e9379d6c2a" testListId="8c84fa94-04c1-424b-9868-57a2d4851a1d" />
    <TestEntry testId="91f1412c-d692-a17d-f721-4f70a228472b" executionId="98f6dcd5-dba2-4b98-8124-77ddab4f56aa" testListId="8c84fa94-04c1-424b-9868-57a2d4851a1d" />
    <TestEntry testId="af2d681d-9dd6-b08b-cd78-3b5da4b8f6b2" executionId="7b91322c-059e-41d3-a732-f4c43f4dbc57" testListId="8c84fa94-04c1-424b-9868-57a2d4851a1d" />
    <TestEntry testId="483bc69b-d3e9-3089-9d40-9064ac7dbf73" executionId="3d5ee14a-dd5b-4ceb-9c2b-1fba4b6ceaf9" testListId="8c84fa94-04c1-424b-9868-57a2d4851a1d" />
    <TestEntry testId="d9386c61-c18a-ac65-d793-52f7f3c79154" executionId="f87973b6-26ec-4029-b172-5b25dab798a9" testListId="8c84fa94-04c1-424b-9868-57a2d4851a1d" />
    <TestEntry testId="77cc3f99-fced-b2f3-fa7c-e8ac7402a309" executionId="004833f2-744c-4c52-bd28-2c158b02322b" testListId="8c84fa94-04c1-424b-9868-57a2d4851a1d" />
    <TestEntry testId="286e2e1d-bd8b-8bd0-2f7b-f25ce5ac8be3" executionId="a87e5298-52b1-4b5a-8711-ac33770965f2" testListId="8c84fa94-04c1-424b-9868-57a2d4851a1d" />
    <TestEntry testId="17ab09f3-fcb1-5d35-c344-9c5b553a2e92" executionId="b77dd37b-51dc-464c-a79e-503bd53ad3c9" testListId="8c84fa94-04c1-424b-9868-57a2d4851a1d" />
    <TestEntry testId="751303bd-bbad-64f7-1ab0-a034a0ac3751" executionId="f123a925-fd59-4ddb-b58c-f4b9528d4091" testListId="8c84fa94-04c1-424b-9868-57a2d4851a1d" />
    <TestEntry testId="f24fafc0-e865-1526-e68f-08cba4f8ae29" executionId="6c88e9aa-b778-4c2f-8a03-33d9d4ca699a" testListId="8c84fa94-04c1-424b-9868-57a2d4851a1d" />
    <TestEntry testId="76e3b351-3082-21f8-e244-14beb29ab9fe" executionId="664e85e0-5db9-448e-b1c6-0ffedc7ff877" testListId="8c84fa94-04c1-424b-9868-57a2d4851a1d" />
    <TestEntry testId="2702f22e-e3b6-3a5e-8d76-db0ff7e52005" executionId="b585e54e-6ef8-4ecd-83a5-12a9fba28f33" testListId="8c84fa94-04c1-424b-9868-57a2d4851a1d" />
    <TestEntry testId="98c38a35-a0f4-eebc-c203-5d6892dc2342" executionId="4fe811b6-f950-4f71-8913-a3a6967aeacc" testListId="8c84fa94-04c1-424b-9868-57a2d4851a1d" />
    <TestEntry testId="6227de3c-b702-aa33-1b20-623d36392e15" executionId="4365349f-34e0-4e29-acc1-e8303cd425a0" testListId="8c84fa94-04c1-424b-9868-57a2d4851a1d" />
    <TestEntry testId="38b1b4e2-8f7d-52a0-288d-897fe437ffb4" executionId="3b73cf46-6b58-4092-9daa-eff765178c87" testListId="8c84fa94-04c1-424b-9868-57a2d4851a1d" />
    <TestEntry testId="4d0423ae-da1e-2a72-806f-e9bb50cb684c" executionId="74e60d83-9223-4c9a-bfe4-e31d3e4afa96" testListId="8c84fa94-04c1-424b-9868-57a2d4851a1d" />
    <TestEntry testId="f74f4d1d-4713-9330-9071-ac8ab5006900" executionId="e6b48078-3af3-430b-a173-d2c35ed9b3ec" testListId="8c84fa94-04c1-424b-9868-57a2d4851a1d" />
    <TestEntry testId="e79e2cf0-23ed-a066-6b07-49451da56c43" executionId="cd9bb690-e04a-49da-9898-3d7d735d8f76" testListId="8c84fa94-04c1-424b-9868-57a2d4851a1d" />
    <TestEntry testId="c1ffc5d2-6143-fe06-2586-f4ee7dfe4422" executionId="a46499ce-ee1f-40d8-b774-e31e2885e9f9" testListId="8c84fa94-04c1-424b-9868-57a2d4851a1d" />
    <TestEntry testId="45215bee-3e4e-618a-2176-75c6a9e51d0f" executionId="28a7b1a2-802e-40c6-b59b-2e0c44735e1c" testListId="8c84fa94-04c1-424b-9868-57a2d4851a1d" />
    <TestEntry testId="55fe5e66-7a36-ad4f-1c2c-2692cef7ee7e" executionId="98a5cc99-adc7-481e-a83b-690f0f67de5b" testListId="8c84fa94-04c1-424b-9868-57a2d4851a1d" />
    <TestEntry testId="41806247-1907-253a-c28d-832d6c7bae6e" executionId="cbaf82ea-ca3c-45a5-8b1d-b985f30245f3" testListId="8c84fa94-04c1-424b-9868-57a2d4851a1d" />
    <TestEntry testId="881f604f-69c2-aea2-5c19-f4c4a7a18cc4" executionId="58ea5ecf-86d7-4f67-a67c-348ec082ca41" testListId="8c84fa94-04c1-424b-9868-57a2d4851a1d" />
    <TestEntry testId="d280de51-0189-d5ff-b159-9b5d03da042f" executionId="876d54be-ddad-4cf9-96da-203ed1e44af8" testListId="8c84fa94-04c1-424b-9868-57a2d4851a1d" />
    <TestEntry testId="d9f1f6a5-b088-d34d-f35a-9f399c453df0" executionId="0799c874-a964-4571-992e-65942ec0d93e" testListId="8c84fa94-04c1-424b-9868-57a2d4851a1d" />
    <TestEntry testId="88560b90-acba-fe69-b65b-2a2842d23232" executionId="9a3b1fbf-af5b-4cf7-8e40-5bac4f6a768a" testListId="8c84fa94-04c1-424b-9868-57a2d4851a1d" />
    <TestEntry testId="ce33eb2c-09a8-96d2-e35e-90ea3b4b0250" executionId="96e34ffc-0564-45c1-86d7-bc7c70dcca53" testListId="8c84fa94-04c1-424b-9868-57a2d4851a1d" />
    <TestEntry testId="60fe4059-8e9b-7761-a65b-8e8eff085214" executionId="e98bc917-9f8b-4a7d-b490-2f16cffe5d4b" testListId="8c84fa94-04c1-424b-9868-57a2d4851a1d" />
    <TestEntry testId="2c404532-8e05-fb2c-21a8-fb79bad854a1" executionId="48a9f9ce-0673-4170-9099-7dc64e520515" testListId="8c84fa94-04c1-424b-9868-57a2d4851a1d" />
    <TestEntry testId="687ff9aa-a96e-936b-72a0-5a809c9fc9bf" executionId="817ac7af-de03-43f3-b620-79aca0ef59f9" testListId="8c84fa94-04c1-424b-9868-57a2d4851a1d" />
    <TestEntry testId="42a4c4e8-24c2-f1d4-ea32-0da0148c4f0c" executionId="281a671e-ee1b-425f-b52c-1af9030a5668" testListId="8c84fa94-04c1-424b-9868-57a2d4851a1d" />
    <TestEntry testId="3978fb3b-aac2-72dc-9482-3f27324d8e34" executionId="9da7dfe1-ac67-4d0e-9bde-b638a5d9b8bf" testListId="8c84fa94-04c1-424b-9868-57a2d4851a1d" />
    <TestEntry testId="8d30cb0e-a823-3adb-0740-e4a83a75ba85" executionId="b2b452bf-1fc9-4f61-8c31-a071091d6241" testListId="8c84fa94-04c1-424b-9868-57a2d4851a1d" />
    <TestEntry testId="8484cd9f-bbcb-bf3b-77c0-0762df561c61" executionId="e4af65d8-cfcb-467f-8720-20622ab0d593" testListId="8c84fa94-04c1-424b-9868-57a2d4851a1d" />
    <TestEntry testId="97032f68-be27-e093-8288-ee7397717322" executionId="0df12e5f-9e2b-4774-88ef-6c715ad8d781" testListId="8c84fa94-04c1-424b-9868-57a2d4851a1d" />
    <TestEntry testId="1a0a98e8-a3d3-bab6-02ce-c630d5275fb7" executionId="81c8775b-d625-445c-89f3-82d64aec6641" testListId="8c84fa94-04c1-424b-9868-57a2d4851a1d" />
    <TestEntry testId="269b2ca8-0e6f-fbef-4ccc-12e38377af08" executionId="2726ea17-f836-4ca2-b4d9-e08fd210376c" testListId="8c84fa94-04c1-424b-9868-57a2d4851a1d" />
    <TestEntry testId="6a220b54-8b95-9018-73bb-ba9a08ea3273" executionId="fb061c5a-7b26-4de0-a19f-a73296e2cf68" testListId="8c84fa94-04c1-424b-9868-57a2d4851a1d" />
    <TestEntry testId="40b0733f-a5c0-1f13-2ff6-e6d1c682866f" executionId="5f31be22-973e-48f3-bcc5-40e9254a157e" testListId="8c84fa94-04c1-424b-9868-57a2d4851a1d" />
    <TestEntry testId="4de5a206-613c-b678-eb37-8aefcaa354b9" executionId="2f622dfc-42f7-4dbf-b0ef-a8f2c53b6c1a" testListId="8c84fa94-04c1-424b-9868-57a2d4851a1d" />
    <TestEntry testId="044a880a-47e7-4cd4-dd0d-8da81e203756" executionId="d70c3596-8c99-4eec-a257-3ef580e50c59" testListId="8c84fa94-04c1-424b-9868-57a2d4851a1d" />
    <TestEntry testId="5d850277-9428-4b7e-720b-f19605653c7a" executionId="4d3554da-b370-450d-b376-84341bca5be3" testListId="8c84fa94-04c1-424b-9868-57a2d4851a1d" />
    <TestEntry testId="42888c43-85a7-f865-53b0-ced340fe2535" executionId="22485d98-a4f3-45ba-8add-5c0b77dc4234" testListId="8c84fa94-04c1-424b-9868-57a2d4851a1d" />
    <TestEntry testId="bf3eebf7-2346-5d67-2192-aecdd3ed986d" executionId="6e5775ed-632f-4859-94f8-008077781c5e" testListId="8c84fa94-04c1-424b-9868-57a2d4851a1d" />
    <TestEntry testId="479b1bbb-92d8-2c5a-a778-ef17cc199f65" executionId="47cda8a8-4670-4ec4-964c-545e71df6dd2" testListId="8c84fa94-04c1-424b-9868-57a2d4851a1d" />
    <TestEntry testId="fc7c7d58-96b7-e8fe-bd57-e59538dc337f" executionId="b458989d-d0c9-4941-bcd5-ff8e4fdf43e3" testListId="8c84fa94-04c1-424b-9868-57a2d4851a1d" />
    <TestEntry testId="9e9a3bc4-2bbd-1fe9-67af-a6f9adb5f6e1" executionId="820ac198-8384-4806-9b3c-c86404ad6560" testListId="8c84fa94-04c1-424b-9868-57a2d4851a1d" />
    <TestEntry testId="139be06f-51b7-9492-5b34-f938c290950b" executionId="e8964ca7-a073-4a92-9d95-6d4eecaf836f" testListId="8c84fa94-04c1-424b-9868-57a2d4851a1d" />
    <TestEntry testId="f3be8586-24e1-0c45-16d0-92f8e4ec41d4" executionId="a5015162-4a95-4c25-8aa8-5c7570c4e304" testListId="8c84fa94-04c1-424b-9868-57a2d4851a1d" />
    <TestEntry testId="73a5a1d4-2e50-b814-67ac-375a4ad510e2" executionId="eb61c611-cdf9-4b51-931e-7f34439b9588" testListId="8c84fa94-04c1-424b-9868-57a2d4851a1d" />
    <TestEntry testId="44e647eb-205c-d1f6-abcb-c542b63548af" executionId="3a9aa29a-c614-4380-957d-f967ed09afc8" testListId="8c84fa94-04c1-424b-9868-57a2d4851a1d" />
    <TestEntry testId="54917d47-1d61-0e28-a3d9-0e8cf9bc47e1" executionId="a91f5958-f5cc-4f09-b06d-9d28af928760" testListId="8c84fa94-04c1-424b-9868-57a2d4851a1d" />
    <TestEntry testId="0403b6bb-ea00-ecd1-a849-799ffa5b4bc4" executionId="e8006ceb-e4e4-4cfd-80f0-5939896664ab" testListId="8c84fa94-04c1-424b-9868-57a2d4851a1d" />
    <TestEntry testId="7ff1f793-b19a-fcdd-3a9d-470c9983596b" executionId="f36a3712-4c79-476c-bce3-0935b115d5ae" testListId="8c84fa94-04c1-424b-9868-57a2d4851a1d" />
    <TestEntry testId="2f5b32b1-1563-7e81-7186-7a5b687bfdd8" executionId="7181739b-dbd9-4f76-8f28-5c084755e4ee" testListId="8c84fa94-04c1-424b-9868-57a2d4851a1d" />
    <TestEntry testId="157aad09-2dd1-f2d2-9424-7ac38f9dfbf7" executionId="1c171351-2ffe-479b-8769-7a4717daef06" testListId="8c84fa94-04c1-424b-9868-57a2d4851a1d" />
    <TestEntry testId="4280b5ec-b9b1-e28d-f2e3-4db23f5d007e" executionId="ecb58463-4de7-454a-8c6d-7b2cefdc5870" testListId="8c84fa94-04c1-424b-9868-57a2d4851a1d" />
    <TestEntry testId="fc8e7496-3e92-4713-bd98-07f770078206" executionId="29a16999-9078-4d7c-8f36-c4bdb0f6e198" testListId="8c84fa94-04c1-424b-9868-57a2d4851a1d" />
    <TestEntry testId="a02441e4-da29-2551-8803-678c56a07c9f" executionId="00a0ec27-0eb9-4265-ac30-f182d8f2904f" testListId="8c84fa94-04c1-424b-9868-57a2d4851a1d" />
    <TestEntry testId="6d4fce48-ab7b-fc1e-1c39-36ab9d9757b1" executionId="3b4c364d-5951-475e-b61a-bbef72714f30" testListId="8c84fa94-04c1-424b-9868-57a2d4851a1d" />
    <TestEntry testId="7e427b8e-c5d6-495b-f0f7-dbf979562c0c" executionId="2e390572-4ba3-4b7b-91c5-ef11a3b84821" testListId="8c84fa94-04c1-424b-9868-57a2d4851a1d" />
    <TestEntry testId="edc239ff-8d57-df0d-39e1-27fd324f5c1f" executionId="0c4fe843-53d1-464e-adc1-438398a7bedb" testListId="8c84fa94-04c1-424b-9868-57a2d4851a1d" />
    <TestEntry testId="48167dfd-39f9-c9a1-f086-a5005282569f" executionId="dd0a776e-8612-49b8-a9ac-675d6bdb5185" testListId="8c84fa94-04c1-424b-9868-57a2d4851a1d" />
    <TestEntry testId="4c5cf024-f633-2f66-09b5-bb24536c3835" executionId="1f4b1885-6988-4b3a-a7e3-13401a8b9cc5" testListId="8c84fa94-04c1-424b-9868-57a2d4851a1d" />
    <TestEntry testId="af42aa4a-a3b3-67c4-1313-4812803013f1" executionId="e7a5562d-8078-485f-959d-ebfdc46a47a6" testListId="8c84fa94-04c1-424b-9868-57a2d4851a1d" />
    <TestEntry testId="ffbfcf5b-bd5a-cad5-2987-3d33a8f07e99" executionId="9b0cf7a3-0f52-45a5-9ee7-70579af5e545" testListId="8c84fa94-04c1-424b-9868-57a2d4851a1d" />
    <TestEntry testId="d5e7e33b-635a-2c2c-e9b0-758fd06b8705" executionId="483a7528-9246-4bab-bad9-d6fc16eeeeb5" testListId="8c84fa94-04c1-424b-9868-57a2d4851a1d" />
    <TestEntry testId="4d27080c-1767-7765-b4a5-5b45c617a3b5" executionId="b78a013e-a2bd-4ced-b343-43c5099e79b1" testListId="8c84fa94-04c1-424b-9868-57a2d4851a1d" />
    <TestEntry testId="70fe3028-ec38-fe06-6032-f4410e58160a" executionId="817d8b65-d5cc-4c92-9abd-6f18f991025d" testListId="8c84fa94-04c1-424b-9868-57a2d4851a1d" />
    <TestEntry testId="f3b4d810-7c36-ca53-da18-2a40c9f4f040" executionId="4bd91d65-37b1-4d3e-847e-992f79bc821d" testListId="8c84fa94-04c1-424b-9868-57a2d4851a1d" />
    <TestEntry testId="3bc2c5f2-fd49-8625-b751-af29ed09e859" executionId="ba8fb7ce-911e-4dfe-b157-6ca4238361dd" testListId="8c84fa94-04c1-424b-9868-57a2d4851a1d" />
    <TestEntry testId="4dc286d2-3e88-747a-3753-0e62408d6970" executionId="0cecaab4-3886-46f1-b654-34d9e867c7c6" testListId="8c84fa94-04c1-424b-9868-57a2d4851a1d" />
    <TestEntry testId="4d3e8b7e-54d4-a2e5-bab6-0c02d3fd9677" executionId="7c4d67ec-1f78-437e-aaa6-f75df122996d" testListId="8c84fa94-04c1-424b-9868-57a2d4851a1d" />
    <TestEntry testId="1c131c97-fe0e-db81-de82-37cd65ebcad6" executionId="c6741c83-665d-4737-a2f2-eeb97b51d6ed" testListId="8c84fa94-04c1-424b-9868-57a2d4851a1d" />
    <TestEntry testId="b8819dd9-61f5-3064-1263-be734998a9e2" executionId="2f49ea42-2146-4b17-8b61-19e5b887b444" testListId="8c84fa94-04c1-424b-9868-57a2d4851a1d" />
    <TestEntry testId="5f28f1d6-a0b9-088c-5913-892cce790db2" executionId="77238817-404a-4dcb-ae49-398325b471fb" testListId="8c84fa94-04c1-424b-9868-57a2d4851a1d" />
    <TestEntry testId="432cfc47-2a5f-9173-b2eb-2af874a3e1b4" executionId="551a9cab-e194-4f5d-bda4-e877bfa08576" testListId="8c84fa94-04c1-424b-9868-57a2d4851a1d" />
    <TestEntry testId="12408c79-3737-c1ed-ad08-a79a0f96be3c" executionId="83f56783-4326-40e5-b096-62b09c846735" testListId="8c84fa94-04c1-424b-9868-57a2d4851a1d" />
    <TestEntry testId="2c45199b-f9bd-b986-3444-0c0957fea40c" executionId="ef809551-8d42-4825-be25-6ea117bee37d" testListId="8c84fa94-04c1-424b-9868-57a2d4851a1d" />
    <TestEntry testId="aa74d5aa-7680-2ff3-826c-799f124af5b4" executionId="5f30f281-1e82-4883-bc72-7cefbcf360f2" testListId="8c84fa94-04c1-424b-9868-57a2d4851a1d" />
    <TestEntry testId="8e4daf64-5177-83bf-566a-e2124b72e1fc" executionId="7f75d6cb-fdb0-48fc-9499-b08db9072ee0" testListId="8c84fa94-04c1-424b-9868-57a2d4851a1d" />
    <TestEntry testId="00bb996b-9d41-5c37-81fb-f68b4e76cd82" executionId="05345744-01a1-451b-aa4f-728fc92c7540" testListId="8c84fa94-04c1-424b-9868-57a2d4851a1d" />
    <TestEntry testId="7c7cd4bc-d5ba-f27e-75b1-ac1da13738c2" executionId="f387da4e-9d3a-4af3-9989-31848ee6deb9" testListId="8c84fa94-04c1-424b-9868-57a2d4851a1d" />
    <TestEntry testId="72a48d86-9238-0281-4b55-565674c52eaf" executionId="161227f9-79a8-475f-ba6f-4f7c2fab733c" testListId="8c84fa94-04c1-424b-9868-57a2d4851a1d" />
    <TestEntry testId="be2551ec-2c4c-0e12-6b61-356b7fb71117" executionId="89e0b4c9-2c09-46a6-adb2-fb272f1fa191" testListId="8c84fa94-04c1-424b-9868-57a2d4851a1d" />
    <TestEntry testId="c10eb65d-c232-4d38-75bd-4e897787d971" executionId="ace8a0f0-3c95-41c8-a755-f9b428d859bf" testListId="8c84fa94-04c1-424b-9868-57a2d4851a1d" />
    <TestEntry testId="bb53534a-846e-e39e-b1f0-8d5b7d3b80d9" executionId="fec06e95-8b6b-4390-b490-67d69bc6f936" testListId="8c84fa94-04c1-424b-9868-57a2d4851a1d" />
    <TestEntry testId="7eca1906-6339-f177-6540-a170f3718df4" executionId="ee4961f7-858d-4911-95c9-44255fff9bc0" testListId="8c84fa94-04c1-424b-9868-57a2d4851a1d" />
    <TestEntry testId="f2827fce-36b7-497b-2fab-99fed83643d0" executionId="692cad0f-529a-4801-bcf7-e564468dbeb3" testListId="8c84fa94-04c1-424b-9868-57a2d4851a1d" />
    <TestEntry testId="54ab08a7-20b0-cc23-3ac1-6ac699ccd356" executionId="a47c91f3-5b4b-4af3-933e-0fc0800b155e" testListId="8c84fa94-04c1-424b-9868-57a2d4851a1d" />
    <TestEntry testId="672133f4-1ed2-77ac-13c9-85f4ed1c4fa9" executionId="44287fe8-f8ee-4c3f-98f3-5c9eb046fedd" testListId="8c84fa94-04c1-424b-9868-57a2d4851a1d" />
    <TestEntry testId="cf61b541-fb11-e210-1801-bc5690d18534" executionId="55735e74-0233-413e-819d-22c17f6f3978" testListId="8c84fa94-04c1-424b-9868-57a2d4851a1d" />
    <TestEntry testId="0af62556-bc01-8941-7d5b-8307e0e0b9fb" executionId="53a5bf5d-463d-4e79-9717-b2545b773178" testListId="8c84fa94-04c1-424b-9868-57a2d4851a1d" />
    <TestEntry testId="e168f995-bdac-4e1e-1ce9-9afb993f5c23" executionId="0d314ced-4601-4a89-8c67-4b9cf7d7a370" testListId="8c84fa94-04c1-424b-9868-57a2d4851a1d" />
    <TestEntry testId="855bbf07-e805-a65c-fc9d-3fcb9dcf3174" executionId="30c35209-252d-483d-bcac-fe31fc29caf0" testListId="8c84fa94-04c1-424b-9868-57a2d4851a1d" />
    <TestEntry testId="8f6ed6f4-14cf-a89d-ac93-d3fa097bb70e" executionId="3a2cb7ee-135c-41c2-b604-67c4ea72139c" testListId="8c84fa94-04c1-424b-9868-57a2d4851a1d" />
    <TestEntry testId="abe203f4-a6be-fad1-da9d-78af186b662b" executionId="2d3ffeae-129b-4e2f-a88c-964f18f17cbf" testListId="8c84fa94-04c1-424b-9868-57a2d4851a1d" />
    <TestEntry testId="4d32f166-6898-4c97-7472-e7db73872325" executionId="65eaf4b7-6736-4959-aa40-742808f8bfd4" testListId="8c84fa94-04c1-424b-9868-57a2d4851a1d" />
    <TestEntry testId="166e59da-36f7-ac30-56fd-f2db7a79de3e" executionId="919fba81-cbe6-4e0c-a48c-82116dfb786e" testListId="8c84fa94-04c1-424b-9868-57a2d4851a1d" />
    <TestEntry testId="c1d5c2d0-9f85-08fd-e951-fdc37565d564" executionId="3e0f49ab-c5ae-4bbc-91ae-fcc909dd46c4" testListId="8c84fa94-04c1-424b-9868-57a2d4851a1d" />
    <TestEntry testId="e3d63c19-16af-6134-355a-33599c5346e5" executionId="3a5b3951-2a69-48d4-8e2c-f4c4cf6912bc" testListId="8c84fa94-04c1-424b-9868-57a2d4851a1d" />
    <TestEntry testId="6dcc72e1-c40e-0da6-ea50-7342e0e3b526" executionId="3baf6e61-0a8b-4107-a6cb-961275fe8436" testListId="8c84fa94-04c1-424b-9868-57a2d4851a1d" />
    <TestEntry testId="9e8c0134-147f-ddad-226d-9a74c839e14c" executionId="8fd050e0-92c4-4999-9f29-bc4dc383aadf" testListId="8c84fa94-04c1-424b-9868-57a2d4851a1d" />
    <TestEntry testId="9d437e20-4229-c568-cc2d-f1fd235b7201" executionId="0051450d-b8fc-407c-a1bf-cd0915517f27" testListId="8c84fa94-04c1-424b-9868-57a2d4851a1d" />
    <TestEntry testId="4fb60aa8-97f5-8ae2-cc3b-2ed86e3a9a36" executionId="5f57620b-aea6-42c1-a86b-827ed09be267" testListId="8c84fa94-04c1-424b-9868-57a2d4851a1d" />
    <TestEntry testId="b23cb770-85ad-bb65-dded-f8417ee937ee" executionId="b16d9d94-a824-449f-863a-6b09aa295930" testListId="8c84fa94-04c1-424b-9868-57a2d4851a1d" />
    <TestEntry testId="25099e2e-8a0d-5751-4631-349df3e09adc" executionId="7054e26c-ebc1-48f2-a13f-051808509423" testListId="8c84fa94-04c1-424b-9868-57a2d4851a1d" />
    <TestEntry testId="94e864b4-cb78-717b-dd1a-9b645d28d621" executionId="769df613-0986-4fc8-b933-b61fc546cf4b" testListId="8c84fa94-04c1-424b-9868-57a2d4851a1d" />
    <TestEntry testId="d7d32eec-fe4f-8e24-a7fa-df379221102e" executionId="6a1e0c52-cc35-4e31-ad61-ef72760c8e3f" testListId="8c84fa94-04c1-424b-9868-57a2d4851a1d" />
    <TestEntry testId="ccd19e54-2db9-5d85-6689-22d74e8afc32" executionId="964d2ece-3c14-4962-9aa6-16858820fe3a" testListId="8c84fa94-04c1-424b-9868-57a2d4851a1d" />
    <TestEntry testId="bb81a9d7-2273-c2c8-1233-a19ec466bd01" executionId="621d43db-aa28-4536-8bfc-c5e257e8863e" testListId="8c84fa94-04c1-424b-9868-57a2d4851a1d" />
    <TestEntry testId="715e7d15-875a-3480-c3c1-bea7058f25ab" executionId="2e1ed718-b117-4e07-b181-41cbfbc5d2b3" testListId="8c84fa94-04c1-424b-9868-57a2d4851a1d" />
    <TestEntry testId="133fcf73-a75d-30b6-39ef-ba1a4ac01df6" executionId="ae645bb8-6940-450c-8440-0aa254a0ab8f" testListId="8c84fa94-04c1-424b-9868-57a2d4851a1d" />
    <TestEntry testId="e6033d31-c26b-f78d-092d-63d03c0c2c1f" executionId="7ab5b626-130c-4f51-a626-ace93603dc28" testListId="8c84fa94-04c1-424b-9868-57a2d4851a1d" />
    <TestEntry testId="666cd8c4-1308-d17c-575d-430f200bde6c" executionId="c2a54d76-bba5-4a23-893c-c0a70236c8c5" testListId="8c84fa94-04c1-424b-9868-57a2d4851a1d" />
    <TestEntry testId="09d86f9e-7811-8541-7acf-0e2c94d209fe" executionId="238f741a-d27c-4b37-8541-a05c351a2033" testListId="8c84fa94-04c1-424b-9868-57a2d4851a1d" />
    <TestEntry testId="6017a490-6ddc-b2d1-8662-ef68e4ac2ded" executionId="34bf41ce-362b-4351-b46d-eed33ecb5621" testListId="8c84fa94-04c1-424b-9868-57a2d4851a1d" />
    <TestEntry testId="d3033e2a-bfcd-0544-243e-c2821de52e30" executionId="5bdcddc8-854f-46ff-aa24-c962686a5d60" testListId="8c84fa94-04c1-424b-9868-57a2d4851a1d" />
    <TestEntry testId="573b425c-4465-16b9-ad7f-b8fd91fd1427" executionId="2109f3dc-2ae3-4b1a-9f80-09cc158b5fb9" testListId="8c84fa94-04c1-424b-9868-57a2d4851a1d" />
    <TestEntry testId="bd5950a8-5551-bd1f-504f-eeeac280b81f" executionId="5f37d2f0-c1de-48a6-a4b0-ca835990524c" testListId="8c84fa94-04c1-424b-9868-57a2d4851a1d" />
    <TestEntry testId="09954b44-890e-4a32-1721-05125f9fcf2f" executionId="f5d6b9f4-cf80-42b1-8ee5-d361c6938f40" testListId="8c84fa94-04c1-424b-9868-57a2d4851a1d" />
    <TestEntry testId="d0a556b6-4129-ec70-1c9b-6315d691e025" executionId="d492132a-8035-447e-9082-4af086b7be8d" testListId="8c84fa94-04c1-424b-9868-57a2d4851a1d" />
    <TestEntry testId="fff4547d-6701-f32f-5723-9b3108816082" executionId="13863906-3140-4060-8fb4-98159c7f963b" testListId="8c84fa94-04c1-424b-9868-57a2d4851a1d" />
    <TestEntry testId="045afc0d-b095-905d-a730-58575fb08e2a" executionId="f9f5298c-8b99-4461-807c-b4f02519d023" testListId="8c84fa94-04c1-424b-9868-57a2d4851a1d" />
    <TestEntry testId="6077de72-e789-60ab-8bd6-89648239c981" executionId="80289512-26a8-4579-a9ff-db5cd84be980" testListId="8c84fa94-04c1-424b-9868-57a2d4851a1d" />
    <TestEntry testId="a432349a-25d0-c96b-c20a-8ae9230aeb36" executionId="1527f168-0719-4656-b6f1-0256a7027095" testListId="8c84fa94-04c1-424b-9868-57a2d4851a1d" />
    <TestEntry testId="61057d89-9898-7225-841f-5a19ec68c256" executionId="b15448df-c882-42da-9ccd-9f507a438166" testListId="8c84fa94-04c1-424b-9868-57a2d4851a1d" />
    <TestEntry testId="8b49b490-b13d-5345-316e-3291bfe20372" executionId="e6d2816b-837e-4d31-81b2-c919e5ebe1c5" testListId="8c84fa94-04c1-424b-9868-57a2d4851a1d" />
    <TestEntry testId="a03ca7a7-3a1a-c40c-556c-d3b9c12dee79" executionId="4e8e72ec-a419-4351-a724-d8d7a679b5e9" testListId="8c84fa94-04c1-424b-9868-57a2d4851a1d" />
    <TestEntry testId="49c9ede7-d8aa-afe2-4d45-98d3bb2221b0" executionId="e84d9956-f932-4ca1-8068-a0f44af106b9" testListId="8c84fa94-04c1-424b-9868-57a2d4851a1d" />
    <TestEntry testId="e3d15d93-bf88-1c5b-61eb-89021d5792e2" executionId="045719c7-3b44-4edb-98be-af1b86663619" testListId="8c84fa94-04c1-424b-9868-57a2d4851a1d" />
    <TestEntry testId="ea2c4754-f821-f01a-8d76-a6ace413087d" executionId="fc898f6b-e8f2-4ae6-b4cb-d4dba9a4ef72" testListId="8c84fa94-04c1-424b-9868-57a2d4851a1d" />
    <TestEntry testId="01d9330f-60a3-dabe-ba4a-05a3d7863dbc" executionId="19a6e528-03eb-4f25-a099-a94647ff714e" testListId="8c84fa94-04c1-424b-9868-57a2d4851a1d" />
    <TestEntry testId="f9c422cf-7d46-9038-ed52-7adfe9720973" executionId="ff638971-8dc3-4241-a244-959a729e775a" testListId="8c84fa94-04c1-424b-9868-57a2d4851a1d" />
    <TestEntry testId="eb79a57f-46bc-310a-a2f3-da15224a724f" executionId="55213533-bb90-4f7a-ad04-7d567663e2ca" testListId="8c84fa94-04c1-424b-9868-57a2d4851a1d" />
    <TestEntry testId="2cde6906-5686-5512-fd6a-75864af095dc" executionId="31358ee5-798b-459a-8a71-dd263ab61926" testListId="8c84fa94-04c1-424b-9868-57a2d4851a1d" />
    <TestEntry testId="7a355724-f28d-d625-4ad7-d061e42b8156" executionId="171d60bb-3e25-44a8-8812-bbbec673e182" testListId="8c84fa94-04c1-424b-9868-57a2d4851a1d" />
    <TestEntry testId="494800b7-94f8-4d3b-8db9-655c59f6c5de" executionId="65d5a74b-16e6-45af-9421-895ed36247d5" testListId="8c84fa94-04c1-424b-9868-57a2d4851a1d" />
    <TestEntry testId="a87cdfb6-dd6a-fd2f-1ac5-c0b5112ec835" executionId="edbec395-59eb-4b0a-bdb7-d0939f268da7" testListId="8c84fa94-04c1-424b-9868-57a2d4851a1d" />
    <TestEntry testId="74ddd23f-f75e-4ca7-5005-410d811b4e65" executionId="a6b64fe4-915f-421e-881b-5c50391dd8bd" testListId="8c84fa94-04c1-424b-9868-57a2d4851a1d" />
    <TestEntry testId="50c672db-8665-88b8-40d6-8f7801c2e606" executionId="537d4906-7324-4e21-816e-f280e42fa5af" testListId="8c84fa94-04c1-424b-9868-57a2d4851a1d" />
    <TestEntry testId="c2b09fdb-aee7-7097-659a-01ed7ca4daf5" executionId="2b89fde5-efe1-4107-9be8-e75d10e06d5a" testListId="8c84fa94-04c1-424b-9868-57a2d4851a1d" />
    <TestEntry testId="c9ff9fb8-b24b-8b41-720d-80e589c99b97" executionId="e4318775-1fe2-4fbe-a767-22d7481e41e8" testListId="8c84fa94-04c1-424b-9868-57a2d4851a1d" />
    <TestEntry testId="a891cefe-e178-dea0-b33d-a39ac32a87cb" executionId="2cb05e1f-85fd-4b63-adb6-f82ebfeed2ee" testListId="8c84fa94-04c1-424b-9868-57a2d4851a1d" />
    <TestEntry testId="711c46fb-541b-946e-a02f-dff7e79bdd04" executionId="9a865bb5-f42b-485e-9af0-e6065083dcdc" testListId="8c84fa94-04c1-424b-9868-57a2d4851a1d" />
    <TestEntry testId="c6623f0d-81b6-98ef-476c-443418367343" executionId="f7a61d94-73c6-4c6a-bcad-d8fdce6f4023" testListId="8c84fa94-04c1-424b-9868-57a2d4851a1d" />
    <TestEntry testId="360a6475-5113-f3d3-e61e-6057d9a5b904" executionId="f6c52ed3-4691-4df8-a1e3-1e3830fc3e08" testListId="8c84fa94-04c1-424b-9868-57a2d4851a1d" />
    <TestEntry testId="d7c53e69-b940-71f8-ae5c-c4e310a70b8c" executionId="5a8d9005-f2a7-4e29-8921-939d4393782c" testListId="8c84fa94-04c1-424b-9868-57a2d4851a1d" />
    <TestEntry testId="79e92db1-d029-d256-5fd4-f4807b5c3377" executionId="c8fd3aff-70f2-496c-9d14-44a04b4b0991" testListId="8c84fa94-04c1-424b-9868-57a2d4851a1d" />
    <TestEntry testId="714389ee-8975-1c73-c18d-e52c38eccc30" executionId="30877099-e016-4f4d-a75f-aa5c182e30e4" testListId="8c84fa94-04c1-424b-9868-57a2d4851a1d" />
    <TestEntry testId="cb9d015c-699c-020a-59ac-c9fe6d1c6b54" executionId="3bc481a1-cdda-47be-8a96-15189ad8140a" testListId="8c84fa94-04c1-424b-9868-57a2d4851a1d" />
    <TestEntry testId="176dac77-57c4-830c-a11a-db5f35d672a4" executionId="f7ba6df5-d9ae-4517-aaed-eede9a51663f" testListId="8c84fa94-04c1-424b-9868-57a2d4851a1d" />
    <TestEntry testId="3659c0d9-7d0e-fbf1-0a9b-7c2d28159457" executionId="98072b9f-9cf3-4f14-936b-bdcab18fcbb7" testListId="8c84fa94-04c1-424b-9868-57a2d4851a1d" />
    <TestEntry testId="9adac48f-c71c-4a32-020e-cf60220ed8f5" executionId="19e089e4-d53b-4259-8168-9b5f24581c2a" testListId="8c84fa94-04c1-424b-9868-57a2d4851a1d" />
    <TestEntry testId="6b623ca5-a15e-640a-943b-120bf92bfebf" executionId="18c7141e-c52f-4c3f-8fba-f9c0d8a9fdcc" testListId="8c84fa94-04c1-424b-9868-57a2d4851a1d" />
    <TestEntry testId="23b58a76-0282-fb93-06ee-d3559e0c1e2c" executionId="f784d36c-0076-42be-8fd2-cea399695bbf" testListId="8c84fa94-04c1-424b-9868-57a2d4851a1d" />
    <TestEntry testId="16435927-29a5-d1e1-76c8-7c9bf15eb04a" executionId="0a6bfad2-e108-4d9a-aab7-713786acf468" testListId="8c84fa94-04c1-424b-9868-57a2d4851a1d" />
    <TestEntry testId="47846aba-1d03-2bb3-edc5-230ded063c9b" executionId="9da8e885-ac8c-4da8-9482-760a0ecf93dc" testListId="8c84fa94-04c1-424b-9868-57a2d4851a1d" />
    <TestEntry testId="99061bae-ce92-6cb0-2154-c30ffb331071" executionId="2bfcd735-ce8e-4f13-8695-2d2fc8a60477" testListId="8c84fa94-04c1-424b-9868-57a2d4851a1d" />
    <TestEntry testId="9096d5f6-4c7d-16bf-545f-db6e624c0980" executionId="2a674a10-2be3-4b07-acd6-151dcfea300d" testListId="8c84fa94-04c1-424b-9868-57a2d4851a1d" />
    <TestEntry testId="10894bfd-93a6-fd29-4b92-533f16b55256" executionId="dd53494e-37f4-47b1-ad48-be20f8c681cd" testListId="8c84fa94-04c1-424b-9868-57a2d4851a1d" />
    <TestEntry testId="67cab95d-e0be-4c19-a8e5-bac1dbe59cf0" executionId="9624194e-a488-43a2-9aa6-19a44fb82ec9" testListId="8c84fa94-04c1-424b-9868-57a2d4851a1d" />
    <TestEntry testId="0a2e7275-3d9d-0d18-19ea-9940a375e003" executionId="137d7c88-2cf4-4980-99e7-5240a3b6c208" testListId="8c84fa94-04c1-424b-9868-57a2d4851a1d" />
    <TestEntry testId="e87527c1-8f96-c6ef-bb41-c3eb47e65c5f" executionId="d5fe5bf6-0882-47e2-9d9e-61bf08a91064" testListId="8c84fa94-04c1-424b-9868-57a2d4851a1d" />
    <TestEntry testId="858bfeb7-706e-45f4-07af-344f59c5fb65" executionId="a1bfa4a3-a102-4a70-b5aa-9962511eead3" testListId="8c84fa94-04c1-424b-9868-57a2d4851a1d" />
    <TestEntry testId="113e7c93-ddc0-8471-9987-f90f8791175a" executionId="d7587f29-45e5-4576-a4e1-85b34bab8020" testListId="8c84fa94-04c1-424b-9868-57a2d4851a1d" />
    <TestEntry testId="f1166810-f642-5c8e-0b6a-acf932f27ab3" executionId="d2db2ebf-ab9c-4ec5-b30c-f4b76e9db661" testListId="8c84fa94-04c1-424b-9868-57a2d4851a1d" />
    <TestEntry testId="ecbc130c-20dc-caa5-1bff-7d91ef165ed0" executionId="48f2195b-9f3a-4da6-9387-1ecc27cf65b9" testListId="8c84fa94-04c1-424b-9868-57a2d4851a1d" />
    <TestEntry testId="9c55a842-372d-98fe-ece4-498d94fb6dbf" executionId="b7782172-bfd9-4edb-8ea9-1443b4940ce1" testListId="8c84fa94-04c1-424b-9868-57a2d4851a1d" />
    <TestEntry testId="9b2252df-8f9c-da5d-8ad1-4e728208530a" executionId="b17b4126-a84a-4c43-a7c0-1e39371433f4" testListId="8c84fa94-04c1-424b-9868-57a2d4851a1d" />
    <TestEntry testId="f6073072-c555-3170-b676-fedd5427e6ea" executionId="2ffeb4a3-9407-40e7-b570-67a724171024" testListId="8c84fa94-04c1-424b-9868-57a2d4851a1d" />
    <TestEntry testId="4b620685-de1a-dc68-478c-d301136d1cb6" executionId="78bb69f8-9287-4ba1-b07c-101a2e5967da" testListId="8c84fa94-04c1-424b-9868-57a2d4851a1d" />
    <TestEntry testId="0cc95d41-a4c7-933c-a716-4546a19ef3da" executionId="ace476a3-6243-4575-a092-752f8e7ca087" testListId="8c84fa94-04c1-424b-9868-57a2d4851a1d" />
    <TestEntry testId="14d1abef-a39f-8d08-6fd3-8d86015dc6b6" executionId="d34d0d72-bd03-4994-983b-901250f8e8d8" testListId="8c84fa94-04c1-424b-9868-57a2d4851a1d" />
    <TestEntry testId="9da2037c-e6d5-cb1e-9821-5f08ee9dcf4d" executionId="440827e0-0dca-49f1-87ec-5eb2f0d769da" testListId="8c84fa94-04c1-424b-9868-57a2d4851a1d" />
    <TestEntry testId="93258a59-7fb1-9ba5-8f50-7d034d2e21c2" executionId="05fb71c0-1239-42bb-992b-ca6df3a408ac" testListId="8c84fa94-04c1-424b-9868-57a2d4851a1d" />
    <TestEntry testId="2011642d-991c-6051-ebc2-13f8c8f7a289" executionId="b8a0a05c-ee5c-44ef-8b48-a8cf9cc6973a" testListId="8c84fa94-04c1-424b-9868-57a2d4851a1d" />
    <TestEntry testId="5210fcc2-17b5-23a0-1433-9648561dd0fe" executionId="6de41106-5a8d-4f79-b1a9-6df85b71ead9" testListId="8c84fa94-04c1-424b-9868-57a2d4851a1d" />
    <TestEntry testId="4271fb94-1b1a-1235-a75a-c55bfb83c2de" executionId="1c6e3407-bba9-4a8e-af7b-abd2be740ad2" testListId="8c84fa94-04c1-424b-9868-57a2d4851a1d" />
    <TestEntry testId="0c105c1f-3338-d541-d7d1-dc3513c20632" executionId="e6fdff90-5fee-44ab-b12d-2d56112bff2b" testListId="8c84fa94-04c1-424b-9868-57a2d4851a1d" />
    <TestEntry testId="8773b68a-e8ea-a780-65a9-e580f2b03d35" executionId="3d4a2093-2231-4401-8e19-d8cd0305fff9" testListId="8c84fa94-04c1-424b-9868-57a2d4851a1d" />
    <TestEntry testId="5cb85607-688a-bfb1-313f-b53aa61fc95e" executionId="03cd14fd-a9b8-4dfe-9057-1ec67e216e24" testListId="8c84fa94-04c1-424b-9868-57a2d4851a1d" />
    <TestEntry testId="dc5b55fd-24d5-5212-555a-a03c84f81af9" executionId="2281d9a3-c680-4617-8be0-61c690646295" testListId="8c84fa94-04c1-424b-9868-57a2d4851a1d" />
    <TestEntry testId="031655c1-8e66-e55d-2cca-a71acb642e6e" executionId="689e5c29-b0ef-40af-bbdb-a5667f6dcdaf" testListId="8c84fa94-04c1-424b-9868-57a2d4851a1d" />
    <TestEntry testId="03887b87-3ff9-b2e6-bdfc-8f8fdd1d9089" executionId="474dd016-39b7-4943-8269-5a1c03dead6f" testListId="8c84fa94-04c1-424b-9868-57a2d4851a1d" />
    <TestEntry testId="0ff9ac5b-0db1-9bd2-46e0-27988538da6e" executionId="843351a9-3725-4454-aff6-ba78a1ba7318" testListId="8c84fa94-04c1-424b-9868-57a2d4851a1d" />
    <TestEntry testId="e1af3575-7637-292c-4441-5c3133f0a77b" executionId="609ec881-f362-4ae5-92a8-83086daf4a99" testListId="8c84fa94-04c1-424b-9868-57a2d4851a1d" />
    <TestEntry testId="4564d6ef-8013-b899-ecf1-d4f54af73ee0" executionId="7ebdd857-3463-4ac8-9634-7ac7917bd1ac" testListId="8c84fa94-04c1-424b-9868-57a2d4851a1d" />
    <TestEntry testId="6c022ab1-5f56-e7e3-a8ce-02a0cb3b659f" executionId="b40353e8-dc17-43aa-b29d-2cd7544785ec" testListId="8c84fa94-04c1-424b-9868-57a2d4851a1d" />
    <TestEntry testId="aba2c492-f1fb-a637-6ba9-c0ea79a87984" executionId="99ddbb3a-d5c2-4f74-9937-8ccdc6acfe2e" testListId="8c84fa94-04c1-424b-9868-57a2d4851a1d" />
    <TestEntry testId="ac9676b7-fc56-d1f5-1b6a-24d2560272e9" executionId="c7f7f226-0f4c-4c74-9b31-30c2825c21a7" testListId="8c84fa94-04c1-424b-9868-57a2d4851a1d" />
    <TestEntry testId="c8595977-02fa-4305-861c-086df602b22e" executionId="cc17d5f5-14b5-4cac-9a26-60692d901328" testListId="8c84fa94-04c1-424b-9868-57a2d4851a1d" />
    <TestEntry testId="b19d6c37-9812-7beb-c949-9dee11825a48" executionId="822288ca-e01e-4d05-bf58-9b9b2e44d1ac" testListId="8c84fa94-04c1-424b-9868-57a2d4851a1d" />
    <TestEntry testId="509cfb5a-68f9-9480-515e-6acee38cd03e" executionId="ac71f587-f934-4be9-b0f3-df0f912c0fb7" testListId="8c84fa94-04c1-424b-9868-57a2d4851a1d" />
    <TestEntry testId="739a9e9d-2a46-9408-37c7-e75d0066127d" executionId="ba682eef-f6a2-4d1a-8c4e-a908742e97ba" testListId="8c84fa94-04c1-424b-9868-57a2d4851a1d" />
    <TestEntry testId="8c281861-d01a-c36d-a3c6-bdf8d61c6de3" executionId="3788bcb4-a6f1-4a5c-b65d-a1e193bc0006" testListId="8c84fa94-04c1-424b-9868-57a2d4851a1d" />
    <TestEntry testId="4280c118-fb1c-1830-735c-f59238ae6699" executionId="704d61f2-822e-4bcf-8d98-e68949d74b77" testListId="8c84fa94-04c1-424b-9868-57a2d4851a1d" />
    <TestEntry testId="373eb800-5b5c-0a11-2053-dda0c3bf496c" executionId="9207dd3a-ce27-4d8e-a08e-b907a8b24107" testListId="8c84fa94-04c1-424b-9868-57a2d4851a1d" />
    <TestEntry testId="b5d70720-0eeb-356b-c4c4-292651017d89" executionId="32018519-5f8a-4656-b17f-e16820fcb287" testListId="8c84fa94-04c1-424b-9868-57a2d4851a1d" />
    <TestEntry testId="c7dc6483-5269-db5c-6122-ec9b97ef2675" executionId="4d6e53db-9469-4aae-854b-d575c457ef98" testListId="8c84fa94-04c1-424b-9868-57a2d4851a1d" />
    <TestEntry testId="958ef3f7-24ff-673b-a4e6-67fc3abce645" executionId="7933f3e9-b7f8-4cb6-9bc8-fb5732dbb334" testListId="8c84fa94-04c1-424b-9868-57a2d4851a1d" />
    <TestEntry testId="289fcbe9-b0de-e5ba-dffe-65fb94e57fff" executionId="4a879cad-109c-4d2e-9227-acc1901a8008" testListId="8c84fa94-04c1-424b-9868-57a2d4851a1d" />
    <TestEntry testId="04f38f42-7b81-bed1-54b1-5d31072f9af1" executionId="3c190774-69e7-43e6-b9c3-39f7c596543d" testListId="8c84fa94-04c1-424b-9868-57a2d4851a1d" />
    <TestEntry testId="fb823872-a527-fbc5-de19-422549acaac2" executionId="9ce7082f-9582-44fd-96b8-f1425517037b" testListId="8c84fa94-04c1-424b-9868-57a2d4851a1d" />
    <TestEntry testId="cf7fdf47-d29c-e889-7f57-e5ef4fc8ee2a" executionId="fd5b9e79-db7d-4a18-8d3c-628b9756194d" testListId="8c84fa94-04c1-424b-9868-57a2d4851a1d" />
    <TestEntry testId="166177ed-8449-f6d4-d24e-8ff26e0e796a" executionId="634dce9e-91b2-40a7-8786-66b1c481c2dd" testListId="8c84fa94-04c1-424b-9868-57a2d4851a1d" />
    <TestEntry testId="b07c4669-e1f8-5a3d-5868-9be01eae1f0b" executionId="aa320789-a446-421c-8cad-c327ac28514d" testListId="8c84fa94-04c1-424b-9868-57a2d4851a1d" />
    <TestEntry testId="802a2765-f7b2-e74e-ca21-2fa430408bf3" executionId="1126c8f8-a2ae-4b82-b44a-53536e86a96c" testListId="8c84fa94-04c1-424b-9868-57a2d4851a1d" />
    <TestEntry testId="ecf09bf2-4037-736f-0fac-8b795e1a71d4" executionId="4fb59d29-a7ac-472f-b736-046ad4a19462" testListId="8c84fa94-04c1-424b-9868-57a2d4851a1d" />
    <TestEntry testId="39d8b43e-0bb8-7765-b5bc-f5b02b237365" executionId="f5b61d70-5c51-4e15-8f6e-056939c947df" testListId="8c84fa94-04c1-424b-9868-57a2d4851a1d" />
    <TestEntry testId="4a7b98d3-f8bf-604e-60b3-b51800d9cc8e" executionId="4cc31c0b-391c-4149-af4a-1ff0d5db4807" testListId="8c84fa94-04c1-424b-9868-57a2d4851a1d" />
    <TestEntry testId="68e25152-1c90-8404-b5cc-34fe6a58ded1" executionId="48444238-bd35-4b89-85d2-002e17687a4f" testListId="8c84fa94-04c1-424b-9868-57a2d4851a1d" />
    <TestEntry testId="7d4ab41d-e587-95c3-9efe-9d1bd0f40e4a" executionId="ef54ee0c-76ce-4f9b-9144-1d3352f71ef4" testListId="8c84fa94-04c1-424b-9868-57a2d4851a1d" />
    <TestEntry testId="7ea7461f-c21b-e54b-fe18-704ea619dad7" executionId="8fae296f-0047-4c49-9e38-71f37cda4660" testListId="8c84fa94-04c1-424b-9868-57a2d4851a1d" />
    <TestEntry testId="a0783af1-07bb-887a-aeef-9cd4b33b6290" executionId="24f631dc-98a4-46be-b9f7-9e21be0b5869" testListId="8c84fa94-04c1-424b-9868-57a2d4851a1d" />
    <TestEntry testId="bfa0b77e-1648-be43-fca6-cf332a567178" executionId="13d6e29f-9cef-4d32-af89-1dca3d9cc559" testListId="8c84fa94-04c1-424b-9868-57a2d4851a1d" />
    <TestEntry testId="76083b25-7b36-1463-ff58-1b34f73950c0" executionId="91fb9178-545a-48d1-a7a4-75ceb0a32aa0" testListId="8c84fa94-04c1-424b-9868-57a2d4851a1d" />
    <TestEntry testId="5ea7ad57-87ac-f631-1f52-1ddd4adaff54" executionId="ac0003f1-8d6b-4a20-bfcb-8a088ef1d696" testListId="8c84fa94-04c1-424b-9868-57a2d4851a1d" />
    <TestEntry testId="b96a5a5b-655b-e131-ffe7-3dd7b102ce45" executionId="ea0c8e34-d4e9-4082-ae34-6b4ff542e2f3" testListId="8c84fa94-04c1-424b-9868-57a2d4851a1d" />
    <TestEntry testId="c21d144d-01ba-0b73-dd46-e78287fde987" executionId="b56cde6b-e1e1-452f-9bdd-a66c668223eb" testListId="8c84fa94-04c1-424b-9868-57a2d4851a1d" />
    <TestEntry testId="e6d593e5-5399-05c4-927e-57babe41c40e" executionId="f5a72395-c4d4-43f7-9c74-0e6011c59464" testListId="8c84fa94-04c1-424b-9868-57a2d4851a1d" />
    <TestEntry testId="7d13dfcd-0a1f-03d9-c8ff-108af9fbc3ea" executionId="a1da9fa4-673b-4d1e-9a0b-8e7d00df7031" testListId="8c84fa94-04c1-424b-9868-57a2d4851a1d" />
    <TestEntry testId="d52cc67a-71fc-c620-c6ad-07ad08539632" executionId="5082acbf-e22f-4e6c-95b3-7b96a95b6b83" testListId="8c84fa94-04c1-424b-9868-57a2d4851a1d" />
    <TestEntry testId="5a641645-2088-f3bf-cea3-2f2ef39ad45b" executionId="131f9265-bfdf-4982-a325-7f83ff197bf5" testListId="8c84fa94-04c1-424b-9868-57a2d4851a1d" />
    <TestEntry testId="7a183519-41d6-3aff-9335-fca507d53f5b" executionId="bf22144a-11c2-4d6f-9715-8b7132507718" testListId="8c84fa94-04c1-424b-9868-57a2d4851a1d" />
    <TestEntry testId="3b7c31df-af5f-466b-021f-d9e072defa23" executionId="2c4c5760-b8b3-4e7e-8ecb-44f6a5d07159" testListId="8c84fa94-04c1-424b-9868-57a2d4851a1d" />
    <TestEntry testId="995a2bce-2ddb-dbfb-9387-426dd99a460a" executionId="26aed9d9-e9cf-4ce1-946a-b49103290dff" testListId="8c84fa94-04c1-424b-9868-57a2d4851a1d" />
    <TestEntry testId="799a3ad6-8775-a89c-c0fa-0961258ae35e" executionId="899a7e41-a316-4702-a110-aaf552bfc4b6" testListId="8c84fa94-04c1-424b-9868-57a2d4851a1d" />
    <TestEntry testId="f6c72f48-9456-4b88-ed0e-3755ae7d9070" executionId="cb41de2f-ab95-411e-80db-16b01fb82367" testListId="8c84fa94-04c1-424b-9868-57a2d4851a1d" />
    <TestEntry testId="757d9991-e273-412c-6eb3-b9a73bee0ce7" executionId="13703417-6c78-4dfb-a411-9fcacbfbf86d" testListId="8c84fa94-04c1-424b-9868-57a2d4851a1d" />
    <TestEntry testId="a3aa3a58-4efd-633f-ea73-54227708176c" executionId="a0be404b-7166-4eb5-bb01-039167a90e26" testListId="8c84fa94-04c1-424b-9868-57a2d4851a1d" />
    <TestEntry testId="03603fa0-31b8-4ecd-97a0-0575ace7bdb7" executionId="fd1807a4-184e-4f8e-8e48-7cb629104eb4" testListId="8c84fa94-04c1-424b-9868-57a2d4851a1d" />
    <TestEntry testId="fa77511d-61df-97e3-11b0-f30dfc8bdf54" executionId="f53aacff-1170-489b-989e-58f98b656ddd" testListId="8c84fa94-04c1-424b-9868-57a2d4851a1d" />
    <TestEntry testId="fcd869d8-990c-d6af-f1f5-6314cdb061d4" executionId="3c0540a4-b626-4d4f-9bb7-5fc4a72a6214" testListId="8c84fa94-04c1-424b-9868-57a2d4851a1d" />
    <TestEntry testId="fc1430b0-e60f-ba02-e1ae-bb20d125e9d3" executionId="082417a2-7a75-47fe-9d47-dc5197842479" testListId="8c84fa94-04c1-424b-9868-57a2d4851a1d" />
    <TestEntry testId="e5bb23ca-2e1f-e310-696e-c79fd5944d22" executionId="2401cc21-2d3c-448e-9b59-4b1b566190cf" testListId="8c84fa94-04c1-424b-9868-57a2d4851a1d" />
    <TestEntry testId="6c0e324b-db2a-5b78-3498-e865b272e0ef" executionId="2ab6c561-6628-4837-9e3c-8ddb396495ba" testListId="8c84fa94-04c1-424b-9868-57a2d4851a1d" />
    <TestEntry testId="9257a1cd-c049-c678-886c-beda29ce90c7" executionId="6e3a55f5-f503-4e07-bb4f-0e4c301f36f4" testListId="8c84fa94-04c1-424b-9868-57a2d4851a1d" />
    <TestEntry testId="209d149a-3569-1f3a-f5c8-e653842ad788" executionId="c4011e85-6787-46a3-9fd9-258441cb45a0" testListId="8c84fa94-04c1-424b-9868-57a2d4851a1d" />
    <TestEntry testId="346fc2e6-7c14-7b36-a0c0-4ea94abd5420" executionId="0e7d7865-0e58-434b-b0a0-1666dd8161e6" testListId="8c84fa94-04c1-424b-9868-57a2d4851a1d" />
    <TestEntry testId="d321416f-d7b1-4748-836b-b51def13c5aa" executionId="02c47a6e-f829-449e-8d64-055a77e4a1e3" testListId="8c84fa94-04c1-424b-9868-57a2d4851a1d" />
    <TestEntry testId="0b42dc6e-db65-3ff9-f8e6-7df5cdb0f09a" executionId="9fa8da74-a3c2-4616-b8a6-78e48e5542f4" testListId="8c84fa94-04c1-424b-9868-57a2d4851a1d" />
    <TestEntry testId="9d39b839-86e1-af3d-9992-79659c3621f3" executionId="b99c2505-5db7-4c1f-ae0a-ab6eb70ec275" testListId="8c84fa94-04c1-424b-9868-57a2d4851a1d" />
    <TestEntry testId="0eed2b20-20f2-9080-cb02-a25f73fcf149" executionId="e4a5a558-f7ac-4946-8443-8519946f5982" testListId="8c84fa94-04c1-424b-9868-57a2d4851a1d" />
    <TestEntry testId="7a1a3bab-76f8-75f7-a112-dcce62443ca3" executionId="2f9a2f9e-dfe1-4a72-9d30-4d55e74c2896" testListId="8c84fa94-04c1-424b-9868-57a2d4851a1d" />
    <TestEntry testId="3d8d5933-75b7-b161-6b60-f87120284c84" executionId="ae43bd34-ec23-4bd3-ac60-eaaef8585725" testListId="8c84fa94-04c1-424b-9868-57a2d4851a1d" />
    <TestEntry testId="c9f9f315-7cca-f5d9-3beb-b82957a227e5" executionId="36621acc-d6e4-4ec1-93b5-e68b1609db37" testListId="8c84fa94-04c1-424b-9868-57a2d4851a1d" />
    <TestEntry testId="4801ab26-64e0-d130-ff2a-1cd212b913e4" executionId="b084cf42-042d-4cd6-adbb-537f3e09b652" testListId="8c84fa94-04c1-424b-9868-57a2d4851a1d" />
    <TestEntry testId="e208936d-9709-548e-9189-621eebe04eca" executionId="601586ea-4939-4d97-8683-b489062f8850" testListId="8c84fa94-04c1-424b-9868-57a2d4851a1d" />
    <TestEntry testId="3ab1bc7b-37a8-f0d4-de15-fb02d15cf0ed" executionId="b372767b-41c7-4edc-a9a5-a5356f4968fb" testListId="8c84fa94-04c1-424b-9868-57a2d4851a1d" />
    <TestEntry testId="a31e09fd-a570-1be2-b7d0-828366bbffb8" executionId="6ffdde83-5f40-4518-9c02-bacc01b5727b" testListId="8c84fa94-04c1-424b-9868-57a2d4851a1d" />
    <TestEntry testId="03e56dc6-10dc-c5a9-9314-c2bb63a6f4d7" executionId="b8c2aa98-7235-4bcb-b67e-2b7d0b69d0ba" testListId="8c84fa94-04c1-424b-9868-57a2d4851a1d" />
    <TestEntry testId="6b65dcc7-00cf-a012-a05e-c802505f0aaf" executionId="416fd494-b3c0-4fc9-91d4-cec24512b089" testListId="8c84fa94-04c1-424b-9868-57a2d4851a1d" />
    <TestEntry testId="e8cce92f-52b4-f6ca-a5a1-680b079c2ef3" executionId="c255fb66-2bc9-49eb-8b69-84b1491f1bfb" testListId="8c84fa94-04c1-424b-9868-57a2d4851a1d" />
    <TestEntry testId="d3cbc9ea-7e50-2d76-97e4-387fe92d9dbc" executionId="2705527e-bd22-4ee9-8187-0e61e92dd135" testListId="8c84fa94-04c1-424b-9868-57a2d4851a1d" />
    <TestEntry testId="08ed25aa-ae89-81b5-fe60-9780b969e08e" executionId="641bdcc4-6a05-42c0-b0d4-f1d29cda8206" testListId="8c84fa94-04c1-424b-9868-57a2d4851a1d" />
    <TestEntry testId="10649c52-a5e7-e677-f640-fe478f7e5882" executionId="464e9207-55c5-434e-bdcf-f8b714e779e3" testListId="8c84fa94-04c1-424b-9868-57a2d4851a1d" />
    <TestEntry testId="e991d71c-34ea-b4fa-4c05-8b15462e1c9e" executionId="b8e1c377-b044-4284-93fa-ac22a2c8656b" testListId="8c84fa94-04c1-424b-9868-57a2d4851a1d" />
    <TestEntry testId="b723bb11-d4cc-148d-0c25-9d063f5ee72f" executionId="4d30102c-d633-455e-a981-a5e1d39527cc" testListId="8c84fa94-04c1-424b-9868-57a2d4851a1d" />
    <TestEntry testId="00064bfa-4ccf-858a-a56c-9ebacb3c55bc" executionId="aa559090-7e61-491c-80fb-0d95cd819014" testListId="8c84fa94-04c1-424b-9868-57a2d4851a1d" />
    <TestEntry testId="f3cf92d0-3045-e682-38d1-b2fbbdefe46b" executionId="660bfc7b-241a-43ba-9452-a8578f71272f" testListId="8c84fa94-04c1-424b-9868-57a2d4851a1d" />
    <TestEntry testId="8bf9be24-1d5e-d6a3-509b-f2a6b23146d0" executionId="f5d5c73c-307c-4ea5-8aef-a4e190490740" testListId="8c84fa94-04c1-424b-9868-57a2d4851a1d" />
    <TestEntry testId="3ee01169-cb8a-25e3-d2b0-b433f9a5147e" executionId="d3b584d2-dabd-48bf-a9c2-cafef0c4b7e0" testListId="8c84fa94-04c1-424b-9868-57a2d4851a1d" />
    <TestEntry testId="2a9a13ab-265f-9614-e1e1-63e96b8ac8b0" executionId="3f2881da-6c25-44be-bc54-ed87fb28067c" testListId="8c84fa94-04c1-424b-9868-57a2d4851a1d" />
    <TestEntry testId="19b0e4d6-d6a6-147b-2b0b-a74c25e78432" executionId="62e2afc1-3f6a-4af0-9cf5-b13668d35595" testListId="8c84fa94-04c1-424b-9868-57a2d4851a1d" />
    <TestEntry testId="a1d71fc8-66a9-3167-ad62-c020987c74fa" executionId="2f4c0b36-aabc-40be-b373-9d1eea4bd985" testListId="8c84fa94-04c1-424b-9868-57a2d4851a1d" />
    <TestEntry testId="df60775a-ab6d-18e3-9e82-96aded53f35f" executionId="8e1d5003-2d1c-4637-8aec-6239b29d27f8" testListId="8c84fa94-04c1-424b-9868-57a2d4851a1d" />
    <TestEntry testId="dcec420f-aa7b-0a18-c7c1-a83ed476fbab" executionId="0bf62206-cf49-4724-b52f-b880edc37d0f" testListId="8c84fa94-04c1-424b-9868-57a2d4851a1d" />
    <TestEntry testId="d138ff06-6f66-c54e-f5af-ebf7e7a0e3d4" executionId="4ad8267b-0080-432d-b45e-082d84abca50" testListId="8c84fa94-04c1-424b-9868-57a2d4851a1d" />
    <TestEntry testId="7c7d265e-8677-b835-b951-cc8602cae005" executionId="e83ac5e9-5474-4635-9363-1b565ee27f28" testListId="8c84fa94-04c1-424b-9868-57a2d4851a1d" />
    <TestEntry testId="e05535c8-e38b-6afd-d989-03abfc9fdef2" executionId="584d8edb-d4f5-4ccf-83a0-7fd0c47108ff" testListId="8c84fa94-04c1-424b-9868-57a2d4851a1d" />
    <TestEntry testId="f1d073e7-9bbb-9bd1-8d7e-7fb9867a74fc" executionId="0448ba24-74af-4313-aa2b-a8fcb3977e4e" testListId="8c84fa94-04c1-424b-9868-57a2d4851a1d" />
    <TestEntry testId="987b084b-0d72-606f-dc7a-9d2e9651bdbe" executionId="337cdfb6-5730-4a44-8664-efff9956c7ef" testListId="8c84fa94-04c1-424b-9868-57a2d4851a1d" />
    <TestEntry testId="09ad4a0a-273f-b215-0878-c40e820daf27" executionId="03f806c9-d3d5-4924-af26-23fa073b8b8d" testListId="8c84fa94-04c1-424b-9868-57a2d4851a1d" />
    <TestEntry testId="d3c5a0c0-1034-dbec-1131-7cd3a1ed87dc" executionId="fc10cdfe-1605-4ae0-8427-e950889cc55f" testListId="8c84fa94-04c1-424b-9868-57a2d4851a1d" />
    <TestEntry testId="13f69623-5bb7-0d76-a059-74fb72e80d3a" executionId="78395d6a-2bb4-4f1e-b8ec-c05b82039a7c" testListId="8c84fa94-04c1-424b-9868-57a2d4851a1d" />
    <TestEntry testId="98ca5869-1ef3-c0d8-d7b1-0acb3f6e01b9" executionId="04232c11-266d-4d1d-926d-78309704c245" testListId="8c84fa94-04c1-424b-9868-57a2d4851a1d" />
    <TestEntry testId="5d2666ea-12ff-7554-8789-84a606ff75fc" executionId="8e8f0a64-13e4-4552-83e7-348fed7f3045" testListId="8c84fa94-04c1-424b-9868-57a2d4851a1d" />
    <TestEntry testId="87697eb7-2dca-5742-6849-46a2a7985481" executionId="252418ea-32cc-480b-b60f-6bb7a2776dd7" testListId="8c84fa94-04c1-424b-9868-57a2d4851a1d" />
    <TestEntry testId="4b40e54f-568b-23aa-4e58-3b6e6106602c" executionId="0c22ded0-2cfb-4664-89f2-aabce614f85d" testListId="8c84fa94-04c1-424b-9868-57a2d4851a1d" />
    <TestEntry testId="e0f9842c-c961-bfba-9414-e90275825a27" executionId="118409ca-472c-4802-a82d-0a82f5337aa8" testListId="8c84fa94-04c1-424b-9868-57a2d4851a1d" />
    <TestEntry testId="740014ef-90d3-5ccc-03a7-2f2dc133199a" executionId="9aaff5d0-e1ce-479d-bc5d-e62db631b737" testListId="8c84fa94-04c1-424b-9868-57a2d4851a1d" />
    <TestEntry testId="f21cc8fb-3afc-d840-fc71-653d72ca920c" executionId="4a7d8528-ed00-4811-a4ff-d49baf95c64d" testListId="8c84fa94-04c1-424b-9868-57a2d4851a1d" />
    <TestEntry testId="bce0d1ed-ccf1-a5e2-5556-f4bba87a45f6" executionId="4229b2e0-37ee-4f45-afff-a20869cee40f" testListId="8c84fa94-04c1-424b-9868-57a2d4851a1d" />
    <TestEntry testId="7c105e74-fdd9-8b82-f6d3-869d22edb179" executionId="78b93e75-3572-4f02-862f-084a384ad4d0" testListId="8c84fa94-04c1-424b-9868-57a2d4851a1d" />
    <TestEntry testId="1706162b-ebd7-4ec5-e9dc-f2246d022dfd" executionId="0eeb1804-2867-44de-9725-4d9e4e78fb0b" testListId="8c84fa94-04c1-424b-9868-57a2d4851a1d" />
    <TestEntry testId="7a119e0b-a846-293b-165c-9b60b19a40e2" executionId="9947d155-1eb5-440f-a4bf-cfebf847c6f9" testListId="8c84fa94-04c1-424b-9868-57a2d4851a1d" />
    <TestEntry testId="45428b9a-2d38-1d95-07e0-92e25f59b5a0" executionId="ef6895d5-0e3a-4294-95c0-fea7e7ee4d7f" testListId="8c84fa94-04c1-424b-9868-57a2d4851a1d" />
    <TestEntry testId="8ca3649a-55a5-5ca7-e3f0-4335d765846e" executionId="585d9920-71d8-478d-8b96-e244cf1ac1d8" testListId="8c84fa94-04c1-424b-9868-57a2d4851a1d" />
    <TestEntry testId="05318104-675a-130a-0530-4d83506bb88d" executionId="c2f09d8b-7d3a-4269-a15d-306dd9be1880" testListId="8c84fa94-04c1-424b-9868-57a2d4851a1d" />
    <TestEntry testId="c874d449-cdde-9a69-1fae-0d1670b839cc" executionId="22b3c6e5-6fe7-4343-a418-03f2cc9f8194" testListId="8c84fa94-04c1-424b-9868-57a2d4851a1d" />
    <TestEntry testId="d46b49fc-824c-0018-5894-fc8ea526f194" executionId="0f6cab88-c321-4e6e-84d3-2b22951cbf2d" testListId="8c84fa94-04c1-424b-9868-57a2d4851a1d" />
    <TestEntry testId="12532231-7166-1ced-12f6-d2547b384ffe" executionId="c335f64c-6f4f-4da1-852a-dd1ba2f05cac" testListId="8c84fa94-04c1-424b-9868-57a2d4851a1d" />
    <TestEntry testId="9540d8b2-3477-465d-5f68-ac92bc210a52" executionId="e023f31b-9bc3-450e-8a4c-605c410adc7e" testListId="8c84fa94-04c1-424b-9868-57a2d4851a1d" />
    <TestEntry testId="5de1090a-858d-d61b-86dd-26468ae5d4d9" executionId="bac15654-5a52-4757-9035-bbf3a72d55ac" testListId="8c84fa94-04c1-424b-9868-57a2d4851a1d" />
    <TestEntry testId="9f2c7c17-9210-ffe0-332d-4c41473f2716" executionId="f34bf9cc-e7a1-4c66-894c-4c08d36ce167" testListId="8c84fa94-04c1-424b-9868-57a2d4851a1d" />
    <TestEntry testId="26366759-d80b-b18f-0c46-2502560a073a" executionId="a13661f1-9bdc-4fe6-8de9-ea864216b66c" testListId="8c84fa94-04c1-424b-9868-57a2d4851a1d" />
    <TestEntry testId="4d99e495-2f50-acce-7b49-df8bdd17d522" executionId="adfe3509-979a-41dc-8740-706e5143ffd0" testListId="8c84fa94-04c1-424b-9868-57a2d4851a1d" />
    <TestEntry testId="c3fdde15-21f2-6e82-f24e-8f120d1873e1" executionId="26eb7201-fc42-4aae-b9c8-d39f6b009583" testListId="8c84fa94-04c1-424b-9868-57a2d4851a1d" />
    <TestEntry testId="f8cec02b-55fc-f876-7200-36eb821f7298" executionId="6fa74a74-ec7c-48da-985e-7845aea6c23e" testListId="8c84fa94-04c1-424b-9868-57a2d4851a1d" />
    <TestEntry testId="e279befb-29c2-5ab3-4ed2-eff7017a50f1" executionId="b0410dfb-5b50-4539-b8dd-fd04349486ef" testListId="8c84fa94-04c1-424b-9868-57a2d4851a1d" />
    <TestEntry testId="053ac617-b59a-d9c9-5216-66781b43161d" executionId="4463947b-2a88-4f8b-a9b8-f47dde37f462" testListId="8c84fa94-04c1-424b-9868-57a2d4851a1d" />
    <TestEntry testId="25c65d59-8bea-5c0e-dbb5-d7ece8af8df1" executionId="2b0e5c88-898e-44ec-9920-08bd2d078ea8" testListId="8c84fa94-04c1-424b-9868-57a2d4851a1d" />
    <TestEntry testId="24fa98fc-8495-e613-347e-385e27c049ef" executionId="2d902309-84d2-48db-b176-157575239efc" testListId="8c84fa94-04c1-424b-9868-57a2d4851a1d" />
    <TestEntry testId="c38ea04c-e31b-1652-e3ea-efbab357c526" executionId="6eaea3c2-7df8-401e-9106-b3db2d564051" testListId="8c84fa94-04c1-424b-9868-57a2d4851a1d" />
    <TestEntry testId="e2c40b7b-ba22-9725-1979-4108f5f17912" executionId="2b773838-022e-45a4-950b-9bd5d7863244" testListId="8c84fa94-04c1-424b-9868-57a2d4851a1d" />
    <TestEntry testId="9ca86ade-bc47-c8b4-a558-a8ec9ff934de" executionId="96bb3fe3-4f9f-4d07-8e96-05b6f63215c9" testListId="8c84fa94-04c1-424b-9868-57a2d4851a1d" />
    <TestEntry testId="08e2c69e-47c2-997b-9de6-be96c52044c3" executionId="6686d46b-94c8-4ae9-b7d6-eb83cdc6d335" testListId="8c84fa94-04c1-424b-9868-57a2d4851a1d" />
    <TestEntry testId="c45ac9da-8dec-f552-57c6-a8f766b68bea" executionId="cfce98da-f637-437a-b2d0-59d6e658b478" testListId="8c84fa94-04c1-424b-9868-57a2d4851a1d" />
    <TestEntry testId="a96a57af-3265-732d-fe75-2d7e74accbb2" executionId="40c0c11d-e64c-48ad-8c2b-864a76c4b12b" testListId="8c84fa94-04c1-424b-9868-57a2d4851a1d" />
    <TestEntry testId="e4c1012d-9497-3c0a-9380-5ca44934d9f9" executionId="486c28d7-1ef5-4388-a984-71159915275b" testListId="8c84fa94-04c1-424b-9868-57a2d4851a1d" />
    <TestEntry testId="f4f00a15-20d5-aead-b666-0d93ac76af91" executionId="dcff0f89-a896-4189-86fa-d6bad4d29ae5" testListId="8c84fa94-04c1-424b-9868-57a2d4851a1d" />
    <TestEntry testId="155bcda6-097c-f711-5f3d-8ec8327a8ad5" executionId="d902e13f-6458-45cd-9c7e-e1127bcb5d78" testListId="8c84fa94-04c1-424b-9868-57a2d4851a1d" />
    <TestEntry testId="95ec1328-e10e-d517-538c-1ec22a51525b" executionId="0bcc7bbb-1a98-4a1b-93ee-c6960c33e13a" testListId="8c84fa94-04c1-424b-9868-57a2d4851a1d" />
    <TestEntry testId="19d633af-831b-41ca-abc4-d7f5a7b0a91e" executionId="779fafe6-6fd3-4818-9344-0f930eafc0ab" testListId="8c84fa94-04c1-424b-9868-57a2d4851a1d" />
    <TestEntry testId="9fa1070c-0edb-f51c-2bb5-25a8280dc0a4" executionId="5dba02eb-5089-42b6-87c1-ce4fcc2089fd" testListId="8c84fa94-04c1-424b-9868-57a2d4851a1d" />
    <TestEntry testId="a8f0bf07-678e-d981-0cbc-1576a7aaac1a" executionId="df6ec794-6d4b-4363-860d-4f05107a2129" testListId="8c84fa94-04c1-424b-9868-57a2d4851a1d" />
    <TestEntry testId="defef477-ab74-e16f-8c8f-1e265d3930f1" executionId="62ccb9f9-29a6-49cb-b6d7-490ae2365cab" testListId="8c84fa94-04c1-424b-9868-57a2d4851a1d" />
    <TestEntry testId="d3fffbe4-2c6b-ceb0-aedd-25eaa80dffa4" executionId="ebd2b6c8-9558-444c-9378-ffeef02f0174" testListId="8c84fa94-04c1-424b-9868-57a2d4851a1d" />
    <TestEntry testId="9caeea1b-7333-f2b6-c9ee-3fff61b4704b" executionId="3293b2ed-60fc-41fd-b325-1f3f7df8ce86" testListId="8c84fa94-04c1-424b-9868-57a2d4851a1d" />
    <TestEntry testId="2969ec70-5147-de20-309d-7410ee676376" executionId="0595f16a-dc70-43df-9c5e-1b6a1bdea9cf" testListId="8c84fa94-04c1-424b-9868-57a2d4851a1d" />
    <TestEntry testId="963cf0ec-6f2c-2324-c723-84c1bd8ae53a" executionId="de794582-53ea-4e57-b39c-7af5b1f80128" testListId="8c84fa94-04c1-424b-9868-57a2d4851a1d" />
    <TestEntry testId="f3055a75-27b3-beff-7ad6-e779eeda6b16" executionId="6f03559f-c457-467f-9d20-bb9f7c536c10" testListId="8c84fa94-04c1-424b-9868-57a2d4851a1d" />
    <TestEntry testId="60872574-86ee-d43c-4f28-bb0403810895" executionId="d47d3b6d-ac11-411e-9896-ff2aa85f2688" testListId="8c84fa94-04c1-424b-9868-57a2d4851a1d" />
    <TestEntry testId="d2b56df5-3e3d-1cbc-2152-126ecf6ab077" executionId="de21a04a-bcd1-4082-b8c7-437cbcbfd28e" testListId="8c84fa94-04c1-424b-9868-57a2d4851a1d" />
    <TestEntry testId="cd3e4cd8-86d2-06ce-fad1-9767fc239845" executionId="f1707d98-8be7-4844-82c5-df835724c18e" testListId="8c84fa94-04c1-424b-9868-57a2d4851a1d" />
    <TestEntry testId="58a13e13-3bda-840a-2350-a8c5e15612cf" executionId="71a96367-5c38-42c3-ad5e-8852e9f23c13" testListId="8c84fa94-04c1-424b-9868-57a2d4851a1d" />
    <TestEntry testId="10cb6c48-57f7-aa53-dd4d-8f0738a0e60e" executionId="42e9409e-3b34-4177-8ee2-2b6d30374e31" testListId="8c84fa94-04c1-424b-9868-57a2d4851a1d" />
    <TestEntry testId="1aa62662-2667-5fa1-70ae-34271f1c6b0d" executionId="76aaab9b-0345-41d6-baae-1423750b95f7" testListId="8c84fa94-04c1-424b-9868-57a2d4851a1d" />
    <TestEntry testId="1e809f7c-d80d-c13f-5b5f-dc09722d4b48" executionId="1f91812e-6371-482b-b584-a21764d418fb" testListId="8c84fa94-04c1-424b-9868-57a2d4851a1d" />
    <TestEntry testId="25d06efa-b1db-0405-02b3-07af04673976" executionId="a7f8cdbb-9f80-4fc5-bb8e-22cd567a5f36" testListId="8c84fa94-04c1-424b-9868-57a2d4851a1d" />
    <TestEntry testId="313ef4c0-2e4b-1a5f-33c5-ee8a18d23ede" executionId="4a8365e8-2e5f-4d54-aacd-f7b79c178b08" testListId="8c84fa94-04c1-424b-9868-57a2d4851a1d" />
    <TestEntry testId="40b0733f-a5c0-1f13-2ff6-e6d1c682866f" executionId="417eec33-6b7b-48db-8434-f2702c3958fd" testListId="8c84fa94-04c1-424b-9868-57a2d4851a1d" />
    <TestEntry testId="6069f1fb-9fb0-4a18-d93e-19ebe41e3521" executionId="44ee7e20-c24f-46b6-bd5a-c0fb1c7e9ecf" testListId="8c84fa94-04c1-424b-9868-57a2d4851a1d" />
    <TestEntry testId="d36fdb8e-daed-cd13-a69e-bb2f2509b62d" executionId="98e6111f-75e2-4a6c-9c7d-3972ad39a122" testListId="8c84fa94-04c1-424b-9868-57a2d4851a1d" />
    <TestEntry testId="75aee7c8-a7e7-4909-3f3e-2338e056c053" executionId="ebef7520-e785-44e3-a208-0b32eeacdc90" testListId="8c84fa94-04c1-424b-9868-57a2d4851a1d" />
    <TestEntry testId="2e4a02d7-5c2e-2e40-c0de-cb18b30d11aa" executionId="6cf629bd-dea8-408a-ba0e-a2b313be1c1c" testListId="8c84fa94-04c1-424b-9868-57a2d4851a1d" />
    <TestEntry testId="d3fde126-6b21-f905-429e-dcbe21e7b377" executionId="da7bc1d9-356a-4da0-b47b-29f6b757b06f" testListId="8c84fa94-04c1-424b-9868-57a2d4851a1d" />
    <TestEntry testId="85b077d1-2ff5-7cc4-0b93-6367b885dba0" executionId="98514b62-37b4-402b-88be-1f6d97d5bf4f" testListId="8c84fa94-04c1-424b-9868-57a2d4851a1d" />
    <TestEntry testId="2cc86024-f78f-4003-5713-de727cced124" executionId="79629a66-461e-4b56-9186-28f5f79badb0" testListId="8c84fa94-04c1-424b-9868-57a2d4851a1d" />
    <TestEntry testId="c4cc050c-dc82-755c-a3b7-c8a72cea9243" executionId="e6a3ab33-fcf0-46e4-b1c0-73d179d95428" testListId="8c84fa94-04c1-424b-9868-57a2d4851a1d" />
    <TestEntry testId="d74ec0b7-d8d8-ec72-9bf1-7286d7cc1507" executionId="47b00887-77a1-4789-868e-b0ff7c58b207" testListId="8c84fa94-04c1-424b-9868-57a2d4851a1d" />
    <TestEntry testId="a0b99aca-5bd9-80cf-f661-53513b9b303e" executionId="70439431-9907-4a3d-8cbe-cd0db08a5c25" testListId="8c84fa94-04c1-424b-9868-57a2d4851a1d" />
    <TestEntry testId="9177d70e-4335-49d1-cdf1-38740915363b" executionId="fd3e43fb-283e-4d71-b847-8513a50764d2" testListId="8c84fa94-04c1-424b-9868-57a2d4851a1d" />
    <TestEntry testId="d0be4f4b-f4aa-fa19-255a-89ad8fcd3729" executionId="4b6fccfc-5c33-4c61-9fca-372c11ea8073" testListId="8c84fa94-04c1-424b-9868-57a2d4851a1d" />
    <TestEntry testId="ae87f8f2-b881-5c1c-a18f-c580c69c6433" executionId="059f7b03-dd33-446b-bf0a-4cbc5e67aa71" testListId="8c84fa94-04c1-424b-9868-57a2d4851a1d" />
    <TestEntry testId="0298c3f7-f571-d33b-dc29-7d86124b7fe0" executionId="0d066078-fa32-40b3-a5cb-815e3c76a9ab" testListId="8c84fa94-04c1-424b-9868-57a2d4851a1d" />
    <TestEntry testId="63d3699c-f8f5-6ccf-03a8-52aa2c41cac1" executionId="c1f42174-98bc-4b66-8dfa-015058f02e6a" testListId="8c84fa94-04c1-424b-9868-57a2d4851a1d" />
    <TestEntry testId="e322a1b9-c248-7fd9-9980-0561a2970106" executionId="b09fa93f-440f-44fd-b71c-5856cf041984" testListId="8c84fa94-04c1-424b-9868-57a2d4851a1d" />
    <TestEntry testId="bf9de493-afd5-5695-6295-d746dcfaa9cd" executionId="b054752e-fdc8-4e8a-b7f5-c4d2983db31a" testListId="8c84fa94-04c1-424b-9868-57a2d4851a1d" />
    <TestEntry testId="197ea55a-d85b-8d25-83f3-c3189d418c54" executionId="d3fd0ca9-ed45-4d07-b43e-e96b0571c46f" testListId="8c84fa94-04c1-424b-9868-57a2d4851a1d" />
    <TestEntry testId="72388809-2454-2ab0-00a9-5d1b00d0d173" executionId="f9a5171d-cfe2-4df3-9f4c-b65be3cad2d6" testListId="8c84fa94-04c1-424b-9868-57a2d4851a1d" />
    <TestEntry testId="cff59e22-20b2-18ca-a65e-fac7f79354b6" executionId="fd7143b6-6bd8-4fcb-bce2-aaabea033354" testListId="8c84fa94-04c1-424b-9868-57a2d4851a1d" />
    <TestEntry testId="61707ed7-8e66-66a4-b75b-9fbdde682922" executionId="0a3760dc-6c7f-4465-a224-564e4c400aeb" testListId="8c84fa94-04c1-424b-9868-57a2d4851a1d" />
    <TestEntry testId="c5a06037-eab6-edac-851c-a30526e41ed7" executionId="d7993671-dbdb-4cb2-b145-743b7f41bffa" testListId="8c84fa94-04c1-424b-9868-57a2d4851a1d" />
    <TestEntry testId="bdc08160-26af-8a03-3d54-f24d85bdb6fa" executionId="f9b4afc6-a111-4aba-a132-380dcdcdcdc9" testListId="8c84fa94-04c1-424b-9868-57a2d4851a1d" />
    <TestEntry testId="4ba9306c-e5c1-78fa-7557-13deb492fa13" executionId="9a9bc748-625e-4f5e-ab5a-4490d6e2f6dc" testListId="8c84fa94-04c1-424b-9868-57a2d4851a1d" />
    <TestEntry testId="cf0365fa-8d4f-198a-8176-19db21f3fead" executionId="c8019afc-2d94-4ef3-9eeb-f46d8b6be193" testListId="8c84fa94-04c1-424b-9868-57a2d4851a1d" />
    <TestEntry testId="4186eeb2-0be9-9bf7-f8cb-ea9d134621df" executionId="8500b843-614f-4a34-8535-00ccd7519928" testListId="8c84fa94-04c1-424b-9868-57a2d4851a1d" />
    <TestEntry testId="e94ce787-2531-86e8-e50e-7b2ab774bec2" executionId="76d29add-fb7c-44a1-bb9e-5c8fd3347d62" testListId="8c84fa94-04c1-424b-9868-57a2d4851a1d" />
    <TestEntry testId="e0c68366-7f2a-9913-521c-ffb1d7e94915" executionId="ca8b598e-a765-41a7-8dd8-64c827ba19f0" testListId="8c84fa94-04c1-424b-9868-57a2d4851a1d" />
    <TestEntry testId="e876492b-c1e6-5df4-2cb4-10c5402e5459" executionId="6f877876-3bb6-42cd-adb9-da321aa4954f" testListId="8c84fa94-04c1-424b-9868-57a2d4851a1d" />
    <TestEntry testId="2229e9da-aa70-6020-af21-da7b7d157d78" executionId="eed0109e-9842-4529-8ef3-973c5053383a" testListId="8c84fa94-04c1-424b-9868-57a2d4851a1d" />
    <TestEntry testId="05b9a7d5-63a4-2078-f2e6-4dfb44422a2b" executionId="ac8fce35-7921-43e3-be0d-2d0b6553a665" testListId="8c84fa94-04c1-424b-9868-57a2d4851a1d" />
    <TestEntry testId="7a79a2ec-f06b-932a-d725-dded02f6c9ce" executionId="7b3bd36e-7b17-4a09-a114-de9d77ca38c8" testListId="8c84fa94-04c1-424b-9868-57a2d4851a1d" />
    <TestEntry testId="b21002f7-871a-4ac8-e7a0-81290fa4fe4a" executionId="d66d45ed-87c1-44c5-b324-d53728fd79aa" testListId="8c84fa94-04c1-424b-9868-57a2d4851a1d" />
    <TestEntry testId="e80fb3a9-035c-f635-b5fc-e42f4761c91a" executionId="34615a3a-0919-48c2-9397-0fd91f557b00" testListId="8c84fa94-04c1-424b-9868-57a2d4851a1d" />
    <TestEntry testId="8372c3a2-7d93-c729-3cb8-e8898e4c12b7" executionId="74aea7b5-baa0-4c63-aab5-91496c08dc68" testListId="8c84fa94-04c1-424b-9868-57a2d4851a1d" />
    <TestEntry testId="2dd722b9-ae57-d444-3d57-d4f10f2eb769" executionId="166a0280-7dab-45e6-93c2-28a898d6b936" testListId="8c84fa94-04c1-424b-9868-57a2d4851a1d" />
    <TestEntry testId="8496706c-1a6e-fd34-9c07-c0bab620ff17" executionId="3c5ad175-2109-4e4c-a5b8-6a7c4a057af8" testListId="8c84fa94-04c1-424b-9868-57a2d4851a1d" />
    <TestEntry testId="7cd7d033-5638-97de-eef7-d649b18ecf89" executionId="752d2de3-68c4-4f43-8113-3950f08f85a1" testListId="8c84fa94-04c1-424b-9868-57a2d4851a1d" />
    <TestEntry testId="01477433-2374-1599-8c70-96a53ae6bc61" executionId="13afd312-29cc-410c-b7db-4b9bfddad8dd" testListId="8c84fa94-04c1-424b-9868-57a2d4851a1d" />
    <TestEntry testId="ffd7348a-1894-bbdb-a4a7-03b5b94151a0" executionId="2f3dd470-5d52-4612-8c7e-cd586ab30e5b" testListId="8c84fa94-04c1-424b-9868-57a2d4851a1d" />
    <TestEntry testId="c7f80ee4-2a1f-4369-c29e-f36bc665d63b" executionId="b2f6b14b-a1ff-40b9-8406-ef6814f71596" testListId="8c84fa94-04c1-424b-9868-57a2d4851a1d" />
    <TestEntry testId="dff6063f-4e58-855f-ab22-c7697bdbab6e" executionId="867b2322-ae54-44fc-9c3d-9cfc87f63293" testListId="8c84fa94-04c1-424b-9868-57a2d4851a1d" />
    <TestEntry testId="37770e9e-76d1-d8b1-6582-4ad662116c16" executionId="0a4b8c4f-b111-4e3a-ad27-3158bc08d14c" testListId="8c84fa94-04c1-424b-9868-57a2d4851a1d" />
    <TestEntry testId="c696ee4c-c475-33f6-a705-ad3092709bd9" executionId="d2ffa8c9-4723-4694-ac56-8703adada589" testListId="8c84fa94-04c1-424b-9868-57a2d4851a1d" />
    <TestEntry testId="9257a2bf-a565-a104-d661-0c8b1061981a" executionId="76a26a03-6622-4f75-bc9b-24c04712083a" testListId="8c84fa94-04c1-424b-9868-57a2d4851a1d" />
    <TestEntry testId="7da36bd1-5c8e-56c8-ca11-36e22facbb07" executionId="a459a51d-8200-4d92-a8f3-f6e37d138f3f" testListId="8c84fa94-04c1-424b-9868-57a2d4851a1d" />
    <TestEntry testId="13348d74-5c3b-87dd-afe8-f5ed8a70ba71" executionId="40fdcdb1-dfb2-442a-b325-6d3866fe3860" testListId="8c84fa94-04c1-424b-9868-57a2d4851a1d" />
    <TestEntry testId="bd9c4a8d-ef06-c7d6-20cc-5f3564c97beb" executionId="e290eea6-df76-496b-9a6b-a02d1fb7a049" testListId="8c84fa94-04c1-424b-9868-57a2d4851a1d" />
    <TestEntry testId="4f5d50fe-e053-ac91-0b52-357cec0bcc76" executionId="37a0ea3a-f7cb-46c4-8016-e084da38c3ff" testListId="8c84fa94-04c1-424b-9868-57a2d4851a1d" />
    <TestEntry testId="8dcb811d-41b0-bf38-438d-e34e4a5cf950" executionId="149405a9-6f59-4c63-895f-cf3eb509eaf1" testListId="8c84fa94-04c1-424b-9868-57a2d4851a1d" />
    <TestEntry testId="4f7d2b80-8182-9899-5fde-10cb2b2e2d47" executionId="e9a89252-15e7-4912-817d-6be408b6b0b2" testListId="8c84fa94-04c1-424b-9868-57a2d4851a1d" />
    <TestEntry testId="60f84710-11e4-66c1-caec-2c5262904ef3" executionId="1d58ef3a-3351-43f3-997e-225524eba1ac" testListId="8c84fa94-04c1-424b-9868-57a2d4851a1d" />
    <TestEntry testId="a548da95-a768-a015-f9d3-aa6a3e1d73ef" executionId="00092e72-bbaf-41a4-9ab4-14abd05ab8e3" testListId="8c84fa94-04c1-424b-9868-57a2d4851a1d" />
    <TestEntry testId="c51fde7e-7ff1-e73b-a14a-be7e7da044ee" executionId="ad32bd2c-59d4-48e0-9f07-7def48776df7" testListId="8c84fa94-04c1-424b-9868-57a2d4851a1d" />
    <TestEntry testId="4d67036a-eabc-3476-0cb0-2d83e2a0392e" executionId="2af3a684-bdb4-49ed-b243-7a2827a6466f" testListId="8c84fa94-04c1-424b-9868-57a2d4851a1d" />
    <TestEntry testId="ccb30879-1346-d178-d14c-45ed17f39452" executionId="bf398bf5-b547-44ba-8eeb-b2cd448bc008" testListId="8c84fa94-04c1-424b-9868-57a2d4851a1d" />
    <TestEntry testId="e303ce3e-ecac-0140-6f74-7122eaf9fcc9" executionId="a58d3977-86e3-4c03-b93e-ef0916eed0b3" testListId="8c84fa94-04c1-424b-9868-57a2d4851a1d" />
    <TestEntry testId="0db62437-c0c9-bf71-fa32-95eb156189cd" executionId="4d9bcdab-b4ae-4374-ac27-c5c383f3baf2" testListId="8c84fa94-04c1-424b-9868-57a2d4851a1d" />
    <TestEntry testId="950aae1c-0ad0-9165-2b37-8529ebafb9f7" executionId="79182634-4c82-41c4-b04d-d7b124976de2" testListId="8c84fa94-04c1-424b-9868-57a2d4851a1d" />
    <TestEntry testId="2340a011-3e89-db0a-8ead-8a909fd17dcc" executionId="1a3b6119-d39b-4bd2-9251-b33e06488764" testListId="8c84fa94-04c1-424b-9868-57a2d4851a1d" />
    <TestEntry testId="c435a49b-4a2e-9a0f-44b5-b675a60746bd" executionId="7948ecf2-f9c9-4fee-a9b7-e1a62f830d9f" testListId="8c84fa94-04c1-424b-9868-57a2d4851a1d" />
    <TestEntry testId="7bceea39-4544-e593-f888-fe1122944dcc" executionId="91c777be-031f-4812-88db-000d1a94ac84" testListId="8c84fa94-04c1-424b-9868-57a2d4851a1d" />
    <TestEntry testId="22d4da06-0793-f480-6561-ce32c1acb6b4" executionId="5045b630-16f2-469e-a9a9-27a71ee58580" testListId="8c84fa94-04c1-424b-9868-57a2d4851a1d" />
    <TestEntry testId="069edd28-1132-0bbe-1658-c82c63615ff5" executionId="3d88304e-069b-4d36-b155-9f85cc178a8f" testListId="8c84fa94-04c1-424b-9868-57a2d4851a1d" />
    <TestEntry testId="404aa43b-1521-318b-f8a0-5e923f1b4886" executionId="797c8866-fe9b-47b8-8b41-754293b6b2d4" testListId="8c84fa94-04c1-424b-9868-57a2d4851a1d" />
    <TestEntry testId="7220169d-aec4-9330-ae5f-c4a89d2b93c1" executionId="d8e3e886-1920-4851-bba2-41994fca1160" testListId="8c84fa94-04c1-424b-9868-57a2d4851a1d" />
    <TestEntry testId="97d0ddc7-2a51-5fc7-6b70-f7c8d04df2cc" executionId="123a0b00-6044-4d11-8457-a8c19e1f4ef9" testListId="8c84fa94-04c1-424b-9868-57a2d4851a1d" />
    <TestEntry testId="44e0175b-a3d8-afab-c8bf-5aa947e25118" executionId="45a8e026-237c-4deb-af07-d7b0b04f0494" testListId="8c84fa94-04c1-424b-9868-57a2d4851a1d" />
    <TestEntry testId="9c13da2d-138f-0a7d-d8ee-14882fe9a1a0" executionId="ead9e84b-da89-4b1f-ac20-e5aeaa5f05db" testListId="8c84fa94-04c1-424b-9868-57a2d4851a1d" />
    <TestEntry testId="1c681c87-5817-78f8-32a2-938509557353" executionId="f13398e5-1c21-45d1-9ce5-d5bd17ea27c9" testListId="8c84fa94-04c1-424b-9868-57a2d4851a1d" />
    <TestEntry testId="2fb3db54-85cc-8a31-acbd-0b01c72f0540" executionId="768df2c0-445d-4386-acd5-2bc6801ac879" testListId="8c84fa94-04c1-424b-9868-57a2d4851a1d" />
    <TestEntry testId="dce07f74-3f0a-7d99-a109-4b242c9c9876" executionId="d369c7f2-8bcb-4917-89a9-9e63fc531efe" testListId="8c84fa94-04c1-424b-9868-57a2d4851a1d" />
    <TestEntry testId="76f11bb3-eada-e674-a24d-e021de8c255e" executionId="13a4c947-1f21-4244-9cbc-1ab00617a7a3" testListId="8c84fa94-04c1-424b-9868-57a2d4851a1d" />
    <TestEntry testId="b1906eed-22a8-038a-f918-8118ea87e1b9" executionId="86b6b77b-57f5-4c97-b014-1ff2cb007dda" testListId="8c84fa94-04c1-424b-9868-57a2d4851a1d" />
    <TestEntry testId="7afb7525-0594-d556-2856-79dcfe3a33de" executionId="56366b28-cd65-42d2-bef2-fe74b677b76c" testListId="8c84fa94-04c1-424b-9868-57a2d4851a1d" />
    <TestEntry testId="2cd7491e-1cb4-6e66-e5d3-781da9d87b2b" executionId="189cffa5-e075-407f-90dc-eeeb0feb8d6b" testListId="8c84fa94-04c1-424b-9868-57a2d4851a1d" />
    <TestEntry testId="3faf3d16-ea51-6917-cc60-1be5d218e797" executionId="e9caec5c-1e09-4fa3-a535-1f4b065f794c" testListId="8c84fa94-04c1-424b-9868-57a2d4851a1d" />
    <TestEntry testId="2bf8cd64-ff0d-943a-8bbb-6333d5c41aa9" executionId="2960121c-35c3-426c-b5e9-9f7209e59751" testListId="8c84fa94-04c1-424b-9868-57a2d4851a1d" />
    <TestEntry testId="e4c274c6-487f-242d-4213-0a44065794fb" executionId="445a1e9b-33de-4d10-8159-f0dd9a0771db" testListId="8c84fa94-04c1-424b-9868-57a2d4851a1d" />
    <TestEntry testId="c11cef4e-4f16-4a2d-b789-75cdac5e4660" executionId="8bbb3870-eb84-47c7-a518-fb45784eaa74" testListId="8c84fa94-04c1-424b-9868-57a2d4851a1d" />
    <TestEntry testId="d2305e7a-f8ca-aaef-874c-269d24ef07fb" executionId="0cc63f73-c978-4561-98a0-8bd35faa31ef" testListId="8c84fa94-04c1-424b-9868-57a2d4851a1d" />
    <TestEntry testId="b41bc5ef-a2a6-9b4b-f927-fae681ed4b5f" executionId="2a944b0f-6ab0-4368-a69b-75b28f1cd583" testListId="8c84fa94-04c1-424b-9868-57a2d4851a1d" />
    <TestEntry testId="9bcdf09c-a5ff-29ba-8855-cd62a3e12c8c" executionId="b675a7fb-5cd7-40ff-a10d-a62804404b25" testListId="8c84fa94-04c1-424b-9868-57a2d4851a1d" />
    <TestEntry testId="410674e7-1a17-b5ae-92b1-a8c050fbd57c" executionId="bffb432f-e734-468b-be4d-88ef3c55fea9" testListId="8c84fa94-04c1-424b-9868-57a2d4851a1d" />
    <TestEntry testId="5e4828b2-9493-9e8b-b647-fbad68208946" executionId="43d4391e-d76c-4f32-9937-b427e71135ae" testListId="8c84fa94-04c1-424b-9868-57a2d4851a1d" />
    <TestEntry testId="3843a884-9415-83f0-f3de-d93e391e9153" executionId="8b65e1e3-0a41-4ecd-9846-3a05352bef87" testListId="8c84fa94-04c1-424b-9868-57a2d4851a1d" />
    <TestEntry testId="83ec74cf-ae3e-98d3-9ddb-a03e0af8a8e2" executionId="e4cbcaa9-c4e1-46cb-825f-544ec6ba22fc" testListId="8c84fa94-04c1-424b-9868-57a2d4851a1d" />
    <TestEntry testId="198ef69c-3ba3-58e1-c048-180eadd58e71" executionId="209a195b-a845-4bd3-a750-80fb8c585f6d" testListId="8c84fa94-04c1-424b-9868-57a2d4851a1d" />
    <TestEntry testId="a486b41f-6ac6-03ff-8499-8aa50f33906e" executionId="5c1a2eec-7dd2-4726-a301-7847107e05df" testListId="8c84fa94-04c1-424b-9868-57a2d4851a1d" />
    <TestEntry testId="d3ebed8c-99d8-2eda-3280-99f35149107c" executionId="4e9216b6-8c10-4e4b-8531-a51e1cc809b6" testListId="8c84fa94-04c1-424b-9868-57a2d4851a1d" />
    <TestEntry testId="5053e4d1-172c-49bd-c17a-88d25ce48243" executionId="9e547f08-c5b4-4cfe-8761-5524a0731323" testListId="8c84fa94-04c1-424b-9868-57a2d4851a1d" />
    <TestEntry testId="fc41daf1-d636-1b3c-71ec-55e65c3dc4b5" executionId="fb3a6261-1bf0-42ff-8acb-09a8e75912b7" testListId="8c84fa94-04c1-424b-9868-57a2d4851a1d" />
    <TestEntry testId="96ab011f-bbe7-8dd5-0990-efcff3206787" executionId="820aa949-8792-42ed-9639-dd84ba3970cc" testListId="8c84fa94-04c1-424b-9868-57a2d4851a1d" />
    <TestEntry testId="f1f726ee-20d9-74fb-9273-c729b5d20156" executionId="f356f6e5-f5ce-4860-a55d-f8eccebc2f85" testListId="8c84fa94-04c1-424b-9868-57a2d4851a1d" />
    <TestEntry testId="da10af65-b887-d983-468c-3b4a27b44e81" executionId="1268bcb2-90b2-42f1-9d3b-9d6e3a841dd4" testListId="8c84fa94-04c1-424b-9868-57a2d4851a1d" />
    <TestEntry testId="434a36a3-b1ac-4650-7356-2fb133d2bff2" executionId="d68fff83-7f7e-4429-b3b0-c41de4d36f0f" testListId="8c84fa94-04c1-424b-9868-57a2d4851a1d" />
    <TestEntry testId="e12d1e7e-1346-3e44-59ab-4d726f9fcd6c" executionId="0b2db683-77f4-4691-bd2f-6a049085cfaf" testListId="8c84fa94-04c1-424b-9868-57a2d4851a1d" />
    <TestEntry testId="66210fda-b7c4-305e-57b3-a53f8649d566" executionId="0f1ffc18-ada5-499c-940c-aeb850540a0f" testListId="8c84fa94-04c1-424b-9868-57a2d4851a1d" />
    <TestEntry testId="ccad8190-b526-f766-624d-f421bf9c052e" executionId="a006925e-f63f-427d-bd99-ebfb2adbef3d" testListId="8c84fa94-04c1-424b-9868-57a2d4851a1d" />
    <TestEntry testId="2c24115f-24d8-e381-f2b7-d98584c87179" executionId="364c6891-ba6a-435d-9f36-bb806140b931" testListId="8c84fa94-04c1-424b-9868-57a2d4851a1d" />
    <TestEntry testId="a125acbc-524d-c11c-a3dc-53612a4163f1" executionId="561c28c1-c979-4c72-85ae-81a9b4dccfb7" testListId="8c84fa94-04c1-424b-9868-57a2d4851a1d" />
    <TestEntry testId="7a46561e-5598-2e0f-9623-5af08039528a" executionId="2493fed8-47ce-4fcd-a7d1-b2c0557ed566" testListId="8c84fa94-04c1-424b-9868-57a2d4851a1d" />
    <TestEntry testId="d066157d-815b-f760-c469-fd47be8ec2f6" executionId="02a44ccf-8131-49cc-a32c-09b74eb6efb5" testListId="8c84fa94-04c1-424b-9868-57a2d4851a1d" />
    <TestEntry testId="356b32f7-0650-656e-bd0f-2ccb6788b727" executionId="892d6817-92d2-4256-964f-41d5317d65b5" testListId="8c84fa94-04c1-424b-9868-57a2d4851a1d" />
    <TestEntry testId="9b1daeb4-eb8e-81ef-f5ab-254275d16805" executionId="fa6f1adf-e065-46f0-bd95-3f46c363d7ad" testListId="8c84fa94-04c1-424b-9868-57a2d4851a1d" />
    <TestEntry testId="db43f61c-fc07-28c8-7ad7-02592bcd5e9b" executionId="5b362ba0-3415-41f5-bd3c-f5388341b170" testListId="8c84fa94-04c1-424b-9868-57a2d4851a1d" />
    <TestEntry testId="7cb599fc-257a-4f79-3635-07e1b8c9a135" executionId="c1e0913f-d39c-4a1e-a8b4-367bed0e01ea" testListId="8c84fa94-04c1-424b-9868-57a2d4851a1d" />
    <TestEntry testId="c05fcbdb-adc2-f0c2-f351-af866a2138ca" executionId="1bdd8d57-d27e-4580-afb4-12457b6df382" testListId="8c84fa94-04c1-424b-9868-57a2d4851a1d" />
    <TestEntry testId="c58aa354-a5c0-fc8a-1fbe-143c888239d5" executionId="87b2a868-5078-490e-8220-66746f545794" testListId="8c84fa94-04c1-424b-9868-57a2d4851a1d" />
    <TestEntry testId="cb27c782-d578-e247-8212-eb1d5e260dfc" executionId="40b61b02-1f9d-49e6-b4a7-4df9bc9b6bf0" testListId="8c84fa94-04c1-424b-9868-57a2d4851a1d" />
    <TestEntry testId="8ff63bde-0308-6800-e339-c33cfbbb911d" executionId="94725519-8e8d-40e3-9375-5ca5169aa15d" testListId="8c84fa94-04c1-424b-9868-57a2d4851a1d" />
    <TestEntry testId="92ab0310-0f7e-c839-ec95-bed934e0fba9" executionId="0f72ad01-4cc1-447b-aaab-2de5ac35dbba" testListId="8c84fa94-04c1-424b-9868-57a2d4851a1d" />
    <TestEntry testId="becac56f-40a5-7d27-51e4-dd3d3d2c4f2b" executionId="c6b01c5d-5aa1-48df-8b40-83b20a8aaca7" testListId="8c84fa94-04c1-424b-9868-57a2d4851a1d" />
    <TestEntry testId="0344ff85-5b7a-347e-5010-be00f87c40e3" executionId="e14d04f0-a850-4d3c-84e5-28986849f1dc" testListId="8c84fa94-04c1-424b-9868-57a2d4851a1d" />
    <TestEntry testId="ebe689fc-df0a-d6e1-e951-f9981b91830e" executionId="c48bf394-fce2-44f2-b389-5a7741b3cd1c" testListId="8c84fa94-04c1-424b-9868-57a2d4851a1d" />
    <TestEntry testId="6ce59ee0-3e3a-c463-72d0-d9b4601f4144" executionId="2d50e9e3-725d-48a2-999c-9e43f511ff51" testListId="8c84fa94-04c1-424b-9868-57a2d4851a1d" />
    <TestEntry testId="e0093023-7eaa-ac44-6d8f-2022e54faacd" executionId="b65c64f0-bd36-4239-815b-d2da91a59b62" testListId="8c84fa94-04c1-424b-9868-57a2d4851a1d" />
    <TestEntry testId="69352b98-5776-885c-a787-77bf6b4110f5" executionId="5b12394f-f461-4cce-846b-5e44ce612647" testListId="8c84fa94-04c1-424b-9868-57a2d4851a1d" />
    <TestEntry testId="9c890ba8-2b68-8018-39c6-02c8d5c0ba47" executionId="7d54c2d0-60f4-4ea8-8c2d-522438a5f1c8" testListId="8c84fa94-04c1-424b-9868-57a2d4851a1d" />
    <TestEntry testId="1815ffc3-b925-3414-3ee1-a44b85b3014e" executionId="9f7265a6-0521-43e0-8586-0379be7a21fa" testListId="8c84fa94-04c1-424b-9868-57a2d4851a1d" />
    <TestEntry testId="0d986ca3-2705-b3f9-0b5b-e9d1da8a3c25" executionId="cd077221-dc59-47ce-b739-326eb7736583" testListId="8c84fa94-04c1-424b-9868-57a2d4851a1d" />
    <TestEntry testId="7b7fd948-7e24-4c34-804b-8d3bb39fda9b" executionId="1977db61-feb8-4a88-8273-0d47e1a7e8bb" testListId="8c84fa94-04c1-424b-9868-57a2d4851a1d" />
    <TestEntry testId="7f165852-a741-544a-b1c5-b27e8da08ba2" executionId="2b914dee-d6c0-4597-859a-161722dcf4fc" testListId="8c84fa94-04c1-424b-9868-57a2d4851a1d" />
    <TestEntry testId="ea8090e9-fdaf-2a45-96b7-ceba59f26a6e" executionId="ed789bd4-d5ef-4f22-95a6-6e51aa1154e0" testListId="8c84fa94-04c1-424b-9868-57a2d4851a1d" />
    <TestEntry testId="48f77f0f-5fbc-680e-024f-f3f9cc52c771" executionId="b70b2092-3253-4932-aeeb-a7796746bc19" testListId="8c84fa94-04c1-424b-9868-57a2d4851a1d" />
    <TestEntry testId="8f3be23c-8ad1-3953-6ff2-2eed37bf42f3" executionId="fa03dd8e-8db5-4e57-8421-fd180ad2c09e" testListId="8c84fa94-04c1-424b-9868-57a2d4851a1d" />
    <TestEntry testId="d8dbc8dc-6196-9587-70f0-a9906666bde2" executionId="872b26bb-b908-4797-9ab0-194df391869b" testListId="8c84fa94-04c1-424b-9868-57a2d4851a1d" />
    <TestEntry testId="06b658cd-03e4-17b8-802a-1eefb78c8f81" executionId="ea5eee69-db83-4f7d-8b31-6d5836076adf" testListId="8c84fa94-04c1-424b-9868-57a2d4851a1d" />
    <TestEntry testId="bd52a2d9-ae93-0536-13ca-c83c0e7d6094" executionId="7852b227-21f8-4b2a-8db5-a0505687336c" testListId="8c84fa94-04c1-424b-9868-57a2d4851a1d" />
    <TestEntry testId="8ac51010-fb8d-0fff-8eef-beeaf49637c5" executionId="3f99f361-d899-452a-8e67-6c922308e377" testListId="8c84fa94-04c1-424b-9868-57a2d4851a1d" />
    <TestEntry testId="e3d2e421-e9dd-b66b-5494-d5b2e2356f7b" executionId="0261737d-3e20-4f90-940a-db67a8ab8d5a" testListId="8c84fa94-04c1-424b-9868-57a2d4851a1d" />
    <TestEntry testId="a1c58ac9-8648-605f-9bbd-7d3d8fb1b301" executionId="e55bb0b2-3a54-440e-96f8-e632fcd1b9ae" testListId="8c84fa94-04c1-424b-9868-57a2d4851a1d" />
    <TestEntry testId="6a10e0ce-aa0b-1739-eb54-aa0bd4a1c01f" executionId="7d4e3a2a-8157-4919-b1ac-ee8c8b6db085" testListId="8c84fa94-04c1-424b-9868-57a2d4851a1d" />
    <TestEntry testId="7c575fc9-f08b-8649-c294-f260d4a96eaa" executionId="de6d68d3-c739-471a-b416-5a9bebf54e74" testListId="8c84fa94-04c1-424b-9868-57a2d4851a1d" />
    <TestEntry testId="27891645-e866-96fc-bdc6-f0c21526247a" executionId="5be5400f-9c99-441b-994a-4614e5e49598" testListId="8c84fa94-04c1-424b-9868-57a2d4851a1d" />
    <TestEntry testId="35e9fdf7-c260-0dbb-c09d-6a3cdafce44b" executionId="3e5759ef-9a18-4702-a77b-b1bca9c906a0" testListId="8c84fa94-04c1-424b-9868-57a2d4851a1d" />
    <TestEntry testId="71a3bba1-a17e-6192-7f8d-9a4077362808" executionId="51c4e81c-6457-4e54-8e18-85719439b4e5" testListId="8c84fa94-04c1-424b-9868-57a2d4851a1d" />
    <TestEntry testId="1e5d00ca-54ba-ad24-7c3e-71796a1761cf" executionId="f5ef11ac-0bd1-4bce-97b1-4161b11b9ed0" testListId="8c84fa94-04c1-424b-9868-57a2d4851a1d" />
    <TestEntry testId="57c1ef6d-3cc6-3148-b3e3-2cfb6ba149f1" executionId="917b795f-7226-43e7-9c29-e8f9a7e5b7e4" testListId="8c84fa94-04c1-424b-9868-57a2d4851a1d" />
    <TestEntry testId="68041408-2e88-065c-6b50-541fb29d2863" executionId="cd456665-0d20-4165-abcb-1a581555e669" testListId="8c84fa94-04c1-424b-9868-57a2d4851a1d" />
    <TestEntry testId="8ea8331b-101a-dad6-5051-c2278596f3cf" executionId="691d814f-6a4a-4daa-9c13-a5d3c688b561" testListId="8c84fa94-04c1-424b-9868-57a2d4851a1d" />
    <TestEntry testId="c8dd4276-04ab-8016-27be-098f2768bcae" executionId="fefdbd6e-2dbe-4ce3-bda2-6ff6d97170bc" testListId="8c84fa94-04c1-424b-9868-57a2d4851a1d" />
    <TestEntry testId="7213745e-2232-596b-52b1-62d5c06c6d55" executionId="d35ba8f3-1313-455e-9388-bfec497fb58d" testListId="8c84fa94-04c1-424b-9868-57a2d4851a1d" />
    <TestEntry testId="857a1499-25f2-7664-956f-9028378430c6" executionId="5cbe5834-105d-4a68-ad1e-cd97766e12b2" testListId="8c84fa94-04c1-424b-9868-57a2d4851a1d" />
    <TestEntry testId="7fdaddc8-1272-433d-cd05-7e2019849d00" executionId="3c99eb5d-7b6c-497a-9555-9d3ce0117ba6" testListId="8c84fa94-04c1-424b-9868-57a2d4851a1d" />
    <TestEntry testId="b7449577-f3be-2f6f-7f44-0d4dd7d388d9" executionId="32c6b527-151c-448d-8322-fea3c4ca86c0" testListId="8c84fa94-04c1-424b-9868-57a2d4851a1d" />
    <TestEntry testId="85fe2294-1cae-e65d-bd1c-dedf66ad94b2" executionId="6de12660-b1b0-4823-ac2b-602bf0ec377f" testListId="8c84fa94-04c1-424b-9868-57a2d4851a1d" />
    <TestEntry testId="2e6141c9-4c26-78a6-947c-43d6605f0669" executionId="2e46e6ef-a643-4ffc-a01f-2944e7c9859a" testListId="8c84fa94-04c1-424b-9868-57a2d4851a1d" />
    <TestEntry testId="fb855b52-0df6-59dc-2c3d-19fb3855b6ad" executionId="ba43b857-bfab-472e-a24f-08e9955572b5" testListId="8c84fa94-04c1-424b-9868-57a2d4851a1d" />
    <TestEntry testId="3024f29b-b0bb-ed34-84c4-d81a250cd76d" executionId="141d24ba-a90f-446d-acfa-403ca50a1235" testListId="8c84fa94-04c1-424b-9868-57a2d4851a1d" />
    <TestEntry testId="11b03c0a-f92c-0d3f-18fa-ea8920e03d76" executionId="703ed1de-fcc3-4804-bbb3-d9bc54c70988" testListId="8c84fa94-04c1-424b-9868-57a2d4851a1d" />
    <TestEntry testId="0263f470-e2f3-ccdd-f350-41b2a18f5793" executionId="f0f1fe7d-86d5-4c70-979b-967766f1175d" testListId="8c84fa94-04c1-424b-9868-57a2d4851a1d" />
    <TestEntry testId="d0b7cc21-40cc-3262-f1b4-f4c818beed1b" executionId="08b07773-8474-4021-a568-4369cbc976e3" testListId="8c84fa94-04c1-424b-9868-57a2d4851a1d" />
    <TestEntry testId="fa3ba049-8f0a-1ca2-e1c2-5f3f9278e12c" executionId="5d079a47-35a8-4973-bec4-f75560b77765" testListId="8c84fa94-04c1-424b-9868-57a2d4851a1d" />
    <TestEntry testId="8fd9009d-f5ca-326f-6dec-ac5cfb3e3702" executionId="2b580902-35ad-441a-99c9-258690cc03fd" testListId="8c84fa94-04c1-424b-9868-57a2d4851a1d" />
    <TestEntry testId="2acdbb6a-2e9e-2039-5c6f-1ac7ded24518" executionId="5aac1a57-6ecd-4b54-be2f-2dd0e944b64e" testListId="8c84fa94-04c1-424b-9868-57a2d4851a1d" />
    <TestEntry testId="e1fb7186-a4bf-310f-7668-c434cb45a03a" executionId="1ec17479-b343-49ad-bed1-8c4c7579908f" testListId="8c84fa94-04c1-424b-9868-57a2d4851a1d" />
    <TestEntry testId="a20b8975-e76d-b036-bee8-e942c63bf24f" executionId="9aa4c63c-ae4c-4e23-b487-ebe46d96e157" testListId="8c84fa94-04c1-424b-9868-57a2d4851a1d" />
    <TestEntry testId="41170b03-897b-14c6-f7c7-5ebad46085c1" executionId="5ea9186d-09c5-4228-9e93-ba8f2432eb71" testListId="8c84fa94-04c1-424b-9868-57a2d4851a1d" />
    <TestEntry testId="4698055e-1676-c8ca-e75f-a8511d107d3a" executionId="0a220cdc-a45f-4032-8169-3f10b5fafea6" testListId="8c84fa94-04c1-424b-9868-57a2d4851a1d" />
    <TestEntry testId="eaaf1a75-5b8d-29cd-e3dc-447c15914986" executionId="b04179f8-bfe3-4bff-af95-be5f39b7d399" testListId="8c84fa94-04c1-424b-9868-57a2d4851a1d" />
    <TestEntry testId="773a39f7-ba06-3039-5e2b-9306fd017f20" executionId="7efd6f79-e60e-4d1e-bffd-bf8e96e247ad" testListId="8c84fa94-04c1-424b-9868-57a2d4851a1d" />
    <TestEntry testId="6387e89c-37c4-1e23-248e-e43ca896cfdc" executionId="5d6f52a5-1360-4c10-b579-18dad581059d" testListId="8c84fa94-04c1-424b-9868-57a2d4851a1d" />
    <TestEntry testId="40049496-86d3-6c40-6598-0f190a3d7724" executionId="63a6c5b5-444e-435b-9185-e379c4bbd6ce" testListId="8c84fa94-04c1-424b-9868-57a2d4851a1d" />
    <TestEntry testId="ae7c062d-4c9d-98ab-f8ee-711060d13585" executionId="6e76513c-a1b5-4963-aaf1-6fc968e2150c" testListId="8c84fa94-04c1-424b-9868-57a2d4851a1d" />
    <TestEntry testId="f7f6a38b-7888-673c-63d7-4f0299bf093f" executionId="490ec796-ef67-42a3-8b17-82b62ecf54b2" testListId="8c84fa94-04c1-424b-9868-57a2d4851a1d" />
    <TestEntry testId="2e417a04-73be-f783-754e-f02a0e729737" executionId="ff0e82e8-d2f0-417e-bed1-93ec7b5c991c" testListId="8c84fa94-04c1-424b-9868-57a2d4851a1d" />
    <TestEntry testId="849aa709-4ebe-a798-6e9a-c1913621fc0e" executionId="4cc18e05-8a27-41bd-8530-6ddcea253113" testListId="8c84fa94-04c1-424b-9868-57a2d4851a1d" />
    <TestEntry testId="cbaa746f-f709-3319-7f32-a80207c9afca" executionId="0fe98a53-6b41-4738-94a8-3aadcc7b4ae2" testListId="8c84fa94-04c1-424b-9868-57a2d4851a1d" />
    <TestEntry testId="3bb498fc-b18d-d2d7-497f-8e1d67f54e43" executionId="f722c186-ba7a-493d-adad-4e895cbaf1df" testListId="8c84fa94-04c1-424b-9868-57a2d4851a1d" />
    <TestEntry testId="88b5b21f-2c67-cf80-e4c6-01d91f78d9d4" executionId="07ed56c9-741d-473c-8e0b-0670a07f27fc" testListId="8c84fa94-04c1-424b-9868-57a2d4851a1d" />
    <TestEntry testId="d3d7cbb2-b87e-5bb7-431f-02be0e0681c7" executionId="179dc336-c0d6-4b70-8020-81b3a51f6577" testListId="8c84fa94-04c1-424b-9868-57a2d4851a1d" />
    <TestEntry testId="1353f95a-2bb8-9887-0fb6-18b011928627" executionId="df21de48-62a9-49ee-8e1c-680287884911" testListId="8c84fa94-04c1-424b-9868-57a2d4851a1d" />
    <TestEntry testId="37d4bbc9-6b38-acd5-e3b1-d51d2f32e68f" executionId="648ced4a-ce2d-42c6-80ab-30c59a152e0f" testListId="8c84fa94-04c1-424b-9868-57a2d4851a1d" />
    <TestEntry testId="3c4b59e5-5b80-86b4-2f88-8236be1759da" executionId="0a3880a6-7068-44b7-b0d7-3376407c39bb" testListId="8c84fa94-04c1-424b-9868-57a2d4851a1d" />
    <TestEntry testId="d20a08b9-d2cc-2c3b-abc2-e4e85d9d9880" executionId="5837cceb-2e8e-4058-956b-ba85103b1bcd" testListId="8c84fa94-04c1-424b-9868-57a2d4851a1d" />
    <TestEntry testId="6a6ca46f-9254-b438-b5f7-a60ea48c2ae9" executionId="dbfd2b74-7131-4a23-b852-bd641f21efa2" testListId="8c84fa94-04c1-424b-9868-57a2d4851a1d" />
    <TestEntry testId="25860881-25ed-72cc-d73e-8c93d7301c52" executionId="bddc194e-efbc-4903-8628-80b0f22c0004" testListId="8c84fa94-04c1-424b-9868-57a2d4851a1d" />
    <TestEntry testId="a0ac8b56-35e4-0acd-b92e-58fee024613c" executionId="c4ab15cb-5ca1-4807-b313-b9163da6c3ba" testListId="8c84fa94-04c1-424b-9868-57a2d4851a1d" />
    <TestEntry testId="f1a337f3-53fb-12c2-e5b4-8f1a54390fc5" executionId="5c8f36fd-f5a7-48f0-a58b-a26b237cb3c6" testListId="8c84fa94-04c1-424b-9868-57a2d4851a1d" />
    <TestEntry testId="df0d8e09-b0be-a4e8-8822-13df877bc5cb" executionId="bcf3b7b2-7da9-47dd-8a45-482a2981d54c" testListId="8c84fa94-04c1-424b-9868-57a2d4851a1d" />
    <TestEntry testId="f29262de-cef7-19d7-e7aa-25e45cd577ff" executionId="d1a324d2-3c9f-4f7e-b274-982eebbbdd1d" testListId="8c84fa94-04c1-424b-9868-57a2d4851a1d" />
    <TestEntry testId="d12ff300-9a0c-7a73-6bfd-c0ecca682acc" executionId="af633d4c-e0c8-4384-bb42-4d69a9a5b49a" testListId="8c84fa94-04c1-424b-9868-57a2d4851a1d" />
    <TestEntry testId="8d758de9-7bcf-6f98-0d14-1a5e297230bf" executionId="51d85c92-c119-4cbb-90c7-8d95bb031126" testListId="8c84fa94-04c1-424b-9868-57a2d4851a1d" />
    <TestEntry testId="1d7316b2-9e8d-42cf-dd10-0a4a826a840f" executionId="c42d525a-0972-431f-af7d-a787e7d65ddc" testListId="8c84fa94-04c1-424b-9868-57a2d4851a1d" />
    <TestEntry testId="24727710-2fb3-cb7c-1ad8-686468fd18e6" executionId="b86003bd-4a84-494a-88a7-160b26cc5483" testListId="8c84fa94-04c1-424b-9868-57a2d4851a1d" />
    <TestEntry testId="a98d00a2-03ad-797e-3c09-3072f8c1aa00" executionId="2536da09-5267-4634-9e03-f529637cdc25" testListId="8c84fa94-04c1-424b-9868-57a2d4851a1d" />
    <TestEntry testId="5bc9ca66-1341-38c0-f6f5-05839b245f52" executionId="bbc3c470-9cad-497b-9c9a-b438f2295838" testListId="8c84fa94-04c1-424b-9868-57a2d4851a1d" />
    <TestEntry testId="6c45f825-abab-152c-bba4-80b263430324" executionId="5a4c124a-08fb-4ef4-8fbf-e1ac0f26d2e5" testListId="8c84fa94-04c1-424b-9868-57a2d4851a1d" />
    <TestEntry testId="b2ae6430-afe9-0499-92cf-dc71e4986d5a" executionId="e7472d54-75bb-47fe-9443-5a1d8e4b97c0" testListId="8c84fa94-04c1-424b-9868-57a2d4851a1d" />
    <TestEntry testId="0178638d-1b5f-20b8-f35c-041f9d418206" executionId="75440a3d-b65d-42f6-85a1-29fdb60b2780" testListId="8c84fa94-04c1-424b-9868-57a2d4851a1d" />
    <TestEntry testId="9018cdf7-a2e2-2fde-7eff-c4b9746a519b" executionId="6e3c036b-8e1d-4c90-98c9-590a3fc6be35" testListId="8c84fa94-04c1-424b-9868-57a2d4851a1d" />
    <TestEntry testId="acf8e79d-1eb0-838a-598a-d803d344097a" executionId="de50798d-9732-468a-9ad5-cafb2be92d67" testListId="8c84fa94-04c1-424b-9868-57a2d4851a1d" />
    <TestEntry testId="45839b3c-f91f-b448-5f64-c25bd4a10b0d" executionId="e1b1f09e-430d-4a11-8c7e-2ea003b78bce" testListId="8c84fa94-04c1-424b-9868-57a2d4851a1d" />
    <TestEntry testId="33c7b5d6-738e-70d1-1699-a1c99fedb872" executionId="fa4d1c06-acd1-4735-a93d-5f36e9469023" testListId="8c84fa94-04c1-424b-9868-57a2d4851a1d" />
    <TestEntry testId="6b355e2e-89c7-e1da-1131-ca87628e3fe7" executionId="1954afcd-961d-4ece-ad1c-59a4c2f425d0" testListId="8c84fa94-04c1-424b-9868-57a2d4851a1d" />
    <TestEntry testId="5548422c-2c9a-3a59-dce4-65bac0c6ef47" executionId="250eefcb-4eb9-42a6-8e4f-499ccec58725" testListId="8c84fa94-04c1-424b-9868-57a2d4851a1d" />
    <TestEntry testId="42f0f850-5d8a-5c4e-3ee5-b9ea0a6d4fe2" executionId="a656672f-4b0a-47a8-998d-6e2e650c4c7b" testListId="8c84fa94-04c1-424b-9868-57a2d4851a1d" />
    <TestEntry testId="4fdc9327-589f-5796-b92a-c4654b4bafc4" executionId="f3c14865-1add-4672-8ee7-269b6398ee6f" testListId="8c84fa94-04c1-424b-9868-57a2d4851a1d" />
    <TestEntry testId="96a5adad-d42f-f256-291e-a3845c041e2b" executionId="86b475ce-6350-4c12-bf47-cd17109687b3" testListId="8c84fa94-04c1-424b-9868-57a2d4851a1d" />
    <TestEntry testId="668e9fe1-2883-2a6f-f542-c1ceeaeffa92" executionId="96f886f6-64e0-4326-8e0e-5ea88d4d0e18" testListId="8c84fa94-04c1-424b-9868-57a2d4851a1d" />
    <TestEntry testId="d262823b-fbd5-d9f1-f868-01a4a550b5ea" executionId="c0f9fcc5-73ec-4516-88d5-7481c1567551" testListId="8c84fa94-04c1-424b-9868-57a2d4851a1d" />
    <TestEntry testId="6a45c3f1-eccc-63ad-6a43-72b14cfb95e9" executionId="89b997b7-c8ce-40c0-b0f8-626d912e5bc7" testListId="8c84fa94-04c1-424b-9868-57a2d4851a1d" />
    <TestEntry testId="b729d9c6-f4ca-a10c-c210-d7658c206cff" executionId="10253afe-3eb4-46b6-ba3a-d91bf27daf90" testListId="8c84fa94-04c1-424b-9868-57a2d4851a1d" />
    <TestEntry testId="a7719a08-0b16-5212-d0ea-cfea4dd578d6" executionId="4e1295d7-0eab-4cff-b72c-4cc0f43d5ff1" testListId="8c84fa94-04c1-424b-9868-57a2d4851a1d" />
    <TestEntry testId="ace665a3-950a-b4a2-bba1-74fa4f558629" executionId="a6c7b3d2-5055-4831-8f71-2bcda431ed28" testListId="8c84fa94-04c1-424b-9868-57a2d4851a1d" />
    <TestEntry testId="5b8a68dc-e985-a77e-40ae-3b322dc4f33b" executionId="123100a7-4a8a-4ea3-a800-0f5dd8f5b6ee" testListId="8c84fa94-04c1-424b-9868-57a2d4851a1d" />
    <TestEntry testId="f6a9a279-168b-11f3-5149-7fa405b82ab1" executionId="fe11bc4d-4c38-4be3-a231-f82205cf880e" testListId="8c84fa94-04c1-424b-9868-57a2d4851a1d" />
    <TestEntry testId="f7ecb4fa-52e4-9123-ae3f-3163f6798305" executionId="c7695c89-4f4e-4cfb-9df0-7ba880dbf0c5" testListId="8c84fa94-04c1-424b-9868-57a2d4851a1d" />
    <TestEntry testId="07fa9252-b4f1-0f20-eb9c-df982688b64d" executionId="d87d4499-c483-409d-b48a-a433876bd403" testListId="8c84fa94-04c1-424b-9868-57a2d4851a1d" />
    <TestEntry testId="7af837ff-c723-73e8-aa45-5cd15a5a659f" executionId="e38af542-a911-418e-a413-0fbd69783bf1" testListId="8c84fa94-04c1-424b-9868-57a2d4851a1d" />
    <TestEntry testId="2ababcf8-6bc7-65b0-f27a-0959b1119ef6" executionId="77baccd4-176e-4506-9a7e-c47e8a7d4527" testListId="8c84fa94-04c1-424b-9868-57a2d4851a1d" />
    <TestEntry testId="6226a0be-8446-49c8-3dc3-4bed6f174608" executionId="3bf8cc21-db8b-4d4f-a2dc-53653a03b205" testListId="8c84fa94-04c1-424b-9868-57a2d4851a1d" />
    <TestEntry testId="b909a6a5-6b2d-da93-6f6a-83302fbc0a70" executionId="30cfa86a-9c5e-4840-9524-28cc6d3d9cf7" testListId="8c84fa94-04c1-424b-9868-57a2d4851a1d" />
    <TestEntry testId="6face593-1535-4097-15b0-32e158fa0c45" executionId="f4b66eb3-6878-404c-9fbf-41237abbe5eb" testListId="8c84fa94-04c1-424b-9868-57a2d4851a1d" />
    <TestEntry testId="11c80d87-aad8-6a52-7ad1-726d733f76e4" executionId="fb6b913e-534b-4970-9dae-91c28a82af4c" testListId="8c84fa94-04c1-424b-9868-57a2d4851a1d" />
    <TestEntry testId="c12f8b3d-2f71-7a6b-89a2-2e5962ee4802" executionId="dd6f6118-c264-4257-99db-306d68be95d4" testListId="8c84fa94-04c1-424b-9868-57a2d4851a1d" />
    <TestEntry testId="124a5b82-7741-4cc0-0b92-e075e8aac13e" executionId="782d3510-d2b9-417f-9158-75e704ab039f" testListId="8c84fa94-04c1-424b-9868-57a2d4851a1d" />
    <TestEntry testId="1caf43b3-66de-b76b-282b-66c955c819ff" executionId="fd22971c-053b-4016-be54-8eaa81f32bef" testListId="8c84fa94-04c1-424b-9868-57a2d4851a1d" />
    <TestEntry testId="9e2be9d8-283a-e3cd-7db7-33461e46f42f" executionId="e36d0dc0-7433-4f60-8b64-ca83e2a5e2ac" testListId="8c84fa94-04c1-424b-9868-57a2d4851a1d" />
    <TestEntry testId="ec681d95-bbd8-b008-e21a-60d83d0bb04c" executionId="ca76b134-ae14-414e-8324-6593bcc8197c" testListId="8c84fa94-04c1-424b-9868-57a2d4851a1d" />
    <TestEntry testId="68101d3b-68c7-93f8-bbe7-80a8578c4737" executionId="3b2a0fd0-865d-408a-8cf8-2ffbc145d4f5" testListId="8c84fa94-04c1-424b-9868-57a2d4851a1d" />
    <TestEntry testId="8d0766dd-16e4-d23e-faec-59c240c48793" executionId="726a97f3-2cb1-40ae-bd3f-861704631640" testListId="8c84fa94-04c1-424b-9868-57a2d4851a1d" />
    <TestEntry testId="c36ce6e6-c316-283f-b481-1c58919d697c" executionId="25941346-f073-4a09-9b89-2eee466e217c" testListId="8c84fa94-04c1-424b-9868-57a2d4851a1d" />
    <TestEntry testId="5bf26135-cffc-e583-fb69-660eedb3d213" executionId="3f4412d1-6183-4d26-b252-fd39b8be688d" testListId="8c84fa94-04c1-424b-9868-57a2d4851a1d" />
    <TestEntry testId="35b8f05e-0e8e-4a04-32d7-1b3ca4ad4e40" executionId="062f9a2e-37f5-4362-8941-25c4d449dd1a" testListId="8c84fa94-04c1-424b-9868-57a2d4851a1d" />
    <TestEntry testId="52f7d93b-fbd4-64db-d0a3-f16fc4e561f7" executionId="4aa03b91-fcbc-4e58-bc77-1e71352bd2fa" testListId="8c84fa94-04c1-424b-9868-57a2d4851a1d" />
    <TestEntry testId="61e73309-432c-0904-b94b-e6f9bc3dd8a1" executionId="9539e679-5acb-4101-83d7-e6a351a337a8" testListId="8c84fa94-04c1-424b-9868-57a2d4851a1d" />
    <TestEntry testId="7514f387-da0f-a4c8-653e-14dd3464775e" executionId="86972f99-0a20-47a6-9b39-1f1847233039" testListId="8c84fa94-04c1-424b-9868-57a2d4851a1d" />
    <TestEntry testId="b0c17e4b-59cc-dfa2-58aa-2d20753b2793" executionId="275406ca-c5de-4d4e-bcf2-16cee6fc075e" testListId="8c84fa94-04c1-424b-9868-57a2d4851a1d" />
    <TestEntry testId="de5cd456-1702-81b1-5de8-c4904881bad2" executionId="99796447-de02-4b26-a13b-9922202b12a4" testListId="8c84fa94-04c1-424b-9868-57a2d4851a1d" />
    <TestEntry testId="144fccd4-38b6-cdc7-f663-2b4e9062d472" executionId="bef4b5ab-531f-4cd1-ad10-8377a0669902" testListId="8c84fa94-04c1-424b-9868-57a2d4851a1d" />
    <TestEntry testId="8bc875ba-c1ff-ee10-d29f-a39f04c7c8ef" executionId="ad13727c-27d2-4ca9-bbb6-34d309a8454d" testListId="8c84fa94-04c1-424b-9868-57a2d4851a1d" />
    <TestEntry testId="49c85f5d-6c9c-577c-a924-71a73bf445d6" executionId="3fc5bce0-9da1-4f41-aa98-11ec6e51413f" testListId="8c84fa94-04c1-424b-9868-57a2d4851a1d" />
    <TestEntry testId="1aa04f94-74f9-b5c1-39ac-4c776b4eacc3" executionId="64ef1107-18f1-44e2-9991-912a8e9821bb" testListId="8c84fa94-04c1-424b-9868-57a2d4851a1d" />
    <TestEntry testId="db9a35ba-63ac-1467-3d7e-76467e244d0e" executionId="66c0cc9e-a64c-42af-8399-c6ffaecf7352" testListId="8c84fa94-04c1-424b-9868-57a2d4851a1d" />
    <TestEntry testId="1cae0dcb-fc8e-974d-0fd9-dd5b490618ed" executionId="8f685d61-3725-4899-bc6f-b498ed453612" testListId="8c84fa94-04c1-424b-9868-57a2d4851a1d" />
    <TestEntry testId="d0a35ee3-be71-3630-fcd9-a28999f9ee52" executionId="90076d17-91ea-4b04-8d4e-2bc339f4bea7" testListId="8c84fa94-04c1-424b-9868-57a2d4851a1d" />
    <TestEntry testId="55e5a409-62f2-9662-7c9c-c63bb10d25f1" executionId="7fd8da40-b0fd-4da6-beda-021ea44c855e" testListId="8c84fa94-04c1-424b-9868-57a2d4851a1d" />
    <TestEntry testId="45a115d3-72dd-4762-a998-e33b0e29508e" executionId="a75648cc-c497-40c5-9cdc-774229861c39" testListId="8c84fa94-04c1-424b-9868-57a2d4851a1d" />
    <TestEntry testId="267fe64e-7307-1968-9c1f-55e59202a962" executionId="84ca8e52-8c6e-4bf3-9e17-d1b07eda285b" testListId="8c84fa94-04c1-424b-9868-57a2d4851a1d" />
    <TestEntry testId="27ad209c-894b-ae34-a71c-5d3383ae7be1" executionId="19e66757-7715-4372-aa6c-6958e7db73fb" testListId="8c84fa94-04c1-424b-9868-57a2d4851a1d" />
    <TestEntry testId="e897ce30-4ba6-7b41-316b-51abfd38996f" executionId="e90279c8-9215-4187-babb-67e600825cba" testListId="8c84fa94-04c1-424b-9868-57a2d4851a1d" />
    <TestEntry testId="4482b52c-e195-885a-3013-2eb2f0fb5233" executionId="af0f9ba2-7884-416d-a93b-ddb452dc9406" testListId="8c84fa94-04c1-424b-9868-57a2d4851a1d" />
    <TestEntry testId="d4e57290-14ae-c98a-e37b-6052a4bdc47c" executionId="444ee624-c8d1-458f-becb-2d5f61ac7de6" testListId="8c84fa94-04c1-424b-9868-57a2d4851a1d" />
    <TestEntry testId="798a918c-fe15-3e74-3727-53c262e057b4" executionId="a06bccb2-ac30-424d-a75c-3fa77df96077" testListId="8c84fa94-04c1-424b-9868-57a2d4851a1d" />
    <TestEntry testId="ef75a2fa-9fbe-4306-45f9-71d2e7c582f7" executionId="ebb24b8f-0d54-4200-bc6f-616d6a781dfe" testListId="8c84fa94-04c1-424b-9868-57a2d4851a1d" />
    <TestEntry testId="529efdee-56bf-8075-5824-e27df1e6014f" executionId="4c673962-8fe1-4f06-879a-8eb36ac161d9" testListId="8c84fa94-04c1-424b-9868-57a2d4851a1d" />
    <TestEntry testId="9ee0025f-855c-6756-749e-428b2bb49b12" executionId="700b7b7f-1ee7-4c4a-8e71-bfcbb3fa638f" testListId="8c84fa94-04c1-424b-9868-57a2d4851a1d" />
    <TestEntry testId="c049650e-5c8a-963e-901b-d243341dac60" executionId="e3250a90-eb9e-459e-9e48-a6955c77d3f6" testListId="8c84fa94-04c1-424b-9868-57a2d4851a1d" />
    <TestEntry testId="20f5d9ff-2333-d0c9-88de-f13c26a6165c" executionId="0073b118-0ecb-446f-ab52-ba83061dceb2" testListId="8c84fa94-04c1-424b-9868-57a2d4851a1d" />
    <TestEntry testId="85a81773-53d2-bfde-ff29-a2e4d0df0303" executionId="44730e34-1243-42af-b313-9397ade567da" testListId="8c84fa94-04c1-424b-9868-57a2d4851a1d" />
    <TestEntry testId="74673a89-9840-c0be-dd1c-416118978760" executionId="a781257a-74a1-47e1-bfdf-0df0b951f0a5" testListId="8c84fa94-04c1-424b-9868-57a2d4851a1d" />
    <TestEntry testId="096e789d-68e0-97b8-6e94-1e5c47e222e0" executionId="3ec495c9-b0ac-4101-a6f3-1895ab080dc1" testListId="8c84fa94-04c1-424b-9868-57a2d4851a1d" />
    <TestEntry testId="840bafc5-ca42-33eb-e018-172af931086d" executionId="ab61dacc-1d42-4855-930d-0ee90c2abed7" testListId="8c84fa94-04c1-424b-9868-57a2d4851a1d" />
    <TestEntry testId="ab4ce625-f7c8-fdea-8b70-98bd9aa3ba89" executionId="22e0f465-059a-4525-b629-27d6eaf15a56" testListId="8c84fa94-04c1-424b-9868-57a2d4851a1d" />
    <TestEntry testId="efa1ab7c-fe24-2c36-47ee-07800b65ac08" executionId="804867c4-63b2-4090-8ee3-4f2895d3f779" testListId="8c84fa94-04c1-424b-9868-57a2d4851a1d" />
    <TestEntry testId="8e8f2591-7fda-0edf-217c-6692a69df3a9" executionId="1fbb0693-efbf-4b95-a4b5-4e3959168129" testListId="8c84fa94-04c1-424b-9868-57a2d4851a1d" />
    <TestEntry testId="d155fea3-8fd1-be4c-6469-10d0bf8c60a2" executionId="ca36f08b-bc70-47c1-bede-4e860d62955b" testListId="8c84fa94-04c1-424b-9868-57a2d4851a1d" />
    <TestEntry testId="9a426495-3667-2aaf-3a5b-dfa364a57e49" executionId="a841c5bb-11b4-458c-9712-cba77f111ac9" testListId="8c84fa94-04c1-424b-9868-57a2d4851a1d" />
    <TestEntry testId="52b5e812-9bc8-eb07-9f9e-13e3e13e2604" executionId="3b2a918c-6748-4a1c-912e-2401aabe2ffb" testListId="8c84fa94-04c1-424b-9868-57a2d4851a1d" />
    <TestEntry testId="3881e429-8812-1d2e-47d7-efc59f1d7f74" executionId="c7b12d55-cc32-431d-b5c0-b596dec56788" testListId="8c84fa94-04c1-424b-9868-57a2d4851a1d" />
    <TestEntry testId="e1f2194c-4d5f-cb0d-6a19-7718fc086125" executionId="58f1b4cb-bd8e-4b88-9f80-f043da269552" testListId="8c84fa94-04c1-424b-9868-57a2d4851a1d" />
    <TestEntry testId="69bf13ef-f98e-20b5-3f38-6d1e30e0aa40" executionId="e79d51c6-1d56-4333-842a-2ae6300f6943" testListId="8c84fa94-04c1-424b-9868-57a2d4851a1d" />
    <TestEntry testId="9adca98a-fc47-1449-38bc-6299cd8ea03b" executionId="f16f7422-eb95-4e94-8efd-1539e333aa5b" testListId="8c84fa94-04c1-424b-9868-57a2d4851a1d" />
    <TestEntry testId="20930945-8802-076d-9799-b67ce40e65f4" executionId="30e77c5b-fe57-4079-9d24-c17906483241" testListId="8c84fa94-04c1-424b-9868-57a2d4851a1d" />
    <TestEntry testId="773dfba1-017b-442c-0666-e5d24b4f44fe" executionId="526ea24f-8c71-4ffb-8d31-36e15b44dc64" testListId="8c84fa94-04c1-424b-9868-57a2d4851a1d" />
    <TestEntry testId="bbb1babe-03ec-a3f7-8cbe-322965f7d377" executionId="48707611-b3a1-4a1e-be40-279e0e5e55f7" testListId="8c84fa94-04c1-424b-9868-57a2d4851a1d" />
    <TestEntry testId="29ae052a-d3b6-1c55-0121-d2c714f7ccfd" executionId="0742350c-c917-4e9f-a862-b1be25acae1b" testListId="8c84fa94-04c1-424b-9868-57a2d4851a1d" />
    <TestEntry testId="e23498b6-1f49-3140-40de-4ec4506e0b69" executionId="2da8d38c-c7ac-4a6c-951e-0b87fa264f44" testListId="8c84fa94-04c1-424b-9868-57a2d4851a1d" />
    <TestEntry testId="22495123-fed9-55b4-a37f-521c3f264151" executionId="af01273c-6a54-4407-b0ad-bf4c09f06822" testListId="8c84fa94-04c1-424b-9868-57a2d4851a1d" />
    <TestEntry testId="c97105d8-2d39-269a-ebdd-2c31217df78c" executionId="ff3681cd-39e4-4cd2-91e3-096b324d1851" testListId="8c84fa94-04c1-424b-9868-57a2d4851a1d" />
    <TestEntry testId="df01708f-7ce5-789c-56f4-0138bf8d528c" executionId="fe65fba0-181d-4211-b6a0-f1408934abbd" testListId="8c84fa94-04c1-424b-9868-57a2d4851a1d" />
    <TestEntry testId="15209eca-6208-6c88-9aa2-5688a01b44fa" executionId="508852c9-2a66-49a5-8bec-d556359b71fd" testListId="8c84fa94-04c1-424b-9868-57a2d4851a1d" />
    <TestEntry testId="04d13325-2003-4d77-4712-cba144c4d3cb" executionId="9e5415eb-558d-4ae0-aa9b-3834d99cfb2f" testListId="8c84fa94-04c1-424b-9868-57a2d4851a1d" />
    <TestEntry testId="c7cd3849-38f4-8449-3207-f42e1800f0ce" executionId="211d5530-bd59-4575-8c3c-be930ced1665" testListId="8c84fa94-04c1-424b-9868-57a2d4851a1d" />
    <TestEntry testId="47972eb5-0d18-e20a-212f-1df63346fc45" executionId="7eda9876-a27d-46d3-bb66-9c77614ba854" testListId="8c84fa94-04c1-424b-9868-57a2d4851a1d" />
    <TestEntry testId="7c83c986-d86b-c8b1-428b-ceb9762582b9" executionId="93061f5e-0328-464e-af7d-ea10c3a57000" testListId="8c84fa94-04c1-424b-9868-57a2d4851a1d" />
    <TestEntry testId="cf25809e-88f0-a1ec-c2a2-29bca01e094e" executionId="11ca4f0b-f7c5-4d59-b873-649cdfc8b59d" testListId="8c84fa94-04c1-424b-9868-57a2d4851a1d" />
    <TestEntry testId="991a8d52-96a6-764b-f798-e79f0f5cd788" executionId="b4a329c0-4b30-40e1-b42e-1d5236a3afde" testListId="8c84fa94-04c1-424b-9868-57a2d4851a1d" />
    <TestEntry testId="16a142a3-f1f1-31f7-1cb7-543846fb658e" executionId="357d5669-dfee-4a80-bfdc-c2b9c9a39931" testListId="8c84fa94-04c1-424b-9868-57a2d4851a1d" />
    <TestEntry testId="e8bc1228-9346-dd0f-cbba-35f9d1e7f682" executionId="d9df25f1-9e80-4e25-8e29-fafcd61a9569" testListId="8c84fa94-04c1-424b-9868-57a2d4851a1d" />
    <TestEntry testId="36d069df-111c-779f-c834-74053b29e8a8" executionId="bb7888c3-1f4d-4954-beac-66356232c629" testListId="8c84fa94-04c1-424b-9868-57a2d4851a1d" />
    <TestEntry testId="6798c48b-fb35-bc8c-ad7b-5c171f86f94c" executionId="96e9d65b-0e06-4c6d-8ca8-ed47be1013d7" testListId="8c84fa94-04c1-424b-9868-57a2d4851a1d" />
    <TestEntry testId="03f00213-dbcb-aa8b-df71-f41f4940c3b2" executionId="7edeb0e4-9445-4a64-863e-3e8b2cbaaf55" testListId="8c84fa94-04c1-424b-9868-57a2d4851a1d" />
    <TestEntry testId="1f1e9b73-4532-fbf5-4db6-91c39592c0ca" executionId="d5eeb404-df23-4dae-98c0-36e5d17dbc8f" testListId="8c84fa94-04c1-424b-9868-57a2d4851a1d" />
    <TestEntry testId="be721bc1-a281-e1a2-36bf-3035a2c8d6d8" executionId="1a4135a4-c08f-4238-8c5f-ee3c85f96321" testListId="8c84fa94-04c1-424b-9868-57a2d4851a1d" />
    <TestEntry testId="6e71be77-fc8c-fae9-41a6-9e91caab5987" executionId="36f01257-d907-44c2-9e10-433ecc5d321d" testListId="8c84fa94-04c1-424b-9868-57a2d4851a1d" />
    <TestEntry testId="05c7731e-d6c7-4400-cfb3-1d5d888f51ee" executionId="c25acdb9-d651-4202-924e-db13e96e76f0" testListId="8c84fa94-04c1-424b-9868-57a2d4851a1d" />
    <TestEntry testId="ceaa5842-1999-ae5b-3b33-dcb6929e76c5" executionId="24ccf371-a618-498a-8b75-98fe3f41d452" testListId="8c84fa94-04c1-424b-9868-57a2d4851a1d" />
    <TestEntry testId="2b9f6cf6-0090-44d9-e835-76ae370d24c1" executionId="715f0e6f-4857-4316-a551-cba4bce1dade" testListId="8c84fa94-04c1-424b-9868-57a2d4851a1d" />
    <TestEntry testId="bfb5821e-d2b2-6eaf-79ac-660233e27981" executionId="da5d78f1-0167-4625-ab37-a2d929cb6a20" testListId="8c84fa94-04c1-424b-9868-57a2d4851a1d" />
    <TestEntry testId="0f8ae9ed-45ab-45d9-79d2-45d1212f0253" executionId="dd1bbdff-909e-4a9f-a4a0-7e0d7be129e2" testListId="8c84fa94-04c1-424b-9868-57a2d4851a1d" />
    <TestEntry testId="d5d51901-da8e-34c8-1607-a75e2f1760a8" executionId="5651bb80-2c8c-4537-b604-f04ed382f2a7" testListId="8c84fa94-04c1-424b-9868-57a2d4851a1d" />
    <TestEntry testId="87ddd94f-88d6-f3e3-1738-7aaa463a440e" executionId="03037017-d4f4-4eaf-aab1-7f51506978a2" testListId="8c84fa94-04c1-424b-9868-57a2d4851a1d" />
    <TestEntry testId="06f81fd0-7de6-46d7-4c46-791ccdd72c02" executionId="d0e4407b-5950-49a0-9507-358a061ec801" testListId="8c84fa94-04c1-424b-9868-57a2d4851a1d" />
    <TestEntry testId="567eacc0-fd49-bb5f-8a29-1a58957c50a9" executionId="b72d9494-2233-4f37-ae79-80a08c54170f" testListId="8c84fa94-04c1-424b-9868-57a2d4851a1d" />
    <TestEntry testId="c9652fa9-8aa9-de71-4942-ba56a4840031" executionId="9020c4d5-60e5-4caa-9ced-9cbae0d989f6" testListId="8c84fa94-04c1-424b-9868-57a2d4851a1d" />
    <TestEntry testId="d213957b-2862-3169-b914-cc127e5ff978" executionId="d4dc9fc3-62fb-4ebf-b876-a3e548e1fb09" testListId="8c84fa94-04c1-424b-9868-57a2d4851a1d" />
    <TestEntry testId="77f62372-5015-8fbc-04cd-0c4cfca1455e" executionId="14487c24-32ee-44c5-818d-06b982c14f80" testListId="8c84fa94-04c1-424b-9868-57a2d4851a1d" />
    <TestEntry testId="0086a988-136e-57b9-a58b-5efa7d4f0c1e" executionId="fda0ac4b-9707-40ce-89ae-a0446a4ed830" testListId="8c84fa94-04c1-424b-9868-57a2d4851a1d" />
    <TestEntry testId="bac24a13-f05c-ffd9-068a-e0ef73e7ca43" executionId="39b783b0-d9c6-46ad-af6a-64badc1b8547" testListId="8c84fa94-04c1-424b-9868-57a2d4851a1d" />
    <TestEntry testId="e73d872c-7dbe-a7dd-f51f-23c6e92247d3" executionId="be53a13c-7393-40f0-8ade-7dfe8dfe71a8" testListId="8c84fa94-04c1-424b-9868-57a2d4851a1d" />
    <TestEntry testId="837bc1e9-9426-7596-fab7-a078114c6534" executionId="55ae4580-a529-49b6-9a80-39195d98c826" testListId="8c84fa94-04c1-424b-9868-57a2d4851a1d" />
    <TestEntry testId="ddea2e84-5b06-4239-035f-c72d8912c9b6" executionId="7c272a4a-6517-4ca9-abb7-84443c659a2a" testListId="8c84fa94-04c1-424b-9868-57a2d4851a1d" />
    <TestEntry testId="288820f8-6f2f-467f-2366-7683ab9d9aff" executionId="8ffa8a8a-2b60-45a9-b243-80e7cf89d33f" testListId="8c84fa94-04c1-424b-9868-57a2d4851a1d" />
    <TestEntry testId="bb86251f-c1ab-7006-deb7-22cb7812e5cc" executionId="755e2141-fc71-4c20-b912-c851bd41bedf" testListId="8c84fa94-04c1-424b-9868-57a2d4851a1d" />
    <TestEntry testId="ce1e7215-86e7-5ed3-9867-4c8b83eefe17" executionId="ca3f0b6f-101e-4019-ab22-a43ed9a9ae1f" testListId="8c84fa94-04c1-424b-9868-57a2d4851a1d" />
    <TestEntry testId="014a0f4f-2e77-1357-778b-d510876f7eef" executionId="0d62bbaa-e54d-4977-a374-d9b9e4e7ceaf" testListId="8c84fa94-04c1-424b-9868-57a2d4851a1d" />
    <TestEntry testId="4548daa2-1783-c1c9-0e60-e09eaa0e3212" executionId="9e2d0826-caec-4349-9d4f-5dc43b442fb8" testListId="8c84fa94-04c1-424b-9868-57a2d4851a1d" />
    <TestEntry testId="16d627bc-3c90-838b-fca5-5824142d3ac4" executionId="ceb6b36f-51ad-4db1-b6c1-5e0f3764ba2c" testListId="8c84fa94-04c1-424b-9868-57a2d4851a1d" />
    <TestEntry testId="376c5e6b-ca81-7605-075f-04731d4f316f" executionId="ad8a9e16-d1e3-4f10-a4df-f0625f08466c" testListId="8c84fa94-04c1-424b-9868-57a2d4851a1d" />
    <TestEntry testId="f113d089-46a6-e07f-8f09-5d25d8e6d806" executionId="9331859b-5329-467c-90b3-c64835507a88" testListId="8c84fa94-04c1-424b-9868-57a2d4851a1d" />
    <TestEntry testId="712b7782-3b59-46d6-0e1f-1618439d9447" executionId="02578c5a-b7b4-493f-94f2-bf52bb2d112e" testListId="8c84fa94-04c1-424b-9868-57a2d4851a1d" />
    <TestEntry testId="f8e75e0b-28e6-6d5d-2009-5382d36ecacd" executionId="7ea0da47-fa80-41d9-a17f-a4831ad59a4e" testListId="8c84fa94-04c1-424b-9868-57a2d4851a1d" />
    <TestEntry testId="9bfd8315-da2b-67bc-985a-90b7eb15910d" executionId="af367fb2-75b7-4a53-a51f-6486a7c750c0" testListId="8c84fa94-04c1-424b-9868-57a2d4851a1d" />
    <TestEntry testId="7e983f47-f8e4-6e6f-9bf5-261ff1b745c3" executionId="c57d46f5-6002-4aad-ab2e-bd185f3fc055" testListId="8c84fa94-04c1-424b-9868-57a2d4851a1d" />
    <TestEntry testId="72faa741-af19-4daf-7496-e2b6a8736980" executionId="f3ca99e6-7074-4826-b639-d9abcfcaaa07" testListId="8c84fa94-04c1-424b-9868-57a2d4851a1d" />
    <TestEntry testId="f5781754-0a8a-f714-f3e3-7f2ae66ad144" executionId="ac76b98e-721f-41e4-ab57-1d99c337af53" testListId="8c84fa94-04c1-424b-9868-57a2d4851a1d" />
    <TestEntry testId="945d8bd7-936a-3dfb-9f75-7b5b1ef0c8e3" executionId="a47aff80-30f2-4285-a1b8-fc090f05fe7b" testListId="8c84fa94-04c1-424b-9868-57a2d4851a1d" />
    <TestEntry testId="efe5da40-edf6-53d8-5c09-11d807bc5e12" executionId="4acbcef7-3ad5-4f44-b7da-5933d4f0570e" testListId="8c84fa94-04c1-424b-9868-57a2d4851a1d" />
    <TestEntry testId="40e9fe1e-fcd2-7ced-e1de-92235014a5cc" executionId="3cf2945f-8108-417c-81eb-3b5a6235c3d2" testListId="8c84fa94-04c1-424b-9868-57a2d4851a1d" />
    <TestEntry testId="a4f7c891-4656-2165-6acf-2ae36803e79b" executionId="5db772ed-beac-435b-a13e-ef8ea44bc5ba" testListId="8c84fa94-04c1-424b-9868-57a2d4851a1d" />
    <TestEntry testId="e8587a06-7da9-1ce5-e88a-13b691f25f77" executionId="97466c66-ee00-4f29-a607-34faf7b760f7" testListId="8c84fa94-04c1-424b-9868-57a2d4851a1d" />
    <TestEntry testId="998724ef-e14a-b354-9fc7-7b81deecc5ea" executionId="f18dc408-d507-4263-a943-db60a26c451b" testListId="8c84fa94-04c1-424b-9868-57a2d4851a1d" />
    <TestEntry testId="5112593e-0346-edf8-03e7-75e336a4181e" executionId="c56f86eb-84fd-41d9-a950-899e175a4654" testListId="8c84fa94-04c1-424b-9868-57a2d4851a1d" />
    <TestEntry testId="b0d18af9-de97-5978-901f-1f2dd020f32a" executionId="023e2680-92f3-4559-9bf6-54eabfaebde0" testListId="8c84fa94-04c1-424b-9868-57a2d4851a1d" />
    <TestEntry testId="352e6bd7-ce52-6c04-2527-b4c4ab2342a8" executionId="6dc5f7fc-486e-4ea6-a8a2-7ce107d1262b" testListId="8c84fa94-04c1-424b-9868-57a2d4851a1d" />
    <TestEntry testId="839f7440-45f8-592b-e6ec-4ea16af9f788" executionId="8a8027a2-1b79-4bbb-97d7-c67c99070a0d" testListId="8c84fa94-04c1-424b-9868-57a2d4851a1d" />
    <TestEntry testId="968075e3-011d-2516-388b-e7a78b573e9b" executionId="64c81407-8ad8-4651-b999-4ec9a7dc48d3" testListId="8c84fa94-04c1-424b-9868-57a2d4851a1d" />
    <TestEntry testId="67631c37-67bc-32a1-fa74-9123d4afdd57" executionId="076249b1-d56e-4e77-9947-3e1a2c3886a8" testListId="8c84fa94-04c1-424b-9868-57a2d4851a1d" />
    <TestEntry testId="7e1fd205-fcc9-d67f-7367-60506d928c91" executionId="0c554880-a43f-4011-b1b5-6a6673046643" testListId="8c84fa94-04c1-424b-9868-57a2d4851a1d" />
    <TestEntry testId="0409d762-5680-f506-fe2f-f5c2d066c9e1" executionId="11b611e5-7b14-4472-9d31-67829aacc569" testListId="8c84fa94-04c1-424b-9868-57a2d4851a1d" />
    <TestEntry testId="fa1f6f1d-359c-2fe3-3b15-7ac1279ba822" executionId="c103c9e9-c37b-4707-8ca3-e93b84eb8e1d" testListId="8c84fa94-04c1-424b-9868-57a2d4851a1d" />
    <TestEntry testId="d53531c6-e8a7-ea15-d9bc-a36938332bb7" executionId="67bbfe1f-1da6-41d4-9e00-6cb87fe490df" testListId="8c84fa94-04c1-424b-9868-57a2d4851a1d" />
    <TestEntry testId="92b27a5b-9a8a-1f05-2491-702d15e5238d" executionId="23754ccf-578f-4f47-b1aa-f7fed3658be3" testListId="8c84fa94-04c1-424b-9868-57a2d4851a1d" />
    <TestEntry testId="6ec7350b-fb76-ffe7-cdb6-f159c663fb31" executionId="8d660103-1f26-4226-ad8f-b3f5f5a1c51a" testListId="8c84fa94-04c1-424b-9868-57a2d4851a1d" />
    <TestEntry testId="17120d27-af4f-ef7b-ba9f-bb71c9326044" executionId="5905df4b-2752-4896-9ed0-f53ee69c9b73" testListId="8c84fa94-04c1-424b-9868-57a2d4851a1d" />
    <TestEntry testId="bef4cdc1-a80e-7159-5c76-54c8686f212c" executionId="edf1b3fa-c687-4037-bda5-10c20e8719cd" testListId="8c84fa94-04c1-424b-9868-57a2d4851a1d" />
    <TestEntry testId="3ded5e63-5328-5b2a-6aaf-a10157c1d1ca" executionId="a8f1695b-71d1-4cd4-b713-66a2839e8a0f" testListId="8c84fa94-04c1-424b-9868-57a2d4851a1d" />
    <TestEntry testId="55a5d960-215e-933c-e799-3bf65956d167" executionId="167f761c-6491-4f39-b5ce-7420b14b0f84" testListId="8c84fa94-04c1-424b-9868-57a2d4851a1d" />
    <TestEntry testId="f17708d8-76b6-b9a7-756e-e641d9505943" executionId="1bc0ca52-bcee-4258-8ce9-73b64a11806a" testListId="8c84fa94-04c1-424b-9868-57a2d4851a1d" />
    <TestEntry testId="d10d1378-7f57-b7c7-c6d7-0ec603ce3066" executionId="9d4fe042-5bf8-44c8-9576-835b298adb8a" testListId="8c84fa94-04c1-424b-9868-57a2d4851a1d" />
    <TestEntry testId="f3f0717d-1691-e58d-2186-599fef3faa7d" executionId="ca0ff173-c6bf-4269-b0ff-13b7c346892f" testListId="8c84fa94-04c1-424b-9868-57a2d4851a1d" />
    <TestEntry testId="3318c4b7-b58d-8423-2912-e6b37d3ce7b7" executionId="ae761808-4ed5-4cdb-aad5-0468dfe6e439" testListId="8c84fa94-04c1-424b-9868-57a2d4851a1d" />
    <TestEntry testId="94db58ca-3939-1cb2-e2d2-09a0e07b6b70" executionId="5aeef567-c032-4dd6-9b0c-6d63eec5abee" testListId="8c84fa94-04c1-424b-9868-57a2d4851a1d" />
    <TestEntry testId="624df014-98f3-5090-7b8b-18c8e35fcc0c" executionId="2a6bc26f-65a9-4129-800f-6413acdb9423" testListId="8c84fa94-04c1-424b-9868-57a2d4851a1d" />
    <TestEntry testId="1d062911-72c1-9fc2-581a-4bd08f7ea52c" executionId="208898d3-3382-4982-87e7-d529c0ef6a23" testListId="8c84fa94-04c1-424b-9868-57a2d4851a1d" />
    <TestEntry testId="aff02942-e3ea-b51b-de59-4ba0097947f3" executionId="fd284e33-c315-48b1-9a59-bee0efbe1156" testListId="8c84fa94-04c1-424b-9868-57a2d4851a1d" />
    <TestEntry testId="8e9db03c-9fb5-6fc2-9781-5cceb7605169" executionId="af2e8add-ad27-4630-9c36-cca1b9cbf4c1" testListId="8c84fa94-04c1-424b-9868-57a2d4851a1d" />
    <TestEntry testId="2b1e317d-a58e-4b57-53aa-6dc2d4293dce" executionId="779b4952-a2da-49b6-b151-70b444209d38" testListId="8c84fa94-04c1-424b-9868-57a2d4851a1d" />
    <TestEntry testId="62e70497-f46b-c1a2-bcdd-6945a79d975e" executionId="6af465c6-c314-4b4c-8995-216a96596027" testListId="8c84fa94-04c1-424b-9868-57a2d4851a1d" />
    <TestEntry testId="396b5f22-9eba-6e62-abe4-d8f39c6a11f4" executionId="215b0eb0-ca3e-410f-855d-0d2b669786e9" testListId="8c84fa94-04c1-424b-9868-57a2d4851a1d" />
    <TestEntry testId="e934464c-438a-3363-21df-8ad004110d3f" executionId="1f0ff1b9-062e-4015-9f68-82377aff6809" testListId="8c84fa94-04c1-424b-9868-57a2d4851a1d" />
    <TestEntry testId="440b5a11-17a1-397f-b67e-52450677e0b6" executionId="429eab39-e4e6-49c2-b9a9-d1947c7853f7" testListId="8c84fa94-04c1-424b-9868-57a2d4851a1d" />
    <TestEntry testId="755a3aca-9464-b69d-84aa-9e9b26924bc5" executionId="03a11a1b-e3f5-48ea-b4ff-706862f06b06" testListId="8c84fa94-04c1-424b-9868-57a2d4851a1d" />
    <TestEntry testId="d69d75be-23dc-51a2-aace-f6a0d99436e2" executionId="f4700eab-8d9e-4ed1-8268-0b37eaa10910" testListId="8c84fa94-04c1-424b-9868-57a2d4851a1d" />
    <TestEntry testId="9be8f0cd-76ba-c2f3-ba06-ba3f265fee64" executionId="5de4bfd5-557b-4554-9596-2af2e80a1815" testListId="8c84fa94-04c1-424b-9868-57a2d4851a1d" />
    <TestEntry testId="83876439-ad90-8037-e0d3-a930c65432bb" executionId="c06fb498-93eb-4ff2-bb34-5b3d5ee86868" testListId="8c84fa94-04c1-424b-9868-57a2d4851a1d" />
    <TestEntry testId="9d9d58a9-ac98-11d1-8af8-7db956a7a259" executionId="9fa53c9f-31bc-41ee-95b7-b3bb5f776745" testListId="8c84fa94-04c1-424b-9868-57a2d4851a1d" />
    <TestEntry testId="68005d44-aa15-d131-fb99-22cdd74742a5" executionId="d9dd8fde-fc32-4cfa-8b48-0422fbd38101" testListId="8c84fa94-04c1-424b-9868-57a2d4851a1d" />
    <TestEntry testId="6f4b6be3-5bc5-43cb-66e9-d4700e7c6f70" executionId="a77de793-76a9-4789-a9d9-651f36478d21" testListId="8c84fa94-04c1-424b-9868-57a2d4851a1d" />
    <TestEntry testId="e53745d7-0a1c-5f76-dbdd-b19bd3e50ef1" executionId="5d9b2c71-6f14-4da6-bb9b-fb828f5c54bf" testListId="8c84fa94-04c1-424b-9868-57a2d4851a1d" />
    <TestEntry testId="c0dfc9ec-001d-b40c-5c56-4aca1a12f154" executionId="2ae5ffe0-be95-4b5d-b634-9afcb462a090" testListId="8c84fa94-04c1-424b-9868-57a2d4851a1d" />
    <TestEntry testId="b3136dca-c268-d2f2-1f77-d5ecbe0d2986" executionId="69a1d384-aa90-4d06-84d5-18967d1174f1" testListId="8c84fa94-04c1-424b-9868-57a2d4851a1d" />
    <TestEntry testId="6ad9e823-0d1d-1e11-cd1d-585e4ccbf82e" executionId="4a2458a9-b137-481d-83d0-c4fed353f502" testListId="8c84fa94-04c1-424b-9868-57a2d4851a1d" />
    <TestEntry testId="487e1219-bb5b-ddc0-04b9-e89dd4543fbd" executionId="2621ac68-ce40-46d9-8f68-ca9fe512b166" testListId="8c84fa94-04c1-424b-9868-57a2d4851a1d" />
    <TestEntry testId="8b21105c-f0c7-7c1a-2f08-410b6e07295c" executionId="5476aeb5-e1cd-4e8c-a3d3-71044ddd3d31" testListId="8c84fa94-04c1-424b-9868-57a2d4851a1d" />
    <TestEntry testId="c93ff4c8-c220-2b96-8956-bfef81aacd65" executionId="ab2bfd62-3298-48e4-a7da-9e6a430ee150" testListId="8c84fa94-04c1-424b-9868-57a2d4851a1d" />
    <TestEntry testId="499235e9-3104-c62d-792e-3937a922d02b" executionId="4904c2a9-6443-45e2-b302-ac9da1752452" testListId="8c84fa94-04c1-424b-9868-57a2d4851a1d" />
    <TestEntry testId="e7fccf2c-f89b-6dec-8819-33e1705294fd" executionId="ddd20a70-6668-4917-9a51-bafd5ae8ed1e" testListId="8c84fa94-04c1-424b-9868-57a2d4851a1d" />
    <TestEntry testId="fd7f2faf-3cdd-8c0e-8518-a0aa671f9ef0" executionId="bdff4330-0e30-4736-892f-f010dd225eeb" testListId="8c84fa94-04c1-424b-9868-57a2d4851a1d" />
    <TestEntry testId="fbba2da5-a5fb-2664-c0b7-6019e46441f6" executionId="ce5ba151-5602-43e3-844d-be65ae1f973c" testListId="8c84fa94-04c1-424b-9868-57a2d4851a1d" />
    <TestEntry testId="3717268a-c560-22c4-edde-534b6ab14f05" executionId="4e3cec78-e86c-46ba-9a09-3a22bcccf9c8" testListId="8c84fa94-04c1-424b-9868-57a2d4851a1d" />
    <TestEntry testId="d35ecc81-d2f7-4c08-3636-523f71c869af" executionId="d1f0cb43-2f09-40b0-ae9d-9b0fb429d699" testListId="8c84fa94-04c1-424b-9868-57a2d4851a1d" />
    <TestEntry testId="d76ddd16-3473-9619-06bf-9bf56264dcc0" executionId="64ac8473-2f67-4763-b34f-23c61dc4f16f" testListId="8c84fa94-04c1-424b-9868-57a2d4851a1d" />
    <TestEntry testId="5a32e34c-62e5-fbbc-e29e-bb9a0bafc6ac" executionId="9d44a900-8b50-4688-996c-1236226952a1" testListId="8c84fa94-04c1-424b-9868-57a2d4851a1d" />
    <TestEntry testId="7e8ae64d-7ffe-3027-07af-ef41b96dcbe9" executionId="d97d2db4-8d8c-42ac-95e0-016e4216ea38" testListId="8c84fa94-04c1-424b-9868-57a2d4851a1d" />
    <TestEntry testId="2ab63b07-ee0c-00a7-c361-ed8dbfdf6455" executionId="c950436f-b239-4e50-9848-bc07a5477580" testListId="8c84fa94-04c1-424b-9868-57a2d4851a1d" />
    <TestEntry testId="b5449bd2-7b04-b4ae-c29d-79953fa814e6" executionId="0afd91d4-a8d8-4905-8914-22e24bdadadb" testListId="8c84fa94-04c1-424b-9868-57a2d4851a1d" />
    <TestEntry testId="e2b3a9cf-81d3-0015-33f3-ea7e366e2d5a" executionId="e47c12e7-6918-47e3-ab74-3ae7702fd0a5" testListId="8c84fa94-04c1-424b-9868-57a2d4851a1d" />
    <TestEntry testId="646f8993-2d8a-3c17-c47c-ac641eeae61e" executionId="8c03e1f2-1aac-4329-850d-6dea70c93130" testListId="8c84fa94-04c1-424b-9868-57a2d4851a1d" />
    <TestEntry testId="f4b95f82-9e99-c66b-92db-e9afad8b5d35" executionId="2e5305b6-07fe-4fbf-8220-00130e92cd82" testListId="8c84fa94-04c1-424b-9868-57a2d4851a1d" />
    <TestEntry testId="bf20891c-b59d-0a98-0fd4-c3a74366f3f5" executionId="826da7ce-bedb-4d7a-bedd-be9bd05ef65c" testListId="8c84fa94-04c1-424b-9868-57a2d4851a1d" />
    <TestEntry testId="14f8e3b6-7edb-6073-d25a-393fb5423b53" executionId="a9d588c4-9c7a-4341-814b-0bb97bf63c09" testListId="8c84fa94-04c1-424b-9868-57a2d4851a1d" />
    <TestEntry testId="fdf2a2b3-ee68-46e0-ede2-9510a1b10062" executionId="6afad322-75be-4c47-b5b9-8380a8200027" testListId="8c84fa94-04c1-424b-9868-57a2d4851a1d" />
    <TestEntry testId="c20cf082-db9d-b649-1e96-c1510632898d" executionId="790231d9-64f1-4d3b-ab44-8d62a2184cb3" testListId="8c84fa94-04c1-424b-9868-57a2d4851a1d" />
    <TestEntry testId="91bc8f8b-1300-408f-2ec0-f2e8a148819a" executionId="cf5c0977-b156-43f3-b4bf-f080060bb1ad" testListId="8c84fa94-04c1-424b-9868-57a2d4851a1d" />
    <TestEntry testId="1fed4f26-f7f9-4599-7509-fdd286f2c86e" executionId="111e2e9c-64d0-4bf1-88f5-5dd70d4d8319" testListId="8c84fa94-04c1-424b-9868-57a2d4851a1d" />
    <TestEntry testId="1be6265a-5f50-81d1-613b-175fc7af1517" executionId="37558204-f5de-4d7d-a7d0-b51d8aa9cb27" testListId="8c84fa94-04c1-424b-9868-57a2d4851a1d" />
    <TestEntry testId="b48ac599-5ad3-dee9-4213-57f107f2b6d5" executionId="86540319-9db1-4160-9c34-014427485d52" testListId="8c84fa94-04c1-424b-9868-57a2d4851a1d" />
    <TestEntry testId="95b5ae24-43c2-a89e-bbe2-ff2a5510bf69" executionId="ce15129a-e982-436e-a926-adb00b1b9063" testListId="8c84fa94-04c1-424b-9868-57a2d4851a1d" />
    <TestEntry testId="d5d7ecf5-68e2-7dc1-9236-0f7f72543434" executionId="fb60c1b8-2594-439e-96e8-a6f5f0d0f9b4" testListId="8c84fa94-04c1-424b-9868-57a2d4851a1d" />
    <TestEntry testId="136f8554-c35a-6c81-e10b-7dcb30d692b5" executionId="ff7e39d6-125d-4272-8a7a-f34bcdccba4c" testListId="8c84fa94-04c1-424b-9868-57a2d4851a1d" />
    <TestEntry testId="0ce171b7-9e62-2944-8889-6d215f7ce3a6" executionId="61d987a2-c840-4ea7-a905-df11a5264178" testListId="8c84fa94-04c1-424b-9868-57a2d4851a1d" />
    <TestEntry testId="e5be26c6-2959-e11b-1359-7e7dd7f3e1b6" executionId="00852b98-a102-49f9-8dc4-1cfcef763fe9" testListId="8c84fa94-04c1-424b-9868-57a2d4851a1d" />
    <TestEntry testId="b9403fdd-a8b4-fc1b-1db4-c677b905ddaa" executionId="226b3701-552e-4408-b837-13f3866be200" testListId="8c84fa94-04c1-424b-9868-57a2d4851a1d" />
    <TestEntry testId="817645ca-e8ad-9fd8-d968-c66e9427a520" executionId="27acd1de-98f9-405d-a0a8-c2a61bf0268e" testListId="8c84fa94-04c1-424b-9868-57a2d4851a1d" />
    <TestEntry testId="005fbdd3-77df-cdc8-c92c-25c543b83ad3" executionId="039d0f1b-d7b1-4af5-819d-e7dca2004aac" testListId="8c84fa94-04c1-424b-9868-57a2d4851a1d" />
    <TestEntry testId="38a5f0fa-5671-0093-18c3-ccbade3c958d" executionId="ab56fbf0-d4df-411c-8956-47d30e902dee" testListId="8c84fa94-04c1-424b-9868-57a2d4851a1d" />
    <TestEntry testId="1f210368-9e48-2671-f01e-8e4afdf2e445" executionId="0f702bb9-675e-4b89-89d0-4f842d710430" testListId="8c84fa94-04c1-424b-9868-57a2d4851a1d" />
    <TestEntry testId="7fbb24a9-b374-8e54-56b0-4538e1b554ac" executionId="306f5a3d-c0fd-4544-a831-bc15e085ef9e" testListId="8c84fa94-04c1-424b-9868-57a2d4851a1d" />
    <TestEntry testId="8015525c-dda4-7f70-46b2-3b50df287476" executionId="e64638f5-6fbf-4d7a-90f3-f5224e840c66" testListId="8c84fa94-04c1-424b-9868-57a2d4851a1d" />
    <TestEntry testId="d58318d9-eae7-be51-b5da-4114628cef12" executionId="7630ea6c-62ef-4554-bef4-e2ec5e2de3ee" testListId="8c84fa94-04c1-424b-9868-57a2d4851a1d" />
    <TestEntry testId="481ae223-b570-1660-98ed-d1139f03230e" executionId="b616f07b-d7fb-4f42-b190-778835843f10" testListId="8c84fa94-04c1-424b-9868-57a2d4851a1d" />
    <TestEntry testId="0ac374dc-e6cf-d7fb-081c-8e3cb0627ab3" executionId="36285c92-c6b1-41be-aaac-783fa47d3271" testListId="8c84fa94-04c1-424b-9868-57a2d4851a1d" />
    <TestEntry testId="a4c5763e-4c67-66c6-1da2-c00aa7f5a7a2" executionId="978605d3-f4ee-49d4-8402-2301b9d68c30" testListId="8c84fa94-04c1-424b-9868-57a2d4851a1d" />
    <TestEntry testId="7fbe7fc9-2d62-06dd-68ef-3e98664491c2" executionId="4cab9a05-9672-417e-bf20-6afb2a7eb12a" testListId="8c84fa94-04c1-424b-9868-57a2d4851a1d" />
    <TestEntry testId="2cb102a7-fe93-0ab0-756c-c02ad963d50e" executionId="176e1c2f-def0-48bf-8a6a-5122c8c5d902" testListId="8c84fa94-04c1-424b-9868-57a2d4851a1d" />
    <TestEntry testId="5494c477-5975-ca82-5054-4d0a56a75fed" executionId="54378d65-4789-42ab-aa72-08baf1bb5807" testListId="8c84fa94-04c1-424b-9868-57a2d4851a1d" />
    <TestEntry testId="0c71a211-d5a3-0b15-c036-7151d41bd7ac" executionId="54ff5cae-6319-4a4c-a487-250415e8ca95" testListId="8c84fa94-04c1-424b-9868-57a2d4851a1d" />
    <TestEntry testId="9ee9cb7e-6a20-2fb2-767d-efc55e89459c" executionId="9c8c4093-bd7e-45a2-b9fd-0399a916fa2b" testListId="8c84fa94-04c1-424b-9868-57a2d4851a1d" />
    <TestEntry testId="56e8e122-bb6f-e36f-c0cc-19da84b5e1fc" executionId="fa0595c4-c6f0-49b1-be37-7d71ff5bea8b" testListId="8c84fa94-04c1-424b-9868-57a2d4851a1d" />
    <TestEntry testId="bb977460-8a29-83d5-7efb-f188eb76d990" executionId="48fbceae-94f9-41fd-8f40-cb3aae65bd48" testListId="8c84fa94-04c1-424b-9868-57a2d4851a1d" />
    <TestEntry testId="3a2ad9a7-67d2-d6bc-b459-316a6ffabcfa" executionId="7d129f34-3f51-44c4-9328-0a2ecd067724" testListId="8c84fa94-04c1-424b-9868-57a2d4851a1d" />
    <TestEntry testId="de69f077-7450-cbc6-a2e1-db51543578a9" executionId="94c8a193-4871-4436-916e-7483253716e8" testListId="8c84fa94-04c1-424b-9868-57a2d4851a1d" />
    <TestEntry testId="61a88dc9-9849-5c2f-2bae-af46d7f81aaa" executionId="3e2d780e-f8cf-4158-86d1-a291eaa51afd" testListId="8c84fa94-04c1-424b-9868-57a2d4851a1d" />
    <TestEntry testId="0ead4e6b-eca1-82ee-e8ac-c2ded8aeaa36" executionId="8a76c125-a647-459a-8ac0-8e8590c48906" testListId="8c84fa94-04c1-424b-9868-57a2d4851a1d" />
    <TestEntry testId="542db155-155e-3e91-6bb7-9e5bedf70815" executionId="c10e488a-e582-4eef-8af1-f444d2254735" testListId="8c84fa94-04c1-424b-9868-57a2d4851a1d" />
    <TestEntry testId="717652dc-73d0-43e1-7c09-5eb52ae4440a" executionId="e8d49e01-a6e6-49a2-9027-3f02a32d6077" testListId="8c84fa94-04c1-424b-9868-57a2d4851a1d" />
    <TestEntry testId="46a2cd76-e353-7772-6343-5eb9585d8fb6" executionId="477b799c-f225-49d3-97f2-316b421f3985" testListId="8c84fa94-04c1-424b-9868-57a2d4851a1d" />
    <TestEntry testId="d901e88e-3f4c-cf8c-82d2-c9780a9816e9" executionId="c8bde080-d15d-44fb-bc41-41c02fc18a20" testListId="8c84fa94-04c1-424b-9868-57a2d4851a1d" />
    <TestEntry testId="72aa1d61-ced2-64c3-a572-86db759d1189" executionId="503bcf45-90db-434c-963c-e4476def21ce" testListId="8c84fa94-04c1-424b-9868-57a2d4851a1d" />
    <TestEntry testId="b9fd3b22-8e1d-84f3-9620-6ffe8beed473" executionId="1c5fa3da-b7b2-419b-921a-9ee50fb618f4" testListId="8c84fa94-04c1-424b-9868-57a2d4851a1d" />
    <TestEntry testId="3985055f-b6e5-f6a4-e719-d8156ca471d2" executionId="7e21bba6-c9a8-48ea-ad19-4982de24fcfd" testListId="8c84fa94-04c1-424b-9868-57a2d4851a1d" />
    <TestEntry testId="7aa1187e-7035-e522-903a-3cf69868db45" executionId="2b833026-02a3-46cf-9282-bad4519711f5" testListId="8c84fa94-04c1-424b-9868-57a2d4851a1d" />
    <TestEntry testId="f76634b8-0cce-39eb-c1a5-b3232426b99c" executionId="ec46b830-6d32-4ba3-9134-c809812459b7" testListId="8c84fa94-04c1-424b-9868-57a2d4851a1d" />
    <TestEntry testId="ed81fa4c-0166-7717-3008-648f7efa36e2" executionId="8e71c147-4440-41b4-9a4e-a88a75f7ab2a" testListId="8c84fa94-04c1-424b-9868-57a2d4851a1d" />
    <TestEntry testId="a223b90c-117a-02d9-58ab-8aeb1d2f8304" executionId="761eca11-a6ce-4917-a49f-a9c9b6ac40ed" testListId="8c84fa94-04c1-424b-9868-57a2d4851a1d" />
    <TestEntry testId="6f767675-5bbf-ee4d-f9e5-fdfcf19b0330" executionId="22c2b718-39c6-4d10-beda-56d90ae3131c" testListId="8c84fa94-04c1-424b-9868-57a2d4851a1d" />
    <TestEntry testId="670bf80d-7bcf-980e-48cc-d94448b66abd" executionId="d23da66a-bfac-415b-81f8-0389e826a553" testListId="8c84fa94-04c1-424b-9868-57a2d4851a1d" />
    <TestEntry testId="e5ad469c-4a8a-b56c-b2d5-aac87749fd04" executionId="073d8f22-753d-4163-8cb1-9115df1e8ffb" testListId="8c84fa94-04c1-424b-9868-57a2d4851a1d" />
    <TestEntry testId="b34f83d4-8aa9-8fd9-da89-c8232aa199e6" executionId="9bb296c7-0c17-4354-9956-a1308f897198" testListId="8c84fa94-04c1-424b-9868-57a2d4851a1d" />
    <TestEntry testId="2013b66e-e3bf-6c1a-f840-c0e2ddcecef8" executionId="75fc8efb-4660-45b4-a931-1d5c91d6bcc7" testListId="8c84fa94-04c1-424b-9868-57a2d4851a1d" />
    <TestEntry testId="de99b3e8-ac06-d76a-84f7-d14809a74a84" executionId="45e2071b-b5cb-4483-914a-09f9d75eb07b" testListId="8c84fa94-04c1-424b-9868-57a2d4851a1d" />
    <TestEntry testId="7bc11ba3-abc8-8e71-6c0c-e22e8de07c46" executionId="d6da424e-e7d3-4100-b7ba-542b1addfe30" testListId="8c84fa94-04c1-424b-9868-57a2d4851a1d" />
    <TestEntry testId="c1267492-bcdc-62e1-2a16-f2a5fd59c4b1" executionId="8601b4a7-a178-424a-b1cc-4a2807c83890" testListId="8c84fa94-04c1-424b-9868-57a2d4851a1d" />
    <TestEntry testId="68f5230d-eff0-8211-35bc-057b02eb9c04" executionId="1d85d964-97a3-4665-a714-caaaa339f344" testListId="8c84fa94-04c1-424b-9868-57a2d4851a1d" />
    <TestEntry testId="374ad603-66b2-9240-a68d-f25b3f9a91ec" executionId="6e255310-033c-4def-ac8c-e5916c7e3db7" testListId="8c84fa94-04c1-424b-9868-57a2d4851a1d" />
    <TestEntry testId="84306ba9-f0b4-49cb-93d3-a26da2c7ec7e" executionId="80c7d010-73bb-47b5-b09a-42ed56abec51" testListId="8c84fa94-04c1-424b-9868-57a2d4851a1d" />
    <TestEntry testId="f581d501-f8c7-d361-7473-412c12c7adbf" executionId="53f04366-e20c-4858-a4f6-cea3e785097c" testListId="8c84fa94-04c1-424b-9868-57a2d4851a1d" />
    <TestEntry testId="1540e967-da31-7920-6c6c-0870a670538a" executionId="08e07d72-c232-428d-8a0f-fb172ccb6e7a" testListId="8c84fa94-04c1-424b-9868-57a2d4851a1d" />
    <TestEntry testId="5da3918e-cf33-9375-f0d2-2e6b749f1a72" executionId="648025a8-815c-4f33-b65d-71e964692698" testListId="8c84fa94-04c1-424b-9868-57a2d4851a1d" />
    <TestEntry testId="6540b0fd-c470-c2e4-8850-713d988db4f4" executionId="c071449e-fcba-422f-9461-ec14fa05059b" testListId="8c84fa94-04c1-424b-9868-57a2d4851a1d" />
    <TestEntry testId="f863c7e3-970b-911e-c684-8d8fdc9de941" executionId="e39c3362-1159-488e-bd36-47982bc4e34c" testListId="8c84fa94-04c1-424b-9868-57a2d4851a1d" />
    <TestEntry testId="2e6cc588-b51f-7672-8c78-bf4e87d477f0" executionId="ae7a65da-1ae8-4226-9918-3ea773648974" testListId="8c84fa94-04c1-424b-9868-57a2d4851a1d" />
    <TestEntry testId="d1bcd890-1c1b-65f6-9c29-d6647a06eab7" executionId="25c474a6-a312-40b9-b6ee-c676b29bc4c2" testListId="8c84fa94-04c1-424b-9868-57a2d4851a1d" />
    <TestEntry testId="e8982e88-44f4-0bc5-36e1-a53d0c104cf8" executionId="422292bb-ed73-46c8-b196-ebef61cc5e22" testListId="8c84fa94-04c1-424b-9868-57a2d4851a1d" />
    <TestEntry testId="5a5427c3-3254-0272-231e-5ebb629e79ba" executionId="48abbfe2-de16-47bc-af24-006167466ba4" testListId="8c84fa94-04c1-424b-9868-57a2d4851a1d" />
    <TestEntry testId="457eb3da-c7c3-0432-350a-2f6f8d4253e4" executionId="d9e863d1-52ca-4aa5-a0ee-aa60c47b119a" testListId="8c84fa94-04c1-424b-9868-57a2d4851a1d" />
    <TestEntry testId="0218c799-46db-9094-8f38-38e09b394a3d" executionId="70e07309-b753-4d34-bc91-80c681b08fae" testListId="8c84fa94-04c1-424b-9868-57a2d4851a1d" />
    <TestEntry testId="75078001-c7b5-0dda-9dba-a081ef1ebc2e" executionId="c81b0397-32b3-4c49-af6c-af86b99a19b3" testListId="8c84fa94-04c1-424b-9868-57a2d4851a1d" />
    <TestEntry testId="66864b3e-b56a-bc2a-9d2a-f8b741ffe8c9" executionId="cb53bf48-a05b-4b48-aaeb-8daef15fcc54" testListId="8c84fa94-04c1-424b-9868-57a2d4851a1d" />
    <TestEntry testId="38c7ebfe-e2e5-04b0-93fa-8c170162923a" executionId="d27f3b3d-52bb-4d17-a956-a29309f798a3" testListId="8c84fa94-04c1-424b-9868-57a2d4851a1d" />
    <TestEntry testId="375eda38-2526-6b2a-c8d3-0747f3ed99a5" executionId="b00c257e-e069-4d6b-8850-f1cabd26940b" testListId="8c84fa94-04c1-424b-9868-57a2d4851a1d" />
    <TestEntry testId="2f944005-c545-b4a7-c07b-90f398bed538" executionId="4db37aad-1930-4beb-867f-322d70f3973c" testListId="8c84fa94-04c1-424b-9868-57a2d4851a1d" />
    <TestEntry testId="914cbc0f-2f5d-785a-bd09-aadeb85cd72f" executionId="3da61c0e-688b-41b0-baa6-d7c9c6b70608" testListId="8c84fa94-04c1-424b-9868-57a2d4851a1d" />
    <TestEntry testId="93055f4c-dea1-a00f-8771-3a70836b9566" executionId="21565958-434b-4ec1-bfc9-a16be80b763c" testListId="8c84fa94-04c1-424b-9868-57a2d4851a1d" />
    <TestEntry testId="37b7b432-be9f-5b55-2b99-243f6fc22508" executionId="7029c88b-f5e1-447f-b9b1-a534fc66cbf5" testListId="8c84fa94-04c1-424b-9868-57a2d4851a1d" />
    <TestEntry testId="51bb3c04-6a13-b91f-b39a-2a13ff316eba" executionId="cfed80dd-cf54-44bd-b23f-674a6eaef08d" testListId="8c84fa94-04c1-424b-9868-57a2d4851a1d" />
    <TestEntry testId="fa70dd62-9138-2de1-ac93-98e3237abc0c" executionId="319794e6-579b-4ca3-982c-15f403e36407" testListId="8c84fa94-04c1-424b-9868-57a2d4851a1d" />
    <TestEntry testId="ea5f4e9a-b9de-d9e8-b93c-eac264856fed" executionId="b2278bd1-3815-4b42-a47c-7611e47ba4ac" testListId="8c84fa94-04c1-424b-9868-57a2d4851a1d" />
    <TestEntry testId="8772d947-fe84-92be-cd58-c4e59b758dca" executionId="58aedc6f-af54-4883-b98e-6f9e035e271b" testListId="8c84fa94-04c1-424b-9868-57a2d4851a1d" />
    <TestEntry testId="ac5b9677-328e-ef63-22bd-31dcb7019c07" executionId="bb6236e7-0ea4-4131-8cc3-e6d1f0cfeb2c" testListId="8c84fa94-04c1-424b-9868-57a2d4851a1d" />
    <TestEntry testId="fa22cbd8-202f-1732-4f90-c4166a054f3d" executionId="8ee55292-a628-4537-9dbf-9bb4c61d32ba" testListId="8c84fa94-04c1-424b-9868-57a2d4851a1d" />
    <TestEntry testId="d4c63037-dc9a-6f84-e445-db042e5b8c27" executionId="1691286f-fb86-4ced-8b58-1d016a7367c5" testListId="8c84fa94-04c1-424b-9868-57a2d4851a1d" />
    <TestEntry testId="c081d251-d091-a9e3-8c0a-22a1a16f4b5c" executionId="286cada5-c4d9-4f91-bd5e-d698f2e5b2c1" testListId="8c84fa94-04c1-424b-9868-57a2d4851a1d" />
    <TestEntry testId="f64346ba-200b-38c0-29a9-b66378a8610a" executionId="08448fcc-21e1-48a8-9741-16bc6116cc7b" testListId="8c84fa94-04c1-424b-9868-57a2d4851a1d" />
    <TestEntry testId="dab792f2-542b-ee4b-2973-85fc32ad4771" executionId="58120407-1494-4b86-ab6f-71718a9dea63" testListId="8c84fa94-04c1-424b-9868-57a2d4851a1d" />
    <TestEntry testId="841874ab-db4d-8460-23ab-80891dfadcba" executionId="7fbf93b7-a677-4cfa-8882-b8b623c5a096" testListId="8c84fa94-04c1-424b-9868-57a2d4851a1d" />
    <TestEntry testId="c03afb93-6bb9-ca41-ce84-d2be88b552e4" executionId="0bfb292c-30e1-4037-a596-f8165355279d" testListId="8c84fa94-04c1-424b-9868-57a2d4851a1d" />
    <TestEntry testId="af233fb4-cad9-a243-624c-2d3dbd4fe09e" executionId="b610f965-4845-4bb4-9f65-f9698088b2ef" testListId="8c84fa94-04c1-424b-9868-57a2d4851a1d" />
    <TestEntry testId="7197a51f-3590-9b1c-7c3d-edba40007a96" executionId="3d841643-51ca-49ed-b79b-77c77d64cc69" testListId="8c84fa94-04c1-424b-9868-57a2d4851a1d" />
    <TestEntry testId="24bde500-032d-adf9-c24d-260842e052c2" executionId="2fd558d4-2cc3-4472-b408-eb793a1b2cf0" testListId="8c84fa94-04c1-424b-9868-57a2d4851a1d" />
    <TestEntry testId="8db49f8f-d1b5-93ea-0bbc-ef1093c40c1a" executionId="0f7d3af5-808d-4127-b1c1-4d856dfd6a0e" testListId="8c84fa94-04c1-424b-9868-57a2d4851a1d" />
    <TestEntry testId="92e369a3-252a-9047-d352-90c4b4bd778f" executionId="86bc0751-346c-4b9c-b43e-e2eebbdb6a6c" testListId="8c84fa94-04c1-424b-9868-57a2d4851a1d" />
    <TestEntry testId="27bd5533-7c73-cb9b-0c2f-6c849cbe0686" executionId="c6cae90d-88b4-4eb4-826c-389605c058a3" testListId="8c84fa94-04c1-424b-9868-57a2d4851a1d" />
    <TestEntry testId="d6d610bd-3610-58ca-aa27-64d170854bc5" executionId="d9f87333-b6c3-4ae5-8670-a280ecd30d5c" testListId="8c84fa94-04c1-424b-9868-57a2d4851a1d" />
    <TestEntry testId="3df9db39-7fc7-15cb-3031-b108b32b3913" executionId="f856a306-7357-449a-896e-f3be5e0f9738" testListId="8c84fa94-04c1-424b-9868-57a2d4851a1d" />
    <TestEntry testId="fb2c61f3-8767-f7f6-3847-93126679f557" executionId="57023453-ad19-4151-b199-f8b2d5e55829" testListId="8c84fa94-04c1-424b-9868-57a2d4851a1d" />
    <TestEntry testId="043c4391-7773-667d-f102-1b7d95d921bc" executionId="b5d927ae-adad-4a7e-82ee-4b53be11182f" testListId="8c84fa94-04c1-424b-9868-57a2d4851a1d" />
    <TestEntry testId="7bf3405c-04a1-46c4-c648-e1877d21a384" executionId="a5d7db5b-15c1-44c0-aa19-287679c4fc9f" testListId="8c84fa94-04c1-424b-9868-57a2d4851a1d" />
    <TestEntry testId="e870ea52-2d30-66e0-0886-9ee6e76c855a" executionId="a024f2c6-71f0-4a4a-8b66-87179b6bb50c" testListId="8c84fa94-04c1-424b-9868-57a2d4851a1d" />
    <TestEntry testId="f4d1b78b-8bd5-1d4d-0934-aaffa0b5500e" executionId="6cf9973e-1854-44a6-9125-157a43077048" testListId="8c84fa94-04c1-424b-9868-57a2d4851a1d" />
    <TestEntry testId="e0d928ac-9dcc-c294-d6e4-2ba587b7a5e9" executionId="9361ad20-36ca-4608-8530-7bcf03750811" testListId="8c84fa94-04c1-424b-9868-57a2d4851a1d" />
    <TestEntry testId="cb33115a-36a3-058f-dcd1-790fe4000789" executionId="aabba5c6-6135-4d07-af31-4a1346c78d7b" testListId="8c84fa94-04c1-424b-9868-57a2d4851a1d" />
    <TestEntry testId="96ba2252-5ed5-98a0-b5c0-0b753b6dd055" executionId="31dd23ac-6553-4ff5-a07d-9fe560342db1" testListId="8c84fa94-04c1-424b-9868-57a2d4851a1d" />
    <TestEntry testId="7871f9a2-280e-d416-dcca-188c34620731" executionId="bcd3796f-fa90-4023-b803-a8efbeafca7c" testListId="8c84fa94-04c1-424b-9868-57a2d4851a1d" />
    <TestEntry testId="5e8e9609-df55-a538-abe6-cccc1ddc9ac5" executionId="6c71d11a-e748-4899-b83a-e310e1c49511" testListId="8c84fa94-04c1-424b-9868-57a2d4851a1d" />
    <TestEntry testId="de462d27-00da-e625-a112-91cc93aa4e1b" executionId="f70e6b37-8906-4a9c-9924-fc00a6e44117" testListId="8c84fa94-04c1-424b-9868-57a2d4851a1d" />
    <TestEntry testId="e7fd1d70-4c92-a197-ed79-3dd08b8ada77" executionId="45aafe29-bb7c-4ac2-9187-74393f0f8b72" testListId="8c84fa94-04c1-424b-9868-57a2d4851a1d" />
    <TestEntry testId="ec936661-7322-f5ad-1765-bff00d7dc2a9" executionId="29193177-ccf8-4a1a-a270-d7589027fb9a" testListId="8c84fa94-04c1-424b-9868-57a2d4851a1d" />
    <TestEntry testId="08b05dce-cb2c-8cee-b5a8-c93df8c759e5" executionId="1e34b52f-d2e1-495c-ae67-15d0e98f0ce0" testListId="8c84fa94-04c1-424b-9868-57a2d4851a1d" />
    <TestEntry testId="55b85cf1-df20-fab4-8d80-1c12e90433d7" executionId="a8f5dac4-c6eb-449e-8f58-311862e0f880" testListId="8c84fa94-04c1-424b-9868-57a2d4851a1d" />
    <TestEntry testId="17b7251f-b524-33c1-c962-54b88ff00ada" executionId="fd107409-e37c-4e1d-8387-dea9f6d92f57" testListId="8c84fa94-04c1-424b-9868-57a2d4851a1d" />
    <TestEntry testId="5b5f87c8-6f98-061d-863a-dad68b174cfb" executionId="53e9400f-df43-464e-868e-280b4dbbb424" testListId="8c84fa94-04c1-424b-9868-57a2d4851a1d" />
    <TestEntry testId="286e2e1d-bd8b-8bd0-2f7b-f25ce5ac8be3" executionId="8d7ce9b8-620d-4e34-933f-b53efc1df9c5" testListId="8c84fa94-04c1-424b-9868-57a2d4851a1d" />
    <TestEntry testId="6e1441af-80b9-c824-95ca-9770baf2b0da" executionId="5867b341-34f4-453f-add5-7d07456ca78b" testListId="8c84fa94-04c1-424b-9868-57a2d4851a1d" />
    <TestEntry testId="2695bacc-289b-25ff-9de4-a4d95c9dafc1" executionId="e8c85534-9494-4206-afbf-ff84f095cf64" testListId="8c84fa94-04c1-424b-9868-57a2d4851a1d" />
    <TestEntry testId="140cb191-b763-33fb-d89f-8b702fa5cc3a" executionId="9ea15504-d17e-4cdf-b3b7-fac6654b4f97" testListId="8c84fa94-04c1-424b-9868-57a2d4851a1d" />
    <TestEntry testId="5f47b793-9236-e9c6-be33-02672f1c9313" executionId="2196eafd-0e68-4277-b1d3-0e4986ab203f" testListId="8c84fa94-04c1-424b-9868-57a2d4851a1d" />
    <TestEntry testId="97292111-06fc-9faa-7926-9b105058860c" executionId="537e2e24-e2ef-4021-91c0-8856ec1f6a23" testListId="8c84fa94-04c1-424b-9868-57a2d4851a1d" />
  </TestEntries>
  <TestLists>
    <TestList name="Results Not in a List" id="8c84fa94-04c1-424b-9868-57a2d4851a1d" />
    <TestList name="All Loaded Results" id="19431567-8539-422a-85d7-44ee4e166bda" />
  </TestLists>
  <ResultSummary outcome="Failed">
    <Counters total="943" executed="943" passed="940" failed="3" error="0" timeout="0" aborted="0" inconclusive="0" passedButRunAborted="0" notRunnable="0" notExecuted="0" disconnected="0" warning="0" completed="0" inProgress="0" pending="0" />
    <Output>
      <StdOut>[xUnit.net 00:00:01.9532622]   Discovering: Test&#xD;
[xUnit.net 00:00:02.3824288]   Discovered:  Test&#xD;
[xUnit.net 00:00:02.5071393]   Starting:    Test&#xD;
[xUnit.net 00:00:09.1948232]       System.IO.IOException : The handle is invalid.&#xD;
[xUnit.net 00:00:09.1957017]       Stack Trace:&#xD;
[xUnit.net 00:00:09.1964731]            at System.ConsolePal.SetConsoleOutputEncoding(Encoding enc)&#xD;
[xUnit.net 00:00:09.1966375]            at System.Console.set_OutputEncoding(Encoding value)&#xD;
[xUnit.net 00:00:09.1967806]         C:\Users\ComputerName\src\Microsoft.VisualStudio.Services.Agent\Terminal.cs(59,0): at Microsoft.VisualStudio.Services.Agent.Terminal.Initialize(IHostContext hostContext)&#xD;
[xUnit.net 00:00:09.1970216]         C:\Users\ComputerName\src\Test\L0\TestHostContext.cs(149,0): at Microsoft.VisualStudio.Services.Agent.Tests.TestHostContext.GetService[T]()&#xD;
[xUnit.net 00:00:09.1971034]         C:\Users\ComputerName\src\Agent.Listener\Agent.cs(41,0): at Microsoft.VisualStudio.Services.Agent.Listener.Agent.Initialize(IHostContext hostContext)&#xD;
[xUnit.net 00:00:09.1972040]         C:\Users\ComputerName\src\Test\L0\Listener\AgentL0.cs(737,0): at Microsoft.VisualStudio.Services.Agent.Tests.Listener.AgentL0.TestMetadataUpdate()&#xD;
[xUnit.net 00:00:09.1972952]            at System.Threading.Tasks.Task.&lt;&gt;c.&lt;ThrowAsync&gt;b__128_0(Object state)&#xD;
[xUnit.net 00:00:09.2041841]       System.IO.IOException : The handle is invalid.&#xD;
[xUnit.net 00:00:09.2042939]       Stack Trace:&#xD;
[xUnit.net 00:00:09.2043716]            at System.ConsolePal.SetConsoleOutputEncoding(Encoding enc)&#xD;
[xUnit.net 00:00:09.2044353]            at System.Console.set_OutputEncoding(Encoding value)&#xD;
[xUnit.net 00:00:09.2045102]         C:\Users\ComputerName\src\Microsoft.VisualStudio.Services.Agent\Terminal.cs(59,0): at Microsoft.VisualStudio.Services.Agent.Terminal.Initialize(IHostContext hostContext)&#xD;
[xUnit.net 00:00:09.2046005]         C:\Users\ComputerName\src\Test\L0\TestHostContext.cs(149,0): at Microsoft.VisualStudio.Services.Agent.Tests.TestHostContext.GetService[T]()&#xD;
[xUnit.net 00:00:09.2046744]         C:\Users\ComputerName\src\Agent.Listener\Agent.cs(41,0): at Microsoft.VisualStudio.Services.Agent.Listener.Agent.Initialize(IHostContext hostContext)&#xD;
[xUnit.net 00:00:09.2047438]         C:\Users\ComputerName\src\Test\L0\Listener\AgentL0.cs(517,0): at Microsoft.VisualStudio.Services.Agent.Tests.Listener.AgentL0.TestRunOnceHandleUpdateMessage()&#xD;
[xUnit.net 00:00:09.2048126]            at System.Threading.Tasks.Task.&lt;&gt;c.&lt;ThrowAsync&gt;b__128_0(Object state)&#xD;
[xUnit.net 00:00:09.2138999]       System.IO.IOException : The handle is invalid.&#xD;
[xUnit.net 00:00:09.2139993]       Stack Trace:&#xD;
[xUnit.net 00:00:09.2140630]            at System.ConsolePal.SetConsoleOutputEncoding(Encoding enc)&#xD;
[xUnit.net 00:00:09.2141260]            at System.Console.set_OutputEncoding(Encoding value)&#xD;
[xUnit.net 00:00:09.2142058]         C:\Users\ComputerName\src\Microsoft.VisualStudio.Services.Agent\Terminal.cs(59,0): at Microsoft.VisualStudio.Services.Agent.Terminal.Initialize(IHostContext hostContext)&#xD;
[xUnit.net 00:00:09.2142850]         C:\Users\ComputerName\src\Test\L0\TestHostContext.cs(149,0): at Microsoft.VisualStudio.Services.Agent.Tests.TestHostContext.GetService[T]()&#xD;
[xUnit.net 00:00:09.2143608]         C:\Users\ComputerName\src\Agent.Listener\Agent.cs(41,0): at Microsoft.VisualStudio.Services.Agent.Listener.Agent.Initialize(IHostContext hostContext)&#xD;
[xUnit.net 00:00:09.2144329]         C:\Users\ComputerName\src\Test\L0\Listener\AgentL0.cs(250,0): at Microsoft.VisualStudio.Services.Agent.Tests.Listener.AgentL0.TestMachineProvisionerCLI()&#xD;
[xUnit.net 00:00:09.2144994]            at System.Threading.Tasks.Task.&lt;&gt;c.&lt;ThrowAsync&gt;b__128_0(Object state)&#xD;
[xUnit.net 00:00:18.6114749]   Finished:    Test&#xD;
</StdOut>
    </Output>
    <RunInfos>
      <RunInfo computerName="ComputerName" outcome="Error" timestamp="2024-05-08T09:40:57.5573788+02:00">
        <Text>[xUnit.net 00:00:09.1936109]     Microsoft.VisualStudio.Services.Agent.Tests.Listener.AgentL0.TestMetadataUpdate [FAIL]</Text>
      </RunInfo>
      <RunInfo computerName="ComputerName" outcome="Error" timestamp="2024-05-08T09:40:57.5675409+02:00">
        <Text>[xUnit.net 00:00:09.2037570]     Microsoft.VisualStudio.Services.Agent.Tests.Listener.AgentL0.TestRunOnceHandleUpdateMessage [FAIL]</Text>
      </RunInfo>
      <RunInfo computerName="ComputerName" outcome="Error" timestamp="2024-05-08T09:40:57.5772356+02:00">
        <Text>[xUnit.net 00:00:09.2135988]     Microsoft.VisualStudio.Services.Agent.Tests.Listener.AgentL0.TestMachineProvisionerCLI [FAIL]</Text>
      </RunInfo>
    </RunInfos>
  </ResultSummary>
</TestRun>